
===========================================================================
report_checks -unconstrained
============================================================================
Startpoint: b[0] (input port clocked by clk)
Endpoint: cout (output port clocked by clk)
Path Group: clk
Path Type: max

Fanout     Cap    Slew   Delay    Time   Description
-----------------------------------------------------------------------------
                  0.00    0.00    0.00   clock clk (rise edge)
                          0.00    0.00   clock network delay (ideal)
                          0.00    0.00 v input external delay
                  0.02    0.01    0.01 v b[0] (in)
     1    0.01                           b[0] (net)
                  0.02    0.00    0.01 v input5/A (sky130_fd_sc_hd__clkbuf_1)
                  0.05    0.10    0.11 v input5/X (sky130_fd_sc_hd__clkbuf_1)
     2    0.01                           net5 (net)
                  0.05    0.00    0.12 v _17_/A (sky130_fd_sc_hd__or2_1)
                  0.07    0.26    0.38 v _17_/X (sky130_fd_sc_hd__or2_1)
     2    0.01                           _00_ (net)
                  0.07    0.00    0.38 v _21_/A2 (sky130_fd_sc_hd__a21bo_1)
                  0.08    0.25    0.63 v _21_/X (sky130_fd_sc_hd__a21bo_1)
     3    0.01                           _03_ (net)
                  0.08    0.00    0.64 v _36_/A1 (sky130_fd_sc_hd__a311o_1)
                  0.09    0.33    0.97 v _36_/X (sky130_fd_sc_hd__a311o_1)
     2    0.01                           _16_ (net)
                  0.09    0.00    0.98 v _38_/A2 (sky130_fd_sc_hd__a21bo_1)
                  0.05    0.23    1.20 v _38_/X (sky130_fd_sc_hd__a21bo_1)
     1    0.01                           net10 (net)
                  0.05    0.00    1.21 v output10/A (sky130_fd_sc_hd__buf_2)
                  0.10    0.19    1.40 v output10/X (sky130_fd_sc_hd__buf_2)
     1    0.03                           cout (net)
                  0.10    0.01    1.41 v cout (out)
                                  1.41   data arrival time

                  0.00    2.50    2.50   clock clk (rise edge)
                          0.00    2.50   clock network delay (ideal)
                         -0.25    2.25   clock uncertainty
                          0.00    2.25   clock reconvergence pessimism
                          0.00    2.25   output external delay
                                  2.25   data required time
-----------------------------------------------------------------------------
                                  2.25   data required time
                                 -1.41   data arrival time
-----------------------------------------------------------------------------
                                  0.84   slack (MET)



===========================================================================
report_checks --slack_max -0.01
============================================================================
No paths found.
