
===========================================================================
report_checks -path_delay max (Setup)
============================================================================
Startpoint: b[0] (input port clocked by clk)
Endpoint: sum[3] (output port clocked by clk)
Path Group: clk
Path Type: max

Fanout     Cap    Slew   Delay    Time   Description
-----------------------------------------------------------------------------
                  0.00    0.00    0.00   clock clk (rise edge)
                          0.00    0.00   clock network delay (ideal)
                          0.00    0.00 v input external delay
                  0.02    0.01    0.01 v b[0] (in)
     1    0.01                           b[0] (net)
                  0.02    0.00    0.01 v input5/A (sky130_fd_sc_hd__clkbuf_1)
                  0.05    0.10    0.12 v input5/X (sky130_fd_sc_hd__clkbuf_1)
     2    0.01                           net5 (net)
                  0.05    0.00    0.12 v _15_/A (sky130_fd_sc_hd__or2_1)
                  0.08    0.27    0.39 v _15_/X (sky130_fd_sc_hd__or2_1)
     2    0.01                           _00_ (net)
                  0.08    0.00    0.39 v _19_/A2 (sky130_fd_sc_hd__a21bo_1)
                  0.06    0.24    0.63 v _19_/X (sky130_fd_sc_hd__a21bo_1)
     2    0.01                           _03_ (net)
                  0.06    0.00    0.63 v _24_/A1 (sky130_fd_sc_hd__a21bo_1)
                  0.06    0.21    0.84 v _24_/X (sky130_fd_sc_hd__a21bo_1)
     2    0.01                           _07_ (net)
                  0.06    0.00    0.84 v _32_/A1 (sky130_fd_sc_hd__a21boi_1)
                  0.26    0.25    1.10 ^ _32_/Y (sky130_fd_sc_hd__a21boi_1)
     2    0.01                           _14_ (net)
                  0.26    0.00    1.10 ^ _33_/B (sky130_fd_sc_hd__xnor2_1)
                  0.13    0.17    1.27 ^ _33_/Y (sky130_fd_sc_hd__xnor2_1)
     1    0.00                           net14 (net)
                  0.13    0.00    1.27 ^ output14/A (sky130_fd_sc_hd__buf_2)
                  0.20    0.25    1.52 ^ output14/X (sky130_fd_sc_hd__buf_2)
     1    0.03                           sum[3] (net)
                  0.20    0.01    1.53 ^ sum[3] (out)
                                  1.53   data arrival time

                  0.00    2.50    2.50   clock clk (rise edge)
                          0.00    2.50   clock network delay (ideal)
                         -0.25    2.25   clock uncertainty
                          0.00    2.25   clock reconvergence pessimism
                          0.00    2.25   output external delay
                                  2.25   data required time
-----------------------------------------------------------------------------
                                  2.25   data required time
                                 -1.53   data arrival time
-----------------------------------------------------------------------------
                                  0.72   slack (MET)


Startpoint: b[0] (input port clocked by clk)
Endpoint: cout (output port clocked by clk)
Path Group: clk
Path Type: max

Fanout     Cap    Slew   Delay    Time   Description
-----------------------------------------------------------------------------
                  0.00    0.00    0.00   clock clk (rise edge)
                          0.00    0.00   clock network delay (ideal)
                          0.00    0.00 v input external delay
                  0.02    0.01    0.01 v b[0] (in)
     1    0.01                           b[0] (net)
                  0.02    0.00    0.01 v input5/A (sky130_fd_sc_hd__clkbuf_1)
                  0.05    0.10    0.12 v input5/X (sky130_fd_sc_hd__clkbuf_1)
     2    0.01                           net5 (net)
                  0.05    0.00    0.12 v _15_/A (sky130_fd_sc_hd__or2_1)
                  0.08    0.27    0.39 v _15_/X (sky130_fd_sc_hd__or2_1)
     2    0.01                           _00_ (net)
                  0.08    0.00    0.39 v _19_/A2 (sky130_fd_sc_hd__a21bo_1)
                  0.06    0.24    0.63 v _19_/X (sky130_fd_sc_hd__a21bo_1)
     2    0.01                           _03_ (net)
                  0.06    0.00    0.63 v _24_/A1 (sky130_fd_sc_hd__a21bo_1)
                  0.06    0.21    0.84 v _24_/X (sky130_fd_sc_hd__a21bo_1)
     2    0.01                           _07_ (net)
                  0.06    0.00    0.84 v _32_/A1 (sky130_fd_sc_hd__a21boi_1)
                  0.26    0.25    1.10 ^ _32_/Y (sky130_fd_sc_hd__a21boi_1)
     2    0.01                           _14_ (net)
                  0.26    0.00    1.10 ^ _34_/A2 (sky130_fd_sc_hd__o21bai_1)
                  0.08    0.13    1.23 v _34_/Y (sky130_fd_sc_hd__o21bai_1)
     1    0.01                           net10 (net)
                  0.08    0.00    1.23 v output10/A (sky130_fd_sc_hd__buf_2)
                  0.10    0.21    1.43 v output10/X (sky130_fd_sc_hd__buf_2)
     1    0.03                           cout (net)
                  0.10    0.01    1.44 v cout (out)
                                  1.44   data arrival time

                  0.00    2.50    2.50   clock clk (rise edge)
                          0.00    2.50   clock network delay (ideal)
                         -0.25    2.25   clock uncertainty
                          0.00    2.25   clock reconvergence pessimism
                          0.00    2.25   output external delay
                                  2.25   data required time
-----------------------------------------------------------------------------
                                  2.25   data required time
                                 -1.44   data arrival time
-----------------------------------------------------------------------------
                                  0.81   slack (MET)


Startpoint: b[0] (input port clocked by clk)
Endpoint: sum[2] (output port clocked by clk)
Path Group: clk
Path Type: max

Fanout     Cap    Slew   Delay    Time   Description
-----------------------------------------------------------------------------
                  0.00    0.00    0.00   clock clk (rise edge)
                          0.00    0.00   clock network delay (ideal)
                          0.00    0.00 v input external delay
                  0.02    0.01    0.01 v b[0] (in)
     1    0.01                           b[0] (net)
                  0.02    0.00    0.01 v input5/A (sky130_fd_sc_hd__clkbuf_1)
                  0.05    0.10    0.12 v input5/X (sky130_fd_sc_hd__clkbuf_1)
     2    0.01                           net5 (net)
                  0.05    0.00    0.12 v _15_/A (sky130_fd_sc_hd__or2_1)
                  0.08    0.27    0.39 v _15_/X (sky130_fd_sc_hd__or2_1)
     2    0.01                           _00_ (net)
                  0.08    0.00    0.39 v _19_/A2 (sky130_fd_sc_hd__a21bo_1)
                  0.06    0.24    0.63 v _19_/X (sky130_fd_sc_hd__a21bo_1)
     2    0.01                           _03_ (net)
                  0.06    0.00    0.63 v _24_/A1 (sky130_fd_sc_hd__a21bo_1)
                  0.06    0.21    0.84 v _24_/X (sky130_fd_sc_hd__a21bo_1)
     2    0.01                           _07_ (net)
                  0.06    0.01    0.85 v _28_/A (sky130_fd_sc_hd__xnor2_1)
                  0.15    0.19    1.03 ^ _28_/Y (sky130_fd_sc_hd__xnor2_1)
     1    0.00                           net13 (net)
                  0.15    0.00    1.04 ^ output13/A (sky130_fd_sc_hd__buf_2)
                  0.19    0.25    1.29 ^ output13/X (sky130_fd_sc_hd__buf_2)
     1    0.03                           sum[2] (net)
                  0.19    0.01    1.30 ^ sum[2] (out)
                                  1.30   data arrival time

                  0.00    2.50    2.50   clock clk (rise edge)
                          0.00    2.50   clock network delay (ideal)
                         -0.25    2.25   clock uncertainty
                          0.00    2.25   clock reconvergence pessimism
                          0.00    2.25   output external delay
                                  2.25   data required time
-----------------------------------------------------------------------------
                                  2.25   data required time
                                 -1.30   data arrival time
-----------------------------------------------------------------------------
                                  0.95   slack (MET)


Startpoint: b[0] (input port clocked by clk)
Endpoint: sum[1] (output port clocked by clk)
Path Group: clk
Path Type: max

Fanout     Cap    Slew   Delay    Time   Description
-----------------------------------------------------------------------------
                  0.00    0.00    0.00   clock clk (rise edge)
                          0.00    0.00   clock network delay (ideal)
                          0.00    0.00 v input external delay
                  0.02    0.01    0.01 v b[0] (in)
     1    0.01                           b[0] (net)
                  0.02    0.00    0.01 v input5/A (sky130_fd_sc_hd__clkbuf_1)
                  0.05    0.10    0.12 v input5/X (sky130_fd_sc_hd__clkbuf_1)
     2    0.01                           net5 (net)
                  0.05    0.00    0.12 v _15_/A (sky130_fd_sc_hd__or2_1)
                  0.08    0.27    0.39 v _15_/X (sky130_fd_sc_hd__or2_1)
     2    0.01                           _00_ (net)
                  0.08    0.00    0.39 v _19_/A2 (sky130_fd_sc_hd__a21bo_1)
                  0.06    0.24    0.63 v _19_/X (sky130_fd_sc_hd__a21bo_1)
     2    0.01                           _03_ (net)
                  0.06    0.00    0.63 v _23_/A (sky130_fd_sc_hd__xnor2_1)
                  0.13    0.17    0.81 ^ _23_/Y (sky130_fd_sc_hd__xnor2_1)
     1    0.00                           net12 (net)
                  0.13    0.00    0.81 ^ output12/A (sky130_fd_sc_hd__buf_2)
                  0.19    0.25    1.06 ^ output12/X (sky130_fd_sc_hd__buf_2)
     1    0.03                           sum[1] (net)
                  0.19    0.01    1.07 ^ sum[1] (out)
                                  1.07   data arrival time

                  0.00    2.50    2.50   clock clk (rise edge)
                          0.00    2.50   clock network delay (ideal)
                         -0.25    2.25   clock uncertainty
                          0.00    2.25   clock reconvergence pessimism
                          0.00    2.25   output external delay
                                  2.25   data required time
-----------------------------------------------------------------------------
                                  2.25   data required time
                                 -1.07   data arrival time
-----------------------------------------------------------------------------
                                  1.18   slack (MET)


Startpoint: b[0] (input port clocked by clk)
Endpoint: sum[0] (output port clocked by clk)
Path Group: clk
Path Type: max

Fanout     Cap    Slew   Delay    Time   Description
-----------------------------------------------------------------------------
                  0.00    0.00    0.00   clock clk (rise edge)
                          0.00    0.00   clock network delay (ideal)
                          0.00    0.00 v input external delay
                  0.02    0.01    0.01 v b[0] (in)
     1    0.01                           b[0] (net)
                  0.02    0.00    0.01 v input5/A (sky130_fd_sc_hd__clkbuf_1)
                  0.05    0.10    0.12 v input5/X (sky130_fd_sc_hd__clkbuf_1)
     2    0.01                           net5 (net)
                  0.05    0.00    0.12 v _15_/A (sky130_fd_sc_hd__or2_1)
                  0.08    0.27    0.39 v _15_/X (sky130_fd_sc_hd__or2_1)
     2    0.01                           _00_ (net)
                  0.08    0.00    0.39 v _17_/A (sky130_fd_sc_hd__nand2_1)
                  0.07    0.09    0.48 ^ _17_/Y (sky130_fd_sc_hd__nand2_1)
     1    0.01                           _02_ (net)
                  0.07    0.00    0.48 ^ _18_/B (sky130_fd_sc_hd__xnor2_1)
                  0.15    0.13    0.61 ^ _18_/Y (sky130_fd_sc_hd__xnor2_1)
     1    0.00                           net11 (net)
                  0.15    0.00    0.61 ^ output11/A (sky130_fd_sc_hd__buf_2)
                  0.19    0.25    0.86 ^ output11/X (sky130_fd_sc_hd__buf_2)
     1    0.03                           sum[0] (net)
                  0.19    0.01    0.87 ^ sum[0] (out)
                                  0.87   data arrival time

                  0.00    2.50    2.50   clock clk (rise edge)
                          0.00    2.50   clock network delay (ideal)
                         -0.25    2.25   clock uncertainty
                          0.00    2.25   clock reconvergence pessimism
                          0.00    2.25   output external delay
                                  2.25   data required time
-----------------------------------------------------------------------------
                                  2.25   data required time
                                 -0.87   data arrival time
-----------------------------------------------------------------------------
                                  1.38   slack (MET)


