
===========================================================================
report_checks -path_delay max (Setup)
============================================================================

======================= Slowest Corner ===================================

Startpoint: a[0] (input port clocked by clk)
Endpoint: sum[1] (output port clocked by clk)
Path Group: clk
Path Type: max
Corner: ss

Fanout     Cap    Slew   Delay    Time   Description
-----------------------------------------------------------------------------
                  0.00    0.00    0.00   clock clk (rise edge)
                          0.00    0.00   clock network delay (ideal)
                          0.00    0.00 v input external delay
                  0.03    0.02    0.02 v a[0] (in)
     1    0.01                           a[0] (net)
                  0.03    0.00    0.02 v input1/A (sky130_fd_sc_hd__buf_6)
                  0.04    0.20    0.21 v input1/X (sky130_fd_sc_hd__buf_6)
     2    0.01                           net1 (net)
                  0.04    0.00    0.21 v ppa_pre_1_0.U1.xor2/A (sky130_fd_sc_hd__xor2_1)
                  0.13    0.32    0.53 v ppa_pre_1_0.U1.xor2/X (sky130_fd_sc_hd__xor2_1)
     2    0.01                           ppa_grey_1_1.U1.A1 (net)
                  0.13    0.00    0.53 v ppa_grey_1_1.U1.ao21/A2 (sky130_fd_sc_hd__a21o_1)
                  0.13    0.43    0.96 v ppa_grey_1_1.U1.ao21/X (sky130_fd_sc_hd__a21o_1)
     3    0.01                           ppa_grey_1_1.U1.Y (net)
                  0.13    0.00    0.96 v rebuffer1/A (sky130_fd_sc_hd__dlymetal6s2s_1)
                  0.09    0.34    1.30 v rebuffer1/X (sky130_fd_sc_hd__dlymetal6s2s_1)
     1    0.01                           net15 (net)
                  0.09    0.00    1.30 v ppa_post_1_3.U1.xor2/B (sky130_fd_sc_hd__xor2_1)
                  0.09    0.28    1.58 v ppa_post_1_3.U1.xor2/X (sky130_fd_sc_hd__xor2_1)
     1    0.00                           ppa_post_1_3.U1.Y (net)
                  0.09    0.00    1.58 v _1_/A (sky130_fd_sc_hd__clkbuf_1)
                  0.06    0.19    1.77 v _1_/X (sky130_fd_sc_hd__clkbuf_1)
     1    0.00                           net12 (net)
                  0.06    0.00    1.77 v output12/A (sky130_fd_sc_hd__buf_4)
                  0.10    0.31    2.08 v output12/X (sky130_fd_sc_hd__buf_4)
     1    0.03                           sum[1] (net)
                  0.10    0.00    2.08 v sum[1] (out)
                                  2.08   data arrival time

                  0.00    1.00    1.00   clock clk (rise edge)
                          0.00    1.00   clock network delay (ideal)
                         -0.25    0.75   clock uncertainty
                          0.00    0.75   clock reconvergence pessimism
                          0.00    0.75   output external delay
                                  0.75   data required time
-----------------------------------------------------------------------------
                                  0.75   data required time
                                 -2.08   data arrival time
-----------------------------------------------------------------------------
                                 -1.33   slack (VIOLATED)


Startpoint: a[0] (input port clocked by clk)
Endpoint: sum[3] (output port clocked by clk)
Path Group: clk
Path Type: max
Corner: ss

Fanout     Cap    Slew   Delay    Time   Description
-----------------------------------------------------------------------------
                  0.00    0.00    0.00   clock clk (rise edge)
                          0.00    0.00   clock network delay (ideal)
                          0.00    0.00 v input external delay
                  0.03    0.02    0.02 v a[0] (in)
     1    0.01                           a[0] (net)
                  0.03    0.00    0.02 v input1/A (sky130_fd_sc_hd__buf_6)
                  0.04    0.20    0.21 v input1/X (sky130_fd_sc_hd__buf_6)
     2    0.01                           net1 (net)
                  0.04    0.00    0.21 v ppa_pre_1_0.U1.xor2/A (sky130_fd_sc_hd__xor2_1)
                  0.13    0.32    0.53 v ppa_pre_1_0.U1.xor2/X (sky130_fd_sc_hd__xor2_1)
     2    0.01                           ppa_grey_1_1.U1.A1 (net)
                  0.13    0.00    0.53 v ppa_grey_1_1.U1.ao21/A2 (sky130_fd_sc_hd__a21o_1)
                  0.13    0.43    0.96 v ppa_grey_1_1.U1.ao21/X (sky130_fd_sc_hd__a21o_1)
     3    0.01                           ppa_grey_1_1.U1.Y (net)
                  0.13    0.00    0.96 v ppa_grey_3_2.U1.ao21/A1 (sky130_fd_sc_hd__a21o_1)
                  0.09    0.36    1.32 v ppa_grey_3_2.U1.ao21/X (sky130_fd_sc_hd__a21o_1)
     2    0.01                           ppa_grey_3_2.U1.Y (net)
                  0.09    0.00    1.32 v ppa_post_3_3.U1.xor2/B (sky130_fd_sc_hd__xor2_1)
                  0.10    0.28    1.60 v ppa_post_3_3.U1.xor2/X (sky130_fd_sc_hd__xor2_1)
     1    0.00                           ppa_post_3_3.U1.Y (net)
                  0.10    0.00    1.60 v _3_/A (sky130_fd_sc_hd__clkbuf_1)
                  0.08    0.21    1.81 v _3_/X (sky130_fd_sc_hd__clkbuf_1)
     1    0.01                           net14 (net)
                  0.08    0.00    1.81 v output14/A (sky130_fd_sc_hd__buf_6)
                  0.08    0.26    2.07 v output14/X (sky130_fd_sc_hd__buf_6)
     1    0.03                           sum[3] (net)
                  0.08    0.00    2.07 v sum[3] (out)
                                  2.07   data arrival time

                  0.00    1.00    1.00   clock clk (rise edge)
                          0.00    1.00   clock network delay (ideal)
                         -0.25    0.75   clock uncertainty
                          0.00    0.75   clock reconvergence pessimism
                          0.00    0.75   output external delay
                                  0.75   data required time
-----------------------------------------------------------------------------
                                  0.75   data required time
                                 -2.07   data arrival time
-----------------------------------------------------------------------------
                                 -1.32   slack (VIOLATED)


Startpoint: a[0] (input port clocked by clk)
Endpoint: sum[2] (output port clocked by clk)
Path Group: clk
Path Type: max
Corner: ss

Fanout     Cap    Slew   Delay    Time   Description
-----------------------------------------------------------------------------
                  0.00    0.00    0.00   clock clk (rise edge)
                          0.00    0.00   clock network delay (ideal)
                          0.00    0.00 v input external delay
                  0.03    0.02    0.02 v a[0] (in)
     1    0.01                           a[0] (net)
                  0.03    0.00    0.02 v input1/A (sky130_fd_sc_hd__buf_6)
                  0.04    0.20    0.21 v input1/X (sky130_fd_sc_hd__buf_6)
     2    0.01                           net1 (net)
                  0.04    0.00    0.21 v ppa_pre_1_0.U1.xor2/A (sky130_fd_sc_hd__xor2_1)
                  0.13    0.32    0.53 v ppa_pre_1_0.U1.xor2/X (sky130_fd_sc_hd__xor2_1)
     2    0.01                           ppa_grey_1_1.U1.A1 (net)
                  0.13    0.00    0.53 v ppa_grey_1_1.U1.ao21/A2 (sky130_fd_sc_hd__a21o_1)
                  0.13    0.43    0.96 v ppa_grey_1_1.U1.ao21/X (sky130_fd_sc_hd__a21o_1)
     3    0.01                           ppa_grey_1_1.U1.Y (net)
                  0.13    0.00    0.96 v ppa_grey_2_2.U1.ao21/A1 (sky130_fd_sc_hd__a21o_1)
                  0.08    0.35    1.31 v ppa_grey_2_2.U1.ao21/X (sky130_fd_sc_hd__a21o_1)
     1    0.01                           ppa_grey_2_2.U1.Y (net)
                  0.08    0.00    1.31 v ppa_post_2_3.U1.xor2/B (sky130_fd_sc_hd__xor2_1)
                  0.08    0.27    1.58 v ppa_post_2_3.U1.xor2/X (sky130_fd_sc_hd__xor2_1)
     1    0.00                           ppa_post_2_3.U1.Y (net)
                  0.08    0.00    1.58 v _2_/A (sky130_fd_sc_hd__clkbuf_1)
                  0.05    0.18    1.76 v _2_/X (sky130_fd_sc_hd__clkbuf_1)
     1    0.00                           net13 (net)
                  0.05    0.00    1.76 v output13/A (sky130_fd_sc_hd__buf_4)
                  0.11    0.31    2.07 v output13/X (sky130_fd_sc_hd__buf_4)
     1    0.03                           sum[2] (net)
                  0.11    0.00    2.07 v sum[2] (out)
                                  2.07   data arrival time

                  0.00    1.00    1.00   clock clk (rise edge)
                          0.00    1.00   clock network delay (ideal)
                         -0.25    0.75   clock uncertainty
                          0.00    0.75   clock reconvergence pessimism
                          0.00    0.75   output external delay
                                  0.75   data required time
-----------------------------------------------------------------------------
                                  0.75   data required time
                                 -2.07   data arrival time
-----------------------------------------------------------------------------
                                 -1.32   slack (VIOLATED)


Startpoint: a[0] (input port clocked by clk)
Endpoint: cout (output port clocked by clk)
Path Group: clk
Path Type: max
Corner: ss

Fanout     Cap    Slew   Delay    Time   Description
-----------------------------------------------------------------------------
                  0.00    0.00    0.00   clock clk (rise edge)
                          0.00    0.00   clock network delay (ideal)
                          0.00    0.00 v input external delay
                  0.03    0.02    0.02 v a[0] (in)
     1    0.01                           a[0] (net)
                  0.03    0.00    0.02 v input1/A (sky130_fd_sc_hd__buf_6)
                  0.04    0.20    0.21 v input1/X (sky130_fd_sc_hd__buf_6)
     2    0.01                           net1 (net)
                  0.04    0.00    0.21 v ppa_pre_1_0.U1.xor2/A (sky130_fd_sc_hd__xor2_1)
                  0.13    0.32    0.53 v ppa_pre_1_0.U1.xor2/X (sky130_fd_sc_hd__xor2_1)
     2    0.01                           ppa_grey_1_1.U1.A1 (net)
                  0.13    0.00    0.53 v ppa_grey_1_1.U1.ao21/A2 (sky130_fd_sc_hd__a21o_1)
                  0.13    0.43    0.96 v ppa_grey_1_1.U1.ao21/X (sky130_fd_sc_hd__a21o_1)
     3    0.01                           ppa_grey_1_1.U1.Y (net)
                  0.13    0.00    0.96 v ppa_grey_3_2.U1.ao21/A1 (sky130_fd_sc_hd__a21o_1)
                  0.09    0.36    1.32 v ppa_grey_3_2.U1.ao21/X (sky130_fd_sc_hd__a21o_1)
     2    0.01                           ppa_grey_3_2.U1.Y (net)
                  0.09    0.00    1.32 v ppa_grey_cout.U1.ao21/A1 (sky130_fd_sc_hd__a21o_1)
                  0.06    0.31    1.63 v ppa_grey_cout.U1.ao21/X (sky130_fd_sc_hd__a21o_1)
     1    0.00                           net10 (net)
                  0.06    0.00    1.63 v output10/A (sky130_fd_sc_hd__buf_2)
                  0.17    0.36    1.99 v output10/X (sky130_fd_sc_hd__buf_2)
     1    0.03                           cout (net)
                  0.17    0.00    1.99 v cout (out)
                                  1.99   data arrival time

                  0.00    1.00    1.00   clock clk (rise edge)
                          0.00    1.00   clock network delay (ideal)
                         -0.25    0.75   clock uncertainty
                          0.00    0.75   clock reconvergence pessimism
                          0.00    0.75   output external delay
                                  0.75   data required time
-----------------------------------------------------------------------------
                                  0.75   data required time
                                 -1.99   data arrival time
-----------------------------------------------------------------------------
                                 -1.24   slack (VIOLATED)


Startpoint: b[0] (input port clocked by clk)
Endpoint: sum[0] (output port clocked by clk)
Path Group: clk
Path Type: max
Corner: ss

Fanout     Cap    Slew   Delay    Time   Description
-----------------------------------------------------------------------------
                  0.00    0.00    0.00   clock clk (rise edge)
                          0.00    0.00   clock network delay (ideal)
                          0.00    0.00 ^ input external delay
                  0.04    0.02    0.02 ^ b[0] (in)
     1    0.00                           b[0] (net)
                  0.04    0.00    0.02 ^ input5/A (sky130_fd_sc_hd__clkbuf_1)
                  0.16    0.21    0.24 ^ input5/X (sky130_fd_sc_hd__clkbuf_1)
     2    0.01                           net5 (net)
                  0.16    0.00    0.24 ^ ppa_pre_1_0.U1.xor2/B (sky130_fd_sc_hd__xor2_1)
                  0.27    0.37    0.60 ^ ppa_pre_1_0.U1.xor2/X (sky130_fd_sc_hd__xor2_1)
     2    0.01                           ppa_grey_1_1.U1.A1 (net)
                  0.27    0.00    0.60 ^ rebuffer3/A (sky130_fd_sc_hd__dlygate4sd1_1)
                  0.10    0.50    1.10 ^ rebuffer3/X (sky130_fd_sc_hd__dlygate4sd1_1)
     1    0.01                           net17 (net)
                  0.10    0.00    1.10 ^ ppa_post_0_3.U1.xor2/A (sky130_fd_sc_hd__xor2_1)
                  0.20    0.26    1.36 ^ ppa_post_0_3.U1.xor2/X (sky130_fd_sc_hd__xor2_1)
     1    0.00                           ppa_post_0_3.U1.Y (net)
                  0.20    0.00    1.36 ^ _0_/A (sky130_fd_sc_hd__clkbuf_1)
                  0.06    0.20    1.57 ^ _0_/X (sky130_fd_sc_hd__clkbuf_1)
     1    0.00                           net11 (net)
                  0.06    0.00    1.57 ^ output11/A (sky130_fd_sc_hd__buf_2)
                  0.27    0.36    1.92 ^ output11/X (sky130_fd_sc_hd__buf_2)
     1    0.03                           sum[0] (net)
                  0.27    0.00    1.93 ^ sum[0] (out)
                                  1.93   data arrival time

                  0.00    1.00    1.00   clock clk (rise edge)
                          0.00    1.00   clock network delay (ideal)
                         -0.25    0.75   clock uncertainty
                          0.00    0.75   clock reconvergence pessimism
                          0.00    0.75   output external delay
                                  0.75   data required time
-----------------------------------------------------------------------------
                                  0.75   data required time
                                 -1.93   data arrival time
-----------------------------------------------------------------------------
                                 -1.18   slack (VIOLATED)



======================= Typical Corner ===================================

Startpoint: b[0] (input port clocked by clk)
Endpoint: sum[3] (output port clocked by clk)
Path Group: clk
Path Type: max
Corner: tt

Fanout     Cap    Slew   Delay    Time   Description
-----------------------------------------------------------------------------
                  0.00    0.00    0.00   clock clk (rise edge)
                          0.00    0.00   clock network delay (ideal)
                          0.00    0.00 ^ input external delay
                  0.03    0.02    0.02 ^ b[0] (in)
     1    0.00                           b[0] (net)
                  0.03    0.00    0.02 ^ input5/A (sky130_fd_sc_hd__clkbuf_1)
                  0.10    0.12    0.14 ^ input5/X (sky130_fd_sc_hd__clkbuf_1)
     2    0.01                           net5 (net)
                  0.10    0.00    0.14 ^ ppa_pre_1_0.U1.xor2/B (sky130_fd_sc_hd__xor2_1)
                  0.17    0.20    0.34 ^ ppa_pre_1_0.U1.xor2/X (sky130_fd_sc_hd__xor2_1)
     2    0.01                           ppa_grey_1_1.U1.A1 (net)
                  0.17    0.00    0.34 ^ ppa_grey_1_1.U1.ao21/A2 (sky130_fd_sc_hd__a21o_1)
                  0.11    0.20    0.54 ^ ppa_grey_1_1.U1.ao21/X (sky130_fd_sc_hd__a21o_1)
     3    0.01                           ppa_grey_1_1.U1.Y (net)
                  0.11    0.00    0.54 ^ ppa_grey_3_2.U1.ao21/A1 (sky130_fd_sc_hd__a21o_1)
                  0.08    0.16    0.69 ^ ppa_grey_3_2.U1.ao21/X (sky130_fd_sc_hd__a21o_1)
     2    0.01                           ppa_grey_3_2.U1.Y (net)
                  0.08    0.00    0.69 ^ ppa_post_3_3.U1.xor2/B (sky130_fd_sc_hd__xor2_1)
                  0.11    0.14    0.84 ^ ppa_post_3_3.U1.xor2/X (sky130_fd_sc_hd__xor2_1)
     1    0.00                           ppa_post_3_3.U1.Y (net)
                  0.11    0.00    0.84 ^ _3_/A (sky130_fd_sc_hd__clkbuf_1)
                  0.08    0.13    0.96 ^ _3_/X (sky130_fd_sc_hd__clkbuf_1)
     1    0.01                           net14 (net)
                  0.08    0.00    0.96 ^ output14/A (sky130_fd_sc_hd__buf_6)
                  0.08    0.14    1.11 ^ output14/X (sky130_fd_sc_hd__buf_6)
     1    0.03                           sum[3] (net)
                  0.08    0.00    1.11 ^ sum[3] (out)
                                  1.11   data arrival time

                  0.00    1.00    1.00   clock clk (rise edge)
                          0.00    1.00   clock network delay (ideal)
                         -0.25    0.75   clock uncertainty
                          0.00    0.75   clock reconvergence pessimism
                          0.00    0.75   output external delay
                                  0.75   data required time
-----------------------------------------------------------------------------
                                  0.75   data required time
                                 -1.11   data arrival time
-----------------------------------------------------------------------------
                                 -0.36   slack (VIOLATED)


Startpoint: b[0] (input port clocked by clk)
Endpoint: sum[1] (output port clocked by clk)
Path Group: clk
Path Type: max
Corner: tt

Fanout     Cap    Slew   Delay    Time   Description
-----------------------------------------------------------------------------
                  0.00    0.00    0.00   clock clk (rise edge)
                          0.00    0.00   clock network delay (ideal)
                          0.00    0.00 ^ input external delay
                  0.03    0.02    0.02 ^ b[0] (in)
     1    0.00                           b[0] (net)
                  0.03    0.00    0.02 ^ input5/A (sky130_fd_sc_hd__clkbuf_1)
                  0.10    0.12    0.14 ^ input5/X (sky130_fd_sc_hd__clkbuf_1)
     2    0.01                           net5 (net)
                  0.10    0.00    0.14 ^ ppa_pre_1_0.U1.xor2/B (sky130_fd_sc_hd__xor2_1)
                  0.17    0.20    0.34 ^ ppa_pre_1_0.U1.xor2/X (sky130_fd_sc_hd__xor2_1)
     2    0.01                           ppa_grey_1_1.U1.A1 (net)
                  0.17    0.00    0.34 ^ ppa_grey_1_1.U1.ao21/A2 (sky130_fd_sc_hd__a21o_1)
                  0.11    0.20    0.54 ^ ppa_grey_1_1.U1.ao21/X (sky130_fd_sc_hd__a21o_1)
     3    0.01                           ppa_grey_1_1.U1.Y (net)
                  0.11    0.00    0.54 ^ rebuffer1/A (sky130_fd_sc_hd__dlymetal6s2s_1)
                  0.08    0.14    0.68 ^ rebuffer1/X (sky130_fd_sc_hd__dlymetal6s2s_1)
     1    0.01                           net15 (net)
                  0.08    0.00    0.68 ^ ppa_post_1_3.U1.xor2/B (sky130_fd_sc_hd__xor2_1)
                  0.11    0.15    0.83 ^ ppa_post_1_3.U1.xor2/X (sky130_fd_sc_hd__xor2_1)
     1    0.00                           ppa_post_1_3.U1.Y (net)
                  0.11    0.00    0.83 ^ _1_/A (sky130_fd_sc_hd__clkbuf_1)
                  0.06    0.11    0.94 ^ _1_/X (sky130_fd_sc_hd__clkbuf_1)
     1    0.00                           net12 (net)
                  0.06    0.00    0.94 ^ output12/A (sky130_fd_sc_hd__buf_4)
                  0.10    0.17    1.11 ^ output12/X (sky130_fd_sc_hd__buf_4)
     1    0.03                           sum[1] (net)
                  0.10    0.00    1.11 ^ sum[1] (out)
                                  1.11   data arrival time

                  0.00    1.00    1.00   clock clk (rise edge)
                          0.00    1.00   clock network delay (ideal)
                         -0.25    0.75   clock uncertainty
                          0.00    0.75   clock reconvergence pessimism
                          0.00    0.75   output external delay
                                  0.75   data required time
-----------------------------------------------------------------------------
                                  0.75   data required time
                                 -1.11   data arrival time
-----------------------------------------------------------------------------
                                 -0.36   slack (VIOLATED)


Startpoint: b[0] (input port clocked by clk)
Endpoint: sum[2] (output port clocked by clk)
Path Group: clk
Path Type: max
Corner: tt

Fanout     Cap    Slew   Delay    Time   Description
-----------------------------------------------------------------------------
                  0.00    0.00    0.00   clock clk (rise edge)
                          0.00    0.00   clock network delay (ideal)
                          0.00    0.00 ^ input external delay
                  0.03    0.02    0.02 ^ b[0] (in)
     1    0.00                           b[0] (net)
                  0.03    0.00    0.02 ^ input5/A (sky130_fd_sc_hd__clkbuf_1)
                  0.10    0.12    0.14 ^ input5/X (sky130_fd_sc_hd__clkbuf_1)
     2    0.01                           net5 (net)
                  0.10    0.00    0.14 ^ ppa_pre_1_0.U1.xor2/B (sky130_fd_sc_hd__xor2_1)
                  0.17    0.20    0.34 ^ ppa_pre_1_0.U1.xor2/X (sky130_fd_sc_hd__xor2_1)
     2    0.01                           ppa_grey_1_1.U1.A1 (net)
                  0.17    0.00    0.34 ^ ppa_grey_1_1.U1.ao21/A2 (sky130_fd_sc_hd__a21o_1)
                  0.11    0.20    0.54 ^ ppa_grey_1_1.U1.ao21/X (sky130_fd_sc_hd__a21o_1)
     3    0.01                           ppa_grey_1_1.U1.Y (net)
                  0.11    0.00    0.54 ^ ppa_grey_2_2.U1.ao21/A1 (sky130_fd_sc_hd__a21o_1)
                  0.06    0.14    0.68 ^ ppa_grey_2_2.U1.ao21/X (sky130_fd_sc_hd__a21o_1)
     1    0.01                           ppa_grey_2_2.U1.Y (net)
                  0.06    0.00    0.68 ^ ppa_post_2_3.U1.xor2/B (sky130_fd_sc_hd__xor2_1)
                  0.10    0.14    0.82 ^ ppa_post_2_3.U1.xor2/X (sky130_fd_sc_hd__xor2_1)
     1    0.00                           ppa_post_2_3.U1.Y (net)
                  0.10    0.00    0.82 ^ _2_/A (sky130_fd_sc_hd__clkbuf_1)
                  0.05    0.10    0.92 ^ _2_/X (sky130_fd_sc_hd__clkbuf_1)
     1    0.00                           net13 (net)
                  0.05    0.00    0.92 ^ output13/A (sky130_fd_sc_hd__buf_4)
                  0.11    0.17    1.09 ^ output13/X (sky130_fd_sc_hd__buf_4)
     1    0.03                           sum[2] (net)
                  0.11    0.00    1.09 ^ sum[2] (out)
                                  1.09   data arrival time

                  0.00    1.00    1.00   clock clk (rise edge)
                          0.00    1.00   clock network delay (ideal)
                         -0.25    0.75   clock uncertainty
                          0.00    0.75   clock reconvergence pessimism
                          0.00    0.75   output external delay
                                  0.75   data required time
-----------------------------------------------------------------------------
                                  0.75   data required time
                                 -1.09   data arrival time
-----------------------------------------------------------------------------
                                 -0.34   slack (VIOLATED)


Startpoint: a[0] (input port clocked by clk)
Endpoint: cout (output port clocked by clk)
Path Group: clk
Path Type: max
Corner: tt

Fanout     Cap    Slew   Delay    Time   Description
-----------------------------------------------------------------------------
                  0.00    0.00    0.00   clock clk (rise edge)
                          0.00    0.00   clock network delay (ideal)
                          0.00    0.00 v input external delay
                  0.01    0.01    0.01 v a[0] (in)
     1    0.01                           a[0] (net)
                  0.01    0.00    0.01 v input1/A (sky130_fd_sc_hd__buf_6)
                  0.02    0.10    0.11 v input1/X (sky130_fd_sc_hd__buf_6)
     2    0.01                           net1 (net)
                  0.02    0.00    0.11 v ppa_pre_1_0.U1.xor2/A (sky130_fd_sc_hd__xor2_1)
                  0.06    0.17    0.28 v ppa_pre_1_0.U1.xor2/X (sky130_fd_sc_hd__xor2_1)
     2    0.01                           ppa_grey_1_1.U1.A1 (net)
                  0.06    0.00    0.28 v ppa_grey_1_1.U1.ao21/A2 (sky130_fd_sc_hd__a21o_1)
                  0.07    0.23    0.51 v ppa_grey_1_1.U1.ao21/X (sky130_fd_sc_hd__a21o_1)
     3    0.01                           ppa_grey_1_1.U1.Y (net)
                  0.07    0.00    0.51 v ppa_grey_3_2.U1.ao21/A1 (sky130_fd_sc_hd__a21o_1)
                  0.05    0.19    0.70 v ppa_grey_3_2.U1.ao21/X (sky130_fd_sc_hd__a21o_1)
     2    0.01                           ppa_grey_3_2.U1.Y (net)
                  0.05    0.00    0.70 v ppa_grey_cout.U1.ao21/A1 (sky130_fd_sc_hd__a21o_1)
                  0.03    0.16    0.86 v ppa_grey_cout.U1.ao21/X (sky130_fd_sc_hd__a21o_1)
     1    0.00                           net10 (net)
                  0.03    0.00    0.86 v output10/A (sky130_fd_sc_hd__buf_2)
                  0.09    0.19    1.04 v output10/X (sky130_fd_sc_hd__buf_2)
     1    0.03                           cout (net)
                  0.09    0.00    1.04 v cout (out)
                                  1.04   data arrival time

                  0.00    1.00    1.00   clock clk (rise edge)
                          0.00    1.00   clock network delay (ideal)
                         -0.25    0.75   clock uncertainty
                          0.00    0.75   clock reconvergence pessimism
                          0.00    0.75   output external delay
                                  0.75   data required time
-----------------------------------------------------------------------------
                                  0.75   data required time
                                 -1.04   data arrival time
-----------------------------------------------------------------------------
                                 -0.29   slack (VIOLATED)


Startpoint: b[0] (input port clocked by clk)
Endpoint: sum[0] (output port clocked by clk)
Path Group: clk
Path Type: max
Corner: tt

Fanout     Cap    Slew   Delay    Time   Description
-----------------------------------------------------------------------------
                  0.00    0.00    0.00   clock clk (rise edge)
                          0.00    0.00   clock network delay (ideal)
                          0.00    0.00 ^ input external delay
                  0.03    0.02    0.02 ^ b[0] (in)
     1    0.00                           b[0] (net)
                  0.03    0.00    0.02 ^ input5/A (sky130_fd_sc_hd__clkbuf_1)
                  0.10    0.12    0.14 ^ input5/X (sky130_fd_sc_hd__clkbuf_1)
     2    0.01                           net5 (net)
                  0.10    0.00    0.14 ^ ppa_pre_1_0.U1.xor2/B (sky130_fd_sc_hd__xor2_1)
                  0.17    0.20    0.34 ^ ppa_pre_1_0.U1.xor2/X (sky130_fd_sc_hd__xor2_1)
     2    0.01                           ppa_grey_1_1.U1.A1 (net)
                  0.17    0.00    0.34 ^ rebuffer3/A (sky130_fd_sc_hd__dlygate4sd1_1)
                  0.06    0.25    0.58 ^ rebuffer3/X (sky130_fd_sc_hd__dlygate4sd1_1)
     1    0.01                           net17 (net)
                  0.06    0.00    0.59 ^ ppa_post_0_3.U1.xor2/A (sky130_fd_sc_hd__xor2_1)
                  0.12    0.15    0.73 ^ ppa_post_0_3.U1.xor2/X (sky130_fd_sc_hd__xor2_1)
     1    0.00                           ppa_post_0_3.U1.Y (net)
                  0.12    0.00    0.73 ^ _0_/A (sky130_fd_sc_hd__clkbuf_1)
                  0.04    0.10    0.83 ^ _0_/X (sky130_fd_sc_hd__clkbuf_1)
     1    0.00                           net11 (net)
                  0.04    0.00    0.83 ^ output11/A (sky130_fd_sc_hd__buf_2)
                  0.17    0.21    1.04 ^ output11/X (sky130_fd_sc_hd__buf_2)
     1    0.03                           sum[0] (net)
                  0.17    0.00    1.04 ^ sum[0] (out)
                                  1.04   data arrival time

                  0.00    1.00    1.00   clock clk (rise edge)
                          0.00    1.00   clock network delay (ideal)
                         -0.25    0.75   clock uncertainty
                          0.00    0.75   clock reconvergence pessimism
                          0.00    0.75   output external delay
                                  0.75   data required time
-----------------------------------------------------------------------------
                                  0.75   data required time
                                 -1.04   data arrival time
-----------------------------------------------------------------------------
                                 -0.29   slack (VIOLATED)



======================= Fastest Corner ===================================

Startpoint: b[0] (input port clocked by clk)
Endpoint: sum[1] (output port clocked by clk)
Path Group: clk
Path Type: max
Corner: ff

Fanout     Cap    Slew   Delay    Time   Description
-----------------------------------------------------------------------------
                  0.00    0.00    0.00   clock clk (rise edge)
                          0.00    0.00   clock network delay (ideal)
                          0.00    0.00 ^ input external delay
                  0.02    0.01    0.01 ^ b[0] (in)
     1    0.00                           b[0] (net)
                  0.02    0.00    0.01 ^ input5/A (sky130_fd_sc_hd__clkbuf_1)
                  0.08    0.08    0.10 ^ input5/X (sky130_fd_sc_hd__clkbuf_1)
     2    0.01                           net5 (net)
                  0.08    0.00    0.10 ^ ppa_pre_1_0.U1.xor2/B (sky130_fd_sc_hd__xor2_1)
                  0.12    0.13    0.23 ^ ppa_pre_1_0.U1.xor2/X (sky130_fd_sc_hd__xor2_1)
     2    0.01                           ppa_grey_1_1.U1.A1 (net)
                  0.12    0.00    0.23 ^ ppa_grey_1_1.U1.ao21/A2 (sky130_fd_sc_hd__a21o_1)
                  0.08    0.13    0.35 ^ ppa_grey_1_1.U1.ao21/X (sky130_fd_sc_hd__a21o_1)
     3    0.01                           ppa_grey_1_1.U1.Y (net)
                  0.08    0.00    0.35 ^ rebuffer1/A (sky130_fd_sc_hd__dlymetal6s2s_1)
                  0.06    0.09    0.45 ^ rebuffer1/X (sky130_fd_sc_hd__dlymetal6s2s_1)
     1    0.01                           net15 (net)
                  0.06    0.00    0.45 ^ ppa_post_1_3.U1.xor2/B (sky130_fd_sc_hd__xor2_1)
                  0.08    0.09    0.54 ^ ppa_post_1_3.U1.xor2/X (sky130_fd_sc_hd__xor2_1)
     1    0.00                           ppa_post_1_3.U1.Y (net)
                  0.08    0.00    0.54 ^ _1_/A (sky130_fd_sc_hd__clkbuf_1)
                  0.04    0.07    0.61 ^ _1_/X (sky130_fd_sc_hd__clkbuf_1)
     1    0.00                           net12 (net)
                  0.04    0.00    0.61 ^ output12/A (sky130_fd_sc_hd__buf_4)
                  0.08    0.11    0.72 ^ output12/X (sky130_fd_sc_hd__buf_4)
     1    0.03                           sum[1] (net)
                  0.08    0.00    0.72 ^ sum[1] (out)
                                  0.72   data arrival time

                  0.00    1.00    1.00   clock clk (rise edge)
                          0.00    1.00   clock network delay (ideal)
                         -0.25    0.75   clock uncertainty
                          0.00    0.75   clock reconvergence pessimism
                          0.00    0.75   output external delay
                                  0.75   data required time
-----------------------------------------------------------------------------
                                  0.75   data required time
                                 -0.72   data arrival time
-----------------------------------------------------------------------------
                                  0.03   slack (MET)


Startpoint: b[0] (input port clocked by clk)
Endpoint: sum[3] (output port clocked by clk)
Path Group: clk
Path Type: max
Corner: ff

Fanout     Cap    Slew   Delay    Time   Description
-----------------------------------------------------------------------------
                  0.00    0.00    0.00   clock clk (rise edge)
                          0.00    0.00   clock network delay (ideal)
                          0.00    0.00 ^ input external delay
                  0.02    0.01    0.01 ^ b[0] (in)
     1    0.00                           b[0] (net)
                  0.02    0.00    0.01 ^ input5/A (sky130_fd_sc_hd__clkbuf_1)
                  0.08    0.08    0.10 ^ input5/X (sky130_fd_sc_hd__clkbuf_1)
     2    0.01                           net5 (net)
                  0.08    0.00    0.10 ^ ppa_pre_1_0.U1.xor2/B (sky130_fd_sc_hd__xor2_1)
                  0.12    0.13    0.23 ^ ppa_pre_1_0.U1.xor2/X (sky130_fd_sc_hd__xor2_1)
     2    0.01                           ppa_grey_1_1.U1.A1 (net)
                  0.12    0.00    0.23 ^ ppa_grey_1_1.U1.ao21/A2 (sky130_fd_sc_hd__a21o_1)
                  0.08    0.13    0.35 ^ ppa_grey_1_1.U1.ao21/X (sky130_fd_sc_hd__a21o_1)
     3    0.01                           ppa_grey_1_1.U1.Y (net)
                  0.08    0.00    0.35 ^ ppa_grey_3_2.U1.ao21/A1 (sky130_fd_sc_hd__a21o_1)
                  0.06    0.10    0.45 ^ ppa_grey_3_2.U1.ao21/X (sky130_fd_sc_hd__a21o_1)
     2    0.01                           ppa_grey_3_2.U1.Y (net)
                  0.06    0.00    0.45 ^ ppa_post_3_3.U1.xor2/B (sky130_fd_sc_hd__xor2_1)
                  0.08    0.09    0.54 ^ ppa_post_3_3.U1.xor2/X (sky130_fd_sc_hd__xor2_1)
     1    0.00                           ppa_post_3_3.U1.Y (net)
                  0.08    0.00    0.54 ^ _3_/A (sky130_fd_sc_hd__clkbuf_1)
                  0.06    0.08    0.62 ^ _3_/X (sky130_fd_sc_hd__clkbuf_1)
     1    0.01                           net14 (net)
                  0.06    0.00    0.62 ^ output14/A (sky130_fd_sc_hd__buf_6)
                  0.06    0.10    0.72 ^ output14/X (sky130_fd_sc_hd__buf_6)
     1    0.03                           sum[3] (net)
                  0.06    0.00    0.72 ^ sum[3] (out)
                                  0.72   data arrival time

                  0.00    1.00    1.00   clock clk (rise edge)
                          0.00    1.00   clock network delay (ideal)
                         -0.25    0.75   clock uncertainty
                          0.00    0.75   clock reconvergence pessimism
                          0.00    0.75   output external delay
                                  0.75   data required time
-----------------------------------------------------------------------------
                                  0.75   data required time
                                 -0.72   data arrival time
-----------------------------------------------------------------------------
                                  0.03   slack (MET)


Startpoint: b[0] (input port clocked by clk)
Endpoint: sum[2] (output port clocked by clk)
Path Group: clk
Path Type: max
Corner: ff

Fanout     Cap    Slew   Delay    Time   Description
-----------------------------------------------------------------------------
                  0.00    0.00    0.00   clock clk (rise edge)
                          0.00    0.00   clock network delay (ideal)
                          0.00    0.00 ^ input external delay
                  0.02    0.01    0.01 ^ b[0] (in)
     1    0.00                           b[0] (net)
                  0.02    0.00    0.01 ^ input5/A (sky130_fd_sc_hd__clkbuf_1)
                  0.08    0.08    0.10 ^ input5/X (sky130_fd_sc_hd__clkbuf_1)
     2    0.01                           net5 (net)
                  0.08    0.00    0.10 ^ ppa_pre_1_0.U1.xor2/B (sky130_fd_sc_hd__xor2_1)
                  0.12    0.13    0.23 ^ ppa_pre_1_0.U1.xor2/X (sky130_fd_sc_hd__xor2_1)
     2    0.01                           ppa_grey_1_1.U1.A1 (net)
                  0.12    0.00    0.23 ^ ppa_grey_1_1.U1.ao21/A2 (sky130_fd_sc_hd__a21o_1)
                  0.08    0.13    0.35 ^ ppa_grey_1_1.U1.ao21/X (sky130_fd_sc_hd__a21o_1)
     3    0.01                           ppa_grey_1_1.U1.Y (net)
                  0.08    0.00    0.35 ^ ppa_grey_2_2.U1.ao21/A1 (sky130_fd_sc_hd__a21o_1)
                  0.04    0.09    0.44 ^ ppa_grey_2_2.U1.ao21/X (sky130_fd_sc_hd__a21o_1)
     1    0.01                           ppa_grey_2_2.U1.Y (net)
                  0.04    0.00    0.44 ^ ppa_post_2_3.U1.xor2/B (sky130_fd_sc_hd__xor2_1)
                  0.07    0.09    0.53 ^ ppa_post_2_3.U1.xor2/X (sky130_fd_sc_hd__xor2_1)
     1    0.00                           ppa_post_2_3.U1.Y (net)
                  0.07    0.00    0.53 ^ _2_/A (sky130_fd_sc_hd__clkbuf_1)
                  0.04    0.06    0.60 ^ _2_/X (sky130_fd_sc_hd__clkbuf_1)
     1    0.00                           net13 (net)
                  0.04    0.00    0.60 ^ output13/A (sky130_fd_sc_hd__buf_4)
                  0.08    0.11    0.71 ^ output13/X (sky130_fd_sc_hd__buf_4)
     1    0.03                           sum[2] (net)
                  0.08    0.00    0.71 ^ sum[2] (out)
                                  0.71   data arrival time

                  0.00    1.00    1.00   clock clk (rise edge)
                          0.00    1.00   clock network delay (ideal)
                         -0.25    0.75   clock uncertainty
                          0.00    0.75   clock reconvergence pessimism
                          0.00    0.75   output external delay
                                  0.75   data required time
-----------------------------------------------------------------------------
                                  0.75   data required time
                                 -0.71   data arrival time
-----------------------------------------------------------------------------
                                  0.04   slack (MET)


Startpoint: b[0] (input port clocked by clk)
Endpoint: sum[0] (output port clocked by clk)
Path Group: clk
Path Type: max
Corner: ff

Fanout     Cap    Slew   Delay    Time   Description
-----------------------------------------------------------------------------
                  0.00    0.00    0.00   clock clk (rise edge)
                          0.00    0.00   clock network delay (ideal)
                          0.00    0.00 ^ input external delay
                  0.02    0.01    0.01 ^ b[0] (in)
     1    0.00                           b[0] (net)
                  0.02    0.00    0.01 ^ input5/A (sky130_fd_sc_hd__clkbuf_1)
                  0.08    0.08    0.10 ^ input5/X (sky130_fd_sc_hd__clkbuf_1)
     2    0.01                           net5 (net)
                  0.08    0.00    0.10 ^ ppa_pre_1_0.U1.xor2/B (sky130_fd_sc_hd__xor2_1)
                  0.12    0.13    0.23 ^ ppa_pre_1_0.U1.xor2/X (sky130_fd_sc_hd__xor2_1)
     2    0.01                           ppa_grey_1_1.U1.A1 (net)
                  0.12    0.00    0.23 ^ rebuffer3/A (sky130_fd_sc_hd__dlygate4sd1_1)
                  0.05    0.15    0.38 ^ rebuffer3/X (sky130_fd_sc_hd__dlygate4sd1_1)
     1    0.01                           net17 (net)
                  0.05    0.00    0.38 ^ ppa_post_0_3.U1.xor2/A (sky130_fd_sc_hd__xor2_1)
                  0.09    0.10    0.48 ^ ppa_post_0_3.U1.xor2/X (sky130_fd_sc_hd__xor2_1)
     1    0.00                           ppa_post_0_3.U1.Y (net)
                  0.09    0.00    0.48 ^ _0_/A (sky130_fd_sc_hd__clkbuf_1)
                  0.03    0.06    0.54 ^ _0_/X (sky130_fd_sc_hd__clkbuf_1)
     1    0.00                           net11 (net)
                  0.03    0.00    0.54 ^ output11/A (sky130_fd_sc_hd__buf_2)
                  0.13    0.14    0.68 ^ output11/X (sky130_fd_sc_hd__buf_2)
     1    0.03                           sum[0] (net)
                  0.13    0.00    0.68 ^ sum[0] (out)
                                  0.68   data arrival time

                  0.00    1.00    1.00   clock clk (rise edge)
                          0.00    1.00   clock network delay (ideal)
                         -0.25    0.75   clock uncertainty
                          0.00    0.75   clock reconvergence pessimism
                          0.00    0.75   output external delay
                                  0.75   data required time
-----------------------------------------------------------------------------
                                  0.75   data required time
                                 -0.68   data arrival time
-----------------------------------------------------------------------------
                                  0.07   slack (MET)


Startpoint: a[0] (input port clocked by clk)
Endpoint: cout (output port clocked by clk)
Path Group: clk
Path Type: max
Corner: ff

Fanout     Cap    Slew   Delay    Time   Description
-----------------------------------------------------------------------------
                  0.00    0.00    0.00   clock clk (rise edge)
                          0.00    0.00   clock network delay (ideal)
                          0.00    0.00 v input external delay
                  0.01    0.00    0.00 v a[0] (in)
     1    0.01                           a[0] (net)
                  0.01    0.00    0.00 v input1/A (sky130_fd_sc_hd__buf_6)
                  0.02    0.07    0.07 v input1/X (sky130_fd_sc_hd__buf_6)
     2    0.01                           net1 (net)
                  0.02    0.00    0.07 v ppa_pre_1_0.U1.xor2/A (sky130_fd_sc_hd__xor2_1)
                  0.04    0.11    0.18 v ppa_pre_1_0.U1.xor2/X (sky130_fd_sc_hd__xor2_1)
     2    0.01                           ppa_grey_1_1.U1.A1 (net)
                  0.04    0.00    0.18 v ppa_grey_1_1.U1.ao21/A2 (sky130_fd_sc_hd__a21o_1)
                  0.05    0.15    0.33 v ppa_grey_1_1.U1.ao21/X (sky130_fd_sc_hd__a21o_1)
     3    0.01                           ppa_grey_1_1.U1.Y (net)
                  0.05    0.00    0.33 v ppa_grey_3_2.U1.ao21/A1 (sky130_fd_sc_hd__a21o_1)
                  0.04    0.12    0.45 v ppa_grey_3_2.U1.ao21/X (sky130_fd_sc_hd__a21o_1)
     2    0.01                           ppa_grey_3_2.U1.Y (net)
                  0.04    0.00    0.45 v ppa_grey_cout.U1.ao21/A1 (sky130_fd_sc_hd__a21o_1)
                  0.02    0.10    0.55 v ppa_grey_cout.U1.ao21/X (sky130_fd_sc_hd__a21o_1)
     1    0.00                           net10 (net)
                  0.02    0.00    0.55 v output10/A (sky130_fd_sc_hd__buf_2)
                  0.07    0.12    0.67 v output10/X (sky130_fd_sc_hd__buf_2)
     1    0.03                           cout (net)
                  0.07    0.00    0.67 v cout (out)
                                  0.67   data arrival time

                  0.00    1.00    1.00   clock clk (rise edge)
                          0.00    1.00   clock network delay (ideal)
                         -0.25    0.75   clock uncertainty
                          0.00    0.75   clock reconvergence pessimism
                          0.00    0.75   output external delay
                                  0.75   data required time
-----------------------------------------------------------------------------
                                  0.75   data required time
                                 -0.67   data arrival time
-----------------------------------------------------------------------------
                                  0.08   slack (MET)


