
===========================================================================
report_checks -path_delay max (Setup)
============================================================================
Startpoint: b[10] (input port clocked by clk)
Endpoint: cout (output port clocked by clk)
Path Group: clk
Path Type: max

Fanout     Cap    Slew   Delay    Time   Description
-----------------------------------------------------------------------------
                  0.00    0.00    0.00   clock clk (rise edge)
                          0.00    0.00   clock network delay (ideal)
                          0.00    0.00 ^ input external delay
                  0.16    0.12    0.12 ^ b[10] (in)
     3    0.03                           b[10] (net)
                  0.16    0.00    0.12 ^ _220_/A (sky130_fd_sc_hd__xnor2_2)
                  0.09    0.13    0.25 v _220_/Y (sky130_fd_sc_hd__xnor2_2)
     3    0.01                           _043_ (net)
                  0.09    0.00    0.25 v _228_/B (sky130_fd_sc_hd__or2_2)
                  0.05    0.29    0.54 v _228_/X (sky130_fd_sc_hd__or2_2)
     1    0.00                           _050_ (net)
                  0.05    0.00    0.54 v _229_/C (sky130_fd_sc_hd__or4b_2)
                  0.12    0.67    1.21 v _229_/X (sky130_fd_sc_hd__or4b_2)
     2    0.01                           _051_ (net)
                  0.12    0.00    1.21 v _259_/A2 (sky130_fd_sc_hd__o31a_2)
                  0.10    0.44    1.65 v _259_/X (sky130_fd_sc_hd__o31a_2)
     4    0.03                           _077_ (net)
                  0.10    0.00    1.65 v _310_/A1 (sky130_fd_sc_hd__o31a_2)
                  0.09    0.43    2.08 v _310_/X (sky130_fd_sc_hd__o31a_2)
     3    0.02                           _120_ (net)
                  0.09    0.00    2.08 v _331_/A (sky130_fd_sc_hd__or4_2)
                  0.12    0.73    2.81 v _331_/X (sky130_fd_sc_hd__or4_2)
     2    0.01                           _137_ (net)
                  0.12    0.00    2.81 v _339_/A1 (sky130_fd_sc_hd__a21o_2)
                  0.06    0.26    3.07 v _339_/X (sky130_fd_sc_hd__a21o_2)
     4    0.01                           _145_ (net)
                  0.06    0.00    3.07 v _351_/A2 (sky130_fd_sc_hd__a311oi_2)
                  0.34    0.38    3.45 ^ _351_/Y (sky130_fd_sc_hd__a311oi_2)
     3    0.01                           _155_ (net)
                  0.34    0.00    3.45 ^ _362_/A1 (sky130_fd_sc_hd__o21a_2)
                  0.11    0.26    3.71 ^ _362_/X (sky130_fd_sc_hd__o21a_2)
     2    0.02                           _164_ (net)
                  0.11    0.00    3.71 ^ _364_/A2 (sky130_fd_sc_hd__a21bo_2)
                  0.21    0.28    4.00 ^ _364_/X (sky130_fd_sc_hd__a21bo_2)
     1    0.03                           cout (net)
                  0.21    0.00    4.00 ^ cout (out)
                                  4.00   data arrival time

                  0.00    5.50    5.50   clock clk (rise edge)
                          0.00    5.50   clock network delay (ideal)
                         -0.25    5.25   clock uncertainty
                          0.00    5.25   clock reconvergence pessimism
                          0.00    5.25   output external delay
                                  5.25   data required time
-----------------------------------------------------------------------------
                                  5.25   data required time
                                 -4.00   data arrival time
-----------------------------------------------------------------------------
                                  1.25   slack (MET)


Startpoint: b[10] (input port clocked by clk)
Endpoint: sum[31] (output port clocked by clk)
Path Group: clk
Path Type: max

Fanout     Cap    Slew   Delay    Time   Description
-----------------------------------------------------------------------------
                  0.00    0.00    0.00   clock clk (rise edge)
                          0.00    0.00   clock network delay (ideal)
                          0.00    0.00 ^ input external delay
                  0.16    0.12    0.12 ^ b[10] (in)
     3    0.03                           b[10] (net)
                  0.16    0.00    0.12 ^ _220_/A (sky130_fd_sc_hd__xnor2_2)
                  0.09    0.13    0.25 v _220_/Y (sky130_fd_sc_hd__xnor2_2)
     3    0.01                           _043_ (net)
                  0.09    0.00    0.25 v _228_/B (sky130_fd_sc_hd__or2_2)
                  0.05    0.29    0.54 v _228_/X (sky130_fd_sc_hd__or2_2)
     1    0.00                           _050_ (net)
                  0.05    0.00    0.54 v _229_/C (sky130_fd_sc_hd__or4b_2)
                  0.12    0.67    1.21 v _229_/X (sky130_fd_sc_hd__or4b_2)
     2    0.01                           _051_ (net)
                  0.12    0.00    1.21 v _259_/A2 (sky130_fd_sc_hd__o31a_2)
                  0.10    0.44    1.65 v _259_/X (sky130_fd_sc_hd__o31a_2)
     4    0.03                           _077_ (net)
                  0.10    0.00    1.65 v _310_/A1 (sky130_fd_sc_hd__o31a_2)
                  0.09    0.43    2.08 v _310_/X (sky130_fd_sc_hd__o31a_2)
     3    0.02                           _120_ (net)
                  0.09    0.00    2.08 v _331_/A (sky130_fd_sc_hd__or4_2)
                  0.12    0.73    2.81 v _331_/X (sky130_fd_sc_hd__or4_2)
     2    0.01                           _137_ (net)
                  0.12    0.00    2.81 v _339_/A1 (sky130_fd_sc_hd__a21o_2)
                  0.06    0.26    3.07 v _339_/X (sky130_fd_sc_hd__a21o_2)
     4    0.01                           _145_ (net)
                  0.06    0.00    3.07 v _351_/A2 (sky130_fd_sc_hd__a311oi_2)
                  0.34    0.38    3.45 ^ _351_/Y (sky130_fd_sc_hd__a311oi_2)
     3    0.01                           _155_ (net)
                  0.34    0.00    3.45 ^ _362_/A1 (sky130_fd_sc_hd__o21a_2)
                  0.11    0.26    3.71 ^ _362_/X (sky130_fd_sc_hd__o21a_2)
     2    0.02                           _164_ (net)
                  0.11    0.00    3.71 ^ _363_/B (sky130_fd_sc_hd__xnor2_2)
                  0.57    0.27    3.98 ^ _363_/Y (sky130_fd_sc_hd__xnor2_2)
     1    0.03                           sum[31] (net)
                  0.57    0.00    3.98 ^ sum[31] (out)
                                  3.98   data arrival time

                  0.00    5.50    5.50   clock clk (rise edge)
                          0.00    5.50   clock network delay (ideal)
                         -0.25    5.25   clock uncertainty
                          0.00    5.25   clock reconvergence pessimism
                          0.00    5.25   output external delay
                                  5.25   data required time
-----------------------------------------------------------------------------
                                  5.25   data required time
                                 -3.98   data arrival time
-----------------------------------------------------------------------------
                                  1.27   slack (MET)


Startpoint: b[10] (input port clocked by clk)
Endpoint: sum[29] (output port clocked by clk)
Path Group: clk
Path Type: max

Fanout     Cap    Slew   Delay    Time   Description
-----------------------------------------------------------------------------
                  0.00    0.00    0.00   clock clk (rise edge)
                          0.00    0.00   clock network delay (ideal)
                          0.00    0.00 ^ input external delay
                  0.16    0.12    0.12 ^ b[10] (in)
     3    0.03                           b[10] (net)
                  0.16    0.00    0.12 ^ _220_/A (sky130_fd_sc_hd__xnor2_2)
                  0.09    0.13    0.25 v _220_/Y (sky130_fd_sc_hd__xnor2_2)
     3    0.01                           _043_ (net)
                  0.09    0.00    0.25 v _228_/B (sky130_fd_sc_hd__or2_2)
                  0.05    0.29    0.54 v _228_/X (sky130_fd_sc_hd__or2_2)
     1    0.00                           _050_ (net)
                  0.05    0.00    0.54 v _229_/C (sky130_fd_sc_hd__or4b_2)
                  0.12    0.67    1.21 v _229_/X (sky130_fd_sc_hd__or4b_2)
     2    0.01                           _051_ (net)
                  0.12    0.00    1.21 v _259_/A2 (sky130_fd_sc_hd__o31a_2)
                  0.10    0.44    1.65 v _259_/X (sky130_fd_sc_hd__o31a_2)
     4    0.03                           _077_ (net)
                  0.10    0.00    1.65 v _310_/A1 (sky130_fd_sc_hd__o31a_2)
                  0.09    0.43    2.08 v _310_/X (sky130_fd_sc_hd__o31a_2)
     3    0.02                           _120_ (net)
                  0.09    0.00    2.08 v _331_/A (sky130_fd_sc_hd__or4_2)
                  0.12    0.73    2.81 v _331_/X (sky130_fd_sc_hd__or4_2)
     2    0.01                           _137_ (net)
                  0.12    0.00    2.81 v _339_/A1 (sky130_fd_sc_hd__a21o_2)
                  0.06    0.26    3.07 v _339_/X (sky130_fd_sc_hd__a21o_2)
     4    0.01                           _145_ (net)
                  0.06    0.00    3.07 v _349_/A2 (sky130_fd_sc_hd__a31o_2)
                  0.04    0.24    3.31 v _349_/X (sky130_fd_sc_hd__a31o_2)
     1    0.00                           _153_ (net)
                  0.04    0.00    3.31 v _350_/B (sky130_fd_sc_hd__and2_2)
                  0.04    0.20    3.51 v _350_/X (sky130_fd_sc_hd__and2_2)
     1    0.01                           _154_ (net)
                  0.04    0.00    3.51 v _352_/A (sky130_fd_sc_hd__nor2_2)
                  0.45    0.40    3.91 ^ _352_/Y (sky130_fd_sc_hd__nor2_2)
     1    0.03                           sum[29] (net)
                  0.45    0.00    3.91 ^ sum[29] (out)
                                  3.91   data arrival time

                  0.00    5.50    5.50   clock clk (rise edge)
                          0.00    5.50   clock network delay (ideal)
                         -0.25    5.25   clock uncertainty
                          0.00    5.25   clock reconvergence pessimism
                          0.00    5.25   output external delay
                                  5.25   data required time
-----------------------------------------------------------------------------
                                  5.25   data required time
                                 -3.91   data arrival time
-----------------------------------------------------------------------------
                                  1.34   slack (MET)


Startpoint: b[10] (input port clocked by clk)
Endpoint: sum[30] (output port clocked by clk)
Path Group: clk
Path Type: max

Fanout     Cap    Slew   Delay    Time   Description
-----------------------------------------------------------------------------
                  0.00    0.00    0.00   clock clk (rise edge)
                          0.00    0.00   clock network delay (ideal)
                          0.00    0.00 ^ input external delay
                  0.16    0.12    0.12 ^ b[10] (in)
     3    0.03                           b[10] (net)
                  0.16    0.00    0.12 ^ _220_/A (sky130_fd_sc_hd__xnor2_2)
                  0.09    0.13    0.25 v _220_/Y (sky130_fd_sc_hd__xnor2_2)
     3    0.01                           _043_ (net)
                  0.09    0.00    0.25 v _228_/B (sky130_fd_sc_hd__or2_2)
                  0.05    0.29    0.54 v _228_/X (sky130_fd_sc_hd__or2_2)
     1    0.00                           _050_ (net)
                  0.05    0.00    0.54 v _229_/C (sky130_fd_sc_hd__or4b_2)
                  0.12    0.67    1.21 v _229_/X (sky130_fd_sc_hd__or4b_2)
     2    0.01                           _051_ (net)
                  0.12    0.00    1.21 v _259_/A2 (sky130_fd_sc_hd__o31a_2)
                  0.10    0.44    1.65 v _259_/X (sky130_fd_sc_hd__o31a_2)
     4    0.03                           _077_ (net)
                  0.10    0.00    1.65 v _310_/A1 (sky130_fd_sc_hd__o31a_2)
                  0.09    0.43    2.08 v _310_/X (sky130_fd_sc_hd__o31a_2)
     3    0.02                           _120_ (net)
                  0.09    0.00    2.08 v _331_/A (sky130_fd_sc_hd__or4_2)
                  0.12    0.73    2.81 v _331_/X (sky130_fd_sc_hd__or4_2)
     2    0.01                           _137_ (net)
                  0.12    0.00    2.81 v _339_/A1 (sky130_fd_sc_hd__a21o_2)
                  0.06    0.26    3.07 v _339_/X (sky130_fd_sc_hd__a21o_2)
     4    0.01                           _145_ (net)
                  0.06    0.00    3.07 v _351_/A2 (sky130_fd_sc_hd__a311oi_2)
                  0.34    0.38    3.45 ^ _351_/Y (sky130_fd_sc_hd__a311oi_2)
     3    0.01                           _155_ (net)
                  0.34    0.00    3.45 ^ _356_/B1 (sky130_fd_sc_hd__a21o_2)
                  0.06    0.17    3.62 ^ _356_/X (sky130_fd_sc_hd__a21o_2)
     1    0.01                           _159_ (net)
                  0.06    0.00    3.62 ^ _357_/B (sky130_fd_sc_hd__xnor2_2)
                  0.53    0.24    3.86 ^ _357_/Y (sky130_fd_sc_hd__xnor2_2)
     1    0.03                           sum[30] (net)
                  0.53    0.00    3.86 ^ sum[30] (out)
                                  3.86   data arrival time

                  0.00    5.50    5.50   clock clk (rise edge)
                          0.00    5.50   clock network delay (ideal)
                         -0.25    5.25   clock uncertainty
                          0.00    5.25   clock reconvergence pessimism
                          0.00    5.25   output external delay
                                  5.25   data required time
-----------------------------------------------------------------------------
                                  5.25   data required time
                                 -3.86   data arrival time
-----------------------------------------------------------------------------
                                  1.39   slack (MET)


Startpoint: b[10] (input port clocked by clk)
Endpoint: sum[27] (output port clocked by clk)
Path Group: clk
Path Type: max

Fanout     Cap    Slew   Delay    Time   Description
-----------------------------------------------------------------------------
                  0.00    0.00    0.00   clock clk (rise edge)
                          0.00    0.00   clock network delay (ideal)
                          0.00    0.00 ^ input external delay
                  0.16    0.12    0.12 ^ b[10] (in)
     3    0.03                           b[10] (net)
                  0.16    0.00    0.12 ^ _220_/A (sky130_fd_sc_hd__xnor2_2)
                  0.09    0.13    0.25 v _220_/Y (sky130_fd_sc_hd__xnor2_2)
     3    0.01                           _043_ (net)
                  0.09    0.00    0.25 v _228_/B (sky130_fd_sc_hd__or2_2)
                  0.05    0.29    0.54 v _228_/X (sky130_fd_sc_hd__or2_2)
     1    0.00                           _050_ (net)
                  0.05    0.00    0.54 v _229_/C (sky130_fd_sc_hd__or4b_2)
                  0.12    0.67    1.21 v _229_/X (sky130_fd_sc_hd__or4b_2)
     2    0.01                           _051_ (net)
                  0.12    0.00    1.21 v _259_/A2 (sky130_fd_sc_hd__o31a_2)
                  0.10    0.44    1.65 v _259_/X (sky130_fd_sc_hd__o31a_2)
     4    0.03                           _077_ (net)
                  0.10    0.00    1.65 v _310_/A1 (sky130_fd_sc_hd__o31a_2)
                  0.09    0.43    2.08 v _310_/X (sky130_fd_sc_hd__o31a_2)
     3    0.02                           _120_ (net)
                  0.09    0.00    2.08 v _331_/A (sky130_fd_sc_hd__or4_2)
                  0.12    0.73    2.81 v _331_/X (sky130_fd_sc_hd__or4_2)
     2    0.01                           _137_ (net)
                  0.12    0.00    2.81 v _338_/A (sky130_fd_sc_hd__and3_2)
                  0.04    0.21    3.02 v _338_/X (sky130_fd_sc_hd__and3_2)
     1    0.00                           _144_ (net)
                  0.04    0.00    3.02 v _340_/A_N (sky130_fd_sc_hd__and2b_2)
                  0.05    0.22    3.24 ^ _340_/X (sky130_fd_sc_hd__and2b_2)
     1    0.01                           _146_ (net)
                  0.05    0.00    3.24 ^ _341_/A (sky130_fd_sc_hd__buf_1)
                  0.43    0.37    3.61 ^ _341_/X (sky130_fd_sc_hd__buf_1)
     1    0.03                           sum[27] (net)
                  0.43    0.00    3.61 ^ sum[27] (out)
                                  3.61   data arrival time

                  0.00    5.50    5.50   clock clk (rise edge)
                          0.00    5.50   clock network delay (ideal)
                         -0.25    5.25   clock uncertainty
                          0.00    5.25   clock reconvergence pessimism
                          0.00    5.25   output external delay
                                  5.25   data required time
-----------------------------------------------------------------------------
                                  5.25   data required time
                                 -3.61   data arrival time
-----------------------------------------------------------------------------
                                  1.64   slack (MET)


