
===========================================================================
report_checks -unconstrained
============================================================================
Startpoint: b[10] (input port clocked by clk)
Endpoint: cout (output port clocked by clk)
Path Group: clk
Path Type: max

Fanout     Cap    Slew   Delay    Time   Description
-----------------------------------------------------------------------------
                  0.00    0.00    0.00   clock clk (rise edge)
                          0.00    0.00   clock network delay (ideal)
                          0.00    0.00 ^ input external delay
                  0.16    0.12    0.12 ^ b[10] (in)
     3    0.03                           b[10] (net)
                  0.16    0.00    0.12 ^ _220_/A (sky130_fd_sc_hd__xnor2_2)
                  0.09    0.13    0.25 v _220_/Y (sky130_fd_sc_hd__xnor2_2)
     3    0.01                           _043_ (net)
                  0.09    0.00    0.25 v _228_/B (sky130_fd_sc_hd__or2_2)
                  0.05    0.29    0.54 v _228_/X (sky130_fd_sc_hd__or2_2)
     1    0.00                           _050_ (net)
                  0.05    0.00    0.54 v _229_/C (sky130_fd_sc_hd__or4b_2)
                  0.12    0.67    1.21 v _229_/X (sky130_fd_sc_hd__or4b_2)
     2    0.01                           _051_ (net)
                  0.12    0.00    1.21 v _259_/A2 (sky130_fd_sc_hd__o31a_2)
                  0.10    0.44    1.65 v _259_/X (sky130_fd_sc_hd__o31a_2)
     4    0.03                           _077_ (net)
                  0.10    0.00    1.65 v _310_/A1 (sky130_fd_sc_hd__o31a_2)
                  0.09    0.43    2.08 v _310_/X (sky130_fd_sc_hd__o31a_2)
     3    0.02                           _120_ (net)
                  0.09    0.00    2.08 v _331_/A (sky130_fd_sc_hd__or4_2)
                  0.12    0.73    2.81 v _331_/X (sky130_fd_sc_hd__or4_2)
     2    0.01                           _137_ (net)
                  0.12    0.00    2.81 v _339_/A1 (sky130_fd_sc_hd__a21o_2)
                  0.06    0.26    3.07 v _339_/X (sky130_fd_sc_hd__a21o_2)
     4    0.01                           _145_ (net)
                  0.06    0.00    3.07 v _351_/A2 (sky130_fd_sc_hd__a311oi_2)
                  0.34    0.38    3.45 ^ _351_/Y (sky130_fd_sc_hd__a311oi_2)
     3    0.01                           _155_ (net)
                  0.34    0.00    3.45 ^ _362_/A1 (sky130_fd_sc_hd__o21a_2)
                  0.11    0.26    3.71 ^ _362_/X (sky130_fd_sc_hd__o21a_2)
     2    0.02                           _164_ (net)
                  0.11    0.00    3.71 ^ _364_/A2 (sky130_fd_sc_hd__a21bo_2)
                  0.21    0.28    4.00 ^ _364_/X (sky130_fd_sc_hd__a21bo_2)
     1    0.03                           cout (net)
                  0.21    0.00    4.00 ^ cout (out)
                                  4.00   data arrival time

                  0.00    5.50    5.50   clock clk (rise edge)
                          0.00    5.50   clock network delay (ideal)
                         -0.25    5.25   clock uncertainty
                          0.00    5.25   clock reconvergence pessimism
                          0.00    5.25   output external delay
                                  5.25   data required time
-----------------------------------------------------------------------------
                                  5.25   data required time
                                 -4.00   data arrival time
-----------------------------------------------------------------------------
                                  1.25   slack (MET)



===========================================================================
report_checks --slack_max -0.01
============================================================================
No paths found.
