
===========================================================================
report_checks -path_delay max (Setup)
============================================================================
Startpoint: a[9] (input port clocked by clk)
Endpoint: sum[31] (output port clocked by clk)
Path Group: clk
Path Type: max

Fanout     Cap    Slew   Delay    Time   Description
-----------------------------------------------------------------------------
                  0.00    0.00    0.00   clock clk (rise edge)
                          0.00    0.00   clock network delay (ideal)
                          0.00    0.00 v input external delay
                  0.01    0.01    0.01 v a[9] (in)
     1    0.00                           a[9] (net)
                  0.01    0.00    0.01 v input32/A (sky130_fd_sc_hd__dlymetal6s2s_1)
                  0.10    0.18    0.19 v input32/X (sky130_fd_sc_hd__dlymetal6s2s_1)
     3    0.02                           net32 (net)
                  0.10    0.00    0.19 v _217_/B (sky130_fd_sc_hd__xnor2_1)
                  0.10    0.19    0.38 v _217_/Y (sky130_fd_sc_hd__xnor2_1)
     3    0.01                           _041_ (net)
                  0.10    0.00    0.38 v _228_/A (sky130_fd_sc_hd__or2_1)
                  0.05    0.25    0.63 v _228_/X (sky130_fd_sc_hd__or2_1)
     1    0.00                           _050_ (net)
                  0.05    0.00    0.63 v _229_/C (sky130_fd_sc_hd__or4b_1)
                  0.11    0.53    1.16 v _229_/X (sky130_fd_sc_hd__or4b_1)
     2    0.01                           _051_ (net)
                  0.11    0.00    1.16 v _259_/A2 (sky130_fd_sc_hd__o31a_2)
                  0.10    0.44    1.59 v _259_/X (sky130_fd_sc_hd__o31a_2)
     4    0.03                           _077_ (net)
                  0.10    0.00    1.59 v _310_/A1 (sky130_fd_sc_hd__o31a_2)
                  0.08    0.43    2.02 v _310_/X (sky130_fd_sc_hd__o31a_2)
     3    0.02                           _120_ (net)
                  0.08    0.00    2.02 v _331_/A (sky130_fd_sc_hd__or4_1)
                  0.11    0.59    2.61 v _331_/X (sky130_fd_sc_hd__or4_1)
     2    0.01                           _137_ (net)
                  0.11    0.00    2.61 v _339_/A1 (sky130_fd_sc_hd__a21o_1)
                  0.09    0.25    2.86 v _339_/X (sky130_fd_sc_hd__a21o_1)
     4    0.02                           _145_ (net)
                  0.09    0.00    2.86 v _351_/A2 (sky130_fd_sc_hd__a311oi_4)
                  0.27    0.33    3.19 ^ _351_/Y (sky130_fd_sc_hd__a311oi_4)
     3    0.01                           _155_ (net)
                  0.27    0.00    3.19 ^ _362_/A1 (sky130_fd_sc_hd__o21a_1)
                  0.14    0.26    3.45 ^ _362_/X (sky130_fd_sc_hd__o21a_1)
     2    0.01                           _164_ (net)
                  0.14    0.00    3.45 ^ _363_/B (sky130_fd_sc_hd__xnor2_1)
                  0.26    0.20    3.64 ^ _363_/Y (sky130_fd_sc_hd__xnor2_1)
     1    0.01                           net91 (net)
                  0.26    0.00    3.64 ^ output91/A (sky130_fd_sc_hd__buf_2)
                  0.18    0.28    3.92 ^ output91/X (sky130_fd_sc_hd__buf_2)
     1    0.03                           sum[31] (net)
                  0.18    0.00    3.92 ^ sum[31] (out)
                                  3.92   data arrival time

                  0.00    5.50    5.50   clock clk (rise edge)
                          0.00    5.50   clock network delay (ideal)
                         -0.25    5.25   clock uncertainty
                          0.00    5.25   clock reconvergence pessimism
                          0.00    5.25   output external delay
                                  5.25   data required time
-----------------------------------------------------------------------------
                                  5.25   data required time
                                 -3.92   data arrival time
-----------------------------------------------------------------------------
                                  1.33   slack (MET)


Startpoint: a[9] (input port clocked by clk)
Endpoint: cout (output port clocked by clk)
Path Group: clk
Path Type: max

Fanout     Cap    Slew   Delay    Time   Description
-----------------------------------------------------------------------------
                  0.00    0.00    0.00   clock clk (rise edge)
                          0.00    0.00   clock network delay (ideal)
                          0.00    0.00 v input external delay
                  0.01    0.01    0.01 v a[9] (in)
     1    0.00                           a[9] (net)
                  0.01    0.00    0.01 v input32/A (sky130_fd_sc_hd__dlymetal6s2s_1)
                  0.10    0.18    0.19 v input32/X (sky130_fd_sc_hd__dlymetal6s2s_1)
     3    0.02                           net32 (net)
                  0.10    0.00    0.19 v _217_/B (sky130_fd_sc_hd__xnor2_1)
                  0.10    0.19    0.38 v _217_/Y (sky130_fd_sc_hd__xnor2_1)
     3    0.01                           _041_ (net)
                  0.10    0.00    0.38 v _228_/A (sky130_fd_sc_hd__or2_1)
                  0.05    0.25    0.63 v _228_/X (sky130_fd_sc_hd__or2_1)
     1    0.00                           _050_ (net)
                  0.05    0.00    0.63 v _229_/C (sky130_fd_sc_hd__or4b_1)
                  0.11    0.53    1.16 v _229_/X (sky130_fd_sc_hd__or4b_1)
     2    0.01                           _051_ (net)
                  0.11    0.00    1.16 v _259_/A2 (sky130_fd_sc_hd__o31a_2)
                  0.10    0.44    1.59 v _259_/X (sky130_fd_sc_hd__o31a_2)
     4    0.03                           _077_ (net)
                  0.10    0.00    1.59 v _310_/A1 (sky130_fd_sc_hd__o31a_2)
                  0.08    0.43    2.02 v _310_/X (sky130_fd_sc_hd__o31a_2)
     3    0.02                           _120_ (net)
                  0.08    0.00    2.02 v _331_/A (sky130_fd_sc_hd__or4_1)
                  0.11    0.59    2.61 v _331_/X (sky130_fd_sc_hd__or4_1)
     2    0.01                           _137_ (net)
                  0.11    0.00    2.61 v _339_/A1 (sky130_fd_sc_hd__a21o_1)
                  0.09    0.25    2.86 v _339_/X (sky130_fd_sc_hd__a21o_1)
     4    0.02                           _145_ (net)
                  0.09    0.00    2.86 v _351_/A2 (sky130_fd_sc_hd__a311oi_4)
                  0.27    0.33    3.19 ^ _351_/Y (sky130_fd_sc_hd__a311oi_4)
     3    0.01                           _155_ (net)
                  0.27    0.00    3.19 ^ _362_/A1 (sky130_fd_sc_hd__o21a_1)
                  0.14    0.26    3.45 ^ _362_/X (sky130_fd_sc_hd__o21a_1)
     2    0.01                           _164_ (net)
                  0.14    0.00    3.45 ^ _364_/A2 (sky130_fd_sc_hd__a21bo_1)
                  0.06    0.15    3.59 ^ _364_/X (sky130_fd_sc_hd__a21bo_1)
     1    0.01                           net66 (net)
                  0.06    0.00    3.59 ^ output66/A (sky130_fd_sc_hd__buf_2)
                  0.18    0.22    3.81 ^ output66/X (sky130_fd_sc_hd__buf_2)
     1    0.03                           cout (net)
                  0.18    0.00    3.81 ^ cout (out)
                                  3.81   data arrival time

                  0.00    5.50    5.50   clock clk (rise edge)
                          0.00    5.50   clock network delay (ideal)
                         -0.25    5.25   clock uncertainty
                          0.00    5.25   clock reconvergence pessimism
                          0.00    5.25   output external delay
                                  5.25   data required time
-----------------------------------------------------------------------------
                                  5.25   data required time
                                 -3.81   data arrival time
-----------------------------------------------------------------------------
                                  1.44   slack (MET)


Startpoint: a[9] (input port clocked by clk)
Endpoint: sum[30] (output port clocked by clk)
Path Group: clk
Path Type: max

Fanout     Cap    Slew   Delay    Time   Description
-----------------------------------------------------------------------------
                  0.00    0.00    0.00   clock clk (rise edge)
                          0.00    0.00   clock network delay (ideal)
                          0.00    0.00 v input external delay
                  0.01    0.01    0.01 v a[9] (in)
     1    0.00                           a[9] (net)
                  0.01    0.00    0.01 v input32/A (sky130_fd_sc_hd__dlymetal6s2s_1)
                  0.10    0.18    0.19 v input32/X (sky130_fd_sc_hd__dlymetal6s2s_1)
     3    0.02                           net32 (net)
                  0.10    0.00    0.19 v _217_/B (sky130_fd_sc_hd__xnor2_1)
                  0.10    0.19    0.38 v _217_/Y (sky130_fd_sc_hd__xnor2_1)
     3    0.01                           _041_ (net)
                  0.10    0.00    0.38 v _228_/A (sky130_fd_sc_hd__or2_1)
                  0.05    0.25    0.63 v _228_/X (sky130_fd_sc_hd__or2_1)
     1    0.00                           _050_ (net)
                  0.05    0.00    0.63 v _229_/C (sky130_fd_sc_hd__or4b_1)
                  0.11    0.53    1.16 v _229_/X (sky130_fd_sc_hd__or4b_1)
     2    0.01                           _051_ (net)
                  0.11    0.00    1.16 v _259_/A2 (sky130_fd_sc_hd__o31a_2)
                  0.10    0.44    1.59 v _259_/X (sky130_fd_sc_hd__o31a_2)
     4    0.03                           _077_ (net)
                  0.10    0.00    1.59 v _310_/A1 (sky130_fd_sc_hd__o31a_2)
                  0.08    0.43    2.02 v _310_/X (sky130_fd_sc_hd__o31a_2)
     3    0.02                           _120_ (net)
                  0.08    0.00    2.02 v _331_/A (sky130_fd_sc_hd__or4_1)
                  0.11    0.59    2.61 v _331_/X (sky130_fd_sc_hd__or4_1)
     2    0.01                           _137_ (net)
                  0.11    0.00    2.61 v _339_/A1 (sky130_fd_sc_hd__a21o_1)
                  0.09    0.25    2.86 v _339_/X (sky130_fd_sc_hd__a21o_1)
     4    0.02                           _145_ (net)
                  0.09    0.00    2.86 v _351_/A2 (sky130_fd_sc_hd__a311oi_4)
                  0.27    0.33    3.19 ^ _351_/Y (sky130_fd_sc_hd__a311oi_4)
     3    0.01                           _155_ (net)
                  0.27    0.00    3.19 ^ _356_/B1 (sky130_fd_sc_hd__a21o_1)
                  0.06    0.14    3.33 ^ _356_/X (sky130_fd_sc_hd__a21o_1)
     1    0.01                           _159_ (net)
                  0.06    0.00    3.33 ^ _357_/B (sky130_fd_sc_hd__xnor2_1)
                  0.22    0.16    3.49 ^ _357_/Y (sky130_fd_sc_hd__xnor2_1)
     1    0.01                           net90 (net)
                  0.22    0.00    3.49 ^ output90/A (sky130_fd_sc_hd__buf_2)
                  0.17    0.27    3.76 ^ output90/X (sky130_fd_sc_hd__buf_2)
     1    0.03                           sum[30] (net)
                  0.17    0.00    3.76 ^ sum[30] (out)
                                  3.76   data arrival time

                  0.00    5.50    5.50   clock clk (rise edge)
                          0.00    5.50   clock network delay (ideal)
                         -0.25    5.25   clock uncertainty
                          0.00    5.25   clock reconvergence pessimism
                          0.00    5.25   output external delay
                                  5.25   data required time
-----------------------------------------------------------------------------
                                  5.25   data required time
                                 -3.76   data arrival time
-----------------------------------------------------------------------------
                                  1.49   slack (MET)


Startpoint: a[9] (input port clocked by clk)
Endpoint: sum[29] (output port clocked by clk)
Path Group: clk
Path Type: max

Fanout     Cap    Slew   Delay    Time   Description
-----------------------------------------------------------------------------
                  0.00    0.00    0.00   clock clk (rise edge)
                          0.00    0.00   clock network delay (ideal)
                          0.00    0.00 v input external delay
                  0.01    0.01    0.01 v a[9] (in)
     1    0.00                           a[9] (net)
                  0.01    0.00    0.01 v input32/A (sky130_fd_sc_hd__dlymetal6s2s_1)
                  0.10    0.18    0.19 v input32/X (sky130_fd_sc_hd__dlymetal6s2s_1)
     3    0.02                           net32 (net)
                  0.10    0.00    0.19 v _217_/B (sky130_fd_sc_hd__xnor2_1)
                  0.10    0.19    0.38 v _217_/Y (sky130_fd_sc_hd__xnor2_1)
     3    0.01                           _041_ (net)
                  0.10    0.00    0.38 v _228_/A (sky130_fd_sc_hd__or2_1)
                  0.05    0.25    0.63 v _228_/X (sky130_fd_sc_hd__or2_1)
     1    0.00                           _050_ (net)
                  0.05    0.00    0.63 v _229_/C (sky130_fd_sc_hd__or4b_1)
                  0.11    0.53    1.16 v _229_/X (sky130_fd_sc_hd__or4b_1)
     2    0.01                           _051_ (net)
                  0.11    0.00    1.16 v _259_/A2 (sky130_fd_sc_hd__o31a_2)
                  0.10    0.44    1.59 v _259_/X (sky130_fd_sc_hd__o31a_2)
     4    0.03                           _077_ (net)
                  0.10    0.00    1.59 v _310_/A1 (sky130_fd_sc_hd__o31a_2)
                  0.08    0.43    2.02 v _310_/X (sky130_fd_sc_hd__o31a_2)
     3    0.02                           _120_ (net)
                  0.08    0.00    2.02 v _331_/A (sky130_fd_sc_hd__or4_1)
                  0.11    0.59    2.61 v _331_/X (sky130_fd_sc_hd__or4_1)
     2    0.01                           _137_ (net)
                  0.11    0.00    2.61 v _339_/A1 (sky130_fd_sc_hd__a21o_1)
                  0.09    0.25    2.86 v _339_/X (sky130_fd_sc_hd__a21o_1)
     4    0.02                           _145_ (net)
                  0.09    0.00    2.86 v _349_/A2 (sky130_fd_sc_hd__a31o_1)
                  0.04    0.23    3.09 v _349_/X (sky130_fd_sc_hd__a31o_1)
     1    0.00                           _153_ (net)
                  0.04    0.00    3.09 v _350_/B (sky130_fd_sc_hd__and2_1)
                  0.04    0.16    3.25 v _350_/X (sky130_fd_sc_hd__and2_1)
     1    0.00                           _154_ (net)
                  0.04    0.00    3.25 v _352_/A (sky130_fd_sc_hd__nor2_1)
                  0.16    0.17    3.41 ^ _352_/Y (sky130_fd_sc_hd__nor2_1)
     1    0.01                           net88 (net)
                  0.16    0.00    3.42 ^ output88/A (sky130_fd_sc_hd__buf_2)
                  0.17    0.25    3.67 ^ output88/X (sky130_fd_sc_hd__buf_2)
     1    0.03                           sum[29] (net)
                  0.17    0.00    3.67 ^ sum[29] (out)
                                  3.67   data arrival time

                  0.00    5.50    5.50   clock clk (rise edge)
                          0.00    5.50   clock network delay (ideal)
                         -0.25    5.25   clock uncertainty
                          0.00    5.25   clock reconvergence pessimism
                          0.00    5.25   output external delay
                                  5.25   data required time
-----------------------------------------------------------------------------
                                  5.25   data required time
                                 -3.67   data arrival time
-----------------------------------------------------------------------------
                                  1.58   slack (MET)


Startpoint: a[9] (input port clocked by clk)
Endpoint: sum[28] (output port clocked by clk)
Path Group: clk
Path Type: max

Fanout     Cap    Slew   Delay    Time   Description
-----------------------------------------------------------------------------
                  0.00    0.00    0.00   clock clk (rise edge)
                          0.00    0.00   clock network delay (ideal)
                          0.00    0.00 v input external delay
                  0.01    0.01    0.01 v a[9] (in)
     1    0.00                           a[9] (net)
                  0.01    0.00    0.01 v input32/A (sky130_fd_sc_hd__dlymetal6s2s_1)
                  0.10    0.18    0.19 v input32/X (sky130_fd_sc_hd__dlymetal6s2s_1)
     3    0.02                           net32 (net)
                  0.10    0.00    0.19 v _217_/B (sky130_fd_sc_hd__xnor2_1)
                  0.10    0.19    0.38 v _217_/Y (sky130_fd_sc_hd__xnor2_1)
     3    0.01                           _041_ (net)
                  0.10    0.00    0.38 v _228_/A (sky130_fd_sc_hd__or2_1)
                  0.05    0.25    0.63 v _228_/X (sky130_fd_sc_hd__or2_1)
     1    0.00                           _050_ (net)
                  0.05    0.00    0.63 v _229_/C (sky130_fd_sc_hd__or4b_1)
                  0.11    0.53    1.16 v _229_/X (sky130_fd_sc_hd__or4b_1)
     2    0.01                           _051_ (net)
                  0.11    0.00    1.16 v _259_/A2 (sky130_fd_sc_hd__o31a_2)
                  0.10    0.44    1.59 v _259_/X (sky130_fd_sc_hd__o31a_2)
     4    0.03                           _077_ (net)
                  0.10    0.00    1.59 v _310_/A1 (sky130_fd_sc_hd__o31a_2)
                  0.08    0.43    2.02 v _310_/X (sky130_fd_sc_hd__o31a_2)
     3    0.02                           _120_ (net)
                  0.08    0.00    2.02 v _331_/A (sky130_fd_sc_hd__or4_1)
                  0.11    0.59    2.61 v _331_/X (sky130_fd_sc_hd__or4_1)
     2    0.01                           _137_ (net)
                  0.11    0.00    2.61 v _339_/A1 (sky130_fd_sc_hd__a21o_1)
                  0.09    0.25    2.86 v _339_/X (sky130_fd_sc_hd__a21o_1)
     4    0.02                           _145_ (net)
                  0.09    0.00    2.86 v _345_/B (sky130_fd_sc_hd__nand2_1)
                  0.07    0.10    2.96 ^ _345_/Y (sky130_fd_sc_hd__nand2_1)
     1    0.01                           _150_ (net)
                  0.07    0.00    2.96 ^ _346_/B (sky130_fd_sc_hd__xnor2_1)
                  0.18    0.14    3.10 ^ _346_/Y (sky130_fd_sc_hd__xnor2_1)
     1    0.01                           net87 (net)
                  0.18    0.00    3.10 ^ output87/A (sky130_fd_sc_hd__buf_2)
                  0.17    0.26    3.36 ^ output87/X (sky130_fd_sc_hd__buf_2)
     1    0.03                           sum[28] (net)
                  0.17    0.00    3.36 ^ sum[28] (out)
                                  3.36   data arrival time

                  0.00    5.50    5.50   clock clk (rise edge)
                          0.00    5.50   clock network delay (ideal)
                         -0.25    5.25   clock uncertainty
                          0.00    5.25   clock reconvergence pessimism
                          0.00    5.25   output external delay
                                  5.25   data required time
-----------------------------------------------------------------------------
                                  5.25   data required time
                                 -3.36   data arrival time
-----------------------------------------------------------------------------
                                  1.89   slack (MET)


