
===========================================================================
report_checks -path_delay max (Setup)
============================================================================
Startpoint: b[0] (input port clocked by clk)
Endpoint: sum[15] (output port clocked by clk)
Path Group: clk
Path Type: max

Fanout     Cap    Slew   Delay    Time   Description
-----------------------------------------------------------------------------
                  0.00    0.00    0.00   clock clk (rise edge)
                          0.00    0.00   clock network delay (ideal)
                          0.00    0.00 v input external delay
                  0.01    0.01    0.01 v b[0] (in)
     1    0.01                           b[0] (net)
                  0.01    0.00    0.01 v input17/A (sky130_fd_sc_hd__clkbuf_1)
                  0.05    0.10    0.11 v input17/X (sky130_fd_sc_hd__clkbuf_1)
     2    0.01                           net17 (net)
                  0.05    0.00    0.11 v _075_/A (sky130_fd_sc_hd__or2_1)
                  0.07    0.25    0.36 v _075_/X (sky130_fd_sc_hd__or2_1)
     2    0.01                           _034_ (net)
                  0.07    0.00    0.36 v _079_/A2 (sky130_fd_sc_hd__a21bo_1)
                  0.09    0.26    0.62 v _079_/X (sky130_fd_sc_hd__a21bo_1)
     3    0.02                           _037_ (net)
                  0.09    0.00    0.62 v _094_/A1 (sky130_fd_sc_hd__a31o_1)
                  0.09    0.26    0.88 v _094_/X (sky130_fd_sc_hd__a31o_1)
     3    0.02                           _050_ (net)
                  0.09    0.00    0.88 v _116_/A1 (sky130_fd_sc_hd__a21o_2)
                  0.09    0.28    1.16 v _116_/X (sky130_fd_sc_hd__a21o_2)
     3    0.03                           _068_ (net)
                  0.09    0.00    1.16 v _139_/A1 (sky130_fd_sc_hd__a21oi_4)
                  0.22    0.24    1.40 ^ _139_/Y (sky130_fd_sc_hd__a21oi_4)
     3    0.03                           _012_ (net)
                  0.22    0.00    1.40 ^ _152_/A1 (sky130_fd_sc_hd__o31ai_4)
                  0.10    0.12    1.52 v _152_/Y (sky130_fd_sc_hd__o31ai_4)
     3    0.01                           _023_ (net)
                  0.10    0.00    1.52 v _164_/A2 (sky130_fd_sc_hd__a31o_1)
                  0.08    0.28    1.81 v _164_/X (sky130_fd_sc_hd__a31o_1)
     2    0.01                           _033_ (net)
                  0.08    0.00    1.81 v _165_/B (sky130_fd_sc_hd__xnor2_2)
                  0.20    0.21    2.02 ^ _165_/Y (sky130_fd_sc_hd__xnor2_2)
     1    0.01                           net41 (net)
                  0.20    0.00    2.02 ^ output41/A (sky130_fd_sc_hd__buf_2)
                  0.18    0.26    2.28 ^ output41/X (sky130_fd_sc_hd__buf_2)
     1    0.03                           sum[15] (net)
                  0.18    0.00    2.28 ^ sum[15] (out)
                                  2.28   data arrival time

                  0.00    4.50    4.50   clock clk (rise edge)
                          0.00    4.50   clock network delay (ideal)
                         -0.25    4.25   clock uncertainty
                          0.00    4.25   clock reconvergence pessimism
                          0.00    4.25   output external delay
                                  4.25   data required time
-----------------------------------------------------------------------------
                                  4.25   data required time
                                 -2.28   data arrival time
-----------------------------------------------------------------------------
                                  1.97   slack (MET)


Startpoint: b[0] (input port clocked by clk)
Endpoint: cout (output port clocked by clk)
Path Group: clk
Path Type: max

Fanout     Cap    Slew   Delay    Time   Description
-----------------------------------------------------------------------------
                  0.00    0.00    0.00   clock clk (rise edge)
                          0.00    0.00   clock network delay (ideal)
                          0.00    0.00 v input external delay
                  0.01    0.01    0.01 v b[0] (in)
     1    0.01                           b[0] (net)
                  0.01    0.00    0.01 v input17/A (sky130_fd_sc_hd__clkbuf_1)
                  0.05    0.10    0.11 v input17/X (sky130_fd_sc_hd__clkbuf_1)
     2    0.01                           net17 (net)
                  0.05    0.00    0.11 v _075_/A (sky130_fd_sc_hd__or2_1)
                  0.07    0.25    0.36 v _075_/X (sky130_fd_sc_hd__or2_1)
     2    0.01                           _034_ (net)
                  0.07    0.00    0.36 v _079_/A2 (sky130_fd_sc_hd__a21bo_1)
                  0.09    0.26    0.62 v _079_/X (sky130_fd_sc_hd__a21bo_1)
     3    0.02                           _037_ (net)
                  0.09    0.00    0.62 v _094_/A1 (sky130_fd_sc_hd__a31o_1)
                  0.09    0.26    0.88 v _094_/X (sky130_fd_sc_hd__a31o_1)
     3    0.02                           _050_ (net)
                  0.09    0.00    0.88 v _116_/A1 (sky130_fd_sc_hd__a21o_2)
                  0.09    0.28    1.16 v _116_/X (sky130_fd_sc_hd__a21o_2)
     3    0.03                           _068_ (net)
                  0.09    0.00    1.16 v _139_/A1 (sky130_fd_sc_hd__a21oi_4)
                  0.22    0.24    1.40 ^ _139_/Y (sky130_fd_sc_hd__a21oi_4)
     3    0.03                           _012_ (net)
                  0.22    0.00    1.40 ^ _152_/A1 (sky130_fd_sc_hd__o31ai_4)
                  0.10    0.12    1.52 v _152_/Y (sky130_fd_sc_hd__o31ai_4)
     3    0.01                           _023_ (net)
                  0.10    0.00    1.52 v _164_/A2 (sky130_fd_sc_hd__a31o_1)
                  0.08    0.28    1.81 v _164_/X (sky130_fd_sc_hd__a31o_1)
     2    0.01                           _033_ (net)
                  0.08    0.00    1.81 v _166_/A2 (sky130_fd_sc_hd__a21o_1)
                  0.04    0.20    2.01 v _166_/X (sky130_fd_sc_hd__a21o_1)
     1    0.00                           net34 (net)
                  0.04    0.00    2.01 v output34/A (sky130_fd_sc_hd__buf_2)
                  0.09    0.19    2.20 v output34/X (sky130_fd_sc_hd__buf_2)
     1    0.03                           cout (net)
                  0.09    0.00    2.20 v cout (out)
                                  2.20   data arrival time

                  0.00    4.50    4.50   clock clk (rise edge)
                          0.00    4.50   clock network delay (ideal)
                         -0.25    4.25   clock uncertainty
                          0.00    4.25   clock reconvergence pessimism
                          0.00    4.25   output external delay
                                  4.25   data required time
-----------------------------------------------------------------------------
                                  4.25   data required time
                                 -2.20   data arrival time
-----------------------------------------------------------------------------
                                  2.05   slack (MET)


Startpoint: b[0] (input port clocked by clk)
Endpoint: sum[14] (output port clocked by clk)
Path Group: clk
Path Type: max

Fanout     Cap    Slew   Delay    Time   Description
-----------------------------------------------------------------------------
                  0.00    0.00    0.00   clock clk (rise edge)
                          0.00    0.00   clock network delay (ideal)
                          0.00    0.00 v input external delay
                  0.01    0.01    0.01 v b[0] (in)
     1    0.01                           b[0] (net)
                  0.01    0.00    0.01 v input17/A (sky130_fd_sc_hd__clkbuf_1)
                  0.05    0.10    0.11 v input17/X (sky130_fd_sc_hd__clkbuf_1)
     2    0.01                           net17 (net)
                  0.05    0.00    0.11 v _075_/A (sky130_fd_sc_hd__or2_1)
                  0.07    0.25    0.36 v _075_/X (sky130_fd_sc_hd__or2_1)
     2    0.01                           _034_ (net)
                  0.07    0.00    0.36 v _079_/A2 (sky130_fd_sc_hd__a21bo_1)
                  0.09    0.26    0.62 v _079_/X (sky130_fd_sc_hd__a21bo_1)
     3    0.02                           _037_ (net)
                  0.09    0.00    0.62 v _094_/A1 (sky130_fd_sc_hd__a31o_1)
                  0.09    0.26    0.88 v _094_/X (sky130_fd_sc_hd__a31o_1)
     3    0.02                           _050_ (net)
                  0.09    0.00    0.88 v _116_/A1 (sky130_fd_sc_hd__a21o_2)
                  0.09    0.28    1.16 v _116_/X (sky130_fd_sc_hd__a21o_2)
     3    0.03                           _068_ (net)
                  0.09    0.00    1.16 v _139_/A1 (sky130_fd_sc_hd__a21oi_4)
                  0.22    0.24    1.40 ^ _139_/Y (sky130_fd_sc_hd__a21oi_4)
     3    0.03                           _012_ (net)
                  0.22    0.00    1.40 ^ _152_/A1 (sky130_fd_sc_hd__o31ai_4)
                  0.10    0.12    1.52 v _152_/Y (sky130_fd_sc_hd__o31ai_4)
     3    0.01                           _023_ (net)
                  0.10    0.00    1.52 v _157_/A2 (sky130_fd_sc_hd__a21oi_1)
                  0.16    0.20    1.72 ^ _157_/Y (sky130_fd_sc_hd__a21oi_1)
     1    0.01                           _027_ (net)
                  0.16    0.00    1.72 ^ _158_/B (sky130_fd_sc_hd__xnor2_1)
                  0.16    0.16    1.88 ^ _158_/Y (sky130_fd_sc_hd__xnor2_1)
     1    0.01                           net40 (net)
                  0.16    0.00    1.88 ^ output40/A (sky130_fd_sc_hd__buf_2)
                  0.17    0.25    2.13 ^ output40/X (sky130_fd_sc_hd__buf_2)
     1    0.03                           sum[14] (net)
                  0.17    0.00    2.13 ^ sum[14] (out)
                                  2.13   data arrival time

                  0.00    4.50    4.50   clock clk (rise edge)
                          0.00    4.50   clock network delay (ideal)
                         -0.25    4.25   clock uncertainty
                          0.00    4.25   clock reconvergence pessimism
                          0.00    4.25   output external delay
                                  4.25   data required time
-----------------------------------------------------------------------------
                                  4.25   data required time
                                 -2.13   data arrival time
-----------------------------------------------------------------------------
                                  2.12   slack (MET)


Startpoint: b[0] (input port clocked by clk)
Endpoint: sum[10] (output port clocked by clk)
Path Group: clk
Path Type: max

Fanout     Cap    Slew   Delay    Time   Description
-----------------------------------------------------------------------------
                  0.00    0.00    0.00   clock clk (rise edge)
                          0.00    0.00   clock network delay (ideal)
                          0.00    0.00 v input external delay
                  0.01    0.01    0.01 v b[0] (in)
     1    0.01                           b[0] (net)
                  0.01    0.00    0.01 v input17/A (sky130_fd_sc_hd__clkbuf_1)
                  0.05    0.10    0.11 v input17/X (sky130_fd_sc_hd__clkbuf_1)
     2    0.01                           net17 (net)
                  0.05    0.00    0.11 v _075_/A (sky130_fd_sc_hd__or2_1)
                  0.07    0.25    0.36 v _075_/X (sky130_fd_sc_hd__or2_1)
     2    0.01                           _034_ (net)
                  0.07    0.00    0.36 v _079_/A2 (sky130_fd_sc_hd__a21bo_1)
                  0.09    0.26    0.62 v _079_/X (sky130_fd_sc_hd__a21bo_1)
     3    0.02                           _037_ (net)
                  0.09    0.00    0.62 v _094_/A1 (sky130_fd_sc_hd__a31o_1)
                  0.09    0.26    0.88 v _094_/X (sky130_fd_sc_hd__a31o_1)
     3    0.02                           _050_ (net)
                  0.09    0.00    0.88 v _116_/A1 (sky130_fd_sc_hd__a21o_2)
                  0.09    0.28    1.16 v _116_/X (sky130_fd_sc_hd__a21o_2)
     3    0.03                           _068_ (net)
                  0.09    0.00    1.16 v _124_/A1 (sky130_fd_sc_hd__a21oi_2)
                  0.17    0.21    1.37 ^ _124_/Y (sky130_fd_sc_hd__a21oi_2)
     2    0.01                           _000_ (net)
                  0.17    0.00    1.37 ^ _127_/A2 (sky130_fd_sc_hd__o21ba_1)
                  0.11    0.20    1.56 ^ _127_/X (sky130_fd_sc_hd__o21ba_1)
     2    0.01                           _002_ (net)
                  0.11    0.00    1.56 ^ _131_/A2 (sky130_fd_sc_hd__o21ai_1)
                  0.09    0.10    1.66 v _131_/Y (sky130_fd_sc_hd__o21ai_1)
     1    0.01                           _005_ (net)
                  0.09    0.00    1.66 v _132_/B (sky130_fd_sc_hd__xnor2_1)
                  0.19    0.21    1.87 ^ _132_/Y (sky130_fd_sc_hd__xnor2_1)
     1    0.01                           net36 (net)
                  0.19    0.00    1.87 ^ output36/A (sky130_fd_sc_hd__buf_2)
                  0.18    0.26    2.13 ^ output36/X (sky130_fd_sc_hd__buf_2)
     1    0.03                           sum[10] (net)
                  0.18    0.00    2.13 ^ sum[10] (out)
                                  2.13   data arrival time

                  0.00    4.50    4.50   clock clk (rise edge)
                          0.00    4.50   clock network delay (ideal)
                         -0.25    4.25   clock uncertainty
                          0.00    4.25   clock reconvergence pessimism
                          0.00    4.25   output external delay
                                  4.25   data required time
-----------------------------------------------------------------------------
                                  4.25   data required time
                                 -2.13   data arrival time
-----------------------------------------------------------------------------
                                  2.12   slack (MET)


Startpoint: b[0] (input port clocked by clk)
Endpoint: sum[12] (output port clocked by clk)
Path Group: clk
Path Type: max

Fanout     Cap    Slew   Delay    Time   Description
-----------------------------------------------------------------------------
                  0.00    0.00    0.00   clock clk (rise edge)
                          0.00    0.00   clock network delay (ideal)
                          0.00    0.00 v input external delay
                  0.01    0.01    0.01 v b[0] (in)
     1    0.01                           b[0] (net)
                  0.01    0.00    0.01 v input17/A (sky130_fd_sc_hd__clkbuf_1)
                  0.05    0.10    0.11 v input17/X (sky130_fd_sc_hd__clkbuf_1)
     2    0.01                           net17 (net)
                  0.05    0.00    0.11 v _075_/A (sky130_fd_sc_hd__or2_1)
                  0.07    0.25    0.36 v _075_/X (sky130_fd_sc_hd__or2_1)
     2    0.01                           _034_ (net)
                  0.07    0.00    0.36 v _079_/A2 (sky130_fd_sc_hd__a21bo_1)
                  0.09    0.26    0.62 v _079_/X (sky130_fd_sc_hd__a21bo_1)
     3    0.02                           _037_ (net)
                  0.09    0.00    0.62 v _094_/A1 (sky130_fd_sc_hd__a31o_1)
                  0.09    0.26    0.88 v _094_/X (sky130_fd_sc_hd__a31o_1)
     3    0.02                           _050_ (net)
                  0.09    0.00    0.88 v _116_/A1 (sky130_fd_sc_hd__a21o_2)
                  0.09    0.28    1.16 v _116_/X (sky130_fd_sc_hd__a21o_2)
     3    0.03                           _068_ (net)
                  0.09    0.00    1.16 v _139_/A1 (sky130_fd_sc_hd__a21oi_4)
                  0.22    0.24    1.40 ^ _139_/Y (sky130_fd_sc_hd__a21oi_4)
     3    0.03                           _012_ (net)
                  0.22    0.00    1.40 ^ _145_/A1 (sky130_fd_sc_hd__o21ai_1)
                  0.08    0.13    1.52 v _145_/Y (sky130_fd_sc_hd__o21ai_1)
     1    0.01                           _017_ (net)
                  0.08    0.00    1.52 v _146_/B (sky130_fd_sc_hd__xnor2_1)
                  0.24    0.25    1.77 ^ _146_/Y (sky130_fd_sc_hd__xnor2_1)
     1    0.01                           net38 (net)
                  0.24    0.00    1.77 ^ output38/A (sky130_fd_sc_hd__buf_2)
                  0.17    0.28    2.05 ^ output38/X (sky130_fd_sc_hd__buf_2)
     1    0.03                           sum[12] (net)
                  0.17    0.00    2.05 ^ sum[12] (out)
                                  2.05   data arrival time

                  0.00    4.50    4.50   clock clk (rise edge)
                          0.00    4.50   clock network delay (ideal)
                         -0.25    4.25   clock uncertainty
                          0.00    4.25   clock reconvergence pessimism
                          0.00    4.25   output external delay
                                  4.25   data required time
-----------------------------------------------------------------------------
                                  4.25   data required time
                                 -2.05   data arrival time
-----------------------------------------------------------------------------
                                  2.20   slack (MET)


