
===========================================================================
report_checks -path_delay max (Setup)
============================================================================
Startpoint: b[0] (input port clocked by clk)
Endpoint: sum[30] (output port clocked by clk)
Path Group: clk
Path Type: max

Fanout     Cap    Slew   Delay    Time   Description
-----------------------------------------------------------------------------
                  0.00    0.00    0.00   clock clk (rise edge)
                          0.00    0.00   clock network delay (ideal)
                          0.00    0.00 v input external delay
                  0.02    0.01    0.01 v b[0] (in)
     1    0.01                           b[0] (net)
                  0.02    0.00    0.01 v input33/A (sky130_fd_sc_hd__buf_4)
                  0.04    0.15    0.16 v input33/X (sky130_fd_sc_hd__buf_4)
     2    0.02                           net33 (net)
                  0.04    0.00    0.16 v ppa_pre_1_0.U1.xor2/B (sky130_fd_sc_hd__xor2_2)
                  0.06    0.16    0.32 v ppa_pre_1_0.U1.xor2/X (sky130_fd_sc_hd__xor2_2)
     2    0.01                           ppa_grey_1_1.U1.A1 (net)
                  0.06    0.00    0.32 v ppa_grey_1_1.U1.ao21/A2 (sky130_fd_sc_hd__a21o_1)
                  0.07    0.23    0.55 v ppa_grey_1_1.U1.ao21/X (sky130_fd_sc_hd__a21o_1)
     2    0.01                           ppa_grey_1_1.U1.Y (net)
                  0.07    0.00    0.55 v ppa_grey_2_2.U1.ao21/A1 (sky130_fd_sc_hd__a21o_1)
                  0.06    0.20    0.75 v ppa_grey_2_2.U1.ao21/X (sky130_fd_sc_hd__a21o_1)
     2    0.01                           ppa_grey_2_2.U1.Y (net)
                  0.06    0.00    0.75 v ppa_grey_3_3.U1.ao21/A1 (sky130_fd_sc_hd__a21o_1)
                  0.07    0.21    0.96 v ppa_grey_3_3.U1.ao21/X (sky130_fd_sc_hd__a21o_1)
     2    0.01                           ppa_grey_3_3.U1.Y (net)
                  0.07    0.00    0.96 v ppa_grey_4_4.U1.ao21/A1 (sky130_fd_sc_hd__a21o_1)
                  0.06    0.20    1.16 v ppa_grey_4_4.U1.ao21/X (sky130_fd_sc_hd__a21o_1)
     2    0.01                           ppa_grey_4_4.U1.Y (net)
                  0.06    0.00    1.16 v ppa_grey_5_5.U1.ao21/A1 (sky130_fd_sc_hd__a21o_1)
                  0.07    0.20    1.36 v ppa_grey_5_5.U1.ao21/X (sky130_fd_sc_hd__a21o_1)
     2    0.01                           ppa_grey_5_5.U1.Y (net)
                  0.07    0.00    1.36 v ppa_grey_6_6.U1.ao21/A1 (sky130_fd_sc_hd__a21o_1)
                  0.07    0.21    1.58 v ppa_grey_6_6.U1.ao21/X (sky130_fd_sc_hd__a21o_1)
     2    0.01                           ppa_grey_6_6.U1.Y (net)
                  0.07    0.00    1.58 v ppa_grey_7_7.U1.ao21/A1 (sky130_fd_sc_hd__a21o_1)
                  0.06    0.20    1.78 v ppa_grey_7_7.U1.ao21/X (sky130_fd_sc_hd__a21o_1)
     2    0.01                           ppa_grey_7_7.U1.Y (net)
                  0.06    0.00    1.78 v ppa_grey_8_8.U1.ao21/A1 (sky130_fd_sc_hd__a21o_1)
                  0.08    0.21    1.99 v ppa_grey_8_8.U1.ao21/X (sky130_fd_sc_hd__a21o_1)
     2    0.01                           ppa_grey_8_8.U1.Y (net)
                  0.08    0.00    1.99 v ppa_grey_9_9.U1.ao21/A1 (sky130_fd_sc_hd__a21o_1)
                  0.06    0.21    2.20 v ppa_grey_9_9.U1.ao21/X (sky130_fd_sc_hd__a21o_1)
     2    0.01                           ppa_grey_10_10.U1.A0 (net)
                  0.06    0.00    2.20 v ppa_grey_10_10.U1.ao21/A1 (sky130_fd_sc_hd__a21o_1)
                  0.05    0.18    2.38 v ppa_grey_10_10.U1.ao21/X (sky130_fd_sc_hd__a21o_1)
     2    0.01                           ppa_grey_10_10.U1.Y (net)
                  0.05    0.00    2.38 v ppa_grey_11_11.U1.ao21/A1 (sky130_fd_sc_hd__a21o_1)
                  0.05    0.18    2.56 v ppa_grey_11_11.U1.ao21/X (sky130_fd_sc_hd__a21o_1)
     2    0.01                           ppa_grey_11_11.U1.Y (net)
                  0.05    0.00    2.56 v ppa_grey_12_12.U1.ao21/A1 (sky130_fd_sc_hd__a21o_1)
                  0.07    0.20    2.76 v ppa_grey_12_12.U1.ao21/X (sky130_fd_sc_hd__a21o_1)
     2    0.01                           ppa_grey_12_12.U1.Y (net)
                  0.07    0.00    2.76 v ppa_grey_13_13.U1.ao21/A1 (sky130_fd_sc_hd__a21o_1)
                  0.06    0.20    2.97 v ppa_grey_13_13.U1.ao21/X (sky130_fd_sc_hd__a21o_1)
     2    0.01                           ppa_grey_13_13.U1.Y (net)
                  0.06    0.00    2.97 v ppa_grey_14_14.U1.ao21/A1 (sky130_fd_sc_hd__a21o_1)
                  0.06    0.20    3.17 v ppa_grey_14_14.U1.ao21/X (sky130_fd_sc_hd__a21o_1)
     2    0.01                           ppa_grey_14_14.U1.Y (net)
                  0.06    0.00    3.17 v ppa_grey_15_15.U1.ao21/A1 (sky130_fd_sc_hd__a21o_1)
                  0.06    0.19    3.36 v ppa_grey_15_15.U1.ao21/X (sky130_fd_sc_hd__a21o_1)
     2    0.01                           ppa_grey_15_15.U1.Y (net)
                  0.06    0.00    3.36 v ppa_grey_16_16.U1.ao21/A1 (sky130_fd_sc_hd__a21o_1)
                  0.09    0.22    3.58 v ppa_grey_16_16.U1.ao21/X (sky130_fd_sc_hd__a21o_1)
     2    0.02                           ppa_grey_16_16.U1.Y (net)
                  0.09    0.00    3.58 v ppa_grey_17_17.U1.ao21/A1 (sky130_fd_sc_hd__a21o_1)
                  0.05    0.19    3.78 v ppa_grey_17_17.U1.ao21/X (sky130_fd_sc_hd__a21o_1)
     2    0.01                           ppa_grey_17_17.U1.Y (net)
                  0.05    0.00    3.78 v ppa_grey_18_18.U1.ao21/A1 (sky130_fd_sc_hd__a21o_1)
                  0.05    0.18    3.96 v ppa_grey_18_18.U1.ao21/X (sky130_fd_sc_hd__a21o_1)
     2    0.01                           ppa_grey_18_18.U1.Y (net)
                  0.05    0.00    3.96 v ppa_grey_19_19.U1.ao21/A1 (sky130_fd_sc_hd__a21o_1)
                  0.07    0.20    4.15 v ppa_grey_19_19.U1.ao21/X (sky130_fd_sc_hd__a21o_1)
     2    0.01                           ppa_grey_19_19.U1.Y (net)
                  0.07    0.00    4.15 v ppa_grey_20_20.U1.ao21/A1 (sky130_fd_sc_hd__a21o_1)
                  0.06    0.20    4.36 v ppa_grey_20_20.U1.ao21/X (sky130_fd_sc_hd__a21o_1)
     2    0.01                           ppa_grey_20_20.U1.Y (net)
                  0.06    0.00    4.36 v ppa_grey_21_21.U1.ao21/A1 (sky130_fd_sc_hd__a21o_1)
                  0.05    0.19    4.55 v ppa_grey_21_21.U1.ao21/X (sky130_fd_sc_hd__a21o_1)
     2    0.01                           ppa_grey_21_21.U1.Y (net)
                  0.05    0.00    4.55 v ppa_grey_22_22.U1.ao21/A1 (sky130_fd_sc_hd__a21o_1)
                  0.09    0.22    4.77 v ppa_grey_22_22.U1.ao21/X (sky130_fd_sc_hd__a21o_1)
     2    0.02                           ppa_grey_22_22.U1.Y (net)
                  0.09    0.00    4.77 v ppa_grey_23_23.U1.ao21/A1 (sky130_fd_sc_hd__a21o_1)
                  0.06    0.21    4.98 v ppa_grey_23_23.U1.ao21/X (sky130_fd_sc_hd__a21o_1)
     2    0.01                           ppa_grey_23_23.U1.Y (net)
                  0.06    0.00    4.98 v ppa_grey_24_24.U1.ao21/A1 (sky130_fd_sc_hd__a21o_1)
                  0.07    0.21    5.18 v ppa_grey_24_24.U1.ao21/X (sky130_fd_sc_hd__a21o_1)
     2    0.01                           ppa_grey_24_24.U1.Y (net)
                  0.07    0.00    5.18 v ppa_grey_25_25.U1.ao21/A1 (sky130_fd_sc_hd__a21o_1)
                  0.05    0.19    5.38 v ppa_grey_25_25.U1.ao21/X (sky130_fd_sc_hd__a21o_1)
     2    0.01                           ppa_grey_25_25.U1.Y (net)
                  0.05    0.00    5.38 v ppa_grey_26_26.U1.ao21/A1 (sky130_fd_sc_hd__a21o_1)
                  0.05    0.18    5.56 v ppa_grey_26_26.U1.ao21/X (sky130_fd_sc_hd__a21o_1)
     2    0.01                           ppa_grey_26_26.U1.Y (net)
                  0.05    0.00    5.56 v ppa_grey_27_27.U1.ao21/A1 (sky130_fd_sc_hd__a21o_1)
                  0.07    0.20    5.76 v ppa_grey_27_27.U1.ao21/X (sky130_fd_sc_hd__a21o_1)
     2    0.01                           ppa_grey_27_27.U1.Y (net)
                  0.07    0.00    5.76 v ppa_grey_28_28.U1.ao21/A1 (sky130_fd_sc_hd__a21o_1)
                  0.06    0.19    5.96 v ppa_grey_28_28.U1.ao21/X (sky130_fd_sc_hd__a21o_1)
     2    0.01                           ppa_grey_28_28.U1.Y (net)
                  0.06    0.00    5.96 v ppa_grey_29_29.U1.ao21/A1 (sky130_fd_sc_hd__a21o_1)
                  0.06    0.20    6.15 v ppa_grey_29_29.U1.ao21/X (sky130_fd_sc_hd__a21o_1)
     2    0.01                           ppa_grey_29_29.U1.Y (net)
                  0.06    0.00    6.16 v ppa_grey_30_30.U1.ao21/A1 (sky130_fd_sc_hd__a21o_1)
                  0.05    0.18    6.34 v ppa_grey_30_30.U1.ao21/X (sky130_fd_sc_hd__a21o_1)
     2    0.01                           ppa_grey_30_30.U1.Y (net)
                  0.05    0.00    6.34 v rebuffer15/A (sky130_fd_sc_hd__dlymetal6s2s_1)
                  0.05    0.16    6.50 v rebuffer15/X (sky130_fd_sc_hd__dlymetal6s2s_1)
     1    0.01                           net113 (net)
                  0.05    0.00    6.50 v ppa_post_30_32.U1.xor2/B (sky130_fd_sc_hd__xor2_1)
                  0.15    0.16    6.66 ^ ppa_post_30_32.U1.xor2/X (sky130_fd_sc_hd__xor2_1)
     1    0.01                           ppa_post_30_32.U1.Y (net)
                  0.15    0.00    6.66 ^ _07_/A (sky130_fd_sc_hd__clkbuf_1)
                  0.06    0.12    6.78 ^ _07_/X (sky130_fd_sc_hd__clkbuf_1)
     1    0.00                           net90 (net)
                  0.06    0.00    6.78 ^ output90/A (sky130_fd_sc_hd__buf_2)
                  0.19    0.22    7.01 ^ output90/X (sky130_fd_sc_hd__buf_2)
     1    0.03                           sum[30] (net)
                  0.19    0.00    7.01 ^ sum[30] (out)
                                  7.01   data arrival time

                  0.00    2.00    2.00   clock clk (rise edge)
                          0.00    2.00   clock network delay (ideal)
                         -0.25    1.75   clock uncertainty
                          0.00    1.75   clock reconvergence pessimism
                          0.00    1.75   output external delay
                                  1.75   data required time
-----------------------------------------------------------------------------
                                  1.75   data required time
                                 -7.01   data arrival time
-----------------------------------------------------------------------------
                                 -5.26   slack (VIOLATED)


Startpoint: b[0] (input port clocked by clk)
Endpoint: sum[31] (output port clocked by clk)
Path Group: clk
Path Type: max

Fanout     Cap    Slew   Delay    Time   Description
-----------------------------------------------------------------------------
                  0.00    0.00    0.00   clock clk (rise edge)
                          0.00    0.00   clock network delay (ideal)
                          0.00    0.00 v input external delay
                  0.02    0.01    0.01 v b[0] (in)
     1    0.01                           b[0] (net)
                  0.02    0.00    0.01 v input33/A (sky130_fd_sc_hd__buf_4)
                  0.04    0.15    0.16 v input33/X (sky130_fd_sc_hd__buf_4)
     2    0.02                           net33 (net)
                  0.04    0.00    0.16 v ppa_pre_1_0.U1.xor2/B (sky130_fd_sc_hd__xor2_2)
                  0.06    0.16    0.32 v ppa_pre_1_0.U1.xor2/X (sky130_fd_sc_hd__xor2_2)
     2    0.01                           ppa_grey_1_1.U1.A1 (net)
                  0.06    0.00    0.32 v ppa_grey_1_1.U1.ao21/A2 (sky130_fd_sc_hd__a21o_1)
                  0.07    0.23    0.55 v ppa_grey_1_1.U1.ao21/X (sky130_fd_sc_hd__a21o_1)
     2    0.01                           ppa_grey_1_1.U1.Y (net)
                  0.07    0.00    0.55 v ppa_grey_2_2.U1.ao21/A1 (sky130_fd_sc_hd__a21o_1)
                  0.06    0.20    0.75 v ppa_grey_2_2.U1.ao21/X (sky130_fd_sc_hd__a21o_1)
     2    0.01                           ppa_grey_2_2.U1.Y (net)
                  0.06    0.00    0.75 v ppa_grey_3_3.U1.ao21/A1 (sky130_fd_sc_hd__a21o_1)
                  0.07    0.21    0.96 v ppa_grey_3_3.U1.ao21/X (sky130_fd_sc_hd__a21o_1)
     2    0.01                           ppa_grey_3_3.U1.Y (net)
                  0.07    0.00    0.96 v ppa_grey_4_4.U1.ao21/A1 (sky130_fd_sc_hd__a21o_1)
                  0.06    0.20    1.16 v ppa_grey_4_4.U1.ao21/X (sky130_fd_sc_hd__a21o_1)
     2    0.01                           ppa_grey_4_4.U1.Y (net)
                  0.06    0.00    1.16 v ppa_grey_5_5.U1.ao21/A1 (sky130_fd_sc_hd__a21o_1)
                  0.07    0.20    1.36 v ppa_grey_5_5.U1.ao21/X (sky130_fd_sc_hd__a21o_1)
     2    0.01                           ppa_grey_5_5.U1.Y (net)
                  0.07    0.00    1.36 v ppa_grey_6_6.U1.ao21/A1 (sky130_fd_sc_hd__a21o_1)
                  0.07    0.21    1.58 v ppa_grey_6_6.U1.ao21/X (sky130_fd_sc_hd__a21o_1)
     2    0.01                           ppa_grey_6_6.U1.Y (net)
                  0.07    0.00    1.58 v ppa_grey_7_7.U1.ao21/A1 (sky130_fd_sc_hd__a21o_1)
                  0.06    0.20    1.78 v ppa_grey_7_7.U1.ao21/X (sky130_fd_sc_hd__a21o_1)
     2    0.01                           ppa_grey_7_7.U1.Y (net)
                  0.06    0.00    1.78 v ppa_grey_8_8.U1.ao21/A1 (sky130_fd_sc_hd__a21o_1)
                  0.08    0.21    1.99 v ppa_grey_8_8.U1.ao21/X (sky130_fd_sc_hd__a21o_1)
     2    0.01                           ppa_grey_8_8.U1.Y (net)
                  0.08    0.00    1.99 v ppa_grey_9_9.U1.ao21/A1 (sky130_fd_sc_hd__a21o_1)
                  0.06    0.21    2.20 v ppa_grey_9_9.U1.ao21/X (sky130_fd_sc_hd__a21o_1)
     2    0.01                           ppa_grey_10_10.U1.A0 (net)
                  0.06    0.00    2.20 v ppa_grey_10_10.U1.ao21/A1 (sky130_fd_sc_hd__a21o_1)
                  0.05    0.18    2.38 v ppa_grey_10_10.U1.ao21/X (sky130_fd_sc_hd__a21o_1)
     2    0.01                           ppa_grey_10_10.U1.Y (net)
                  0.05    0.00    2.38 v ppa_grey_11_11.U1.ao21/A1 (sky130_fd_sc_hd__a21o_1)
                  0.05    0.18    2.56 v ppa_grey_11_11.U1.ao21/X (sky130_fd_sc_hd__a21o_1)
     2    0.01                           ppa_grey_11_11.U1.Y (net)
                  0.05    0.00    2.56 v ppa_grey_12_12.U1.ao21/A1 (sky130_fd_sc_hd__a21o_1)
                  0.07    0.20    2.76 v ppa_grey_12_12.U1.ao21/X (sky130_fd_sc_hd__a21o_1)
     2    0.01                           ppa_grey_12_12.U1.Y (net)
                  0.07    0.00    2.76 v ppa_grey_13_13.U1.ao21/A1 (sky130_fd_sc_hd__a21o_1)
                  0.06    0.20    2.97 v ppa_grey_13_13.U1.ao21/X (sky130_fd_sc_hd__a21o_1)
     2    0.01                           ppa_grey_13_13.U1.Y (net)
                  0.06    0.00    2.97 v ppa_grey_14_14.U1.ao21/A1 (sky130_fd_sc_hd__a21o_1)
                  0.06    0.20    3.17 v ppa_grey_14_14.U1.ao21/X (sky130_fd_sc_hd__a21o_1)
     2    0.01                           ppa_grey_14_14.U1.Y (net)
                  0.06    0.00    3.17 v ppa_grey_15_15.U1.ao21/A1 (sky130_fd_sc_hd__a21o_1)
                  0.06    0.19    3.36 v ppa_grey_15_15.U1.ao21/X (sky130_fd_sc_hd__a21o_1)
     2    0.01                           ppa_grey_15_15.U1.Y (net)
                  0.06    0.00    3.36 v ppa_grey_16_16.U1.ao21/A1 (sky130_fd_sc_hd__a21o_1)
                  0.09    0.22    3.58 v ppa_grey_16_16.U1.ao21/X (sky130_fd_sc_hd__a21o_1)
     2    0.02                           ppa_grey_16_16.U1.Y (net)
                  0.09    0.00    3.58 v ppa_grey_17_17.U1.ao21/A1 (sky130_fd_sc_hd__a21o_1)
                  0.05    0.19    3.78 v ppa_grey_17_17.U1.ao21/X (sky130_fd_sc_hd__a21o_1)
     2    0.01                           ppa_grey_17_17.U1.Y (net)
                  0.05    0.00    3.78 v ppa_grey_18_18.U1.ao21/A1 (sky130_fd_sc_hd__a21o_1)
                  0.05    0.18    3.96 v ppa_grey_18_18.U1.ao21/X (sky130_fd_sc_hd__a21o_1)
     2    0.01                           ppa_grey_18_18.U1.Y (net)
                  0.05    0.00    3.96 v ppa_grey_19_19.U1.ao21/A1 (sky130_fd_sc_hd__a21o_1)
                  0.07    0.20    4.15 v ppa_grey_19_19.U1.ao21/X (sky130_fd_sc_hd__a21o_1)
     2    0.01                           ppa_grey_19_19.U1.Y (net)
                  0.07    0.00    4.15 v ppa_grey_20_20.U1.ao21/A1 (sky130_fd_sc_hd__a21o_1)
                  0.06    0.20    4.36 v ppa_grey_20_20.U1.ao21/X (sky130_fd_sc_hd__a21o_1)
     2    0.01                           ppa_grey_20_20.U1.Y (net)
                  0.06    0.00    4.36 v ppa_grey_21_21.U1.ao21/A1 (sky130_fd_sc_hd__a21o_1)
                  0.05    0.19    4.55 v ppa_grey_21_21.U1.ao21/X (sky130_fd_sc_hd__a21o_1)
     2    0.01                           ppa_grey_21_21.U1.Y (net)
                  0.05    0.00    4.55 v ppa_grey_22_22.U1.ao21/A1 (sky130_fd_sc_hd__a21o_1)
                  0.09    0.22    4.77 v ppa_grey_22_22.U1.ao21/X (sky130_fd_sc_hd__a21o_1)
     2    0.02                           ppa_grey_22_22.U1.Y (net)
                  0.09    0.00    4.77 v ppa_grey_23_23.U1.ao21/A1 (sky130_fd_sc_hd__a21o_1)
                  0.06    0.21    4.98 v ppa_grey_23_23.U1.ao21/X (sky130_fd_sc_hd__a21o_1)
     2    0.01                           ppa_grey_23_23.U1.Y (net)
                  0.06    0.00    4.98 v ppa_grey_24_24.U1.ao21/A1 (sky130_fd_sc_hd__a21o_1)
                  0.07    0.21    5.18 v ppa_grey_24_24.U1.ao21/X (sky130_fd_sc_hd__a21o_1)
     2    0.01                           ppa_grey_24_24.U1.Y (net)
                  0.07    0.00    5.18 v ppa_grey_25_25.U1.ao21/A1 (sky130_fd_sc_hd__a21o_1)
                  0.05    0.19    5.38 v ppa_grey_25_25.U1.ao21/X (sky130_fd_sc_hd__a21o_1)
     2    0.01                           ppa_grey_25_25.U1.Y (net)
                  0.05    0.00    5.38 v ppa_grey_26_26.U1.ao21/A1 (sky130_fd_sc_hd__a21o_1)
                  0.05    0.18    5.56 v ppa_grey_26_26.U1.ao21/X (sky130_fd_sc_hd__a21o_1)
     2    0.01                           ppa_grey_26_26.U1.Y (net)
                  0.05    0.00    5.56 v ppa_grey_27_27.U1.ao21/A1 (sky130_fd_sc_hd__a21o_1)
                  0.07    0.20    5.76 v ppa_grey_27_27.U1.ao21/X (sky130_fd_sc_hd__a21o_1)
     2    0.01                           ppa_grey_27_27.U1.Y (net)
                  0.07    0.00    5.76 v ppa_grey_28_28.U1.ao21/A1 (sky130_fd_sc_hd__a21o_1)
                  0.06    0.19    5.96 v ppa_grey_28_28.U1.ao21/X (sky130_fd_sc_hd__a21o_1)
     2    0.01                           ppa_grey_28_28.U1.Y (net)
                  0.06    0.00    5.96 v ppa_grey_29_29.U1.ao21/A1 (sky130_fd_sc_hd__a21o_1)
                  0.06    0.20    6.15 v ppa_grey_29_29.U1.ao21/X (sky130_fd_sc_hd__a21o_1)
     2    0.01                           ppa_grey_29_29.U1.Y (net)
                  0.06    0.00    6.16 v ppa_grey_30_30.U1.ao21/A1 (sky130_fd_sc_hd__a21o_1)
                  0.05    0.18    6.34 v ppa_grey_30_30.U1.ao21/X (sky130_fd_sc_hd__a21o_1)
     2    0.01                           ppa_grey_30_30.U1.Y (net)
                  0.05    0.00    6.34 v ppa_grey_31_31.U1.ao21/A1 (sky130_fd_sc_hd__a21o_1)
                  0.07    0.20    6.54 v ppa_grey_31_31.U1.ao21/X (sky130_fd_sc_hd__a21o_1)
     2    0.01                           ppa_grey_31_31.U1.Y (net)
                  0.07    0.00    6.54 v ppa_post_31_32.U1.xor2/B (sky130_fd_sc_hd__xor2_1)
                  0.07    0.15    6.69 v ppa_post_31_32.U1.xor2/X (sky130_fd_sc_hd__xor2_1)
     1    0.00                           ppa_post_31_32.U1.Y (net)
                  0.07    0.00    6.69 v _08_/A (sky130_fd_sc_hd__buf_2)
                  0.04    0.15    6.84 v _08_/X (sky130_fd_sc_hd__buf_2)
     1    0.01                           net91 (net)
                  0.04    0.00    6.84 v output91/A (sky130_fd_sc_hd__buf_6)
                  0.05    0.14    6.99 v output91/X (sky130_fd_sc_hd__buf_6)
     1    0.03                           sum[31] (net)
                  0.05    0.00    6.99 v sum[31] (out)
                                  6.99   data arrival time

                  0.00    2.00    2.00   clock clk (rise edge)
                          0.00    2.00   clock network delay (ideal)
                         -0.25    1.75   clock uncertainty
                          0.00    1.75   clock reconvergence pessimism
                          0.00    1.75   output external delay
                                  1.75   data required time
-----------------------------------------------------------------------------
                                  1.75   data required time
                                 -6.99   data arrival time
-----------------------------------------------------------------------------
                                 -5.24   slack (VIOLATED)


Startpoint: b[0] (input port clocked by clk)
Endpoint: sum[29] (output port clocked by clk)
Path Group: clk
Path Type: max

Fanout     Cap    Slew   Delay    Time   Description
-----------------------------------------------------------------------------
                  0.00    0.00    0.00   clock clk (rise edge)
                          0.00    0.00   clock network delay (ideal)
                          0.00    0.00 v input external delay
                  0.02    0.01    0.01 v b[0] (in)
     1    0.01                           b[0] (net)
                  0.02    0.00    0.01 v input33/A (sky130_fd_sc_hd__buf_4)
                  0.04    0.15    0.16 v input33/X (sky130_fd_sc_hd__buf_4)
     2    0.02                           net33 (net)
                  0.04    0.00    0.16 v ppa_pre_1_0.U1.xor2/B (sky130_fd_sc_hd__xor2_2)
                  0.06    0.16    0.32 v ppa_pre_1_0.U1.xor2/X (sky130_fd_sc_hd__xor2_2)
     2    0.01                           ppa_grey_1_1.U1.A1 (net)
                  0.06    0.00    0.32 v ppa_grey_1_1.U1.ao21/A2 (sky130_fd_sc_hd__a21o_1)
                  0.07    0.23    0.55 v ppa_grey_1_1.U1.ao21/X (sky130_fd_sc_hd__a21o_1)
     2    0.01                           ppa_grey_1_1.U1.Y (net)
                  0.07    0.00    0.55 v ppa_grey_2_2.U1.ao21/A1 (sky130_fd_sc_hd__a21o_1)
                  0.06    0.20    0.75 v ppa_grey_2_2.U1.ao21/X (sky130_fd_sc_hd__a21o_1)
     2    0.01                           ppa_grey_2_2.U1.Y (net)
                  0.06    0.00    0.75 v ppa_grey_3_3.U1.ao21/A1 (sky130_fd_sc_hd__a21o_1)
                  0.07    0.21    0.96 v ppa_grey_3_3.U1.ao21/X (sky130_fd_sc_hd__a21o_1)
     2    0.01                           ppa_grey_3_3.U1.Y (net)
                  0.07    0.00    0.96 v ppa_grey_4_4.U1.ao21/A1 (sky130_fd_sc_hd__a21o_1)
                  0.06    0.20    1.16 v ppa_grey_4_4.U1.ao21/X (sky130_fd_sc_hd__a21o_1)
     2    0.01                           ppa_grey_4_4.U1.Y (net)
                  0.06    0.00    1.16 v ppa_grey_5_5.U1.ao21/A1 (sky130_fd_sc_hd__a21o_1)
                  0.07    0.20    1.36 v ppa_grey_5_5.U1.ao21/X (sky130_fd_sc_hd__a21o_1)
     2    0.01                           ppa_grey_5_5.U1.Y (net)
                  0.07    0.00    1.36 v ppa_grey_6_6.U1.ao21/A1 (sky130_fd_sc_hd__a21o_1)
                  0.07    0.21    1.58 v ppa_grey_6_6.U1.ao21/X (sky130_fd_sc_hd__a21o_1)
     2    0.01                           ppa_grey_6_6.U1.Y (net)
                  0.07    0.00    1.58 v ppa_grey_7_7.U1.ao21/A1 (sky130_fd_sc_hd__a21o_1)
                  0.06    0.20    1.78 v ppa_grey_7_7.U1.ao21/X (sky130_fd_sc_hd__a21o_1)
     2    0.01                           ppa_grey_7_7.U1.Y (net)
                  0.06    0.00    1.78 v ppa_grey_8_8.U1.ao21/A1 (sky130_fd_sc_hd__a21o_1)
                  0.08    0.21    1.99 v ppa_grey_8_8.U1.ao21/X (sky130_fd_sc_hd__a21o_1)
     2    0.01                           ppa_grey_8_8.U1.Y (net)
                  0.08    0.00    1.99 v ppa_grey_9_9.U1.ao21/A1 (sky130_fd_sc_hd__a21o_1)
                  0.06    0.21    2.20 v ppa_grey_9_9.U1.ao21/X (sky130_fd_sc_hd__a21o_1)
     2    0.01                           ppa_grey_10_10.U1.A0 (net)
                  0.06    0.00    2.20 v ppa_grey_10_10.U1.ao21/A1 (sky130_fd_sc_hd__a21o_1)
                  0.05    0.18    2.38 v ppa_grey_10_10.U1.ao21/X (sky130_fd_sc_hd__a21o_1)
     2    0.01                           ppa_grey_10_10.U1.Y (net)
                  0.05    0.00    2.38 v ppa_grey_11_11.U1.ao21/A1 (sky130_fd_sc_hd__a21o_1)
                  0.05    0.18    2.56 v ppa_grey_11_11.U1.ao21/X (sky130_fd_sc_hd__a21o_1)
     2    0.01                           ppa_grey_11_11.U1.Y (net)
                  0.05    0.00    2.56 v ppa_grey_12_12.U1.ao21/A1 (sky130_fd_sc_hd__a21o_1)
                  0.07    0.20    2.76 v ppa_grey_12_12.U1.ao21/X (sky130_fd_sc_hd__a21o_1)
     2    0.01                           ppa_grey_12_12.U1.Y (net)
                  0.07    0.00    2.76 v ppa_grey_13_13.U1.ao21/A1 (sky130_fd_sc_hd__a21o_1)
                  0.06    0.20    2.97 v ppa_grey_13_13.U1.ao21/X (sky130_fd_sc_hd__a21o_1)
     2    0.01                           ppa_grey_13_13.U1.Y (net)
                  0.06    0.00    2.97 v ppa_grey_14_14.U1.ao21/A1 (sky130_fd_sc_hd__a21o_1)
                  0.06    0.20    3.17 v ppa_grey_14_14.U1.ao21/X (sky130_fd_sc_hd__a21o_1)
     2    0.01                           ppa_grey_14_14.U1.Y (net)
                  0.06    0.00    3.17 v ppa_grey_15_15.U1.ao21/A1 (sky130_fd_sc_hd__a21o_1)
                  0.06    0.19    3.36 v ppa_grey_15_15.U1.ao21/X (sky130_fd_sc_hd__a21o_1)
     2    0.01                           ppa_grey_15_15.U1.Y (net)
                  0.06    0.00    3.36 v ppa_grey_16_16.U1.ao21/A1 (sky130_fd_sc_hd__a21o_1)
                  0.09    0.22    3.58 v ppa_grey_16_16.U1.ao21/X (sky130_fd_sc_hd__a21o_1)
     2    0.02                           ppa_grey_16_16.U1.Y (net)
                  0.09    0.00    3.58 v ppa_grey_17_17.U1.ao21/A1 (sky130_fd_sc_hd__a21o_1)
                  0.05    0.19    3.78 v ppa_grey_17_17.U1.ao21/X (sky130_fd_sc_hd__a21o_1)
     2    0.01                           ppa_grey_17_17.U1.Y (net)
                  0.05    0.00    3.78 v ppa_grey_18_18.U1.ao21/A1 (sky130_fd_sc_hd__a21o_1)
                  0.05    0.18    3.96 v ppa_grey_18_18.U1.ao21/X (sky130_fd_sc_hd__a21o_1)
     2    0.01                           ppa_grey_18_18.U1.Y (net)
                  0.05    0.00    3.96 v ppa_grey_19_19.U1.ao21/A1 (sky130_fd_sc_hd__a21o_1)
                  0.07    0.20    4.15 v ppa_grey_19_19.U1.ao21/X (sky130_fd_sc_hd__a21o_1)
     2    0.01                           ppa_grey_19_19.U1.Y (net)
                  0.07    0.00    4.15 v ppa_grey_20_20.U1.ao21/A1 (sky130_fd_sc_hd__a21o_1)
                  0.06    0.20    4.36 v ppa_grey_20_20.U1.ao21/X (sky130_fd_sc_hd__a21o_1)
     2    0.01                           ppa_grey_20_20.U1.Y (net)
                  0.06    0.00    4.36 v ppa_grey_21_21.U1.ao21/A1 (sky130_fd_sc_hd__a21o_1)
                  0.05    0.19    4.55 v ppa_grey_21_21.U1.ao21/X (sky130_fd_sc_hd__a21o_1)
     2    0.01                           ppa_grey_21_21.U1.Y (net)
                  0.05    0.00    4.55 v ppa_grey_22_22.U1.ao21/A1 (sky130_fd_sc_hd__a21o_1)
                  0.09    0.22    4.77 v ppa_grey_22_22.U1.ao21/X (sky130_fd_sc_hd__a21o_1)
     2    0.02                           ppa_grey_22_22.U1.Y (net)
                  0.09    0.00    4.77 v ppa_grey_23_23.U1.ao21/A1 (sky130_fd_sc_hd__a21o_1)
                  0.06    0.21    4.98 v ppa_grey_23_23.U1.ao21/X (sky130_fd_sc_hd__a21o_1)
     2    0.01                           ppa_grey_23_23.U1.Y (net)
                  0.06    0.00    4.98 v ppa_grey_24_24.U1.ao21/A1 (sky130_fd_sc_hd__a21o_1)
                  0.07    0.21    5.18 v ppa_grey_24_24.U1.ao21/X (sky130_fd_sc_hd__a21o_1)
     2    0.01                           ppa_grey_24_24.U1.Y (net)
                  0.07    0.00    5.18 v ppa_grey_25_25.U1.ao21/A1 (sky130_fd_sc_hd__a21o_1)
                  0.05    0.19    5.38 v ppa_grey_25_25.U1.ao21/X (sky130_fd_sc_hd__a21o_1)
     2    0.01                           ppa_grey_25_25.U1.Y (net)
                  0.05    0.00    5.38 v ppa_grey_26_26.U1.ao21/A1 (sky130_fd_sc_hd__a21o_1)
                  0.05    0.18    5.56 v ppa_grey_26_26.U1.ao21/X (sky130_fd_sc_hd__a21o_1)
     2    0.01                           ppa_grey_26_26.U1.Y (net)
                  0.05    0.00    5.56 v ppa_grey_27_27.U1.ao21/A1 (sky130_fd_sc_hd__a21o_1)
                  0.07    0.20    5.76 v ppa_grey_27_27.U1.ao21/X (sky130_fd_sc_hd__a21o_1)
     2    0.01                           ppa_grey_27_27.U1.Y (net)
                  0.07    0.00    5.76 v ppa_grey_28_28.U1.ao21/A1 (sky130_fd_sc_hd__a21o_1)
                  0.06    0.19    5.96 v ppa_grey_28_28.U1.ao21/X (sky130_fd_sc_hd__a21o_1)
     2    0.01                           ppa_grey_28_28.U1.Y (net)
                  0.06    0.00    5.96 v ppa_grey_29_29.U1.ao21/A1 (sky130_fd_sc_hd__a21o_1)
                  0.06    0.20    6.15 v ppa_grey_29_29.U1.ao21/X (sky130_fd_sc_hd__a21o_1)
     2    0.01                           ppa_grey_29_29.U1.Y (net)
                  0.06    0.00    6.16 v rebuffer9/A (sky130_fd_sc_hd__dlygate4sd1_1)
                  0.05    0.26    6.42 v rebuffer9/X (sky130_fd_sc_hd__dlygate4sd1_1)
     1    0.01                           net107 (net)
                  0.05    0.00    6.42 v ppa_post_29_32.U1.xor2/B (sky130_fd_sc_hd__xor2_1)
                  0.14    0.15    6.57 ^ ppa_post_29_32.U1.xor2/X (sky130_fd_sc_hd__xor2_1)
     1    0.00                           ppa_post_29_32.U1.Y (net)
                  0.14    0.00    6.57 ^ _06_/A (sky130_fd_sc_hd__clkbuf_1)
                  0.09    0.15    6.71 ^ _06_/X (sky130_fd_sc_hd__clkbuf_1)
     1    0.01                           net88 (net)
                  0.09    0.00    6.71 ^ output88/A (sky130_fd_sc_hd__buf_2)
                  0.20    0.25    6.96 ^ output88/X (sky130_fd_sc_hd__buf_2)
     1    0.03                           sum[29] (net)
                  0.20    0.00    6.96 ^ sum[29] (out)
                                  6.96   data arrival time

                  0.00    2.00    2.00   clock clk (rise edge)
                          0.00    2.00   clock network delay (ideal)
                         -0.25    1.75   clock uncertainty
                          0.00    1.75   clock reconvergence pessimism
                          0.00    1.75   output external delay
                                  1.75   data required time
-----------------------------------------------------------------------------
                                  1.75   data required time
                                 -6.96   data arrival time
-----------------------------------------------------------------------------
                                 -5.21   slack (VIOLATED)


Startpoint: b[0] (input port clocked by clk)
Endpoint: cout (output port clocked by clk)
Path Group: clk
Path Type: max

Fanout     Cap    Slew   Delay    Time   Description
-----------------------------------------------------------------------------
                  0.00    0.00    0.00   clock clk (rise edge)
                          0.00    0.00   clock network delay (ideal)
                          0.00    0.00 v input external delay
                  0.02    0.01    0.01 v b[0] (in)
     1    0.01                           b[0] (net)
                  0.02    0.00    0.01 v input33/A (sky130_fd_sc_hd__buf_4)
                  0.04    0.15    0.16 v input33/X (sky130_fd_sc_hd__buf_4)
     2    0.02                           net33 (net)
                  0.04    0.00    0.16 v ppa_pre_1_0.U1.xor2/B (sky130_fd_sc_hd__xor2_2)
                  0.06    0.16    0.32 v ppa_pre_1_0.U1.xor2/X (sky130_fd_sc_hd__xor2_2)
     2    0.01                           ppa_grey_1_1.U1.A1 (net)
                  0.06    0.00    0.32 v ppa_grey_1_1.U1.ao21/A2 (sky130_fd_sc_hd__a21o_1)
                  0.07    0.23    0.55 v ppa_grey_1_1.U1.ao21/X (sky130_fd_sc_hd__a21o_1)
     2    0.01                           ppa_grey_1_1.U1.Y (net)
                  0.07    0.00    0.55 v ppa_grey_2_2.U1.ao21/A1 (sky130_fd_sc_hd__a21o_1)
                  0.06    0.20    0.75 v ppa_grey_2_2.U1.ao21/X (sky130_fd_sc_hd__a21o_1)
     2    0.01                           ppa_grey_2_2.U1.Y (net)
                  0.06    0.00    0.75 v ppa_grey_3_3.U1.ao21/A1 (sky130_fd_sc_hd__a21o_1)
                  0.07    0.21    0.96 v ppa_grey_3_3.U1.ao21/X (sky130_fd_sc_hd__a21o_1)
     2    0.01                           ppa_grey_3_3.U1.Y (net)
                  0.07    0.00    0.96 v ppa_grey_4_4.U1.ao21/A1 (sky130_fd_sc_hd__a21o_1)
                  0.06    0.20    1.16 v ppa_grey_4_4.U1.ao21/X (sky130_fd_sc_hd__a21o_1)
     2    0.01                           ppa_grey_4_4.U1.Y (net)
                  0.06    0.00    1.16 v ppa_grey_5_5.U1.ao21/A1 (sky130_fd_sc_hd__a21o_1)
                  0.07    0.20    1.36 v ppa_grey_5_5.U1.ao21/X (sky130_fd_sc_hd__a21o_1)
     2    0.01                           ppa_grey_5_5.U1.Y (net)
                  0.07    0.00    1.36 v ppa_grey_6_6.U1.ao21/A1 (sky130_fd_sc_hd__a21o_1)
                  0.07    0.21    1.58 v ppa_grey_6_6.U1.ao21/X (sky130_fd_sc_hd__a21o_1)
     2    0.01                           ppa_grey_6_6.U1.Y (net)
                  0.07    0.00    1.58 v ppa_grey_7_7.U1.ao21/A1 (sky130_fd_sc_hd__a21o_1)
                  0.06    0.20    1.78 v ppa_grey_7_7.U1.ao21/X (sky130_fd_sc_hd__a21o_1)
     2    0.01                           ppa_grey_7_7.U1.Y (net)
                  0.06    0.00    1.78 v ppa_grey_8_8.U1.ao21/A1 (sky130_fd_sc_hd__a21o_1)
                  0.08    0.21    1.99 v ppa_grey_8_8.U1.ao21/X (sky130_fd_sc_hd__a21o_1)
     2    0.01                           ppa_grey_8_8.U1.Y (net)
                  0.08    0.00    1.99 v ppa_grey_9_9.U1.ao21/A1 (sky130_fd_sc_hd__a21o_1)
                  0.06    0.21    2.20 v ppa_grey_9_9.U1.ao21/X (sky130_fd_sc_hd__a21o_1)
     2    0.01                           ppa_grey_10_10.U1.A0 (net)
                  0.06    0.00    2.20 v ppa_grey_10_10.U1.ao21/A1 (sky130_fd_sc_hd__a21o_1)
                  0.05    0.18    2.38 v ppa_grey_10_10.U1.ao21/X (sky130_fd_sc_hd__a21o_1)
     2    0.01                           ppa_grey_10_10.U1.Y (net)
                  0.05    0.00    2.38 v ppa_grey_11_11.U1.ao21/A1 (sky130_fd_sc_hd__a21o_1)
                  0.05    0.18    2.56 v ppa_grey_11_11.U1.ao21/X (sky130_fd_sc_hd__a21o_1)
     2    0.01                           ppa_grey_11_11.U1.Y (net)
                  0.05    0.00    2.56 v ppa_grey_12_12.U1.ao21/A1 (sky130_fd_sc_hd__a21o_1)
                  0.07    0.20    2.76 v ppa_grey_12_12.U1.ao21/X (sky130_fd_sc_hd__a21o_1)
     2    0.01                           ppa_grey_12_12.U1.Y (net)
                  0.07    0.00    2.76 v ppa_grey_13_13.U1.ao21/A1 (sky130_fd_sc_hd__a21o_1)
                  0.06    0.20    2.97 v ppa_grey_13_13.U1.ao21/X (sky130_fd_sc_hd__a21o_1)
     2    0.01                           ppa_grey_13_13.U1.Y (net)
                  0.06    0.00    2.97 v ppa_grey_14_14.U1.ao21/A1 (sky130_fd_sc_hd__a21o_1)
                  0.06    0.20    3.17 v ppa_grey_14_14.U1.ao21/X (sky130_fd_sc_hd__a21o_1)
     2    0.01                           ppa_grey_14_14.U1.Y (net)
                  0.06    0.00    3.17 v ppa_grey_15_15.U1.ao21/A1 (sky130_fd_sc_hd__a21o_1)
                  0.06    0.19    3.36 v ppa_grey_15_15.U1.ao21/X (sky130_fd_sc_hd__a21o_1)
     2    0.01                           ppa_grey_15_15.U1.Y (net)
                  0.06    0.00    3.36 v ppa_grey_16_16.U1.ao21/A1 (sky130_fd_sc_hd__a21o_1)
                  0.09    0.22    3.58 v ppa_grey_16_16.U1.ao21/X (sky130_fd_sc_hd__a21o_1)
     2    0.02                           ppa_grey_16_16.U1.Y (net)
                  0.09    0.00    3.58 v ppa_grey_17_17.U1.ao21/A1 (sky130_fd_sc_hd__a21o_1)
                  0.05    0.19    3.78 v ppa_grey_17_17.U1.ao21/X (sky130_fd_sc_hd__a21o_1)
     2    0.01                           ppa_grey_17_17.U1.Y (net)
                  0.05    0.00    3.78 v ppa_grey_18_18.U1.ao21/A1 (sky130_fd_sc_hd__a21o_1)
                  0.05    0.18    3.96 v ppa_grey_18_18.U1.ao21/X (sky130_fd_sc_hd__a21o_1)
     2    0.01                           ppa_grey_18_18.U1.Y (net)
                  0.05    0.00    3.96 v ppa_grey_19_19.U1.ao21/A1 (sky130_fd_sc_hd__a21o_1)
                  0.07    0.20    4.15 v ppa_grey_19_19.U1.ao21/X (sky130_fd_sc_hd__a21o_1)
     2    0.01                           ppa_grey_19_19.U1.Y (net)
                  0.07    0.00    4.15 v ppa_grey_20_20.U1.ao21/A1 (sky130_fd_sc_hd__a21o_1)
                  0.06    0.20    4.36 v ppa_grey_20_20.U1.ao21/X (sky130_fd_sc_hd__a21o_1)
     2    0.01                           ppa_grey_20_20.U1.Y (net)
                  0.06    0.00    4.36 v ppa_grey_21_21.U1.ao21/A1 (sky130_fd_sc_hd__a21o_1)
                  0.05    0.19    4.55 v ppa_grey_21_21.U1.ao21/X (sky130_fd_sc_hd__a21o_1)
     2    0.01                           ppa_grey_21_21.U1.Y (net)
                  0.05    0.00    4.55 v ppa_grey_22_22.U1.ao21/A1 (sky130_fd_sc_hd__a21o_1)
                  0.09    0.22    4.77 v ppa_grey_22_22.U1.ao21/X (sky130_fd_sc_hd__a21o_1)
     2    0.02                           ppa_grey_22_22.U1.Y (net)
                  0.09    0.00    4.77 v ppa_grey_23_23.U1.ao21/A1 (sky130_fd_sc_hd__a21o_1)
                  0.06    0.21    4.98 v ppa_grey_23_23.U1.ao21/X (sky130_fd_sc_hd__a21o_1)
     2    0.01                           ppa_grey_23_23.U1.Y (net)
                  0.06    0.00    4.98 v ppa_grey_24_24.U1.ao21/A1 (sky130_fd_sc_hd__a21o_1)
                  0.07    0.21    5.18 v ppa_grey_24_24.U1.ao21/X (sky130_fd_sc_hd__a21o_1)
     2    0.01                           ppa_grey_24_24.U1.Y (net)
                  0.07    0.00    5.18 v ppa_grey_25_25.U1.ao21/A1 (sky130_fd_sc_hd__a21o_1)
                  0.05    0.19    5.38 v ppa_grey_25_25.U1.ao21/X (sky130_fd_sc_hd__a21o_1)
     2    0.01                           ppa_grey_25_25.U1.Y (net)
                  0.05    0.00    5.38 v ppa_grey_26_26.U1.ao21/A1 (sky130_fd_sc_hd__a21o_1)
                  0.05    0.18    5.56 v ppa_grey_26_26.U1.ao21/X (sky130_fd_sc_hd__a21o_1)
     2    0.01                           ppa_grey_26_26.U1.Y (net)
                  0.05    0.00    5.56 v ppa_grey_27_27.U1.ao21/A1 (sky130_fd_sc_hd__a21o_1)
                  0.07    0.20    5.76 v ppa_grey_27_27.U1.ao21/X (sky130_fd_sc_hd__a21o_1)
     2    0.01                           ppa_grey_27_27.U1.Y (net)
                  0.07    0.00    5.76 v ppa_grey_28_28.U1.ao21/A1 (sky130_fd_sc_hd__a21o_1)
                  0.06    0.19    5.96 v ppa_grey_28_28.U1.ao21/X (sky130_fd_sc_hd__a21o_1)
     2    0.01                           ppa_grey_28_28.U1.Y (net)
                  0.06    0.00    5.96 v ppa_grey_29_29.U1.ao21/A1 (sky130_fd_sc_hd__a21o_1)
                  0.06    0.20    6.15 v ppa_grey_29_29.U1.ao21/X (sky130_fd_sc_hd__a21o_1)
     2    0.01                           ppa_grey_29_29.U1.Y (net)
                  0.06    0.00    6.16 v ppa_grey_30_30.U1.ao21/A1 (sky130_fd_sc_hd__a21o_1)
                  0.05    0.18    6.34 v ppa_grey_30_30.U1.ao21/X (sky130_fd_sc_hd__a21o_1)
     2    0.01                           ppa_grey_30_30.U1.Y (net)
                  0.05    0.00    6.34 v ppa_grey_31_31.U1.ao21/A1 (sky130_fd_sc_hd__a21o_1)
                  0.07    0.20    6.54 v ppa_grey_31_31.U1.ao21/X (sky130_fd_sc_hd__a21o_1)
     2    0.01                           ppa_grey_31_31.U1.Y (net)
                  0.07    0.00    6.54 v ppa_grey_cout.U1.ao21/A1 (sky130_fd_sc_hd__a21o_1)
                  0.03    0.17    6.71 v ppa_grey_cout.U1.ao21/X (sky130_fd_sc_hd__a21o_1)
     1    0.00                           net66 (net)
                  0.03    0.00    6.71 v output66/A (sky130_fd_sc_hd__buf_2)
                  0.10    0.19    6.90 v output66/X (sky130_fd_sc_hd__buf_2)
     1    0.03                           cout (net)
                  0.10    0.00    6.90 v cout (out)
                                  6.90   data arrival time

                  0.00    2.00    2.00   clock clk (rise edge)
                          0.00    2.00   clock network delay (ideal)
                         -0.25    1.75   clock uncertainty
                          0.00    1.75   clock reconvergence pessimism
                          0.00    1.75   output external delay
                                  1.75   data required time
-----------------------------------------------------------------------------
                                  1.75   data required time
                                 -6.90   data arrival time
-----------------------------------------------------------------------------
                                 -5.15   slack (VIOLATED)


Startpoint: b[0] (input port clocked by clk)
Endpoint: sum[28] (output port clocked by clk)
Path Group: clk
Path Type: max

Fanout     Cap    Slew   Delay    Time   Description
-----------------------------------------------------------------------------
                  0.00    0.00    0.00   clock clk (rise edge)
                          0.00    0.00   clock network delay (ideal)
                          0.00    0.00 v input external delay
                  0.02    0.01    0.01 v b[0] (in)
     1    0.01                           b[0] (net)
                  0.02    0.00    0.01 v input33/A (sky130_fd_sc_hd__buf_4)
                  0.04    0.15    0.16 v input33/X (sky130_fd_sc_hd__buf_4)
     2    0.02                           net33 (net)
                  0.04    0.00    0.16 v ppa_pre_1_0.U1.xor2/B (sky130_fd_sc_hd__xor2_2)
                  0.06    0.16    0.32 v ppa_pre_1_0.U1.xor2/X (sky130_fd_sc_hd__xor2_2)
     2    0.01                           ppa_grey_1_1.U1.A1 (net)
                  0.06    0.00    0.32 v ppa_grey_1_1.U1.ao21/A2 (sky130_fd_sc_hd__a21o_1)
                  0.07    0.23    0.55 v ppa_grey_1_1.U1.ao21/X (sky130_fd_sc_hd__a21o_1)
     2    0.01                           ppa_grey_1_1.U1.Y (net)
                  0.07    0.00    0.55 v ppa_grey_2_2.U1.ao21/A1 (sky130_fd_sc_hd__a21o_1)
                  0.06    0.20    0.75 v ppa_grey_2_2.U1.ao21/X (sky130_fd_sc_hd__a21o_1)
     2    0.01                           ppa_grey_2_2.U1.Y (net)
                  0.06    0.00    0.75 v ppa_grey_3_3.U1.ao21/A1 (sky130_fd_sc_hd__a21o_1)
                  0.07    0.21    0.96 v ppa_grey_3_3.U1.ao21/X (sky130_fd_sc_hd__a21o_1)
     2    0.01                           ppa_grey_3_3.U1.Y (net)
                  0.07    0.00    0.96 v ppa_grey_4_4.U1.ao21/A1 (sky130_fd_sc_hd__a21o_1)
                  0.06    0.20    1.16 v ppa_grey_4_4.U1.ao21/X (sky130_fd_sc_hd__a21o_1)
     2    0.01                           ppa_grey_4_4.U1.Y (net)
                  0.06    0.00    1.16 v ppa_grey_5_5.U1.ao21/A1 (sky130_fd_sc_hd__a21o_1)
                  0.07    0.20    1.36 v ppa_grey_5_5.U1.ao21/X (sky130_fd_sc_hd__a21o_1)
     2    0.01                           ppa_grey_5_5.U1.Y (net)
                  0.07    0.00    1.36 v ppa_grey_6_6.U1.ao21/A1 (sky130_fd_sc_hd__a21o_1)
                  0.07    0.21    1.58 v ppa_grey_6_6.U1.ao21/X (sky130_fd_sc_hd__a21o_1)
     2    0.01                           ppa_grey_6_6.U1.Y (net)
                  0.07    0.00    1.58 v ppa_grey_7_7.U1.ao21/A1 (sky130_fd_sc_hd__a21o_1)
                  0.06    0.20    1.78 v ppa_grey_7_7.U1.ao21/X (sky130_fd_sc_hd__a21o_1)
     2    0.01                           ppa_grey_7_7.U1.Y (net)
                  0.06    0.00    1.78 v ppa_grey_8_8.U1.ao21/A1 (sky130_fd_sc_hd__a21o_1)
                  0.08    0.21    1.99 v ppa_grey_8_8.U1.ao21/X (sky130_fd_sc_hd__a21o_1)
     2    0.01                           ppa_grey_8_8.U1.Y (net)
                  0.08    0.00    1.99 v ppa_grey_9_9.U1.ao21/A1 (sky130_fd_sc_hd__a21o_1)
                  0.06    0.21    2.20 v ppa_grey_9_9.U1.ao21/X (sky130_fd_sc_hd__a21o_1)
     2    0.01                           ppa_grey_10_10.U1.A0 (net)
                  0.06    0.00    2.20 v ppa_grey_10_10.U1.ao21/A1 (sky130_fd_sc_hd__a21o_1)
                  0.05    0.18    2.38 v ppa_grey_10_10.U1.ao21/X (sky130_fd_sc_hd__a21o_1)
     2    0.01                           ppa_grey_10_10.U1.Y (net)
                  0.05    0.00    2.38 v ppa_grey_11_11.U1.ao21/A1 (sky130_fd_sc_hd__a21o_1)
                  0.05    0.18    2.56 v ppa_grey_11_11.U1.ao21/X (sky130_fd_sc_hd__a21o_1)
     2    0.01                           ppa_grey_11_11.U1.Y (net)
                  0.05    0.00    2.56 v ppa_grey_12_12.U1.ao21/A1 (sky130_fd_sc_hd__a21o_1)
                  0.07    0.20    2.76 v ppa_grey_12_12.U1.ao21/X (sky130_fd_sc_hd__a21o_1)
     2    0.01                           ppa_grey_12_12.U1.Y (net)
                  0.07    0.00    2.76 v ppa_grey_13_13.U1.ao21/A1 (sky130_fd_sc_hd__a21o_1)
                  0.06    0.20    2.97 v ppa_grey_13_13.U1.ao21/X (sky130_fd_sc_hd__a21o_1)
     2    0.01                           ppa_grey_13_13.U1.Y (net)
                  0.06    0.00    2.97 v ppa_grey_14_14.U1.ao21/A1 (sky130_fd_sc_hd__a21o_1)
                  0.06    0.20    3.17 v ppa_grey_14_14.U1.ao21/X (sky130_fd_sc_hd__a21o_1)
     2    0.01                           ppa_grey_14_14.U1.Y (net)
                  0.06    0.00    3.17 v ppa_grey_15_15.U1.ao21/A1 (sky130_fd_sc_hd__a21o_1)
                  0.06    0.19    3.36 v ppa_grey_15_15.U1.ao21/X (sky130_fd_sc_hd__a21o_1)
     2    0.01                           ppa_grey_15_15.U1.Y (net)
                  0.06    0.00    3.36 v ppa_grey_16_16.U1.ao21/A1 (sky130_fd_sc_hd__a21o_1)
                  0.09    0.22    3.58 v ppa_grey_16_16.U1.ao21/X (sky130_fd_sc_hd__a21o_1)
     2    0.02                           ppa_grey_16_16.U1.Y (net)
                  0.09    0.00    3.58 v ppa_grey_17_17.U1.ao21/A1 (sky130_fd_sc_hd__a21o_1)
                  0.05    0.19    3.78 v ppa_grey_17_17.U1.ao21/X (sky130_fd_sc_hd__a21o_1)
     2    0.01                           ppa_grey_17_17.U1.Y (net)
                  0.05    0.00    3.78 v ppa_grey_18_18.U1.ao21/A1 (sky130_fd_sc_hd__a21o_1)
                  0.05    0.18    3.96 v ppa_grey_18_18.U1.ao21/X (sky130_fd_sc_hd__a21o_1)
     2    0.01                           ppa_grey_18_18.U1.Y (net)
                  0.05    0.00    3.96 v ppa_grey_19_19.U1.ao21/A1 (sky130_fd_sc_hd__a21o_1)
                  0.07    0.20    4.15 v ppa_grey_19_19.U1.ao21/X (sky130_fd_sc_hd__a21o_1)
     2    0.01                           ppa_grey_19_19.U1.Y (net)
                  0.07    0.00    4.15 v ppa_grey_20_20.U1.ao21/A1 (sky130_fd_sc_hd__a21o_1)
                  0.06    0.20    4.36 v ppa_grey_20_20.U1.ao21/X (sky130_fd_sc_hd__a21o_1)
     2    0.01                           ppa_grey_20_20.U1.Y (net)
                  0.06    0.00    4.36 v ppa_grey_21_21.U1.ao21/A1 (sky130_fd_sc_hd__a21o_1)
                  0.05    0.19    4.55 v ppa_grey_21_21.U1.ao21/X (sky130_fd_sc_hd__a21o_1)
     2    0.01                           ppa_grey_21_21.U1.Y (net)
                  0.05    0.00    4.55 v ppa_grey_22_22.U1.ao21/A1 (sky130_fd_sc_hd__a21o_1)
                  0.09    0.22    4.77 v ppa_grey_22_22.U1.ao21/X (sky130_fd_sc_hd__a21o_1)
     2    0.02                           ppa_grey_22_22.U1.Y (net)
                  0.09    0.00    4.77 v ppa_grey_23_23.U1.ao21/A1 (sky130_fd_sc_hd__a21o_1)
                  0.06    0.21    4.98 v ppa_grey_23_23.U1.ao21/X (sky130_fd_sc_hd__a21o_1)
     2    0.01                           ppa_grey_23_23.U1.Y (net)
                  0.06    0.00    4.98 v ppa_grey_24_24.U1.ao21/A1 (sky130_fd_sc_hd__a21o_1)
                  0.07    0.21    5.18 v ppa_grey_24_24.U1.ao21/X (sky130_fd_sc_hd__a21o_1)
     2    0.01                           ppa_grey_24_24.U1.Y (net)
                  0.07    0.00    5.18 v ppa_grey_25_25.U1.ao21/A1 (sky130_fd_sc_hd__a21o_1)
                  0.05    0.19    5.38 v ppa_grey_25_25.U1.ao21/X (sky130_fd_sc_hd__a21o_1)
     2    0.01                           ppa_grey_25_25.U1.Y (net)
                  0.05    0.00    5.38 v ppa_grey_26_26.U1.ao21/A1 (sky130_fd_sc_hd__a21o_1)
                  0.05    0.18    5.56 v ppa_grey_26_26.U1.ao21/X (sky130_fd_sc_hd__a21o_1)
     2    0.01                           ppa_grey_26_26.U1.Y (net)
                  0.05    0.00    5.56 v ppa_grey_27_27.U1.ao21/A1 (sky130_fd_sc_hd__a21o_1)
                  0.07    0.20    5.76 v ppa_grey_27_27.U1.ao21/X (sky130_fd_sc_hd__a21o_1)
     2    0.01                           ppa_grey_27_27.U1.Y (net)
                  0.07    0.00    5.76 v ppa_grey_28_28.U1.ao21/A1 (sky130_fd_sc_hd__a21o_1)
                  0.06    0.19    5.96 v ppa_grey_28_28.U1.ao21/X (sky130_fd_sc_hd__a21o_1)
     2    0.01                           ppa_grey_28_28.U1.Y (net)
                  0.06    0.00    5.96 v rebuffer19/A (sky130_fd_sc_hd__dlygate4sd1_1)
                  0.04    0.26    6.22 v rebuffer19/X (sky130_fd_sc_hd__dlygate4sd1_1)
     1    0.01                           net117 (net)
                  0.04    0.00    6.22 v ppa_post_28_32.U1.xor2/B (sky130_fd_sc_hd__xor2_1)
                  0.17    0.18    6.39 ^ ppa_post_28_32.U1.xor2/X (sky130_fd_sc_hd__xor2_1)
     1    0.01                           ppa_post_28_32.U1.Y (net)
                  0.17    0.00    6.39 ^ _05_/A (sky130_fd_sc_hd__clkbuf_1)
                  0.07    0.13    6.53 ^ _05_/X (sky130_fd_sc_hd__clkbuf_1)
     1    0.01                           net87 (net)
                  0.07    0.00    6.53 ^ output87/A (sky130_fd_sc_hd__buf_2)
                  0.19    0.23    6.76 ^ output87/X (sky130_fd_sc_hd__buf_2)
     1    0.03                           sum[28] (net)
                  0.19    0.00    6.76 ^ sum[28] (out)
                                  6.76   data arrival time

                  0.00    2.00    2.00   clock clk (rise edge)
                          0.00    2.00   clock network delay (ideal)
                         -0.25    1.75   clock uncertainty
                          0.00    1.75   clock reconvergence pessimism
                          0.00    1.75   output external delay
                                  1.75   data required time
-----------------------------------------------------------------------------
                                  1.75   data required time
                                 -6.76   data arrival time
-----------------------------------------------------------------------------
                                 -5.01   slack (VIOLATED)


