
===========================================================================
report_checks -unconstrained
============================================================================
Startpoint: a[0] (input port clocked by clk)
Endpoint: sum[30] (output port clocked by clk)
Path Group: clk
Path Type: max

Fanout     Cap    Slew   Delay    Time   Description
-----------------------------------------------------------------------------
                  0.00    0.00    0.00   clock clk (rise edge)
                          0.00    0.00   clock network delay (ideal)
                          0.00    0.00 v input external delay
                  0.02    0.01    0.01 v a[0] (in)
     1    0.01                           a[0] (net)
                  0.02    0.00    0.01 v input1/A (sky130_fd_sc_hd__buf_6)
                  0.03    0.11    0.13 v input1/X (sky130_fd_sc_hd__buf_6)
     2    0.01                           net1 (net)
                  0.03    0.00    0.13 v ppa_pre_1_0.U1.xor2/A (sky130_fd_sc_hd__xor2_2)
                  0.05    0.18    0.30 v ppa_pre_1_0.U1.xor2/X (sky130_fd_sc_hd__xor2_2)
     2    0.01                           ppa_grey_1_1.U1.A1 (net)
                  0.05    0.00    0.30 v ppa_grey_1_1.U1.ao21/A2 (sky130_fd_sc_hd__a21o_1)
                  0.06    0.21    0.52 v ppa_grey_1_1.U1.ao21/X (sky130_fd_sc_hd__a21o_1)
     2    0.01                           ppa_grey_1_1.U1.Y (net)
                  0.06    0.00    0.52 v ppa_grey_2_2.U1.ao21/A1 (sky130_fd_sc_hd__a21o_1)
                  0.07    0.20    0.72 v ppa_grey_2_2.U1.ao21/X (sky130_fd_sc_hd__a21o_1)
     2    0.01                           ppa_grey_2_2.U1.Y (net)
                  0.07    0.00    0.72 v ppa_grey_3_3.U1.ao21/A1 (sky130_fd_sc_hd__a21o_1)
                  0.07    0.21    0.93 v ppa_grey_3_3.U1.ao21/X (sky130_fd_sc_hd__a21o_1)
     2    0.01                           ppa_grey_3_3.U1.Y (net)
                  0.07    0.00    0.93 v ppa_grey_4_4.U1.ao21/A1 (sky130_fd_sc_hd__a21o_1)
                  0.06    0.19    1.13 v ppa_grey_4_4.U1.ao21/X (sky130_fd_sc_hd__a21o_1)
     2    0.01                           ppa_grey_4_4.U1.Y (net)
                  0.06    0.00    1.13 v ppa_grey_5_5.U1.ao21/A1 (sky130_fd_sc_hd__a21o_1)
                  0.05    0.18    1.31 v ppa_grey_5_5.U1.ao21/X (sky130_fd_sc_hd__a21o_1)
     2    0.01                           ppa_grey_5_5.U1.Y (net)
                  0.05    0.00    1.31 v ppa_grey_6_6.U1.ao21/A1 (sky130_fd_sc_hd__a21o_1)
                  0.07    0.20    1.51 v ppa_grey_6_6.U1.ao21/X (sky130_fd_sc_hd__a21o_1)
     2    0.01                           ppa_grey_6_6.U1.Y (net)
                  0.07    0.00    1.51 v ppa_grey_7_7.U1.ao21/A1 (sky130_fd_sc_hd__a21o_1)
                  0.06    0.20    1.71 v ppa_grey_7_7.U1.ao21/X (sky130_fd_sc_hd__a21o_1)
     2    0.01                           ppa_grey_7_7.U1.Y (net)
                  0.06    0.00    1.71 v ppa_grey_8_8.U1.ao21/A1 (sky130_fd_sc_hd__a21o_1)
                  0.06    0.20    1.91 v ppa_grey_8_8.U1.ao21/X (sky130_fd_sc_hd__a21o_1)
     2    0.01                           ppa_grey_8_8.U1.Y (net)
                  0.06    0.00    1.91 v ppa_grey_9_9.U1.ao21/A1 (sky130_fd_sc_hd__a21o_1)
                  0.06    0.19    2.10 v ppa_grey_9_9.U1.ao21/X (sky130_fd_sc_hd__a21o_1)
     2    0.01                           ppa_grey_10_10.U1.A0 (net)
                  0.06    0.00    2.11 v ppa_grey_10_10.U1.ao21/A1 (sky130_fd_sc_hd__a21o_1)
                  0.06    0.19    2.29 v ppa_grey_10_10.U1.ao21/X (sky130_fd_sc_hd__a21o_1)
     2    0.01                           ppa_grey_10_10.U1.Y (net)
                  0.06    0.00    2.29 v ppa_grey_11_11.U1.ao21/A1 (sky130_fd_sc_hd__a21o_1)
                  0.05    0.18    2.48 v ppa_grey_11_11.U1.ao21/X (sky130_fd_sc_hd__a21o_1)
     2    0.01                           ppa_grey_11_11.U1.Y (net)
                  0.05    0.00    2.48 v ppa_grey_12_12.U1.ao21/A1 (sky130_fd_sc_hd__a21o_1)
                  0.11    0.24    2.72 v ppa_grey_12_12.U1.ao21/X (sky130_fd_sc_hd__a21o_1)
     2    0.02                           ppa_grey_12_12.U1.Y (net)
                  0.11    0.00    2.72 v ppa_grey_13_13.U1.ao21/A1 (sky130_fd_sc_hd__a21o_1)
                  0.05    0.20    2.92 v ppa_grey_13_13.U1.ao21/X (sky130_fd_sc_hd__a21o_1)
     2    0.01                           ppa_grey_13_13.U1.Y (net)
                  0.05    0.00    2.92 v ppa_grey_14_14.U1.ao21/A1 (sky130_fd_sc_hd__a21o_1)
                  0.04    0.17    3.09 v ppa_grey_14_14.U1.ao21/X (sky130_fd_sc_hd__a21o_1)
     2    0.00                           ppa_grey_14_14.U1.Y (net)
                  0.04    0.00    3.09 v ppa_grey_15_15.U1.ao21/A1 (sky130_fd_sc_hd__a21o_1)
                  0.06    0.18    3.27 v ppa_grey_15_15.U1.ao21/X (sky130_fd_sc_hd__a21o_1)
     2    0.01                           ppa_grey_15_15.U1.Y (net)
                  0.06    0.00    3.27 v ppa_grey_16_16.U1.ao21/A1 (sky130_fd_sc_hd__a21o_1)
                  0.08    0.21    3.48 v ppa_grey_16_16.U1.ao21/X (sky130_fd_sc_hd__a21o_1)
     2    0.01                           ppa_grey_16_16.U1.Y (net)
                  0.08    0.00    3.48 v ppa_grey_17_17.U1.ao21/A1 (sky130_fd_sc_hd__a21o_1)
                  0.06    0.20    3.68 v ppa_grey_17_17.U1.ao21/X (sky130_fd_sc_hd__a21o_1)
     2    0.01                           ppa_grey_17_17.U1.Y (net)
                  0.06    0.00    3.68 v ppa_grey_18_18.U1.ao21/A1 (sky130_fd_sc_hd__a21o_1)
                  0.04    0.17    3.85 v ppa_grey_18_18.U1.ao21/X (sky130_fd_sc_hd__a21o_1)
     2    0.01                           ppa_grey_18_18.U1.Y (net)
                  0.04    0.00    3.85 v ppa_grey_19_19.U1.ao21/A1 (sky130_fd_sc_hd__a21o_1)
                  0.06    0.18    4.03 v ppa_grey_19_19.U1.ao21/X (sky130_fd_sc_hd__a21o_1)
     2    0.01                           ppa_grey_19_19.U1.Y (net)
                  0.06    0.00    4.03 v ppa_grey_20_20.U1.ao21/A1 (sky130_fd_sc_hd__a21o_1)
                  0.06    0.19    4.22 v ppa_grey_20_20.U1.ao21/X (sky130_fd_sc_hd__a21o_1)
     2    0.01                           ppa_grey_20_20.U1.Y (net)
                  0.06    0.00    4.22 v ppa_grey_21_21.U1.ao21/A1 (sky130_fd_sc_hd__a21o_1)
                  0.05    0.18    4.41 v ppa_grey_21_21.U1.ao21/X (sky130_fd_sc_hd__a21o_1)
     2    0.01                           ppa_grey_21_21.U1.Y (net)
                  0.05    0.00    4.41 v ppa_grey_22_22.U1.ao21/A1 (sky130_fd_sc_hd__a21o_1)
                  0.06    0.19    4.59 v ppa_grey_22_22.U1.ao21/X (sky130_fd_sc_hd__a21o_1)
     2    0.01                           ppa_grey_22_22.U1.Y (net)
                  0.06    0.00    4.59 v ppa_grey_23_23.U1.ao21/A1 (sky130_fd_sc_hd__a21o_1)
                  0.05    0.18    4.77 v ppa_grey_23_23.U1.ao21/X (sky130_fd_sc_hd__a21o_1)
     2    0.01                           ppa_grey_23_23.U1.Y (net)
                  0.05    0.00    4.77 v ppa_grey_24_24.U1.ao21/A1 (sky130_fd_sc_hd__a21o_1)
                  0.05    0.18    4.95 v ppa_grey_24_24.U1.ao21/X (sky130_fd_sc_hd__a21o_1)
     2    0.01                           ppa_grey_24_24.U1.Y (net)
                  0.05    0.00    4.95 v ppa_grey_25_25.U1.ao21/A1 (sky130_fd_sc_hd__a21o_1)
                  0.05    0.18    5.13 v ppa_grey_25_25.U1.ao21/X (sky130_fd_sc_hd__a21o_1)
     2    0.01                           ppa_grey_25_25.U1.Y (net)
                  0.05    0.00    5.13 v ppa_grey_26_26.U1.ao21/A1 (sky130_fd_sc_hd__a21o_1)
                  0.05    0.17    5.30 v ppa_grey_26_26.U1.ao21/X (sky130_fd_sc_hd__a21o_1)
     2    0.01                           ppa_grey_26_26.U1.Y (net)
                  0.05    0.00    5.30 v ppa_grey_27_27.U1.ao21/A1 (sky130_fd_sc_hd__a21o_1)
                  0.06    0.19    5.49 v ppa_grey_27_27.U1.ao21/X (sky130_fd_sc_hd__a21o_1)
     2    0.01                           ppa_grey_27_27.U1.Y (net)
                  0.06    0.00    5.49 v ppa_grey_28_28.U1.ao21/A1 (sky130_fd_sc_hd__a21o_1)
                  0.04    0.17    5.67 v ppa_grey_28_28.U1.ao21/X (sky130_fd_sc_hd__a21o_1)
     2    0.00                           ppa_grey_28_28.U1.Y (net)
                  0.04    0.00    5.67 v ppa_grey_29_29.U1.ao21/A1 (sky130_fd_sc_hd__a21o_1)
                  0.06    0.18    5.85 v ppa_grey_29_29.U1.ao21/X (sky130_fd_sc_hd__a21o_1)
     2    0.01                           ppa_grey_29_29.U1.Y (net)
                  0.06    0.00    5.85 v ppa_grey_30_30.U1.ao21/A1 (sky130_fd_sc_hd__a21o_1)
                  0.07    0.20    6.05 v ppa_grey_30_30.U1.ao21/X (sky130_fd_sc_hd__a21o_1)
     2    0.01                           ppa_grey_30_30.U1.Y (net)
                  0.07    0.00    6.05 v rebuffer1/A (sky130_fd_sc_hd__buf_2)
                  0.03    0.14    6.19 v rebuffer1/X (sky130_fd_sc_hd__buf_2)
     1    0.01                           net99 (net)
                  0.03    0.00    6.19 v ppa_post_30_32.U1.xor2/B (sky130_fd_sc_hd__xor2_1)
                  0.11    0.12    6.31 ^ ppa_post_30_32.U1.xor2/X (sky130_fd_sc_hd__xor2_1)
     1    0.00                           ppa_post_30_32.U1.Y (net)
                  0.11    0.00    6.31 ^ _07_/A (sky130_fd_sc_hd__clkbuf_1)
                  0.11    0.15    6.46 ^ _07_/X (sky130_fd_sc_hd__clkbuf_1)
     1    0.01                           net90 (net)
                  0.11    0.00    6.47 ^ output90/A (sky130_fd_sc_hd__buf_2)
                  0.19    0.25    6.71 ^ output90/X (sky130_fd_sc_hd__buf_2)
     1    0.03                           sum[30] (net)
                  0.19    0.00    6.71 ^ sum[30] (out)
                                  6.71   data arrival time

                  0.00    1.00    1.00   clock clk (rise edge)
                          0.00    1.00   clock network delay (ideal)
                         -0.25    0.75   clock uncertainty
                          0.00    0.75   clock reconvergence pessimism
                          0.00    0.75   output external delay
                                  0.75   data required time
-----------------------------------------------------------------------------
                                  0.75   data required time
                                 -6.71   data arrival time
-----------------------------------------------------------------------------
                                 -5.96   slack (VIOLATED)



===========================================================================
report_checks --slack_max -0.01
============================================================================
Startpoint: a[0] (input port clocked by clk)
Endpoint: sum[30] (output port clocked by clk)
Path Group: clk
Path Type: max

Fanout     Cap    Slew   Delay    Time   Description
-----------------------------------------------------------------------------
                  0.00    0.00    0.00   clock clk (rise edge)
                          0.00    0.00   clock network delay (ideal)
                          0.00    0.00 v input external delay
                  0.02    0.01    0.01 v a[0] (in)
     1    0.01                           a[0] (net)
                  0.02    0.00    0.01 v input1/A (sky130_fd_sc_hd__buf_6)
                  0.03    0.11    0.13 v input1/X (sky130_fd_sc_hd__buf_6)
     2    0.01                           net1 (net)
                  0.03    0.00    0.13 v ppa_pre_1_0.U1.xor2/A (sky130_fd_sc_hd__xor2_2)
                  0.05    0.18    0.30 v ppa_pre_1_0.U1.xor2/X (sky130_fd_sc_hd__xor2_2)
     2    0.01                           ppa_grey_1_1.U1.A1 (net)
                  0.05    0.00    0.30 v ppa_grey_1_1.U1.ao21/A2 (sky130_fd_sc_hd__a21o_1)
                  0.06    0.21    0.52 v ppa_grey_1_1.U1.ao21/X (sky130_fd_sc_hd__a21o_1)
     2    0.01                           ppa_grey_1_1.U1.Y (net)
                  0.06    0.00    0.52 v ppa_grey_2_2.U1.ao21/A1 (sky130_fd_sc_hd__a21o_1)
                  0.07    0.20    0.72 v ppa_grey_2_2.U1.ao21/X (sky130_fd_sc_hd__a21o_1)
     2    0.01                           ppa_grey_2_2.U1.Y (net)
                  0.07    0.00    0.72 v ppa_grey_3_3.U1.ao21/A1 (sky130_fd_sc_hd__a21o_1)
                  0.07    0.21    0.93 v ppa_grey_3_3.U1.ao21/X (sky130_fd_sc_hd__a21o_1)
     2    0.01                           ppa_grey_3_3.U1.Y (net)
                  0.07    0.00    0.93 v ppa_grey_4_4.U1.ao21/A1 (sky130_fd_sc_hd__a21o_1)
                  0.06    0.19    1.13 v ppa_grey_4_4.U1.ao21/X (sky130_fd_sc_hd__a21o_1)
     2    0.01                           ppa_grey_4_4.U1.Y (net)
                  0.06    0.00    1.13 v ppa_grey_5_5.U1.ao21/A1 (sky130_fd_sc_hd__a21o_1)
                  0.05    0.18    1.31 v ppa_grey_5_5.U1.ao21/X (sky130_fd_sc_hd__a21o_1)
     2    0.01                           ppa_grey_5_5.U1.Y (net)
                  0.05    0.00    1.31 v ppa_grey_6_6.U1.ao21/A1 (sky130_fd_sc_hd__a21o_1)
                  0.07    0.20    1.51 v ppa_grey_6_6.U1.ao21/X (sky130_fd_sc_hd__a21o_1)
     2    0.01                           ppa_grey_6_6.U1.Y (net)
                  0.07    0.00    1.51 v ppa_grey_7_7.U1.ao21/A1 (sky130_fd_sc_hd__a21o_1)
                  0.06    0.20    1.71 v ppa_grey_7_7.U1.ao21/X (sky130_fd_sc_hd__a21o_1)
     2    0.01                           ppa_grey_7_7.U1.Y (net)
                  0.06    0.00    1.71 v ppa_grey_8_8.U1.ao21/A1 (sky130_fd_sc_hd__a21o_1)
                  0.06    0.20    1.91 v ppa_grey_8_8.U1.ao21/X (sky130_fd_sc_hd__a21o_1)
     2    0.01                           ppa_grey_8_8.U1.Y (net)
                  0.06    0.00    1.91 v ppa_grey_9_9.U1.ao21/A1 (sky130_fd_sc_hd__a21o_1)
                  0.06    0.19    2.10 v ppa_grey_9_9.U1.ao21/X (sky130_fd_sc_hd__a21o_1)
     2    0.01                           ppa_grey_10_10.U1.A0 (net)
                  0.06    0.00    2.11 v ppa_grey_10_10.U1.ao21/A1 (sky130_fd_sc_hd__a21o_1)
                  0.06    0.19    2.29 v ppa_grey_10_10.U1.ao21/X (sky130_fd_sc_hd__a21o_1)
     2    0.01                           ppa_grey_10_10.U1.Y (net)
                  0.06    0.00    2.29 v ppa_grey_11_11.U1.ao21/A1 (sky130_fd_sc_hd__a21o_1)
                  0.05    0.18    2.48 v ppa_grey_11_11.U1.ao21/X (sky130_fd_sc_hd__a21o_1)
     2    0.01                           ppa_grey_11_11.U1.Y (net)
                  0.05    0.00    2.48 v ppa_grey_12_12.U1.ao21/A1 (sky130_fd_sc_hd__a21o_1)
                  0.11    0.24    2.72 v ppa_grey_12_12.U1.ao21/X (sky130_fd_sc_hd__a21o_1)
     2    0.02                           ppa_grey_12_12.U1.Y (net)
                  0.11    0.00    2.72 v ppa_grey_13_13.U1.ao21/A1 (sky130_fd_sc_hd__a21o_1)
                  0.05    0.20    2.92 v ppa_grey_13_13.U1.ao21/X (sky130_fd_sc_hd__a21o_1)
     2    0.01                           ppa_grey_13_13.U1.Y (net)
                  0.05    0.00    2.92 v ppa_grey_14_14.U1.ao21/A1 (sky130_fd_sc_hd__a21o_1)
                  0.04    0.17    3.09 v ppa_grey_14_14.U1.ao21/X (sky130_fd_sc_hd__a21o_1)
     2    0.00                           ppa_grey_14_14.U1.Y (net)
                  0.04    0.00    3.09 v ppa_grey_15_15.U1.ao21/A1 (sky130_fd_sc_hd__a21o_1)
                  0.06    0.18    3.27 v ppa_grey_15_15.U1.ao21/X (sky130_fd_sc_hd__a21o_1)
     2    0.01                           ppa_grey_15_15.U1.Y (net)
                  0.06    0.00    3.27 v ppa_grey_16_16.U1.ao21/A1 (sky130_fd_sc_hd__a21o_1)
                  0.08    0.21    3.48 v ppa_grey_16_16.U1.ao21/X (sky130_fd_sc_hd__a21o_1)
     2    0.01                           ppa_grey_16_16.U1.Y (net)
                  0.08    0.00    3.48 v ppa_grey_17_17.U1.ao21/A1 (sky130_fd_sc_hd__a21o_1)
                  0.06    0.20    3.68 v ppa_grey_17_17.U1.ao21/X (sky130_fd_sc_hd__a21o_1)
     2    0.01                           ppa_grey_17_17.U1.Y (net)
                  0.06    0.00    3.68 v ppa_grey_18_18.U1.ao21/A1 (sky130_fd_sc_hd__a21o_1)
                  0.04    0.17    3.85 v ppa_grey_18_18.U1.ao21/X (sky130_fd_sc_hd__a21o_1)
     2    0.01                           ppa_grey_18_18.U1.Y (net)
                  0.04    0.00    3.85 v ppa_grey_19_19.U1.ao21/A1 (sky130_fd_sc_hd__a21o_1)
                  0.06    0.18    4.03 v ppa_grey_19_19.U1.ao21/X (sky130_fd_sc_hd__a21o_1)
     2    0.01                           ppa_grey_19_19.U1.Y (net)
                  0.06    0.00    4.03 v ppa_grey_20_20.U1.ao21/A1 (sky130_fd_sc_hd__a21o_1)
                  0.06    0.19    4.22 v ppa_grey_20_20.U1.ao21/X (sky130_fd_sc_hd__a21o_1)
     2    0.01                           ppa_grey_20_20.U1.Y (net)
                  0.06    0.00    4.22 v ppa_grey_21_21.U1.ao21/A1 (sky130_fd_sc_hd__a21o_1)
                  0.05    0.18    4.41 v ppa_grey_21_21.U1.ao21/X (sky130_fd_sc_hd__a21o_1)
     2    0.01                           ppa_grey_21_21.U1.Y (net)
                  0.05    0.00    4.41 v ppa_grey_22_22.U1.ao21/A1 (sky130_fd_sc_hd__a21o_1)
                  0.06    0.19    4.59 v ppa_grey_22_22.U1.ao21/X (sky130_fd_sc_hd__a21o_1)
     2    0.01                           ppa_grey_22_22.U1.Y (net)
                  0.06    0.00    4.59 v ppa_grey_23_23.U1.ao21/A1 (sky130_fd_sc_hd__a21o_1)
                  0.05    0.18    4.77 v ppa_grey_23_23.U1.ao21/X (sky130_fd_sc_hd__a21o_1)
     2    0.01                           ppa_grey_23_23.U1.Y (net)
                  0.05    0.00    4.77 v ppa_grey_24_24.U1.ao21/A1 (sky130_fd_sc_hd__a21o_1)
                  0.05    0.18    4.95 v ppa_grey_24_24.U1.ao21/X (sky130_fd_sc_hd__a21o_1)
     2    0.01                           ppa_grey_24_24.U1.Y (net)
                  0.05    0.00    4.95 v ppa_grey_25_25.U1.ao21/A1 (sky130_fd_sc_hd__a21o_1)
                  0.05    0.18    5.13 v ppa_grey_25_25.U1.ao21/X (sky130_fd_sc_hd__a21o_1)
     2    0.01                           ppa_grey_25_25.U1.Y (net)
                  0.05    0.00    5.13 v ppa_grey_26_26.U1.ao21/A1 (sky130_fd_sc_hd__a21o_1)
                  0.05    0.17    5.30 v ppa_grey_26_26.U1.ao21/X (sky130_fd_sc_hd__a21o_1)
     2    0.01                           ppa_grey_26_26.U1.Y (net)
                  0.05    0.00    5.30 v ppa_grey_27_27.U1.ao21/A1 (sky130_fd_sc_hd__a21o_1)
                  0.06    0.19    5.49 v ppa_grey_27_27.U1.ao21/X (sky130_fd_sc_hd__a21o_1)
     2    0.01                           ppa_grey_27_27.U1.Y (net)
                  0.06    0.00    5.49 v ppa_grey_28_28.U1.ao21/A1 (sky130_fd_sc_hd__a21o_1)
                  0.04    0.17    5.67 v ppa_grey_28_28.U1.ao21/X (sky130_fd_sc_hd__a21o_1)
     2    0.00                           ppa_grey_28_28.U1.Y (net)
                  0.04    0.00    5.67 v ppa_grey_29_29.U1.ao21/A1 (sky130_fd_sc_hd__a21o_1)
                  0.06    0.18    5.85 v ppa_grey_29_29.U1.ao21/X (sky130_fd_sc_hd__a21o_1)
     2    0.01                           ppa_grey_29_29.U1.Y (net)
                  0.06    0.00    5.85 v ppa_grey_30_30.U1.ao21/A1 (sky130_fd_sc_hd__a21o_1)
                  0.07    0.20    6.05 v ppa_grey_30_30.U1.ao21/X (sky130_fd_sc_hd__a21o_1)
     2    0.01                           ppa_grey_30_30.U1.Y (net)
                  0.07    0.00    6.05 v rebuffer1/A (sky130_fd_sc_hd__buf_2)
                  0.03    0.14    6.19 v rebuffer1/X (sky130_fd_sc_hd__buf_2)
     1    0.01                           net99 (net)
                  0.03    0.00    6.19 v ppa_post_30_32.U1.xor2/B (sky130_fd_sc_hd__xor2_1)
                  0.11    0.12    6.31 ^ ppa_post_30_32.U1.xor2/X (sky130_fd_sc_hd__xor2_1)
     1    0.00                           ppa_post_30_32.U1.Y (net)
                  0.11    0.00    6.31 ^ _07_/A (sky130_fd_sc_hd__clkbuf_1)
                  0.11    0.15    6.46 ^ _07_/X (sky130_fd_sc_hd__clkbuf_1)
     1    0.01                           net90 (net)
                  0.11    0.00    6.47 ^ output90/A (sky130_fd_sc_hd__buf_2)
                  0.19    0.25    6.71 ^ output90/X (sky130_fd_sc_hd__buf_2)
     1    0.03                           sum[30] (net)
                  0.19    0.00    6.71 ^ sum[30] (out)
                                  6.71   data arrival time

                  0.00    1.00    1.00   clock clk (rise edge)
                          0.00    1.00   clock network delay (ideal)
                         -0.25    0.75   clock uncertainty
                          0.00    0.75   clock reconvergence pessimism
                          0.00    0.75   output external delay
                                  0.75   data required time
-----------------------------------------------------------------------------
                                  0.75   data required time
                                 -6.71   data arrival time
-----------------------------------------------------------------------------
                                 -5.96   slack (VIOLATED)


