
===========================================================================
report_checks -path_delay max (Setup)
============================================================================
Startpoint: a[1] (input port clocked by clk)
Endpoint: sum[14] (output port clocked by clk)
Path Group: clk
Path Type: max

Fanout     Cap    Slew   Delay    Time   Description
-----------------------------------------------------------------------------
                  0.00    0.00    0.00   clock clk (rise edge)
                          0.00    0.00   clock network delay (ideal)
                          0.00    0.00 v input external delay
                  0.03    0.02    0.02 v a[1] (in)
     2    0.01                           a[1] (net)
                  0.03    0.00    0.02 v ppa_pre_2_0.U1.xor2/A (sky130_fd_sc_hd__xor2_1)
                  0.08    0.18    0.21 v ppa_pre_2_0.U1.xor2/X (sky130_fd_sc_hd__xor2_1)
     3    0.01                           ppa_black_3_1.U1.B (net)
                  0.08    0.00    0.21 v ppa_black_3_1.U1.and2/B (sky130_fd_sc_hd__and2_1)
                  0.03    0.17    0.38 v ppa_black_3_1.U1.and2/X (sky130_fd_sc_hd__and2_1)
     1    0.00                           ppa_black_3_1.U1.Y (net)
                  0.03    0.00    0.38 v ppa_grey_3_2.U1.ao21/A2 (sky130_fd_sc_hd__a21o_1)
                  0.05    0.19    0.57 v ppa_grey_3_2.U1.ao21/X (sky130_fd_sc_hd__a21o_1)
     2    0.01                           ppa_buffer_3_4.U2.A (net)
                  0.05    0.00    0.57 v ppa_grey_7_3.U1.ao21/A1 (sky130_fd_sc_hd__a21o_1)
                  0.05    0.17    0.74 v ppa_grey_7_3.U1.ao21/X (sky130_fd_sc_hd__a21o_1)
     2    0.01                           ppa_buffer_7_4.U2.A (net)
                  0.05    0.00    0.74 v ppa_buffer_7_4.U2.buffer/A (sky130_fd_sc_hd__buf_1)
                  0.04    0.11    0.85 v ppa_buffer_7_4.U2.buffer/X (sky130_fd_sc_hd__buf_1)
     2    0.01                           ppa_buffer_7_4.U2.Y (net)
                  0.04    0.00    0.85 v ppa_grey_11_5.U1.ao21/A1 (sky130_fd_sc_hd__a21o_1)
                  0.04    0.17    1.01 v ppa_grey_11_5.U1.ao21/X (sky130_fd_sc_hd__a21o_1)
     2    0.00                           ppa_buffer_11_6.U2.A (net)
                  0.04    0.00    1.01 v ppa_grey_13_6.U1.ao21/A1 (sky130_fd_sc_hd__a21o_1)
                  0.06    0.18    1.19 v ppa_grey_13_6.U1.ao21/X (sky130_fd_sc_hd__a21o_1)
     2    0.01                           ppa_grey_13_6.U1.Y (net)
                  0.06    0.00    1.19 v ppa_grey_14_7.U1.ao21/A1 (sky130_fd_sc_hd__a21o_1)
                  0.04    0.17    1.36 v ppa_grey_14_7.U1.ao21/X (sky130_fd_sc_hd__a21o_1)
     1    0.00                           ppa_grey_14_7.U1.Y (net)
                  0.04    0.00    1.36 v ppa_post_14_8.U1.xor2/B (sky130_fd_sc_hd__xor2_1)
                  0.11    0.12    1.49 ^ ppa_post_14_8.U1.xor2/X (sky130_fd_sc_hd__xor2_1)
     1    0.00                           ppa_post_14_8.U1.Y (net)
                  0.11    0.00    1.49 ^ _14_/A (sky130_fd_sc_hd__buf_2)
                  0.17    0.23    1.72 ^ _14_/X (sky130_fd_sc_hd__buf_2)
     1    0.03                           sum[14] (net)
                  0.17    0.00    1.72 ^ sum[14] (out)
                                  1.72   data arrival time

                  0.00    1.00    1.00   clock clk (rise edge)
                          0.00    1.00   clock network delay (ideal)
                         -0.25    0.75   clock uncertainty
                          0.00    0.75   clock reconvergence pessimism
                          0.00    0.75   output external delay
                                  0.75   data required time
-----------------------------------------------------------------------------
                                  0.75   data required time
                                 -1.72   data arrival time
-----------------------------------------------------------------------------
                                 -0.97   slack (VIOLATED)


Startpoint: a[1] (input port clocked by clk)
Endpoint: sum[12] (output port clocked by clk)
Path Group: clk
Path Type: max

Fanout     Cap    Slew   Delay    Time   Description
-----------------------------------------------------------------------------
                  0.00    0.00    0.00   clock clk (rise edge)
                          0.00    0.00   clock network delay (ideal)
                          0.00    0.00 v input external delay
                  0.03    0.02    0.02 v a[1] (in)
     2    0.01                           a[1] (net)
                  0.03    0.00    0.02 v ppa_pre_2_0.U1.xor2/A (sky130_fd_sc_hd__xor2_1)
                  0.08    0.18    0.21 v ppa_pre_2_0.U1.xor2/X (sky130_fd_sc_hd__xor2_1)
     3    0.01                           ppa_black_3_1.U1.B (net)
                  0.08    0.00    0.21 v ppa_black_3_1.U1.and2/B (sky130_fd_sc_hd__and2_1)
                  0.03    0.17    0.38 v ppa_black_3_1.U1.and2/X (sky130_fd_sc_hd__and2_1)
     1    0.00                           ppa_black_3_1.U1.Y (net)
                  0.03    0.00    0.38 v ppa_grey_3_2.U1.ao21/A2 (sky130_fd_sc_hd__a21o_1)
                  0.05    0.19    0.57 v ppa_grey_3_2.U1.ao21/X (sky130_fd_sc_hd__a21o_1)
     2    0.01                           ppa_buffer_3_4.U2.A (net)
                  0.05    0.00    0.57 v ppa_grey_7_3.U1.ao21/A1 (sky130_fd_sc_hd__a21o_1)
                  0.05    0.17    0.74 v ppa_grey_7_3.U1.ao21/X (sky130_fd_sc_hd__a21o_1)
     2    0.01                           ppa_buffer_7_4.U2.A (net)
                  0.05    0.00    0.74 v ppa_buffer_7_4.U2.buffer/A (sky130_fd_sc_hd__buf_1)
                  0.04    0.11    0.85 v ppa_buffer_7_4.U2.buffer/X (sky130_fd_sc_hd__buf_1)
     2    0.01                           ppa_buffer_7_4.U2.Y (net)
                  0.04    0.00    0.85 v ppa_grey_11_5.U1.ao21/A1 (sky130_fd_sc_hd__a21o_1)
                  0.04    0.17    1.01 v ppa_grey_11_5.U1.ao21/X (sky130_fd_sc_hd__a21o_1)
     2    0.00                           ppa_buffer_11_6.U2.A (net)
                  0.04    0.00    1.01 v ppa_buffer_11_6.U2.buffer/A (sky130_fd_sc_hd__buf_1)
                  0.05    0.11    1.12 v ppa_buffer_11_6.U2.buffer/X (sky130_fd_sc_hd__buf_1)
     2    0.01                           ppa_buffer_11_6.U2.Y (net)
                  0.05    0.00    1.12 v ppa_grey_12_7.U1.ao21/A1 (sky130_fd_sc_hd__a21o_1)
                  0.04    0.17    1.29 v ppa_grey_12_7.U1.ao21/X (sky130_fd_sc_hd__a21o_1)
     1    0.00                           ppa_grey_12_7.U1.Y (net)
                  0.04    0.00    1.29 v ppa_post_12_8.U1.xor2/B (sky130_fd_sc_hd__xor2_1)
                  0.13    0.15    1.44 ^ ppa_post_12_8.U1.xor2/X (sky130_fd_sc_hd__xor2_1)
     1    0.00                           ppa_post_12_8.U1.Y (net)
                  0.13    0.00    1.44 ^ _12_/A (sky130_fd_sc_hd__buf_2)
                  0.18    0.25    1.68 ^ _12_/X (sky130_fd_sc_hd__buf_2)
     1    0.03                           sum[12] (net)
                  0.18    0.00    1.68 ^ sum[12] (out)
                                  1.68   data arrival time

                  0.00    1.00    1.00   clock clk (rise edge)
                          0.00    1.00   clock network delay (ideal)
                         -0.25    0.75   clock uncertainty
                          0.00    0.75   clock reconvergence pessimism
                          0.00    0.75   output external delay
                                  0.75   data required time
-----------------------------------------------------------------------------
                                  0.75   data required time
                                 -1.68   data arrival time
-----------------------------------------------------------------------------
                                 -0.93   slack (VIOLATED)


Startpoint: a[1] (input port clocked by clk)
Endpoint: sum[10] (output port clocked by clk)
Path Group: clk
Path Type: max

Fanout     Cap    Slew   Delay    Time   Description
-----------------------------------------------------------------------------
                  0.00    0.00    0.00   clock clk (rise edge)
                          0.00    0.00   clock network delay (ideal)
                          0.00    0.00 v input external delay
                  0.03    0.02    0.02 v a[1] (in)
     2    0.01                           a[1] (net)
                  0.03    0.00    0.02 v ppa_pre_2_0.U1.xor2/A (sky130_fd_sc_hd__xor2_1)
                  0.08    0.18    0.21 v ppa_pre_2_0.U1.xor2/X (sky130_fd_sc_hd__xor2_1)
     3    0.01                           ppa_black_3_1.U1.B (net)
                  0.08    0.00    0.21 v ppa_black_3_1.U1.and2/B (sky130_fd_sc_hd__and2_1)
                  0.03    0.17    0.38 v ppa_black_3_1.U1.and2/X (sky130_fd_sc_hd__and2_1)
     1    0.00                           ppa_black_3_1.U1.Y (net)
                  0.03    0.00    0.38 v ppa_grey_3_2.U1.ao21/A2 (sky130_fd_sc_hd__a21o_1)
                  0.05    0.19    0.57 v ppa_grey_3_2.U1.ao21/X (sky130_fd_sc_hd__a21o_1)
     2    0.01                           ppa_buffer_3_4.U2.A (net)
                  0.05    0.00    0.57 v ppa_grey_7_3.U1.ao21/A1 (sky130_fd_sc_hd__a21o_1)
                  0.05    0.17    0.74 v ppa_grey_7_3.U1.ao21/X (sky130_fd_sc_hd__a21o_1)
     2    0.01                           ppa_buffer_7_4.U2.A (net)
                  0.05    0.00    0.74 v ppa_buffer_7_4.U2.buffer/A (sky130_fd_sc_hd__buf_1)
                  0.04    0.11    0.85 v ppa_buffer_7_4.U2.buffer/X (sky130_fd_sc_hd__buf_1)
     2    0.01                           ppa_buffer_7_4.U2.Y (net)
                  0.04    0.00    0.85 v ppa_buffer_7_5.U2.buffer/A (sky130_fd_sc_hd__buf_1)
                  0.04    0.10    0.95 v ppa_buffer_7_5.U2.buffer/X (sky130_fd_sc_hd__buf_1)
     2    0.01                           ppa_buffer_7_5.U2.Y (net)
                  0.04    0.00    0.95 v ppa_grey_9_6.U1.ao21/A1 (sky130_fd_sc_hd__a21o_1)
                  0.06    0.18    1.13 v ppa_grey_9_6.U1.ao21/X (sky130_fd_sc_hd__a21o_1)
     2    0.01                           ppa_grey_10_7.U1.A0 (net)
                  0.06    0.00    1.13 v ppa_grey_10_7.U1.ao21/A1 (sky130_fd_sc_hd__a21o_1)
                  0.04    0.17    1.30 v ppa_grey_10_7.U1.ao21/X (sky130_fd_sc_hd__a21o_1)
     1    0.00                           ppa_grey_10_7.U1.Y (net)
                  0.04    0.00    1.30 v ppa_post_10_8.U1.xor2/B (sky130_fd_sc_hd__xor2_1)
                  0.11    0.12    1.42 ^ ppa_post_10_8.U1.xor2/X (sky130_fd_sc_hd__xor2_1)
     1    0.00                           ppa_post_10_8.U1.Y (net)
                  0.11    0.00    1.42 ^ _10_/A (sky130_fd_sc_hd__buf_2)
                  0.19    0.25    1.67 ^ _10_/X (sky130_fd_sc_hd__buf_2)
     1    0.03                           sum[10] (net)
                  0.19    0.00    1.67 ^ sum[10] (out)
                                  1.67   data arrival time

                  0.00    1.00    1.00   clock clk (rise edge)
                          0.00    1.00   clock network delay (ideal)
                         -0.25    0.75   clock uncertainty
                          0.00    0.75   clock reconvergence pessimism
                          0.00    0.75   output external delay
                                  0.75   data required time
-----------------------------------------------------------------------------
                                  0.75   data required time
                                 -1.67   data arrival time
-----------------------------------------------------------------------------
                                 -0.92   slack (VIOLATED)


Startpoint: b[4] (input port clocked by clk)
Endpoint: sum[8] (output port clocked by clk)
Path Group: clk
Path Type: max

Fanout     Cap    Slew   Delay    Time   Description
-----------------------------------------------------------------------------
                  0.00    0.00    0.00   clock clk (rise edge)
                          0.00    0.00   clock network delay (ideal)
                          0.00    0.00 ^ input external delay
                  0.06    0.04    0.04 ^ b[4] (in)
     2    0.01                           b[4] (net)
                  0.06    0.00    0.04 ^ ppa_pre_5_0.U1.xor2/B (sky130_fd_sc_hd__xor2_1)
                  0.24    0.24    0.28 ^ ppa_pre_5_0.U1.xor2/X (sky130_fd_sc_hd__xor2_1)
     3    0.01                           ppa_black_5_1.U1.A (net)
                  0.24    0.00    0.28 ^ ppa_black_5_1.U1.and2/A (sky130_fd_sc_hd__and2_1)
                  0.07    0.19    0.47 ^ ppa_black_5_1.U1.and2/X (sky130_fd_sc_hd__and2_1)
     2    0.01                           ppa_black_5_1.U1.Y (net)
                  0.07    0.00    0.47 ^ ppa_black_7_2.U1.and2/B (sky130_fd_sc_hd__and2_1)
                  0.05    0.13    0.60 ^ ppa_black_7_2.U1.and2/X (sky130_fd_sc_hd__and2_1)
     1    0.00                           ppa_black_7_2.U1.Y (net)
                  0.05    0.00    0.60 ^ ppa_grey_7_3.U1.ao21/A2 (sky130_fd_sc_hd__a21o_1)
                  0.06    0.13    0.73 ^ ppa_grey_7_3.U1.ao21/X (sky130_fd_sc_hd__a21o_1)
     2    0.01                           ppa_buffer_7_4.U2.A (net)
                  0.06    0.00    0.73 ^ ppa_buffer_7_4.U2.buffer/A (sky130_fd_sc_hd__buf_1)
                  0.08    0.11    0.84 ^ ppa_buffer_7_4.U2.buffer/X (sky130_fd_sc_hd__buf_1)
     2    0.01                           ppa_buffer_7_4.U2.Y (net)
                  0.08    0.00    0.84 ^ ppa_buffer_7_5.U2.buffer/A (sky130_fd_sc_hd__buf_1)
                  0.08    0.12    0.97 ^ ppa_buffer_7_5.U2.buffer/X (sky130_fd_sc_hd__buf_1)
     2    0.01                           ppa_buffer_7_5.U2.Y (net)
                  0.08    0.00    0.97 ^ ppa_buffer_7_6.U2.buffer/A (sky130_fd_sc_hd__buf_1)
                  0.10    0.14    1.11 ^ ppa_buffer_7_6.U2.buffer/X (sky130_fd_sc_hd__buf_1)
     2    0.01                           ppa_buffer_7_6.U2.Y (net)
                  0.10    0.00    1.11 ^ ppa_grey_8_7.U1.ao21/A1 (sky130_fd_sc_hd__a21o_1)
                  0.05    0.14    1.24 ^ ppa_grey_8_7.U1.ao21/X (sky130_fd_sc_hd__a21o_1)
     1    0.00                           ppa_grey_8_7.U1.Y (net)
                  0.05    0.00    1.24 ^ ppa_post_8_8.U1.xor2/B (sky130_fd_sc_hd__xor2_1)
                  0.10    0.14    1.38 ^ ppa_post_8_8.U1.xor2/X (sky130_fd_sc_hd__xor2_1)
     1    0.00                           ppa_post_8_8.U1.Y (net)
                  0.10    0.00    1.38 ^ _08_/A (sky130_fd_sc_hd__buf_2)
                  0.17    0.23    1.61 ^ _08_/X (sky130_fd_sc_hd__buf_2)
     1    0.03                           sum[8] (net)
                  0.17    0.00    1.61 ^ sum[8] (out)
                                  1.61   data arrival time

                  0.00    1.00    1.00   clock clk (rise edge)
                          0.00    1.00   clock network delay (ideal)
                         -0.25    0.75   clock uncertainty
                          0.00    0.75   clock reconvergence pessimism
                          0.00    0.75   output external delay
                                  0.75   data required time
-----------------------------------------------------------------------------
                                  0.75   data required time
                                 -1.61   data arrival time
-----------------------------------------------------------------------------
                                 -0.86   slack (VIOLATED)


Startpoint: a[1] (input port clocked by clk)
Endpoint: sum[13] (output port clocked by clk)
Path Group: clk
Path Type: max

Fanout     Cap    Slew   Delay    Time   Description
-----------------------------------------------------------------------------
                  0.00    0.00    0.00   clock clk (rise edge)
                          0.00    0.00   clock network delay (ideal)
                          0.00    0.00 v input external delay
                  0.03    0.02    0.02 v a[1] (in)
     2    0.01                           a[1] (net)
                  0.03    0.00    0.02 v ppa_pre_2_0.U1.xor2/A (sky130_fd_sc_hd__xor2_1)
                  0.08    0.18    0.21 v ppa_pre_2_0.U1.xor2/X (sky130_fd_sc_hd__xor2_1)
     3    0.01                           ppa_black_3_1.U1.B (net)
                  0.08    0.00    0.21 v ppa_black_3_1.U1.and2/B (sky130_fd_sc_hd__and2_1)
                  0.03    0.17    0.38 v ppa_black_3_1.U1.and2/X (sky130_fd_sc_hd__and2_1)
     1    0.00                           ppa_black_3_1.U1.Y (net)
                  0.03    0.00    0.38 v ppa_grey_3_2.U1.ao21/A2 (sky130_fd_sc_hd__a21o_1)
                  0.05    0.19    0.57 v ppa_grey_3_2.U1.ao21/X (sky130_fd_sc_hd__a21o_1)
     2    0.01                           ppa_buffer_3_4.U2.A (net)
                  0.05    0.00    0.57 v ppa_grey_7_3.U1.ao21/A1 (sky130_fd_sc_hd__a21o_1)
                  0.05    0.17    0.74 v ppa_grey_7_3.U1.ao21/X (sky130_fd_sc_hd__a21o_1)
     2    0.01                           ppa_buffer_7_4.U2.A (net)
                  0.05    0.00    0.74 v ppa_buffer_7_4.U2.buffer/A (sky130_fd_sc_hd__buf_1)
                  0.04    0.11    0.85 v ppa_buffer_7_4.U2.buffer/X (sky130_fd_sc_hd__buf_1)
     2    0.01                           ppa_buffer_7_4.U2.Y (net)
                  0.04    0.00    0.85 v ppa_grey_11_5.U1.ao21/A1 (sky130_fd_sc_hd__a21o_1)
                  0.04    0.17    1.01 v ppa_grey_11_5.U1.ao21/X (sky130_fd_sc_hd__a21o_1)
     2    0.00                           ppa_buffer_11_6.U2.A (net)
                  0.04    0.00    1.01 v ppa_grey_13_6.U1.ao21/A1 (sky130_fd_sc_hd__a21o_1)
                  0.06    0.18    1.19 v ppa_grey_13_6.U1.ao21/X (sky130_fd_sc_hd__a21o_1)
     2    0.01                           ppa_grey_13_6.U1.Y (net)
                  0.06    0.00    1.19 v ppa_post_13_8.U1.xor2/B (sky130_fd_sc_hd__xor2_1)
                  0.11    0.13    1.33 ^ ppa_post_13_8.U1.xor2/X (sky130_fd_sc_hd__xor2_1)
     1    0.00                           ppa_post_13_8.U1.Y (net)
                  0.11    0.00    1.33 ^ _13_/A (sky130_fd_sc_hd__buf_2)
                  0.18    0.24    1.57 ^ _13_/X (sky130_fd_sc_hd__buf_2)
     1    0.03                           sum[13] (net)
                  0.18    0.00    1.57 ^ sum[13] (out)
                                  1.57   data arrival time

                  0.00    1.00    1.00   clock clk (rise edge)
                          0.00    1.00   clock network delay (ideal)
                         -0.25    0.75   clock uncertainty
                          0.00    0.75   clock reconvergence pessimism
                          0.00    0.75   output external delay
                                  0.75   data required time
-----------------------------------------------------------------------------
                                  0.75   data required time
                                 -1.57   data arrival time
-----------------------------------------------------------------------------
                                 -0.82   slack (VIOLATED)


