
===========================================================================
report_checks -path_delay max (Setup)
============================================================================
Startpoint: a[5] (input port clocked by clk)
Endpoint: sum[12] (output port clocked by clk)
Path Group: clk
Path Type: max

Fanout     Cap    Slew   Delay    Time   Description
-----------------------------------------------------------------------------
                  0.00    0.00    0.00   clock clk (rise edge)
                          0.00    0.00   clock network delay (ideal)
                          0.00    0.00 ^ input external delay
                  0.03    0.02    0.02 ^ a[5] (in)
     1    0.01                           a[5] (net)
                  0.03    0.00    0.02 ^ input12/A (sky130_fd_sc_hd__clkbuf_1)
                  0.18    0.18    0.20 ^ input12/X (sky130_fd_sc_hd__clkbuf_1)
     2    0.01                           net12 (net)
                  0.18    0.00    0.20 ^ ppa_pre_6_0.U1.xor2/A (sky130_fd_sc_hd__xor2_1)
                  0.27    0.29    0.49 ^ ppa_pre_6_0.U1.xor2/X (sky130_fd_sc_hd__xor2_1)
     3    0.01                           ppa_black_7_1.U1.B (net)
                  0.27    0.00    0.49 ^ ppa_black_7_1.U1.and2/B (sky130_fd_sc_hd__and2_1)
                  0.08    0.20    0.69 ^ ppa_black_7_1.U1.and2/X (sky130_fd_sc_hd__and2_1)
     2    0.01                           ppa_black_7_1.U1.Y (net)
                  0.08    0.00    0.69 ^ ppa_black_7_2.U1.and2/A (sky130_fd_sc_hd__and2_1)
                  0.07    0.14    0.83 ^ ppa_black_7_2.U1.and2/X (sky130_fd_sc_hd__and2_1)
     1    0.01                           ppa_black_7_2.U1.Y (net)
                  0.07    0.00    0.83 ^ ppa_grey_7_3.U1.ao21/A2 (sky130_fd_sc_hd__a21o_1)
                  0.09    0.16    0.99 ^ ppa_grey_7_3.U1.ao21/X (sky130_fd_sc_hd__a21o_1)
     2    0.01                           ppa_buffer_7_4.U2.A (net)
                  0.09    0.00    0.99 ^ ppa_buffer_7_4.U2.buffer/A (sky130_fd_sc_hd__clkbuf_1)
                  0.11    0.15    1.14 ^ ppa_buffer_7_4.U2.buffer/X (sky130_fd_sc_hd__clkbuf_1)
     2    0.01                           ppa_buffer_7_4.U2.Y (net)
                  0.11    0.00    1.14 ^ ppa_grey_11_5.U1.ao21/A1 (sky130_fd_sc_hd__a21o_1)
                  0.08    0.16    1.30 ^ ppa_grey_11_5.U1.ao21/X (sky130_fd_sc_hd__a21o_1)
     2    0.01                           ppa_buffer_11_6.U2.A (net)
                  0.08    0.00    1.30 ^ ppa_buffer_11_6.U2.buffer/A (sky130_fd_sc_hd__clkbuf_1)
                  0.11    0.15    1.45 ^ ppa_buffer_11_6.U2.buffer/X (sky130_fd_sc_hd__clkbuf_1)
     2    0.01                           ppa_buffer_11_6.U2.Y (net)
                  0.11    0.00    1.45 ^ ppa_grey_12_7.U1.ao21/A1 (sky130_fd_sc_hd__a21o_1)
                  0.06    0.15    1.60 ^ ppa_grey_12_7.U1.ao21/X (sky130_fd_sc_hd__a21o_1)
     1    0.01                           ppa_grey_12_7.U1.Y (net)
                  0.06    0.00    1.60 ^ ppa_post_12_8.U1.xor2/B (sky130_fd_sc_hd__xor2_1)
                  0.13    0.16    1.76 ^ ppa_post_12_8.U1.xor2/X (sky130_fd_sc_hd__xor2_1)
     1    0.00                           ppa_post_12_8.U1.Y (net)
                  0.13    0.00    1.76 ^ _12_/A (sky130_fd_sc_hd__clkbuf_1)
                  0.10    0.15    1.91 ^ _12_/X (sky130_fd_sc_hd__clkbuf_1)
     1    0.01                           net38 (net)
                  0.10    0.00    1.91 ^ output38/A (sky130_fd_sc_hd__buf_2)
                  0.18    0.23    2.14 ^ output38/X (sky130_fd_sc_hd__buf_2)
     1    0.03                           sum[12] (net)
                  0.18    0.00    2.14 ^ sum[12] (out)
                                  2.14   data arrival time

                  0.00    1.25    1.25   clock clk (rise edge)
                          0.00    1.25   clock network delay (ideal)
                         -0.25    1.00   clock uncertainty
                          0.00    1.00   clock reconvergence pessimism
                          0.00    1.00   output external delay
                                  1.00   data required time
-----------------------------------------------------------------------------
                                  1.00   data required time
                                 -2.14   data arrival time
-----------------------------------------------------------------------------
                                 -1.14   slack (VIOLATED)


Startpoint: b[1] (input port clocked by clk)
Endpoint: sum[14] (output port clocked by clk)
Path Group: clk
Path Type: max

Fanout     Cap    Slew   Delay    Time   Description
-----------------------------------------------------------------------------
                  0.00    0.00    0.00   clock clk (rise edge)
                          0.00    0.00   clock network delay (ideal)
                          0.00    0.00 v input external delay
                  0.01    0.01    0.01 v b[1] (in)
     1    0.00                           b[1] (net)
                  0.01    0.00    0.01 v input24/A (sky130_fd_sc_hd__dlymetal6s2s_1)
                  0.09    0.18    0.18 v input24/X (sky130_fd_sc_hd__dlymetal6s2s_1)
     2    0.02                           net24 (net)
                  0.09    0.00    0.18 v ppa_pre_2_0.U1.xor2/B (sky130_fd_sc_hd__xor2_1)
                  0.10    0.19    0.38 v ppa_pre_2_0.U1.xor2/X (sky130_fd_sc_hd__xor2_1)
     3    0.01                           ppa_black_3_1.U1.B (net)
                  0.10    0.00    0.38 v ppa_black_3_1.U1.and2/B (sky130_fd_sc_hd__and2_1)
                  0.04    0.19    0.56 v ppa_black_3_1.U1.and2/X (sky130_fd_sc_hd__and2_1)
     1    0.00                           ppa_black_3_1.U1.Y (net)
                  0.04    0.00    0.57 v ppa_grey_3_2.U1.ao21/A2 (sky130_fd_sc_hd__a21o_1)
                  0.05    0.20    0.77 v ppa_grey_3_2.U1.ao21/X (sky130_fd_sc_hd__a21o_1)
     2    0.01                           ppa_buffer_3_4.U2.A (net)
                  0.05    0.00    0.77 v ppa_grey_7_3.U1.ao21/A1 (sky130_fd_sc_hd__a21o_1)
                  0.06    0.19    0.96 v ppa_grey_7_3.U1.ao21/X (sky130_fd_sc_hd__a21o_1)
     2    0.01                           ppa_buffer_7_4.U2.A (net)
                  0.06    0.00    0.96 v ppa_buffer_7_4.U2.buffer/A (sky130_fd_sc_hd__clkbuf_1)
                  0.06    0.13    1.09 v ppa_buffer_7_4.U2.buffer/X (sky130_fd_sc_hd__clkbuf_1)
     2    0.01                           ppa_buffer_7_4.U2.Y (net)
                  0.06    0.00    1.09 v ppa_grey_11_5.U1.ao21/A1 (sky130_fd_sc_hd__a21o_1)
                  0.06    0.19    1.28 v ppa_grey_11_5.U1.ao21/X (sky130_fd_sc_hd__a21o_1)
     2    0.01                           ppa_buffer_11_6.U2.A (net)
                  0.06    0.00    1.28 v ppa_grey_13_6.U1.ao21/A1 (sky130_fd_sc_hd__a21o_1)
                  0.06    0.19    1.47 v ppa_grey_13_6.U1.ao21/X (sky130_fd_sc_hd__a21o_1)
     2    0.01                           ppa_grey_13_6.U1.Y (net)
                  0.06    0.00    1.47 v ppa_grey_14_7.U1.ao21/A1 (sky130_fd_sc_hd__a21o_1)
                  0.04    0.17    1.64 v ppa_grey_14_7.U1.ao21/X (sky130_fd_sc_hd__a21o_1)
     1    0.01                           ppa_grey_14_7.U1.Y (net)
                  0.04    0.00    1.64 v ppa_post_14_8.U1.xor2/B (sky130_fd_sc_hd__xor2_1)
                  0.13    0.14    1.78 ^ ppa_post_14_8.U1.xor2/X (sky130_fd_sc_hd__xor2_1)
     1    0.00                           ppa_post_14_8.U1.Y (net)
                  0.13    0.00    1.78 ^ _14_/A (sky130_fd_sc_hd__clkbuf_1)
                  0.04    0.10    1.89 ^ _14_/X (sky130_fd_sc_hd__clkbuf_1)
     1    0.00                           net40 (net)
                  0.04    0.00    1.89 ^ output40/A (sky130_fd_sc_hd__buf_2)
                  0.17    0.21    2.09 ^ output40/X (sky130_fd_sc_hd__buf_2)
     1    0.03                           sum[14] (net)
                  0.17    0.00    2.09 ^ sum[14] (out)
                                  2.09   data arrival time

                  0.00    1.25    1.25   clock clk (rise edge)
                          0.00    1.25   clock network delay (ideal)
                         -0.25    1.00   clock uncertainty
                          0.00    1.00   clock reconvergence pessimism
                          0.00    1.00   output external delay
                                  1.00   data required time
-----------------------------------------------------------------------------
                                  1.00   data required time
                                 -2.09   data arrival time
-----------------------------------------------------------------------------
                                 -1.09   slack (VIOLATED)


Startpoint: a[5] (input port clocked by clk)
Endpoint: sum[8] (output port clocked by clk)
Path Group: clk
Path Type: max

Fanout     Cap    Slew   Delay    Time   Description
-----------------------------------------------------------------------------
                  0.00    0.00    0.00   clock clk (rise edge)
                          0.00    0.00   clock network delay (ideal)
                          0.00    0.00 ^ input external delay
                  0.03    0.02    0.02 ^ a[5] (in)
     1    0.01                           a[5] (net)
                  0.03    0.00    0.02 ^ input12/A (sky130_fd_sc_hd__clkbuf_1)
                  0.18    0.18    0.20 ^ input12/X (sky130_fd_sc_hd__clkbuf_1)
     2    0.01                           net12 (net)
                  0.18    0.00    0.20 ^ ppa_pre_6_0.U1.xor2/A (sky130_fd_sc_hd__xor2_1)
                  0.27    0.29    0.49 ^ ppa_pre_6_0.U1.xor2/X (sky130_fd_sc_hd__xor2_1)
     3    0.01                           ppa_black_7_1.U1.B (net)
                  0.27    0.00    0.49 ^ ppa_black_7_1.U1.and2/B (sky130_fd_sc_hd__and2_1)
                  0.08    0.20    0.69 ^ ppa_black_7_1.U1.and2/X (sky130_fd_sc_hd__and2_1)
     2    0.01                           ppa_black_7_1.U1.Y (net)
                  0.08    0.00    0.69 ^ ppa_black_7_2.U1.and2/A (sky130_fd_sc_hd__and2_1)
                  0.07    0.14    0.83 ^ ppa_black_7_2.U1.and2/X (sky130_fd_sc_hd__and2_1)
     1    0.01                           ppa_black_7_2.U1.Y (net)
                  0.07    0.00    0.83 ^ ppa_grey_7_3.U1.ao21/A2 (sky130_fd_sc_hd__a21o_1)
                  0.09    0.16    0.99 ^ ppa_grey_7_3.U1.ao21/X (sky130_fd_sc_hd__a21o_1)
     2    0.01                           ppa_buffer_7_4.U2.A (net)
                  0.09    0.00    0.99 ^ ppa_buffer_7_4.U2.buffer/A (sky130_fd_sc_hd__clkbuf_1)
                  0.11    0.15    1.14 ^ ppa_buffer_7_4.U2.buffer/X (sky130_fd_sc_hd__clkbuf_1)
     2    0.01                           ppa_buffer_7_4.U2.Y (net)
                  0.11    0.00    1.14 ^ ppa_buffer_7_5.U2.buffer/A (sky130_fd_sc_hd__clkbuf_1)
                  0.10    0.14    1.28 ^ ppa_buffer_7_5.U2.buffer/X (sky130_fd_sc_hd__clkbuf_1)
     2    0.01                           ppa_buffer_7_5.U2.Y (net)
                  0.10    0.00    1.28 ^ ppa_buffer_7_6.U2.buffer/A (sky130_fd_sc_hd__clkbuf_1)
                  0.11    0.15    1.43 ^ ppa_buffer_7_6.U2.buffer/X (sky130_fd_sc_hd__clkbuf_1)
     2    0.01                           ppa_buffer_7_6.U2.Y (net)
                  0.11    0.00    1.43 ^ ppa_grey_8_7.U1.ao21/A1 (sky130_fd_sc_hd__a21o_1)
                  0.06    0.14    1.57 ^ ppa_grey_8_7.U1.ao21/X (sky130_fd_sc_hd__a21o_1)
     1    0.00                           ppa_grey_8_7.U1.Y (net)
                  0.06    0.00    1.57 ^ ppa_post_8_8.U1.xor2/B (sky130_fd_sc_hd__xor2_1)
                  0.12    0.15    1.72 ^ ppa_post_8_8.U1.xor2/X (sky130_fd_sc_hd__xor2_1)
     1    0.00                           ppa_post_8_8.U1.Y (net)
                  0.12    0.00    1.72 ^ _08_/A (sky130_fd_sc_hd__clkbuf_1)
                  0.08    0.13    1.86 ^ _08_/X (sky130_fd_sc_hd__clkbuf_1)
     1    0.01                           net49 (net)
                  0.08    0.00    1.86 ^ output49/A (sky130_fd_sc_hd__buf_2)
                  0.18    0.23    2.08 ^ output49/X (sky130_fd_sc_hd__buf_2)
     1    0.03                           sum[8] (net)
                  0.18    0.00    2.08 ^ sum[8] (out)
                                  2.08   data arrival time

                  0.00    1.25    1.25   clock clk (rise edge)
                          0.00    1.25   clock network delay (ideal)
                         -0.25    1.00   clock uncertainty
                          0.00    1.00   clock reconvergence pessimism
                          0.00    1.00   output external delay
                                  1.00   data required time
-----------------------------------------------------------------------------
                                  1.00   data required time
                                 -2.08   data arrival time
-----------------------------------------------------------------------------
                                 -1.08   slack (VIOLATED)


Startpoint: a[5] (input port clocked by clk)
Endpoint: sum[10] (output port clocked by clk)
Path Group: clk
Path Type: max

Fanout     Cap    Slew   Delay    Time   Description
-----------------------------------------------------------------------------
                  0.00    0.00    0.00   clock clk (rise edge)
                          0.00    0.00   clock network delay (ideal)
                          0.00    0.00 ^ input external delay
                  0.03    0.02    0.02 ^ a[5] (in)
     1    0.01                           a[5] (net)
                  0.03    0.00    0.02 ^ input12/A (sky130_fd_sc_hd__clkbuf_1)
                  0.18    0.18    0.20 ^ input12/X (sky130_fd_sc_hd__clkbuf_1)
     2    0.01                           net12 (net)
                  0.18    0.00    0.20 ^ ppa_pre_6_0.U1.xor2/A (sky130_fd_sc_hd__xor2_1)
                  0.27    0.29    0.49 ^ ppa_pre_6_0.U1.xor2/X (sky130_fd_sc_hd__xor2_1)
     3    0.01                           ppa_black_7_1.U1.B (net)
                  0.27    0.00    0.49 ^ ppa_black_7_1.U1.and2/B (sky130_fd_sc_hd__and2_1)
                  0.08    0.20    0.69 ^ ppa_black_7_1.U1.and2/X (sky130_fd_sc_hd__and2_1)
     2    0.01                           ppa_black_7_1.U1.Y (net)
                  0.08    0.00    0.69 ^ ppa_black_7_2.U1.and2/A (sky130_fd_sc_hd__and2_1)
                  0.07    0.14    0.83 ^ ppa_black_7_2.U1.and2/X (sky130_fd_sc_hd__and2_1)
     1    0.01                           ppa_black_7_2.U1.Y (net)
                  0.07    0.00    0.83 ^ ppa_grey_7_3.U1.ao21/A2 (sky130_fd_sc_hd__a21o_1)
                  0.09    0.16    0.99 ^ ppa_grey_7_3.U1.ao21/X (sky130_fd_sc_hd__a21o_1)
     2    0.01                           ppa_buffer_7_4.U2.A (net)
                  0.09    0.00    0.99 ^ ppa_buffer_7_4.U2.buffer/A (sky130_fd_sc_hd__clkbuf_1)
                  0.11    0.15    1.14 ^ ppa_buffer_7_4.U2.buffer/X (sky130_fd_sc_hd__clkbuf_1)
     2    0.01                           ppa_buffer_7_4.U2.Y (net)
                  0.11    0.00    1.14 ^ ppa_buffer_7_5.U2.buffer/A (sky130_fd_sc_hd__clkbuf_1)
                  0.10    0.14    1.28 ^ ppa_buffer_7_5.U2.buffer/X (sky130_fd_sc_hd__clkbuf_1)
     2    0.01                           ppa_buffer_7_5.U2.Y (net)
                  0.10    0.00    1.28 ^ ppa_grey_9_6.U1.ao21/A1 (sky130_fd_sc_hd__a21o_1)
                  0.08    0.16    1.44 ^ ppa_grey_9_6.U1.ao21/X (sky130_fd_sc_hd__a21o_1)
     2    0.01                           ppa_grey_10_7.U1.A0 (net)
                  0.08    0.00    1.44 ^ ppa_grey_10_7.U1.ao21/A1 (sky130_fd_sc_hd__a21o_1)
                  0.06    0.14    1.58 ^ ppa_grey_10_7.U1.ao21/X (sky130_fd_sc_hd__a21o_1)
     1    0.01                           ppa_grey_10_7.U1.Y (net)
                  0.06    0.00    1.58 ^ ppa_post_10_8.U1.xor2/B (sky130_fd_sc_hd__xor2_1)
                  0.12    0.15    1.73 ^ ppa_post_10_8.U1.xor2/X (sky130_fd_sc_hd__xor2_1)
     1    0.00                           ppa_post_10_8.U1.Y (net)
                  0.12    0.00    1.73 ^ _10_/A (sky130_fd_sc_hd__clkbuf_1)
                  0.06    0.12    1.85 ^ _10_/X (sky130_fd_sc_hd__clkbuf_1)
     1    0.00                           net36 (net)
                  0.06    0.00    1.85 ^ output36/A (sky130_fd_sc_hd__buf_2)
                  0.17    0.22    2.07 ^ output36/X (sky130_fd_sc_hd__buf_2)
     1    0.03                           sum[10] (net)
                  0.17    0.00    2.07 ^ sum[10] (out)
                                  2.07   data arrival time

                  0.00    1.25    1.25   clock clk (rise edge)
                          0.00    1.25   clock network delay (ideal)
                         -0.25    1.00   clock uncertainty
                          0.00    1.00   clock reconvergence pessimism
                          0.00    1.00   output external delay
                                  1.00   data required time
-----------------------------------------------------------------------------
                                  1.00   data required time
                                 -2.07   data arrival time
-----------------------------------------------------------------------------
                                 -1.07   slack (VIOLATED)


Startpoint: a[5] (input port clocked by clk)
Endpoint: sum[13] (output port clocked by clk)
Path Group: clk
Path Type: max

Fanout     Cap    Slew   Delay    Time   Description
-----------------------------------------------------------------------------
                  0.00    0.00    0.00   clock clk (rise edge)
                          0.00    0.00   clock network delay (ideal)
                          0.00    0.00 ^ input external delay
                  0.03    0.02    0.02 ^ a[5] (in)
     1    0.01                           a[5] (net)
                  0.03    0.00    0.02 ^ input12/A (sky130_fd_sc_hd__clkbuf_1)
                  0.18    0.18    0.20 ^ input12/X (sky130_fd_sc_hd__clkbuf_1)
     2    0.01                           net12 (net)
                  0.18    0.00    0.20 ^ ppa_pre_6_0.U1.xor2/A (sky130_fd_sc_hd__xor2_1)
                  0.27    0.29    0.49 ^ ppa_pre_6_0.U1.xor2/X (sky130_fd_sc_hd__xor2_1)
     3    0.01                           ppa_black_7_1.U1.B (net)
                  0.27    0.00    0.49 ^ ppa_black_7_1.U1.and2/B (sky130_fd_sc_hd__and2_1)
                  0.08    0.20    0.69 ^ ppa_black_7_1.U1.and2/X (sky130_fd_sc_hd__and2_1)
     2    0.01                           ppa_black_7_1.U1.Y (net)
                  0.08    0.00    0.69 ^ ppa_black_7_2.U1.and2/A (sky130_fd_sc_hd__and2_1)
                  0.07    0.14    0.83 ^ ppa_black_7_2.U1.and2/X (sky130_fd_sc_hd__and2_1)
     1    0.01                           ppa_black_7_2.U1.Y (net)
                  0.07    0.00    0.83 ^ ppa_grey_7_3.U1.ao21/A2 (sky130_fd_sc_hd__a21o_1)
                  0.09    0.16    0.99 ^ ppa_grey_7_3.U1.ao21/X (sky130_fd_sc_hd__a21o_1)
     2    0.01                           ppa_buffer_7_4.U2.A (net)
                  0.09    0.00    0.99 ^ ppa_buffer_7_4.U2.buffer/A (sky130_fd_sc_hd__clkbuf_1)
                  0.11    0.15    1.14 ^ ppa_buffer_7_4.U2.buffer/X (sky130_fd_sc_hd__clkbuf_1)
     2    0.01                           ppa_buffer_7_4.U2.Y (net)
                  0.11    0.00    1.14 ^ ppa_grey_11_5.U1.ao21/A1 (sky130_fd_sc_hd__a21o_1)
                  0.08    0.16    1.30 ^ ppa_grey_11_5.U1.ao21/X (sky130_fd_sc_hd__a21o_1)
     2    0.01                           ppa_buffer_11_6.U2.A (net)
                  0.08    0.00    1.30 ^ ppa_grey_13_6.U1.ao21/A1 (sky130_fd_sc_hd__a21o_1)
                  0.09    0.16    1.46 ^ ppa_grey_13_6.U1.ao21/X (sky130_fd_sc_hd__a21o_1)
     2    0.01                           ppa_grey_13_6.U1.Y (net)
                  0.09    0.00    1.46 ^ ppa_post_13_8.U1.xor2/B (sky130_fd_sc_hd__xor2_1)
                  0.13    0.16    1.63 ^ ppa_post_13_8.U1.xor2/X (sky130_fd_sc_hd__xor2_1)
     1    0.00                           ppa_post_13_8.U1.Y (net)
                  0.13    0.00    1.63 ^ _13_/A (sky130_fd_sc_hd__clkbuf_1)
                  0.10    0.15    1.78 ^ _13_/X (sky130_fd_sc_hd__clkbuf_1)
     1    0.01                           net39 (net)
                  0.10    0.00    1.78 ^ output39/A (sky130_fd_sc_hd__buf_2)
                  0.18    0.23    2.01 ^ output39/X (sky130_fd_sc_hd__buf_2)
     1    0.03                           sum[13] (net)
                  0.18    0.00    2.01 ^ sum[13] (out)
                                  2.01   data arrival time

                  0.00    1.25    1.25   clock clk (rise edge)
                          0.00    1.25   clock network delay (ideal)
                         -0.25    1.00   clock uncertainty
                          0.00    1.00   clock reconvergence pessimism
                          0.00    1.00   output external delay
                                  1.00   data required time
-----------------------------------------------------------------------------
                                  1.00   data required time
                                 -2.01   data arrival time
-----------------------------------------------------------------------------
                                 -1.01   slack (VIOLATED)


