
===========================================================================
report_checks -unconstrained
============================================================================
Startpoint: a[2] (input port clocked by clk)
Endpoint: sum[7] (output port clocked by clk)
Path Group: clk
Path Type: max

Fanout     Cap    Slew   Delay    Time   Description
-----------------------------------------------------------------------------
                  0.00    0.00    0.00   clock clk (rise edge)
                          0.00    0.00   clock network delay (ideal)
                          0.00    0.00 v input external delay
                  0.02    0.01    0.01 v a[2] (in)
     1    0.01                           a[2] (net)
                  0.02    0.00    0.01 v input3/A (sky130_fd_sc_hs__buf_8)
                  0.03    0.09    0.11 v input3/X (sky130_fd_sc_hs__buf_8)
     2    0.02                           net3 (net)
                  0.03    0.00    0.11 v ppa_pre_3_0.U1.xor2/A (sky130_fd_sc_hs__xor2_4)
                  0.06    0.18    0.28 v ppa_pre_3_0.U1.xor2/X (sky130_fd_sc_hs__xor2_4)
     4    0.01                           ppa_black_3_1.U1.A (net)
                  0.06    0.00    0.28 v ppa_black_3_1.U2.ao21/A2 (sky130_fd_sc_hs__a21o_1)
                  0.05    0.17    0.45 v ppa_black_3_1.U2.ao21/X (sky130_fd_sc_hs__a21o_1)
     2    0.01                           ppa_black_3_1.U2.Y (net)
                  0.05    0.00    0.45 v ppa_grey_3_2.U1.ao21/B1 (sky130_fd_sc_hs__a21o_1)
                  0.05    0.14    0.59 v ppa_grey_3_2.U1.ao21/X (sky130_fd_sc_hs__a21o_1)
     2    0.01                           ppa_grey_3_2.U1.Y (net)
                  0.05    0.00    0.59 v ppa_grey_7_3.U1.ao21/A1 (sky130_fd_sc_hs__a21o_1)
                  0.05    0.15    0.75 v ppa_grey_7_3.U1.ao21/X (sky130_fd_sc_hs__a21o_1)
     2    0.01                           ppa_grey_7_3.U1.Y (net)
                  0.05    0.00    0.75 v ppa_post_7_4.U1.xor2/B (sky130_fd_sc_hs__xor2_1)
                  0.13    0.14    0.88 ^ ppa_post_7_4.U1.xor2/X (sky130_fd_sc_hs__xor2_1)
     1    0.01                           ppa_post_7_4.U1.Y (net)
                  0.13    0.00    0.88 ^ _7_/A (sky130_fd_sc_hs__buf_2)
                  0.06    0.12    1.00 ^ _7_/X (sky130_fd_sc_hs__buf_2)
     1    0.01                           net26 (net)
                  0.06    0.00    1.00 ^ output26/A (sky130_fd_sc_hs__buf_8)
                  0.06    0.11    1.11 ^ output26/X (sky130_fd_sc_hs__buf_8)
     1    0.04                           sum[7] (net)
                  0.06    0.00    1.11 ^ sum[7] (out)
                                  1.11   data arrival time

                  0.00    0.75    0.75   clock clk (rise edge)
                          0.00    0.75   clock network delay (ideal)
                         -0.25    0.50   clock uncertainty
                          0.00    0.50   clock reconvergence pessimism
                          0.00    0.50   output external delay
                                  0.50   data required time
-----------------------------------------------------------------------------
                                  0.50   data required time
                                 -1.11   data arrival time
-----------------------------------------------------------------------------
                                 -0.61   slack (VIOLATED)



===========================================================================
report_checks --slack_max -0.01
============================================================================
Startpoint: a[2] (input port clocked by clk)
Endpoint: sum[7] (output port clocked by clk)
Path Group: clk
Path Type: max

Fanout     Cap    Slew   Delay    Time   Description
-----------------------------------------------------------------------------
                  0.00    0.00    0.00   clock clk (rise edge)
                          0.00    0.00   clock network delay (ideal)
                          0.00    0.00 v input external delay
                  0.02    0.01    0.01 v a[2] (in)
     1    0.01                           a[2] (net)
                  0.02    0.00    0.01 v input3/A (sky130_fd_sc_hs__buf_8)
                  0.03    0.09    0.11 v input3/X (sky130_fd_sc_hs__buf_8)
     2    0.02                           net3 (net)
                  0.03    0.00    0.11 v ppa_pre_3_0.U1.xor2/A (sky130_fd_sc_hs__xor2_4)
                  0.06    0.18    0.28 v ppa_pre_3_0.U1.xor2/X (sky130_fd_sc_hs__xor2_4)
     4    0.01                           ppa_black_3_1.U1.A (net)
                  0.06    0.00    0.28 v ppa_black_3_1.U2.ao21/A2 (sky130_fd_sc_hs__a21o_1)
                  0.05    0.17    0.45 v ppa_black_3_1.U2.ao21/X (sky130_fd_sc_hs__a21o_1)
     2    0.01                           ppa_black_3_1.U2.Y (net)
                  0.05    0.00    0.45 v ppa_grey_3_2.U1.ao21/B1 (sky130_fd_sc_hs__a21o_1)
                  0.05    0.14    0.59 v ppa_grey_3_2.U1.ao21/X (sky130_fd_sc_hs__a21o_1)
     2    0.01                           ppa_grey_3_2.U1.Y (net)
                  0.05    0.00    0.59 v ppa_grey_7_3.U1.ao21/A1 (sky130_fd_sc_hs__a21o_1)
                  0.05    0.15    0.75 v ppa_grey_7_3.U1.ao21/X (sky130_fd_sc_hs__a21o_1)
     2    0.01                           ppa_grey_7_3.U1.Y (net)
                  0.05    0.00    0.75 v ppa_post_7_4.U1.xor2/B (sky130_fd_sc_hs__xor2_1)
                  0.13    0.14    0.88 ^ ppa_post_7_4.U1.xor2/X (sky130_fd_sc_hs__xor2_1)
     1    0.01                           ppa_post_7_4.U1.Y (net)
                  0.13    0.00    0.88 ^ _7_/A (sky130_fd_sc_hs__buf_2)
                  0.06    0.12    1.00 ^ _7_/X (sky130_fd_sc_hs__buf_2)
     1    0.01                           net26 (net)
                  0.06    0.00    1.00 ^ output26/A (sky130_fd_sc_hs__buf_8)
                  0.06    0.11    1.11 ^ output26/X (sky130_fd_sc_hs__buf_8)
     1    0.04                           sum[7] (net)
                  0.06    0.00    1.11 ^ sum[7] (out)
                                  1.11   data arrival time

                  0.00    0.75    0.75   clock clk (rise edge)
                          0.00    0.75   clock network delay (ideal)
                         -0.25    0.50   clock uncertainty
                          0.00    0.50   clock reconvergence pessimism
                          0.00    0.50   output external delay
                                  0.50   data required time
-----------------------------------------------------------------------------
                                  0.50   data required time
                                 -1.11   data arrival time
-----------------------------------------------------------------------------
                                 -0.61   slack (VIOLATED)


