
===========================================================================
report_checks -path_delay max (Setup)
============================================================================
Startpoint: b[0] (input port clocked by clk)
Endpoint: sum[31] (output port clocked by clk)
Path Group: clk
Path Type: max

Fanout     Cap    Slew   Delay    Time   Description
-----------------------------------------------------------------------------
                  0.00    0.00    0.00   clock clk (rise edge)
                          0.00    0.00   clock network delay (ideal)
                          0.00    0.00 ^ input external delay
                  0.03    0.02    0.02 ^ b[0] (in)
     1    0.01                           b[0] (net)
                  0.03    0.00    0.02 ^ input33/A (sky130_fd_sc_hd__dlymetal6s2s_1)
                  0.17    0.18    0.20 ^ input33/X (sky130_fd_sc_hd__dlymetal6s2s_1)
     2    0.01                           net33 (net)
                  0.17    0.01    0.21 ^ _207_/A (sky130_fd_sc_hd__nand2_1)
                  0.07    0.09    0.30 v _207_/Y (sky130_fd_sc_hd__nand2_1)
     2    0.01                           _025_ (net)
                  0.07    0.00    0.30 v _208_/B1_N (sky130_fd_sc_hd__a21bo_1)
                  0.13    0.26    0.56 ^ _208_/X (sky130_fd_sc_hd__a21bo_1)
     2    0.01                           _026_ (net)
                  0.13    0.00    0.56 ^ _211_/A1 (sky130_fd_sc_hd__a21bo_2)
                  0.14    0.23    0.79 ^ _211_/X (sky130_fd_sc_hd__a21bo_2)
     3    0.02                           _029_ (net)
                  0.14    0.01    0.80 ^ _213_/A2 (sky130_fd_sc_hd__a211oi_2)
                  0.10    0.11    0.91 v _213_/Y (sky130_fd_sc_hd__a211oi_2)
     3    0.01                           _031_ (net)
                  0.10    0.00    0.91 v _227_/B (sky130_fd_sc_hd__or4_2)
                  0.14    0.75    1.66 v _227_/X (sky130_fd_sc_hd__or4_2)
     2    0.01                           _045_ (net)
                  0.14    0.00    1.67 v _243_/A1 (sky130_fd_sc_hd__a211oi_2)
                  0.26    0.31    1.98 ^ _243_/Y (sky130_fd_sc_hd__a211oi_2)
     2    0.01                           _061_ (net)
                  0.26    0.00    1.98 ^ _268_/A2 (sky130_fd_sc_hd__o21ai_1)
                  0.08    0.13    2.11 v _268_/Y (sky130_fd_sc_hd__o21ai_1)
     2    0.01                           _082_ (net)
                  0.08    0.00    2.11 v _290_/A1 (sky130_fd_sc_hd__a31o_1)
                  0.08    0.24    2.35 v _290_/X (sky130_fd_sc_hd__a31o_1)
     2    0.01                           _100_ (net)
                  0.08    0.00    2.35 v _317_/A1 (sky130_fd_sc_hd__a2111o_1)
                  0.07    0.40    2.75 v _317_/X (sky130_fd_sc_hd__a2111o_1)
     1    0.00                           _123_ (net)
                  0.07    0.00    2.75 v _320_/B (sky130_fd_sc_hd__and4_1)
                  0.09    0.24    2.99 v _320_/X (sky130_fd_sc_hd__and4_1)
     3    0.01                           _126_ (net)
                  0.09    0.00    2.99 v _335_/A1 (sky130_fd_sc_hd__o41a_2)
                  0.11    0.59    3.58 v _335_/X (sky130_fd_sc_hd__o41a_2)
     3    0.02                           _139_ (net)
                  0.12    0.01    3.59 v _340_/A2 (sky130_fd_sc_hd__o21a_1)
                  0.06    0.23    3.83 v _340_/X (sky130_fd_sc_hd__o21a_1)
     1    0.01                           _143_ (net)
                  0.06    0.00    3.83 v _341_/B (sky130_fd_sc_hd__xnor2_2)
                  0.21    0.21    4.04 ^ _341_/Y (sky130_fd_sc_hd__xnor2_2)
     1    0.01                           net91 (net)
                  0.21    0.01    4.04 ^ output91/A (sky130_fd_sc_hd__buf_2)
                  0.18    0.26    4.30 ^ output91/X (sky130_fd_sc_hd__buf_2)
     1    0.03                           sum[31] (net)
                  0.18    0.01    4.32 ^ sum[31] (out)
                                  4.32   data arrival time

                  0.00    5.50    5.50   clock clk (rise edge)
                          0.00    5.50   clock network delay (ideal)
                         -0.25    5.25   clock uncertainty
                          0.00    5.25   clock reconvergence pessimism
                          0.00    5.25   output external delay
                                  5.25   data required time
-----------------------------------------------------------------------------
                                  5.25   data required time
                                 -4.32   data arrival time
-----------------------------------------------------------------------------
                                  0.93   slack (MET)


Startpoint: b[0] (input port clocked by clk)
Endpoint: sum[30] (output port clocked by clk)
Path Group: clk
Path Type: max

Fanout     Cap    Slew   Delay    Time   Description
-----------------------------------------------------------------------------
                  0.00    0.00    0.00   clock clk (rise edge)
                          0.00    0.00   clock network delay (ideal)
                          0.00    0.00 ^ input external delay
                  0.03    0.02    0.02 ^ b[0] (in)
     1    0.01                           b[0] (net)
                  0.03    0.00    0.02 ^ input33/A (sky130_fd_sc_hd__dlymetal6s2s_1)
                  0.17    0.18    0.20 ^ input33/X (sky130_fd_sc_hd__dlymetal6s2s_1)
     2    0.01                           net33 (net)
                  0.17    0.01    0.21 ^ _207_/A (sky130_fd_sc_hd__nand2_1)
                  0.07    0.09    0.30 v _207_/Y (sky130_fd_sc_hd__nand2_1)
     2    0.01                           _025_ (net)
                  0.07    0.00    0.30 v _208_/B1_N (sky130_fd_sc_hd__a21bo_1)
                  0.13    0.26    0.56 ^ _208_/X (sky130_fd_sc_hd__a21bo_1)
     2    0.01                           _026_ (net)
                  0.13    0.00    0.56 ^ _211_/A1 (sky130_fd_sc_hd__a21bo_2)
                  0.14    0.23    0.79 ^ _211_/X (sky130_fd_sc_hd__a21bo_2)
     3    0.02                           _029_ (net)
                  0.14    0.01    0.80 ^ _213_/A2 (sky130_fd_sc_hd__a211oi_2)
                  0.10    0.11    0.91 v _213_/Y (sky130_fd_sc_hd__a211oi_2)
     3    0.01                           _031_ (net)
                  0.10    0.00    0.91 v _227_/B (sky130_fd_sc_hd__or4_2)
                  0.14    0.75    1.66 v _227_/X (sky130_fd_sc_hd__or4_2)
     2    0.01                           _045_ (net)
                  0.14    0.00    1.67 v _243_/A1 (sky130_fd_sc_hd__a211oi_2)
                  0.26    0.31    1.98 ^ _243_/Y (sky130_fd_sc_hd__a211oi_2)
     2    0.01                           _061_ (net)
                  0.26    0.00    1.98 ^ _268_/A2 (sky130_fd_sc_hd__o21ai_1)
                  0.08    0.13    2.11 v _268_/Y (sky130_fd_sc_hd__o21ai_1)
     2    0.01                           _082_ (net)
                  0.08    0.00    2.11 v _290_/A1 (sky130_fd_sc_hd__a31o_1)
                  0.08    0.24    2.35 v _290_/X (sky130_fd_sc_hd__a31o_1)
     2    0.01                           _100_ (net)
                  0.08    0.00    2.35 v _317_/A1 (sky130_fd_sc_hd__a2111o_1)
                  0.07    0.40    2.75 v _317_/X (sky130_fd_sc_hd__a2111o_1)
     1    0.00                           _123_ (net)
                  0.07    0.00    2.75 v _320_/B (sky130_fd_sc_hd__and4_1)
                  0.09    0.24    2.99 v _320_/X (sky130_fd_sc_hd__and4_1)
     3    0.01                           _126_ (net)
                  0.09    0.00    2.99 v _335_/A1 (sky130_fd_sc_hd__o41a_2)
                  0.11    0.59    3.58 v _335_/X (sky130_fd_sc_hd__o41a_2)
     3    0.02                           _139_ (net)
                  0.12    0.01    3.59 v _336_/B (sky130_fd_sc_hd__and2_1)
                  0.04    0.20    3.79 v _336_/X (sky130_fd_sc_hd__and2_1)
     1    0.00                           _140_ (net)
                  0.04    0.00    3.79 v _338_/A (sky130_fd_sc_hd__nor2_1)
                  0.14    0.15    3.94 ^ _338_/Y (sky130_fd_sc_hd__nor2_1)
     1    0.01                           net90 (net)
                  0.14    0.00    3.94 ^ output90/A (sky130_fd_sc_hd__buf_2)
                  0.19    0.25    4.19 ^ output90/X (sky130_fd_sc_hd__buf_2)
     1    0.03                           sum[30] (net)
                  0.19    0.01    4.21 ^ sum[30] (out)
                                  4.21   data arrival time

                  0.00    5.50    5.50   clock clk (rise edge)
                          0.00    5.50   clock network delay (ideal)
                         -0.25    5.25   clock uncertainty
                          0.00    5.25   clock reconvergence pessimism
                          0.00    5.25   output external delay
                                  5.25   data required time
-----------------------------------------------------------------------------
                                  5.25   data required time
                                 -4.21   data arrival time
-----------------------------------------------------------------------------
                                  1.04   slack (MET)


Startpoint: b[0] (input port clocked by clk)
Endpoint: cout (output port clocked by clk)
Path Group: clk
Path Type: max

Fanout     Cap    Slew   Delay    Time   Description
-----------------------------------------------------------------------------
                  0.00    0.00    0.00   clock clk (rise edge)
                          0.00    0.00   clock network delay (ideal)
                          0.00    0.00 ^ input external delay
                  0.03    0.02    0.02 ^ b[0] (in)
     1    0.01                           b[0] (net)
                  0.03    0.00    0.02 ^ input33/A (sky130_fd_sc_hd__dlymetal6s2s_1)
                  0.17    0.18    0.20 ^ input33/X (sky130_fd_sc_hd__dlymetal6s2s_1)
     2    0.01                           net33 (net)
                  0.17    0.01    0.21 ^ _207_/A (sky130_fd_sc_hd__nand2_1)
                  0.07    0.09    0.30 v _207_/Y (sky130_fd_sc_hd__nand2_1)
     2    0.01                           _025_ (net)
                  0.07    0.00    0.30 v _208_/B1_N (sky130_fd_sc_hd__a21bo_1)
                  0.13    0.26    0.56 ^ _208_/X (sky130_fd_sc_hd__a21bo_1)
     2    0.01                           _026_ (net)
                  0.13    0.00    0.56 ^ _211_/A1 (sky130_fd_sc_hd__a21bo_2)
                  0.14    0.23    0.79 ^ _211_/X (sky130_fd_sc_hd__a21bo_2)
     3    0.02                           _029_ (net)
                  0.14    0.01    0.80 ^ _213_/A2 (sky130_fd_sc_hd__a211oi_2)
                  0.10    0.11    0.91 v _213_/Y (sky130_fd_sc_hd__a211oi_2)
     3    0.01                           _031_ (net)
                  0.10    0.00    0.91 v _227_/B (sky130_fd_sc_hd__or4_2)
                  0.14    0.75    1.66 v _227_/X (sky130_fd_sc_hd__or4_2)
     2    0.01                           _045_ (net)
                  0.14    0.00    1.67 v _243_/A1 (sky130_fd_sc_hd__a211oi_2)
                  0.26    0.31    1.98 ^ _243_/Y (sky130_fd_sc_hd__a211oi_2)
     2    0.01                           _061_ (net)
                  0.26    0.00    1.98 ^ _268_/A2 (sky130_fd_sc_hd__o21ai_1)
                  0.08    0.13    2.11 v _268_/Y (sky130_fd_sc_hd__o21ai_1)
     2    0.01                           _082_ (net)
                  0.08    0.00    2.11 v _290_/A1 (sky130_fd_sc_hd__a31o_1)
                  0.08    0.24    2.35 v _290_/X (sky130_fd_sc_hd__a31o_1)
     2    0.01                           _100_ (net)
                  0.08    0.00    2.35 v _317_/A1 (sky130_fd_sc_hd__a2111o_1)
                  0.07    0.40    2.75 v _317_/X (sky130_fd_sc_hd__a2111o_1)
     1    0.00                           _123_ (net)
                  0.07    0.00    2.75 v _320_/B (sky130_fd_sc_hd__and4_1)
                  0.09    0.24    2.99 v _320_/X (sky130_fd_sc_hd__and4_1)
     3    0.01                           _126_ (net)
                  0.09    0.00    2.99 v _335_/A1 (sky130_fd_sc_hd__o41a_2)
                  0.11    0.59    3.58 v _335_/X (sky130_fd_sc_hd__o41a_2)
     3    0.02                           _139_ (net)
                  0.12    0.01    3.59 v _337_/B (sky130_fd_sc_hd__nor2_1)
                  0.17    0.19    3.78 ^ _337_/Y (sky130_fd_sc_hd__nor2_1)
     2    0.01                           _141_ (net)
                  0.17    0.00    3.78 ^ _343_/B1 (sky130_fd_sc_hd__a221o_1)
                  0.06    0.18    3.96 ^ _343_/X (sky130_fd_sc_hd__a221o_1)
     1    0.00                           net66 (net)
                  0.06    0.00    3.96 ^ output66/A (sky130_fd_sc_hd__buf_2)
                  0.19    0.22    4.18 ^ output66/X (sky130_fd_sc_hd__buf_2)
     1    0.03                           cout (net)
                  0.19    0.01    4.20 ^ cout (out)
                                  4.20   data arrival time

                  0.00    5.50    5.50   clock clk (rise edge)
                          0.00    5.50   clock network delay (ideal)
                         -0.25    5.25   clock uncertainty
                          0.00    5.25   clock reconvergence pessimism
                          0.00    5.25   output external delay
                                  5.25   data required time
-----------------------------------------------------------------------------
                                  5.25   data required time
                                 -4.20   data arrival time
-----------------------------------------------------------------------------
                                  1.05   slack (MET)


Startpoint: b[0] (input port clocked by clk)
Endpoint: sum[29] (output port clocked by clk)
Path Group: clk
Path Type: max

Fanout     Cap    Slew   Delay    Time   Description
-----------------------------------------------------------------------------
                  0.00    0.00    0.00   clock clk (rise edge)
                          0.00    0.00   clock network delay (ideal)
                          0.00    0.00 ^ input external delay
                  0.03    0.02    0.02 ^ b[0] (in)
     1    0.01                           b[0] (net)
                  0.03    0.00    0.02 ^ input33/A (sky130_fd_sc_hd__dlymetal6s2s_1)
                  0.17    0.18    0.20 ^ input33/X (sky130_fd_sc_hd__dlymetal6s2s_1)
     2    0.01                           net33 (net)
                  0.17    0.01    0.21 ^ _207_/A (sky130_fd_sc_hd__nand2_1)
                  0.07    0.09    0.30 v _207_/Y (sky130_fd_sc_hd__nand2_1)
     2    0.01                           _025_ (net)
                  0.07    0.00    0.30 v _208_/B1_N (sky130_fd_sc_hd__a21bo_1)
                  0.13    0.26    0.56 ^ _208_/X (sky130_fd_sc_hd__a21bo_1)
     2    0.01                           _026_ (net)
                  0.13    0.00    0.56 ^ _211_/A1 (sky130_fd_sc_hd__a21bo_2)
                  0.14    0.23    0.79 ^ _211_/X (sky130_fd_sc_hd__a21bo_2)
     3    0.02                           _029_ (net)
                  0.14    0.01    0.80 ^ _213_/A2 (sky130_fd_sc_hd__a211oi_2)
                  0.10    0.11    0.91 v _213_/Y (sky130_fd_sc_hd__a211oi_2)
     3    0.01                           _031_ (net)
                  0.10    0.00    0.91 v _227_/B (sky130_fd_sc_hd__or4_2)
                  0.14    0.75    1.66 v _227_/X (sky130_fd_sc_hd__or4_2)
     2    0.01                           _045_ (net)
                  0.14    0.00    1.67 v _243_/A1 (sky130_fd_sc_hd__a211oi_2)
                  0.26    0.31    1.98 ^ _243_/Y (sky130_fd_sc_hd__a211oi_2)
     2    0.01                           _061_ (net)
                  0.26    0.00    1.98 ^ _268_/A2 (sky130_fd_sc_hd__o21ai_1)
                  0.08    0.13    2.11 v _268_/Y (sky130_fd_sc_hd__o21ai_1)
     2    0.01                           _082_ (net)
                  0.08    0.00    2.11 v _290_/A1 (sky130_fd_sc_hd__a31o_1)
                  0.08    0.24    2.35 v _290_/X (sky130_fd_sc_hd__a31o_1)
     2    0.01                           _100_ (net)
                  0.08    0.00    2.35 v _317_/A1 (sky130_fd_sc_hd__a2111o_1)
                  0.07    0.40    2.75 v _317_/X (sky130_fd_sc_hd__a2111o_1)
     1    0.00                           _123_ (net)
                  0.07    0.00    2.75 v _320_/B (sky130_fd_sc_hd__and4_1)
                  0.09    0.24    2.99 v _320_/X (sky130_fd_sc_hd__and4_1)
     3    0.01                           _126_ (net)
                  0.09    0.00    2.99 v _329_/A1 (sky130_fd_sc_hd__o21ai_1)
                  0.18    0.21    3.21 ^ _329_/Y (sky130_fd_sc_hd__o21ai_1)
     1    0.01                           _134_ (net)
                  0.18    0.00    3.21 ^ _330_/B (sky130_fd_sc_hd__xnor2_1)
                  0.28    0.21    3.42 ^ _330_/Y (sky130_fd_sc_hd__xnor2_1)
     1    0.01                           net88 (net)
                  0.28    0.00    3.42 ^ output88/A (sky130_fd_sc_hd__buf_2)
                  0.18    0.29    3.71 ^ output88/X (sky130_fd_sc_hd__buf_2)
     1    0.03                           sum[29] (net)
                  0.18    0.01    3.72 ^ sum[29] (out)
                                  3.72   data arrival time

                  0.00    5.50    5.50   clock clk (rise edge)
                          0.00    5.50   clock network delay (ideal)
                         -0.25    5.25   clock uncertainty
                          0.00    5.25   clock reconvergence pessimism
                          0.00    5.25   output external delay
                                  5.25   data required time
-----------------------------------------------------------------------------
                                  5.25   data required time
                                 -3.72   data arrival time
-----------------------------------------------------------------------------
                                  1.53   slack (MET)


Startpoint: b[0] (input port clocked by clk)
Endpoint: sum[27] (output port clocked by clk)
Path Group: clk
Path Type: max

Fanout     Cap    Slew   Delay    Time   Description
-----------------------------------------------------------------------------
                  0.00    0.00    0.00   clock clk (rise edge)
                          0.00    0.00   clock network delay (ideal)
                          0.00    0.00 ^ input external delay
                  0.03    0.02    0.02 ^ b[0] (in)
     1    0.01                           b[0] (net)
                  0.03    0.00    0.02 ^ input33/A (sky130_fd_sc_hd__dlymetal6s2s_1)
                  0.17    0.18    0.20 ^ input33/X (sky130_fd_sc_hd__dlymetal6s2s_1)
     2    0.01                           net33 (net)
                  0.17    0.01    0.21 ^ _207_/A (sky130_fd_sc_hd__nand2_1)
                  0.07    0.09    0.30 v _207_/Y (sky130_fd_sc_hd__nand2_1)
     2    0.01                           _025_ (net)
                  0.07    0.00    0.30 v _208_/B1_N (sky130_fd_sc_hd__a21bo_1)
                  0.13    0.26    0.56 ^ _208_/X (sky130_fd_sc_hd__a21bo_1)
     2    0.01                           _026_ (net)
                  0.13    0.00    0.56 ^ _211_/A1 (sky130_fd_sc_hd__a21bo_2)
                  0.14    0.23    0.79 ^ _211_/X (sky130_fd_sc_hd__a21bo_2)
     3    0.02                           _029_ (net)
                  0.14    0.01    0.80 ^ _213_/A2 (sky130_fd_sc_hd__a211oi_2)
                  0.10    0.11    0.91 v _213_/Y (sky130_fd_sc_hd__a211oi_2)
     3    0.01                           _031_ (net)
                  0.10    0.00    0.91 v _227_/B (sky130_fd_sc_hd__or4_2)
                  0.14    0.75    1.66 v _227_/X (sky130_fd_sc_hd__or4_2)
     2    0.01                           _045_ (net)
                  0.14    0.00    1.67 v _243_/A1 (sky130_fd_sc_hd__a211oi_2)
                  0.26    0.31    1.98 ^ _243_/Y (sky130_fd_sc_hd__a211oi_2)
     2    0.01                           _061_ (net)
                  0.26    0.00    1.98 ^ _268_/A2 (sky130_fd_sc_hd__o21ai_1)
                  0.08    0.13    2.11 v _268_/Y (sky130_fd_sc_hd__o21ai_1)
     2    0.01                           _082_ (net)
                  0.08    0.00    2.11 v _290_/A1 (sky130_fd_sc_hd__a31o_1)
                  0.08    0.24    2.35 v _290_/X (sky130_fd_sc_hd__a31o_1)
     2    0.01                           _100_ (net)
                  0.08    0.00    2.35 v _295_/A (sky130_fd_sc_hd__and2_2)
                  0.08    0.23    2.58 v _295_/X (sky130_fd_sc_hd__and2_2)
     2    0.02                           _105_ (net)
                  0.08    0.01    2.59 v _303_/A1 (sky130_fd_sc_hd__o21a_1)
                  0.06    0.23    2.82 v _303_/X (sky130_fd_sc_hd__o21a_1)
     2    0.01                           _112_ (net)
                  0.06    0.00    2.83 v _309_/A2 (sky130_fd_sc_hd__a21o_1)
                  0.07    0.22    3.05 v _309_/X (sky130_fd_sc_hd__a21o_1)
     2    0.01                           _117_ (net)
                  0.07    0.00    3.05 v _314_/A2 (sky130_fd_sc_hd__o21bai_1)
                  0.17    0.18    3.23 ^ _314_/Y (sky130_fd_sc_hd__o21bai_1)
     1    0.01                           _121_ (net)
                  0.17    0.00    3.24 ^ _315_/B (sky130_fd_sc_hd__xnor2_1)
                  0.22    0.18    3.42 ^ _315_/Y (sky130_fd_sc_hd__xnor2_1)
     1    0.01                           net86 (net)
                  0.22    0.00    3.42 ^ output86/A (sky130_fd_sc_hd__buf_2)
                  0.18    0.27    3.69 ^ output86/X (sky130_fd_sc_hd__buf_2)
     1    0.03                           sum[27] (net)
                  0.18    0.01    3.70 ^ sum[27] (out)
                                  3.70   data arrival time

                  0.00    5.50    5.50   clock clk (rise edge)
                          0.00    5.50   clock network delay (ideal)
                         -0.25    5.25   clock uncertainty
                          0.00    5.25   clock reconvergence pessimism
                          0.00    5.25   output external delay
                                  5.25   data required time
-----------------------------------------------------------------------------
                                  5.25   data required time
                                 -3.70   data arrival time
-----------------------------------------------------------------------------
                                  1.55   slack (MET)


