
===========================================================================
report_checks -path_delay max (Setup)
============================================================================
Startpoint: b[0] (input port clocked by clk)
Endpoint: sum[31] (output port clocked by clk)
Path Group: clk
Path Type: max

Fanout     Cap    Slew   Delay    Time   Description
-----------------------------------------------------------------------------
                  0.00    0.00    0.00   clock clk (rise edge)
                          0.00    0.00   clock network delay (ideal)
                          0.00    0.00 ^ input external delay
                  0.02    0.01    0.01 ^ b[0] (in)
     1    0.00                           b[0] (net)
                  0.02    0.00    0.01 ^ input33/A (sky130_fd_sc_hd__dlymetal6s2s_1)
                  0.15    0.16    0.17 ^ input33/X (sky130_fd_sc_hd__dlymetal6s2s_1)
     2    0.01                           net33 (net)
                  0.15    0.00    0.17 ^ _207_/A (sky130_fd_sc_hd__nand2_1)
                  0.06    0.09    0.26 v _207_/Y (sky130_fd_sc_hd__nand2_1)
     2    0.00                           _025_ (net)
                  0.06    0.00    0.26 v _208_/B1_N (sky130_fd_sc_hd__a21bo_1)
                  0.12    0.25    0.50 ^ _208_/X (sky130_fd_sc_hd__a21bo_1)
     2    0.01                           _026_ (net)
                  0.12    0.00    0.51 ^ _211_/A1 (sky130_fd_sc_hd__a21bo_2)
                  0.12    0.22    0.72 ^ _211_/X (sky130_fd_sc_hd__a21bo_2)
     3    0.02                           _029_ (net)
                  0.12    0.00    0.72 ^ _213_/A2 (sky130_fd_sc_hd__a211oi_2)
                  0.09    0.10    0.82 v _213_/Y (sky130_fd_sc_hd__a211oi_2)
     3    0.01                           _031_ (net)
                  0.09    0.00    0.82 v _227_/B (sky130_fd_sc_hd__or4_2)
                  0.14    0.75    1.57 v _227_/X (sky130_fd_sc_hd__or4_2)
     2    0.01                           _045_ (net)
                  0.14    0.00    1.57 v _243_/A1 (sky130_fd_sc_hd__a211oi_2)
                  0.26    0.31    1.88 ^ _243_/Y (sky130_fd_sc_hd__a211oi_2)
     2    0.01                           _061_ (net)
                  0.26    0.00    1.88 ^ _268_/A2 (sky130_fd_sc_hd__o21ai_1)
                  0.07    0.12    2.00 v _268_/Y (sky130_fd_sc_hd__o21ai_1)
     2    0.01                           _082_ (net)
                  0.07    0.00    2.00 v _290_/A1 (sky130_fd_sc_hd__a31o_1)
                  0.08    0.24    2.24 v _290_/X (sky130_fd_sc_hd__a31o_1)
     2    0.01                           _100_ (net)
                  0.08    0.00    2.24 v _317_/A1 (sky130_fd_sc_hd__a2111o_1)
                  0.06    0.39    2.63 v _317_/X (sky130_fd_sc_hd__a2111o_1)
     1    0.00                           _123_ (net)
                  0.06    0.00    2.63 v _320_/B (sky130_fd_sc_hd__and4_1)
                  0.09    0.24    2.86 v _320_/X (sky130_fd_sc_hd__and4_1)
     3    0.01                           _126_ (net)
                  0.09    0.00    2.86 v _335_/A1 (sky130_fd_sc_hd__o41a_2)
                  0.11    0.59    3.46 v _335_/X (sky130_fd_sc_hd__o41a_2)
     3    0.02                           _139_ (net)
                  0.11    0.00    3.46 v _340_/A2 (sky130_fd_sc_hd__o21a_1)
                  0.06    0.23    3.69 v _340_/X (sky130_fd_sc_hd__o21a_1)
     1    0.01                           _143_ (net)
                  0.06    0.00    3.69 v _341_/B (sky130_fd_sc_hd__xnor2_2)
                  0.21    0.21    3.91 ^ _341_/Y (sky130_fd_sc_hd__xnor2_2)
     1    0.01                           net91 (net)
                  0.21    0.00    3.91 ^ output91/A (sky130_fd_sc_hd__buf_2)
                  0.17    0.27    4.17 ^ output91/X (sky130_fd_sc_hd__buf_2)
     1    0.03                           sum[31] (net)
                  0.17    0.00    4.17 ^ sum[31] (out)
                                  4.17   data arrival time

                  0.00    5.50    5.50   clock clk (rise edge)
                          0.00    5.50   clock network delay (ideal)
                         -0.25    5.25   clock uncertainty
                          0.00    5.25   clock reconvergence pessimism
                          0.00    5.25   output external delay
                                  5.25   data required time
-----------------------------------------------------------------------------
                                  5.25   data required time
                                 -4.17   data arrival time
-----------------------------------------------------------------------------
                                  1.08   slack (MET)


Startpoint: b[0] (input port clocked by clk)
Endpoint: sum[30] (output port clocked by clk)
Path Group: clk
Path Type: max

Fanout     Cap    Slew   Delay    Time   Description
-----------------------------------------------------------------------------
                  0.00    0.00    0.00   clock clk (rise edge)
                          0.00    0.00   clock network delay (ideal)
                          0.00    0.00 ^ input external delay
                  0.02    0.01    0.01 ^ b[0] (in)
     1    0.00                           b[0] (net)
                  0.02    0.00    0.01 ^ input33/A (sky130_fd_sc_hd__dlymetal6s2s_1)
                  0.15    0.16    0.17 ^ input33/X (sky130_fd_sc_hd__dlymetal6s2s_1)
     2    0.01                           net33 (net)
                  0.15    0.00    0.17 ^ _207_/A (sky130_fd_sc_hd__nand2_1)
                  0.06    0.09    0.26 v _207_/Y (sky130_fd_sc_hd__nand2_1)
     2    0.00                           _025_ (net)
                  0.06    0.00    0.26 v _208_/B1_N (sky130_fd_sc_hd__a21bo_1)
                  0.12    0.25    0.50 ^ _208_/X (sky130_fd_sc_hd__a21bo_1)
     2    0.01                           _026_ (net)
                  0.12    0.00    0.51 ^ _211_/A1 (sky130_fd_sc_hd__a21bo_2)
                  0.12    0.22    0.72 ^ _211_/X (sky130_fd_sc_hd__a21bo_2)
     3    0.02                           _029_ (net)
                  0.12    0.00    0.72 ^ _213_/A2 (sky130_fd_sc_hd__a211oi_2)
                  0.09    0.10    0.82 v _213_/Y (sky130_fd_sc_hd__a211oi_2)
     3    0.01                           _031_ (net)
                  0.09    0.00    0.82 v _227_/B (sky130_fd_sc_hd__or4_2)
                  0.14    0.75    1.57 v _227_/X (sky130_fd_sc_hd__or4_2)
     2    0.01                           _045_ (net)
                  0.14    0.00    1.57 v _243_/A1 (sky130_fd_sc_hd__a211oi_2)
                  0.26    0.31    1.88 ^ _243_/Y (sky130_fd_sc_hd__a211oi_2)
     2    0.01                           _061_ (net)
                  0.26    0.00    1.88 ^ _268_/A2 (sky130_fd_sc_hd__o21ai_1)
                  0.07    0.12    2.00 v _268_/Y (sky130_fd_sc_hd__o21ai_1)
     2    0.01                           _082_ (net)
                  0.07    0.00    2.00 v _290_/A1 (sky130_fd_sc_hd__a31o_1)
                  0.08    0.24    2.24 v _290_/X (sky130_fd_sc_hd__a31o_1)
     2    0.01                           _100_ (net)
                  0.08    0.00    2.24 v _317_/A1 (sky130_fd_sc_hd__a2111o_1)
                  0.06    0.39    2.63 v _317_/X (sky130_fd_sc_hd__a2111o_1)
     1    0.00                           _123_ (net)
                  0.06    0.00    2.63 v _320_/B (sky130_fd_sc_hd__and4_1)
                  0.09    0.24    2.86 v _320_/X (sky130_fd_sc_hd__and4_1)
     3    0.01                           _126_ (net)
                  0.09    0.00    2.86 v _335_/A1 (sky130_fd_sc_hd__o41a_2)
                  0.11    0.59    3.46 v _335_/X (sky130_fd_sc_hd__o41a_2)
     3    0.02                           _139_ (net)
                  0.11    0.00    3.46 v _336_/B (sky130_fd_sc_hd__and2_1)
                  0.03    0.19    3.65 v _336_/X (sky130_fd_sc_hd__and2_1)
     1    0.00                           _140_ (net)
                  0.03    0.00    3.65 v _338_/A (sky130_fd_sc_hd__nor2_1)
                  0.14    0.14    3.79 ^ _338_/Y (sky130_fd_sc_hd__nor2_1)
     1    0.01                           net90 (net)
                  0.14    0.00    3.79 ^ output90/A (sky130_fd_sc_hd__buf_2)
                  0.17    0.24    4.04 ^ output90/X (sky130_fd_sc_hd__buf_2)
     1    0.03                           sum[30] (net)
                  0.17    0.00    4.04 ^ sum[30] (out)
                                  4.04   data arrival time

                  0.00    5.50    5.50   clock clk (rise edge)
                          0.00    5.50   clock network delay (ideal)
                         -0.25    5.25   clock uncertainty
                          0.00    5.25   clock reconvergence pessimism
                          0.00    5.25   output external delay
                                  5.25   data required time
-----------------------------------------------------------------------------
                                  5.25   data required time
                                 -4.04   data arrival time
-----------------------------------------------------------------------------
                                  1.21   slack (MET)


Startpoint: b[0] (input port clocked by clk)
Endpoint: cout (output port clocked by clk)
Path Group: clk
Path Type: max

Fanout     Cap    Slew   Delay    Time   Description
-----------------------------------------------------------------------------
                  0.00    0.00    0.00   clock clk (rise edge)
                          0.00    0.00   clock network delay (ideal)
                          0.00    0.00 ^ input external delay
                  0.02    0.01    0.01 ^ b[0] (in)
     1    0.00                           b[0] (net)
                  0.02    0.00    0.01 ^ input33/A (sky130_fd_sc_hd__dlymetal6s2s_1)
                  0.15    0.16    0.17 ^ input33/X (sky130_fd_sc_hd__dlymetal6s2s_1)
     2    0.01                           net33 (net)
                  0.15    0.00    0.17 ^ _207_/A (sky130_fd_sc_hd__nand2_1)
                  0.06    0.09    0.26 v _207_/Y (sky130_fd_sc_hd__nand2_1)
     2    0.00                           _025_ (net)
                  0.06    0.00    0.26 v _208_/B1_N (sky130_fd_sc_hd__a21bo_1)
                  0.12    0.25    0.50 ^ _208_/X (sky130_fd_sc_hd__a21bo_1)
     2    0.01                           _026_ (net)
                  0.12    0.00    0.51 ^ _211_/A1 (sky130_fd_sc_hd__a21bo_2)
                  0.12    0.22    0.72 ^ _211_/X (sky130_fd_sc_hd__a21bo_2)
     3    0.02                           _029_ (net)
                  0.12    0.00    0.72 ^ _213_/A2 (sky130_fd_sc_hd__a211oi_2)
                  0.09    0.10    0.82 v _213_/Y (sky130_fd_sc_hd__a211oi_2)
     3    0.01                           _031_ (net)
                  0.09    0.00    0.82 v _227_/B (sky130_fd_sc_hd__or4_2)
                  0.14    0.75    1.57 v _227_/X (sky130_fd_sc_hd__or4_2)
     2    0.01                           _045_ (net)
                  0.14    0.00    1.57 v _243_/A1 (sky130_fd_sc_hd__a211oi_2)
                  0.26    0.31    1.88 ^ _243_/Y (sky130_fd_sc_hd__a211oi_2)
     2    0.01                           _061_ (net)
                  0.26    0.00    1.88 ^ _268_/A2 (sky130_fd_sc_hd__o21ai_1)
                  0.07    0.12    2.00 v _268_/Y (sky130_fd_sc_hd__o21ai_1)
     2    0.01                           _082_ (net)
                  0.07    0.00    2.00 v _290_/A1 (sky130_fd_sc_hd__a31o_1)
                  0.08    0.24    2.24 v _290_/X (sky130_fd_sc_hd__a31o_1)
     2    0.01                           _100_ (net)
                  0.08    0.00    2.24 v _317_/A1 (sky130_fd_sc_hd__a2111o_1)
                  0.06    0.39    2.63 v _317_/X (sky130_fd_sc_hd__a2111o_1)
     1    0.00                           _123_ (net)
                  0.06    0.00    2.63 v _320_/B (sky130_fd_sc_hd__and4_1)
                  0.09    0.24    2.86 v _320_/X (sky130_fd_sc_hd__and4_1)
     3    0.01                           _126_ (net)
                  0.09    0.00    2.86 v _335_/A1 (sky130_fd_sc_hd__o41a_2)
                  0.11    0.59    3.46 v _335_/X (sky130_fd_sc_hd__o41a_2)
     3    0.02                           _139_ (net)
                  0.11    0.00    3.46 v _337_/B (sky130_fd_sc_hd__nor2_1)
                  0.14    0.16    3.62 ^ _337_/Y (sky130_fd_sc_hd__nor2_1)
     2    0.01                           _141_ (net)
                  0.14    0.00    3.62 ^ _343_/B1 (sky130_fd_sc_hd__a221o_1)
                  0.05    0.17    3.79 ^ _343_/X (sky130_fd_sc_hd__a221o_1)
     1    0.00                           net66 (net)
                  0.05    0.00    3.79 ^ output66/A (sky130_fd_sc_hd__buf_2)
                  0.17    0.21    4.00 ^ output66/X (sky130_fd_sc_hd__buf_2)
     1    0.03                           cout (net)
                  0.17    0.00    4.00 ^ cout (out)
                                  4.00   data arrival time

                  0.00    5.50    5.50   clock clk (rise edge)
                          0.00    5.50   clock network delay (ideal)
                         -0.25    5.25   clock uncertainty
                          0.00    5.25   clock reconvergence pessimism
                          0.00    5.25   output external delay
                                  5.25   data required time
-----------------------------------------------------------------------------
                                  5.25   data required time
                                 -4.00   data arrival time
-----------------------------------------------------------------------------
                                  1.25   slack (MET)


Startpoint: b[0] (input port clocked by clk)
Endpoint: sum[29] (output port clocked by clk)
Path Group: clk
Path Type: max

Fanout     Cap    Slew   Delay    Time   Description
-----------------------------------------------------------------------------
                  0.00    0.00    0.00   clock clk (rise edge)
                          0.00    0.00   clock network delay (ideal)
                          0.00    0.00 ^ input external delay
                  0.02    0.01    0.01 ^ b[0] (in)
     1    0.00                           b[0] (net)
                  0.02    0.00    0.01 ^ input33/A (sky130_fd_sc_hd__dlymetal6s2s_1)
                  0.15    0.16    0.17 ^ input33/X (sky130_fd_sc_hd__dlymetal6s2s_1)
     2    0.01                           net33 (net)
                  0.15    0.00    0.17 ^ _207_/A (sky130_fd_sc_hd__nand2_1)
                  0.06    0.09    0.26 v _207_/Y (sky130_fd_sc_hd__nand2_1)
     2    0.00                           _025_ (net)
                  0.06    0.00    0.26 v _208_/B1_N (sky130_fd_sc_hd__a21bo_1)
                  0.12    0.25    0.50 ^ _208_/X (sky130_fd_sc_hd__a21bo_1)
     2    0.01                           _026_ (net)
                  0.12    0.00    0.51 ^ _211_/A1 (sky130_fd_sc_hd__a21bo_2)
                  0.12    0.22    0.72 ^ _211_/X (sky130_fd_sc_hd__a21bo_2)
     3    0.02                           _029_ (net)
                  0.12    0.00    0.72 ^ _213_/A2 (sky130_fd_sc_hd__a211oi_2)
                  0.09    0.10    0.82 v _213_/Y (sky130_fd_sc_hd__a211oi_2)
     3    0.01                           _031_ (net)
                  0.09    0.00    0.82 v _227_/B (sky130_fd_sc_hd__or4_2)
                  0.14    0.75    1.57 v _227_/X (sky130_fd_sc_hd__or4_2)
     2    0.01                           _045_ (net)
                  0.14    0.00    1.57 v _243_/A1 (sky130_fd_sc_hd__a211oi_2)
                  0.26    0.31    1.88 ^ _243_/Y (sky130_fd_sc_hd__a211oi_2)
     2    0.01                           _061_ (net)
                  0.26    0.00    1.88 ^ _268_/A2 (sky130_fd_sc_hd__o21ai_1)
                  0.07    0.12    2.00 v _268_/Y (sky130_fd_sc_hd__o21ai_1)
     2    0.01                           _082_ (net)
                  0.07    0.00    2.00 v _290_/A1 (sky130_fd_sc_hd__a31o_1)
                  0.08    0.24    2.24 v _290_/X (sky130_fd_sc_hd__a31o_1)
     2    0.01                           _100_ (net)
                  0.08    0.00    2.24 v _317_/A1 (sky130_fd_sc_hd__a2111o_1)
                  0.06    0.39    2.63 v _317_/X (sky130_fd_sc_hd__a2111o_1)
     1    0.00                           _123_ (net)
                  0.06    0.00    2.63 v _320_/B (sky130_fd_sc_hd__and4_1)
                  0.09    0.24    2.86 v _320_/X (sky130_fd_sc_hd__and4_1)
     3    0.01                           _126_ (net)
                  0.09    0.00    2.86 v _329_/A1 (sky130_fd_sc_hd__o21ai_1)
                  0.17    0.20    3.07 ^ _329_/Y (sky130_fd_sc_hd__o21ai_1)
     1    0.01                           _134_ (net)
                  0.17    0.00    3.07 ^ _330_/B (sky130_fd_sc_hd__xnor2_1)
                  0.31    0.22    3.29 ^ _330_/Y (sky130_fd_sc_hd__xnor2_1)
     1    0.01                           net88 (net)
                  0.31    0.00    3.29 ^ output88/A (sky130_fd_sc_hd__buf_2)
                  0.17    0.29    3.58 ^ output88/X (sky130_fd_sc_hd__buf_2)
     1    0.03                           sum[29] (net)
                  0.17    0.00    3.58 ^ sum[29] (out)
                                  3.58   data arrival time

                  0.00    5.50    5.50   clock clk (rise edge)
                          0.00    5.50   clock network delay (ideal)
                         -0.25    5.25   clock uncertainty
                          0.00    5.25   clock reconvergence pessimism
                          0.00    5.25   output external delay
                                  5.25   data required time
-----------------------------------------------------------------------------
                                  5.25   data required time
                                 -3.58   data arrival time
-----------------------------------------------------------------------------
                                  1.67   slack (MET)


Startpoint: b[0] (input port clocked by clk)
Endpoint: sum[27] (output port clocked by clk)
Path Group: clk
Path Type: max

Fanout     Cap    Slew   Delay    Time   Description
-----------------------------------------------------------------------------
                  0.00    0.00    0.00   clock clk (rise edge)
                          0.00    0.00   clock network delay (ideal)
                          0.00    0.00 ^ input external delay
                  0.02    0.01    0.01 ^ b[0] (in)
     1    0.00                           b[0] (net)
                  0.02    0.00    0.01 ^ input33/A (sky130_fd_sc_hd__dlymetal6s2s_1)
                  0.15    0.16    0.17 ^ input33/X (sky130_fd_sc_hd__dlymetal6s2s_1)
     2    0.01                           net33 (net)
                  0.15    0.00    0.17 ^ _207_/A (sky130_fd_sc_hd__nand2_1)
                  0.06    0.09    0.26 v _207_/Y (sky130_fd_sc_hd__nand2_1)
     2    0.00                           _025_ (net)
                  0.06    0.00    0.26 v _208_/B1_N (sky130_fd_sc_hd__a21bo_1)
                  0.12    0.25    0.50 ^ _208_/X (sky130_fd_sc_hd__a21bo_1)
     2    0.01                           _026_ (net)
                  0.12    0.00    0.51 ^ _211_/A1 (sky130_fd_sc_hd__a21bo_2)
                  0.12    0.22    0.72 ^ _211_/X (sky130_fd_sc_hd__a21bo_2)
     3    0.02                           _029_ (net)
                  0.12    0.00    0.72 ^ _213_/A2 (sky130_fd_sc_hd__a211oi_2)
                  0.09    0.10    0.82 v _213_/Y (sky130_fd_sc_hd__a211oi_2)
     3    0.01                           _031_ (net)
                  0.09    0.00    0.82 v _227_/B (sky130_fd_sc_hd__or4_2)
                  0.14    0.75    1.57 v _227_/X (sky130_fd_sc_hd__or4_2)
     2    0.01                           _045_ (net)
                  0.14    0.00    1.57 v _243_/A1 (sky130_fd_sc_hd__a211oi_2)
                  0.26    0.31    1.88 ^ _243_/Y (sky130_fd_sc_hd__a211oi_2)
     2    0.01                           _061_ (net)
                  0.26    0.00    1.88 ^ _268_/A2 (sky130_fd_sc_hd__o21ai_1)
                  0.07    0.12    2.00 v _268_/Y (sky130_fd_sc_hd__o21ai_1)
     2    0.01                           _082_ (net)
                  0.07    0.00    2.00 v _290_/A1 (sky130_fd_sc_hd__a31o_1)
                  0.08    0.24    2.24 v _290_/X (sky130_fd_sc_hd__a31o_1)
     2    0.01                           _100_ (net)
                  0.08    0.00    2.24 v _295_/A (sky130_fd_sc_hd__and2_2)
                  0.07    0.24    2.48 v _295_/X (sky130_fd_sc_hd__and2_2)
     2    0.02                           _105_ (net)
                  0.07    0.00    2.48 v _303_/A1 (sky130_fd_sc_hd__o21a_1)
                  0.06    0.22    2.70 v _303_/X (sky130_fd_sc_hd__o21a_1)
     2    0.01                           _112_ (net)
                  0.06    0.00    2.70 v _309_/A2 (sky130_fd_sc_hd__a21o_1)
                  0.06    0.22    2.92 v _309_/X (sky130_fd_sc_hd__a21o_1)
     2    0.01                           _117_ (net)
                  0.06    0.00    2.92 v _314_/A2 (sky130_fd_sc_hd__o21bai_1)
                  0.15    0.17    3.09 ^ _314_/Y (sky130_fd_sc_hd__o21bai_1)
     1    0.01                           _121_ (net)
                  0.15    0.00    3.09 ^ _315_/B (sky130_fd_sc_hd__xnor2_1)
                  0.23    0.19    3.28 ^ _315_/Y (sky130_fd_sc_hd__xnor2_1)
     1    0.01                           net86 (net)
                  0.23    0.00    3.28 ^ output86/A (sky130_fd_sc_hd__buf_2)
                  0.17    0.27    3.55 ^ output86/X (sky130_fd_sc_hd__buf_2)
     1    0.03                           sum[27] (net)
                  0.17    0.00    3.55 ^ sum[27] (out)
                                  3.55   data arrival time

                  0.00    5.50    5.50   clock clk (rise edge)
                          0.00    5.50   clock network delay (ideal)
                         -0.25    5.25   clock uncertainty
                          0.00    5.25   clock reconvergence pessimism
                          0.00    5.25   output external delay
                                  5.25   data required time
-----------------------------------------------------------------------------
                                  5.25   data required time
                                 -3.55   data arrival time
-----------------------------------------------------------------------------
                                  1.70   slack (MET)


