
===========================================================================
report_checks -unconstrained
============================================================================

======================= Slowest Corner ===================================

Startpoint: a[7] (input port clocked by clk)
Endpoint: sum[31] (output port clocked by clk)
Path Group: clk
Path Type: max
Corner: ss

Fanout     Cap    Slew   Delay    Time   Description
-----------------------------------------------------------------------------
                  0.00    0.00    0.00   clock clk (rise edge)
                          0.00    0.00   clock network delay (ideal)
                          0.00    0.00 ^ input external delay
                  0.03    0.02    0.02 ^ a[7] (in)
     1    0.00                           a[7] (net)
                  0.03    0.00    0.02 ^ input30/A (sky130_fd_sc_hd__clkbuf_1)
                  0.26    0.28    0.30 ^ input30/X (sky130_fd_sc_hd__clkbuf_1)
     3    0.01                           net30 (net)
                  0.26    0.00    0.30 ^ _215_/B (sky130_fd_sc_hd__or2_1)
                  0.08    0.26    0.56 ^ _215_/X (sky130_fd_sc_hd__or2_1)
     1    0.00                           _033_ (net)
                  0.08    0.00    0.56 ^ _216_/B (sky130_fd_sc_hd__nand2_1)
                  0.16    0.18    0.74 v _216_/Y (sky130_fd_sc_hd__nand2_1)
     2    0.01                           _034_ (net)
                  0.16    0.00    0.74 v _219_/A (sky130_fd_sc_hd__or3_1)
                  0.20    1.01    1.76 v _219_/X (sky130_fd_sc_hd__or3_1)
     2    0.01                           _037_ (net)
                  0.20    0.00    1.76 v _227_/C (sky130_fd_sc_hd__or4_2)
                  0.29    1.71    3.47 v _227_/X (sky130_fd_sc_hd__or4_2)
     2    0.01                           _045_ (net)
                  0.29    0.00    3.47 v _243_/A1 (sky130_fd_sc_hd__a211oi_2)
                  0.43    0.56    4.02 ^ _243_/Y (sky130_fd_sc_hd__a211oi_2)
     2    0.01                           _061_ (net)
                  0.43    0.00    4.02 ^ _268_/A2 (sky130_fd_sc_hd__o21ai_1)
                  0.13    0.27    4.30 v _268_/Y (sky130_fd_sc_hd__o21ai_1)
     2    0.01                           _082_ (net)
                  0.13    0.00    4.30 v _290_/A1 (sky130_fd_sc_hd__a31o_1)
                  0.15    0.45    4.75 v _290_/X (sky130_fd_sc_hd__a31o_1)
     2    0.01                           _100_ (net)
                  0.15    0.00    4.75 v _317_/A1 (sky130_fd_sc_hd__a2111o_1)
                  0.11    0.77    5.52 v _317_/X (sky130_fd_sc_hd__a2111o_1)
     1    0.00                           _123_ (net)
                  0.11    0.00    5.52 v _320_/B (sky130_fd_sc_hd__and4_1)
                  0.16    0.49    6.01 v _320_/X (sky130_fd_sc_hd__and4_1)
     3    0.01                           _126_ (net)
                  0.16    0.00    6.01 v _335_/A1 (sky130_fd_sc_hd__o41a_2)
                  0.21    1.16    7.18 v _335_/X (sky130_fd_sc_hd__o41a_2)
     3    0.02                           _139_ (net)
                  0.21    0.00    7.18 v _340_/A2 (sky130_fd_sc_hd__o21a_1)
                  0.12    0.44    7.62 v _340_/X (sky130_fd_sc_hd__o21a_1)
     1    0.01                           _143_ (net)
                  0.12    0.00    7.62 v _341_/B (sky130_fd_sc_hd__xnor2_2)
                  0.33    0.36    7.98 ^ _341_/Y (sky130_fd_sc_hd__xnor2_2)
     1    0.01                           net91 (net)
                  0.33    0.00    7.98 ^ output91/A (sky130_fd_sc_hd__buf_2)
                  0.28    0.48    8.46 ^ output91/X (sky130_fd_sc_hd__buf_2)
     1    0.03                           sum[31] (net)
                  0.28    0.00    8.47 ^ sum[31] (out)
                                  8.47   data arrival time

                  0.00    5.50    5.50   clock clk (rise edge)
                          0.00    5.50   clock network delay (ideal)
                         -0.25    5.25   clock uncertainty
                          0.00    5.25   clock reconvergence pessimism
                          0.00    5.25   output external delay
                                  5.25   data required time
-----------------------------------------------------------------------------
                                  5.25   data required time
                                 -8.47   data arrival time
-----------------------------------------------------------------------------
                                 -3.22   slack (VIOLATED)



======================= Typical Corner ===================================

Startpoint: b[0] (input port clocked by clk)
Endpoint: sum[31] (output port clocked by clk)
Path Group: clk
Path Type: max
Corner: tt

Fanout     Cap    Slew   Delay    Time   Description
-----------------------------------------------------------------------------
                  0.00    0.00    0.00   clock clk (rise edge)
                          0.00    0.00   clock network delay (ideal)
                          0.00    0.00 ^ input external delay
                  0.02    0.01    0.01 ^ b[0] (in)
     1    0.00                           b[0] (net)
                  0.02    0.00    0.01 ^ input33/A (sky130_fd_sc_hd__dlymetal6s2s_1)
                  0.15    0.16    0.17 ^ input33/X (sky130_fd_sc_hd__dlymetal6s2s_1)
     2    0.01                           net33 (net)
                  0.15    0.00    0.17 ^ _207_/A (sky130_fd_sc_hd__nand2_1)
                  0.06    0.09    0.26 v _207_/Y (sky130_fd_sc_hd__nand2_1)
     2    0.00                           _025_ (net)
                  0.06    0.00    0.26 v _208_/B1_N (sky130_fd_sc_hd__a21bo_1)
                  0.12    0.25    0.50 ^ _208_/X (sky130_fd_sc_hd__a21bo_1)
     2    0.01                           _026_ (net)
                  0.12    0.00    0.51 ^ _211_/A1 (sky130_fd_sc_hd__a21bo_2)
                  0.12    0.22    0.72 ^ _211_/X (sky130_fd_sc_hd__a21bo_2)
     3    0.02                           _029_ (net)
                  0.12    0.00    0.72 ^ _213_/A2 (sky130_fd_sc_hd__a211oi_2)
                  0.09    0.10    0.82 v _213_/Y (sky130_fd_sc_hd__a211oi_2)
     3    0.01                           _031_ (net)
                  0.09    0.00    0.82 v _227_/B (sky130_fd_sc_hd__or4_2)
                  0.14    0.75    1.57 v _227_/X (sky130_fd_sc_hd__or4_2)
     2    0.01                           _045_ (net)
                  0.14    0.00    1.57 v _243_/A1 (sky130_fd_sc_hd__a211oi_2)
                  0.26    0.31    1.88 ^ _243_/Y (sky130_fd_sc_hd__a211oi_2)
     2    0.01                           _061_ (net)
                  0.26    0.00    1.88 ^ _268_/A2 (sky130_fd_sc_hd__o21ai_1)
                  0.07    0.12    2.00 v _268_/Y (sky130_fd_sc_hd__o21ai_1)
     2    0.01                           _082_ (net)
                  0.07    0.00    2.00 v _290_/A1 (sky130_fd_sc_hd__a31o_1)
                  0.08    0.24    2.24 v _290_/X (sky130_fd_sc_hd__a31o_1)
     2    0.01                           _100_ (net)
                  0.08    0.00    2.24 v _317_/A1 (sky130_fd_sc_hd__a2111o_1)
                  0.06    0.39    2.63 v _317_/X (sky130_fd_sc_hd__a2111o_1)
     1    0.00                           _123_ (net)
                  0.06    0.00    2.63 v _320_/B (sky130_fd_sc_hd__and4_1)
                  0.09    0.24    2.86 v _320_/X (sky130_fd_sc_hd__and4_1)
     3    0.01                           _126_ (net)
                  0.09    0.00    2.86 v _335_/A1 (sky130_fd_sc_hd__o41a_2)
                  0.11    0.59    3.46 v _335_/X (sky130_fd_sc_hd__o41a_2)
     3    0.02                           _139_ (net)
                  0.11    0.00    3.46 v _340_/A2 (sky130_fd_sc_hd__o21a_1)
                  0.06    0.23    3.69 v _340_/X (sky130_fd_sc_hd__o21a_1)
     1    0.01                           _143_ (net)
                  0.06    0.00    3.69 v _341_/B (sky130_fd_sc_hd__xnor2_2)
                  0.21    0.21    3.91 ^ _341_/Y (sky130_fd_sc_hd__xnor2_2)
     1    0.01                           net91 (net)
                  0.21    0.00    3.91 ^ output91/A (sky130_fd_sc_hd__buf_2)
                  0.17    0.27    4.17 ^ output91/X (sky130_fd_sc_hd__buf_2)
     1    0.03                           sum[31] (net)
                  0.17    0.00    4.17 ^ sum[31] (out)
                                  4.17   data arrival time

                  0.00    5.50    5.50   clock clk (rise edge)
                          0.00    5.50   clock network delay (ideal)
                         -0.25    5.25   clock uncertainty
                          0.00    5.25   clock reconvergence pessimism
                          0.00    5.25   output external delay
                                  5.25   data required time
-----------------------------------------------------------------------------
                                  5.25   data required time
                                 -4.17   data arrival time
-----------------------------------------------------------------------------
                                  1.08   slack (MET)



======================= Fastest Corner ===================================

Startpoint: b[0] (input port clocked by clk)
Endpoint: sum[31] (output port clocked by clk)
Path Group: clk
Path Type: max
Corner: ff

Fanout     Cap    Slew   Delay    Time   Description
-----------------------------------------------------------------------------
                  0.00    0.00    0.00   clock clk (rise edge)
                          0.00    0.00   clock network delay (ideal)
                          0.00    0.00 ^ input external delay
                  0.01    0.01    0.01 ^ b[0] (in)
     1    0.00                           b[0] (net)
                  0.01    0.00    0.01 ^ input33/A (sky130_fd_sc_hd__dlymetal6s2s_1)
                  0.12    0.12    0.12 ^ input33/X (sky130_fd_sc_hd__dlymetal6s2s_1)
     2    0.01                           net33 (net)
                  0.12    0.00    0.12 ^ _206_/A (sky130_fd_sc_hd__or2_1)
                  0.05    0.10    0.22 ^ _206_/X (sky130_fd_sc_hd__or2_1)
     2    0.01                           _024_ (net)
                  0.05    0.00    0.22 ^ _208_/A2 (sky130_fd_sc_hd__a21bo_1)
                  0.09    0.12    0.34 ^ _208_/X (sky130_fd_sc_hd__a21bo_1)
     2    0.01                           _026_ (net)
                  0.09    0.00    0.34 ^ _211_/A1 (sky130_fd_sc_hd__a21bo_2)
                  0.09    0.14    0.48 ^ _211_/X (sky130_fd_sc_hd__a21bo_2)
     3    0.02                           _029_ (net)
                  0.09    0.00    0.48 ^ _213_/A2 (sky130_fd_sc_hd__a211oi_2)
                  0.06    0.06    0.54 v _213_/Y (sky130_fd_sc_hd__a211oi_2)
     3    0.01                           _031_ (net)
                  0.06    0.00    0.54 v _227_/B (sky130_fd_sc_hd__or4_2)
                  0.09    0.43    0.96 v _227_/X (sky130_fd_sc_hd__or4_2)
     2    0.01                           _045_ (net)
                  0.09    0.00    0.96 v _243_/A1 (sky130_fd_sc_hd__a211oi_2)
                  0.19    0.21    1.17 ^ _243_/Y (sky130_fd_sc_hd__a211oi_2)
     2    0.01                           _061_ (net)
                  0.19    0.00    1.17 ^ _268_/A2 (sky130_fd_sc_hd__o21ai_1)
                  0.05    0.06    1.23 v _268_/Y (sky130_fd_sc_hd__o21ai_1)
     2    0.01                           _082_ (net)
                  0.05    0.00    1.23 v _290_/A1 (sky130_fd_sc_hd__a31o_1)
                  0.06    0.16    1.38 v _290_/X (sky130_fd_sc_hd__a31o_1)
     2    0.01                           _100_ (net)
                  0.06    0.00    1.38 v _317_/A1 (sky130_fd_sc_hd__a2111o_1)
                  0.04    0.23    1.62 v _317_/X (sky130_fd_sc_hd__a2111o_1)
     1    0.00                           _123_ (net)
                  0.04    0.00    1.62 v _320_/B (sky130_fd_sc_hd__and4_1)
                  0.06    0.15    1.77 v _320_/X (sky130_fd_sc_hd__and4_1)
     3    0.01                           _126_ (net)
                  0.06    0.00    1.77 v _335_/A1 (sky130_fd_sc_hd__o41a_2)
                  0.08    0.36    2.13 v _335_/X (sky130_fd_sc_hd__o41a_2)
     3    0.02                           _139_ (net)
                  0.08    0.00    2.13 v _340_/A2 (sky130_fd_sc_hd__o21a_1)
                  0.04    0.15    2.28 v _340_/X (sky130_fd_sc_hd__o21a_1)
     1    0.01                           _143_ (net)
                  0.04    0.00    2.28 v _341_/B (sky130_fd_sc_hd__xnor2_2)
                  0.16    0.15    2.44 ^ _341_/Y (sky130_fd_sc_hd__xnor2_2)
     1    0.01                           net91 (net)
                  0.16    0.00    2.44 ^ output91/A (sky130_fd_sc_hd__buf_2)
                  0.13    0.17    2.61 ^ output91/X (sky130_fd_sc_hd__buf_2)
     1    0.03                           sum[31] (net)
                  0.13    0.00    2.61 ^ sum[31] (out)
                                  2.61   data arrival time

                  0.00    5.50    5.50   clock clk (rise edge)
                          0.00    5.50   clock network delay (ideal)
                         -0.25    5.25   clock uncertainty
                          0.00    5.25   clock reconvergence pessimism
                          0.00    5.25   output external delay
                                  5.25   data required time
-----------------------------------------------------------------------------
                                  5.25   data required time
                                 -2.61   data arrival time
-----------------------------------------------------------------------------
                                  2.64   slack (MET)



===========================================================================
report_checks --slack_max -0.01
============================================================================

======================= Slowest Corner ===================================

Startpoint: a[7] (input port clocked by clk)
Endpoint: sum[31] (output port clocked by clk)
Path Group: clk
Path Type: max
Corner: ss

Fanout     Cap    Slew   Delay    Time   Description
-----------------------------------------------------------------------------
                  0.00    0.00    0.00   clock clk (rise edge)
                          0.00    0.00   clock network delay (ideal)
                          0.00    0.00 ^ input external delay
                  0.03    0.02    0.02 ^ a[7] (in)
     1    0.00                           a[7] (net)
                  0.03    0.00    0.02 ^ input30/A (sky130_fd_sc_hd__clkbuf_1)
                  0.26    0.28    0.30 ^ input30/X (sky130_fd_sc_hd__clkbuf_1)
     3    0.01                           net30 (net)
                  0.26    0.00    0.30 ^ _215_/B (sky130_fd_sc_hd__or2_1)
                  0.08    0.26    0.56 ^ _215_/X (sky130_fd_sc_hd__or2_1)
     1    0.00                           _033_ (net)
                  0.08    0.00    0.56 ^ _216_/B (sky130_fd_sc_hd__nand2_1)
                  0.16    0.18    0.74 v _216_/Y (sky130_fd_sc_hd__nand2_1)
     2    0.01                           _034_ (net)
                  0.16    0.00    0.74 v _219_/A (sky130_fd_sc_hd__or3_1)
                  0.20    1.01    1.76 v _219_/X (sky130_fd_sc_hd__or3_1)
     2    0.01                           _037_ (net)
                  0.20    0.00    1.76 v _227_/C (sky130_fd_sc_hd__or4_2)
                  0.29    1.71    3.47 v _227_/X (sky130_fd_sc_hd__or4_2)
     2    0.01                           _045_ (net)
                  0.29    0.00    3.47 v _243_/A1 (sky130_fd_sc_hd__a211oi_2)
                  0.43    0.56    4.02 ^ _243_/Y (sky130_fd_sc_hd__a211oi_2)
     2    0.01                           _061_ (net)
                  0.43    0.00    4.02 ^ _268_/A2 (sky130_fd_sc_hd__o21ai_1)
                  0.13    0.27    4.30 v _268_/Y (sky130_fd_sc_hd__o21ai_1)
     2    0.01                           _082_ (net)
                  0.13    0.00    4.30 v _290_/A1 (sky130_fd_sc_hd__a31o_1)
                  0.15    0.45    4.75 v _290_/X (sky130_fd_sc_hd__a31o_1)
     2    0.01                           _100_ (net)
                  0.15    0.00    4.75 v _317_/A1 (sky130_fd_sc_hd__a2111o_1)
                  0.11    0.77    5.52 v _317_/X (sky130_fd_sc_hd__a2111o_1)
     1    0.00                           _123_ (net)
                  0.11    0.00    5.52 v _320_/B (sky130_fd_sc_hd__and4_1)
                  0.16    0.49    6.01 v _320_/X (sky130_fd_sc_hd__and4_1)
     3    0.01                           _126_ (net)
                  0.16    0.00    6.01 v _335_/A1 (sky130_fd_sc_hd__o41a_2)
                  0.21    1.16    7.18 v _335_/X (sky130_fd_sc_hd__o41a_2)
     3    0.02                           _139_ (net)
                  0.21    0.00    7.18 v _340_/A2 (sky130_fd_sc_hd__o21a_1)
                  0.12    0.44    7.62 v _340_/X (sky130_fd_sc_hd__o21a_1)
     1    0.01                           _143_ (net)
                  0.12    0.00    7.62 v _341_/B (sky130_fd_sc_hd__xnor2_2)
                  0.33    0.36    7.98 ^ _341_/Y (sky130_fd_sc_hd__xnor2_2)
     1    0.01                           net91 (net)
                  0.33    0.00    7.98 ^ output91/A (sky130_fd_sc_hd__buf_2)
                  0.28    0.48    8.46 ^ output91/X (sky130_fd_sc_hd__buf_2)
     1    0.03                           sum[31] (net)
                  0.28    0.00    8.47 ^ sum[31] (out)
                                  8.47   data arrival time

                  0.00    5.50    5.50   clock clk (rise edge)
                          0.00    5.50   clock network delay (ideal)
                         -0.25    5.25   clock uncertainty
                          0.00    5.25   clock reconvergence pessimism
                          0.00    5.25   output external delay
                                  5.25   data required time
-----------------------------------------------------------------------------
                                  5.25   data required time
                                 -8.47   data arrival time
-----------------------------------------------------------------------------
                                 -3.22   slack (VIOLATED)



======================= Typical Corner ===================================

No paths found.

======================= Fastest Corner ===================================

No paths found.
