
===========================================================================
report_checks -path_delay max (Setup)
============================================================================
Startpoint: a[0] (input port clocked by clk)
Endpoint: sum[3] (output port clocked by clk)
Path Group: clk
Path Type: max

Fanout     Cap    Slew   Delay    Time   Description
-----------------------------------------------------------------------------
                  0.00    0.00    0.00   clock clk (rise edge)
                          0.00    0.00   clock network delay (ideal)
                          0.00    0.00 v input external delay
                  0.01    0.01    0.01 v a[0] (in)
     1    0.01                           a[0] (net)
                  0.01    0.00    0.01 v input1/A (sky130_fd_sc_hd__buf_6)
                  0.02    0.10    0.11 v input1/X (sky130_fd_sc_hd__buf_6)
     2    0.01                           net1 (net)
                  0.02    0.00    0.11 v ppa_pre_1_0.U1.xor2/A (sky130_fd_sc_hd__xor2_1)
                  0.07    0.17    0.28 v ppa_pre_1_0.U1.xor2/X (sky130_fd_sc_hd__xor2_1)
     2    0.01                           ppa_grey_1_1.U1.A1 (net)
                  0.07    0.00    0.28 v ppa_grey_1_1.U1.ao21/A2 (sky130_fd_sc_hd__a21o_1)
                  0.04    0.20    0.48 v ppa_grey_1_1.U1.ao21/X (sky130_fd_sc_hd__a21o_1)
     2    0.01                           ppa_grey_1_1.U1.Y (net)
                  0.04    0.00    0.48 v ppa_grey_2_2.U1.ao21/A1 (sky130_fd_sc_hd__a21o_1)
                  0.05    0.18    0.66 v ppa_grey_2_2.U1.ao21/X (sky130_fd_sc_hd__a21o_1)
     2    0.01                           ppa_grey_2_2.U1.Y (net)
                  0.05    0.00    0.66 v ppa_grey_3_3.U1.ao21/A1 (sky130_fd_sc_hd__a21o_1)
                  0.05    0.18    0.84 v ppa_grey_3_3.U1.ao21/X (sky130_fd_sc_hd__a21o_1)
     2    0.01                           ppa_grey_3_3.U1.Y (net)
                  0.05    0.00    0.84 v ppa_post_3_4.U1.xor2/B (sky130_fd_sc_hd__xor2_1)
                  0.06    0.15    0.99 v ppa_post_3_4.U1.xor2/X (sky130_fd_sc_hd__xor2_1)
     1    0.00                           ppa_post_3_4.U1.Y (net)
                  0.06    0.00    0.99 v _3_/A (sky130_fd_sc_hd__buf_2)
                  0.03    0.14    1.13 v _3_/X (sky130_fd_sc_hd__buf_2)
     1    0.01                           net14 (net)
                  0.03    0.00    1.13 v output14/A (sky130_fd_sc_hd__buf_6)
                  0.04    0.14    1.27 v output14/X (sky130_fd_sc_hd__buf_6)
     1    0.03                           sum[3] (net)
                  0.04    0.00    1.27 v sum[3] (out)
                                  1.27   data arrival time

                  0.00    0.50    0.50   clock clk (rise edge)
                          0.00    0.50   clock network delay (ideal)
                         -0.25    0.25   clock uncertainty
                          0.00    0.25   clock reconvergence pessimism
                          0.00    0.25   output external delay
                                  0.25   data required time
-----------------------------------------------------------------------------
                                  0.25   data required time
                                 -1.27   data arrival time
-----------------------------------------------------------------------------
                                 -1.02   slack (VIOLATED)


Startpoint: a[0] (input port clocked by clk)
Endpoint: sum[2] (output port clocked by clk)
Path Group: clk
Path Type: max

Fanout     Cap    Slew   Delay    Time   Description
-----------------------------------------------------------------------------
                  0.00    0.00    0.00   clock clk (rise edge)
                          0.00    0.00   clock network delay (ideal)
                          0.00    0.00 v input external delay
                  0.01    0.01    0.01 v a[0] (in)
     1    0.01                           a[0] (net)
                  0.01    0.00    0.01 v input1/A (sky130_fd_sc_hd__buf_6)
                  0.02    0.10    0.11 v input1/X (sky130_fd_sc_hd__buf_6)
     2    0.01                           net1 (net)
                  0.02    0.00    0.11 v ppa_pre_1_0.U1.xor2/A (sky130_fd_sc_hd__xor2_1)
                  0.07    0.17    0.28 v ppa_pre_1_0.U1.xor2/X (sky130_fd_sc_hd__xor2_1)
     2    0.01                           ppa_grey_1_1.U1.A1 (net)
                  0.07    0.00    0.28 v ppa_grey_1_1.U1.ao21/A2 (sky130_fd_sc_hd__a21o_1)
                  0.04    0.20    0.48 v ppa_grey_1_1.U1.ao21/X (sky130_fd_sc_hd__a21o_1)
     2    0.01                           ppa_grey_1_1.U1.Y (net)
                  0.04    0.00    0.48 v ppa_grey_2_2.U1.ao21/A1 (sky130_fd_sc_hd__a21o_1)
                  0.05    0.18    0.66 v ppa_grey_2_2.U1.ao21/X (sky130_fd_sc_hd__a21o_1)
     2    0.01                           ppa_grey_2_2.U1.Y (net)
                  0.05    0.00    0.66 v rebuffer2/A (sky130_fd_sc_hd__buf_2)
                  0.03    0.13    0.79 v rebuffer2/X (sky130_fd_sc_hd__buf_2)
     1    0.00                           net16 (net)
                  0.03    0.00    0.79 v ppa_post_2_4.U1.xor2/B (sky130_fd_sc_hd__xor2_1)
                  0.12    0.13    0.92 ^ ppa_post_2_4.U1.xor2/X (sky130_fd_sc_hd__xor2_1)
     1    0.00                           ppa_post_2_4.U1.Y (net)
                  0.12    0.00    0.92 ^ _2_/A (sky130_fd_sc_hd__clkbuf_1)
                  0.05    0.11    1.03 ^ _2_/X (sky130_fd_sc_hd__clkbuf_1)
     1    0.00                           net13 (net)
                  0.05    0.00    1.03 ^ output13/A (sky130_fd_sc_hd__buf_2)
                  0.18    0.22    1.24 ^ output13/X (sky130_fd_sc_hd__buf_2)
     1    0.03                           sum[2] (net)
                  0.18    0.00    1.25 ^ sum[2] (out)
                                  1.25   data arrival time

                  0.00    0.50    0.50   clock clk (rise edge)
                          0.00    0.50   clock network delay (ideal)
                         -0.25    0.25   clock uncertainty
                          0.00    0.25   clock reconvergence pessimism
                          0.00    0.25   output external delay
                                  0.25   data required time
-----------------------------------------------------------------------------
                                  0.25   data required time
                                 -1.25   data arrival time
-----------------------------------------------------------------------------
                                 -1.00   slack (VIOLATED)


Startpoint: a[0] (input port clocked by clk)
Endpoint: cout (output port clocked by clk)
Path Group: clk
Path Type: max

Fanout     Cap    Slew   Delay    Time   Description
-----------------------------------------------------------------------------
                  0.00    0.00    0.00   clock clk (rise edge)
                          0.00    0.00   clock network delay (ideal)
                          0.00    0.00 v input external delay
                  0.01    0.01    0.01 v a[0] (in)
     1    0.01                           a[0] (net)
                  0.01    0.00    0.01 v input1/A (sky130_fd_sc_hd__buf_6)
                  0.02    0.10    0.11 v input1/X (sky130_fd_sc_hd__buf_6)
     2    0.01                           net1 (net)
                  0.02    0.00    0.11 v ppa_pre_1_0.U1.xor2/A (sky130_fd_sc_hd__xor2_1)
                  0.07    0.17    0.28 v ppa_pre_1_0.U1.xor2/X (sky130_fd_sc_hd__xor2_1)
     2    0.01                           ppa_grey_1_1.U1.A1 (net)
                  0.07    0.00    0.28 v ppa_grey_1_1.U1.ao21/A2 (sky130_fd_sc_hd__a21o_1)
                  0.04    0.20    0.48 v ppa_grey_1_1.U1.ao21/X (sky130_fd_sc_hd__a21o_1)
     2    0.01                           ppa_grey_1_1.U1.Y (net)
                  0.04    0.00    0.48 v ppa_grey_2_2.U1.ao21/A1 (sky130_fd_sc_hd__a21o_1)
                  0.05    0.18    0.66 v ppa_grey_2_2.U1.ao21/X (sky130_fd_sc_hd__a21o_1)
     2    0.01                           ppa_grey_2_2.U1.Y (net)
                  0.05    0.00    0.66 v ppa_grey_3_3.U1.ao21/A1 (sky130_fd_sc_hd__a21o_1)
                  0.05    0.18    0.84 v ppa_grey_3_3.U1.ao21/X (sky130_fd_sc_hd__a21o_1)
     2    0.01                           ppa_grey_3_3.U1.Y (net)
                  0.05    0.00    0.84 v ppa_grey_cout.U1.ao21/A1 (sky130_fd_sc_hd__a21o_1)
                  0.04    0.17    1.01 v ppa_grey_cout.U1.ao21/X (sky130_fd_sc_hd__a21o_1)
     1    0.00                           net10 (net)
                  0.04    0.00    1.01 v output10/A (sky130_fd_sc_hd__buf_2)
                  0.09    0.19    1.20 v output10/X (sky130_fd_sc_hd__buf_2)
     1    0.03                           cout (net)
                  0.09    0.00    1.20 v cout (out)
                                  1.20   data arrival time

                  0.00    0.50    0.50   clock clk (rise edge)
                          0.00    0.50   clock network delay (ideal)
                         -0.25    0.25   clock uncertainty
                          0.00    0.25   clock reconvergence pessimism
                          0.00    0.25   output external delay
                                  0.25   data required time
-----------------------------------------------------------------------------
                                  0.25   data required time
                                 -1.20   data arrival time
-----------------------------------------------------------------------------
                                 -0.95   slack (VIOLATED)


Startpoint: b[0] (input port clocked by clk)
Endpoint: sum[1] (output port clocked by clk)
Path Group: clk
Path Type: max

Fanout     Cap    Slew   Delay    Time   Description
-----------------------------------------------------------------------------
                  0.00    0.00    0.00   clock clk (rise edge)
                          0.00    0.00   clock network delay (ideal)
                          0.00    0.00 ^ input external delay
                  0.03    0.02    0.02 ^ b[0] (in)
     1    0.00                           b[0] (net)
                  0.03    0.00    0.02 ^ input5/A (sky130_fd_sc_hd__clkbuf_1)
                  0.10    0.12    0.14 ^ input5/X (sky130_fd_sc_hd__clkbuf_1)
     2    0.01                           net5 (net)
                  0.10    0.00    0.14 ^ ppa_pre_1_0.U1.xor2/B (sky130_fd_sc_hd__xor2_1)
                  0.18    0.21    0.35 ^ ppa_pre_1_0.U1.xor2/X (sky130_fd_sc_hd__xor2_1)
     2    0.01                           ppa_grey_1_1.U1.A1 (net)
                  0.18    0.00    0.35 ^ ppa_grey_1_1.U1.ao21/A2 (sky130_fd_sc_hd__a21o_1)
                  0.06    0.16    0.51 ^ ppa_grey_1_1.U1.ao21/X (sky130_fd_sc_hd__a21o_1)
     2    0.01                           ppa_grey_1_1.U1.Y (net)
                  0.06    0.00    0.51 ^ rebuffer3/A (sky130_fd_sc_hd__dlygate4sd1_1)
                  0.06    0.22    0.73 ^ rebuffer3/X (sky130_fd_sc_hd__dlygate4sd1_1)
     1    0.01                           net17 (net)
                  0.06    0.00    0.73 ^ ppa_post_1_4.U1.xor2/B (sky130_fd_sc_hd__xor2_1)
                  0.12    0.15    0.89 ^ ppa_post_1_4.U1.xor2/X (sky130_fd_sc_hd__xor2_1)
     1    0.00                           ppa_post_1_4.U1.Y (net)
                  0.12    0.00    0.89 ^ _1_/A (sky130_fd_sc_hd__clkbuf_1)
                  0.05    0.11    0.99 ^ _1_/X (sky130_fd_sc_hd__clkbuf_1)
     1    0.00                           net12 (net)
                  0.05    0.00    0.99 ^ output12/A (sky130_fd_sc_hd__buf_2)
                  0.17    0.21    1.20 ^ output12/X (sky130_fd_sc_hd__buf_2)
     1    0.03                           sum[1] (net)
                  0.17    0.00    1.20 ^ sum[1] (out)
                                  1.20   data arrival time

                  0.00    0.50    0.50   clock clk (rise edge)
                          0.00    0.50   clock network delay (ideal)
                         -0.25    0.25   clock uncertainty
                          0.00    0.25   clock reconvergence pessimism
                          0.00    0.25   output external delay
                                  0.25   data required time
-----------------------------------------------------------------------------
                                  0.25   data required time
                                 -1.20   data arrival time
-----------------------------------------------------------------------------
                                 -0.95   slack (VIOLATED)


Startpoint: b[0] (input port clocked by clk)
Endpoint: sum[0] (output port clocked by clk)
Path Group: clk
Path Type: max

Fanout     Cap    Slew   Delay    Time   Description
-----------------------------------------------------------------------------
                  0.00    0.00    0.00   clock clk (rise edge)
                          0.00    0.00   clock network delay (ideal)
                          0.00    0.00 ^ input external delay
                  0.03    0.02    0.02 ^ b[0] (in)
     1    0.00                           b[0] (net)
                  0.03    0.00    0.02 ^ input5/A (sky130_fd_sc_hd__clkbuf_1)
                  0.10    0.12    0.14 ^ input5/X (sky130_fd_sc_hd__clkbuf_1)
     2    0.01                           net5 (net)
                  0.10    0.00    0.14 ^ ppa_pre_1_0.U1.xor2/B (sky130_fd_sc_hd__xor2_1)
                  0.18    0.21    0.35 ^ ppa_pre_1_0.U1.xor2/X (sky130_fd_sc_hd__xor2_1)
     2    0.01                           ppa_grey_1_1.U1.A1 (net)
                  0.18    0.00    0.35 ^ rebuffer1/A (sky130_fd_sc_hd__dlygate4sd1_1)
                  0.06    0.25    0.60 ^ rebuffer1/X (sky130_fd_sc_hd__dlygate4sd1_1)
     1    0.01                           net15 (net)
                  0.06    0.00    0.60 ^ ppa_post_0_4.U1.xor2/A (sky130_fd_sc_hd__xor2_1)
                  0.11    0.14    0.74 ^ ppa_post_0_4.U1.xor2/X (sky130_fd_sc_hd__xor2_1)
     1    0.00                           ppa_post_0_4.U1.Y (net)
                  0.11    0.00    0.74 ^ _0_/A (sky130_fd_sc_hd__clkbuf_1)
                  0.05    0.11    0.84 ^ _0_/X (sky130_fd_sc_hd__clkbuf_1)
     1    0.00                           net11 (net)
                  0.05    0.00    0.85 ^ output11/A (sky130_fd_sc_hd__buf_2)
                  0.17    0.21    1.06 ^ output11/X (sky130_fd_sc_hd__buf_2)
     1    0.03                           sum[0] (net)
                  0.17    0.00    1.06 ^ sum[0] (out)
                                  1.06   data arrival time

                  0.00    0.50    0.50   clock clk (rise edge)
                          0.00    0.50   clock network delay (ideal)
                         -0.25    0.25   clock uncertainty
                          0.00    0.25   clock reconvergence pessimism
                          0.00    0.25   output external delay
                                  0.25   data required time
-----------------------------------------------------------------------------
                                  0.25   data required time
                                 -1.06   data arrival time
-----------------------------------------------------------------------------
                                 -0.81   slack (VIOLATED)


