
===========================================================================
report_checks -path_delay max (Setup)
============================================================================
Startpoint: b[0] (input port clocked by clk)
Endpoint: sum[4] (output port clocked by clk)
Path Group: clk
Path Type: max

Fanout     Cap    Slew   Delay    Time   Description
-----------------------------------------------------------------------------
                  0.00    0.00    0.00   clock clk (rise edge)
                          0.00    0.00   clock network delay (ideal)
                          0.00    0.00 v input external delay
                  0.01    0.00    0.00 v b[0] (in)
     1    0.00                           b[0] (net)
                  0.01    0.00    0.00 v input9/A (sky130_fd_sc_hd__dlymetal6s2s_1)
                  0.07    0.16    0.17 v input9/X (sky130_fd_sc_hd__dlymetal6s2s_1)
     2    0.01                           net9 (net)
                  0.07    0.00    0.17 v _43_/A (sky130_fd_sc_hd__or2_1)
                  0.06    0.26    0.43 v _43_/X (sky130_fd_sc_hd__or2_1)
     2    0.01                           _07_ (net)
                  0.06    0.00    0.43 v _45_/A2 (sky130_fd_sc_hd__a21bo_1)
                  0.07    0.25    0.67 v _45_/X (sky130_fd_sc_hd__a21bo_1)
     3    0.01                           _09_ (net)
                  0.07    0.00    0.67 v _50_/A2 (sky130_fd_sc_hd__a311o_1)
                  0.08    0.37    1.04 v _50_/X (sky130_fd_sc_hd__a311o_1)
     2    0.01                           _14_ (net)
                  0.08    0.00    1.04 v _51_/A (sky130_fd_sc_hd__dlymetal6s2s_1)
                  0.09    0.21    1.25 v _51_/X (sky130_fd_sc_hd__dlymetal6s2s_1)
     4    0.02                           _15_ (net)
                  0.09    0.00    1.25 v _52_/A2 (sky130_fd_sc_hd__a21oi_1)
                  0.15    0.20    1.45 ^ _52_/Y (sky130_fd_sc_hd__a21oi_1)
     1    0.01                           _16_ (net)
                  0.15    0.00    1.45 ^ _53_/B (sky130_fd_sc_hd__xnor2_1)
                  0.17    0.16    1.61 ^ _53_/Y (sky130_fd_sc_hd__xnor2_1)
     1    0.01                           net23 (net)
                  0.17    0.00    1.61 ^ output23/A (sky130_fd_sc_hd__buf_2)
                  0.17    0.25    1.87 ^ output23/X (sky130_fd_sc_hd__buf_2)
     1    0.03                           sum[4] (net)
                  0.17    0.00    1.87 ^ sum[4] (out)
                                  1.87   data arrival time

                  0.00    3.50    3.50   clock clk (rise edge)
                          0.00    3.50   clock network delay (ideal)
                         -0.25    3.25   clock uncertainty
                          0.00    3.25   clock reconvergence pessimism
                          0.00    3.25   output external delay
                                  3.25   data required time
-----------------------------------------------------------------------------
                                  3.25   data required time
                                 -1.87   data arrival time
-----------------------------------------------------------------------------
                                  1.38   slack (MET)


Startpoint: b[0] (input port clocked by clk)
Endpoint: sum[5] (output port clocked by clk)
Path Group: clk
Path Type: max

Fanout     Cap    Slew   Delay    Time   Description
-----------------------------------------------------------------------------
                  0.00    0.00    0.00   clock clk (rise edge)
                          0.00    0.00   clock network delay (ideal)
                          0.00    0.00 v input external delay
                  0.01    0.00    0.00 v b[0] (in)
     1    0.00                           b[0] (net)
                  0.01    0.00    0.00 v input9/A (sky130_fd_sc_hd__dlymetal6s2s_1)
                  0.07    0.16    0.17 v input9/X (sky130_fd_sc_hd__dlymetal6s2s_1)
     2    0.01                           net9 (net)
                  0.07    0.00    0.17 v _43_/A (sky130_fd_sc_hd__or2_1)
                  0.06    0.26    0.43 v _43_/X (sky130_fd_sc_hd__or2_1)
     2    0.01                           _07_ (net)
                  0.06    0.00    0.43 v _45_/A2 (sky130_fd_sc_hd__a21bo_1)
                  0.07    0.25    0.67 v _45_/X (sky130_fd_sc_hd__a21bo_1)
     3    0.01                           _09_ (net)
                  0.07    0.00    0.67 v _50_/A2 (sky130_fd_sc_hd__a311o_1)
                  0.08    0.37    1.04 v _50_/X (sky130_fd_sc_hd__a311o_1)
     2    0.01                           _14_ (net)
                  0.08    0.00    1.04 v _51_/A (sky130_fd_sc_hd__dlymetal6s2s_1)
                  0.09    0.21    1.25 v _51_/X (sky130_fd_sc_hd__dlymetal6s2s_1)
     4    0.02                           _15_ (net)
                  0.09    0.00    1.25 v _59_/A3 (sky130_fd_sc_hd__a31o_1)
                  0.05    0.25    1.50 v _59_/X (sky130_fd_sc_hd__a31o_1)
     1    0.01                           _22_ (net)
                  0.05    0.00    1.50 v _60_/B (sky130_fd_sc_hd__xnor2_1)
                  0.10    0.12    1.63 ^ _60_/Y (sky130_fd_sc_hd__xnor2_1)
     1    0.00                           net24 (net)
                  0.10    0.00    1.63 ^ output24/A (sky130_fd_sc_hd__buf_2)
                  0.17    0.23    1.86 ^ output24/X (sky130_fd_sc_hd__buf_2)
     1    0.03                           sum[5] (net)
                  0.17    0.00    1.86 ^ sum[5] (out)
                                  1.86   data arrival time

                  0.00    3.50    3.50   clock clk (rise edge)
                          0.00    3.50   clock network delay (ideal)
                         -0.25    3.25   clock uncertainty
                          0.00    3.25   clock reconvergence pessimism
                          0.00    3.25   output external delay
                                  3.25   data required time
-----------------------------------------------------------------------------
                                  3.25   data required time
                                 -1.86   data arrival time
-----------------------------------------------------------------------------
                                  1.39   slack (MET)


Startpoint: b[0] (input port clocked by clk)
Endpoint: sum[6] (output port clocked by clk)
Path Group: clk
Path Type: max

Fanout     Cap    Slew   Delay    Time   Description
-----------------------------------------------------------------------------
                  0.00    0.00    0.00   clock clk (rise edge)
                          0.00    0.00   clock network delay (ideal)
                          0.00    0.00 v input external delay
                  0.01    0.00    0.00 v b[0] (in)
     1    0.00                           b[0] (net)
                  0.01    0.00    0.00 v input9/A (sky130_fd_sc_hd__dlymetal6s2s_1)
                  0.07    0.16    0.17 v input9/X (sky130_fd_sc_hd__dlymetal6s2s_1)
     2    0.01                           net9 (net)
                  0.07    0.00    0.17 v _43_/A (sky130_fd_sc_hd__or2_1)
                  0.06    0.26    0.43 v _43_/X (sky130_fd_sc_hd__or2_1)
     2    0.01                           _07_ (net)
                  0.06    0.00    0.43 v _45_/A2 (sky130_fd_sc_hd__a21bo_1)
                  0.07    0.25    0.67 v _45_/X (sky130_fd_sc_hd__a21bo_1)
     3    0.01                           _09_ (net)
                  0.07    0.00    0.67 v _50_/A2 (sky130_fd_sc_hd__a311o_1)
                  0.08    0.37    1.04 v _50_/X (sky130_fd_sc_hd__a311o_1)
     2    0.01                           _14_ (net)
                  0.08    0.00    1.04 v _51_/A (sky130_fd_sc_hd__dlymetal6s2s_1)
                  0.09    0.21    1.25 v _51_/X (sky130_fd_sc_hd__dlymetal6s2s_1)
     4    0.02                           _15_ (net)
                  0.09    0.00    1.25 v _66_/A1 (sky130_fd_sc_hd__a21oi_1)
                  0.17    0.19    1.44 ^ _66_/Y (sky130_fd_sc_hd__a21oi_1)
     1    0.01                           _28_ (net)
                  0.17    0.00    1.44 ^ _67_/B (sky130_fd_sc_hd__xnor2_1)
                  0.14    0.15    1.59 ^ _67_/Y (sky130_fd_sc_hd__xnor2_1)
     1    0.00                           net25 (net)
                  0.14    0.00    1.60 ^ output25/A (sky130_fd_sc_hd__buf_2)
                  0.17    0.25    1.84 ^ output25/X (sky130_fd_sc_hd__buf_2)
     1    0.03                           sum[6] (net)
                  0.17    0.00    1.84 ^ sum[6] (out)
                                  1.84   data arrival time

                  0.00    3.50    3.50   clock clk (rise edge)
                          0.00    3.50   clock network delay (ideal)
                         -0.25    3.25   clock uncertainty
                          0.00    3.25   clock reconvergence pessimism
                          0.00    3.25   output external delay
                                  3.25   data required time
-----------------------------------------------------------------------------
                                  3.25   data required time
                                 -1.84   data arrival time
-----------------------------------------------------------------------------
                                  1.41   slack (MET)


Startpoint: b[0] (input port clocked by clk)
Endpoint: cout (output port clocked by clk)
Path Group: clk
Path Type: max

Fanout     Cap    Slew   Delay    Time   Description
-----------------------------------------------------------------------------
                  0.00    0.00    0.00   clock clk (rise edge)
                          0.00    0.00   clock network delay (ideal)
                          0.00    0.00 v input external delay
                  0.01    0.00    0.00 v b[0] (in)
     1    0.00                           b[0] (net)
                  0.01    0.00    0.00 v input9/A (sky130_fd_sc_hd__dlymetal6s2s_1)
                  0.07    0.16    0.17 v input9/X (sky130_fd_sc_hd__dlymetal6s2s_1)
     2    0.01                           net9 (net)
                  0.07    0.00    0.17 v _43_/A (sky130_fd_sc_hd__or2_1)
                  0.06    0.26    0.43 v _43_/X (sky130_fd_sc_hd__or2_1)
     2    0.01                           _07_ (net)
                  0.06    0.00    0.43 v _45_/A2 (sky130_fd_sc_hd__a21bo_1)
                  0.07    0.25    0.67 v _45_/X (sky130_fd_sc_hd__a21bo_1)
     3    0.01                           _09_ (net)
                  0.07    0.00    0.67 v _50_/A2 (sky130_fd_sc_hd__a311o_1)
                  0.08    0.37    1.04 v _50_/X (sky130_fd_sc_hd__a311o_1)
     2    0.01                           _14_ (net)
                  0.08    0.00    1.04 v _72_/A1 (sky130_fd_sc_hd__a311o_1)
                  0.10    0.34    1.38 v _72_/X (sky130_fd_sc_hd__a311o_1)
     2    0.01                           _33_ (net)
                  0.10    0.00    1.38 v _74_/A2 (sky130_fd_sc_hd__a21bo_1)
                  0.06    0.24    1.62 v _74_/X (sky130_fd_sc_hd__a21bo_1)
     1    0.01                           net18 (net)
                  0.06    0.00    1.62 v output18/A (sky130_fd_sc_hd__buf_2)
                  0.09    0.20    1.82 v output18/X (sky130_fd_sc_hd__buf_2)
     1    0.03                           cout (net)
                  0.09    0.00    1.82 v cout (out)
                                  1.82   data arrival time

                  0.00    3.50    3.50   clock clk (rise edge)
                          0.00    3.50   clock network delay (ideal)
                         -0.25    3.25   clock uncertainty
                          0.00    3.25   clock reconvergence pessimism
                          0.00    3.25   output external delay
                                  3.25   data required time
-----------------------------------------------------------------------------
                                  3.25   data required time
                                 -1.82   data arrival time
-----------------------------------------------------------------------------
                                  1.43   slack (MET)


Startpoint: b[0] (input port clocked by clk)
Endpoint: sum[7] (output port clocked by clk)
Path Group: clk
Path Type: max

Fanout     Cap    Slew   Delay    Time   Description
-----------------------------------------------------------------------------
                  0.00    0.00    0.00   clock clk (rise edge)
                          0.00    0.00   clock network delay (ideal)
                          0.00    0.00 v input external delay
                  0.01    0.00    0.00 v b[0] (in)
     1    0.00                           b[0] (net)
                  0.01    0.00    0.00 v input9/A (sky130_fd_sc_hd__dlymetal6s2s_1)
                  0.07    0.16    0.17 v input9/X (sky130_fd_sc_hd__dlymetal6s2s_1)
     2    0.01                           net9 (net)
                  0.07    0.00    0.17 v _43_/A (sky130_fd_sc_hd__or2_1)
                  0.06    0.26    0.43 v _43_/X (sky130_fd_sc_hd__or2_1)
     2    0.01                           _07_ (net)
                  0.06    0.00    0.43 v _45_/A2 (sky130_fd_sc_hd__a21bo_1)
                  0.07    0.25    0.67 v _45_/X (sky130_fd_sc_hd__a21bo_1)
     3    0.01                           _09_ (net)
                  0.07    0.00    0.67 v _50_/A2 (sky130_fd_sc_hd__a311o_1)
                  0.08    0.37    1.04 v _50_/X (sky130_fd_sc_hd__a311o_1)
     2    0.01                           _14_ (net)
                  0.08    0.00    1.04 v _72_/A1 (sky130_fd_sc_hd__a311o_1)
                  0.10    0.34    1.38 v _72_/X (sky130_fd_sc_hd__a311o_1)
     2    0.01                           _33_ (net)
                  0.10    0.00    1.38 v _73_/B (sky130_fd_sc_hd__xnor2_1)
                  0.13    0.17    1.54 ^ _73_/Y (sky130_fd_sc_hd__xnor2_1)
     1    0.00                           net26 (net)
                  0.13    0.00    1.54 ^ output26/A (sky130_fd_sc_hd__buf_2)
                  0.17    0.24    1.78 ^ output26/X (sky130_fd_sc_hd__buf_2)
     1    0.03                           sum[7] (net)
                  0.17    0.00    1.78 ^ sum[7] (out)
                                  1.78   data arrival time

                  0.00    3.50    3.50   clock clk (rise edge)
                          0.00    3.50   clock network delay (ideal)
                         -0.25    3.25   clock uncertainty
                          0.00    3.25   clock reconvergence pessimism
                          0.00    3.25   output external delay
                                  3.25   data required time
-----------------------------------------------------------------------------
                                  3.25   data required time
                                 -1.78   data arrival time
-----------------------------------------------------------------------------
                                  1.47   slack (MET)


