
===========================================================================
report_checks -path_delay max (Setup)
============================================================================

======================= Slowest Corner ===================================

Startpoint: b[0] (input port clocked by clk)
Endpoint: sum[4] (output port clocked by clk)
Path Group: clk
Path Type: max
Corner: ss

Fanout     Cap    Slew   Delay    Time   Description
-----------------------------------------------------------------------------
                  0.00    0.00    0.00   clock clk (rise edge)
                          0.00    0.00   clock network delay (ideal)
                          0.00    0.00 v input external delay
                  0.02    0.01    0.01 v b[0] (in)
     1    0.00                           b[0] (net)
                  0.02    0.00    0.01 v input9/A (sky130_fd_sc_hd__dlymetal6s2s_1)
                  0.14    0.34    0.35 v input9/X (sky130_fd_sc_hd__dlymetal6s2s_1)
     2    0.01                           net9 (net)
                  0.14    0.00    0.35 v _43_/A (sky130_fd_sc_hd__or2_1)
                  0.12    0.58    0.93 v _43_/X (sky130_fd_sc_hd__or2_1)
     2    0.01                           _07_ (net)
                  0.12    0.00    0.93 v _45_/A2 (sky130_fd_sc_hd__a21bo_1)
                  0.14    0.46    1.39 v _45_/X (sky130_fd_sc_hd__a21bo_1)
     3    0.01                           _09_ (net)
                  0.14    0.00    1.39 v _50_/A2 (sky130_fd_sc_hd__a311o_1)
                  0.14    0.70    2.10 v _50_/X (sky130_fd_sc_hd__a311o_1)
     2    0.01                           _14_ (net)
                  0.14    0.00    2.10 v _51_/A (sky130_fd_sc_hd__dlymetal6s2s_1)
                  0.18    0.43    2.53 v _51_/X (sky130_fd_sc_hd__dlymetal6s2s_1)
     4    0.02                           _15_ (net)
                  0.18    0.00    2.53 v _52_/A2 (sky130_fd_sc_hd__a21oi_1)
                  0.24    0.35    2.87 ^ _52_/Y (sky130_fd_sc_hd__a21oi_1)
     1    0.01                           _16_ (net)
                  0.24    0.00    2.87 ^ _53_/B (sky130_fd_sc_hd__xnor2_1)
                  0.28    0.31    3.18 ^ _53_/Y (sky130_fd_sc_hd__xnor2_1)
     1    0.01                           net23 (net)
                  0.28    0.00    3.18 ^ output23/A (sky130_fd_sc_hd__buf_2)
                  0.27    0.46    3.64 ^ output23/X (sky130_fd_sc_hd__buf_2)
     1    0.03                           sum[4] (net)
                  0.27    0.00    3.64 ^ sum[4] (out)
                                  3.64   data arrival time

                  0.00    3.50    3.50   clock clk (rise edge)
                          0.00    3.50   clock network delay (ideal)
                         -0.25    3.25   clock uncertainty
                          0.00    3.25   clock reconvergence pessimism
                          0.00    3.25   output external delay
                                  3.25   data required time
-----------------------------------------------------------------------------
                                  3.25   data required time
                                 -3.64   data arrival time
-----------------------------------------------------------------------------
                                 -0.39   slack (VIOLATED)


Startpoint: b[0] (input port clocked by clk)
Endpoint: sum[5] (output port clocked by clk)
Path Group: clk
Path Type: max
Corner: ss

Fanout     Cap    Slew   Delay    Time   Description
-----------------------------------------------------------------------------
                  0.00    0.00    0.00   clock clk (rise edge)
                          0.00    0.00   clock network delay (ideal)
                          0.00    0.00 v input external delay
                  0.02    0.01    0.01 v b[0] (in)
     1    0.00                           b[0] (net)
                  0.02    0.00    0.01 v input9/A (sky130_fd_sc_hd__dlymetal6s2s_1)
                  0.14    0.34    0.35 v input9/X (sky130_fd_sc_hd__dlymetal6s2s_1)
     2    0.01                           net9 (net)
                  0.14    0.00    0.35 v _43_/A (sky130_fd_sc_hd__or2_1)
                  0.12    0.58    0.93 v _43_/X (sky130_fd_sc_hd__or2_1)
     2    0.01                           _07_ (net)
                  0.12    0.00    0.93 v _45_/A2 (sky130_fd_sc_hd__a21bo_1)
                  0.14    0.46    1.39 v _45_/X (sky130_fd_sc_hd__a21bo_1)
     3    0.01                           _09_ (net)
                  0.14    0.00    1.39 v _50_/A2 (sky130_fd_sc_hd__a311o_1)
                  0.14    0.70    2.10 v _50_/X (sky130_fd_sc_hd__a311o_1)
     2    0.01                           _14_ (net)
                  0.14    0.00    2.10 v _51_/A (sky130_fd_sc_hd__dlymetal6s2s_1)
                  0.18    0.43    2.53 v _51_/X (sky130_fd_sc_hd__dlymetal6s2s_1)
     4    0.02                           _15_ (net)
                  0.18    0.00    2.53 v _59_/A3 (sky130_fd_sc_hd__a31o_1)
                  0.09    0.48    3.00 v _59_/X (sky130_fd_sc_hd__a31o_1)
     1    0.01                           _22_ (net)
                  0.09    0.00    3.00 v _60_/B (sky130_fd_sc_hd__xnor2_1)
                  0.17    0.21    3.21 ^ _60_/Y (sky130_fd_sc_hd__xnor2_1)
     1    0.00                           net24 (net)
                  0.17    0.00    3.21 ^ output24/A (sky130_fd_sc_hd__buf_2)
                  0.27    0.41    3.62 ^ output24/X (sky130_fd_sc_hd__buf_2)
     1    0.03                           sum[5] (net)
                  0.27    0.00    3.62 ^ sum[5] (out)
                                  3.62   data arrival time

                  0.00    3.50    3.50   clock clk (rise edge)
                          0.00    3.50   clock network delay (ideal)
                         -0.25    3.25   clock uncertainty
                          0.00    3.25   clock reconvergence pessimism
                          0.00    3.25   output external delay
                                  3.25   data required time
-----------------------------------------------------------------------------
                                  3.25   data required time
                                 -3.62   data arrival time
-----------------------------------------------------------------------------
                                 -0.37   slack (VIOLATED)


Startpoint: b[0] (input port clocked by clk)
Endpoint: sum[6] (output port clocked by clk)
Path Group: clk
Path Type: max
Corner: ss

Fanout     Cap    Slew   Delay    Time   Description
-----------------------------------------------------------------------------
                  0.00    0.00    0.00   clock clk (rise edge)
                          0.00    0.00   clock network delay (ideal)
                          0.00    0.00 v input external delay
                  0.02    0.01    0.01 v b[0] (in)
     1    0.00                           b[0] (net)
                  0.02    0.00    0.01 v input9/A (sky130_fd_sc_hd__dlymetal6s2s_1)
                  0.14    0.34    0.35 v input9/X (sky130_fd_sc_hd__dlymetal6s2s_1)
     2    0.01                           net9 (net)
                  0.14    0.00    0.35 v _43_/A (sky130_fd_sc_hd__or2_1)
                  0.12    0.58    0.93 v _43_/X (sky130_fd_sc_hd__or2_1)
     2    0.01                           _07_ (net)
                  0.12    0.00    0.93 v _45_/A2 (sky130_fd_sc_hd__a21bo_1)
                  0.14    0.46    1.39 v _45_/X (sky130_fd_sc_hd__a21bo_1)
     3    0.01                           _09_ (net)
                  0.14    0.00    1.39 v _50_/A2 (sky130_fd_sc_hd__a311o_1)
                  0.14    0.70    2.10 v _50_/X (sky130_fd_sc_hd__a311o_1)
     2    0.01                           _14_ (net)
                  0.14    0.00    2.10 v _51_/A (sky130_fd_sc_hd__dlymetal6s2s_1)
                  0.18    0.43    2.53 v _51_/X (sky130_fd_sc_hd__dlymetal6s2s_1)
     4    0.02                           _15_ (net)
                  0.18    0.00    2.53 v _66_/A1 (sky130_fd_sc_hd__a21oi_1)
                  0.26    0.34    2.87 ^ _66_/Y (sky130_fd_sc_hd__a21oi_1)
     1    0.01                           _28_ (net)
                  0.26    0.00    2.87 ^ _67_/B (sky130_fd_sc_hd__xnor2_1)
                  0.22    0.29    3.16 ^ _67_/Y (sky130_fd_sc_hd__xnor2_1)
     1    0.00                           net25 (net)
                  0.22    0.00    3.16 ^ output25/A (sky130_fd_sc_hd__buf_2)
                  0.28    0.44    3.60 ^ output25/X (sky130_fd_sc_hd__buf_2)
     1    0.03                           sum[6] (net)
                  0.28    0.00    3.60 ^ sum[6] (out)
                                  3.60   data arrival time

                  0.00    3.50    3.50   clock clk (rise edge)
                          0.00    3.50   clock network delay (ideal)
                         -0.25    3.25   clock uncertainty
                          0.00    3.25   clock reconvergence pessimism
                          0.00    3.25   output external delay
                                  3.25   data required time
-----------------------------------------------------------------------------
                                  3.25   data required time
                                 -3.60   data arrival time
-----------------------------------------------------------------------------
                                 -0.35   slack (VIOLATED)


Startpoint: b[0] (input port clocked by clk)
Endpoint: cout (output port clocked by clk)
Path Group: clk
Path Type: max
Corner: ss

Fanout     Cap    Slew   Delay    Time   Description
-----------------------------------------------------------------------------
                  0.00    0.00    0.00   clock clk (rise edge)
                          0.00    0.00   clock network delay (ideal)
                          0.00    0.00 v input external delay
                  0.02    0.01    0.01 v b[0] (in)
     1    0.00                           b[0] (net)
                  0.02    0.00    0.01 v input9/A (sky130_fd_sc_hd__dlymetal6s2s_1)
                  0.14    0.34    0.35 v input9/X (sky130_fd_sc_hd__dlymetal6s2s_1)
     2    0.01                           net9 (net)
                  0.14    0.00    0.35 v _43_/A (sky130_fd_sc_hd__or2_1)
                  0.12    0.58    0.93 v _43_/X (sky130_fd_sc_hd__or2_1)
     2    0.01                           _07_ (net)
                  0.12    0.00    0.93 v _45_/A2 (sky130_fd_sc_hd__a21bo_1)
                  0.14    0.46    1.39 v _45_/X (sky130_fd_sc_hd__a21bo_1)
     3    0.01                           _09_ (net)
                  0.14    0.00    1.39 v _50_/A2 (sky130_fd_sc_hd__a311o_1)
                  0.14    0.70    2.10 v _50_/X (sky130_fd_sc_hd__a311o_1)
     2    0.01                           _14_ (net)
                  0.14    0.00    2.10 v _72_/A1 (sky130_fd_sc_hd__a311o_1)
                  0.18    0.66    2.76 v _72_/X (sky130_fd_sc_hd__a311o_1)
     2    0.01                           _33_ (net)
                  0.18    0.00    2.76 v _74_/A2 (sky130_fd_sc_hd__a21bo_1)
                  0.11    0.45    3.21 v _74_/X (sky130_fd_sc_hd__a21bo_1)
     1    0.01                           net18 (net)
                  0.11    0.00    3.21 v output18/A (sky130_fd_sc_hd__buf_2)
                  0.17    0.38    3.59 v output18/X (sky130_fd_sc_hd__buf_2)
     1    0.03                           cout (net)
                  0.17    0.00    3.59 v cout (out)
                                  3.59   data arrival time

                  0.00    3.50    3.50   clock clk (rise edge)
                          0.00    3.50   clock network delay (ideal)
                         -0.25    3.25   clock uncertainty
                          0.00    3.25   clock reconvergence pessimism
                          0.00    3.25   output external delay
                                  3.25   data required time
-----------------------------------------------------------------------------
                                  3.25   data required time
                                 -3.59   data arrival time
-----------------------------------------------------------------------------
                                 -0.34   slack (VIOLATED)


Startpoint: b[0] (input port clocked by clk)
Endpoint: sum[7] (output port clocked by clk)
Path Group: clk
Path Type: max
Corner: ss

Fanout     Cap    Slew   Delay    Time   Description
-----------------------------------------------------------------------------
                  0.00    0.00    0.00   clock clk (rise edge)
                          0.00    0.00   clock network delay (ideal)
                          0.00    0.00 v input external delay
                  0.02    0.01    0.01 v b[0] (in)
     1    0.00                           b[0] (net)
                  0.02    0.00    0.01 v input9/A (sky130_fd_sc_hd__dlymetal6s2s_1)
                  0.14    0.34    0.35 v input9/X (sky130_fd_sc_hd__dlymetal6s2s_1)
     2    0.01                           net9 (net)
                  0.14    0.00    0.35 v _43_/A (sky130_fd_sc_hd__or2_1)
                  0.12    0.58    0.93 v _43_/X (sky130_fd_sc_hd__or2_1)
     2    0.01                           _07_ (net)
                  0.12    0.00    0.93 v _45_/A2 (sky130_fd_sc_hd__a21bo_1)
                  0.14    0.46    1.39 v _45_/X (sky130_fd_sc_hd__a21bo_1)
     3    0.01                           _09_ (net)
                  0.14    0.00    1.39 v _50_/A2 (sky130_fd_sc_hd__a311o_1)
                  0.14    0.70    2.10 v _50_/X (sky130_fd_sc_hd__a311o_1)
     2    0.01                           _14_ (net)
                  0.14    0.00    2.10 v _72_/A1 (sky130_fd_sc_hd__a311o_1)
                  0.18    0.66    2.76 v _72_/X (sky130_fd_sc_hd__a311o_1)
     2    0.01                           _33_ (net)
                  0.18    0.00    2.76 v _73_/B (sky130_fd_sc_hd__xnor2_1)
                  0.21    0.29    3.05 ^ _73_/Y (sky130_fd_sc_hd__xnor2_1)
     1    0.00                           net26 (net)
                  0.21    0.00    3.05 ^ output26/A (sky130_fd_sc_hd__buf_2)
                  0.27    0.43    3.48 ^ output26/X (sky130_fd_sc_hd__buf_2)
     1    0.03                           sum[7] (net)
                  0.27    0.00    3.48 ^ sum[7] (out)
                                  3.48   data arrival time

                  0.00    3.50    3.50   clock clk (rise edge)
                          0.00    3.50   clock network delay (ideal)
                         -0.25    3.25   clock uncertainty
                          0.00    3.25   clock reconvergence pessimism
                          0.00    3.25   output external delay
                                  3.25   data required time
-----------------------------------------------------------------------------
                                  3.25   data required time
                                 -3.48   data arrival time
-----------------------------------------------------------------------------
                                 -0.23   slack (VIOLATED)


Startpoint: b[0] (input port clocked by clk)
Endpoint: sum[3] (output port clocked by clk)
Path Group: clk
Path Type: max
Corner: ss

Fanout     Cap    Slew   Delay    Time   Description
-----------------------------------------------------------------------------
                  0.00    0.00    0.00   clock clk (rise edge)
                          0.00    0.00   clock network delay (ideal)
                          0.00    0.00 v input external delay
                  0.02    0.01    0.01 v b[0] (in)
     1    0.00                           b[0] (net)
                  0.02    0.00    0.01 v input9/A (sky130_fd_sc_hd__dlymetal6s2s_1)
                  0.14    0.34    0.35 v input9/X (sky130_fd_sc_hd__dlymetal6s2s_1)
     2    0.01                           net9 (net)
                  0.14    0.00    0.35 v _43_/A (sky130_fd_sc_hd__or2_1)
                  0.12    0.58    0.93 v _43_/X (sky130_fd_sc_hd__or2_1)
     2    0.01                           _07_ (net)
                  0.12    0.00    0.93 v _45_/A2 (sky130_fd_sc_hd__a21bo_1)
                  0.14    0.46    1.39 v _45_/X (sky130_fd_sc_hd__a21bo_1)
     3    0.01                           _09_ (net)
                  0.14    0.00    1.39 v _50_/A2 (sky130_fd_sc_hd__a311o_1)
                  0.14    0.70    2.10 v _50_/X (sky130_fd_sc_hd__a311o_1)
     2    0.01                           _14_ (net)
                  0.14    0.00    2.10 v _51_/A (sky130_fd_sc_hd__dlymetal6s2s_1)
                  0.18    0.43    2.53 v _51_/X (sky130_fd_sc_hd__dlymetal6s2s_1)
     4    0.02                           _15_ (net)
                  0.18    0.00    2.53 v _80_/B (sky130_fd_sc_hd__xor2_1)
                  0.13    0.32    2.85 v _80_/X (sky130_fd_sc_hd__xor2_1)
     1    0.00                           net22 (net)
                  0.13    0.00    2.85 v output22/A (sky130_fd_sc_hd__buf_2)
                  0.17    0.39    3.24 v output22/X (sky130_fd_sc_hd__buf_2)
     1    0.03                           sum[3] (net)
                  0.17    0.00    3.25 v sum[3] (out)
                                  3.25   data arrival time

                  0.00    3.50    3.50   clock clk (rise edge)
                          0.00    3.50   clock network delay (ideal)
                         -0.25    3.25   clock uncertainty
                          0.00    3.25   clock reconvergence pessimism
                          0.00    3.25   output external delay
                                  3.25   data required time
-----------------------------------------------------------------------------
                                  3.25   data required time
                                 -3.25   data arrival time
-----------------------------------------------------------------------------
                                  0.00   slack (MET)


Startpoint: b[0] (input port clocked by clk)
Endpoint: sum[2] (output port clocked by clk)
Path Group: clk
Path Type: max
Corner: ss

Fanout     Cap    Slew   Delay    Time   Description
-----------------------------------------------------------------------------
                  0.00    0.00    0.00   clock clk (rise edge)
                          0.00    0.00   clock network delay (ideal)
                          0.00    0.00 v input external delay
                  0.02    0.01    0.01 v b[0] (in)
     1    0.00                           b[0] (net)
                  0.02    0.00    0.01 v input9/A (sky130_fd_sc_hd__dlymetal6s2s_1)
                  0.14    0.34    0.35 v input9/X (sky130_fd_sc_hd__dlymetal6s2s_1)
     2    0.01                           net9 (net)
                  0.14    0.00    0.35 v _43_/A (sky130_fd_sc_hd__or2_1)
                  0.12    0.58    0.93 v _43_/X (sky130_fd_sc_hd__or2_1)
     2    0.01                           _07_ (net)
                  0.12    0.00    0.93 v _45_/A2 (sky130_fd_sc_hd__a21bo_1)
                  0.14    0.46    1.39 v _45_/X (sky130_fd_sc_hd__a21bo_1)
     3    0.01                           _09_ (net)
                  0.14    0.00    1.39 v _78_/A2 (sky130_fd_sc_hd__a21oi_1)
                  0.27    0.35    1.74 ^ _78_/Y (sky130_fd_sc_hd__a21oi_1)
     1    0.01                           _35_ (net)
                  0.27    0.00    1.74 ^ _79_/B (sky130_fd_sc_hd__xnor2_1)
                  0.34    0.34    2.08 ^ _79_/Y (sky130_fd_sc_hd__xnor2_1)
     1    0.01                           net21 (net)
                  0.34    0.00    2.08 ^ output21/A (sky130_fd_sc_hd__buf_2)
                  0.27    0.48    2.57 ^ output21/X (sky130_fd_sc_hd__buf_2)
     1    0.03                           sum[2] (net)
                  0.27    0.00    2.57 ^ sum[2] (out)
                                  2.57   data arrival time

                  0.00    3.50    3.50   clock clk (rise edge)
                          0.00    3.50   clock network delay (ideal)
                         -0.25    3.25   clock uncertainty
                          0.00    3.25   clock reconvergence pessimism
                          0.00    3.25   output external delay
                                  3.25   data required time
-----------------------------------------------------------------------------
                                  3.25   data required time
                                 -2.57   data arrival time
-----------------------------------------------------------------------------
                                  0.68   slack (MET)


Startpoint: b[0] (input port clocked by clk)
Endpoint: sum[1] (output port clocked by clk)
Path Group: clk
Path Type: max
Corner: ss

Fanout     Cap    Slew   Delay    Time   Description
-----------------------------------------------------------------------------
                  0.00    0.00    0.00   clock clk (rise edge)
                          0.00    0.00   clock network delay (ideal)
                          0.00    0.00 v input external delay
                  0.02    0.01    0.01 v b[0] (in)
     1    0.00                           b[0] (net)
                  0.02    0.00    0.01 v input9/A (sky130_fd_sc_hd__dlymetal6s2s_1)
                  0.14    0.34    0.35 v input9/X (sky130_fd_sc_hd__dlymetal6s2s_1)
     2    0.01                           net9 (net)
                  0.14    0.00    0.35 v _43_/A (sky130_fd_sc_hd__or2_1)
                  0.12    0.58    0.93 v _43_/X (sky130_fd_sc_hd__or2_1)
     2    0.01                           _07_ (net)
                  0.12    0.00    0.93 v _45_/A2 (sky130_fd_sc_hd__a21bo_1)
                  0.14    0.46    1.39 v _45_/X (sky130_fd_sc_hd__a21bo_1)
     3    0.01                           _09_ (net)
                  0.14    0.00    1.39 v _77_/B (sky130_fd_sc_hd__xor2_1)
                  0.26    0.31    1.71 ^ _77_/X (sky130_fd_sc_hd__xor2_1)
     1    0.01                           net20 (net)
                  0.26    0.00    1.71 ^ output20/A (sky130_fd_sc_hd__buf_2)
                  0.27    0.45    2.16 ^ output20/X (sky130_fd_sc_hd__buf_2)
     1    0.03                           sum[1] (net)
                  0.27    0.00    2.16 ^ sum[1] (out)
                                  2.16   data arrival time

                  0.00    3.50    3.50   clock clk (rise edge)
                          0.00    3.50   clock network delay (ideal)
                         -0.25    3.25   clock uncertainty
                          0.00    3.25   clock reconvergence pessimism
                          0.00    3.25   output external delay
                                  3.25   data required time
-----------------------------------------------------------------------------
                                  3.25   data required time
                                 -2.16   data arrival time
-----------------------------------------------------------------------------
                                  1.09   slack (MET)


Startpoint: b[0] (input port clocked by clk)
Endpoint: sum[0] (output port clocked by clk)
Path Group: clk
Path Type: max
Corner: ss

Fanout     Cap    Slew   Delay    Time   Description
-----------------------------------------------------------------------------
                  0.00    0.00    0.00   clock clk (rise edge)
                          0.00    0.00   clock network delay (ideal)
                          0.00    0.00 v input external delay
                  0.02    0.01    0.01 v b[0] (in)
     1    0.00                           b[0] (net)
                  0.02    0.00    0.01 v input9/A (sky130_fd_sc_hd__dlymetal6s2s_1)
                  0.14    0.34    0.35 v input9/X (sky130_fd_sc_hd__dlymetal6s2s_1)
     2    0.01                           net9 (net)
                  0.14    0.00    0.35 v _43_/A (sky130_fd_sc_hd__or2_1)
                  0.12    0.58    0.93 v _43_/X (sky130_fd_sc_hd__or2_1)
     2    0.01                           _07_ (net)
                  0.12    0.00    0.93 v _75_/B (sky130_fd_sc_hd__nand2_1)
                  0.11    0.16    1.09 ^ _75_/Y (sky130_fd_sc_hd__nand2_1)
     1    0.01                           _34_ (net)
                  0.11    0.00    1.09 ^ _76_/B (sky130_fd_sc_hd__xnor2_1)
                  0.23    0.23    1.32 ^ _76_/Y (sky130_fd_sc_hd__xnor2_1)
     1    0.00                           net19 (net)
                  0.23    0.00    1.32 ^ output19/A (sky130_fd_sc_hd__buf_2)
                  0.27    0.44    1.76 ^ output19/X (sky130_fd_sc_hd__buf_2)
     1    0.03                           sum[0] (net)
                  0.27    0.00    1.76 ^ sum[0] (out)
                                  1.76   data arrival time

                  0.00    3.50    3.50   clock clk (rise edge)
                          0.00    3.50   clock network delay (ideal)
                         -0.25    3.25   clock uncertainty
                          0.00    3.25   clock reconvergence pessimism
                          0.00    3.25   output external delay
                                  3.25   data required time
-----------------------------------------------------------------------------
                                  3.25   data required time
                                 -1.76   data arrival time
-----------------------------------------------------------------------------
                                  1.49   slack (MET)



======================= Typical Corner ===================================

Startpoint: b[0] (input port clocked by clk)
Endpoint: sum[4] (output port clocked by clk)
Path Group: clk
Path Type: max
Corner: tt

Fanout     Cap    Slew   Delay    Time   Description
-----------------------------------------------------------------------------
                  0.00    0.00    0.00   clock clk (rise edge)
                          0.00    0.00   clock network delay (ideal)
                          0.00    0.00 v input external delay
                  0.01    0.00    0.00 v b[0] (in)
     1    0.00                           b[0] (net)
                  0.01    0.00    0.00 v input9/A (sky130_fd_sc_hd__dlymetal6s2s_1)
                  0.07    0.16    0.17 v input9/X (sky130_fd_sc_hd__dlymetal6s2s_1)
     2    0.01                           net9 (net)
                  0.07    0.00    0.17 v _43_/A (sky130_fd_sc_hd__or2_1)
                  0.06    0.26    0.43 v _43_/X (sky130_fd_sc_hd__or2_1)
     2    0.01                           _07_ (net)
                  0.06    0.00    0.43 v _45_/A2 (sky130_fd_sc_hd__a21bo_1)
                  0.07    0.25    0.67 v _45_/X (sky130_fd_sc_hd__a21bo_1)
     3    0.01                           _09_ (net)
                  0.07    0.00    0.67 v _50_/A2 (sky130_fd_sc_hd__a311o_1)
                  0.08    0.37    1.04 v _50_/X (sky130_fd_sc_hd__a311o_1)
     2    0.01                           _14_ (net)
                  0.08    0.00    1.04 v _51_/A (sky130_fd_sc_hd__dlymetal6s2s_1)
                  0.09    0.21    1.25 v _51_/X (sky130_fd_sc_hd__dlymetal6s2s_1)
     4    0.02                           _15_ (net)
                  0.09    0.00    1.25 v _52_/A2 (sky130_fd_sc_hd__a21oi_1)
                  0.15    0.20    1.45 ^ _52_/Y (sky130_fd_sc_hd__a21oi_1)
     1    0.01                           _16_ (net)
                  0.15    0.00    1.45 ^ _53_/B (sky130_fd_sc_hd__xnor2_1)
                  0.17    0.16    1.61 ^ _53_/Y (sky130_fd_sc_hd__xnor2_1)
     1    0.01                           net23 (net)
                  0.17    0.00    1.61 ^ output23/A (sky130_fd_sc_hd__buf_2)
                  0.17    0.25    1.87 ^ output23/X (sky130_fd_sc_hd__buf_2)
     1    0.03                           sum[4] (net)
                  0.17    0.00    1.87 ^ sum[4] (out)
                                  1.87   data arrival time

                  0.00    3.50    3.50   clock clk (rise edge)
                          0.00    3.50   clock network delay (ideal)
                         -0.25    3.25   clock uncertainty
                          0.00    3.25   clock reconvergence pessimism
                          0.00    3.25   output external delay
                                  3.25   data required time
-----------------------------------------------------------------------------
                                  3.25   data required time
                                 -1.87   data arrival time
-----------------------------------------------------------------------------
                                  1.38   slack (MET)


Startpoint: b[0] (input port clocked by clk)
Endpoint: sum[5] (output port clocked by clk)
Path Group: clk
Path Type: max
Corner: tt

Fanout     Cap    Slew   Delay    Time   Description
-----------------------------------------------------------------------------
                  0.00    0.00    0.00   clock clk (rise edge)
                          0.00    0.00   clock network delay (ideal)
                          0.00    0.00 v input external delay
                  0.01    0.00    0.00 v b[0] (in)
     1    0.00                           b[0] (net)
                  0.01    0.00    0.00 v input9/A (sky130_fd_sc_hd__dlymetal6s2s_1)
                  0.07    0.16    0.17 v input9/X (sky130_fd_sc_hd__dlymetal6s2s_1)
     2    0.01                           net9 (net)
                  0.07    0.00    0.17 v _43_/A (sky130_fd_sc_hd__or2_1)
                  0.06    0.26    0.43 v _43_/X (sky130_fd_sc_hd__or2_1)
     2    0.01                           _07_ (net)
                  0.06    0.00    0.43 v _45_/A2 (sky130_fd_sc_hd__a21bo_1)
                  0.07    0.25    0.67 v _45_/X (sky130_fd_sc_hd__a21bo_1)
     3    0.01                           _09_ (net)
                  0.07    0.00    0.67 v _50_/A2 (sky130_fd_sc_hd__a311o_1)
                  0.08    0.37    1.04 v _50_/X (sky130_fd_sc_hd__a311o_1)
     2    0.01                           _14_ (net)
                  0.08    0.00    1.04 v _51_/A (sky130_fd_sc_hd__dlymetal6s2s_1)
                  0.09    0.21    1.25 v _51_/X (sky130_fd_sc_hd__dlymetal6s2s_1)
     4    0.02                           _15_ (net)
                  0.09    0.00    1.25 v _59_/A3 (sky130_fd_sc_hd__a31o_1)
                  0.05    0.25    1.50 v _59_/X (sky130_fd_sc_hd__a31o_1)
     1    0.01                           _22_ (net)
                  0.05    0.00    1.50 v _60_/B (sky130_fd_sc_hd__xnor2_1)
                  0.10    0.12    1.63 ^ _60_/Y (sky130_fd_sc_hd__xnor2_1)
     1    0.00                           net24 (net)
                  0.10    0.00    1.63 ^ output24/A (sky130_fd_sc_hd__buf_2)
                  0.17    0.23    1.86 ^ output24/X (sky130_fd_sc_hd__buf_2)
     1    0.03                           sum[5] (net)
                  0.17    0.00    1.86 ^ sum[5] (out)
                                  1.86   data arrival time

                  0.00    3.50    3.50   clock clk (rise edge)
                          0.00    3.50   clock network delay (ideal)
                         -0.25    3.25   clock uncertainty
                          0.00    3.25   clock reconvergence pessimism
                          0.00    3.25   output external delay
                                  3.25   data required time
-----------------------------------------------------------------------------
                                  3.25   data required time
                                 -1.86   data arrival time
-----------------------------------------------------------------------------
                                  1.39   slack (MET)


Startpoint: b[0] (input port clocked by clk)
Endpoint: sum[6] (output port clocked by clk)
Path Group: clk
Path Type: max
Corner: tt

Fanout     Cap    Slew   Delay    Time   Description
-----------------------------------------------------------------------------
                  0.00    0.00    0.00   clock clk (rise edge)
                          0.00    0.00   clock network delay (ideal)
                          0.00    0.00 v input external delay
                  0.01    0.00    0.00 v b[0] (in)
     1    0.00                           b[0] (net)
                  0.01    0.00    0.00 v input9/A (sky130_fd_sc_hd__dlymetal6s2s_1)
                  0.07    0.16    0.17 v input9/X (sky130_fd_sc_hd__dlymetal6s2s_1)
     2    0.01                           net9 (net)
                  0.07    0.00    0.17 v _43_/A (sky130_fd_sc_hd__or2_1)
                  0.06    0.26    0.43 v _43_/X (sky130_fd_sc_hd__or2_1)
     2    0.01                           _07_ (net)
                  0.06    0.00    0.43 v _45_/A2 (sky130_fd_sc_hd__a21bo_1)
                  0.07    0.25    0.67 v _45_/X (sky130_fd_sc_hd__a21bo_1)
     3    0.01                           _09_ (net)
                  0.07    0.00    0.67 v _50_/A2 (sky130_fd_sc_hd__a311o_1)
                  0.08    0.37    1.04 v _50_/X (sky130_fd_sc_hd__a311o_1)
     2    0.01                           _14_ (net)
                  0.08    0.00    1.04 v _51_/A (sky130_fd_sc_hd__dlymetal6s2s_1)
                  0.09    0.21    1.25 v _51_/X (sky130_fd_sc_hd__dlymetal6s2s_1)
     4    0.02                           _15_ (net)
                  0.09    0.00    1.25 v _66_/A1 (sky130_fd_sc_hd__a21oi_1)
                  0.17    0.19    1.44 ^ _66_/Y (sky130_fd_sc_hd__a21oi_1)
     1    0.01                           _28_ (net)
                  0.17    0.00    1.44 ^ _67_/B (sky130_fd_sc_hd__xnor2_1)
                  0.14    0.15    1.59 ^ _67_/Y (sky130_fd_sc_hd__xnor2_1)
     1    0.00                           net25 (net)
                  0.14    0.00    1.60 ^ output25/A (sky130_fd_sc_hd__buf_2)
                  0.17    0.25    1.84 ^ output25/X (sky130_fd_sc_hd__buf_2)
     1    0.03                           sum[6] (net)
                  0.17    0.00    1.84 ^ sum[6] (out)
                                  1.84   data arrival time

                  0.00    3.50    3.50   clock clk (rise edge)
                          0.00    3.50   clock network delay (ideal)
                         -0.25    3.25   clock uncertainty
                          0.00    3.25   clock reconvergence pessimism
                          0.00    3.25   output external delay
                                  3.25   data required time
-----------------------------------------------------------------------------
                                  3.25   data required time
                                 -1.84   data arrival time
-----------------------------------------------------------------------------
                                  1.41   slack (MET)


Startpoint: b[0] (input port clocked by clk)
Endpoint: cout (output port clocked by clk)
Path Group: clk
Path Type: max
Corner: tt

Fanout     Cap    Slew   Delay    Time   Description
-----------------------------------------------------------------------------
                  0.00    0.00    0.00   clock clk (rise edge)
                          0.00    0.00   clock network delay (ideal)
                          0.00    0.00 v input external delay
                  0.01    0.00    0.00 v b[0] (in)
     1    0.00                           b[0] (net)
                  0.01    0.00    0.00 v input9/A (sky130_fd_sc_hd__dlymetal6s2s_1)
                  0.07    0.16    0.17 v input9/X (sky130_fd_sc_hd__dlymetal6s2s_1)
     2    0.01                           net9 (net)
                  0.07    0.00    0.17 v _43_/A (sky130_fd_sc_hd__or2_1)
                  0.06    0.26    0.43 v _43_/X (sky130_fd_sc_hd__or2_1)
     2    0.01                           _07_ (net)
                  0.06    0.00    0.43 v _45_/A2 (sky130_fd_sc_hd__a21bo_1)
                  0.07    0.25    0.67 v _45_/X (sky130_fd_sc_hd__a21bo_1)
     3    0.01                           _09_ (net)
                  0.07    0.00    0.67 v _50_/A2 (sky130_fd_sc_hd__a311o_1)
                  0.08    0.37    1.04 v _50_/X (sky130_fd_sc_hd__a311o_1)
     2    0.01                           _14_ (net)
                  0.08    0.00    1.04 v _72_/A1 (sky130_fd_sc_hd__a311o_1)
                  0.10    0.34    1.38 v _72_/X (sky130_fd_sc_hd__a311o_1)
     2    0.01                           _33_ (net)
                  0.10    0.00    1.38 v _74_/A2 (sky130_fd_sc_hd__a21bo_1)
                  0.06    0.24    1.62 v _74_/X (sky130_fd_sc_hd__a21bo_1)
     1    0.01                           net18 (net)
                  0.06    0.00    1.62 v output18/A (sky130_fd_sc_hd__buf_2)
                  0.09    0.20    1.82 v output18/X (sky130_fd_sc_hd__buf_2)
     1    0.03                           cout (net)
                  0.09    0.00    1.82 v cout (out)
                                  1.82   data arrival time

                  0.00    3.50    3.50   clock clk (rise edge)
                          0.00    3.50   clock network delay (ideal)
                         -0.25    3.25   clock uncertainty
                          0.00    3.25   clock reconvergence pessimism
                          0.00    3.25   output external delay
                                  3.25   data required time
-----------------------------------------------------------------------------
                                  3.25   data required time
                                 -1.82   data arrival time
-----------------------------------------------------------------------------
                                  1.43   slack (MET)


Startpoint: b[0] (input port clocked by clk)
Endpoint: sum[7] (output port clocked by clk)
Path Group: clk
Path Type: max
Corner: tt

Fanout     Cap    Slew   Delay    Time   Description
-----------------------------------------------------------------------------
                  0.00    0.00    0.00   clock clk (rise edge)
                          0.00    0.00   clock network delay (ideal)
                          0.00    0.00 v input external delay
                  0.01    0.00    0.00 v b[0] (in)
     1    0.00                           b[0] (net)
                  0.01    0.00    0.00 v input9/A (sky130_fd_sc_hd__dlymetal6s2s_1)
                  0.07    0.16    0.17 v input9/X (sky130_fd_sc_hd__dlymetal6s2s_1)
     2    0.01                           net9 (net)
                  0.07    0.00    0.17 v _43_/A (sky130_fd_sc_hd__or2_1)
                  0.06    0.26    0.43 v _43_/X (sky130_fd_sc_hd__or2_1)
     2    0.01                           _07_ (net)
                  0.06    0.00    0.43 v _45_/A2 (sky130_fd_sc_hd__a21bo_1)
                  0.07    0.25    0.67 v _45_/X (sky130_fd_sc_hd__a21bo_1)
     3    0.01                           _09_ (net)
                  0.07    0.00    0.67 v _50_/A2 (sky130_fd_sc_hd__a311o_1)
                  0.08    0.37    1.04 v _50_/X (sky130_fd_sc_hd__a311o_1)
     2    0.01                           _14_ (net)
                  0.08    0.00    1.04 v _72_/A1 (sky130_fd_sc_hd__a311o_1)
                  0.10    0.34    1.38 v _72_/X (sky130_fd_sc_hd__a311o_1)
     2    0.01                           _33_ (net)
                  0.10    0.00    1.38 v _73_/B (sky130_fd_sc_hd__xnor2_1)
                  0.13    0.17    1.54 ^ _73_/Y (sky130_fd_sc_hd__xnor2_1)
     1    0.00                           net26 (net)
                  0.13    0.00    1.54 ^ output26/A (sky130_fd_sc_hd__buf_2)
                  0.17    0.24    1.78 ^ output26/X (sky130_fd_sc_hd__buf_2)
     1    0.03                           sum[7] (net)
                  0.17    0.00    1.78 ^ sum[7] (out)
                                  1.78   data arrival time

                  0.00    3.50    3.50   clock clk (rise edge)
                          0.00    3.50   clock network delay (ideal)
                         -0.25    3.25   clock uncertainty
                          0.00    3.25   clock reconvergence pessimism
                          0.00    3.25   output external delay
                                  3.25   data required time
-----------------------------------------------------------------------------
                                  3.25   data required time
                                 -1.78   data arrival time
-----------------------------------------------------------------------------
                                  1.47   slack (MET)


Startpoint: b[0] (input port clocked by clk)
Endpoint: sum[3] (output port clocked by clk)
Path Group: clk
Path Type: max
Corner: tt

Fanout     Cap    Slew   Delay    Time   Description
-----------------------------------------------------------------------------
                  0.00    0.00    0.00   clock clk (rise edge)
                          0.00    0.00   clock network delay (ideal)
                          0.00    0.00 v input external delay
                  0.01    0.00    0.00 v b[0] (in)
     1    0.00                           b[0] (net)
                  0.01    0.00    0.00 v input9/A (sky130_fd_sc_hd__dlymetal6s2s_1)
                  0.07    0.16    0.17 v input9/X (sky130_fd_sc_hd__dlymetal6s2s_1)
     2    0.01                           net9 (net)
                  0.07    0.00    0.17 v _43_/A (sky130_fd_sc_hd__or2_1)
                  0.06    0.26    0.43 v _43_/X (sky130_fd_sc_hd__or2_1)
     2    0.01                           _07_ (net)
                  0.06    0.00    0.43 v _45_/A2 (sky130_fd_sc_hd__a21bo_1)
                  0.07    0.25    0.67 v _45_/X (sky130_fd_sc_hd__a21bo_1)
     3    0.01                           _09_ (net)
                  0.07    0.00    0.67 v _50_/A2 (sky130_fd_sc_hd__a311o_1)
                  0.08    0.37    1.04 v _50_/X (sky130_fd_sc_hd__a311o_1)
     2    0.01                           _14_ (net)
                  0.08    0.00    1.04 v _51_/A (sky130_fd_sc_hd__dlymetal6s2s_1)
                  0.09    0.21    1.25 v _51_/X (sky130_fd_sc_hd__dlymetal6s2s_1)
     4    0.02                           _15_ (net)
                  0.09    0.00    1.25 v _80_/B (sky130_fd_sc_hd__xor2_1)
                  0.12    0.16    1.41 ^ _80_/X (sky130_fd_sc_hd__xor2_1)
     1    0.00                           net22 (net)
                  0.12    0.00    1.41 ^ output22/A (sky130_fd_sc_hd__buf_2)
                  0.17    0.24    1.64 ^ output22/X (sky130_fd_sc_hd__buf_2)
     1    0.03                           sum[3] (net)
                  0.17    0.00    1.65 ^ sum[3] (out)
                                  1.65   data arrival time

                  0.00    3.50    3.50   clock clk (rise edge)
                          0.00    3.50   clock network delay (ideal)
                         -0.25    3.25   clock uncertainty
                          0.00    3.25   clock reconvergence pessimism
                          0.00    3.25   output external delay
                                  3.25   data required time
-----------------------------------------------------------------------------
                                  3.25   data required time
                                 -1.65   data arrival time
-----------------------------------------------------------------------------
                                  1.60   slack (MET)


Startpoint: b[0] (input port clocked by clk)
Endpoint: sum[2] (output port clocked by clk)
Path Group: clk
Path Type: max
Corner: tt

Fanout     Cap    Slew   Delay    Time   Description
-----------------------------------------------------------------------------
                  0.00    0.00    0.00   clock clk (rise edge)
                          0.00    0.00   clock network delay (ideal)
                          0.00    0.00 v input external delay
                  0.01    0.00    0.00 v b[0] (in)
     1    0.00                           b[0] (net)
                  0.01    0.00    0.00 v input9/A (sky130_fd_sc_hd__dlymetal6s2s_1)
                  0.07    0.16    0.17 v input9/X (sky130_fd_sc_hd__dlymetal6s2s_1)
     2    0.01                           net9 (net)
                  0.07    0.00    0.17 v _43_/A (sky130_fd_sc_hd__or2_1)
                  0.06    0.26    0.43 v _43_/X (sky130_fd_sc_hd__or2_1)
     2    0.01                           _07_ (net)
                  0.06    0.00    0.43 v _45_/A2 (sky130_fd_sc_hd__a21bo_1)
                  0.07    0.25    0.67 v _45_/X (sky130_fd_sc_hd__a21bo_1)
     3    0.01                           _09_ (net)
                  0.07    0.00    0.67 v _78_/A2 (sky130_fd_sc_hd__a21oi_1)
                  0.17    0.21    0.88 ^ _78_/Y (sky130_fd_sc_hd__a21oi_1)
     1    0.01                           _35_ (net)
                  0.17    0.00    0.88 ^ _79_/B (sky130_fd_sc_hd__xnor2_1)
                  0.21    0.18    1.06 ^ _79_/Y (sky130_fd_sc_hd__xnor2_1)
     1    0.01                           net21 (net)
                  0.21    0.00    1.06 ^ output21/A (sky130_fd_sc_hd__buf_2)
                  0.17    0.26    1.32 ^ output21/X (sky130_fd_sc_hd__buf_2)
     1    0.03                           sum[2] (net)
                  0.17    0.00    1.32 ^ sum[2] (out)
                                  1.32   data arrival time

                  0.00    3.50    3.50   clock clk (rise edge)
                          0.00    3.50   clock network delay (ideal)
                         -0.25    3.25   clock uncertainty
                          0.00    3.25   clock reconvergence pessimism
                          0.00    3.25   output external delay
                                  3.25   data required time
-----------------------------------------------------------------------------
                                  3.25   data required time
                                 -1.32   data arrival time
-----------------------------------------------------------------------------
                                  1.93   slack (MET)


Startpoint: b[0] (input port clocked by clk)
Endpoint: sum[1] (output port clocked by clk)
Path Group: clk
Path Type: max
Corner: tt

Fanout     Cap    Slew   Delay    Time   Description
-----------------------------------------------------------------------------
                  0.00    0.00    0.00   clock clk (rise edge)
                          0.00    0.00   clock network delay (ideal)
                          0.00    0.00 v input external delay
                  0.01    0.00    0.00 v b[0] (in)
     1    0.00                           b[0] (net)
                  0.01    0.00    0.00 v input9/A (sky130_fd_sc_hd__dlymetal6s2s_1)
                  0.07    0.16    0.17 v input9/X (sky130_fd_sc_hd__dlymetal6s2s_1)
     2    0.01                           net9 (net)
                  0.07    0.00    0.17 v _43_/A (sky130_fd_sc_hd__or2_1)
                  0.06    0.26    0.43 v _43_/X (sky130_fd_sc_hd__or2_1)
     2    0.01                           _07_ (net)
                  0.06    0.00    0.43 v _45_/A2 (sky130_fd_sc_hd__a21bo_1)
                  0.07    0.25    0.67 v _45_/X (sky130_fd_sc_hd__a21bo_1)
     3    0.01                           _09_ (net)
                  0.07    0.00    0.67 v _77_/B (sky130_fd_sc_hd__xor2_1)
                  0.16    0.18    0.85 ^ _77_/X (sky130_fd_sc_hd__xor2_1)
     1    0.01                           net20 (net)
                  0.16    0.00    0.85 ^ output20/A (sky130_fd_sc_hd__buf_2)
                  0.17    0.25    1.10 ^ output20/X (sky130_fd_sc_hd__buf_2)
     1    0.03                           sum[1] (net)
                  0.17    0.00    1.10 ^ sum[1] (out)
                                  1.10   data arrival time

                  0.00    3.50    3.50   clock clk (rise edge)
                          0.00    3.50   clock network delay (ideal)
                         -0.25    3.25   clock uncertainty
                          0.00    3.25   clock reconvergence pessimism
                          0.00    3.25   output external delay
                                  3.25   data required time
-----------------------------------------------------------------------------
                                  3.25   data required time
                                 -1.10   data arrival time
-----------------------------------------------------------------------------
                                  2.15   slack (MET)


Startpoint: b[0] (input port clocked by clk)
Endpoint: sum[0] (output port clocked by clk)
Path Group: clk
Path Type: max
Corner: tt

Fanout     Cap    Slew   Delay    Time   Description
-----------------------------------------------------------------------------
                  0.00    0.00    0.00   clock clk (rise edge)
                          0.00    0.00   clock network delay (ideal)
                          0.00    0.00 v input external delay
                  0.01    0.00    0.00 v b[0] (in)
     1    0.00                           b[0] (net)
                  0.01    0.00    0.00 v input9/A (sky130_fd_sc_hd__dlymetal6s2s_1)
                  0.07    0.16    0.17 v input9/X (sky130_fd_sc_hd__dlymetal6s2s_1)
     2    0.01                           net9 (net)
                  0.07    0.00    0.17 v _43_/A (sky130_fd_sc_hd__or2_1)
                  0.06    0.26    0.43 v _43_/X (sky130_fd_sc_hd__or2_1)
     2    0.01                           _07_ (net)
                  0.06    0.00    0.43 v _75_/B (sky130_fd_sc_hd__nand2_1)
                  0.07    0.09    0.52 ^ _75_/Y (sky130_fd_sc_hd__nand2_1)
     1    0.01                           _34_ (net)
                  0.07    0.00    0.52 ^ _76_/B (sky130_fd_sc_hd__xnor2_1)
                  0.14    0.13    0.64 ^ _76_/Y (sky130_fd_sc_hd__xnor2_1)
     1    0.00                           net19 (net)
                  0.14    0.00    0.64 ^ output19/A (sky130_fd_sc_hd__buf_2)
                  0.17    0.24    0.89 ^ output19/X (sky130_fd_sc_hd__buf_2)
     1    0.03                           sum[0] (net)
                  0.17    0.00    0.89 ^ sum[0] (out)
                                  0.89   data arrival time

                  0.00    3.50    3.50   clock clk (rise edge)
                          0.00    3.50   clock network delay (ideal)
                         -0.25    3.25   clock uncertainty
                          0.00    3.25   clock reconvergence pessimism
                          0.00    3.25   output external delay
                                  3.25   data required time
-----------------------------------------------------------------------------
                                  3.25   data required time
                                 -0.89   data arrival time
-----------------------------------------------------------------------------
                                  2.36   slack (MET)



======================= Fastest Corner ===================================

Startpoint: b[0] (input port clocked by clk)
Endpoint: sum[4] (output port clocked by clk)
Path Group: clk
Path Type: max
Corner: ff

Fanout     Cap    Slew   Delay    Time   Description
-----------------------------------------------------------------------------
                  0.00    0.00    0.00   clock clk (rise edge)
                          0.00    0.00   clock network delay (ideal)
                          0.00    0.00 v input external delay
                  0.00    0.00    0.00 v b[0] (in)
     1    0.00                           b[0] (net)
                  0.00    0.00    0.00 v input9/A (sky130_fd_sc_hd__dlymetal6s2s_1)
                  0.05    0.11    0.11 v input9/X (sky130_fd_sc_hd__dlymetal6s2s_1)
     2    0.01                           net9 (net)
                  0.05    0.00    0.11 v _43_/A (sky130_fd_sc_hd__or2_1)
                  0.04    0.16    0.26 v _43_/X (sky130_fd_sc_hd__or2_1)
     2    0.01                           _07_ (net)
                  0.04    0.00    0.26 v _45_/A2 (sky130_fd_sc_hd__a21bo_1)
                  0.05    0.16    0.42 v _45_/X (sky130_fd_sc_hd__a21bo_1)
     3    0.01                           _09_ (net)
                  0.05    0.00    0.43 v _50_/A2 (sky130_fd_sc_hd__a311o_1)
                  0.06    0.23    0.66 v _50_/X (sky130_fd_sc_hd__a311o_1)
     2    0.01                           _14_ (net)
                  0.06    0.00    0.66 v _51_/A (sky130_fd_sc_hd__dlymetal6s2s_1)
                  0.06    0.14    0.79 v _51_/X (sky130_fd_sc_hd__dlymetal6s2s_1)
     4    0.02                           _15_ (net)
                  0.06    0.00    0.79 v _52_/A2 (sky130_fd_sc_hd__a21oi_1)
                  0.11    0.14    0.93 ^ _52_/Y (sky130_fd_sc_hd__a21oi_1)
     1    0.01                           _16_ (net)
                  0.11    0.00    0.93 ^ _53_/B (sky130_fd_sc_hd__xnor2_1)
                  0.12    0.10    1.03 ^ _53_/Y (sky130_fd_sc_hd__xnor2_1)
     1    0.01                           net23 (net)
                  0.12    0.00    1.03 ^ output23/A (sky130_fd_sc_hd__buf_2)
                  0.13    0.17    1.20 ^ output23/X (sky130_fd_sc_hd__buf_2)
     1    0.03                           sum[4] (net)
                  0.13    0.00    1.20 ^ sum[4] (out)
                                  1.20   data arrival time

                  0.00    3.50    3.50   clock clk (rise edge)
                          0.00    3.50   clock network delay (ideal)
                         -0.25    3.25   clock uncertainty
                          0.00    3.25   clock reconvergence pessimism
                          0.00    3.25   output external delay
                                  3.25   data required time
-----------------------------------------------------------------------------
                                  3.25   data required time
                                 -1.20   data arrival time
-----------------------------------------------------------------------------
                                  2.05   slack (MET)


Startpoint: b[0] (input port clocked by clk)
Endpoint: sum[5] (output port clocked by clk)
Path Group: clk
Path Type: max
Corner: ff

Fanout     Cap    Slew   Delay    Time   Description
-----------------------------------------------------------------------------
                  0.00    0.00    0.00   clock clk (rise edge)
                          0.00    0.00   clock network delay (ideal)
                          0.00    0.00 v input external delay
                  0.00    0.00    0.00 v b[0] (in)
     1    0.00                           b[0] (net)
                  0.00    0.00    0.00 v input9/A (sky130_fd_sc_hd__dlymetal6s2s_1)
                  0.05    0.11    0.11 v input9/X (sky130_fd_sc_hd__dlymetal6s2s_1)
     2    0.01                           net9 (net)
                  0.05    0.00    0.11 v _43_/A (sky130_fd_sc_hd__or2_1)
                  0.04    0.16    0.26 v _43_/X (sky130_fd_sc_hd__or2_1)
     2    0.01                           _07_ (net)
                  0.04    0.00    0.26 v _45_/A2 (sky130_fd_sc_hd__a21bo_1)
                  0.05    0.16    0.42 v _45_/X (sky130_fd_sc_hd__a21bo_1)
     3    0.01                           _09_ (net)
                  0.05    0.00    0.43 v _50_/A2 (sky130_fd_sc_hd__a311o_1)
                  0.06    0.23    0.66 v _50_/X (sky130_fd_sc_hd__a311o_1)
     2    0.01                           _14_ (net)
                  0.06    0.00    0.66 v _51_/A (sky130_fd_sc_hd__dlymetal6s2s_1)
                  0.06    0.14    0.79 v _51_/X (sky130_fd_sc_hd__dlymetal6s2s_1)
     4    0.02                           _15_ (net)
                  0.06    0.00    0.79 v _59_/A3 (sky130_fd_sc_hd__a31o_1)
                  0.03    0.16    0.96 v _59_/X (sky130_fd_sc_hd__a31o_1)
     1    0.01                           _22_ (net)
                  0.03    0.00    0.96 v _60_/B (sky130_fd_sc_hd__xnor2_1)
                  0.07    0.08    1.04 ^ _60_/Y (sky130_fd_sc_hd__xnor2_1)
     1    0.00                           net24 (net)
                  0.07    0.00    1.04 ^ output24/A (sky130_fd_sc_hd__buf_2)
                  0.13    0.16    1.20 ^ output24/X (sky130_fd_sc_hd__buf_2)
     1    0.03                           sum[5] (net)
                  0.13    0.00    1.20 ^ sum[5] (out)
                                  1.20   data arrival time

                  0.00    3.50    3.50   clock clk (rise edge)
                          0.00    3.50   clock network delay (ideal)
                         -0.25    3.25   clock uncertainty
                          0.00    3.25   clock reconvergence pessimism
                          0.00    3.25   output external delay
                                  3.25   data required time
-----------------------------------------------------------------------------
                                  3.25   data required time
                                 -1.20   data arrival time
-----------------------------------------------------------------------------
                                  2.05   slack (MET)


Startpoint: b[0] (input port clocked by clk)
Endpoint: sum[6] (output port clocked by clk)
Path Group: clk
Path Type: max
Corner: ff

Fanout     Cap    Slew   Delay    Time   Description
-----------------------------------------------------------------------------
                  0.00    0.00    0.00   clock clk (rise edge)
                          0.00    0.00   clock network delay (ideal)
                          0.00    0.00 v input external delay
                  0.00    0.00    0.00 v b[0] (in)
     1    0.00                           b[0] (net)
                  0.00    0.00    0.00 v input9/A (sky130_fd_sc_hd__dlymetal6s2s_1)
                  0.05    0.11    0.11 v input9/X (sky130_fd_sc_hd__dlymetal6s2s_1)
     2    0.01                           net9 (net)
                  0.05    0.00    0.11 v _43_/A (sky130_fd_sc_hd__or2_1)
                  0.04    0.16    0.26 v _43_/X (sky130_fd_sc_hd__or2_1)
     2    0.01                           _07_ (net)
                  0.04    0.00    0.26 v _45_/A2 (sky130_fd_sc_hd__a21bo_1)
                  0.05    0.16    0.42 v _45_/X (sky130_fd_sc_hd__a21bo_1)
     3    0.01                           _09_ (net)
                  0.05    0.00    0.43 v _50_/A2 (sky130_fd_sc_hd__a311o_1)
                  0.06    0.23    0.66 v _50_/X (sky130_fd_sc_hd__a311o_1)
     2    0.01                           _14_ (net)
                  0.06    0.00    0.66 v _51_/A (sky130_fd_sc_hd__dlymetal6s2s_1)
                  0.06    0.14    0.79 v _51_/X (sky130_fd_sc_hd__dlymetal6s2s_1)
     4    0.02                           _15_ (net)
                  0.06    0.00    0.79 v _66_/A1 (sky130_fd_sc_hd__a21oi_1)
                  0.12    0.13    0.93 ^ _66_/Y (sky130_fd_sc_hd__a21oi_1)
     1    0.01                           _28_ (net)
                  0.12    0.00    0.93 ^ _67_/B (sky130_fd_sc_hd__xnor2_1)
                  0.10    0.09    1.01 ^ _67_/Y (sky130_fd_sc_hd__xnor2_1)
     1    0.00                           net25 (net)
                  0.10    0.00    1.01 ^ output25/A (sky130_fd_sc_hd__buf_2)
                  0.13    0.16    1.18 ^ output25/X (sky130_fd_sc_hd__buf_2)
     1    0.03                           sum[6] (net)
                  0.13    0.00    1.18 ^ sum[6] (out)
                                  1.18   data arrival time

                  0.00    3.50    3.50   clock clk (rise edge)
                          0.00    3.50   clock network delay (ideal)
                         -0.25    3.25   clock uncertainty
                          0.00    3.25   clock reconvergence pessimism
                          0.00    3.25   output external delay
                                  3.25   data required time
-----------------------------------------------------------------------------
                                  3.25   data required time
                                 -1.18   data arrival time
-----------------------------------------------------------------------------
                                  2.07   slack (MET)


Startpoint: b[0] (input port clocked by clk)
Endpoint: cout (output port clocked by clk)
Path Group: clk
Path Type: max
Corner: ff

Fanout     Cap    Slew   Delay    Time   Description
-----------------------------------------------------------------------------
                  0.00    0.00    0.00   clock clk (rise edge)
                          0.00    0.00   clock network delay (ideal)
                          0.00    0.00 v input external delay
                  0.00    0.00    0.00 v b[0] (in)
     1    0.00                           b[0] (net)
                  0.00    0.00    0.00 v input9/A (sky130_fd_sc_hd__dlymetal6s2s_1)
                  0.05    0.11    0.11 v input9/X (sky130_fd_sc_hd__dlymetal6s2s_1)
     2    0.01                           net9 (net)
                  0.05    0.00    0.11 v _43_/A (sky130_fd_sc_hd__or2_1)
                  0.04    0.16    0.26 v _43_/X (sky130_fd_sc_hd__or2_1)
     2    0.01                           _07_ (net)
                  0.04    0.00    0.26 v _45_/A2 (sky130_fd_sc_hd__a21bo_1)
                  0.05    0.16    0.42 v _45_/X (sky130_fd_sc_hd__a21bo_1)
     3    0.01                           _09_ (net)
                  0.05    0.00    0.43 v _50_/A2 (sky130_fd_sc_hd__a311o_1)
                  0.06    0.23    0.66 v _50_/X (sky130_fd_sc_hd__a311o_1)
     2    0.01                           _14_ (net)
                  0.06    0.00    0.66 v _72_/A1 (sky130_fd_sc_hd__a311o_1)
                  0.07    0.21    0.87 v _72_/X (sky130_fd_sc_hd__a311o_1)
     2    0.01                           _33_ (net)
                  0.07    0.00    0.87 v _74_/A2 (sky130_fd_sc_hd__a21bo_1)
                  0.04    0.16    1.03 v _74_/X (sky130_fd_sc_hd__a21bo_1)
     1    0.01                           net18 (net)
                  0.04    0.00    1.03 v output18/A (sky130_fd_sc_hd__buf_2)
                  0.06    0.13    1.16 v output18/X (sky130_fd_sc_hd__buf_2)
     1    0.03                           cout (net)
                  0.06    0.00    1.16 v cout (out)
                                  1.16   data arrival time

                  0.00    3.50    3.50   clock clk (rise edge)
                          0.00    3.50   clock network delay (ideal)
                         -0.25    3.25   clock uncertainty
                          0.00    3.25   clock reconvergence pessimism
                          0.00    3.25   output external delay
                                  3.25   data required time
-----------------------------------------------------------------------------
                                  3.25   data required time
                                 -1.16   data arrival time
-----------------------------------------------------------------------------
                                  2.09   slack (MET)


Startpoint: b[0] (input port clocked by clk)
Endpoint: sum[7] (output port clocked by clk)
Path Group: clk
Path Type: max
Corner: ff

Fanout     Cap    Slew   Delay    Time   Description
-----------------------------------------------------------------------------
                  0.00    0.00    0.00   clock clk (rise edge)
                          0.00    0.00   clock network delay (ideal)
                          0.00    0.00 v input external delay
                  0.00    0.00    0.00 v b[0] (in)
     1    0.00                           b[0] (net)
                  0.00    0.00    0.00 v input9/A (sky130_fd_sc_hd__dlymetal6s2s_1)
                  0.05    0.11    0.11 v input9/X (sky130_fd_sc_hd__dlymetal6s2s_1)
     2    0.01                           net9 (net)
                  0.05    0.00    0.11 v _43_/A (sky130_fd_sc_hd__or2_1)
                  0.04    0.16    0.26 v _43_/X (sky130_fd_sc_hd__or2_1)
     2    0.01                           _07_ (net)
                  0.04    0.00    0.26 v _45_/A2 (sky130_fd_sc_hd__a21bo_1)
                  0.05    0.16    0.42 v _45_/X (sky130_fd_sc_hd__a21bo_1)
     3    0.01                           _09_ (net)
                  0.05    0.00    0.43 v _50_/A2 (sky130_fd_sc_hd__a311o_1)
                  0.06    0.23    0.66 v _50_/X (sky130_fd_sc_hd__a311o_1)
     2    0.01                           _14_ (net)
                  0.06    0.00    0.66 v _72_/A1 (sky130_fd_sc_hd__a311o_1)
                  0.07    0.21    0.87 v _72_/X (sky130_fd_sc_hd__a311o_1)
     2    0.01                           _33_ (net)
                  0.07    0.00    0.87 v _73_/B (sky130_fd_sc_hd__xnor2_1)
                  0.10    0.11    0.98 ^ _73_/Y (sky130_fd_sc_hd__xnor2_1)
     1    0.00                           net26 (net)
                  0.10    0.00    0.98 ^ output26/A (sky130_fd_sc_hd__buf_2)
                  0.13    0.16    1.14 ^ output26/X (sky130_fd_sc_hd__buf_2)
     1    0.03                           sum[7] (net)
                  0.13    0.00    1.14 ^ sum[7] (out)
                                  1.14   data arrival time

                  0.00    3.50    3.50   clock clk (rise edge)
                          0.00    3.50   clock network delay (ideal)
                         -0.25    3.25   clock uncertainty
                          0.00    3.25   clock reconvergence pessimism
                          0.00    3.25   output external delay
                                  3.25   data required time
-----------------------------------------------------------------------------
                                  3.25   data required time
                                 -1.14   data arrival time
-----------------------------------------------------------------------------
                                  2.11   slack (MET)


Startpoint: b[0] (input port clocked by clk)
Endpoint: sum[3] (output port clocked by clk)
Path Group: clk
Path Type: max
Corner: ff

Fanout     Cap    Slew   Delay    Time   Description
-----------------------------------------------------------------------------
                  0.00    0.00    0.00   clock clk (rise edge)
                          0.00    0.00   clock network delay (ideal)
                          0.00    0.00 v input external delay
                  0.00    0.00    0.00 v b[0] (in)
     1    0.00                           b[0] (net)
                  0.00    0.00    0.00 v input9/A (sky130_fd_sc_hd__dlymetal6s2s_1)
                  0.05    0.11    0.11 v input9/X (sky130_fd_sc_hd__dlymetal6s2s_1)
     2    0.01                           net9 (net)
                  0.05    0.00    0.11 v _43_/A (sky130_fd_sc_hd__or2_1)
                  0.04    0.16    0.26 v _43_/X (sky130_fd_sc_hd__or2_1)
     2    0.01                           _07_ (net)
                  0.04    0.00    0.26 v _45_/A2 (sky130_fd_sc_hd__a21bo_1)
                  0.05    0.16    0.42 v _45_/X (sky130_fd_sc_hd__a21bo_1)
     3    0.01                           _09_ (net)
                  0.05    0.00    0.43 v _50_/A2 (sky130_fd_sc_hd__a311o_1)
                  0.06    0.23    0.66 v _50_/X (sky130_fd_sc_hd__a311o_1)
     2    0.01                           _14_ (net)
                  0.06    0.00    0.66 v _51_/A (sky130_fd_sc_hd__dlymetal6s2s_1)
                  0.06    0.14    0.79 v _51_/X (sky130_fd_sc_hd__dlymetal6s2s_1)
     4    0.02                           _15_ (net)
                  0.06    0.00    0.79 v _80_/B (sky130_fd_sc_hd__xor2_1)
                  0.09    0.11    0.90 ^ _80_/X (sky130_fd_sc_hd__xor2_1)
     1    0.00                           net22 (net)
                  0.09    0.00    0.90 ^ output22/A (sky130_fd_sc_hd__buf_2)
                  0.13    0.16    1.06 ^ output22/X (sky130_fd_sc_hd__buf_2)
     1    0.03                           sum[3] (net)
                  0.13    0.00    1.06 ^ sum[3] (out)
                                  1.06   data arrival time

                  0.00    3.50    3.50   clock clk (rise edge)
                          0.00    3.50   clock network delay (ideal)
                         -0.25    3.25   clock uncertainty
                          0.00    3.25   clock reconvergence pessimism
                          0.00    3.25   output external delay
                                  3.25   data required time
-----------------------------------------------------------------------------
                                  3.25   data required time
                                 -1.06   data arrival time
-----------------------------------------------------------------------------
                                  2.19   slack (MET)


Startpoint: b[0] (input port clocked by clk)
Endpoint: sum[2] (output port clocked by clk)
Path Group: clk
Path Type: max
Corner: ff

Fanout     Cap    Slew   Delay    Time   Description
-----------------------------------------------------------------------------
                  0.00    0.00    0.00   clock clk (rise edge)
                          0.00    0.00   clock network delay (ideal)
                          0.00    0.00 v input external delay
                  0.00    0.00    0.00 v b[0] (in)
     1    0.00                           b[0] (net)
                  0.00    0.00    0.00 v input9/A (sky130_fd_sc_hd__dlymetal6s2s_1)
                  0.05    0.11    0.11 v input9/X (sky130_fd_sc_hd__dlymetal6s2s_1)
     2    0.01                           net9 (net)
                  0.05    0.00    0.11 v _43_/A (sky130_fd_sc_hd__or2_1)
                  0.04    0.16    0.26 v _43_/X (sky130_fd_sc_hd__or2_1)
     2    0.01                           _07_ (net)
                  0.04    0.00    0.26 v _45_/A2 (sky130_fd_sc_hd__a21bo_1)
                  0.05    0.16    0.42 v _45_/X (sky130_fd_sc_hd__a21bo_1)
     3    0.01                           _09_ (net)
                  0.05    0.00    0.43 v _78_/A2 (sky130_fd_sc_hd__a21oi_1)
                  0.12    0.14    0.57 ^ _78_/Y (sky130_fd_sc_hd__a21oi_1)
     1    0.01                           _35_ (net)
                  0.12    0.00    0.57 ^ _79_/B (sky130_fd_sc_hd__xnor2_1)
                  0.15    0.11    0.68 ^ _79_/Y (sky130_fd_sc_hd__xnor2_1)
     1    0.01                           net21 (net)
                  0.15    0.00    0.68 ^ output21/A (sky130_fd_sc_hd__buf_2)
                  0.13    0.17    0.85 ^ output21/X (sky130_fd_sc_hd__buf_2)
     1    0.03                           sum[2] (net)
                  0.13    0.00    0.85 ^ sum[2] (out)
                                  0.85   data arrival time

                  0.00    3.50    3.50   clock clk (rise edge)
                          0.00    3.50   clock network delay (ideal)
                         -0.25    3.25   clock uncertainty
                          0.00    3.25   clock reconvergence pessimism
                          0.00    3.25   output external delay
                                  3.25   data required time
-----------------------------------------------------------------------------
                                  3.25   data required time
                                 -0.85   data arrival time
-----------------------------------------------------------------------------
                                  2.40   slack (MET)


Startpoint: b[0] (input port clocked by clk)
Endpoint: sum[1] (output port clocked by clk)
Path Group: clk
Path Type: max
Corner: ff

Fanout     Cap    Slew   Delay    Time   Description
-----------------------------------------------------------------------------
                  0.00    0.00    0.00   clock clk (rise edge)
                          0.00    0.00   clock network delay (ideal)
                          0.00    0.00 v input external delay
                  0.00    0.00    0.00 v b[0] (in)
     1    0.00                           b[0] (net)
                  0.00    0.00    0.00 v input9/A (sky130_fd_sc_hd__dlymetal6s2s_1)
                  0.05    0.11    0.11 v input9/X (sky130_fd_sc_hd__dlymetal6s2s_1)
     2    0.01                           net9 (net)
                  0.05    0.00    0.11 v _43_/A (sky130_fd_sc_hd__or2_1)
                  0.04    0.16    0.26 v _43_/X (sky130_fd_sc_hd__or2_1)
     2    0.01                           _07_ (net)
                  0.04    0.00    0.26 v _45_/A2 (sky130_fd_sc_hd__a21bo_1)
                  0.05    0.16    0.42 v _45_/X (sky130_fd_sc_hd__a21bo_1)
     3    0.01                           _09_ (net)
                  0.05    0.00    0.43 v _77_/B (sky130_fd_sc_hd__xor2_1)
                  0.12    0.13    0.55 ^ _77_/X (sky130_fd_sc_hd__xor2_1)
     1    0.01                           net20 (net)
                  0.12    0.00    0.55 ^ output20/A (sky130_fd_sc_hd__buf_2)
                  0.13    0.17    0.72 ^ output20/X (sky130_fd_sc_hd__buf_2)
     1    0.03                           sum[1] (net)
                  0.13    0.00    0.72 ^ sum[1] (out)
                                  0.72   data arrival time

                  0.00    3.50    3.50   clock clk (rise edge)
                          0.00    3.50   clock network delay (ideal)
                         -0.25    3.25   clock uncertainty
                          0.00    3.25   clock reconvergence pessimism
                          0.00    3.25   output external delay
                                  3.25   data required time
-----------------------------------------------------------------------------
                                  3.25   data required time
                                 -0.72   data arrival time
-----------------------------------------------------------------------------
                                  2.53   slack (MET)


Startpoint: b[0] (input port clocked by clk)
Endpoint: sum[0] (output port clocked by clk)
Path Group: clk
Path Type: max
Corner: ff

Fanout     Cap    Slew   Delay    Time   Description
-----------------------------------------------------------------------------
                  0.00    0.00    0.00   clock clk (rise edge)
                          0.00    0.00   clock network delay (ideal)
                          0.00    0.00 v input external delay
                  0.00    0.00    0.00 v b[0] (in)
     1    0.00                           b[0] (net)
                  0.00    0.00    0.00 v input9/A (sky130_fd_sc_hd__dlymetal6s2s_1)
                  0.05    0.11    0.11 v input9/X (sky130_fd_sc_hd__dlymetal6s2s_1)
     2    0.01                           net9 (net)
                  0.05    0.00    0.11 v _43_/A (sky130_fd_sc_hd__or2_1)
                  0.04    0.16    0.26 v _43_/X (sky130_fd_sc_hd__or2_1)
     2    0.01                           _07_ (net)
                  0.04    0.00    0.26 v _75_/B (sky130_fd_sc_hd__nand2_1)
                  0.05    0.06    0.33 ^ _75_/Y (sky130_fd_sc_hd__nand2_1)
     1    0.01                           _34_ (net)
                  0.05    0.00    0.33 ^ _76_/B (sky130_fd_sc_hd__xnor2_1)
                  0.10    0.08    0.41 ^ _76_/Y (sky130_fd_sc_hd__xnor2_1)
     1    0.00                           net19 (net)
                  0.10    0.00    0.41 ^ output19/A (sky130_fd_sc_hd__buf_2)
                  0.13    0.16    0.57 ^ output19/X (sky130_fd_sc_hd__buf_2)
     1    0.03                           sum[0] (net)
                  0.13    0.00    0.57 ^ sum[0] (out)
                                  0.57   data arrival time

                  0.00    3.50    3.50   clock clk (rise edge)
                          0.00    3.50   clock network delay (ideal)
                         -0.25    3.25   clock uncertainty
                          0.00    3.25   clock reconvergence pessimism
                          0.00    3.25   output external delay
                                  3.25   data required time
-----------------------------------------------------------------------------
                                  3.25   data required time
                                 -0.57   data arrival time
-----------------------------------------------------------------------------
                                  2.68   slack (MET)


