
===========================================================================
report_checks -unconstrained
============================================================================

======================= Slowest Corner ===================================

Startpoint: b[0] (input port clocked by clk)
Endpoint: sum[4] (output port clocked by clk)
Path Group: clk
Path Type: max
Corner: ss

Fanout     Cap    Slew   Delay    Time   Description
-----------------------------------------------------------------------------
                  0.00    0.00    0.00   clock clk (rise edge)
                          0.00    0.00   clock network delay (ideal)
                          0.00    0.00 v input external delay
                  0.02    0.01    0.01 v b[0] (in)
     1    0.00                           b[0] (net)
                  0.02    0.00    0.01 v input9/A (sky130_fd_sc_hd__dlymetal6s2s_1)
                  0.14    0.34    0.35 v input9/X (sky130_fd_sc_hd__dlymetal6s2s_1)
     2    0.01                           net9 (net)
                  0.14    0.00    0.35 v _43_/A (sky130_fd_sc_hd__or2_1)
                  0.12    0.58    0.93 v _43_/X (sky130_fd_sc_hd__or2_1)
     2    0.01                           _07_ (net)
                  0.12    0.00    0.93 v _45_/A2 (sky130_fd_sc_hd__a21bo_1)
                  0.14    0.46    1.39 v _45_/X (sky130_fd_sc_hd__a21bo_1)
     3    0.01                           _09_ (net)
                  0.14    0.00    1.39 v _50_/A2 (sky130_fd_sc_hd__a311o_1)
                  0.14    0.70    2.10 v _50_/X (sky130_fd_sc_hd__a311o_1)
     2    0.01                           _14_ (net)
                  0.14    0.00    2.10 v _51_/A (sky130_fd_sc_hd__dlymetal6s2s_1)
                  0.18    0.43    2.53 v _51_/X (sky130_fd_sc_hd__dlymetal6s2s_1)
     4    0.02                           _15_ (net)
                  0.18    0.00    2.53 v _52_/A2 (sky130_fd_sc_hd__a21oi_1)
                  0.24    0.35    2.87 ^ _52_/Y (sky130_fd_sc_hd__a21oi_1)
     1    0.01                           _16_ (net)
                  0.24    0.00    2.87 ^ _53_/B (sky130_fd_sc_hd__xnor2_1)
                  0.28    0.31    3.18 ^ _53_/Y (sky130_fd_sc_hd__xnor2_1)
     1    0.01                           net23 (net)
                  0.28    0.00    3.18 ^ output23/A (sky130_fd_sc_hd__buf_2)
                  0.27    0.46    3.64 ^ output23/X (sky130_fd_sc_hd__buf_2)
     1    0.03                           sum[4] (net)
                  0.27    0.00    3.64 ^ sum[4] (out)
                                  3.64   data arrival time

                  0.00    3.50    3.50   clock clk (rise edge)
                          0.00    3.50   clock network delay (ideal)
                         -0.25    3.25   clock uncertainty
                          0.00    3.25   clock reconvergence pessimism
                          0.00    3.25   output external delay
                                  3.25   data required time
-----------------------------------------------------------------------------
                                  3.25   data required time
                                 -3.64   data arrival time
-----------------------------------------------------------------------------
                                 -0.39   slack (VIOLATED)



======================= Typical Corner ===================================

Startpoint: b[0] (input port clocked by clk)
Endpoint: sum[4] (output port clocked by clk)
Path Group: clk
Path Type: max
Corner: tt

Fanout     Cap    Slew   Delay    Time   Description
-----------------------------------------------------------------------------
                  0.00    0.00    0.00   clock clk (rise edge)
                          0.00    0.00   clock network delay (ideal)
                          0.00    0.00 v input external delay
                  0.01    0.00    0.00 v b[0] (in)
     1    0.00                           b[0] (net)
                  0.01    0.00    0.00 v input9/A (sky130_fd_sc_hd__dlymetal6s2s_1)
                  0.07    0.16    0.17 v input9/X (sky130_fd_sc_hd__dlymetal6s2s_1)
     2    0.01                           net9 (net)
                  0.07    0.00    0.17 v _43_/A (sky130_fd_sc_hd__or2_1)
                  0.06    0.26    0.43 v _43_/X (sky130_fd_sc_hd__or2_1)
     2    0.01                           _07_ (net)
                  0.06    0.00    0.43 v _45_/A2 (sky130_fd_sc_hd__a21bo_1)
                  0.07    0.25    0.67 v _45_/X (sky130_fd_sc_hd__a21bo_1)
     3    0.01                           _09_ (net)
                  0.07    0.00    0.67 v _50_/A2 (sky130_fd_sc_hd__a311o_1)
                  0.08    0.37    1.04 v _50_/X (sky130_fd_sc_hd__a311o_1)
     2    0.01                           _14_ (net)
                  0.08    0.00    1.04 v _51_/A (sky130_fd_sc_hd__dlymetal6s2s_1)
                  0.09    0.21    1.25 v _51_/X (sky130_fd_sc_hd__dlymetal6s2s_1)
     4    0.02                           _15_ (net)
                  0.09    0.00    1.25 v _52_/A2 (sky130_fd_sc_hd__a21oi_1)
                  0.15    0.20    1.45 ^ _52_/Y (sky130_fd_sc_hd__a21oi_1)
     1    0.01                           _16_ (net)
                  0.15    0.00    1.45 ^ _53_/B (sky130_fd_sc_hd__xnor2_1)
                  0.17    0.16    1.61 ^ _53_/Y (sky130_fd_sc_hd__xnor2_1)
     1    0.01                           net23 (net)
                  0.17    0.00    1.61 ^ output23/A (sky130_fd_sc_hd__buf_2)
                  0.17    0.25    1.87 ^ output23/X (sky130_fd_sc_hd__buf_2)
     1    0.03                           sum[4] (net)
                  0.17    0.00    1.87 ^ sum[4] (out)
                                  1.87   data arrival time

                  0.00    3.50    3.50   clock clk (rise edge)
                          0.00    3.50   clock network delay (ideal)
                         -0.25    3.25   clock uncertainty
                          0.00    3.25   clock reconvergence pessimism
                          0.00    3.25   output external delay
                                  3.25   data required time
-----------------------------------------------------------------------------
                                  3.25   data required time
                                 -1.87   data arrival time
-----------------------------------------------------------------------------
                                  1.38   slack (MET)



======================= Fastest Corner ===================================

Startpoint: b[0] (input port clocked by clk)
Endpoint: sum[4] (output port clocked by clk)
Path Group: clk
Path Type: max
Corner: ff

Fanout     Cap    Slew   Delay    Time   Description
-----------------------------------------------------------------------------
                  0.00    0.00    0.00   clock clk (rise edge)
                          0.00    0.00   clock network delay (ideal)
                          0.00    0.00 v input external delay
                  0.00    0.00    0.00 v b[0] (in)
     1    0.00                           b[0] (net)
                  0.00    0.00    0.00 v input9/A (sky130_fd_sc_hd__dlymetal6s2s_1)
                  0.05    0.11    0.11 v input9/X (sky130_fd_sc_hd__dlymetal6s2s_1)
     2    0.01                           net9 (net)
                  0.05    0.00    0.11 v _43_/A (sky130_fd_sc_hd__or2_1)
                  0.04    0.16    0.26 v _43_/X (sky130_fd_sc_hd__or2_1)
     2    0.01                           _07_ (net)
                  0.04    0.00    0.26 v _45_/A2 (sky130_fd_sc_hd__a21bo_1)
                  0.05    0.16    0.42 v _45_/X (sky130_fd_sc_hd__a21bo_1)
     3    0.01                           _09_ (net)
                  0.05    0.00    0.43 v _50_/A2 (sky130_fd_sc_hd__a311o_1)
                  0.06    0.23    0.66 v _50_/X (sky130_fd_sc_hd__a311o_1)
     2    0.01                           _14_ (net)
                  0.06    0.00    0.66 v _51_/A (sky130_fd_sc_hd__dlymetal6s2s_1)
                  0.06    0.14    0.79 v _51_/X (sky130_fd_sc_hd__dlymetal6s2s_1)
     4    0.02                           _15_ (net)
                  0.06    0.00    0.79 v _52_/A2 (sky130_fd_sc_hd__a21oi_1)
                  0.11    0.14    0.93 ^ _52_/Y (sky130_fd_sc_hd__a21oi_1)
     1    0.01                           _16_ (net)
                  0.11    0.00    0.93 ^ _53_/B (sky130_fd_sc_hd__xnor2_1)
                  0.12    0.10    1.03 ^ _53_/Y (sky130_fd_sc_hd__xnor2_1)
     1    0.01                           net23 (net)
                  0.12    0.00    1.03 ^ output23/A (sky130_fd_sc_hd__buf_2)
                  0.13    0.17    1.20 ^ output23/X (sky130_fd_sc_hd__buf_2)
     1    0.03                           sum[4] (net)
                  0.13    0.00    1.20 ^ sum[4] (out)
                                  1.20   data arrival time

                  0.00    3.50    3.50   clock clk (rise edge)
                          0.00    3.50   clock network delay (ideal)
                         -0.25    3.25   clock uncertainty
                          0.00    3.25   clock reconvergence pessimism
                          0.00    3.25   output external delay
                                  3.25   data required time
-----------------------------------------------------------------------------
                                  3.25   data required time
                                 -1.20   data arrival time
-----------------------------------------------------------------------------
                                  2.05   slack (MET)



===========================================================================
report_checks --slack_max -0.01
============================================================================

======================= Slowest Corner ===================================

Startpoint: b[0] (input port clocked by clk)
Endpoint: sum[4] (output port clocked by clk)
Path Group: clk
Path Type: max
Corner: ss

Fanout     Cap    Slew   Delay    Time   Description
-----------------------------------------------------------------------------
                  0.00    0.00    0.00   clock clk (rise edge)
                          0.00    0.00   clock network delay (ideal)
                          0.00    0.00 v input external delay
                  0.02    0.01    0.01 v b[0] (in)
     1    0.00                           b[0] (net)
                  0.02    0.00    0.01 v input9/A (sky130_fd_sc_hd__dlymetal6s2s_1)
                  0.14    0.34    0.35 v input9/X (sky130_fd_sc_hd__dlymetal6s2s_1)
     2    0.01                           net9 (net)
                  0.14    0.00    0.35 v _43_/A (sky130_fd_sc_hd__or2_1)
                  0.12    0.58    0.93 v _43_/X (sky130_fd_sc_hd__or2_1)
     2    0.01                           _07_ (net)
                  0.12    0.00    0.93 v _45_/A2 (sky130_fd_sc_hd__a21bo_1)
                  0.14    0.46    1.39 v _45_/X (sky130_fd_sc_hd__a21bo_1)
     3    0.01                           _09_ (net)
                  0.14    0.00    1.39 v _50_/A2 (sky130_fd_sc_hd__a311o_1)
                  0.14    0.70    2.10 v _50_/X (sky130_fd_sc_hd__a311o_1)
     2    0.01                           _14_ (net)
                  0.14    0.00    2.10 v _51_/A (sky130_fd_sc_hd__dlymetal6s2s_1)
                  0.18    0.43    2.53 v _51_/X (sky130_fd_sc_hd__dlymetal6s2s_1)
     4    0.02                           _15_ (net)
                  0.18    0.00    2.53 v _52_/A2 (sky130_fd_sc_hd__a21oi_1)
                  0.24    0.35    2.87 ^ _52_/Y (sky130_fd_sc_hd__a21oi_1)
     1    0.01                           _16_ (net)
                  0.24    0.00    2.87 ^ _53_/B (sky130_fd_sc_hd__xnor2_1)
                  0.28    0.31    3.18 ^ _53_/Y (sky130_fd_sc_hd__xnor2_1)
     1    0.01                           net23 (net)
                  0.28    0.00    3.18 ^ output23/A (sky130_fd_sc_hd__buf_2)
                  0.27    0.46    3.64 ^ output23/X (sky130_fd_sc_hd__buf_2)
     1    0.03                           sum[4] (net)
                  0.27    0.00    3.64 ^ sum[4] (out)
                                  3.64   data arrival time

                  0.00    3.50    3.50   clock clk (rise edge)
                          0.00    3.50   clock network delay (ideal)
                         -0.25    3.25   clock uncertainty
                          0.00    3.25   clock reconvergence pessimism
                          0.00    3.25   output external delay
                                  3.25   data required time
-----------------------------------------------------------------------------
                                  3.25   data required time
                                 -3.64   data arrival time
-----------------------------------------------------------------------------
                                 -0.39   slack (VIOLATED)



======================= Typical Corner ===================================

No paths found.

======================= Fastest Corner ===================================

No paths found.
