
===========================================================================
report_checks -path_delay max (Setup)
============================================================================
Startpoint: b[0] (input port clocked by clk)
Endpoint: sum[7] (output port clocked by clk)
Path Group: clk
Path Type: max

Fanout     Cap    Slew   Delay    Time   Description
-----------------------------------------------------------------------------
                  0.00    0.00    0.00   clock clk (rise edge)
                          0.00    0.00   clock network delay (ideal)
                          0.00    0.00 v input external delay
                  0.02    0.01    0.01 v b[0] (in)
     1    0.01                           b[0] (net)
                  0.02    0.00    0.01 v input9/A (sky130_fd_sc_hs__buf_8)
                  0.02    0.08    0.10 v input9/X (sky130_fd_sc_hs__buf_8)
     2    0.01                           net9 (net)
                  0.02    0.00    0.10 v _33_/A (sky130_fd_sc_hs__xor2_1)
                  0.05    0.12    0.22 v _33_/X (sky130_fd_sc_hs__xor2_1)
     2    0.01                           _06_ (net)
                  0.05    0.00    0.22 v _35_/A2 (sky130_fd_sc_hs__a21o_1)
                  0.04    0.16    0.37 v _35_/X (sky130_fd_sc_hs__a21o_1)
     2    0.01                           _08_ (net)
                  0.04    0.00    0.37 v _38_/A1 (sky130_fd_sc_hs__a21o_1)
                  0.05    0.15    0.52 v _38_/X (sky130_fd_sc_hs__a21o_1)
     3    0.01                           _11_ (net)
                  0.05    0.00    0.52 v _40_/B2 (sky130_fd_sc_hs__a221o_1)
                  0.07    0.27    0.79 v _40_/X (sky130_fd_sc_hs__a221o_1)
     3    0.01                           _13_ (net)
                  0.07    0.00    0.79 v _42_/A3 (sky130_fd_sc_hs__a31o_1)
                  0.04    0.18    0.98 v _42_/X (sky130_fd_sc_hs__a31o_1)
     2    0.01                           _15_ (net)
                  0.04    0.00    0.98 v _44_/A3 (sky130_fd_sc_hs__a31o_1)
                  0.06    0.20    1.18 v _44_/X (sky130_fd_sc_hs__a31o_1)
     2    0.01                           _17_ (net)
                  0.06    0.00    1.18 v _62_/A (sky130_fd_sc_hs__xor2_1)
                  0.12    0.14    1.32 ^ _62_/X (sky130_fd_sc_hs__xor2_1)
     1    0.00                           net26 (net)
                  0.12    0.00    1.32 ^ output26/A (sky130_fd_sc_hs__buf_4)
                  0.10    0.17    1.49 ^ output26/X (sky130_fd_sc_hs__buf_4)
     1    0.04                           sum[7] (net)
                  0.10    0.00    1.49 ^ sum[7] (out)
                                  1.49   data arrival time

                  0.00    1.00    1.00   clock clk (rise edge)
                          0.00    1.00   clock network delay (ideal)
                         -0.25    0.75   clock uncertainty
                          0.00    0.75   clock reconvergence pessimism
                          0.00    0.75   output external delay
                                  0.75   data required time
-----------------------------------------------------------------------------
                                  0.75   data required time
                                 -1.49   data arrival time
-----------------------------------------------------------------------------
                                 -0.74   slack (VIOLATED)


Startpoint: b[0] (input port clocked by clk)
Endpoint: sum[6] (output port clocked by clk)
Path Group: clk
Path Type: max

Fanout     Cap    Slew   Delay    Time   Description
-----------------------------------------------------------------------------
                  0.00    0.00    0.00   clock clk (rise edge)
                          0.00    0.00   clock network delay (ideal)
                          0.00    0.00 v input external delay
                  0.02    0.01    0.01 v b[0] (in)
     1    0.01                           b[0] (net)
                  0.02    0.00    0.01 v input9/A (sky130_fd_sc_hs__buf_8)
                  0.02    0.08    0.10 v input9/X (sky130_fd_sc_hs__buf_8)
     2    0.01                           net9 (net)
                  0.02    0.00    0.10 v _33_/A (sky130_fd_sc_hs__xor2_1)
                  0.05    0.12    0.22 v _33_/X (sky130_fd_sc_hs__xor2_1)
     2    0.01                           _06_ (net)
                  0.05    0.00    0.22 v _35_/A2 (sky130_fd_sc_hs__a21o_1)
                  0.04    0.16    0.37 v _35_/X (sky130_fd_sc_hs__a21o_1)
     2    0.01                           _08_ (net)
                  0.04    0.00    0.37 v _38_/A1 (sky130_fd_sc_hs__a21o_1)
                  0.05    0.15    0.52 v _38_/X (sky130_fd_sc_hs__a21o_1)
     3    0.01                           _11_ (net)
                  0.05    0.00    0.52 v _40_/B2 (sky130_fd_sc_hs__a221o_1)
                  0.07    0.27    0.79 v _40_/X (sky130_fd_sc_hs__a221o_1)
     3    0.01                           _13_ (net)
                  0.07    0.00    0.79 v _42_/A3 (sky130_fd_sc_hs__a31o_1)
                  0.04    0.18    0.98 v _42_/X (sky130_fd_sc_hs__a31o_1)
     2    0.01                           _15_ (net)
                  0.04    0.00    0.98 v rebuffer6/A (sky130_fd_sc_hs__clkbuf_2)
                  0.03    0.09    1.07 v rebuffer6/X (sky130_fd_sc_hs__clkbuf_2)
     1    0.01                           net32 (net)
                  0.03    0.00    1.07 v _58_/B (sky130_fd_sc_hs__and2_1)
                  0.04    0.10    1.17 v _58_/X (sky130_fd_sc_hs__and2_1)
     1    0.01                           _24_ (net)
                  0.04    0.00    1.17 v _60_/A (sky130_fd_sc_hs__xor2_1)
                  0.09    0.12    1.29 ^ _60_/X (sky130_fd_sc_hs__xor2_1)
     1    0.00                           net25 (net)
                  0.09    0.00    1.29 ^ output25/A (sky130_fd_sc_hs__clkbuf_4)
                  0.10    0.18    1.47 ^ output25/X (sky130_fd_sc_hs__clkbuf_4)
     1    0.04                           sum[6] (net)
                  0.10    0.00    1.47 ^ sum[6] (out)
                                  1.47   data arrival time

                  0.00    1.00    1.00   clock clk (rise edge)
                          0.00    1.00   clock network delay (ideal)
                         -0.25    0.75   clock uncertainty
                          0.00    0.75   clock reconvergence pessimism
                          0.00    0.75   output external delay
                                  0.75   data required time
-----------------------------------------------------------------------------
                                  0.75   data required time
                                 -1.47   data arrival time
-----------------------------------------------------------------------------
                                 -0.72   slack (VIOLATED)


Startpoint: b[0] (input port clocked by clk)
Endpoint: cout (output port clocked by clk)
Path Group: clk
Path Type: max

Fanout     Cap    Slew   Delay    Time   Description
-----------------------------------------------------------------------------
                  0.00    0.00    0.00   clock clk (rise edge)
                          0.00    0.00   clock network delay (ideal)
                          0.00    0.00 v input external delay
                  0.02    0.01    0.01 v b[0] (in)
     1    0.01                           b[0] (net)
                  0.02    0.00    0.01 v input9/A (sky130_fd_sc_hs__buf_8)
                  0.02    0.08    0.10 v input9/X (sky130_fd_sc_hs__buf_8)
     2    0.01                           net9 (net)
                  0.02    0.00    0.10 v _33_/A (sky130_fd_sc_hs__xor2_1)
                  0.05    0.12    0.22 v _33_/X (sky130_fd_sc_hs__xor2_1)
     2    0.01                           _06_ (net)
                  0.05    0.00    0.22 v _35_/A2 (sky130_fd_sc_hs__a21o_1)
                  0.04    0.16    0.37 v _35_/X (sky130_fd_sc_hs__a21o_1)
     2    0.01                           _08_ (net)
                  0.04    0.00    0.37 v _38_/A1 (sky130_fd_sc_hs__a21o_1)
                  0.05    0.15    0.52 v _38_/X (sky130_fd_sc_hs__a21o_1)
     3    0.01                           _11_ (net)
                  0.05    0.00    0.52 v _40_/B2 (sky130_fd_sc_hs__a221o_1)
                  0.07    0.27    0.79 v _40_/X (sky130_fd_sc_hs__a221o_1)
     3    0.01                           _13_ (net)
                  0.07    0.00    0.79 v _42_/A3 (sky130_fd_sc_hs__a31o_1)
                  0.04    0.18    0.98 v _42_/X (sky130_fd_sc_hs__a31o_1)
     2    0.01                           _15_ (net)
                  0.04    0.00    0.98 v _44_/A3 (sky130_fd_sc_hs__a31o_1)
                  0.06    0.20    1.18 v _44_/X (sky130_fd_sc_hs__a31o_1)
     2    0.01                           _17_ (net)
                  0.06    0.00    1.18 v _46_/A2 (sky130_fd_sc_hs__a21o_1)
                  0.04    0.16    1.34 v _46_/X (sky130_fd_sc_hs__a21o_1)
     1    0.01                           net18 (net)
                  0.04    0.00    1.34 v output18/A (sky130_fd_sc_hs__buf_4)
                  0.05    0.13    1.47 v output18/X (sky130_fd_sc_hs__buf_4)
     1    0.04                           cout (net)
                  0.05    0.00    1.47 v cout (out)
                                  1.47   data arrival time

                  0.00    1.00    1.00   clock clk (rise edge)
                          0.00    1.00   clock network delay (ideal)
                         -0.25    0.75   clock uncertainty
                          0.00    0.75   clock reconvergence pessimism
                          0.00    0.75   output external delay
                                  0.75   data required time
-----------------------------------------------------------------------------
                                  0.75   data required time
                                 -1.47   data arrival time
-----------------------------------------------------------------------------
                                 -0.72   slack (VIOLATED)


Startpoint: b[0] (input port clocked by clk)
Endpoint: sum[4] (output port clocked by clk)
Path Group: clk
Path Type: max

Fanout     Cap    Slew   Delay    Time   Description
-----------------------------------------------------------------------------
                  0.00    0.00    0.00   clock clk (rise edge)
                          0.00    0.00   clock network delay (ideal)
                          0.00    0.00 v input external delay
                  0.02    0.01    0.01 v b[0] (in)
     1    0.01                           b[0] (net)
                  0.02    0.00    0.01 v input9/A (sky130_fd_sc_hs__buf_8)
                  0.02    0.08    0.10 v input9/X (sky130_fd_sc_hs__buf_8)
     2    0.01                           net9 (net)
                  0.02    0.00    0.10 v _33_/A (sky130_fd_sc_hs__xor2_1)
                  0.05    0.12    0.22 v _33_/X (sky130_fd_sc_hs__xor2_1)
     2    0.01                           _06_ (net)
                  0.05    0.00    0.22 v _35_/A2 (sky130_fd_sc_hs__a21o_1)
                  0.04    0.16    0.37 v _35_/X (sky130_fd_sc_hs__a21o_1)
     2    0.01                           _08_ (net)
                  0.04    0.00    0.37 v _38_/A1 (sky130_fd_sc_hs__a21o_1)
                  0.05    0.15    0.52 v _38_/X (sky130_fd_sc_hs__a21o_1)
     3    0.01                           _11_ (net)
                  0.05    0.00    0.52 v _40_/B2 (sky130_fd_sc_hs__a221o_1)
                  0.07    0.27    0.79 v _40_/X (sky130_fd_sc_hs__a221o_1)
     3    0.01                           _13_ (net)
                  0.07    0.00    0.79 v rebuffer2/A (sky130_fd_sc_hs__dlygate4sd2_1)
                  0.03    0.25    1.04 v rebuffer2/X (sky130_fd_sc_hs__dlygate4sd2_1)
     1    0.01                           net28 (net)
                  0.03    0.00    1.04 v _53_/B (sky130_fd_sc_hs__and2_1)
                  0.03    0.09    1.14 v _53_/X (sky130_fd_sc_hs__and2_1)
     1    0.01                           _21_ (net)
                  0.03    0.00    1.14 v _54_/B (sky130_fd_sc_hs__xor2_1)
                  0.10    0.10    1.24 ^ _54_/X (sky130_fd_sc_hs__xor2_1)
     1    0.00                           net23 (net)
                  0.10    0.00    1.24 ^ output23/A (sky130_fd_sc_hs__clkbuf_4)
                  0.10    0.18    1.42 ^ output23/X (sky130_fd_sc_hs__clkbuf_4)
     1    0.04                           sum[4] (net)
                  0.10    0.00    1.42 ^ sum[4] (out)
                                  1.42   data arrival time

                  0.00    1.00    1.00   clock clk (rise edge)
                          0.00    1.00   clock network delay (ideal)
                         -0.25    0.75   clock uncertainty
                          0.00    0.75   clock reconvergence pessimism
                          0.00    0.75   output external delay
                                  0.75   data required time
-----------------------------------------------------------------------------
                                  0.75   data required time
                                 -1.42   data arrival time
-----------------------------------------------------------------------------
                                 -0.67   slack (VIOLATED)


Startpoint: b[0] (input port clocked by clk)
Endpoint: sum[5] (output port clocked by clk)
Path Group: clk
Path Type: max

Fanout     Cap    Slew   Delay    Time   Description
-----------------------------------------------------------------------------
                  0.00    0.00    0.00   clock clk (rise edge)
                          0.00    0.00   clock network delay (ideal)
                          0.00    0.00 v input external delay
                  0.02    0.01    0.01 v b[0] (in)
     1    0.01                           b[0] (net)
                  0.02    0.00    0.01 v input9/A (sky130_fd_sc_hs__buf_8)
                  0.02    0.08    0.10 v input9/X (sky130_fd_sc_hs__buf_8)
     2    0.01                           net9 (net)
                  0.02    0.00    0.10 v _33_/A (sky130_fd_sc_hs__xor2_1)
                  0.05    0.12    0.22 v _33_/X (sky130_fd_sc_hs__xor2_1)
     2    0.01                           _06_ (net)
                  0.05    0.00    0.22 v _35_/A2 (sky130_fd_sc_hs__a21o_1)
                  0.04    0.16    0.37 v _35_/X (sky130_fd_sc_hs__a21o_1)
     2    0.01                           _08_ (net)
                  0.04    0.00    0.37 v _38_/A1 (sky130_fd_sc_hs__a21o_1)
                  0.05    0.15    0.52 v _38_/X (sky130_fd_sc_hs__a21o_1)
     3    0.01                           _11_ (net)
                  0.05    0.00    0.52 v _40_/B2 (sky130_fd_sc_hs__a221o_1)
                  0.07    0.27    0.79 v _40_/X (sky130_fd_sc_hs__a221o_1)
     3    0.01                           _13_ (net)
                  0.07    0.00    0.79 v rebuffer1/A (sky130_fd_sc_hs__dlymetal6s2s_1)
                  0.03    0.12    0.91 v rebuffer1/X (sky130_fd_sc_hs__dlymetal6s2s_1)
     1    0.00                           net27 (net)
                  0.03    0.00    0.91 v _56_/A3 (sky130_fd_sc_hs__a32o_1)
                  0.05    0.21    1.12 v _56_/X (sky130_fd_sc_hs__a32o_1)
     1    0.01                           _23_ (net)
                  0.05    0.00    1.12 v _57_/B (sky130_fd_sc_hs__xor2_1)
                  0.10    0.10    1.23 ^ _57_/X (sky130_fd_sc_hs__xor2_1)
     1    0.00                           net24 (net)
                  0.10    0.00    1.23 ^ output24/A (sky130_fd_sc_hs__clkbuf_4)
                  0.10    0.18    1.41 ^ output24/X (sky130_fd_sc_hs__clkbuf_4)
     1    0.04                           sum[5] (net)
                  0.10    0.00    1.41 ^ sum[5] (out)
                                  1.41   data arrival time

                  0.00    1.00    1.00   clock clk (rise edge)
                          0.00    1.00   clock network delay (ideal)
                         -0.25    0.75   clock uncertainty
                          0.00    0.75   clock reconvergence pessimism
                          0.00    0.75   output external delay
                                  0.75   data required time
-----------------------------------------------------------------------------
                                  0.75   data required time
                                 -1.41   data arrival time
-----------------------------------------------------------------------------
                                 -0.66   slack (VIOLATED)


