
===========================================================================
report_checks -unconstrained
============================================================================
Startpoint: b[1] (input port clocked by clk)
Endpoint: sum[7] (output port clocked by clk)
Path Group: clk
Path Type: max

Fanout     Cap    Slew   Delay    Time   Description
-----------------------------------------------------------------------------
                  0.00    0.00    0.00   clock clk (rise edge)
                          0.00    0.00   clock network delay (ideal)
                          0.00    0.00 ^ input external delay
                  0.03    0.02    0.02 ^ b[1] (in)
     1    0.01                           b[1] (net)
                  0.03    0.00    0.02 ^ input10/A (sky130_fd_sc_hd__clkbuf_1)
                  0.15    0.16    0.18 ^ input10/X (sky130_fd_sc_hd__clkbuf_1)
     2    0.01                           net10 (net)
                  0.15    0.00    0.18 ^ ppa_pre_2_0.U1.xor2/B (sky130_fd_sc_hd__xor2_2)
                  0.17    0.20    0.39 ^ ppa_pre_2_0.U1.xor2/X (sky130_fd_sc_hd__xor2_2)
     4    0.01                           ppa_black_2_1.U1.A (net)
                  0.17    0.00    0.39 ^ ppa_black_3_1.U1.and2/B (sky130_fd_sc_hd__and2_1)
                  0.08    0.18    0.57 ^ ppa_black_3_1.U1.and2/X (sky130_fd_sc_hd__and2_1)
     2    0.01                           ppa_black_3_1.U1.Y (net)
                  0.08    0.00    0.57 ^ ppa_grey_3_2.U1.ao21/A2 (sky130_fd_sc_hd__a21o_1)
                  0.07    0.15    0.72 ^ ppa_grey_3_2.U1.ao21/X (sky130_fd_sc_hd__a21o_1)
     2    0.01                           ppa_grey_3_2.U1.Y (net)
                  0.07    0.00    0.72 ^ ppa_grey_7_3.U1.ao21/A1 (sky130_fd_sc_hd__a21o_1)
                  0.09    0.15    0.87 ^ ppa_grey_7_3.U1.ao21/X (sky130_fd_sc_hd__a21o_1)
     2    0.01                           ppa_grey_7_3.U1.Y (net)
                  0.09    0.00    0.87 ^ ppa_post_7_4.U1.xor2/B (sky130_fd_sc_hd__xor2_1)
                  0.12    0.16    1.03 ^ ppa_post_7_4.U1.xor2/X (sky130_fd_sc_hd__xor2_1)
     1    0.00                           ppa_post_7_4.U1.Y (net)
                  0.12    0.00    1.03 ^ _7_/A (sky130_fd_sc_hd__clkbuf_1)
                  0.08    0.13    1.16 ^ _7_/X (sky130_fd_sc_hd__clkbuf_1)
     1    0.01                           net26 (net)
                  0.08    0.00    1.16 ^ output26/A (sky130_fd_sc_hd__buf_6)
                  0.08    0.15    1.31 ^ output26/X (sky130_fd_sc_hd__buf_6)
     1    0.03                           sum[7] (net)
                  0.08    0.00    1.31 ^ sum[7] (out)
                                  1.31   data arrival time

                  0.00    1.00    1.00   clock clk (rise edge)
                          0.00    1.00   clock network delay (ideal)
                         -0.25    0.75   clock uncertainty
                          0.00    0.75   clock reconvergence pessimism
                          0.00    0.75   output external delay
                                  0.75   data required time
-----------------------------------------------------------------------------
                                  0.75   data required time
                                 -1.31   data arrival time
-----------------------------------------------------------------------------
                                 -0.56   slack (VIOLATED)



===========================================================================
report_checks --slack_max -0.01
============================================================================
Startpoint: b[1] (input port clocked by clk)
Endpoint: sum[7] (output port clocked by clk)
Path Group: clk
Path Type: max

Fanout     Cap    Slew   Delay    Time   Description
-----------------------------------------------------------------------------
                  0.00    0.00    0.00   clock clk (rise edge)
                          0.00    0.00   clock network delay (ideal)
                          0.00    0.00 ^ input external delay
                  0.03    0.02    0.02 ^ b[1] (in)
     1    0.01                           b[1] (net)
                  0.03    0.00    0.02 ^ input10/A (sky130_fd_sc_hd__clkbuf_1)
                  0.15    0.16    0.18 ^ input10/X (sky130_fd_sc_hd__clkbuf_1)
     2    0.01                           net10 (net)
                  0.15    0.00    0.18 ^ ppa_pre_2_0.U1.xor2/B (sky130_fd_sc_hd__xor2_2)
                  0.17    0.20    0.39 ^ ppa_pre_2_0.U1.xor2/X (sky130_fd_sc_hd__xor2_2)
     4    0.01                           ppa_black_2_1.U1.A (net)
                  0.17    0.00    0.39 ^ ppa_black_3_1.U1.and2/B (sky130_fd_sc_hd__and2_1)
                  0.08    0.18    0.57 ^ ppa_black_3_1.U1.and2/X (sky130_fd_sc_hd__and2_1)
     2    0.01                           ppa_black_3_1.U1.Y (net)
                  0.08    0.00    0.57 ^ ppa_grey_3_2.U1.ao21/A2 (sky130_fd_sc_hd__a21o_1)
                  0.07    0.15    0.72 ^ ppa_grey_3_2.U1.ao21/X (sky130_fd_sc_hd__a21o_1)
     2    0.01                           ppa_grey_3_2.U1.Y (net)
                  0.07    0.00    0.72 ^ ppa_grey_7_3.U1.ao21/A1 (sky130_fd_sc_hd__a21o_1)
                  0.09    0.15    0.87 ^ ppa_grey_7_3.U1.ao21/X (sky130_fd_sc_hd__a21o_1)
     2    0.01                           ppa_grey_7_3.U1.Y (net)
                  0.09    0.00    0.87 ^ ppa_post_7_4.U1.xor2/B (sky130_fd_sc_hd__xor2_1)
                  0.12    0.16    1.03 ^ ppa_post_7_4.U1.xor2/X (sky130_fd_sc_hd__xor2_1)
     1    0.00                           ppa_post_7_4.U1.Y (net)
                  0.12    0.00    1.03 ^ _7_/A (sky130_fd_sc_hd__clkbuf_1)
                  0.08    0.13    1.16 ^ _7_/X (sky130_fd_sc_hd__clkbuf_1)
     1    0.01                           net26 (net)
                  0.08    0.00    1.16 ^ output26/A (sky130_fd_sc_hd__buf_6)
                  0.08    0.15    1.31 ^ output26/X (sky130_fd_sc_hd__buf_6)
     1    0.03                           sum[7] (net)
                  0.08    0.00    1.31 ^ sum[7] (out)
                                  1.31   data arrival time

                  0.00    1.00    1.00   clock clk (rise edge)
                          0.00    1.00   clock network delay (ideal)
                         -0.25    0.75   clock uncertainty
                          0.00    0.75   clock reconvergence pessimism
                          0.00    0.75   output external delay
                                  0.75   data required time
-----------------------------------------------------------------------------
                                  0.75   data required time
                                 -1.31   data arrival time
-----------------------------------------------------------------------------
                                 -0.56   slack (VIOLATED)


