
===========================================================================
report_checks -path_delay max (Setup)
============================================================================
Startpoint: b[1] (input port clocked by clk)
Endpoint: sum[2] (output port clocked by clk)
Path Group: clk
Path Type: max

Fanout     Cap    Slew   Delay    Time   Description
-----------------------------------------------------------------------------
                  0.00    0.00    0.00   clock clk (rise edge)
                          0.00    0.00   clock network delay (ideal)
                          0.00    0.00 ^ input external delay
                  0.03    0.02    0.02 ^ b[1] (in)
     1    0.01                           b[1] (net)
                  0.03    0.00    0.02 ^ input10/A (sky130_fd_sc_hd__clkbuf_1)
                  0.15    0.16    0.18 ^ input10/X (sky130_fd_sc_hd__clkbuf_1)
     2    0.01                           net10 (net)
                  0.15    0.00    0.18 ^ ppa_pre_2_0.U1.xor2/B (sky130_fd_sc_hd__xor2_2)
                  0.19    0.23    0.41 ^ ppa_pre_2_0.U1.xor2/X (sky130_fd_sc_hd__xor2_2)
     4    0.01                           ppa_black_2_1.U1.A (net)
                  0.19    0.00    0.41 ^ ppa_black_2_1.U1.and2/A (sky130_fd_sc_hd__and2_1)
                  0.09    0.20    0.60 ^ ppa_black_2_1.U1.and2/X (sky130_fd_sc_hd__and2_1)
     2    0.01                           ppa_black_2_1.U1.Y (net)
                  0.09    0.00    0.60 ^ ppa_grey_2_2.U1.ao21/A2 (sky130_fd_sc_hd__a21o_1)
                  0.11    0.18    0.79 ^ ppa_grey_2_2.U1.ao21/X (sky130_fd_sc_hd__a21o_1)
     2    0.01                           ppa_grey_2_2.U1.Y (net)
                  0.11    0.00    0.79 ^ rebuffer12/A (sky130_fd_sc_hd__clkbuf_1)
                  0.09    0.14    0.93 ^ rebuffer12/X (sky130_fd_sc_hd__clkbuf_1)
     1    0.01                           net38 (net)
                  0.09    0.00    0.93 ^ ppa_post_2_4.U1.xor2/B (sky130_fd_sc_hd__xor2_1)
                  0.17    0.20    1.13 ^ ppa_post_2_4.U1.xor2/X (sky130_fd_sc_hd__xor2_1)
     1    0.01                           ppa_post_2_4.U1.Y (net)
                  0.17    0.00    1.13 ^ _2_/A (sky130_fd_sc_hd__clkbuf_1)
                  0.04    0.11    1.24 ^ _2_/X (sky130_fd_sc_hd__clkbuf_1)
     1    0.00                           net21 (net)
                  0.04    0.00    1.24 ^ output21/A (sky130_fd_sc_hd__buf_2)
                  0.17    0.21    1.44 ^ output21/X (sky130_fd_sc_hd__buf_2)
     1    0.03                           sum[2] (net)
                  0.17    0.00    1.44 ^ sum[2] (out)
                                  1.44   data arrival time

                  0.00    1.50    1.50   clock clk (rise edge)
                          0.00    1.50   clock network delay (ideal)
                         -0.25    1.25   clock uncertainty
                          0.00    1.25   clock reconvergence pessimism
                          0.00    1.25   output external delay
                                  1.25   data required time
-----------------------------------------------------------------------------
                                  1.25   data required time
                                 -1.44   data arrival time
-----------------------------------------------------------------------------
                                 -0.19   slack (VIOLATED)


Startpoint: b[0] (input port clocked by clk)
Endpoint: sum[5] (output port clocked by clk)
Path Group: clk
Path Type: max

Fanout     Cap    Slew   Delay    Time   Description
-----------------------------------------------------------------------------
                  0.00    0.00    0.00   clock clk (rise edge)
                          0.00    0.00   clock network delay (ideal)
                          0.00    0.00 ^ input external delay
                  0.03    0.02    0.02 ^ b[0] (in)
     1    0.01                           b[0] (net)
                  0.03    0.00    0.02 ^ input9/A (sky130_fd_sc_hd__clkbuf_2)
                  0.10    0.15    0.17 ^ input9/X (sky130_fd_sc_hd__clkbuf_2)
     2    0.02                           net9 (net)
                  0.10    0.00    0.17 ^ ppa_pre_1_0.U1.xor2/B (sky130_fd_sc_hd__xor2_2)
                  0.16    0.19    0.36 ^ ppa_pre_1_0.U1.xor2/X (sky130_fd_sc_hd__xor2_2)
     3    0.01                           ppa_black_2_1.U1.B (net)
                  0.16    0.00    0.36 ^ ppa_grey_1_1.U1.ao21/A2 (sky130_fd_sc_hd__a21o_1)
                  0.09    0.18    0.54 ^ ppa_grey_1_1.U1.ao21/X (sky130_fd_sc_hd__a21o_1)
     2    0.01                           ppa_buffer_1_2.U2.A (net)
                  0.09    0.00    0.54 ^ rebuffer4/A (sky130_fd_sc_hd__clkbuf_1)
                  0.06    0.11    0.65 ^ rebuffer4/X (sky130_fd_sc_hd__clkbuf_1)
     1    0.00                           net30 (net)
                  0.06    0.00    0.65 ^ ppa_buffer_1_2.U2.buffer/A (sky130_fd_sc_hd__clkbuf_1)
                  0.12    0.14    0.79 ^ ppa_buffer_1_2.U2.buffer/X (sky130_fd_sc_hd__clkbuf_1)
     2    0.01                           ppa_buffer_1_2.U2.Y (net)
                  0.12    0.00    0.79 ^ ppa_grey_5_3.U1.ao21/A1 (sky130_fd_sc_hd__a21o_1)
                  0.08    0.16    0.95 ^ ppa_grey_5_3.U1.ao21/X (sky130_fd_sc_hd__a21o_1)
     1    0.01                           ppa_grey_5_3.U1.Y (net)
                  0.08    0.00    0.95 ^ ppa_post_5_4.U1.xor2/B (sky130_fd_sc_hd__xor2_1)
                  0.14    0.18    1.13 ^ ppa_post_5_4.U1.xor2/X (sky130_fd_sc_hd__xor2_1)
     1    0.00                           ppa_post_5_4.U1.Y (net)
                  0.14    0.00    1.13 ^ _5_/A (sky130_fd_sc_hd__clkbuf_1)
                  0.05    0.11    1.24 ^ _5_/X (sky130_fd_sc_hd__clkbuf_1)
     1    0.00                           net24 (net)
                  0.05    0.00    1.24 ^ output24/A (sky130_fd_sc_hd__clkbuf_4)
                  0.11    0.20    1.44 ^ output24/X (sky130_fd_sc_hd__clkbuf_4)
     1    0.03                           sum[5] (net)
                  0.11    0.00    1.44 ^ sum[5] (out)
                                  1.44   data arrival time

                  0.00    1.50    1.50   clock clk (rise edge)
                          0.00    1.50   clock network delay (ideal)
                         -0.25    1.25   clock uncertainty
                          0.00    1.25   clock reconvergence pessimism
                          0.00    1.25   output external delay
                                  1.25   data required time
-----------------------------------------------------------------------------
                                  1.25   data required time
                                 -1.44   data arrival time
-----------------------------------------------------------------------------
                                 -0.19   slack (VIOLATED)


Startpoint: b[1] (input port clocked by clk)
Endpoint: sum[6] (output port clocked by clk)
Path Group: clk
Path Type: max

Fanout     Cap    Slew   Delay    Time   Description
-----------------------------------------------------------------------------
                  0.00    0.00    0.00   clock clk (rise edge)
                          0.00    0.00   clock network delay (ideal)
                          0.00    0.00 ^ input external delay
                  0.03    0.02    0.02 ^ b[1] (in)
     1    0.01                           b[1] (net)
                  0.03    0.00    0.02 ^ input10/A (sky130_fd_sc_hd__clkbuf_1)
                  0.15    0.16    0.18 ^ input10/X (sky130_fd_sc_hd__clkbuf_1)
     2    0.01                           net10 (net)
                  0.15    0.00    0.18 ^ ppa_pre_2_0.U1.xor2/B (sky130_fd_sc_hd__xor2_2)
                  0.19    0.23    0.41 ^ ppa_pre_2_0.U1.xor2/X (sky130_fd_sc_hd__xor2_2)
     4    0.01                           ppa_black_2_1.U1.A (net)
                  0.19    0.00    0.41 ^ ppa_black_2_1.U1.and2/A (sky130_fd_sc_hd__and2_1)
                  0.09    0.20    0.60 ^ ppa_black_2_1.U1.and2/X (sky130_fd_sc_hd__and2_1)
     2    0.01                           ppa_black_2_1.U1.Y (net)
                  0.09    0.00    0.60 ^ ppa_grey_2_2.U1.ao21/A2 (sky130_fd_sc_hd__a21o_1)
                  0.11    0.18    0.79 ^ ppa_grey_2_2.U1.ao21/X (sky130_fd_sc_hd__a21o_1)
     2    0.01                           ppa_grey_2_2.U1.Y (net)
                  0.11    0.00    0.79 ^ ppa_grey_6_3.U1.ao21/A1 (sky130_fd_sc_hd__a21o_1)
                  0.06    0.15    0.94 ^ ppa_grey_6_3.U1.ao21/X (sky130_fd_sc_hd__a21o_1)
     1    0.01                           ppa_grey_6_3.U1.Y (net)
                  0.06    0.00    0.94 ^ ppa_post_6_4.U1.xor2/B (sky130_fd_sc_hd__xor2_1)
                  0.17    0.20    1.13 ^ ppa_post_6_4.U1.xor2/X (sky130_fd_sc_hd__xor2_1)
     1    0.01                           ppa_post_6_4.U1.Y (net)
                  0.17    0.00    1.13 ^ _6_/A (sky130_fd_sc_hd__clkbuf_1)
                  0.08    0.14    1.28 ^ _6_/X (sky130_fd_sc_hd__clkbuf_1)
     1    0.01                           net25 (net)
                  0.08    0.00    1.28 ^ output25/A (sky130_fd_sc_hd__buf_6)
                  0.08    0.15    1.42 ^ output25/X (sky130_fd_sc_hd__buf_6)
     1    0.03                           sum[6] (net)
                  0.08    0.00    1.43 ^ sum[6] (out)
                                  1.43   data arrival time

                  0.00    1.50    1.50   clock clk (rise edge)
                          0.00    1.50   clock network delay (ideal)
                         -0.25    1.25   clock uncertainty
                          0.00    1.25   clock reconvergence pessimism
                          0.00    1.25   output external delay
                                  1.25   data required time
-----------------------------------------------------------------------------
                                  1.25   data required time
                                 -1.43   data arrival time
-----------------------------------------------------------------------------
                                 -0.18   slack (VIOLATED)


Startpoint: b[1] (input port clocked by clk)
Endpoint: sum[7] (output port clocked by clk)
Path Group: clk
Path Type: max

Fanout     Cap    Slew   Delay    Time   Description
-----------------------------------------------------------------------------
                  0.00    0.00    0.00   clock clk (rise edge)
                          0.00    0.00   clock network delay (ideal)
                          0.00    0.00 ^ input external delay
                  0.03    0.02    0.02 ^ b[1] (in)
     1    0.01                           b[1] (net)
                  0.03    0.00    0.02 ^ input10/A (sky130_fd_sc_hd__clkbuf_1)
                  0.15    0.16    0.18 ^ input10/X (sky130_fd_sc_hd__clkbuf_1)
     2    0.01                           net10 (net)
                  0.15    0.00    0.18 ^ ppa_pre_2_0.U1.xor2/B (sky130_fd_sc_hd__xor2_2)
                  0.19    0.23    0.41 ^ ppa_pre_2_0.U1.xor2/X (sky130_fd_sc_hd__xor2_2)
     4    0.01                           ppa_black_2_1.U1.A (net)
                  0.19    0.00    0.41 ^ ppa_black_3_1.U1.and2/B (sky130_fd_sc_hd__and2_1)
                  0.08    0.19    0.59 ^ ppa_black_3_1.U1.and2/X (sky130_fd_sc_hd__and2_1)
     2    0.01                           ppa_black_3_1.U1.Y (net)
                  0.08    0.00    0.59 ^ ppa_grey_3_2.U1.ao21/A2 (sky130_fd_sc_hd__a21o_1)
                  0.08    0.16    0.75 ^ ppa_grey_3_2.U1.ao21/X (sky130_fd_sc_hd__a21o_1)
     2    0.01                           ppa_grey_3_2.U1.Y (net)
                  0.08    0.00    0.75 ^ ppa_grey_7_3.U1.ao21/A1 (sky130_fd_sc_hd__a21o_1)
                  0.09    0.16    0.90 ^ ppa_grey_7_3.U1.ao21/X (sky130_fd_sc_hd__a21o_1)
     2    0.01                           ppa_grey_7_3.U1.Y (net)
                  0.09    0.00    0.90 ^ ppa_post_7_4.U1.xor2/B (sky130_fd_sc_hd__xor2_1)
                  0.18    0.21    1.11 ^ ppa_post_7_4.U1.xor2/X (sky130_fd_sc_hd__xor2_1)
     1    0.01                           ppa_post_7_4.U1.Y (net)
                  0.18    0.00    1.11 ^ _7_/A (sky130_fd_sc_hd__clkbuf_1)
                  0.08    0.14    1.25 ^ _7_/X (sky130_fd_sc_hd__clkbuf_1)
     1    0.01                           net26 (net)
                  0.08    0.00    1.25 ^ output26/A (sky130_fd_sc_hd__buf_6)
                  0.08    0.14    1.40 ^ output26/X (sky130_fd_sc_hd__buf_6)
     1    0.03                           sum[7] (net)
                  0.08    0.00    1.40 ^ sum[7] (out)
                                  1.40   data arrival time

                  0.00    1.50    1.50   clock clk (rise edge)
                          0.00    1.50   clock network delay (ideal)
                         -0.25    1.25   clock uncertainty
                          0.00    1.25   clock reconvergence pessimism
                          0.00    1.25   output external delay
                                  1.25   data required time
-----------------------------------------------------------------------------
                                  1.25   data required time
                                 -1.40   data arrival time
-----------------------------------------------------------------------------
                                 -0.15   slack (VIOLATED)


Startpoint: b[1] (input port clocked by clk)
Endpoint: sum[3] (output port clocked by clk)
Path Group: clk
Path Type: max

Fanout     Cap    Slew   Delay    Time   Description
-----------------------------------------------------------------------------
                  0.00    0.00    0.00   clock clk (rise edge)
                          0.00    0.00   clock network delay (ideal)
                          0.00    0.00 ^ input external delay
                  0.03    0.02    0.02 ^ b[1] (in)
     1    0.01                           b[1] (net)
                  0.03    0.00    0.02 ^ input10/A (sky130_fd_sc_hd__clkbuf_1)
                  0.15    0.16    0.18 ^ input10/X (sky130_fd_sc_hd__clkbuf_1)
     2    0.01                           net10 (net)
                  0.15    0.00    0.18 ^ ppa_pre_2_0.U1.xor2/B (sky130_fd_sc_hd__xor2_2)
                  0.19    0.23    0.41 ^ ppa_pre_2_0.U1.xor2/X (sky130_fd_sc_hd__xor2_2)
     4    0.01                           ppa_black_2_1.U1.A (net)
                  0.19    0.00    0.41 ^ ppa_black_3_1.U1.and2/B (sky130_fd_sc_hd__and2_1)
                  0.08    0.19    0.59 ^ ppa_black_3_1.U1.and2/X (sky130_fd_sc_hd__and2_1)
     2    0.01                           ppa_black_3_1.U1.Y (net)
                  0.08    0.00    0.59 ^ ppa_grey_3_2.U1.ao21/A2 (sky130_fd_sc_hd__a21o_1)
                  0.08    0.16    0.75 ^ ppa_grey_3_2.U1.ao21/X (sky130_fd_sc_hd__a21o_1)
     2    0.01                           ppa_grey_3_2.U1.Y (net)
                  0.08    0.00    0.75 ^ rebuffer9/A (sky130_fd_sc_hd__dlymetal6s2s_1)
                  0.08    0.13    0.88 ^ rebuffer9/X (sky130_fd_sc_hd__dlymetal6s2s_1)
     1    0.01                           net35 (net)
                  0.08    0.00    0.88 ^ ppa_post_3_4.U1.xor2/B (sky130_fd_sc_hd__xor2_1)
                  0.16    0.19    1.07 ^ ppa_post_3_4.U1.xor2/X (sky130_fd_sc_hd__xor2_1)
     1    0.01                           ppa_post_3_4.U1.Y (net)
                  0.16    0.00    1.07 ^ _3_/A (sky130_fd_sc_hd__clkbuf_1)
                  0.04    0.11    1.18 ^ _3_/X (sky130_fd_sc_hd__clkbuf_1)
     1    0.00                           net22 (net)
                  0.04    0.00    1.18 ^ output22/A (sky130_fd_sc_hd__buf_2)
                  0.18    0.21    1.39 ^ output22/X (sky130_fd_sc_hd__buf_2)
     1    0.03                           sum[3] (net)
                  0.18    0.00    1.39 ^ sum[3] (out)
                                  1.39   data arrival time

                  0.00    1.50    1.50   clock clk (rise edge)
                          0.00    1.50   clock network delay (ideal)
                         -0.25    1.25   clock uncertainty
                          0.00    1.25   clock reconvergence pessimism
                          0.00    1.25   output external delay
                                  1.25   data required time
-----------------------------------------------------------------------------
                                  1.25   data required time
                                 -1.39   data arrival time
-----------------------------------------------------------------------------
                                 -0.14   slack (VIOLATED)


