
===========================================================================
report_checks -path_delay max (Setup)
============================================================================
Startpoint: b[1] (input port clocked by clk)
Endpoint: sum[4] (output port clocked by clk)
Path Group: clk
Path Type: max

Fanout     Cap    Slew   Delay    Time   Description
-----------------------------------------------------------------------------
                  0.00    0.00    0.00   clock clk (rise edge)
                          0.00    0.00   clock network delay (ideal)
                          0.00    0.00 v input external delay
                  0.01    0.01    0.01 v b[1] (in)
     1    0.01                           b[1] (net)
                  0.01    0.00    0.01 v input10/A (sky130_fd_sc_hs__clkbuf_1)
                  0.10    0.12    0.13 v input10/X (sky130_fd_sc_hs__clkbuf_1)
     2    0.01                           net10 (net)
                  0.10    0.00    0.13 v ppa_pre_2_0.U1.xor2/B (sky130_fd_sc_hs__xor2_2)
                  0.06    0.17    0.31 v ppa_pre_2_0.U1.xor2/X (sky130_fd_sc_hs__xor2_2)
     3    0.01                           ppa_black_3_1.U1.B (net)
                  0.06    0.00    0.31 v ppa_black_3_1.U1.and2/B (sky130_fd_sc_hs__and2_1)
                  0.03    0.10    0.41 v ppa_black_3_1.U1.and2/X (sky130_fd_sc_hs__and2_1)
     1    0.01                           ppa_black_3_1.U1.Y (net)
                  0.03    0.00    0.41 v ppa_grey_3_2.U1.ao21/A2 (sky130_fd_sc_hs__a21o_1)
                  0.09    0.20    0.61 v ppa_grey_3_2.U1.ao21/X (sky130_fd_sc_hs__a21o_1)
     5    0.02                           ppa_grey_3_2.U1.Y (net)
                  0.09    0.00    0.61 v ppa_grey_4_3.U1.ao21/A1 (sky130_fd_sc_hs__a21o_1)
                  0.04    0.15    0.76 v ppa_grey_4_3.U1.ao21/X (sky130_fd_sc_hs__a21o_1)
     1    0.01                           ppa_grey_4_3.U1.Y (net)
                  0.04    0.00    0.76 v ppa_post_4_4.U1.xor2/B (sky130_fd_sc_hs__xor2_1)
                  0.12    0.12    0.88 ^ ppa_post_4_4.U1.xor2/X (sky130_fd_sc_hs__xor2_1)
     1    0.00                           ppa_post_4_4.U1.Y (net)
                  0.12    0.00    0.88 ^ _4_/A (sky130_fd_sc_hs__clkbuf_1)
                  0.06    0.11    0.99 ^ _4_/X (sky130_fd_sc_hs__clkbuf_1)
     1    0.01                           net23 (net)
                  0.06    0.00    0.99 ^ output23/A (sky130_fd_sc_hs__buf_4)
                  0.10    0.15    1.14 ^ output23/X (sky130_fd_sc_hs__buf_4)
     1    0.04                           sum[4] (net)
                  0.10    0.00    1.14 ^ sum[4] (out)
                                  1.14   data arrival time

                  0.00    0.75    0.75   clock clk (rise edge)
                          0.00    0.75   clock network delay (ideal)
                         -0.25    0.50   clock uncertainty
                          0.00    0.50   clock reconvergence pessimism
                          0.00    0.50   output external delay
                                  0.50   data required time
-----------------------------------------------------------------------------
                                  0.50   data required time
                                 -1.14   data arrival time
-----------------------------------------------------------------------------
                                 -0.64   slack (VIOLATED)


Startpoint: b[1] (input port clocked by clk)
Endpoint: sum[6] (output port clocked by clk)
Path Group: clk
Path Type: max

Fanout     Cap    Slew   Delay    Time   Description
-----------------------------------------------------------------------------
                  0.00    0.00    0.00   clock clk (rise edge)
                          0.00    0.00   clock network delay (ideal)
                          0.00    0.00 v input external delay
                  0.01    0.01    0.01 v b[1] (in)
     1    0.01                           b[1] (net)
                  0.01    0.00    0.01 v input10/A (sky130_fd_sc_hs__clkbuf_1)
                  0.10    0.12    0.13 v input10/X (sky130_fd_sc_hs__clkbuf_1)
     2    0.01                           net10 (net)
                  0.10    0.00    0.13 v ppa_pre_2_0.U1.xor2/B (sky130_fd_sc_hs__xor2_2)
                  0.06    0.17    0.31 v ppa_pre_2_0.U1.xor2/X (sky130_fd_sc_hs__xor2_2)
     3    0.01                           ppa_black_3_1.U1.B (net)
                  0.06    0.00    0.31 v ppa_black_3_1.U1.and2/B (sky130_fd_sc_hs__and2_1)
                  0.03    0.10    0.41 v ppa_black_3_1.U1.and2/X (sky130_fd_sc_hs__and2_1)
     1    0.01                           ppa_black_3_1.U1.Y (net)
                  0.03    0.00    0.41 v ppa_grey_3_2.U1.ao21/A2 (sky130_fd_sc_hs__a21o_1)
                  0.09    0.20    0.61 v ppa_grey_3_2.U1.ao21/X (sky130_fd_sc_hs__a21o_1)
     5    0.02                           ppa_grey_3_2.U1.Y (net)
                  0.09    0.00    0.61 v ppa_grey_6_3.U1.ao21/A1 (sky130_fd_sc_hs__a21o_1)
                  0.05    0.16    0.78 v ppa_grey_6_3.U1.ao21/X (sky130_fd_sc_hs__a21o_1)
     1    0.01                           ppa_grey_6_3.U1.Y (net)
                  0.05    0.00    0.78 v ppa_post_6_4.U1.xor2/B (sky130_fd_sc_hs__xor2_1)
                  0.11    0.11    0.89 ^ ppa_post_6_4.U1.xor2/X (sky130_fd_sc_hs__xor2_1)
     1    0.00                           ppa_post_6_4.U1.Y (net)
                  0.11    0.00    0.89 ^ _6_/A (sky130_fd_sc_hs__clkbuf_1)
                  0.05    0.10    0.99 ^ _6_/X (sky130_fd_sc_hs__clkbuf_1)
     1    0.01                           net25 (net)
                  0.05    0.00    0.99 ^ output25/A (sky130_fd_sc_hs__buf_4)
                  0.10    0.15    1.14 ^ output25/X (sky130_fd_sc_hs__buf_4)
     1    0.04                           sum[6] (net)
                  0.10    0.00    1.14 ^ sum[6] (out)
                                  1.14   data arrival time

                  0.00    0.75    0.75   clock clk (rise edge)
                          0.00    0.75   clock network delay (ideal)
                         -0.25    0.50   clock uncertainty
                          0.00    0.50   clock reconvergence pessimism
                          0.00    0.50   output external delay
                                  0.50   data required time
-----------------------------------------------------------------------------
                                  0.50   data required time
                                 -1.14   data arrival time
-----------------------------------------------------------------------------
                                 -0.64   slack (VIOLATED)


Startpoint: b[1] (input port clocked by clk)
Endpoint: sum[7] (output port clocked by clk)
Path Group: clk
Path Type: max

Fanout     Cap    Slew   Delay    Time   Description
-----------------------------------------------------------------------------
                  0.00    0.00    0.00   clock clk (rise edge)
                          0.00    0.00   clock network delay (ideal)
                          0.00    0.00 v input external delay
                  0.01    0.01    0.01 v b[1] (in)
     1    0.01                           b[1] (net)
                  0.01    0.00    0.01 v input10/A (sky130_fd_sc_hs__clkbuf_1)
                  0.10    0.12    0.13 v input10/X (sky130_fd_sc_hs__clkbuf_1)
     2    0.01                           net10 (net)
                  0.10    0.00    0.13 v ppa_pre_2_0.U1.xor2/B (sky130_fd_sc_hs__xor2_2)
                  0.06    0.17    0.31 v ppa_pre_2_0.U1.xor2/X (sky130_fd_sc_hs__xor2_2)
     3    0.01                           ppa_black_3_1.U1.B (net)
                  0.06    0.00    0.31 v ppa_black_3_1.U1.and2/B (sky130_fd_sc_hs__and2_1)
                  0.03    0.10    0.41 v ppa_black_3_1.U1.and2/X (sky130_fd_sc_hs__and2_1)
     1    0.01                           ppa_black_3_1.U1.Y (net)
                  0.03    0.00    0.41 v ppa_grey_3_2.U1.ao21/A2 (sky130_fd_sc_hs__a21o_1)
                  0.09    0.20    0.61 v ppa_grey_3_2.U1.ao21/X (sky130_fd_sc_hs__a21o_1)
     5    0.02                           ppa_grey_3_2.U1.Y (net)
                  0.09    0.00    0.61 v ppa_grey_7_3.U1.ao21/A1 (sky130_fd_sc_hs__a21o_1)
                  0.06    0.18    0.79 v ppa_grey_7_3.U1.ao21/X (sky130_fd_sc_hs__a21o_1)
     2    0.01                           ppa_grey_7_3.U1.Y (net)
                  0.06    0.00    0.79 v ppa_post_7_4.U1.xor2/B (sky130_fd_sc_hs__xor2_1)
                  0.11    0.12    0.91 ^ ppa_post_7_4.U1.xor2/X (sky130_fd_sc_hs__xor2_1)
     1    0.00                           ppa_post_7_4.U1.Y (net)
                  0.11    0.00    0.91 ^ _7_/A (sky130_fd_sc_hs__buf_2)
                  0.06    0.12    1.03 ^ _7_/X (sky130_fd_sc_hs__buf_2)
     1    0.01                           net26 (net)
                  0.06    0.00    1.03 ^ output26/A (sky130_fd_sc_hs__buf_8)
                  0.06    0.11    1.14 ^ output26/X (sky130_fd_sc_hs__buf_8)
     1    0.04                           sum[7] (net)
                  0.06    0.00    1.14 ^ sum[7] (out)
                                  1.14   data arrival time

                  0.00    0.75    0.75   clock clk (rise edge)
                          0.00    0.75   clock network delay (ideal)
                         -0.25    0.50   clock uncertainty
                          0.00    0.50   clock reconvergence pessimism
                          0.00    0.50   output external delay
                                  0.50   data required time
-----------------------------------------------------------------------------
                                  0.50   data required time
                                 -1.14   data arrival time
-----------------------------------------------------------------------------
                                 -0.64   slack (VIOLATED)


Startpoint: b[1] (input port clocked by clk)
Endpoint: sum[5] (output port clocked by clk)
Path Group: clk
Path Type: max

Fanout     Cap    Slew   Delay    Time   Description
-----------------------------------------------------------------------------
                  0.00    0.00    0.00   clock clk (rise edge)
                          0.00    0.00   clock network delay (ideal)
                          0.00    0.00 v input external delay
                  0.01    0.01    0.01 v b[1] (in)
     1    0.01                           b[1] (net)
                  0.01    0.00    0.01 v input10/A (sky130_fd_sc_hs__clkbuf_1)
                  0.10    0.12    0.13 v input10/X (sky130_fd_sc_hs__clkbuf_1)
     2    0.01                           net10 (net)
                  0.10    0.00    0.13 v ppa_pre_2_0.U1.xor2/B (sky130_fd_sc_hs__xor2_2)
                  0.06    0.17    0.31 v ppa_pre_2_0.U1.xor2/X (sky130_fd_sc_hs__xor2_2)
     3    0.01                           ppa_black_3_1.U1.B (net)
                  0.06    0.00    0.31 v ppa_black_3_1.U1.and2/B (sky130_fd_sc_hs__and2_1)
                  0.03    0.10    0.41 v ppa_black_3_1.U1.and2/X (sky130_fd_sc_hs__and2_1)
     1    0.01                           ppa_black_3_1.U1.Y (net)
                  0.03    0.00    0.41 v ppa_grey_3_2.U1.ao21/A2 (sky130_fd_sc_hs__a21o_1)
                  0.09    0.20    0.61 v ppa_grey_3_2.U1.ao21/X (sky130_fd_sc_hs__a21o_1)
     5    0.02                           ppa_grey_3_2.U1.Y (net)
                  0.09    0.00    0.61 v ppa_grey_5_3.U1.ao21/A1 (sky130_fd_sc_hs__a21o_1)
                  0.04    0.16    0.77 v ppa_grey_5_3.U1.ao21/X (sky130_fd_sc_hs__a21o_1)
     1    0.01                           ppa_grey_5_3.U1.Y (net)
                  0.04    0.00    0.77 v ppa_post_5_4.U1.xor2/B (sky130_fd_sc_hs__xor2_1)
                  0.11    0.11    0.88 ^ ppa_post_5_4.U1.xor2/X (sky130_fd_sc_hs__xor2_1)
     1    0.00                           ppa_post_5_4.U1.Y (net)
                  0.11    0.00    0.88 ^ _5_/A (sky130_fd_sc_hs__clkbuf_1)
                  0.03    0.09    0.97 ^ _5_/X (sky130_fd_sc_hs__clkbuf_1)
     1    0.00                           net24 (net)
                  0.03    0.00    0.97 ^ output24/A (sky130_fd_sc_hs__clkbuf_4)
                  0.10    0.16    1.13 ^ output24/X (sky130_fd_sc_hs__clkbuf_4)
     1    0.04                           sum[5] (net)
                  0.10    0.00    1.13 ^ sum[5] (out)
                                  1.13   data arrival time

                  0.00    0.75    0.75   clock clk (rise edge)
                          0.00    0.75   clock network delay (ideal)
                         -0.25    0.50   clock uncertainty
                          0.00    0.50   clock reconvergence pessimism
                          0.00    0.50   output external delay
                                  0.50   data required time
-----------------------------------------------------------------------------
                                  0.50   data required time
                                 -1.13   data arrival time
-----------------------------------------------------------------------------
                                 -0.63   slack (VIOLATED)


Startpoint: b[1] (input port clocked by clk)
Endpoint: sum[3] (output port clocked by clk)
Path Group: clk
Path Type: max

Fanout     Cap    Slew   Delay    Time   Description
-----------------------------------------------------------------------------
                  0.00    0.00    0.00   clock clk (rise edge)
                          0.00    0.00   clock network delay (ideal)
                          0.00    0.00 v input external delay
                  0.01    0.01    0.01 v b[1] (in)
     1    0.01                           b[1] (net)
                  0.01    0.00    0.01 v input10/A (sky130_fd_sc_hs__clkbuf_1)
                  0.10    0.12    0.13 v input10/X (sky130_fd_sc_hs__clkbuf_1)
     2    0.01                           net10 (net)
                  0.10    0.00    0.13 v ppa_pre_2_0.U1.xor2/B (sky130_fd_sc_hs__xor2_2)
                  0.06    0.17    0.31 v ppa_pre_2_0.U1.xor2/X (sky130_fd_sc_hs__xor2_2)
     3    0.01                           ppa_black_3_1.U1.B (net)
                  0.06    0.00    0.31 v ppa_black_3_1.U1.and2/B (sky130_fd_sc_hs__and2_1)
                  0.03    0.10    0.41 v ppa_black_3_1.U1.and2/X (sky130_fd_sc_hs__and2_1)
     1    0.01                           ppa_black_3_1.U1.Y (net)
                  0.03    0.00    0.41 v ppa_grey_3_2.U1.ao21/A2 (sky130_fd_sc_hs__a21o_1)
                  0.09    0.20    0.61 v ppa_grey_3_2.U1.ao21/X (sky130_fd_sc_hs__a21o_1)
     5    0.02                           ppa_grey_3_2.U1.Y (net)
                  0.09    0.00    0.61 v rebuffer1/A (sky130_fd_sc_hs__dlymetal6s2s_1)
                  0.04    0.13    0.75 v rebuffer1/X (sky130_fd_sc_hs__dlymetal6s2s_1)
     1    0.01                           net27 (net)
                  0.04    0.00    0.75 v ppa_post_3_4.U1.xor2/B (sky130_fd_sc_hs__xor2_1)
                  0.11    0.11    0.86 ^ ppa_post_3_4.U1.xor2/X (sky130_fd_sc_hs__xor2_1)
     1    0.00                           ppa_post_3_4.U1.Y (net)
                  0.11    0.00    0.86 ^ _3_/A (sky130_fd_sc_hs__clkbuf_1)
                  0.04    0.10    0.96 ^ _3_/X (sky130_fd_sc_hs__clkbuf_1)
     1    0.01                           net22 (net)
                  0.04    0.00    0.96 ^ output22/A (sky130_fd_sc_hs__clkbuf_4)
                  0.10    0.17    1.12 ^ output22/X (sky130_fd_sc_hs__clkbuf_4)
     1    0.04                           sum[3] (net)
                  0.10    0.00    1.12 ^ sum[3] (out)
                                  1.12   data arrival time

                  0.00    0.75    0.75   clock clk (rise edge)
                          0.00    0.75   clock network delay (ideal)
                         -0.25    0.50   clock uncertainty
                          0.00    0.50   clock reconvergence pessimism
                          0.00    0.50   output external delay
                                  0.50   data required time
-----------------------------------------------------------------------------
                                  0.50   data required time
                                 -1.12   data arrival time
-----------------------------------------------------------------------------
                                 -0.62   slack (VIOLATED)


