
===========================================================================
report_checks -path_delay max (Setup)
============================================================================

======================= Slowest Corner ===================================

Startpoint: b[0] (input port clocked by clk)
Endpoint: sum[7] (output port clocked by clk)
Path Group: clk
Path Type: max
Corner: ss

Fanout     Cap    Slew   Delay    Time   Description
-----------------------------------------------------------------------------
                  0.00    0.00    0.00   clock clk (rise edge)
                          0.00    0.00   clock network delay (ideal)
                          0.00    0.00 v input external delay
                  0.02    0.01    0.01 v b[0] (in)
     1    0.00                           b[0] (net)
                  0.02    0.00    0.01 v input9/A (sky130_fd_sc_hd__clkbuf_1)
                  0.12    0.20    0.22 v input9/X (sky130_fd_sc_hd__clkbuf_1)
     2    0.01                           net9 (net)
                  0.12    0.00    0.22 v _35_/A (sky130_fd_sc_hd__or2_1)
                  0.13    0.58    0.80 v _35_/X (sky130_fd_sc_hd__or2_1)
     2    0.01                           _04_ (net)
                  0.13    0.00    0.80 v _37_/A2 (sky130_fd_sc_hd__a21bo_1)
                  0.11    0.43    1.23 v _37_/X (sky130_fd_sc_hd__a21bo_1)
     2    0.01                           _06_ (net)
                  0.11    0.00    1.23 v _40_/A1 (sky130_fd_sc_hd__a21bo_1)
                  0.11    0.39    1.62 v _40_/X (sky130_fd_sc_hd__a21bo_1)
     2    0.01                           _09_ (net)
                  0.11    0.00    1.62 v _43_/A1 (sky130_fd_sc_hd__a21bo_1)
                  0.10    0.38    2.00 v _43_/X (sky130_fd_sc_hd__a21bo_1)
     2    0.01                           _12_ (net)
                  0.10    0.00    2.00 v _45_/A2 (sky130_fd_sc_hd__a21bo_1)
                  0.12    0.44    2.44 v _45_/X (sky130_fd_sc_hd__a21bo_1)
     2    0.01                           _14_ (net)
                  0.12    0.00    2.44 v _50_/A2 (sky130_fd_sc_hd__a21bo_1)
                  0.11    0.43    2.87 v _50_/X (sky130_fd_sc_hd__a21bo_1)
     2    0.01                           _18_ (net)
                  0.11    0.00    2.87 v _55_/A2 (sky130_fd_sc_hd__a21bo_1)
                  0.11    0.42    3.29 v _55_/X (sky130_fd_sc_hd__a21bo_1)
     2    0.01                           _22_ (net)
                  0.11    0.00    3.29 v _60_/A2 (sky130_fd_sc_hd__a21boi_1)
                  0.35    0.40    3.70 ^ _60_/Y (sky130_fd_sc_hd__a21boi_1)
     2    0.01                           _26_ (net)
                  0.35    0.00    3.70 ^ _61_/B (sky130_fd_sc_hd__xnor2_1)
                  0.29    0.35    4.04 ^ _61_/Y (sky130_fd_sc_hd__xnor2_1)
     1    0.01                           net26 (net)
                  0.29    0.00    4.04 ^ output26/A (sky130_fd_sc_hd__buf_2)
                  0.27    0.46    4.51 ^ output26/X (sky130_fd_sc_hd__buf_2)
     1    0.03                           sum[7] (net)
                  0.27    0.00    4.51 ^ sum[7] (out)
                                  4.51   data arrival time

                  0.00    3.50    3.50   clock clk (rise edge)
                          0.00    3.50   clock network delay (ideal)
                         -0.25    3.25   clock uncertainty
                          0.00    3.25   clock reconvergence pessimism
                          0.00    3.25   output external delay
                                  3.25   data required time
-----------------------------------------------------------------------------
                                  3.25   data required time
                                 -4.51   data arrival time
-----------------------------------------------------------------------------
                                 -1.26   slack (VIOLATED)


Startpoint: b[0] (input port clocked by clk)
Endpoint: cout (output port clocked by clk)
Path Group: clk
Path Type: max
Corner: ss

Fanout     Cap    Slew   Delay    Time   Description
-----------------------------------------------------------------------------
                  0.00    0.00    0.00   clock clk (rise edge)
                          0.00    0.00   clock network delay (ideal)
                          0.00    0.00 v input external delay
                  0.02    0.01    0.01 v b[0] (in)
     1    0.00                           b[0] (net)
                  0.02    0.00    0.01 v input9/A (sky130_fd_sc_hd__clkbuf_1)
                  0.12    0.20    0.22 v input9/X (sky130_fd_sc_hd__clkbuf_1)
     2    0.01                           net9 (net)
                  0.12    0.00    0.22 v _35_/A (sky130_fd_sc_hd__or2_1)
                  0.13    0.58    0.80 v _35_/X (sky130_fd_sc_hd__or2_1)
     2    0.01                           _04_ (net)
                  0.13    0.00    0.80 v _37_/A2 (sky130_fd_sc_hd__a21bo_1)
                  0.11    0.43    1.23 v _37_/X (sky130_fd_sc_hd__a21bo_1)
     2    0.01                           _06_ (net)
                  0.11    0.00    1.23 v _40_/A1 (sky130_fd_sc_hd__a21bo_1)
                  0.11    0.39    1.62 v _40_/X (sky130_fd_sc_hd__a21bo_1)
     2    0.01                           _09_ (net)
                  0.11    0.00    1.62 v _43_/A1 (sky130_fd_sc_hd__a21bo_1)
                  0.10    0.38    2.00 v _43_/X (sky130_fd_sc_hd__a21bo_1)
     2    0.01                           _12_ (net)
                  0.10    0.00    2.00 v _45_/A2 (sky130_fd_sc_hd__a21bo_1)
                  0.12    0.44    2.44 v _45_/X (sky130_fd_sc_hd__a21bo_1)
     2    0.01                           _14_ (net)
                  0.12    0.00    2.44 v _50_/A2 (sky130_fd_sc_hd__a21bo_1)
                  0.11    0.43    2.87 v _50_/X (sky130_fd_sc_hd__a21bo_1)
     2    0.01                           _18_ (net)
                  0.11    0.00    2.87 v _55_/A2 (sky130_fd_sc_hd__a21bo_1)
                  0.11    0.42    3.29 v _55_/X (sky130_fd_sc_hd__a21bo_1)
     2    0.01                           _22_ (net)
                  0.11    0.00    3.29 v _60_/A2 (sky130_fd_sc_hd__a21boi_1)
                  0.35    0.40    3.70 ^ _60_/Y (sky130_fd_sc_hd__a21boi_1)
     2    0.01                           _26_ (net)
                  0.35    0.00    3.70 ^ _62_/A2 (sky130_fd_sc_hd__o21bai_1)
                  0.13    0.25    3.95 v _62_/Y (sky130_fd_sc_hd__o21bai_1)
     1    0.00                           net18 (net)
                  0.13    0.00    3.95 v output18/A (sky130_fd_sc_hd__buf_2)
                  0.17    0.39    4.34 v output18/X (sky130_fd_sc_hd__buf_2)
     1    0.03                           cout (net)
                  0.17    0.00    4.34 v cout (out)
                                  4.34   data arrival time

                  0.00    3.50    3.50   clock clk (rise edge)
                          0.00    3.50   clock network delay (ideal)
                         -0.25    3.25   clock uncertainty
                          0.00    3.25   clock reconvergence pessimism
                          0.00    3.25   output external delay
                                  3.25   data required time
-----------------------------------------------------------------------------
                                  3.25   data required time
                                 -4.34   data arrival time
-----------------------------------------------------------------------------
                                 -1.09   slack (VIOLATED)


Startpoint: b[0] (input port clocked by clk)
Endpoint: sum[6] (output port clocked by clk)
Path Group: clk
Path Type: max
Corner: ss

Fanout     Cap    Slew   Delay    Time   Description
-----------------------------------------------------------------------------
                  0.00    0.00    0.00   clock clk (rise edge)
                          0.00    0.00   clock network delay (ideal)
                          0.00    0.00 v input external delay
                  0.02    0.01    0.01 v b[0] (in)
     1    0.00                           b[0] (net)
                  0.02    0.00    0.01 v input9/A (sky130_fd_sc_hd__clkbuf_1)
                  0.12    0.20    0.22 v input9/X (sky130_fd_sc_hd__clkbuf_1)
     2    0.01                           net9 (net)
                  0.12    0.00    0.22 v _35_/A (sky130_fd_sc_hd__or2_1)
                  0.13    0.58    0.80 v _35_/X (sky130_fd_sc_hd__or2_1)
     2    0.01                           _04_ (net)
                  0.13    0.00    0.80 v _37_/A2 (sky130_fd_sc_hd__a21bo_1)
                  0.11    0.43    1.23 v _37_/X (sky130_fd_sc_hd__a21bo_1)
     2    0.01                           _06_ (net)
                  0.11    0.00    1.23 v _40_/A1 (sky130_fd_sc_hd__a21bo_1)
                  0.11    0.39    1.62 v _40_/X (sky130_fd_sc_hd__a21bo_1)
     2    0.01                           _09_ (net)
                  0.11    0.00    1.62 v _43_/A1 (sky130_fd_sc_hd__a21bo_1)
                  0.10    0.38    2.00 v _43_/X (sky130_fd_sc_hd__a21bo_1)
     2    0.01                           _12_ (net)
                  0.10    0.00    2.00 v _45_/A2 (sky130_fd_sc_hd__a21bo_1)
                  0.12    0.44    2.44 v _45_/X (sky130_fd_sc_hd__a21bo_1)
     2    0.01                           _14_ (net)
                  0.12    0.00    2.44 v _50_/A2 (sky130_fd_sc_hd__a21bo_1)
                  0.11    0.43    2.87 v _50_/X (sky130_fd_sc_hd__a21bo_1)
     2    0.01                           _18_ (net)
                  0.11    0.00    2.87 v _55_/A2 (sky130_fd_sc_hd__a21bo_1)
                  0.11    0.42    3.29 v _55_/X (sky130_fd_sc_hd__a21bo_1)
     2    0.01                           _22_ (net)
                  0.11    0.00    3.29 v _56_/B (sky130_fd_sc_hd__xnor2_1)
                  0.21    0.25    3.55 ^ _56_/Y (sky130_fd_sc_hd__xnor2_1)
     1    0.00                           net25 (net)
                  0.21    0.00    3.55 ^ output25/A (sky130_fd_sc_hd__buf_2)
                  0.28    0.43    3.98 ^ output25/X (sky130_fd_sc_hd__buf_2)
     1    0.03                           sum[6] (net)
                  0.28    0.00    3.98 ^ sum[6] (out)
                                  3.98   data arrival time

                  0.00    3.50    3.50   clock clk (rise edge)
                          0.00    3.50   clock network delay (ideal)
                         -0.25    3.25   clock uncertainty
                          0.00    3.25   clock reconvergence pessimism
                          0.00    3.25   output external delay
                                  3.25   data required time
-----------------------------------------------------------------------------
                                  3.25   data required time
                                 -3.98   data arrival time
-----------------------------------------------------------------------------
                                 -0.73   slack (VIOLATED)


Startpoint: b[0] (input port clocked by clk)
Endpoint: sum[5] (output port clocked by clk)
Path Group: clk
Path Type: max
Corner: ss

Fanout     Cap    Slew   Delay    Time   Description
-----------------------------------------------------------------------------
                  0.00    0.00    0.00   clock clk (rise edge)
                          0.00    0.00   clock network delay (ideal)
                          0.00    0.00 v input external delay
                  0.02    0.01    0.01 v b[0] (in)
     1    0.00                           b[0] (net)
                  0.02    0.00    0.01 v input9/A (sky130_fd_sc_hd__clkbuf_1)
                  0.12    0.20    0.22 v input9/X (sky130_fd_sc_hd__clkbuf_1)
     2    0.01                           net9 (net)
                  0.12    0.00    0.22 v _35_/A (sky130_fd_sc_hd__or2_1)
                  0.13    0.58    0.80 v _35_/X (sky130_fd_sc_hd__or2_1)
     2    0.01                           _04_ (net)
                  0.13    0.00    0.80 v _37_/A2 (sky130_fd_sc_hd__a21bo_1)
                  0.11    0.43    1.23 v _37_/X (sky130_fd_sc_hd__a21bo_1)
     2    0.01                           _06_ (net)
                  0.11    0.00    1.23 v _40_/A1 (sky130_fd_sc_hd__a21bo_1)
                  0.11    0.39    1.62 v _40_/X (sky130_fd_sc_hd__a21bo_1)
     2    0.01                           _09_ (net)
                  0.11    0.00    1.62 v _43_/A1 (sky130_fd_sc_hd__a21bo_1)
                  0.10    0.38    2.00 v _43_/X (sky130_fd_sc_hd__a21bo_1)
     2    0.01                           _12_ (net)
                  0.10    0.00    2.00 v _45_/A2 (sky130_fd_sc_hd__a21bo_1)
                  0.12    0.44    2.44 v _45_/X (sky130_fd_sc_hd__a21bo_1)
     2    0.01                           _14_ (net)
                  0.12    0.00    2.44 v _50_/A2 (sky130_fd_sc_hd__a21bo_1)
                  0.11    0.43    2.87 v _50_/X (sky130_fd_sc_hd__a21bo_1)
     2    0.01                           _18_ (net)
                  0.11    0.00    2.87 v _51_/B (sky130_fd_sc_hd__xnor2_1)
                  0.23    0.28    3.14 ^ _51_/Y (sky130_fd_sc_hd__xnor2_1)
     1    0.00                           net24 (net)
                  0.23    0.00    3.15 ^ output24/A (sky130_fd_sc_hd__buf_2)
                  0.27    0.44    3.58 ^ output24/X (sky130_fd_sc_hd__buf_2)
     1    0.03                           sum[5] (net)
                  0.27    0.00    3.58 ^ sum[5] (out)
                                  3.58   data arrival time

                  0.00    3.50    3.50   clock clk (rise edge)
                          0.00    3.50   clock network delay (ideal)
                         -0.25    3.25   clock uncertainty
                          0.00    3.25   clock reconvergence pessimism
                          0.00    3.25   output external delay
                                  3.25   data required time
-----------------------------------------------------------------------------
                                  3.25   data required time
                                 -3.58   data arrival time
-----------------------------------------------------------------------------
                                 -0.33   slack (VIOLATED)


Startpoint: b[0] (input port clocked by clk)
Endpoint: sum[4] (output port clocked by clk)
Path Group: clk
Path Type: max
Corner: ss

Fanout     Cap    Slew   Delay    Time   Description
-----------------------------------------------------------------------------
                  0.00    0.00    0.00   clock clk (rise edge)
                          0.00    0.00   clock network delay (ideal)
                          0.00    0.00 v input external delay
                  0.02    0.01    0.01 v b[0] (in)
     1    0.00                           b[0] (net)
                  0.02    0.00    0.01 v input9/A (sky130_fd_sc_hd__clkbuf_1)
                  0.12    0.20    0.22 v input9/X (sky130_fd_sc_hd__clkbuf_1)
     2    0.01                           net9 (net)
                  0.12    0.00    0.22 v _35_/A (sky130_fd_sc_hd__or2_1)
                  0.13    0.58    0.80 v _35_/X (sky130_fd_sc_hd__or2_1)
     2    0.01                           _04_ (net)
                  0.13    0.00    0.80 v _37_/A2 (sky130_fd_sc_hd__a21bo_1)
                  0.11    0.43    1.23 v _37_/X (sky130_fd_sc_hd__a21bo_1)
     2    0.01                           _06_ (net)
                  0.11    0.00    1.23 v _40_/A1 (sky130_fd_sc_hd__a21bo_1)
                  0.11    0.39    1.62 v _40_/X (sky130_fd_sc_hd__a21bo_1)
     2    0.01                           _09_ (net)
                  0.11    0.00    1.62 v _43_/A1 (sky130_fd_sc_hd__a21bo_1)
                  0.10    0.38    2.00 v _43_/X (sky130_fd_sc_hd__a21bo_1)
     2    0.01                           _12_ (net)
                  0.10    0.00    2.00 v _45_/A2 (sky130_fd_sc_hd__a21bo_1)
                  0.12    0.44    2.44 v _45_/X (sky130_fd_sc_hd__a21bo_1)
     2    0.01                           _14_ (net)
                  0.12    0.00    2.44 v _46_/B (sky130_fd_sc_hd__xnor2_1)
                  0.23    0.28    2.72 ^ _46_/Y (sky130_fd_sc_hd__xnor2_1)
     1    0.00                           net23 (net)
                  0.23    0.00    2.72 ^ output23/A (sky130_fd_sc_hd__buf_2)
                  0.27    0.44    3.16 ^ output23/X (sky130_fd_sc_hd__buf_2)
     1    0.03                           sum[4] (net)
                  0.27    0.00    3.16 ^ sum[4] (out)
                                  3.16   data arrival time

                  0.00    3.50    3.50   clock clk (rise edge)
                          0.00    3.50   clock network delay (ideal)
                         -0.25    3.25   clock uncertainty
                          0.00    3.25   clock reconvergence pessimism
                          0.00    3.25   output external delay
                                  3.25   data required time
-----------------------------------------------------------------------------
                                  3.25   data required time
                                 -3.16   data arrival time
-----------------------------------------------------------------------------
                                  0.09   slack (MET)


Startpoint: b[0] (input port clocked by clk)
Endpoint: sum[3] (output port clocked by clk)
Path Group: clk
Path Type: max
Corner: ss

Fanout     Cap    Slew   Delay    Time   Description
-----------------------------------------------------------------------------
                  0.00    0.00    0.00   clock clk (rise edge)
                          0.00    0.00   clock network delay (ideal)
                          0.00    0.00 v input external delay
                  0.02    0.01    0.01 v b[0] (in)
     1    0.00                           b[0] (net)
                  0.02    0.00    0.01 v input9/A (sky130_fd_sc_hd__clkbuf_1)
                  0.12    0.20    0.22 v input9/X (sky130_fd_sc_hd__clkbuf_1)
     2    0.01                           net9 (net)
                  0.12    0.00    0.22 v _35_/A (sky130_fd_sc_hd__or2_1)
                  0.13    0.58    0.80 v _35_/X (sky130_fd_sc_hd__or2_1)
     2    0.01                           _04_ (net)
                  0.13    0.00    0.80 v _37_/A2 (sky130_fd_sc_hd__a21bo_1)
                  0.11    0.43    1.23 v _37_/X (sky130_fd_sc_hd__a21bo_1)
     2    0.01                           _06_ (net)
                  0.11    0.00    1.23 v _40_/A1 (sky130_fd_sc_hd__a21bo_1)
                  0.11    0.39    1.62 v _40_/X (sky130_fd_sc_hd__a21bo_1)
     2    0.01                           _09_ (net)
                  0.11    0.00    1.62 v _43_/A1 (sky130_fd_sc_hd__a21bo_1)
                  0.10    0.38    2.00 v _43_/X (sky130_fd_sc_hd__a21bo_1)
     2    0.01                           _12_ (net)
                  0.10    0.00    2.00 v _70_/B (sky130_fd_sc_hd__xnor2_1)
                  0.17    0.22    2.22 ^ _70_/Y (sky130_fd_sc_hd__xnor2_1)
     1    0.00                           net22 (net)
                  0.17    0.00    2.22 ^ output22/A (sky130_fd_sc_hd__buf_2)
                  0.27    0.41    2.63 ^ output22/X (sky130_fd_sc_hd__buf_2)
     1    0.03                           sum[3] (net)
                  0.27    0.00    2.63 ^ sum[3] (out)
                                  2.63   data arrival time

                  0.00    3.50    3.50   clock clk (rise edge)
                          0.00    3.50   clock network delay (ideal)
                         -0.25    3.25   clock uncertainty
                          0.00    3.25   clock reconvergence pessimism
                          0.00    3.25   output external delay
                                  3.25   data required time
-----------------------------------------------------------------------------
                                  3.25   data required time
                                 -2.63   data arrival time
-----------------------------------------------------------------------------
                                  0.62   slack (MET)


Startpoint: b[0] (input port clocked by clk)
Endpoint: sum[2] (output port clocked by clk)
Path Group: clk
Path Type: max
Corner: ss

Fanout     Cap    Slew   Delay    Time   Description
-----------------------------------------------------------------------------
                  0.00    0.00    0.00   clock clk (rise edge)
                          0.00    0.00   clock network delay (ideal)
                          0.00    0.00 v input external delay
                  0.02    0.01    0.01 v b[0] (in)
     1    0.00                           b[0] (net)
                  0.02    0.00    0.01 v input9/A (sky130_fd_sc_hd__clkbuf_1)
                  0.12    0.20    0.22 v input9/X (sky130_fd_sc_hd__clkbuf_1)
     2    0.01                           net9 (net)
                  0.12    0.00    0.22 v _35_/A (sky130_fd_sc_hd__or2_1)
                  0.13    0.58    0.80 v _35_/X (sky130_fd_sc_hd__or2_1)
     2    0.01                           _04_ (net)
                  0.13    0.00    0.80 v _37_/A2 (sky130_fd_sc_hd__a21bo_1)
                  0.11    0.43    1.23 v _37_/X (sky130_fd_sc_hd__a21bo_1)
     2    0.01                           _06_ (net)
                  0.11    0.00    1.23 v _40_/A1 (sky130_fd_sc_hd__a21bo_1)
                  0.11    0.39    1.62 v _40_/X (sky130_fd_sc_hd__a21bo_1)
     2    0.01                           _09_ (net)
                  0.11    0.00    1.62 v _68_/A (sky130_fd_sc_hd__xnor2_1)
                  0.32    0.38    2.00 ^ _68_/Y (sky130_fd_sc_hd__xnor2_1)
     1    0.01                           net21 (net)
                  0.32    0.00    2.00 ^ output21/A (sky130_fd_sc_hd__buf_2)
                  0.27    0.47    2.48 ^ output21/X (sky130_fd_sc_hd__buf_2)
     1    0.03                           sum[2] (net)
                  0.27    0.00    2.48 ^ sum[2] (out)
                                  2.48   data arrival time

                  0.00    3.50    3.50   clock clk (rise edge)
                          0.00    3.50   clock network delay (ideal)
                         -0.25    3.25   clock uncertainty
                          0.00    3.25   clock reconvergence pessimism
                          0.00    3.25   output external delay
                                  3.25   data required time
-----------------------------------------------------------------------------
                                  3.25   data required time
                                 -2.48   data arrival time
-----------------------------------------------------------------------------
                                  0.77   slack (MET)


Startpoint: b[0] (input port clocked by clk)
Endpoint: sum[1] (output port clocked by clk)
Path Group: clk
Path Type: max
Corner: ss

Fanout     Cap    Slew   Delay    Time   Description
-----------------------------------------------------------------------------
                  0.00    0.00    0.00   clock clk (rise edge)
                          0.00    0.00   clock network delay (ideal)
                          0.00    0.00 v input external delay
                  0.02    0.01    0.01 v b[0] (in)
     1    0.00                           b[0] (net)
                  0.02    0.00    0.01 v input9/A (sky130_fd_sc_hd__clkbuf_1)
                  0.12    0.20    0.22 v input9/X (sky130_fd_sc_hd__clkbuf_1)
     2    0.01                           net9 (net)
                  0.12    0.00    0.22 v _35_/A (sky130_fd_sc_hd__or2_1)
                  0.13    0.58    0.80 v _35_/X (sky130_fd_sc_hd__or2_1)
     2    0.01                           _04_ (net)
                  0.13    0.00    0.80 v _37_/A2 (sky130_fd_sc_hd__a21bo_1)
                  0.11    0.43    1.23 v _37_/X (sky130_fd_sc_hd__a21bo_1)
     2    0.01                           _06_ (net)
                  0.11    0.00    1.23 v _66_/A (sky130_fd_sc_hd__xnor2_1)
                  0.22    0.30    1.53 ^ _66_/Y (sky130_fd_sc_hd__xnor2_1)
     1    0.00                           net20 (net)
                  0.22    0.00    1.53 ^ output20/A (sky130_fd_sc_hd__buf_2)
                  0.27    0.44    1.97 ^ output20/X (sky130_fd_sc_hd__buf_2)
     1    0.03                           sum[1] (net)
                  0.27    0.00    1.97 ^ sum[1] (out)
                                  1.97   data arrival time

                  0.00    3.50    3.50   clock clk (rise edge)
                          0.00    3.50   clock network delay (ideal)
                         -0.25    3.25   clock uncertainty
                          0.00    3.25   clock reconvergence pessimism
                          0.00    3.25   output external delay
                                  3.25   data required time
-----------------------------------------------------------------------------
                                  3.25   data required time
                                 -1.97   data arrival time
-----------------------------------------------------------------------------
                                  1.28   slack (MET)


Startpoint: b[0] (input port clocked by clk)
Endpoint: sum[0] (output port clocked by clk)
Path Group: clk
Path Type: max
Corner: ss

Fanout     Cap    Slew   Delay    Time   Description
-----------------------------------------------------------------------------
                  0.00    0.00    0.00   clock clk (rise edge)
                          0.00    0.00   clock network delay (ideal)
                          0.00    0.00 v input external delay
                  0.02    0.01    0.01 v b[0] (in)
     1    0.00                           b[0] (net)
                  0.02    0.00    0.01 v input9/A (sky130_fd_sc_hd__clkbuf_1)
                  0.12    0.20    0.22 v input9/X (sky130_fd_sc_hd__clkbuf_1)
     2    0.01                           net9 (net)
                  0.12    0.00    0.22 v _35_/A (sky130_fd_sc_hd__or2_1)
                  0.13    0.58    0.80 v _35_/X (sky130_fd_sc_hd__or2_1)
     2    0.01                           _04_ (net)
                  0.13    0.00    0.80 v _63_/B (sky130_fd_sc_hd__nand2_1)
                  0.11    0.16    0.96 ^ _63_/Y (sky130_fd_sc_hd__nand2_1)
     1    0.01                           _27_ (net)
                  0.11    0.00    0.96 ^ _64_/B (sky130_fd_sc_hd__xnor2_1)
                  0.33    0.27    1.23 ^ _64_/Y (sky130_fd_sc_hd__xnor2_1)
     1    0.01                           net19 (net)
                  0.33    0.00    1.23 ^ output19/A (sky130_fd_sc_hd__buf_2)
                  0.27    0.48    1.70 ^ output19/X (sky130_fd_sc_hd__buf_2)
     1    0.03                           sum[0] (net)
                  0.27    0.00    1.70 ^ sum[0] (out)
                                  1.70   data arrival time

                  0.00    3.50    3.50   clock clk (rise edge)
                          0.00    3.50   clock network delay (ideal)
                         -0.25    3.25   clock uncertainty
                          0.00    3.25   clock reconvergence pessimism
                          0.00    3.25   output external delay
                                  3.25   data required time
-----------------------------------------------------------------------------
                                  3.25   data required time
                                 -1.70   data arrival time
-----------------------------------------------------------------------------
                                  1.55   slack (MET)



======================= Typical Corner ===================================

Startpoint: b[0] (input port clocked by clk)
Endpoint: sum[7] (output port clocked by clk)
Path Group: clk
Path Type: max
Corner: tt

Fanout     Cap    Slew   Delay    Time   Description
-----------------------------------------------------------------------------
                  0.00    0.00    0.00   clock clk (rise edge)
                          0.00    0.00   clock network delay (ideal)
                          0.00    0.00 v input external delay
                  0.01    0.01    0.01 v b[0] (in)
     1    0.00                           b[0] (net)
                  0.01    0.00    0.01 v input9/A (sky130_fd_sc_hd__clkbuf_1)
                  0.06    0.11    0.11 v input9/X (sky130_fd_sc_hd__clkbuf_1)
     2    0.01                           net9 (net)
                  0.06    0.00    0.11 v _35_/A (sky130_fd_sc_hd__or2_1)
                  0.06    0.26    0.37 v _35_/X (sky130_fd_sc_hd__or2_1)
     2    0.01                           _04_ (net)
                  0.06    0.00    0.37 v _37_/A2 (sky130_fd_sc_hd__a21bo_1)
                  0.06    0.23    0.60 v _37_/X (sky130_fd_sc_hd__a21bo_1)
     2    0.01                           _06_ (net)
                  0.06    0.00    0.60 v _40_/A1 (sky130_fd_sc_hd__a21bo_1)
                  0.06    0.21    0.81 v _40_/X (sky130_fd_sc_hd__a21bo_1)
     2    0.01                           _09_ (net)
                  0.06    0.00    0.81 v _43_/A1 (sky130_fd_sc_hd__a21bo_1)
                  0.06    0.20    1.01 v _43_/X (sky130_fd_sc_hd__a21bo_1)
     2    0.01                           _12_ (net)
                  0.06    0.00    1.01 v _45_/A2 (sky130_fd_sc_hd__a21bo_1)
                  0.07    0.24    1.25 v _45_/X (sky130_fd_sc_hd__a21bo_1)
     2    0.01                           _14_ (net)
                  0.07    0.00    1.25 v _50_/A2 (sky130_fd_sc_hd__a21bo_1)
                  0.06    0.23    1.48 v _50_/X (sky130_fd_sc_hd__a21bo_1)
     2    0.01                           _18_ (net)
                  0.06    0.00    1.48 v _55_/A2 (sky130_fd_sc_hd__a21bo_1)
                  0.06    0.23    1.71 v _55_/X (sky130_fd_sc_hd__a21bo_1)
     2    0.01                           _22_ (net)
                  0.06    0.00    1.71 v _60_/A2 (sky130_fd_sc_hd__a21boi_1)
                  0.22    0.24    1.95 ^ _60_/Y (sky130_fd_sc_hd__a21boi_1)
     2    0.01                           _26_ (net)
                  0.22    0.00    1.95 ^ _61_/B (sky130_fd_sc_hd__xnor2_1)
                  0.18    0.18    2.13 ^ _61_/Y (sky130_fd_sc_hd__xnor2_1)
     1    0.01                           net26 (net)
                  0.18    0.00    2.13 ^ output26/A (sky130_fd_sc_hd__buf_2)
                  0.17    0.25    2.38 ^ output26/X (sky130_fd_sc_hd__buf_2)
     1    0.03                           sum[7] (net)
                  0.17    0.00    2.38 ^ sum[7] (out)
                                  2.38   data arrival time

                  0.00    3.50    3.50   clock clk (rise edge)
                          0.00    3.50   clock network delay (ideal)
                         -0.25    3.25   clock uncertainty
                          0.00    3.25   clock reconvergence pessimism
                          0.00    3.25   output external delay
                                  3.25   data required time
-----------------------------------------------------------------------------
                                  3.25   data required time
                                 -2.38   data arrival time
-----------------------------------------------------------------------------
                                  0.87   slack (MET)


Startpoint: b[0] (input port clocked by clk)
Endpoint: cout (output port clocked by clk)
Path Group: clk
Path Type: max
Corner: tt

Fanout     Cap    Slew   Delay    Time   Description
-----------------------------------------------------------------------------
                  0.00    0.00    0.00   clock clk (rise edge)
                          0.00    0.00   clock network delay (ideal)
                          0.00    0.00 v input external delay
                  0.01    0.01    0.01 v b[0] (in)
     1    0.00                           b[0] (net)
                  0.01    0.00    0.01 v input9/A (sky130_fd_sc_hd__clkbuf_1)
                  0.06    0.11    0.11 v input9/X (sky130_fd_sc_hd__clkbuf_1)
     2    0.01                           net9 (net)
                  0.06    0.00    0.11 v _35_/A (sky130_fd_sc_hd__or2_1)
                  0.06    0.26    0.37 v _35_/X (sky130_fd_sc_hd__or2_1)
     2    0.01                           _04_ (net)
                  0.06    0.00    0.37 v _37_/A2 (sky130_fd_sc_hd__a21bo_1)
                  0.06    0.23    0.60 v _37_/X (sky130_fd_sc_hd__a21bo_1)
     2    0.01                           _06_ (net)
                  0.06    0.00    0.60 v _40_/A1 (sky130_fd_sc_hd__a21bo_1)
                  0.06    0.21    0.81 v _40_/X (sky130_fd_sc_hd__a21bo_1)
     2    0.01                           _09_ (net)
                  0.06    0.00    0.81 v _43_/A1 (sky130_fd_sc_hd__a21bo_1)
                  0.06    0.20    1.01 v _43_/X (sky130_fd_sc_hd__a21bo_1)
     2    0.01                           _12_ (net)
                  0.06    0.00    1.01 v _45_/A2 (sky130_fd_sc_hd__a21bo_1)
                  0.07    0.24    1.25 v _45_/X (sky130_fd_sc_hd__a21bo_1)
     2    0.01                           _14_ (net)
                  0.07    0.00    1.25 v _50_/A2 (sky130_fd_sc_hd__a21bo_1)
                  0.06    0.23    1.48 v _50_/X (sky130_fd_sc_hd__a21bo_1)
     2    0.01                           _18_ (net)
                  0.06    0.00    1.48 v _55_/A2 (sky130_fd_sc_hd__a21bo_1)
                  0.06    0.23    1.71 v _55_/X (sky130_fd_sc_hd__a21bo_1)
     2    0.01                           _22_ (net)
                  0.06    0.00    1.71 v _60_/A2 (sky130_fd_sc_hd__a21boi_1)
                  0.22    0.24    1.95 ^ _60_/Y (sky130_fd_sc_hd__a21boi_1)
     2    0.01                           _26_ (net)
                  0.22    0.00    1.95 ^ _62_/A2 (sky130_fd_sc_hd__o21bai_1)
                  0.06    0.11    2.06 v _62_/Y (sky130_fd_sc_hd__o21bai_1)
     1    0.00                           net18 (net)
                  0.06    0.00    2.06 v output18/A (sky130_fd_sc_hd__buf_2)
                  0.09    0.20    2.26 v output18/X (sky130_fd_sc_hd__buf_2)
     1    0.03                           cout (net)
                  0.09    0.00    2.26 v cout (out)
                                  2.26   data arrival time

                  0.00    3.50    3.50   clock clk (rise edge)
                          0.00    3.50   clock network delay (ideal)
                         -0.25    3.25   clock uncertainty
                          0.00    3.25   clock reconvergence pessimism
                          0.00    3.25   output external delay
                                  3.25   data required time
-----------------------------------------------------------------------------
                                  3.25   data required time
                                 -2.26   data arrival time
-----------------------------------------------------------------------------
                                  0.99   slack (MET)


Startpoint: b[0] (input port clocked by clk)
Endpoint: sum[6] (output port clocked by clk)
Path Group: clk
Path Type: max
Corner: tt

Fanout     Cap    Slew   Delay    Time   Description
-----------------------------------------------------------------------------
                  0.00    0.00    0.00   clock clk (rise edge)
                          0.00    0.00   clock network delay (ideal)
                          0.00    0.00 v input external delay
                  0.01    0.01    0.01 v b[0] (in)
     1    0.00                           b[0] (net)
                  0.01    0.00    0.01 v input9/A (sky130_fd_sc_hd__clkbuf_1)
                  0.06    0.11    0.11 v input9/X (sky130_fd_sc_hd__clkbuf_1)
     2    0.01                           net9 (net)
                  0.06    0.00    0.11 v _35_/A (sky130_fd_sc_hd__or2_1)
                  0.06    0.26    0.37 v _35_/X (sky130_fd_sc_hd__or2_1)
     2    0.01                           _04_ (net)
                  0.06    0.00    0.37 v _37_/A2 (sky130_fd_sc_hd__a21bo_1)
                  0.06    0.23    0.60 v _37_/X (sky130_fd_sc_hd__a21bo_1)
     2    0.01                           _06_ (net)
                  0.06    0.00    0.60 v _40_/A1 (sky130_fd_sc_hd__a21bo_1)
                  0.06    0.21    0.81 v _40_/X (sky130_fd_sc_hd__a21bo_1)
     2    0.01                           _09_ (net)
                  0.06    0.00    0.81 v _43_/A1 (sky130_fd_sc_hd__a21bo_1)
                  0.06    0.20    1.01 v _43_/X (sky130_fd_sc_hd__a21bo_1)
     2    0.01                           _12_ (net)
                  0.06    0.00    1.01 v _45_/A2 (sky130_fd_sc_hd__a21bo_1)
                  0.07    0.24    1.25 v _45_/X (sky130_fd_sc_hd__a21bo_1)
     2    0.01                           _14_ (net)
                  0.07    0.00    1.25 v _50_/A2 (sky130_fd_sc_hd__a21bo_1)
                  0.06    0.23    1.48 v _50_/X (sky130_fd_sc_hd__a21bo_1)
     2    0.01                           _18_ (net)
                  0.06    0.00    1.48 v _55_/A2 (sky130_fd_sc_hd__a21bo_1)
                  0.06    0.23    1.71 v _55_/X (sky130_fd_sc_hd__a21bo_1)
     2    0.01                           _22_ (net)
                  0.06    0.00    1.71 v _56_/B (sky130_fd_sc_hd__xnor2_1)
                  0.13    0.15    1.86 ^ _56_/Y (sky130_fd_sc_hd__xnor2_1)
     1    0.00                           net25 (net)
                  0.13    0.00    1.86 ^ output25/A (sky130_fd_sc_hd__buf_2)
                  0.17    0.24    2.10 ^ output25/X (sky130_fd_sc_hd__buf_2)
     1    0.03                           sum[6] (net)
                  0.17    0.00    2.11 ^ sum[6] (out)
                                  2.11   data arrival time

                  0.00    3.50    3.50   clock clk (rise edge)
                          0.00    3.50   clock network delay (ideal)
                         -0.25    3.25   clock uncertainty
                          0.00    3.25   clock reconvergence pessimism
                          0.00    3.25   output external delay
                                  3.25   data required time
-----------------------------------------------------------------------------
                                  3.25   data required time
                                 -2.11   data arrival time
-----------------------------------------------------------------------------
                                  1.14   slack (MET)


Startpoint: b[0] (input port clocked by clk)
Endpoint: sum[5] (output port clocked by clk)
Path Group: clk
Path Type: max
Corner: tt

Fanout     Cap    Slew   Delay    Time   Description
-----------------------------------------------------------------------------
                  0.00    0.00    0.00   clock clk (rise edge)
                          0.00    0.00   clock network delay (ideal)
                          0.00    0.00 v input external delay
                  0.01    0.01    0.01 v b[0] (in)
     1    0.00                           b[0] (net)
                  0.01    0.00    0.01 v input9/A (sky130_fd_sc_hd__clkbuf_1)
                  0.06    0.11    0.11 v input9/X (sky130_fd_sc_hd__clkbuf_1)
     2    0.01                           net9 (net)
                  0.06    0.00    0.11 v _35_/A (sky130_fd_sc_hd__or2_1)
                  0.06    0.26    0.37 v _35_/X (sky130_fd_sc_hd__or2_1)
     2    0.01                           _04_ (net)
                  0.06    0.00    0.37 v _37_/A2 (sky130_fd_sc_hd__a21bo_1)
                  0.06    0.23    0.60 v _37_/X (sky130_fd_sc_hd__a21bo_1)
     2    0.01                           _06_ (net)
                  0.06    0.00    0.60 v _40_/A1 (sky130_fd_sc_hd__a21bo_1)
                  0.06    0.21    0.81 v _40_/X (sky130_fd_sc_hd__a21bo_1)
     2    0.01                           _09_ (net)
                  0.06    0.00    0.81 v _43_/A1 (sky130_fd_sc_hd__a21bo_1)
                  0.06    0.20    1.01 v _43_/X (sky130_fd_sc_hd__a21bo_1)
     2    0.01                           _12_ (net)
                  0.06    0.00    1.01 v _45_/A2 (sky130_fd_sc_hd__a21bo_1)
                  0.07    0.24    1.25 v _45_/X (sky130_fd_sc_hd__a21bo_1)
     2    0.01                           _14_ (net)
                  0.07    0.00    1.25 v _50_/A2 (sky130_fd_sc_hd__a21bo_1)
                  0.06    0.23    1.48 v _50_/X (sky130_fd_sc_hd__a21bo_1)
     2    0.01                           _18_ (net)
                  0.06    0.00    1.48 v _51_/B (sky130_fd_sc_hd__xnor2_1)
                  0.14    0.16    1.64 ^ _51_/Y (sky130_fd_sc_hd__xnor2_1)
     1    0.00                           net24 (net)
                  0.14    0.00    1.64 ^ output24/A (sky130_fd_sc_hd__buf_2)
                  0.17    0.24    1.89 ^ output24/X (sky130_fd_sc_hd__buf_2)
     1    0.03                           sum[5] (net)
                  0.17    0.00    1.89 ^ sum[5] (out)
                                  1.89   data arrival time

                  0.00    3.50    3.50   clock clk (rise edge)
                          0.00    3.50   clock network delay (ideal)
                         -0.25    3.25   clock uncertainty
                          0.00    3.25   clock reconvergence pessimism
                          0.00    3.25   output external delay
                                  3.25   data required time
-----------------------------------------------------------------------------
                                  3.25   data required time
                                 -1.89   data arrival time
-----------------------------------------------------------------------------
                                  1.36   slack (MET)


Startpoint: b[0] (input port clocked by clk)
Endpoint: sum[4] (output port clocked by clk)
Path Group: clk
Path Type: max
Corner: tt

Fanout     Cap    Slew   Delay    Time   Description
-----------------------------------------------------------------------------
                  0.00    0.00    0.00   clock clk (rise edge)
                          0.00    0.00   clock network delay (ideal)
                          0.00    0.00 v input external delay
                  0.01    0.01    0.01 v b[0] (in)
     1    0.00                           b[0] (net)
                  0.01    0.00    0.01 v input9/A (sky130_fd_sc_hd__clkbuf_1)
                  0.06    0.11    0.11 v input9/X (sky130_fd_sc_hd__clkbuf_1)
     2    0.01                           net9 (net)
                  0.06    0.00    0.11 v _35_/A (sky130_fd_sc_hd__or2_1)
                  0.06    0.26    0.37 v _35_/X (sky130_fd_sc_hd__or2_1)
     2    0.01                           _04_ (net)
                  0.06    0.00    0.37 v _37_/A2 (sky130_fd_sc_hd__a21bo_1)
                  0.06    0.23    0.60 v _37_/X (sky130_fd_sc_hd__a21bo_1)
     2    0.01                           _06_ (net)
                  0.06    0.00    0.60 v _40_/A1 (sky130_fd_sc_hd__a21bo_1)
                  0.06    0.21    0.81 v _40_/X (sky130_fd_sc_hd__a21bo_1)
     2    0.01                           _09_ (net)
                  0.06    0.00    0.81 v _43_/A1 (sky130_fd_sc_hd__a21bo_1)
                  0.06    0.20    1.01 v _43_/X (sky130_fd_sc_hd__a21bo_1)
     2    0.01                           _12_ (net)
                  0.06    0.00    1.01 v _45_/A2 (sky130_fd_sc_hd__a21bo_1)
                  0.07    0.24    1.25 v _45_/X (sky130_fd_sc_hd__a21bo_1)
     2    0.01                           _14_ (net)
                  0.07    0.00    1.25 v _46_/B (sky130_fd_sc_hd__xnor2_1)
                  0.14    0.16    1.41 ^ _46_/Y (sky130_fd_sc_hd__xnor2_1)
     1    0.00                           net23 (net)
                  0.14    0.00    1.41 ^ output23/A (sky130_fd_sc_hd__buf_2)
                  0.17    0.24    1.66 ^ output23/X (sky130_fd_sc_hd__buf_2)
     1    0.03                           sum[4] (net)
                  0.17    0.00    1.66 ^ sum[4] (out)
                                  1.66   data arrival time

                  0.00    3.50    3.50   clock clk (rise edge)
                          0.00    3.50   clock network delay (ideal)
                         -0.25    3.25   clock uncertainty
                          0.00    3.25   clock reconvergence pessimism
                          0.00    3.25   output external delay
                                  3.25   data required time
-----------------------------------------------------------------------------
                                  3.25   data required time
                                 -1.66   data arrival time
-----------------------------------------------------------------------------
                                  1.59   slack (MET)


Startpoint: b[0] (input port clocked by clk)
Endpoint: sum[3] (output port clocked by clk)
Path Group: clk
Path Type: max
Corner: tt

Fanout     Cap    Slew   Delay    Time   Description
-----------------------------------------------------------------------------
                  0.00    0.00    0.00   clock clk (rise edge)
                          0.00    0.00   clock network delay (ideal)
                          0.00    0.00 v input external delay
                  0.01    0.01    0.01 v b[0] (in)
     1    0.00                           b[0] (net)
                  0.01    0.00    0.01 v input9/A (sky130_fd_sc_hd__clkbuf_1)
                  0.06    0.11    0.11 v input9/X (sky130_fd_sc_hd__clkbuf_1)
     2    0.01                           net9 (net)
                  0.06    0.00    0.11 v _35_/A (sky130_fd_sc_hd__or2_1)
                  0.06    0.26    0.37 v _35_/X (sky130_fd_sc_hd__or2_1)
     2    0.01                           _04_ (net)
                  0.06    0.00    0.37 v _37_/A2 (sky130_fd_sc_hd__a21bo_1)
                  0.06    0.23    0.60 v _37_/X (sky130_fd_sc_hd__a21bo_1)
     2    0.01                           _06_ (net)
                  0.06    0.00    0.60 v _40_/A1 (sky130_fd_sc_hd__a21bo_1)
                  0.06    0.21    0.81 v _40_/X (sky130_fd_sc_hd__a21bo_1)
     2    0.01                           _09_ (net)
                  0.06    0.00    0.81 v _43_/A1 (sky130_fd_sc_hd__a21bo_1)
                  0.06    0.20    1.01 v _43_/X (sky130_fd_sc_hd__a21bo_1)
     2    0.01                           _12_ (net)
                  0.06    0.00    1.01 v _70_/B (sky130_fd_sc_hd__xnor2_1)
                  0.11    0.13    1.14 ^ _70_/Y (sky130_fd_sc_hd__xnor2_1)
     1    0.00                           net22 (net)
                  0.11    0.00    1.14 ^ output22/A (sky130_fd_sc_hd__buf_2)
                  0.17    0.23    1.37 ^ output22/X (sky130_fd_sc_hd__buf_2)
     1    0.03                           sum[3] (net)
                  0.17    0.00    1.37 ^ sum[3] (out)
                                  1.37   data arrival time

                  0.00    3.50    3.50   clock clk (rise edge)
                          0.00    3.50   clock network delay (ideal)
                         -0.25    3.25   clock uncertainty
                          0.00    3.25   clock reconvergence pessimism
                          0.00    3.25   output external delay
                                  3.25   data required time
-----------------------------------------------------------------------------
                                  3.25   data required time
                                 -1.37   data arrival time
-----------------------------------------------------------------------------
                                  1.88   slack (MET)


Startpoint: b[0] (input port clocked by clk)
Endpoint: sum[2] (output port clocked by clk)
Path Group: clk
Path Type: max
Corner: tt

Fanout     Cap    Slew   Delay    Time   Description
-----------------------------------------------------------------------------
                  0.00    0.00    0.00   clock clk (rise edge)
                          0.00    0.00   clock network delay (ideal)
                          0.00    0.00 v input external delay
                  0.01    0.01    0.01 v b[0] (in)
     1    0.00                           b[0] (net)
                  0.01    0.00    0.01 v input9/A (sky130_fd_sc_hd__clkbuf_1)
                  0.06    0.11    0.11 v input9/X (sky130_fd_sc_hd__clkbuf_1)
     2    0.01                           net9 (net)
                  0.06    0.00    0.11 v _35_/A (sky130_fd_sc_hd__or2_1)
                  0.06    0.26    0.37 v _35_/X (sky130_fd_sc_hd__or2_1)
     2    0.01                           _04_ (net)
                  0.06    0.00    0.37 v _37_/A2 (sky130_fd_sc_hd__a21bo_1)
                  0.06    0.23    0.60 v _37_/X (sky130_fd_sc_hd__a21bo_1)
     2    0.01                           _06_ (net)
                  0.06    0.00    0.60 v _40_/A1 (sky130_fd_sc_hd__a21bo_1)
                  0.06    0.21    0.81 v _40_/X (sky130_fd_sc_hd__a21bo_1)
     2    0.01                           _09_ (net)
                  0.06    0.00    0.81 v _68_/A (sky130_fd_sc_hd__xnor2_1)
                  0.20    0.23    1.04 ^ _68_/Y (sky130_fd_sc_hd__xnor2_1)
     1    0.01                           net21 (net)
                  0.20    0.00    1.04 ^ output21/A (sky130_fd_sc_hd__buf_2)
                  0.17    0.26    1.30 ^ output21/X (sky130_fd_sc_hd__buf_2)
     1    0.03                           sum[2] (net)
                  0.17    0.00    1.30 ^ sum[2] (out)
                                  1.30   data arrival time

                  0.00    3.50    3.50   clock clk (rise edge)
                          0.00    3.50   clock network delay (ideal)
                         -0.25    3.25   clock uncertainty
                          0.00    3.25   clock reconvergence pessimism
                          0.00    3.25   output external delay
                                  3.25   data required time
-----------------------------------------------------------------------------
                                  3.25   data required time
                                 -1.30   data arrival time
-----------------------------------------------------------------------------
                                  1.95   slack (MET)


Startpoint: b[0] (input port clocked by clk)
Endpoint: sum[1] (output port clocked by clk)
Path Group: clk
Path Type: max
Corner: tt

Fanout     Cap    Slew   Delay    Time   Description
-----------------------------------------------------------------------------
                  0.00    0.00    0.00   clock clk (rise edge)
                          0.00    0.00   clock network delay (ideal)
                          0.00    0.00 v input external delay
                  0.01    0.01    0.01 v b[0] (in)
     1    0.00                           b[0] (net)
                  0.01    0.00    0.01 v input9/A (sky130_fd_sc_hd__clkbuf_1)
                  0.06    0.11    0.11 v input9/X (sky130_fd_sc_hd__clkbuf_1)
     2    0.01                           net9 (net)
                  0.06    0.00    0.11 v _35_/A (sky130_fd_sc_hd__or2_1)
                  0.06    0.26    0.37 v _35_/X (sky130_fd_sc_hd__or2_1)
     2    0.01                           _04_ (net)
                  0.06    0.00    0.37 v _37_/A2 (sky130_fd_sc_hd__a21bo_1)
                  0.06    0.23    0.60 v _37_/X (sky130_fd_sc_hd__a21bo_1)
     2    0.01                           _06_ (net)
                  0.06    0.00    0.60 v _66_/A (sky130_fd_sc_hd__xnor2_1)
                  0.14    0.18    0.78 ^ _66_/Y (sky130_fd_sc_hd__xnor2_1)
     1    0.00                           net20 (net)
                  0.14    0.00    0.78 ^ output20/A (sky130_fd_sc_hd__buf_2)
                  0.17    0.24    1.02 ^ output20/X (sky130_fd_sc_hd__buf_2)
     1    0.03                           sum[1] (net)
                  0.17    0.00    1.03 ^ sum[1] (out)
                                  1.03   data arrival time

                  0.00    3.50    3.50   clock clk (rise edge)
                          0.00    3.50   clock network delay (ideal)
                         -0.25    3.25   clock uncertainty
                          0.00    3.25   clock reconvergence pessimism
                          0.00    3.25   output external delay
                                  3.25   data required time
-----------------------------------------------------------------------------
                                  3.25   data required time
                                 -1.03   data arrival time
-----------------------------------------------------------------------------
                                  2.22   slack (MET)


Startpoint: b[0] (input port clocked by clk)
Endpoint: sum[0] (output port clocked by clk)
Path Group: clk
Path Type: max
Corner: tt

Fanout     Cap    Slew   Delay    Time   Description
-----------------------------------------------------------------------------
                  0.00    0.00    0.00   clock clk (rise edge)
                          0.00    0.00   clock network delay (ideal)
                          0.00    0.00 v input external delay
                  0.01    0.01    0.01 v b[0] (in)
     1    0.00                           b[0] (net)
                  0.01    0.00    0.01 v input9/A (sky130_fd_sc_hd__clkbuf_1)
                  0.06    0.11    0.11 v input9/X (sky130_fd_sc_hd__clkbuf_1)
     2    0.01                           net9 (net)
                  0.06    0.00    0.11 v _35_/A (sky130_fd_sc_hd__or2_1)
                  0.06    0.26    0.37 v _35_/X (sky130_fd_sc_hd__or2_1)
     2    0.01                           _04_ (net)
                  0.06    0.00    0.37 v _63_/B (sky130_fd_sc_hd__nand2_1)
                  0.07    0.09    0.46 ^ _63_/Y (sky130_fd_sc_hd__nand2_1)
     1    0.01                           _27_ (net)
                  0.07    0.00    0.46 ^ _64_/B (sky130_fd_sc_hd__xnor2_1)
                  0.20    0.15    0.62 ^ _64_/Y (sky130_fd_sc_hd__xnor2_1)
     1    0.01                           net19 (net)
                  0.20    0.00    0.62 ^ output19/A (sky130_fd_sc_hd__buf_2)
                  0.17    0.26    0.88 ^ output19/X (sky130_fd_sc_hd__buf_2)
     1    0.03                           sum[0] (net)
                  0.17    0.00    0.88 ^ sum[0] (out)
                                  0.88   data arrival time

                  0.00    3.50    3.50   clock clk (rise edge)
                          0.00    3.50   clock network delay (ideal)
                         -0.25    3.25   clock uncertainty
                          0.00    3.25   clock reconvergence pessimism
                          0.00    3.25   output external delay
                                  3.25   data required time
-----------------------------------------------------------------------------
                                  3.25   data required time
                                 -0.88   data arrival time
-----------------------------------------------------------------------------
                                  2.37   slack (MET)



======================= Fastest Corner ===================================

Startpoint: b[0] (input port clocked by clk)
Endpoint: sum[7] (output port clocked by clk)
Path Group: clk
Path Type: max
Corner: ff

Fanout     Cap    Slew   Delay    Time   Description
-----------------------------------------------------------------------------
                  0.00    0.00    0.00   clock clk (rise edge)
                          0.00    0.00   clock network delay (ideal)
                          0.00    0.00 v input external delay
                  0.01    0.00    0.00 v b[0] (in)
     1    0.00                           b[0] (net)
                  0.01    0.00    0.00 v input9/A (sky130_fd_sc_hd__clkbuf_1)
                  0.04    0.07    0.07 v input9/X (sky130_fd_sc_hd__clkbuf_1)
     2    0.01                           net9 (net)
                  0.04    0.00    0.08 v _35_/A (sky130_fd_sc_hd__or2_1)
                  0.04    0.15    0.23 v _35_/X (sky130_fd_sc_hd__or2_1)
     2    0.01                           _04_ (net)
                  0.04    0.00    0.23 v _37_/A2 (sky130_fd_sc_hd__a21bo_1)
                  0.04    0.15    0.38 v _37_/X (sky130_fd_sc_hd__a21bo_1)
     2    0.01                           _06_ (net)
                  0.04    0.00    0.38 v _40_/A1 (sky130_fd_sc_hd__a21bo_1)
                  0.04    0.13    0.51 v _40_/X (sky130_fd_sc_hd__a21bo_1)
     2    0.01                           _09_ (net)
                  0.04    0.00    0.51 v _43_/A1 (sky130_fd_sc_hd__a21bo_1)
                  0.04    0.13    0.64 v _43_/X (sky130_fd_sc_hd__a21bo_1)
     2    0.01                           _12_ (net)
                  0.04    0.00    0.64 v _45_/A2 (sky130_fd_sc_hd__a21bo_1)
                  0.05    0.15    0.80 v _45_/X (sky130_fd_sc_hd__a21bo_1)
     2    0.01                           _14_ (net)
                  0.05    0.00    0.80 v _50_/A2 (sky130_fd_sc_hd__a21bo_1)
                  0.04    0.15    0.95 v _50_/X (sky130_fd_sc_hd__a21bo_1)
     2    0.01                           _18_ (net)
                  0.04    0.00    0.95 v _55_/A2 (sky130_fd_sc_hd__a21bo_1)
                  0.04    0.15    1.10 v _55_/X (sky130_fd_sc_hd__a21bo_1)
     2    0.01                           _22_ (net)
                  0.04    0.00    1.10 v _60_/A2 (sky130_fd_sc_hd__a21boi_1)
                  0.16    0.17    1.27 ^ _60_/Y (sky130_fd_sc_hd__a21boi_1)
     2    0.01                           _26_ (net)
                  0.16    0.00    1.27 ^ _61_/B (sky130_fd_sc_hd__xnor2_1)
                  0.13    0.10    1.37 ^ _61_/Y (sky130_fd_sc_hd__xnor2_1)
     1    0.01                           net26 (net)
                  0.13    0.00    1.37 ^ output26/A (sky130_fd_sc_hd__buf_2)
                  0.13    0.17    1.53 ^ output26/X (sky130_fd_sc_hd__buf_2)
     1    0.03                           sum[7] (net)
                  0.13    0.00    1.54 ^ sum[7] (out)
                                  1.54   data arrival time

                  0.00    3.50    3.50   clock clk (rise edge)
                          0.00    3.50   clock network delay (ideal)
                         -0.25    3.25   clock uncertainty
                          0.00    3.25   clock reconvergence pessimism
                          0.00    3.25   output external delay
                                  3.25   data required time
-----------------------------------------------------------------------------
                                  3.25   data required time
                                 -1.54   data arrival time
-----------------------------------------------------------------------------
                                  1.71   slack (MET)


Startpoint: b[0] (input port clocked by clk)
Endpoint: cout (output port clocked by clk)
Path Group: clk
Path Type: max
Corner: ff

Fanout     Cap    Slew   Delay    Time   Description
-----------------------------------------------------------------------------
                  0.00    0.00    0.00   clock clk (rise edge)
                          0.00    0.00   clock network delay (ideal)
                          0.00    0.00 v input external delay
                  0.01    0.00    0.00 v b[0] (in)
     1    0.00                           b[0] (net)
                  0.01    0.00    0.00 v input9/A (sky130_fd_sc_hd__clkbuf_1)
                  0.04    0.07    0.07 v input9/X (sky130_fd_sc_hd__clkbuf_1)
     2    0.01                           net9 (net)
                  0.04    0.00    0.08 v _35_/A (sky130_fd_sc_hd__or2_1)
                  0.04    0.15    0.23 v _35_/X (sky130_fd_sc_hd__or2_1)
     2    0.01                           _04_ (net)
                  0.04    0.00    0.23 v _37_/A2 (sky130_fd_sc_hd__a21bo_1)
                  0.04    0.15    0.38 v _37_/X (sky130_fd_sc_hd__a21bo_1)
     2    0.01                           _06_ (net)
                  0.04    0.00    0.38 v _40_/A1 (sky130_fd_sc_hd__a21bo_1)
                  0.04    0.13    0.51 v _40_/X (sky130_fd_sc_hd__a21bo_1)
     2    0.01                           _09_ (net)
                  0.04    0.00    0.51 v _43_/A1 (sky130_fd_sc_hd__a21bo_1)
                  0.04    0.13    0.64 v _43_/X (sky130_fd_sc_hd__a21bo_1)
     2    0.01                           _12_ (net)
                  0.04    0.00    0.64 v _45_/A2 (sky130_fd_sc_hd__a21bo_1)
                  0.05    0.15    0.80 v _45_/X (sky130_fd_sc_hd__a21bo_1)
     2    0.01                           _14_ (net)
                  0.05    0.00    0.80 v _50_/A2 (sky130_fd_sc_hd__a21bo_1)
                  0.04    0.15    0.95 v _50_/X (sky130_fd_sc_hd__a21bo_1)
     2    0.01                           _18_ (net)
                  0.04    0.00    0.95 v _55_/A2 (sky130_fd_sc_hd__a21bo_1)
                  0.04    0.15    1.10 v _55_/X (sky130_fd_sc_hd__a21bo_1)
     2    0.01                           _22_ (net)
                  0.04    0.00    1.10 v _60_/A2 (sky130_fd_sc_hd__a21boi_1)
                  0.16    0.17    1.27 ^ _60_/Y (sky130_fd_sc_hd__a21boi_1)
     2    0.01                           _26_ (net)
                  0.16    0.00    1.27 ^ _62_/A2 (sky130_fd_sc_hd__o21bai_1)
                  0.05    0.05    1.32 v _62_/Y (sky130_fd_sc_hd__o21bai_1)
     1    0.00                           net18 (net)
                  0.05    0.00    1.32 v output18/A (sky130_fd_sc_hd__buf_2)
                  0.06    0.13    1.45 v output18/X (sky130_fd_sc_hd__buf_2)
     1    0.03                           cout (net)
                  0.06    0.00    1.45 v cout (out)
                                  1.45   data arrival time

                  0.00    3.50    3.50   clock clk (rise edge)
                          0.00    3.50   clock network delay (ideal)
                         -0.25    3.25   clock uncertainty
                          0.00    3.25   clock reconvergence pessimism
                          0.00    3.25   output external delay
                                  3.25   data required time
-----------------------------------------------------------------------------
                                  3.25   data required time
                                 -1.45   data arrival time
-----------------------------------------------------------------------------
                                  1.80   slack (MET)


Startpoint: b[0] (input port clocked by clk)
Endpoint: sum[6] (output port clocked by clk)
Path Group: clk
Path Type: max
Corner: ff

Fanout     Cap    Slew   Delay    Time   Description
-----------------------------------------------------------------------------
                  0.00    0.00    0.00   clock clk (rise edge)
                          0.00    0.00   clock network delay (ideal)
                          0.00    0.00 v input external delay
                  0.01    0.00    0.00 v b[0] (in)
     1    0.00                           b[0] (net)
                  0.01    0.00    0.00 v input9/A (sky130_fd_sc_hd__clkbuf_1)
                  0.04    0.07    0.07 v input9/X (sky130_fd_sc_hd__clkbuf_1)
     2    0.01                           net9 (net)
                  0.04    0.00    0.08 v _35_/A (sky130_fd_sc_hd__or2_1)
                  0.04    0.15    0.23 v _35_/X (sky130_fd_sc_hd__or2_1)
     2    0.01                           _04_ (net)
                  0.04    0.00    0.23 v _37_/A2 (sky130_fd_sc_hd__a21bo_1)
                  0.04    0.15    0.38 v _37_/X (sky130_fd_sc_hd__a21bo_1)
     2    0.01                           _06_ (net)
                  0.04    0.00    0.38 v _40_/A1 (sky130_fd_sc_hd__a21bo_1)
                  0.04    0.13    0.51 v _40_/X (sky130_fd_sc_hd__a21bo_1)
     2    0.01                           _09_ (net)
                  0.04    0.00    0.51 v _43_/A1 (sky130_fd_sc_hd__a21bo_1)
                  0.04    0.13    0.64 v _43_/X (sky130_fd_sc_hd__a21bo_1)
     2    0.01                           _12_ (net)
                  0.04    0.00    0.64 v _45_/A2 (sky130_fd_sc_hd__a21bo_1)
                  0.05    0.15    0.80 v _45_/X (sky130_fd_sc_hd__a21bo_1)
     2    0.01                           _14_ (net)
                  0.05    0.00    0.80 v _50_/A2 (sky130_fd_sc_hd__a21bo_1)
                  0.04    0.15    0.95 v _50_/X (sky130_fd_sc_hd__a21bo_1)
     2    0.01                           _18_ (net)
                  0.04    0.00    0.95 v _55_/A2 (sky130_fd_sc_hd__a21bo_1)
                  0.04    0.15    1.10 v _55_/X (sky130_fd_sc_hd__a21bo_1)
     2    0.01                           _22_ (net)
                  0.04    0.00    1.10 v _56_/B (sky130_fd_sc_hd__xnor2_1)
                  0.09    0.10    1.20 ^ _56_/Y (sky130_fd_sc_hd__xnor2_1)
     1    0.00                           net25 (net)
                  0.09    0.00    1.20 ^ output25/A (sky130_fd_sc_hd__buf_2)
                  0.13    0.16    1.36 ^ output25/X (sky130_fd_sc_hd__buf_2)
     1    0.03                           sum[6] (net)
                  0.13    0.00    1.36 ^ sum[6] (out)
                                  1.36   data arrival time

                  0.00    3.50    3.50   clock clk (rise edge)
                          0.00    3.50   clock network delay (ideal)
                         -0.25    3.25   clock uncertainty
                          0.00    3.25   clock reconvergence pessimism
                          0.00    3.25   output external delay
                                  3.25   data required time
-----------------------------------------------------------------------------
                                  3.25   data required time
                                 -1.36   data arrival time
-----------------------------------------------------------------------------
                                  1.89   slack (MET)


Startpoint: b[0] (input port clocked by clk)
Endpoint: sum[5] (output port clocked by clk)
Path Group: clk
Path Type: max
Corner: ff

Fanout     Cap    Slew   Delay    Time   Description
-----------------------------------------------------------------------------
                  0.00    0.00    0.00   clock clk (rise edge)
                          0.00    0.00   clock network delay (ideal)
                          0.00    0.00 v input external delay
                  0.01    0.00    0.00 v b[0] (in)
     1    0.00                           b[0] (net)
                  0.01    0.00    0.00 v input9/A (sky130_fd_sc_hd__clkbuf_1)
                  0.04    0.07    0.07 v input9/X (sky130_fd_sc_hd__clkbuf_1)
     2    0.01                           net9 (net)
                  0.04    0.00    0.08 v _35_/A (sky130_fd_sc_hd__or2_1)
                  0.04    0.15    0.23 v _35_/X (sky130_fd_sc_hd__or2_1)
     2    0.01                           _04_ (net)
                  0.04    0.00    0.23 v _37_/A2 (sky130_fd_sc_hd__a21bo_1)
                  0.04    0.15    0.38 v _37_/X (sky130_fd_sc_hd__a21bo_1)
     2    0.01                           _06_ (net)
                  0.04    0.00    0.38 v _40_/A1 (sky130_fd_sc_hd__a21bo_1)
                  0.04    0.13    0.51 v _40_/X (sky130_fd_sc_hd__a21bo_1)
     2    0.01                           _09_ (net)
                  0.04    0.00    0.51 v _43_/A1 (sky130_fd_sc_hd__a21bo_1)
                  0.04    0.13    0.64 v _43_/X (sky130_fd_sc_hd__a21bo_1)
     2    0.01                           _12_ (net)
                  0.04    0.00    0.64 v _45_/A2 (sky130_fd_sc_hd__a21bo_1)
                  0.05    0.15    0.80 v _45_/X (sky130_fd_sc_hd__a21bo_1)
     2    0.01                           _14_ (net)
                  0.05    0.00    0.80 v _50_/A2 (sky130_fd_sc_hd__a21bo_1)
                  0.04    0.15    0.95 v _50_/X (sky130_fd_sc_hd__a21bo_1)
     2    0.01                           _18_ (net)
                  0.04    0.00    0.95 v _51_/B (sky130_fd_sc_hd__xnor2_1)
                  0.10    0.11    1.06 ^ _51_/Y (sky130_fd_sc_hd__xnor2_1)
     1    0.00                           net24 (net)
                  0.10    0.00    1.06 ^ output24/A (sky130_fd_sc_hd__buf_2)
                  0.13    0.16    1.22 ^ output24/X (sky130_fd_sc_hd__buf_2)
     1    0.03                           sum[5] (net)
                  0.13    0.00    1.22 ^ sum[5] (out)
                                  1.22   data arrival time

                  0.00    3.50    3.50   clock clk (rise edge)
                          0.00    3.50   clock network delay (ideal)
                         -0.25    3.25   clock uncertainty
                          0.00    3.25   clock reconvergence pessimism
                          0.00    3.25   output external delay
                                  3.25   data required time
-----------------------------------------------------------------------------
                                  3.25   data required time
                                 -1.22   data arrival time
-----------------------------------------------------------------------------
                                  2.03   slack (MET)


Startpoint: b[0] (input port clocked by clk)
Endpoint: sum[4] (output port clocked by clk)
Path Group: clk
Path Type: max
Corner: ff

Fanout     Cap    Slew   Delay    Time   Description
-----------------------------------------------------------------------------
                  0.00    0.00    0.00   clock clk (rise edge)
                          0.00    0.00   clock network delay (ideal)
                          0.00    0.00 v input external delay
                  0.01    0.00    0.00 v b[0] (in)
     1    0.00                           b[0] (net)
                  0.01    0.00    0.00 v input9/A (sky130_fd_sc_hd__clkbuf_1)
                  0.04    0.07    0.07 v input9/X (sky130_fd_sc_hd__clkbuf_1)
     2    0.01                           net9 (net)
                  0.04    0.00    0.08 v _35_/A (sky130_fd_sc_hd__or2_1)
                  0.04    0.15    0.23 v _35_/X (sky130_fd_sc_hd__or2_1)
     2    0.01                           _04_ (net)
                  0.04    0.00    0.23 v _37_/A2 (sky130_fd_sc_hd__a21bo_1)
                  0.04    0.15    0.38 v _37_/X (sky130_fd_sc_hd__a21bo_1)
     2    0.01                           _06_ (net)
                  0.04    0.00    0.38 v _40_/A1 (sky130_fd_sc_hd__a21bo_1)
                  0.04    0.13    0.51 v _40_/X (sky130_fd_sc_hd__a21bo_1)
     2    0.01                           _09_ (net)
                  0.04    0.00    0.51 v _43_/A1 (sky130_fd_sc_hd__a21bo_1)
                  0.04    0.13    0.64 v _43_/X (sky130_fd_sc_hd__a21bo_1)
     2    0.01                           _12_ (net)
                  0.04    0.00    0.64 v _45_/A2 (sky130_fd_sc_hd__a21bo_1)
                  0.05    0.15    0.80 v _45_/X (sky130_fd_sc_hd__a21bo_1)
     2    0.01                           _14_ (net)
                  0.05    0.00    0.80 v _46_/B (sky130_fd_sc_hd__xnor2_1)
                  0.10    0.11    0.91 ^ _46_/Y (sky130_fd_sc_hd__xnor2_1)
     1    0.00                           net23 (net)
                  0.10    0.00    0.91 ^ output23/A (sky130_fd_sc_hd__buf_2)
                  0.13    0.16    1.07 ^ output23/X (sky130_fd_sc_hd__buf_2)
     1    0.03                           sum[4] (net)
                  0.13    0.00    1.07 ^ sum[4] (out)
                                  1.07   data arrival time

                  0.00    3.50    3.50   clock clk (rise edge)
                          0.00    3.50   clock network delay (ideal)
                         -0.25    3.25   clock uncertainty
                          0.00    3.25   clock reconvergence pessimism
                          0.00    3.25   output external delay
                                  3.25   data required time
-----------------------------------------------------------------------------
                                  3.25   data required time
                                 -1.07   data arrival time
-----------------------------------------------------------------------------
                                  2.18   slack (MET)


Startpoint: b[0] (input port clocked by clk)
Endpoint: sum[3] (output port clocked by clk)
Path Group: clk
Path Type: max
Corner: ff

Fanout     Cap    Slew   Delay    Time   Description
-----------------------------------------------------------------------------
                  0.00    0.00    0.00   clock clk (rise edge)
                          0.00    0.00   clock network delay (ideal)
                          0.00    0.00 v input external delay
                  0.01    0.00    0.00 v b[0] (in)
     1    0.00                           b[0] (net)
                  0.01    0.00    0.00 v input9/A (sky130_fd_sc_hd__clkbuf_1)
                  0.04    0.07    0.07 v input9/X (sky130_fd_sc_hd__clkbuf_1)
     2    0.01                           net9 (net)
                  0.04    0.00    0.08 v _35_/A (sky130_fd_sc_hd__or2_1)
                  0.04    0.15    0.23 v _35_/X (sky130_fd_sc_hd__or2_1)
     2    0.01                           _04_ (net)
                  0.04    0.00    0.23 v _37_/A2 (sky130_fd_sc_hd__a21bo_1)
                  0.04    0.15    0.38 v _37_/X (sky130_fd_sc_hd__a21bo_1)
     2    0.01                           _06_ (net)
                  0.04    0.00    0.38 v _40_/A1 (sky130_fd_sc_hd__a21bo_1)
                  0.04    0.13    0.51 v _40_/X (sky130_fd_sc_hd__a21bo_1)
     2    0.01                           _09_ (net)
                  0.04    0.00    0.51 v _43_/A1 (sky130_fd_sc_hd__a21bo_1)
                  0.04    0.13    0.64 v _43_/X (sky130_fd_sc_hd__a21bo_1)
     2    0.01                           _12_ (net)
                  0.04    0.00    0.64 v _70_/B (sky130_fd_sc_hd__xnor2_1)
                  0.08    0.09    0.73 ^ _70_/Y (sky130_fd_sc_hd__xnor2_1)
     1    0.00                           net22 (net)
                  0.08    0.00    0.73 ^ output22/A (sky130_fd_sc_hd__buf_2)
                  0.13    0.16    0.89 ^ output22/X (sky130_fd_sc_hd__buf_2)
     1    0.03                           sum[3] (net)
                  0.13    0.00    0.89 ^ sum[3] (out)
                                  0.89   data arrival time

                  0.00    3.50    3.50   clock clk (rise edge)
                          0.00    3.50   clock network delay (ideal)
                         -0.25    3.25   clock uncertainty
                          0.00    3.25   clock reconvergence pessimism
                          0.00    3.25   output external delay
                                  3.25   data required time
-----------------------------------------------------------------------------
                                  3.25   data required time
                                 -0.89   data arrival time
-----------------------------------------------------------------------------
                                  2.36   slack (MET)


Startpoint: b[0] (input port clocked by clk)
Endpoint: sum[2] (output port clocked by clk)
Path Group: clk
Path Type: max
Corner: ff

Fanout     Cap    Slew   Delay    Time   Description
-----------------------------------------------------------------------------
                  0.00    0.00    0.00   clock clk (rise edge)
                          0.00    0.00   clock network delay (ideal)
                          0.00    0.00 v input external delay
                  0.01    0.00    0.00 v b[0] (in)
     1    0.00                           b[0] (net)
                  0.01    0.00    0.00 v input9/A (sky130_fd_sc_hd__clkbuf_1)
                  0.04    0.07    0.07 v input9/X (sky130_fd_sc_hd__clkbuf_1)
     2    0.01                           net9 (net)
                  0.04    0.00    0.08 v _35_/A (sky130_fd_sc_hd__or2_1)
                  0.04    0.15    0.23 v _35_/X (sky130_fd_sc_hd__or2_1)
     2    0.01                           _04_ (net)
                  0.04    0.00    0.23 v _37_/A2 (sky130_fd_sc_hd__a21bo_1)
                  0.04    0.15    0.38 v _37_/X (sky130_fd_sc_hd__a21bo_1)
     2    0.01                           _06_ (net)
                  0.04    0.00    0.38 v _40_/A1 (sky130_fd_sc_hd__a21bo_1)
                  0.04    0.13    0.51 v _40_/X (sky130_fd_sc_hd__a21bo_1)
     2    0.01                           _09_ (net)
                  0.04    0.00    0.51 v _68_/A (sky130_fd_sc_hd__xnor2_1)
                  0.14    0.15    0.67 ^ _68_/Y (sky130_fd_sc_hd__xnor2_1)
     1    0.01                           net21 (net)
                  0.14    0.00    0.67 ^ output21/A (sky130_fd_sc_hd__buf_2)
                  0.13    0.17    0.84 ^ output21/X (sky130_fd_sc_hd__buf_2)
     1    0.03                           sum[2] (net)
                  0.13    0.00    0.84 ^ sum[2] (out)
                                  0.84   data arrival time

                  0.00    3.50    3.50   clock clk (rise edge)
                          0.00    3.50   clock network delay (ideal)
                         -0.25    3.25   clock uncertainty
                          0.00    3.25   clock reconvergence pessimism
                          0.00    3.25   output external delay
                                  3.25   data required time
-----------------------------------------------------------------------------
                                  3.25   data required time
                                 -0.84   data arrival time
-----------------------------------------------------------------------------
                                  2.41   slack (MET)


Startpoint: b[0] (input port clocked by clk)
Endpoint: sum[1] (output port clocked by clk)
Path Group: clk
Path Type: max
Corner: ff

Fanout     Cap    Slew   Delay    Time   Description
-----------------------------------------------------------------------------
                  0.00    0.00    0.00   clock clk (rise edge)
                          0.00    0.00   clock network delay (ideal)
                          0.00    0.00 v input external delay
                  0.01    0.00    0.00 v b[0] (in)
     1    0.00                           b[0] (net)
                  0.01    0.00    0.00 v input9/A (sky130_fd_sc_hd__clkbuf_1)
                  0.04    0.07    0.07 v input9/X (sky130_fd_sc_hd__clkbuf_1)
     2    0.01                           net9 (net)
                  0.04    0.00    0.08 v _35_/A (sky130_fd_sc_hd__or2_1)
                  0.04    0.15    0.23 v _35_/X (sky130_fd_sc_hd__or2_1)
     2    0.01                           _04_ (net)
                  0.04    0.00    0.23 v _37_/A2 (sky130_fd_sc_hd__a21bo_1)
                  0.04    0.15    0.38 v _37_/X (sky130_fd_sc_hd__a21bo_1)
     2    0.01                           _06_ (net)
                  0.04    0.00    0.38 v _66_/A (sky130_fd_sc_hd__xnor2_1)
                  0.10    0.12    0.50 ^ _66_/Y (sky130_fd_sc_hd__xnor2_1)
     1    0.00                           net20 (net)
                  0.10    0.00    0.50 ^ output20/A (sky130_fd_sc_hd__buf_2)
                  0.13    0.16    0.66 ^ output20/X (sky130_fd_sc_hd__buf_2)
     1    0.03                           sum[1] (net)
                  0.13    0.00    0.66 ^ sum[1] (out)
                                  0.66   data arrival time

                  0.00    3.50    3.50   clock clk (rise edge)
                          0.00    3.50   clock network delay (ideal)
                         -0.25    3.25   clock uncertainty
                          0.00    3.25   clock reconvergence pessimism
                          0.00    3.25   output external delay
                                  3.25   data required time
-----------------------------------------------------------------------------
                                  3.25   data required time
                                 -0.66   data arrival time
-----------------------------------------------------------------------------
                                  2.59   slack (MET)


Startpoint: b[0] (input port clocked by clk)
Endpoint: sum[0] (output port clocked by clk)
Path Group: clk
Path Type: max
Corner: ff

Fanout     Cap    Slew   Delay    Time   Description
-----------------------------------------------------------------------------
                  0.00    0.00    0.00   clock clk (rise edge)
                          0.00    0.00   clock network delay (ideal)
                          0.00    0.00 v input external delay
                  0.01    0.00    0.00 v b[0] (in)
     1    0.00                           b[0] (net)
                  0.01    0.00    0.00 v input9/A (sky130_fd_sc_hd__clkbuf_1)
                  0.04    0.07    0.07 v input9/X (sky130_fd_sc_hd__clkbuf_1)
     2    0.01                           net9 (net)
                  0.04    0.00    0.08 v _35_/A (sky130_fd_sc_hd__or2_1)
                  0.04    0.15    0.23 v _35_/X (sky130_fd_sc_hd__or2_1)
     2    0.01                           _04_ (net)
                  0.04    0.00    0.23 v _63_/B (sky130_fd_sc_hd__nand2_1)
                  0.05    0.06    0.29 ^ _63_/Y (sky130_fd_sc_hd__nand2_1)
     1    0.01                           _27_ (net)
                  0.05    0.00    0.29 ^ _64_/B (sky130_fd_sc_hd__xnor2_1)
                  0.14    0.10    0.39 ^ _64_/Y (sky130_fd_sc_hd__xnor2_1)
     1    0.01                           net19 (net)
                  0.14    0.00    0.39 ^ output19/A (sky130_fd_sc_hd__buf_2)
                  0.13    0.17    0.56 ^ output19/X (sky130_fd_sc_hd__buf_2)
     1    0.03                           sum[0] (net)
                  0.13    0.00    0.56 ^ sum[0] (out)
                                  0.56   data arrival time

                  0.00    3.50    3.50   clock clk (rise edge)
                          0.00    3.50   clock network delay (ideal)
                         -0.25    3.25   clock uncertainty
                          0.00    3.25   clock reconvergence pessimism
                          0.00    3.25   output external delay
                                  3.25   data required time
-----------------------------------------------------------------------------
                                  3.25   data required time
                                 -0.56   data arrival time
-----------------------------------------------------------------------------
                                  2.69   slack (MET)


