
===========================================================================
report_checks -unconstrained
============================================================================
Startpoint: a[0] (input port clocked by clk)
Endpoint: sum[30] (output port clocked by clk)
Path Group: clk
Path Type: max

Fanout     Cap    Slew   Delay    Time   Description
-----------------------------------------------------------------------------
                  0.00    0.00    0.00   clock clk (rise edge)
                          0.00    0.00   clock network delay (ideal)
                          0.00    0.00 v input external delay
                  0.03    0.02    0.02 v a[0] (in)
     2    0.01                           a[0] (net)
                  0.03    0.00    0.02 v ppa_pre_1_0.U1.xor2/A (sky130_fd_sc_hd__xor2_1)
                  0.07    0.18    0.20 v ppa_pre_1_0.U1.xor2/X (sky130_fd_sc_hd__xor2_1)
     2    0.01                           ppa_grey_1_1.U1.A1 (net)
                  0.07    0.00    0.20 v ppa_grey_1_1.U1.ao21/A2 (sky130_fd_sc_hd__a21o_1)
                  0.06    0.22    0.41 v ppa_grey_1_1.U1.ao21/X (sky130_fd_sc_hd__a21o_1)
     2    0.01                           ppa_buffer_1_5.U2.A (net)
                  0.06    0.00    0.41 v ppa_grey_3_2.U1.ao21/A1 (sky130_fd_sc_hd__a21o_1)
                  0.06    0.19    0.60 v ppa_grey_3_2.U1.ao21/X (sky130_fd_sc_hd__a21o_1)
     2    0.01                           ppa_buffer_3_5.U2.A (net)
                  0.06    0.00    0.60 v ppa_grey_7_3.U1.ao21/A1 (sky130_fd_sc_hd__a21o_1)
                  0.06    0.19    0.79 v ppa_grey_7_3.U1.ao21/X (sky130_fd_sc_hd__a21o_1)
     2    0.01                           ppa_buffer_7_5.U2.A (net)
                  0.06    0.00    0.79 v ppa_grey_15_4.U1.ao21/A1 (sky130_fd_sc_hd__a21o_1)
                  0.05    0.18    0.97 v ppa_grey_15_4.U1.ao21/X (sky130_fd_sc_hd__a21o_1)
     2    0.01                           ppa_buffer_15_5.U2.A (net)
                  0.05    0.00    0.97 v ppa_buffer_15_5.U2.buffer/A (sky130_fd_sc_hd__buf_1)
                  0.04    0.11    1.08 v ppa_buffer_15_5.U2.buffer/X (sky130_fd_sc_hd__buf_1)
     2    0.01                           ppa_buffer_15_5.U2.Y (net)
                  0.04    0.00    1.08 v ppa_grey_23_6.U1.ao21/A1 (sky130_fd_sc_hd__a21o_1)
                  0.05    0.17    1.25 v ppa_grey_23_6.U1.ao21/X (sky130_fd_sc_hd__a21o_1)
     2    0.01                           ppa_buffer_23_7.U2.A (net)
                  0.05    0.00    1.25 v ppa_grey_27_7.U1.ao21/A1 (sky130_fd_sc_hd__a21o_1)
                  0.05    0.17    1.42 v ppa_grey_27_7.U1.ao21/X (sky130_fd_sc_hd__a21o_1)
     2    0.01                           ppa_buffer_27_8.U2.A (net)
                  0.05    0.00    1.42 v ppa_grey_29_8.U1.ao21/A1 (sky130_fd_sc_hd__a21o_1)
                  0.06    0.19    1.61 v ppa_grey_29_8.U1.ao21/X (sky130_fd_sc_hd__a21o_1)
     2    0.01                           ppa_grey_29_8.U1.Y (net)
                  0.06    0.00    1.61 v ppa_grey_30_9.U1.ao21/A1 (sky130_fd_sc_hd__a21o_1)
                  0.04    0.17    1.78 v ppa_grey_30_9.U1.ao21/X (sky130_fd_sc_hd__a21o_1)
     1    0.00                           ppa_grey_30_9.U1.Y (net)
                  0.04    0.00    1.78 v ppa_post_30_10.U1.xor2/B (sky130_fd_sc_hd__xor2_1)
                  0.13    0.14    1.93 ^ ppa_post_30_10.U1.xor2/X (sky130_fd_sc_hd__xor2_1)
     1    0.00                           ppa_post_30_10.U1.Y (net)
                  0.13    0.00    1.93 ^ _07_/A (sky130_fd_sc_hd__buf_2)
                  0.19    0.26    2.18 ^ _07_/X (sky130_fd_sc_hd__buf_2)
     1    0.03                           sum[30] (net)
                  0.19    0.00    2.18 ^ sum[30] (out)
                                  2.18   data arrival time

                  0.00    2.00    2.00   clock clk (rise edge)
                          0.00    2.00   clock network delay (ideal)
                         -0.25    1.75   clock uncertainty
                          0.00    1.75   clock reconvergence pessimism
                          0.00    1.75   output external delay
                                  1.75   data required time
-----------------------------------------------------------------------------
                                  1.75   data required time
                                 -2.18   data arrival time
-----------------------------------------------------------------------------
                                 -0.43   slack (VIOLATED)



===========================================================================
report_checks --slack_max -0.01
============================================================================
Startpoint: a[0] (input port clocked by clk)
Endpoint: sum[30] (output port clocked by clk)
Path Group: clk
Path Type: max

Fanout     Cap    Slew   Delay    Time   Description
-----------------------------------------------------------------------------
                  0.00    0.00    0.00   clock clk (rise edge)
                          0.00    0.00   clock network delay (ideal)
                          0.00    0.00 v input external delay
                  0.03    0.02    0.02 v a[0] (in)
     2    0.01                           a[0] (net)
                  0.03    0.00    0.02 v ppa_pre_1_0.U1.xor2/A (sky130_fd_sc_hd__xor2_1)
                  0.07    0.18    0.20 v ppa_pre_1_0.U1.xor2/X (sky130_fd_sc_hd__xor2_1)
     2    0.01                           ppa_grey_1_1.U1.A1 (net)
                  0.07    0.00    0.20 v ppa_grey_1_1.U1.ao21/A2 (sky130_fd_sc_hd__a21o_1)
                  0.06    0.22    0.41 v ppa_grey_1_1.U1.ao21/X (sky130_fd_sc_hd__a21o_1)
     2    0.01                           ppa_buffer_1_5.U2.A (net)
                  0.06    0.00    0.41 v ppa_grey_3_2.U1.ao21/A1 (sky130_fd_sc_hd__a21o_1)
                  0.06    0.19    0.60 v ppa_grey_3_2.U1.ao21/X (sky130_fd_sc_hd__a21o_1)
     2    0.01                           ppa_buffer_3_5.U2.A (net)
                  0.06    0.00    0.60 v ppa_grey_7_3.U1.ao21/A1 (sky130_fd_sc_hd__a21o_1)
                  0.06    0.19    0.79 v ppa_grey_7_3.U1.ao21/X (sky130_fd_sc_hd__a21o_1)
     2    0.01                           ppa_buffer_7_5.U2.A (net)
                  0.06    0.00    0.79 v ppa_grey_15_4.U1.ao21/A1 (sky130_fd_sc_hd__a21o_1)
                  0.05    0.18    0.97 v ppa_grey_15_4.U1.ao21/X (sky130_fd_sc_hd__a21o_1)
     2    0.01                           ppa_buffer_15_5.U2.A (net)
                  0.05    0.00    0.97 v ppa_buffer_15_5.U2.buffer/A (sky130_fd_sc_hd__buf_1)
                  0.04    0.11    1.08 v ppa_buffer_15_5.U2.buffer/X (sky130_fd_sc_hd__buf_1)
     2    0.01                           ppa_buffer_15_5.U2.Y (net)
                  0.04    0.00    1.08 v ppa_grey_23_6.U1.ao21/A1 (sky130_fd_sc_hd__a21o_1)
                  0.05    0.17    1.25 v ppa_grey_23_6.U1.ao21/X (sky130_fd_sc_hd__a21o_1)
     2    0.01                           ppa_buffer_23_7.U2.A (net)
                  0.05    0.00    1.25 v ppa_grey_27_7.U1.ao21/A1 (sky130_fd_sc_hd__a21o_1)
                  0.05    0.17    1.42 v ppa_grey_27_7.U1.ao21/X (sky130_fd_sc_hd__a21o_1)
     2    0.01                           ppa_buffer_27_8.U2.A (net)
                  0.05    0.00    1.42 v ppa_grey_29_8.U1.ao21/A1 (sky130_fd_sc_hd__a21o_1)
                  0.06    0.19    1.61 v ppa_grey_29_8.U1.ao21/X (sky130_fd_sc_hd__a21o_1)
     2    0.01                           ppa_grey_29_8.U1.Y (net)
                  0.06    0.00    1.61 v ppa_grey_30_9.U1.ao21/A1 (sky130_fd_sc_hd__a21o_1)
                  0.04    0.17    1.78 v ppa_grey_30_9.U1.ao21/X (sky130_fd_sc_hd__a21o_1)
     1    0.00                           ppa_grey_30_9.U1.Y (net)
                  0.04    0.00    1.78 v ppa_post_30_10.U1.xor2/B (sky130_fd_sc_hd__xor2_1)
                  0.13    0.14    1.93 ^ ppa_post_30_10.U1.xor2/X (sky130_fd_sc_hd__xor2_1)
     1    0.00                           ppa_post_30_10.U1.Y (net)
                  0.13    0.00    1.93 ^ _07_/A (sky130_fd_sc_hd__buf_2)
                  0.19    0.26    2.18 ^ _07_/X (sky130_fd_sc_hd__buf_2)
     1    0.03                           sum[30] (net)
                  0.19    0.00    2.18 ^ sum[30] (out)
                                  2.18   data arrival time

                  0.00    2.00    2.00   clock clk (rise edge)
                          0.00    2.00   clock network delay (ideal)
                         -0.25    1.75   clock uncertainty
                          0.00    1.75   clock reconvergence pessimism
                          0.00    1.75   output external delay
                                  1.75   data required time
-----------------------------------------------------------------------------
                                  1.75   data required time
                                 -2.18   data arrival time
-----------------------------------------------------------------------------
                                 -0.43   slack (VIOLATED)


