
===========================================================================
report_checks -path_delay max (Setup)
============================================================================
Startpoint: b[2] (input port clocked by clk)
Endpoint: sum[6] (output port clocked by clk)
Path Group: clk
Path Type: max

Fanout     Cap    Slew   Delay    Time   Description
-----------------------------------------------------------------------------
                  0.00    0.00    0.00   clock clk (rise edge)
                          0.00    0.00   clock network delay (ideal)
                          0.00    0.00 v input external delay
                  0.01    0.01    0.01 v b[2] (in)
     1    0.01                           b[2] (net)
                  0.01    0.00    0.01 v input11/A (sky130_fd_sc_hs__clkbuf_1)
                  0.08    0.11    0.12 v input11/X (sky130_fd_sc_hs__clkbuf_1)
     2    0.01                           net11 (net)
                  0.08    0.00    0.12 v ppa_pre_3_0.U1.xor2/B (sky130_fd_sc_hs__xor2_2)
                  0.07    0.18    0.30 v ppa_pre_3_0.U1.xor2/X (sky130_fd_sc_hs__xor2_2)
     3    0.01                           ppa_black_3_1.U1.A (net)
                  0.07    0.00    0.30 v ppa_black_3_1.U2.ao21/A2 (sky130_fd_sc_hs__a21o_1)
                  0.03    0.14    0.44 v ppa_black_3_1.U2.ao21/X (sky130_fd_sc_hs__a21o_1)
     1    0.00                           ppa_black_3_1.U2.Y (net)
                  0.03    0.00    0.44 v ppa_grey_3_2.U1.ao21/B1 (sky130_fd_sc_hs__a21o_1)
                  0.05    0.14    0.58 v ppa_grey_3_2.U1.ao21/X (sky130_fd_sc_hs__a21o_1)
     2    0.01                           ppa_buffer_3_3.U2.A (net)
                  0.05    0.00    0.58 v ppa_buffer_3_3.U2.buffer/A (sky130_fd_sc_hs__clkbuf_1)
                  0.05    0.10    0.68 v ppa_buffer_3_3.U2.buffer/X (sky130_fd_sc_hs__clkbuf_1)
     2    0.01                           ppa_buffer_3_3.U2.Y (net)
                  0.05    0.00    0.68 v ppa_grey_5_4.U1.ao21/A1 (sky130_fd_sc_hs__a21o_1)
                  0.05    0.16    0.84 v ppa_grey_5_4.U1.ao21/X (sky130_fd_sc_hs__a21o_1)
     2    0.01                           ppa_grey_5_4.U1.Y (net)
                  0.05    0.00    0.84 v ppa_grey_6_5.U1.ao21/A1 (sky130_fd_sc_hs__a21o_1)
                  0.04    0.14    0.97 v ppa_grey_6_5.U1.ao21/X (sky130_fd_sc_hs__a21o_1)
     1    0.01                           ppa_grey_6_5.U1.Y (net)
                  0.04    0.00    0.97 v ppa_post_6_6.U1.xor2/B (sky130_fd_sc_hs__xor2_1)
                  0.10    0.10    1.08 ^ ppa_post_6_6.U1.xor2/X (sky130_fd_sc_hs__xor2_1)
     1    0.00                           ppa_post_6_6.U1.Y (net)
                  0.10    0.00    1.08 ^ _6_/A (sky130_fd_sc_hs__clkbuf_1)
                  0.03    0.09    1.16 ^ _6_/X (sky130_fd_sc_hs__clkbuf_1)
     1    0.00                           net25 (net)
                  0.03    0.00    1.16 ^ output25/A (sky130_fd_sc_hs__clkbuf_4)
                  0.10    0.16    1.33 ^ output25/X (sky130_fd_sc_hs__clkbuf_4)
     1    0.04                           sum[6] (net)
                  0.10    0.00    1.33 ^ sum[6] (out)
                                  1.33   data arrival time

                  0.00    1.00    1.00   clock clk (rise edge)
                          0.00    1.00   clock network delay (ideal)
                         -0.25    0.75   clock uncertainty
                          0.00    0.75   clock reconvergence pessimism
                          0.00    0.75   output external delay
                                  0.75   data required time
-----------------------------------------------------------------------------
                                  0.75   data required time
                                 -1.33   data arrival time
-----------------------------------------------------------------------------
                                 -0.58   slack (VIOLATED)


Startpoint: b[2] (input port clocked by clk)
Endpoint: sum[4] (output port clocked by clk)
Path Group: clk
Path Type: max

Fanout     Cap    Slew   Delay    Time   Description
-----------------------------------------------------------------------------
                  0.00    0.00    0.00   clock clk (rise edge)
                          0.00    0.00   clock network delay (ideal)
                          0.00    0.00 v input external delay
                  0.01    0.01    0.01 v b[2] (in)
     1    0.01                           b[2] (net)
                  0.01    0.00    0.01 v input11/A (sky130_fd_sc_hs__clkbuf_1)
                  0.08    0.11    0.12 v input11/X (sky130_fd_sc_hs__clkbuf_1)
     2    0.01                           net11 (net)
                  0.08    0.00    0.12 v ppa_pre_3_0.U1.xor2/B (sky130_fd_sc_hs__xor2_2)
                  0.07    0.18    0.30 v ppa_pre_3_0.U1.xor2/X (sky130_fd_sc_hs__xor2_2)
     3    0.01                           ppa_black_3_1.U1.A (net)
                  0.07    0.00    0.30 v ppa_black_3_1.U2.ao21/A2 (sky130_fd_sc_hs__a21o_1)
                  0.03    0.14    0.44 v ppa_black_3_1.U2.ao21/X (sky130_fd_sc_hs__a21o_1)
     1    0.00                           ppa_black_3_1.U2.Y (net)
                  0.03    0.00    0.44 v ppa_grey_3_2.U1.ao21/B1 (sky130_fd_sc_hs__a21o_1)
                  0.05    0.14    0.58 v ppa_grey_3_2.U1.ao21/X (sky130_fd_sc_hs__a21o_1)
     2    0.01                           ppa_buffer_3_3.U2.A (net)
                  0.05    0.00    0.58 v ppa_buffer_3_3.U2.buffer/A (sky130_fd_sc_hs__clkbuf_1)
                  0.05    0.10    0.68 v ppa_buffer_3_3.U2.buffer/X (sky130_fd_sc_hs__clkbuf_1)
     2    0.01                           ppa_buffer_3_3.U2.Y (net)
                  0.05    0.00    0.68 v ppa_buffer_3_4.U2.buffer/A (sky130_fd_sc_hs__clkbuf_1)
                  0.06    0.11    0.79 v ppa_buffer_3_4.U2.buffer/X (sky130_fd_sc_hs__clkbuf_1)
     2    0.01                           ppa_buffer_3_4.U2.Y (net)
                  0.06    0.00    0.79 v ppa_grey_4_5.U1.ao21/A1 (sky130_fd_sc_hs__a21o_1)
                  0.04    0.14    0.93 v ppa_grey_4_5.U1.ao21/X (sky130_fd_sc_hs__a21o_1)
     1    0.01                           ppa_grey_4_5.U1.Y (net)
                  0.04    0.00    0.93 v ppa_post_4_6.U1.xor2/B (sky130_fd_sc_hs__xor2_1)
                  0.11    0.11    1.04 ^ ppa_post_4_6.U1.xor2/X (sky130_fd_sc_hs__xor2_1)
     1    0.00                           ppa_post_4_6.U1.Y (net)
                  0.11    0.00    1.04 ^ _4_/A (sky130_fd_sc_hs__clkbuf_1)
                  0.04    0.10    1.14 ^ _4_/X (sky130_fd_sc_hs__clkbuf_1)
     1    0.00                           net23 (net)
                  0.04    0.00    1.14 ^ output23/A (sky130_fd_sc_hs__clkbuf_4)
                  0.10    0.17    1.30 ^ output23/X (sky130_fd_sc_hs__clkbuf_4)
     1    0.04                           sum[4] (net)
                  0.10    0.00    1.30 ^ sum[4] (out)
                                  1.30   data arrival time

                  0.00    1.00    1.00   clock clk (rise edge)
                          0.00    1.00   clock network delay (ideal)
                         -0.25    0.75   clock uncertainty
                          0.00    0.75   clock reconvergence pessimism
                          0.00    0.75   output external delay
                                  0.75   data required time
-----------------------------------------------------------------------------
                                  0.75   data required time
                                 -1.30   data arrival time
-----------------------------------------------------------------------------
                                 -0.55   slack (VIOLATED)


Startpoint: b[2] (input port clocked by clk)
Endpoint: sum[5] (output port clocked by clk)
Path Group: clk
Path Type: max

Fanout     Cap    Slew   Delay    Time   Description
-----------------------------------------------------------------------------
                  0.00    0.00    0.00   clock clk (rise edge)
                          0.00    0.00   clock network delay (ideal)
                          0.00    0.00 v input external delay
                  0.01    0.01    0.01 v b[2] (in)
     1    0.01                           b[2] (net)
                  0.01    0.00    0.01 v input11/A (sky130_fd_sc_hs__clkbuf_1)
                  0.08    0.11    0.12 v input11/X (sky130_fd_sc_hs__clkbuf_1)
     2    0.01                           net11 (net)
                  0.08    0.00    0.12 v ppa_pre_3_0.U1.xor2/B (sky130_fd_sc_hs__xor2_2)
                  0.07    0.18    0.30 v ppa_pre_3_0.U1.xor2/X (sky130_fd_sc_hs__xor2_2)
     3    0.01                           ppa_black_3_1.U1.A (net)
                  0.07    0.00    0.30 v ppa_black_3_1.U2.ao21/A2 (sky130_fd_sc_hs__a21o_1)
                  0.03    0.14    0.44 v ppa_black_3_1.U2.ao21/X (sky130_fd_sc_hs__a21o_1)
     1    0.00                           ppa_black_3_1.U2.Y (net)
                  0.03    0.00    0.44 v ppa_grey_3_2.U1.ao21/B1 (sky130_fd_sc_hs__a21o_1)
                  0.05    0.14    0.58 v ppa_grey_3_2.U1.ao21/X (sky130_fd_sc_hs__a21o_1)
     2    0.01                           ppa_buffer_3_3.U2.A (net)
                  0.05    0.00    0.58 v ppa_buffer_3_3.U2.buffer/A (sky130_fd_sc_hs__clkbuf_1)
                  0.05    0.10    0.68 v ppa_buffer_3_3.U2.buffer/X (sky130_fd_sc_hs__clkbuf_1)
     2    0.01                           ppa_buffer_3_3.U2.Y (net)
                  0.05    0.00    0.68 v ppa_grey_5_4.U1.ao21/A1 (sky130_fd_sc_hs__a21o_1)
                  0.05    0.16    0.84 v ppa_grey_5_4.U1.ao21/X (sky130_fd_sc_hs__a21o_1)
     2    0.01                           ppa_grey_5_4.U1.Y (net)
                  0.05    0.00    0.84 v ppa_post_5_6.U1.xor2/B (sky130_fd_sc_hs__xor2_1)
                  0.10    0.11    0.95 ^ ppa_post_5_6.U1.xor2/X (sky130_fd_sc_hs__xor2_1)
     1    0.00                           ppa_post_5_6.U1.Y (net)
                  0.10    0.00    0.95 ^ _5_/A (sky130_fd_sc_hs__clkbuf_1)
                  0.04    0.10    1.04 ^ _5_/X (sky130_fd_sc_hs__clkbuf_1)
     1    0.00                           net24 (net)
                  0.04    0.00    1.04 ^ output24/A (sky130_fd_sc_hs__clkbuf_4)
                  0.10    0.16    1.21 ^ output24/X (sky130_fd_sc_hs__clkbuf_4)
     1    0.04                           sum[5] (net)
                  0.10    0.00    1.21 ^ sum[5] (out)
                                  1.21   data arrival time

                  0.00    1.00    1.00   clock clk (rise edge)
                          0.00    1.00   clock network delay (ideal)
                         -0.25    0.75   clock uncertainty
                          0.00    0.75   clock reconvergence pessimism
                          0.00    0.75   output external delay
                                  0.75   data required time
-----------------------------------------------------------------------------
                                  0.75   data required time
                                 -1.21   data arrival time
-----------------------------------------------------------------------------
                                 -0.46   slack (VIOLATED)


Startpoint: b[0] (input port clocked by clk)
Endpoint: sum[3] (output port clocked by clk)
Path Group: clk
Path Type: max

Fanout     Cap    Slew   Delay    Time   Description
-----------------------------------------------------------------------------
                  0.00    0.00    0.00   clock clk (rise edge)
                          0.00    0.00   clock network delay (ideal)
                          0.00    0.00 ^ input external delay
                  0.02    0.01    0.01 ^ b[0] (in)
     1    0.01                           b[0] (net)
                  0.02    0.00    0.01 ^ input9/A (sky130_fd_sc_hs__clkbuf_1)
                  0.08    0.10    0.12 ^ input9/X (sky130_fd_sc_hs__clkbuf_1)
     2    0.01                           net9 (net)
                  0.08    0.00    0.12 ^ ppa_pre_1_0.U1.xor2/B (sky130_fd_sc_hs__xor2_1)
                  0.19    0.20    0.31 ^ ppa_pre_1_0.U1.xor2/X (sky130_fd_sc_hs__xor2_1)
     2    0.01                           ppa_grey_1_1.U1.A1 (net)
                  0.19    0.00    0.31 ^ ppa_grey_1_1.U1.ao21/A2 (sky130_fd_sc_hs__a21o_1)
                  0.05    0.14    0.45 ^ ppa_grey_1_1.U1.ao21/X (sky130_fd_sc_hs__a21o_1)
     2    0.01                           ppa_buffer_1_3.U2.A (net)
                  0.05    0.00    0.45 ^ ppa_grey_3_2.U1.ao21/A1 (sky130_fd_sc_hs__a21o_1)
                  0.06    0.12    0.57 ^ ppa_grey_3_2.U1.ao21/X (sky130_fd_sc_hs__a21o_1)
     2    0.01                           ppa_buffer_3_3.U2.A (net)
                  0.06    0.00    0.57 ^ ppa_buffer_3_3.U2.buffer/A (sky130_fd_sc_hs__clkbuf_1)
                  0.06    0.10    0.66 ^ ppa_buffer_3_3.U2.buffer/X (sky130_fd_sc_hs__clkbuf_1)
     2    0.01                           ppa_buffer_3_3.U2.Y (net)
                  0.06    0.00    0.66 ^ ppa_buffer_3_4.U2.buffer/A (sky130_fd_sc_hs__clkbuf_1)
                  0.07    0.11    0.77 ^ ppa_buffer_3_4.U2.buffer/X (sky130_fd_sc_hs__clkbuf_1)
     2    0.01                           ppa_buffer_3_4.U2.Y (net)
                  0.07    0.00    0.77 ^ ppa_post_3_6.U1.xor2/B (sky130_fd_sc_hs__xor2_1)
                  0.11    0.14    0.91 ^ ppa_post_3_6.U1.xor2/X (sky130_fd_sc_hs__xor2_1)
     1    0.00                           ppa_post_3_6.U1.Y (net)
                  0.11    0.00    0.91 ^ _3_/A (sky130_fd_sc_hs__clkbuf_1)
                  0.04    0.09    1.00 ^ _3_/X (sky130_fd_sc_hs__clkbuf_1)
     1    0.00                           net22 (net)
                  0.04    0.00    1.00 ^ output22/A (sky130_fd_sc_hs__clkbuf_4)
                  0.10    0.16    1.16 ^ output22/X (sky130_fd_sc_hs__clkbuf_4)
     1    0.04                           sum[3] (net)
                  0.10    0.00    1.16 ^ sum[3] (out)
                                  1.16   data arrival time

                  0.00    1.00    1.00   clock clk (rise edge)
                          0.00    1.00   clock network delay (ideal)
                         -0.25    0.75   clock uncertainty
                          0.00    0.75   clock reconvergence pessimism
                          0.00    0.75   output external delay
                                  0.75   data required time
-----------------------------------------------------------------------------
                                  0.75   data required time
                                 -1.16   data arrival time
-----------------------------------------------------------------------------
                                 -0.41   slack (VIOLATED)


Startpoint: b[2] (input port clocked by clk)
Endpoint: sum[7] (output port clocked by clk)
Path Group: clk
Path Type: max

Fanout     Cap    Slew   Delay    Time   Description
-----------------------------------------------------------------------------
                  0.00    0.00    0.00   clock clk (rise edge)
                          0.00    0.00   clock network delay (ideal)
                          0.00    0.00 v input external delay
                  0.01    0.01    0.01 v b[2] (in)
     1    0.01                           b[2] (net)
                  0.01    0.00    0.01 v input11/A (sky130_fd_sc_hs__clkbuf_1)
                  0.08    0.11    0.12 v input11/X (sky130_fd_sc_hs__clkbuf_1)
     2    0.01                           net11 (net)
                  0.08    0.00    0.12 v ppa_pre_3_0.U1.xor2/B (sky130_fd_sc_hs__xor2_2)
                  0.07    0.18    0.30 v ppa_pre_3_0.U1.xor2/X (sky130_fd_sc_hs__xor2_2)
     3    0.01                           ppa_black_3_1.U1.A (net)
                  0.07    0.00    0.30 v ppa_black_3_1.U2.ao21/A2 (sky130_fd_sc_hs__a21o_1)
                  0.03    0.14    0.44 v ppa_black_3_1.U2.ao21/X (sky130_fd_sc_hs__a21o_1)
     1    0.00                           ppa_black_3_1.U2.Y (net)
                  0.03    0.00    0.44 v ppa_grey_3_2.U1.ao21/B1 (sky130_fd_sc_hs__a21o_1)
                  0.05    0.14    0.58 v ppa_grey_3_2.U1.ao21/X (sky130_fd_sc_hs__a21o_1)
     2    0.01                           ppa_buffer_3_3.U2.A (net)
                  0.05    0.00    0.58 v ppa_grey_7_3.U1.ao21/A1 (sky130_fd_sc_hs__a21o_1)
                  0.05    0.16    0.74 v ppa_grey_7_3.U1.ao21/X (sky130_fd_sc_hs__a21o_1)
     2    0.01                           ppa_grey_7_3.U1.Y (net)
                  0.05    0.00    0.74 v ppa_post_7_6.U1.xor2/B (sky130_fd_sc_hs__xor2_1)
                  0.11    0.12    0.85 ^ ppa_post_7_6.U1.xor2/X (sky130_fd_sc_hs__xor2_1)
     1    0.00                           ppa_post_7_6.U1.Y (net)
                  0.11    0.00    0.85 ^ _7_/A (sky130_fd_sc_hs__clkbuf_1)
                  0.03    0.09    0.94 ^ _7_/X (sky130_fd_sc_hs__clkbuf_1)
     1    0.00                           net26 (net)
                  0.03    0.00    0.94 ^ output26/A (sky130_fd_sc_hs__clkbuf_4)
                  0.10    0.16    1.10 ^ output26/X (sky130_fd_sc_hs__clkbuf_4)
     1    0.04                           sum[7] (net)
                  0.10    0.00    1.10 ^ sum[7] (out)
                                  1.10   data arrival time

                  0.00    1.00    1.00   clock clk (rise edge)
                          0.00    1.00   clock network delay (ideal)
                         -0.25    0.75   clock uncertainty
                          0.00    0.75   clock reconvergence pessimism
                          0.00    0.75   output external delay
                                  0.75   data required time
-----------------------------------------------------------------------------
                                  0.75   data required time
                                 -1.10   data arrival time
-----------------------------------------------------------------------------
                                 -0.35   slack (VIOLATED)


