
===========================================================================
report_checks -path_delay max (Setup)
============================================================================
Startpoint: a[0] (input port clocked by clk)
Endpoint: sum[15] (output port clocked by clk)
Path Group: clk
Path Type: max

Fanout     Cap    Slew   Delay    Time   Description
-----------------------------------------------------------------------------
                  0.00    0.00    0.00   clock clk (rise edge)
                          0.00    0.00   clock network delay (ideal)
                          0.00    0.00 v input external delay
                  0.02    0.01    0.01 v a[0] (in)
     2    0.01                           a[0] (net)
                  0.02    0.00    0.01 v ppa_pre_1_0.U1.xor2/A (sky130_fd_sc_hd__xor2_1)
                  0.07    0.17    0.18 v ppa_pre_1_0.U1.xor2/X (sky130_fd_sc_hd__xor2_1)
     2    0.01                           ppa_grey_1_1.U1.A1 (net)
                  0.07    0.00    0.18 v ppa_grey_1_1.U1.ao21/A2 (sky130_fd_sc_hd__a21o_1)
                  0.05    0.21    0.39 v ppa_grey_1_1.U1.ao21/X (sky130_fd_sc_hd__a21o_1)
     2    0.01                           ppa_grey_1_1.U1.Y (net)
                  0.05    0.00    0.39 v ppa_grey_2_2.U1.ao21/A1 (sky130_fd_sc_hd__a21o_1)
                  0.08    0.21    0.60 v ppa_grey_2_2.U1.ao21/X (sky130_fd_sc_hd__a21o_1)
     2    0.01                           ppa_grey_2_2.U1.Y (net)
                  0.08    0.00    0.60 v ppa_grey_3_3.U1.ao21/A1 (sky130_fd_sc_hd__a21o_1)
                  0.06    0.20    0.80 v ppa_grey_3_3.U1.ao21/X (sky130_fd_sc_hd__a21o_1)
     2    0.01                           ppa_grey_3_3.U1.Y (net)
                  0.06    0.00    0.80 v ppa_grey_4_4.U1.ao21/A1 (sky130_fd_sc_hd__a21o_1)
                  0.05    0.19    0.99 v ppa_grey_4_4.U1.ao21/X (sky130_fd_sc_hd__a21o_1)
     2    0.01                           ppa_grey_4_4.U1.Y (net)
                  0.05    0.00    0.99 v ppa_grey_5_5.U1.ao21/A1 (sky130_fd_sc_hd__a21o_1)
                  0.06    0.19    1.18 v ppa_grey_5_5.U1.ao21/X (sky130_fd_sc_hd__a21o_1)
     2    0.01                           ppa_grey_5_5.U1.Y (net)
                  0.06    0.00    1.18 v ppa_grey_6_6.U1.ao21/A1 (sky130_fd_sc_hd__a21o_1)
                  0.07    0.20    1.38 v ppa_grey_6_6.U1.ao21/X (sky130_fd_sc_hd__a21o_1)
     2    0.01                           ppa_grey_6_6.U1.Y (net)
                  0.07    0.00    1.38 v ppa_grey_7_7.U1.ao21/A1 (sky130_fd_sc_hd__a21o_1)
                  0.06    0.20    1.58 v ppa_grey_7_7.U1.ao21/X (sky130_fd_sc_hd__a21o_1)
     2    0.01                           ppa_grey_7_7.U1.Y (net)
                  0.06    0.00    1.58 v ppa_grey_8_8.U1.ao21/A1 (sky130_fd_sc_hd__a21o_1)
                  0.06    0.20    1.78 v ppa_grey_8_8.U1.ao21/X (sky130_fd_sc_hd__a21o_1)
     2    0.01                           ppa_grey_8_8.U1.Y (net)
                  0.06    0.00    1.78 v ppa_grey_9_9.U1.ao21/A1 (sky130_fd_sc_hd__a21o_1)
                  0.06    0.20    1.98 v ppa_grey_9_9.U1.ao21/X (sky130_fd_sc_hd__a21o_1)
     2    0.01                           ppa_grey_10_10.U1.A0 (net)
                  0.06    0.00    1.98 v ppa_grey_10_10.U1.ao21/A1 (sky130_fd_sc_hd__a21o_1)
                  0.06    0.20    2.18 v ppa_grey_10_10.U1.ao21/X (sky130_fd_sc_hd__a21o_1)
     2    0.01                           ppa_grey_10_10.U1.Y (net)
                  0.06    0.00    2.18 v ppa_grey_11_11.U1.ao21/A1 (sky130_fd_sc_hd__a21o_1)
                  0.05    0.19    2.37 v ppa_grey_11_11.U1.ao21/X (sky130_fd_sc_hd__a21o_1)
     2    0.01                           ppa_grey_11_11.U1.Y (net)
                  0.05    0.00    2.37 v ppa_grey_12_12.U1.ao21/A1 (sky130_fd_sc_hd__a21o_1)
                  0.06    0.19    2.56 v ppa_grey_12_12.U1.ao21/X (sky130_fd_sc_hd__a21o_1)
     2    0.01                           ppa_grey_12_12.U1.Y (net)
                  0.06    0.00    2.56 v ppa_grey_13_13.U1.ao21/A1 (sky130_fd_sc_hd__a21o_1)
                  0.06    0.19    2.75 v ppa_grey_13_13.U1.ao21/X (sky130_fd_sc_hd__a21o_1)
     2    0.01                           ppa_grey_13_13.U1.Y (net)
                  0.06    0.00    2.75 v ppa_grey_14_14.U1.ao21/A1 (sky130_fd_sc_hd__a21o_1)
                  0.06    0.19    2.94 v ppa_grey_14_14.U1.ao21/X (sky130_fd_sc_hd__a21o_1)
     2    0.01                           ppa_grey_14_14.U1.Y (net)
                  0.06    0.00    2.94 v ppa_grey_15_15.U1.ao21/A1 (sky130_fd_sc_hd__a21o_1)
                  0.06    0.20    3.14 v ppa_grey_15_15.U1.ao21/X (sky130_fd_sc_hd__a21o_1)
     2    0.01                           ppa_grey_15_15.U1.Y (net)
                  0.06    0.00    3.14 v ppa_post_15_16.U1.xor2/B (sky130_fd_sc_hd__xor2_1)
                  0.11    0.13    3.27 ^ ppa_post_15_16.U1.xor2/X (sky130_fd_sc_hd__xor2_1)
     1    0.00                           ppa_post_15_16.U1.Y (net)
                  0.11    0.00    3.27 ^ _15_/A (sky130_fd_sc_hd__buf_2)
                  0.22    0.27    3.54 ^ _15_/X (sky130_fd_sc_hd__buf_2)
     1    0.03                           sum[15] (net)
                  0.22    0.00    3.54 ^ sum[15] (out)
                                  3.54   data arrival time

                  0.00    1.25    1.25   clock clk (rise edge)
                          0.00    1.25   clock network delay (ideal)
                         -0.25    1.00   clock uncertainty
                          0.00    1.00   clock reconvergence pessimism
                          0.00    1.00   output external delay
                                  1.00   data required time
-----------------------------------------------------------------------------
                                  1.00   data required time
                                 -3.54   data arrival time
-----------------------------------------------------------------------------
                                 -2.54   slack (VIOLATED)


Startpoint: a[0] (input port clocked by clk)
Endpoint: cout (output port clocked by clk)
Path Group: clk
Path Type: max

Fanout     Cap    Slew   Delay    Time   Description
-----------------------------------------------------------------------------
                  0.00    0.00    0.00   clock clk (rise edge)
                          0.00    0.00   clock network delay (ideal)
                          0.00    0.00 v input external delay
                  0.02    0.01    0.01 v a[0] (in)
     2    0.01                           a[0] (net)
                  0.02    0.00    0.01 v ppa_pre_1_0.U1.xor2/A (sky130_fd_sc_hd__xor2_1)
                  0.07    0.17    0.18 v ppa_pre_1_0.U1.xor2/X (sky130_fd_sc_hd__xor2_1)
     2    0.01                           ppa_grey_1_1.U1.A1 (net)
                  0.07    0.00    0.18 v ppa_grey_1_1.U1.ao21/A2 (sky130_fd_sc_hd__a21o_1)
                  0.05    0.21    0.39 v ppa_grey_1_1.U1.ao21/X (sky130_fd_sc_hd__a21o_1)
     2    0.01                           ppa_grey_1_1.U1.Y (net)
                  0.05    0.00    0.39 v ppa_grey_2_2.U1.ao21/A1 (sky130_fd_sc_hd__a21o_1)
                  0.08    0.21    0.60 v ppa_grey_2_2.U1.ao21/X (sky130_fd_sc_hd__a21o_1)
     2    0.01                           ppa_grey_2_2.U1.Y (net)
                  0.08    0.00    0.60 v ppa_grey_3_3.U1.ao21/A1 (sky130_fd_sc_hd__a21o_1)
                  0.06    0.20    0.80 v ppa_grey_3_3.U1.ao21/X (sky130_fd_sc_hd__a21o_1)
     2    0.01                           ppa_grey_3_3.U1.Y (net)
                  0.06    0.00    0.80 v ppa_grey_4_4.U1.ao21/A1 (sky130_fd_sc_hd__a21o_1)
                  0.05    0.19    0.99 v ppa_grey_4_4.U1.ao21/X (sky130_fd_sc_hd__a21o_1)
     2    0.01                           ppa_grey_4_4.U1.Y (net)
                  0.05    0.00    0.99 v ppa_grey_5_5.U1.ao21/A1 (sky130_fd_sc_hd__a21o_1)
                  0.06    0.19    1.18 v ppa_grey_5_5.U1.ao21/X (sky130_fd_sc_hd__a21o_1)
     2    0.01                           ppa_grey_5_5.U1.Y (net)
                  0.06    0.00    1.18 v ppa_grey_6_6.U1.ao21/A1 (sky130_fd_sc_hd__a21o_1)
                  0.07    0.20    1.38 v ppa_grey_6_6.U1.ao21/X (sky130_fd_sc_hd__a21o_1)
     2    0.01                           ppa_grey_6_6.U1.Y (net)
                  0.07    0.00    1.38 v ppa_grey_7_7.U1.ao21/A1 (sky130_fd_sc_hd__a21o_1)
                  0.06    0.20    1.58 v ppa_grey_7_7.U1.ao21/X (sky130_fd_sc_hd__a21o_1)
     2    0.01                           ppa_grey_7_7.U1.Y (net)
                  0.06    0.00    1.58 v ppa_grey_8_8.U1.ao21/A1 (sky130_fd_sc_hd__a21o_1)
                  0.06    0.20    1.78 v ppa_grey_8_8.U1.ao21/X (sky130_fd_sc_hd__a21o_1)
     2    0.01                           ppa_grey_8_8.U1.Y (net)
                  0.06    0.00    1.78 v ppa_grey_9_9.U1.ao21/A1 (sky130_fd_sc_hd__a21o_1)
                  0.06    0.20    1.98 v ppa_grey_9_9.U1.ao21/X (sky130_fd_sc_hd__a21o_1)
     2    0.01                           ppa_grey_10_10.U1.A0 (net)
                  0.06    0.00    1.98 v ppa_grey_10_10.U1.ao21/A1 (sky130_fd_sc_hd__a21o_1)
                  0.06    0.20    2.18 v ppa_grey_10_10.U1.ao21/X (sky130_fd_sc_hd__a21o_1)
     2    0.01                           ppa_grey_10_10.U1.Y (net)
                  0.06    0.00    2.18 v ppa_grey_11_11.U1.ao21/A1 (sky130_fd_sc_hd__a21o_1)
                  0.05    0.19    2.37 v ppa_grey_11_11.U1.ao21/X (sky130_fd_sc_hd__a21o_1)
     2    0.01                           ppa_grey_11_11.U1.Y (net)
                  0.05    0.00    2.37 v ppa_grey_12_12.U1.ao21/A1 (sky130_fd_sc_hd__a21o_1)
                  0.06    0.19    2.56 v ppa_grey_12_12.U1.ao21/X (sky130_fd_sc_hd__a21o_1)
     2    0.01                           ppa_grey_12_12.U1.Y (net)
                  0.06    0.00    2.56 v ppa_grey_13_13.U1.ao21/A1 (sky130_fd_sc_hd__a21o_1)
                  0.06    0.19    2.75 v ppa_grey_13_13.U1.ao21/X (sky130_fd_sc_hd__a21o_1)
     2    0.01                           ppa_grey_13_13.U1.Y (net)
                  0.06    0.00    2.75 v ppa_grey_14_14.U1.ao21/A1 (sky130_fd_sc_hd__a21o_1)
                  0.06    0.19    2.94 v ppa_grey_14_14.U1.ao21/X (sky130_fd_sc_hd__a21o_1)
     2    0.01                           ppa_grey_14_14.U1.Y (net)
                  0.06    0.00    2.94 v ppa_grey_15_15.U1.ao21/A1 (sky130_fd_sc_hd__a21o_1)
                  0.06    0.20    3.14 v ppa_grey_15_15.U1.ao21/X (sky130_fd_sc_hd__a21o_1)
     2    0.01                           ppa_grey_15_15.U1.Y (net)
                  0.06    0.00    3.14 v ppa_grey_cout.U1.ao21/A1 (sky130_fd_sc_hd__a21o_1)
                  0.17    0.29    3.43 v ppa_grey_cout.U1.ao21/X (sky130_fd_sc_hd__a21o_1)
     1    0.03                           cout (net)
                  0.17    0.00    3.43 v cout (out)
                                  3.43   data arrival time

                  0.00    1.25    1.25   clock clk (rise edge)
                          0.00    1.25   clock network delay (ideal)
                         -0.25    1.00   clock uncertainty
                          0.00    1.00   clock reconvergence pessimism
                          0.00    1.00   output external delay
                                  1.00   data required time
-----------------------------------------------------------------------------
                                  1.00   data required time
                                 -3.43   data arrival time
-----------------------------------------------------------------------------
                                 -2.43   slack (VIOLATED)


Startpoint: a[0] (input port clocked by clk)
Endpoint: sum[14] (output port clocked by clk)
Path Group: clk
Path Type: max

Fanout     Cap    Slew   Delay    Time   Description
-----------------------------------------------------------------------------
                  0.00    0.00    0.00   clock clk (rise edge)
                          0.00    0.00   clock network delay (ideal)
                          0.00    0.00 v input external delay
                  0.02    0.01    0.01 v a[0] (in)
     2    0.01                           a[0] (net)
                  0.02    0.00    0.01 v ppa_pre_1_0.U1.xor2/A (sky130_fd_sc_hd__xor2_1)
                  0.07    0.17    0.18 v ppa_pre_1_0.U1.xor2/X (sky130_fd_sc_hd__xor2_1)
     2    0.01                           ppa_grey_1_1.U1.A1 (net)
                  0.07    0.00    0.18 v ppa_grey_1_1.U1.ao21/A2 (sky130_fd_sc_hd__a21o_1)
                  0.05    0.21    0.39 v ppa_grey_1_1.U1.ao21/X (sky130_fd_sc_hd__a21o_1)
     2    0.01                           ppa_grey_1_1.U1.Y (net)
                  0.05    0.00    0.39 v ppa_grey_2_2.U1.ao21/A1 (sky130_fd_sc_hd__a21o_1)
                  0.08    0.21    0.60 v ppa_grey_2_2.U1.ao21/X (sky130_fd_sc_hd__a21o_1)
     2    0.01                           ppa_grey_2_2.U1.Y (net)
                  0.08    0.00    0.60 v ppa_grey_3_3.U1.ao21/A1 (sky130_fd_sc_hd__a21o_1)
                  0.06    0.20    0.80 v ppa_grey_3_3.U1.ao21/X (sky130_fd_sc_hd__a21o_1)
     2    0.01                           ppa_grey_3_3.U1.Y (net)
                  0.06    0.00    0.80 v ppa_grey_4_4.U1.ao21/A1 (sky130_fd_sc_hd__a21o_1)
                  0.05    0.19    0.99 v ppa_grey_4_4.U1.ao21/X (sky130_fd_sc_hd__a21o_1)
     2    0.01                           ppa_grey_4_4.U1.Y (net)
                  0.05    0.00    0.99 v ppa_grey_5_5.U1.ao21/A1 (sky130_fd_sc_hd__a21o_1)
                  0.06    0.19    1.18 v ppa_grey_5_5.U1.ao21/X (sky130_fd_sc_hd__a21o_1)
     2    0.01                           ppa_grey_5_5.U1.Y (net)
                  0.06    0.00    1.18 v ppa_grey_6_6.U1.ao21/A1 (sky130_fd_sc_hd__a21o_1)
                  0.07    0.20    1.38 v ppa_grey_6_6.U1.ao21/X (sky130_fd_sc_hd__a21o_1)
     2    0.01                           ppa_grey_6_6.U1.Y (net)
                  0.07    0.00    1.38 v ppa_grey_7_7.U1.ao21/A1 (sky130_fd_sc_hd__a21o_1)
                  0.06    0.20    1.58 v ppa_grey_7_7.U1.ao21/X (sky130_fd_sc_hd__a21o_1)
     2    0.01                           ppa_grey_7_7.U1.Y (net)
                  0.06    0.00    1.58 v ppa_grey_8_8.U1.ao21/A1 (sky130_fd_sc_hd__a21o_1)
                  0.06    0.20    1.78 v ppa_grey_8_8.U1.ao21/X (sky130_fd_sc_hd__a21o_1)
     2    0.01                           ppa_grey_8_8.U1.Y (net)
                  0.06    0.00    1.78 v ppa_grey_9_9.U1.ao21/A1 (sky130_fd_sc_hd__a21o_1)
                  0.06    0.20    1.98 v ppa_grey_9_9.U1.ao21/X (sky130_fd_sc_hd__a21o_1)
     2    0.01                           ppa_grey_10_10.U1.A0 (net)
                  0.06    0.00    1.98 v ppa_grey_10_10.U1.ao21/A1 (sky130_fd_sc_hd__a21o_1)
                  0.06    0.20    2.18 v ppa_grey_10_10.U1.ao21/X (sky130_fd_sc_hd__a21o_1)
     2    0.01                           ppa_grey_10_10.U1.Y (net)
                  0.06    0.00    2.18 v ppa_grey_11_11.U1.ao21/A1 (sky130_fd_sc_hd__a21o_1)
                  0.05    0.19    2.37 v ppa_grey_11_11.U1.ao21/X (sky130_fd_sc_hd__a21o_1)
     2    0.01                           ppa_grey_11_11.U1.Y (net)
                  0.05    0.00    2.37 v ppa_grey_12_12.U1.ao21/A1 (sky130_fd_sc_hd__a21o_1)
                  0.06    0.19    2.56 v ppa_grey_12_12.U1.ao21/X (sky130_fd_sc_hd__a21o_1)
     2    0.01                           ppa_grey_12_12.U1.Y (net)
                  0.06    0.00    2.56 v ppa_grey_13_13.U1.ao21/A1 (sky130_fd_sc_hd__a21o_1)
                  0.06    0.19    2.75 v ppa_grey_13_13.U1.ao21/X (sky130_fd_sc_hd__a21o_1)
     2    0.01                           ppa_grey_13_13.U1.Y (net)
                  0.06    0.00    2.75 v ppa_grey_14_14.U1.ao21/A1 (sky130_fd_sc_hd__a21o_1)
                  0.06    0.19    2.94 v ppa_grey_14_14.U1.ao21/X (sky130_fd_sc_hd__a21o_1)
     2    0.01                           ppa_grey_14_14.U1.Y (net)
                  0.06    0.00    2.94 v ppa_post_14_16.U1.xor2/B (sky130_fd_sc_hd__xor2_1)
                  0.11    0.13    3.07 ^ ppa_post_14_16.U1.xor2/X (sky130_fd_sc_hd__xor2_1)
     1    0.00                           ppa_post_14_16.U1.Y (net)
                  0.11    0.00    3.07 ^ _14_/A (sky130_fd_sc_hd__buf_2)
                  0.18    0.24    3.31 ^ _14_/X (sky130_fd_sc_hd__buf_2)
     1    0.03                           sum[14] (net)
                  0.18    0.00    3.31 ^ sum[14] (out)
                                  3.31   data arrival time

                  0.00    1.25    1.25   clock clk (rise edge)
                          0.00    1.25   clock network delay (ideal)
                         -0.25    1.00   clock uncertainty
                          0.00    1.00   clock reconvergence pessimism
                          0.00    1.00   output external delay
                                  1.00   data required time
-----------------------------------------------------------------------------
                                  1.00   data required time
                                 -3.31   data arrival time
-----------------------------------------------------------------------------
                                 -2.31   slack (VIOLATED)


Startpoint: a[0] (input port clocked by clk)
Endpoint: sum[13] (output port clocked by clk)
Path Group: clk
Path Type: max

Fanout     Cap    Slew   Delay    Time   Description
-----------------------------------------------------------------------------
                  0.00    0.00    0.00   clock clk (rise edge)
                          0.00    0.00   clock network delay (ideal)
                          0.00    0.00 v input external delay
                  0.02    0.01    0.01 v a[0] (in)
     2    0.01                           a[0] (net)
                  0.02    0.00    0.01 v ppa_pre_1_0.U1.xor2/A (sky130_fd_sc_hd__xor2_1)
                  0.07    0.17    0.18 v ppa_pre_1_0.U1.xor2/X (sky130_fd_sc_hd__xor2_1)
     2    0.01                           ppa_grey_1_1.U1.A1 (net)
                  0.07    0.00    0.18 v ppa_grey_1_1.U1.ao21/A2 (sky130_fd_sc_hd__a21o_1)
                  0.05    0.21    0.39 v ppa_grey_1_1.U1.ao21/X (sky130_fd_sc_hd__a21o_1)
     2    0.01                           ppa_grey_1_1.U1.Y (net)
                  0.05    0.00    0.39 v ppa_grey_2_2.U1.ao21/A1 (sky130_fd_sc_hd__a21o_1)
                  0.08    0.21    0.60 v ppa_grey_2_2.U1.ao21/X (sky130_fd_sc_hd__a21o_1)
     2    0.01                           ppa_grey_2_2.U1.Y (net)
                  0.08    0.00    0.60 v ppa_grey_3_3.U1.ao21/A1 (sky130_fd_sc_hd__a21o_1)
                  0.06    0.20    0.80 v ppa_grey_3_3.U1.ao21/X (sky130_fd_sc_hd__a21o_1)
     2    0.01                           ppa_grey_3_3.U1.Y (net)
                  0.06    0.00    0.80 v ppa_grey_4_4.U1.ao21/A1 (sky130_fd_sc_hd__a21o_1)
                  0.05    0.19    0.99 v ppa_grey_4_4.U1.ao21/X (sky130_fd_sc_hd__a21o_1)
     2    0.01                           ppa_grey_4_4.U1.Y (net)
                  0.05    0.00    0.99 v ppa_grey_5_5.U1.ao21/A1 (sky130_fd_sc_hd__a21o_1)
                  0.06    0.19    1.18 v ppa_grey_5_5.U1.ao21/X (sky130_fd_sc_hd__a21o_1)
     2    0.01                           ppa_grey_5_5.U1.Y (net)
                  0.06    0.00    1.18 v ppa_grey_6_6.U1.ao21/A1 (sky130_fd_sc_hd__a21o_1)
                  0.07    0.20    1.38 v ppa_grey_6_6.U1.ao21/X (sky130_fd_sc_hd__a21o_1)
     2    0.01                           ppa_grey_6_6.U1.Y (net)
                  0.07    0.00    1.38 v ppa_grey_7_7.U1.ao21/A1 (sky130_fd_sc_hd__a21o_1)
                  0.06    0.20    1.58 v ppa_grey_7_7.U1.ao21/X (sky130_fd_sc_hd__a21o_1)
     2    0.01                           ppa_grey_7_7.U1.Y (net)
                  0.06    0.00    1.58 v ppa_grey_8_8.U1.ao21/A1 (sky130_fd_sc_hd__a21o_1)
                  0.06    0.20    1.78 v ppa_grey_8_8.U1.ao21/X (sky130_fd_sc_hd__a21o_1)
     2    0.01                           ppa_grey_8_8.U1.Y (net)
                  0.06    0.00    1.78 v ppa_grey_9_9.U1.ao21/A1 (sky130_fd_sc_hd__a21o_1)
                  0.06    0.20    1.98 v ppa_grey_9_9.U1.ao21/X (sky130_fd_sc_hd__a21o_1)
     2    0.01                           ppa_grey_10_10.U1.A0 (net)
                  0.06    0.00    1.98 v ppa_grey_10_10.U1.ao21/A1 (sky130_fd_sc_hd__a21o_1)
                  0.06    0.20    2.18 v ppa_grey_10_10.U1.ao21/X (sky130_fd_sc_hd__a21o_1)
     2    0.01                           ppa_grey_10_10.U1.Y (net)
                  0.06    0.00    2.18 v ppa_grey_11_11.U1.ao21/A1 (sky130_fd_sc_hd__a21o_1)
                  0.05    0.19    2.37 v ppa_grey_11_11.U1.ao21/X (sky130_fd_sc_hd__a21o_1)
     2    0.01                           ppa_grey_11_11.U1.Y (net)
                  0.05    0.00    2.37 v ppa_grey_12_12.U1.ao21/A1 (sky130_fd_sc_hd__a21o_1)
                  0.06    0.19    2.56 v ppa_grey_12_12.U1.ao21/X (sky130_fd_sc_hd__a21o_1)
     2    0.01                           ppa_grey_12_12.U1.Y (net)
                  0.06    0.00    2.56 v ppa_grey_13_13.U1.ao21/A1 (sky130_fd_sc_hd__a21o_1)
                  0.06    0.19    2.75 v ppa_grey_13_13.U1.ao21/X (sky130_fd_sc_hd__a21o_1)
     2    0.01                           ppa_grey_13_13.U1.Y (net)
                  0.06    0.00    2.75 v ppa_post_13_16.U1.xor2/B (sky130_fd_sc_hd__xor2_1)
                  0.10    0.13    2.88 ^ ppa_post_13_16.U1.xor2/X (sky130_fd_sc_hd__xor2_1)
     1    0.00                           ppa_post_13_16.U1.Y (net)
                  0.10    0.00    2.88 ^ _13_/A (sky130_fd_sc_hd__buf_2)
                  0.20    0.25    3.13 ^ _13_/X (sky130_fd_sc_hd__buf_2)
     1    0.03                           sum[13] (net)
                  0.20    0.00    3.13 ^ sum[13] (out)
                                  3.13   data arrival time

                  0.00    1.25    1.25   clock clk (rise edge)
                          0.00    1.25   clock network delay (ideal)
                         -0.25    1.00   clock uncertainty
                          0.00    1.00   clock reconvergence pessimism
                          0.00    1.00   output external delay
                                  1.00   data required time
-----------------------------------------------------------------------------
                                  1.00   data required time
                                 -3.13   data arrival time
-----------------------------------------------------------------------------
                                 -2.13   slack (VIOLATED)


Startpoint: a[0] (input port clocked by clk)
Endpoint: sum[12] (output port clocked by clk)
Path Group: clk
Path Type: max

Fanout     Cap    Slew   Delay    Time   Description
-----------------------------------------------------------------------------
                  0.00    0.00    0.00   clock clk (rise edge)
                          0.00    0.00   clock network delay (ideal)
                          0.00    0.00 v input external delay
                  0.02    0.01    0.01 v a[0] (in)
     2    0.01                           a[0] (net)
                  0.02    0.00    0.01 v ppa_pre_1_0.U1.xor2/A (sky130_fd_sc_hd__xor2_1)
                  0.07    0.17    0.18 v ppa_pre_1_0.U1.xor2/X (sky130_fd_sc_hd__xor2_1)
     2    0.01                           ppa_grey_1_1.U1.A1 (net)
                  0.07    0.00    0.18 v ppa_grey_1_1.U1.ao21/A2 (sky130_fd_sc_hd__a21o_1)
                  0.05    0.21    0.39 v ppa_grey_1_1.U1.ao21/X (sky130_fd_sc_hd__a21o_1)
     2    0.01                           ppa_grey_1_1.U1.Y (net)
                  0.05    0.00    0.39 v ppa_grey_2_2.U1.ao21/A1 (sky130_fd_sc_hd__a21o_1)
                  0.08    0.21    0.60 v ppa_grey_2_2.U1.ao21/X (sky130_fd_sc_hd__a21o_1)
     2    0.01                           ppa_grey_2_2.U1.Y (net)
                  0.08    0.00    0.60 v ppa_grey_3_3.U1.ao21/A1 (sky130_fd_sc_hd__a21o_1)
                  0.06    0.20    0.80 v ppa_grey_3_3.U1.ao21/X (sky130_fd_sc_hd__a21o_1)
     2    0.01                           ppa_grey_3_3.U1.Y (net)
                  0.06    0.00    0.80 v ppa_grey_4_4.U1.ao21/A1 (sky130_fd_sc_hd__a21o_1)
                  0.05    0.19    0.99 v ppa_grey_4_4.U1.ao21/X (sky130_fd_sc_hd__a21o_1)
     2    0.01                           ppa_grey_4_4.U1.Y (net)
                  0.05    0.00    0.99 v ppa_grey_5_5.U1.ao21/A1 (sky130_fd_sc_hd__a21o_1)
                  0.06    0.19    1.18 v ppa_grey_5_5.U1.ao21/X (sky130_fd_sc_hd__a21o_1)
     2    0.01                           ppa_grey_5_5.U1.Y (net)
                  0.06    0.00    1.18 v ppa_grey_6_6.U1.ao21/A1 (sky130_fd_sc_hd__a21o_1)
                  0.07    0.20    1.38 v ppa_grey_6_6.U1.ao21/X (sky130_fd_sc_hd__a21o_1)
     2    0.01                           ppa_grey_6_6.U1.Y (net)
                  0.07    0.00    1.38 v ppa_grey_7_7.U1.ao21/A1 (sky130_fd_sc_hd__a21o_1)
                  0.06    0.20    1.58 v ppa_grey_7_7.U1.ao21/X (sky130_fd_sc_hd__a21o_1)
     2    0.01                           ppa_grey_7_7.U1.Y (net)
                  0.06    0.00    1.58 v ppa_grey_8_8.U1.ao21/A1 (sky130_fd_sc_hd__a21o_1)
                  0.06    0.20    1.78 v ppa_grey_8_8.U1.ao21/X (sky130_fd_sc_hd__a21o_1)
     2    0.01                           ppa_grey_8_8.U1.Y (net)
                  0.06    0.00    1.78 v ppa_grey_9_9.U1.ao21/A1 (sky130_fd_sc_hd__a21o_1)
                  0.06    0.20    1.98 v ppa_grey_9_9.U1.ao21/X (sky130_fd_sc_hd__a21o_1)
     2    0.01                           ppa_grey_10_10.U1.A0 (net)
                  0.06    0.00    1.98 v ppa_grey_10_10.U1.ao21/A1 (sky130_fd_sc_hd__a21o_1)
                  0.06    0.20    2.18 v ppa_grey_10_10.U1.ao21/X (sky130_fd_sc_hd__a21o_1)
     2    0.01                           ppa_grey_10_10.U1.Y (net)
                  0.06    0.00    2.18 v ppa_grey_11_11.U1.ao21/A1 (sky130_fd_sc_hd__a21o_1)
                  0.05    0.19    2.37 v ppa_grey_11_11.U1.ao21/X (sky130_fd_sc_hd__a21o_1)
     2    0.01                           ppa_grey_11_11.U1.Y (net)
                  0.05    0.00    2.37 v ppa_grey_12_12.U1.ao21/A1 (sky130_fd_sc_hd__a21o_1)
                  0.06    0.19    2.56 v ppa_grey_12_12.U1.ao21/X (sky130_fd_sc_hd__a21o_1)
     2    0.01                           ppa_grey_12_12.U1.Y (net)
                  0.06    0.00    2.56 v ppa_post_12_16.U1.xor2/B (sky130_fd_sc_hd__xor2_1)
                  0.10    0.13    2.69 ^ ppa_post_12_16.U1.xor2/X (sky130_fd_sc_hd__xor2_1)
     1    0.00                           ppa_post_12_16.U1.Y (net)
                  0.10    0.00    2.69 ^ _12_/A (sky130_fd_sc_hd__buf_2)
                  0.20    0.25    2.94 ^ _12_/X (sky130_fd_sc_hd__buf_2)
     1    0.03                           sum[12] (net)
                  0.20    0.00    2.94 ^ sum[12] (out)
                                  2.94   data arrival time

                  0.00    1.25    1.25   clock clk (rise edge)
                          0.00    1.25   clock network delay (ideal)
                         -0.25    1.00   clock uncertainty
                          0.00    1.00   clock reconvergence pessimism
                          0.00    1.00   output external delay
                                  1.00   data required time
-----------------------------------------------------------------------------
                                  1.00   data required time
                                 -2.94   data arrival time
-----------------------------------------------------------------------------
                                 -1.94   slack (VIOLATED)


