
===========================================================================
report_checks -path_delay max (Setup)
============================================================================
Startpoint: a[0] (input port clocked by clk)
Endpoint: sum[7] (output port clocked by clk)
Path Group: clk
Path Type: max

Fanout     Cap    Slew   Delay    Time   Description
-----------------------------------------------------------------------------
                  0.00    0.00    0.00   clock clk (rise edge)
                          0.00    0.00   clock network delay (ideal)
                          0.00    0.00 ^ input external delay
                  0.02    0.01    0.01 ^ a[0] (in)
     1    0.00                           a[0] (net)
                  0.02    0.00    0.01 ^ input1/A (sky130_fd_sc_hd__clkbuf_1)
                  0.10    0.12    0.13 ^ input1/X (sky130_fd_sc_hd__clkbuf_1)
     2    0.01                           net1 (net)
                  0.10    0.00    0.13 ^ _44_/A (sky130_fd_sc_hd__nand2_1)
                  0.05    0.07    0.20 v _44_/Y (sky130_fd_sc_hd__nand2_1)
     2    0.00                           _09_ (net)
                  0.05    0.00    0.20 v _45_/B1_N (sky130_fd_sc_hd__a21bo_1)
                  0.08    0.22    0.42 ^ _45_/X (sky130_fd_sc_hd__a21bo_1)
     2    0.01                           _10_ (net)
                  0.08    0.00    0.42 ^ _48_/A1 (sky130_fd_sc_hd__a21bo_1)
                  0.10    0.16    0.58 ^ _48_/X (sky130_fd_sc_hd__a21bo_1)
     3    0.01                           _13_ (net)
                  0.10    0.00    0.58 ^ _49_/B (sky130_fd_sc_hd__nand2_1)
                  0.08    0.08    0.66 v _49_/Y (sky130_fd_sc_hd__nand2_1)
     2    0.01                           _14_ (net)
                  0.08    0.00    0.66 v _57_/A1 (sky130_fd_sc_hd__a2111o_1)
                  0.10    0.45    1.11 v _57_/X (sky130_fd_sc_hd__a2111o_1)
     2    0.01                           _22_ (net)
                  0.10    0.00    1.11 v _59_/A4 (sky130_fd_sc_hd__a41oi_4)
                  0.18    0.27    1.38 ^ _59_/Y (sky130_fd_sc_hd__a41oi_4)
     2    0.01                           _24_ (net)
                  0.18    0.00    1.38 ^ _78_/A (sky130_fd_sc_hd__xnor2_1)
                  0.11    0.14    1.51 ^ _78_/Y (sky130_fd_sc_hd__xnor2_1)
     1    0.00                           net26 (net)
                  0.11    0.00    1.51 ^ output26/A (sky130_fd_sc_hd__buf_2)
                  0.18    0.24    1.75 ^ output26/X (sky130_fd_sc_hd__buf_2)
     1    0.03                           sum[7] (net)
                  0.18    0.00    1.75 ^ sum[7] (out)
                                  1.75   data arrival time

                  0.00    1.00    1.00   clock clk (rise edge)
                          0.00    1.00   clock network delay (ideal)
                         -0.25    0.75   clock uncertainty
                          0.00    0.75   clock reconvergence pessimism
                          0.00    0.75   output external delay
                                  0.75   data required time
-----------------------------------------------------------------------------
                                  0.75   data required time
                                 -1.75   data arrival time
-----------------------------------------------------------------------------
                                 -1.00   slack (VIOLATED)


Startpoint: a[0] (input port clocked by clk)
Endpoint: cout (output port clocked by clk)
Path Group: clk
Path Type: max

Fanout     Cap    Slew   Delay    Time   Description
-----------------------------------------------------------------------------
                  0.00    0.00    0.00   clock clk (rise edge)
                          0.00    0.00   clock network delay (ideal)
                          0.00    0.00 ^ input external delay
                  0.02    0.01    0.01 ^ a[0] (in)
     1    0.00                           a[0] (net)
                  0.02    0.00    0.01 ^ input1/A (sky130_fd_sc_hd__clkbuf_1)
                  0.10    0.12    0.13 ^ input1/X (sky130_fd_sc_hd__clkbuf_1)
     2    0.01                           net1 (net)
                  0.10    0.00    0.13 ^ _44_/A (sky130_fd_sc_hd__nand2_1)
                  0.05    0.07    0.20 v _44_/Y (sky130_fd_sc_hd__nand2_1)
     2    0.00                           _09_ (net)
                  0.05    0.00    0.20 v _45_/B1_N (sky130_fd_sc_hd__a21bo_1)
                  0.08    0.22    0.42 ^ _45_/X (sky130_fd_sc_hd__a21bo_1)
     2    0.01                           _10_ (net)
                  0.08    0.00    0.42 ^ _48_/A1 (sky130_fd_sc_hd__a21bo_1)
                  0.10    0.16    0.58 ^ _48_/X (sky130_fd_sc_hd__a21bo_1)
     3    0.01                           _13_ (net)
                  0.10    0.00    0.58 ^ _49_/B (sky130_fd_sc_hd__nand2_1)
                  0.08    0.08    0.66 v _49_/Y (sky130_fd_sc_hd__nand2_1)
     2    0.01                           _14_ (net)
                  0.08    0.00    0.66 v _57_/A1 (sky130_fd_sc_hd__a2111o_1)
                  0.10    0.45    1.11 v _57_/X (sky130_fd_sc_hd__a2111o_1)
     2    0.01                           _22_ (net)
                  0.10    0.00    1.11 v _59_/A4 (sky130_fd_sc_hd__a41oi_4)
                  0.18    0.27    1.38 ^ _59_/Y (sky130_fd_sc_hd__a41oi_4)
     2    0.01                           _24_ (net)
                  0.18    0.00    1.38 ^ _61_/A2 (sky130_fd_sc_hd__a21bo_1)
                  0.05    0.15    1.53 ^ _61_/X (sky130_fd_sc_hd__a21bo_1)
     1    0.00                           net18 (net)
                  0.05    0.00    1.53 ^ output18/A (sky130_fd_sc_hd__buf_2)
                  0.17    0.21    1.74 ^ output18/X (sky130_fd_sc_hd__buf_2)
     1    0.03                           cout (net)
                  0.17    0.00    1.74 ^ cout (out)
                                  1.74   data arrival time

                  0.00    1.00    1.00   clock clk (rise edge)
                          0.00    1.00   clock network delay (ideal)
                         -0.25    0.75   clock uncertainty
                          0.00    0.75   clock reconvergence pessimism
                          0.00    0.75   output external delay
                                  0.75   data required time
-----------------------------------------------------------------------------
                                  0.75   data required time
                                 -1.74   data arrival time
-----------------------------------------------------------------------------
                                 -0.99   slack (VIOLATED)


Startpoint: a[0] (input port clocked by clk)
Endpoint: sum[6] (output port clocked by clk)
Path Group: clk
Path Type: max

Fanout     Cap    Slew   Delay    Time   Description
-----------------------------------------------------------------------------
                  0.00    0.00    0.00   clock clk (rise edge)
                          0.00    0.00   clock network delay (ideal)
                          0.00    0.00 ^ input external delay
                  0.02    0.01    0.01 ^ a[0] (in)
     1    0.00                           a[0] (net)
                  0.02    0.00    0.01 ^ input1/A (sky130_fd_sc_hd__clkbuf_1)
                  0.10    0.12    0.13 ^ input1/X (sky130_fd_sc_hd__clkbuf_1)
     2    0.01                           net1 (net)
                  0.10    0.00    0.13 ^ _44_/A (sky130_fd_sc_hd__nand2_1)
                  0.05    0.07    0.20 v _44_/Y (sky130_fd_sc_hd__nand2_1)
     2    0.00                           _09_ (net)
                  0.05    0.00    0.20 v _45_/B1_N (sky130_fd_sc_hd__a21bo_1)
                  0.08    0.22    0.42 ^ _45_/X (sky130_fd_sc_hd__a21bo_1)
     2    0.01                           _10_ (net)
                  0.08    0.00    0.42 ^ _48_/A1 (sky130_fd_sc_hd__a21bo_1)
                  0.10    0.16    0.58 ^ _48_/X (sky130_fd_sc_hd__a21bo_1)
     3    0.01                           _13_ (net)
                  0.10    0.00    0.58 ^ _49_/B (sky130_fd_sc_hd__nand2_1)
                  0.08    0.08    0.66 v _49_/Y (sky130_fd_sc_hd__nand2_1)
     2    0.01                           _14_ (net)
                  0.08    0.00    0.66 v _57_/A1 (sky130_fd_sc_hd__a2111o_1)
                  0.10    0.45    1.11 v _57_/X (sky130_fd_sc_hd__a2111o_1)
     2    0.01                           _22_ (net)
                  0.10    0.00    1.11 v _74_/C (sky130_fd_sc_hd__and3_1)
                  0.05    0.22    1.33 v _74_/X (sky130_fd_sc_hd__and3_1)
     1    0.00                           _32_ (net)
                  0.05    0.00    1.33 v _76_/A (sky130_fd_sc_hd__xnor2_1)
                  0.12    0.15    1.48 ^ _76_/Y (sky130_fd_sc_hd__xnor2_1)
     1    0.00                           net25 (net)
                  0.12    0.00    1.48 ^ output25/A (sky130_fd_sc_hd__buf_2)
                  0.18    0.24    1.72 ^ output25/X (sky130_fd_sc_hd__buf_2)
     1    0.03                           sum[6] (net)
                  0.18    0.00    1.72 ^ sum[6] (out)
                                  1.72   data arrival time

                  0.00    1.00    1.00   clock clk (rise edge)
                          0.00    1.00   clock network delay (ideal)
                         -0.25    0.75   clock uncertainty
                          0.00    0.75   clock reconvergence pessimism
                          0.00    0.75   output external delay
                                  0.75   data required time
-----------------------------------------------------------------------------
                                  0.75   data required time
                                 -1.72   data arrival time
-----------------------------------------------------------------------------
                                 -0.97   slack (VIOLATED)


Startpoint: a[0] (input port clocked by clk)
Endpoint: sum[5] (output port clocked by clk)
Path Group: clk
Path Type: max

Fanout     Cap    Slew   Delay    Time   Description
-----------------------------------------------------------------------------
                  0.00    0.00    0.00   clock clk (rise edge)
                          0.00    0.00   clock network delay (ideal)
                          0.00    0.00 v input external delay
                  0.01    0.01    0.01 v a[0] (in)
     1    0.00                           a[0] (net)
                  0.01    0.00    0.01 v input1/A (sky130_fd_sc_hd__clkbuf_1)
                  0.05    0.10    0.11 v input1/X (sky130_fd_sc_hd__clkbuf_1)
     2    0.01                           net1 (net)
                  0.05    0.00    0.11 v _43_/A (sky130_fd_sc_hd__or2_1)
                  0.06    0.25    0.36 v _43_/X (sky130_fd_sc_hd__or2_1)
     2    0.01                           _08_ (net)
                  0.06    0.00    0.36 v _45_/A2 (sky130_fd_sc_hd__a21bo_1)
                  0.06    0.23    0.58 v _45_/X (sky130_fd_sc_hd__a21bo_1)
     2    0.01                           _10_ (net)
                  0.06    0.00    0.58 v _48_/A1 (sky130_fd_sc_hd__a21bo_1)
                  0.06    0.21    0.79 v _48_/X (sky130_fd_sc_hd__a21bo_1)
     3    0.01                           _13_ (net)
                  0.06    0.00    0.80 v _49_/B (sky130_fd_sc_hd__nand2_1)
                  0.07    0.09    0.89 ^ _49_/Y (sky130_fd_sc_hd__nand2_1)
     2    0.01                           _14_ (net)
                  0.07    0.00    0.89 ^ _70_/A1 (sky130_fd_sc_hd__a21oi_1)
                  0.08    0.10    0.99 v _70_/Y (sky130_fd_sc_hd__a21oi_1)
     2    0.01                           _30_ (net)
                  0.08    0.00    0.99 v _72_/A2 (sky130_fd_sc_hd__a21bo_1)
                  0.05    0.22    1.21 v _72_/X (sky130_fd_sc_hd__a21bo_1)
     1    0.01                           _31_ (net)
                  0.05    0.00    1.21 v _73_/B (sky130_fd_sc_hd__xnor2_1)
                  0.11    0.12    1.33 ^ _73_/Y (sky130_fd_sc_hd__xnor2_1)
     1    0.00                           net24 (net)
                  0.11    0.00    1.33 ^ output24/A (sky130_fd_sc_hd__buf_2)
                  0.17    0.24    1.57 ^ output24/X (sky130_fd_sc_hd__buf_2)
     1    0.03                           sum[5] (net)
                  0.17    0.00    1.57 ^ sum[5] (out)
                                  1.57   data arrival time

                  0.00    1.00    1.00   clock clk (rise edge)
                          0.00    1.00   clock network delay (ideal)
                         -0.25    0.75   clock uncertainty
                          0.00    0.75   clock reconvergence pessimism
                          0.00    0.75   output external delay
                                  0.75   data required time
-----------------------------------------------------------------------------
                                  0.75   data required time
                                 -1.57   data arrival time
-----------------------------------------------------------------------------
                                 -0.82   slack (VIOLATED)


Startpoint: a[0] (input port clocked by clk)
Endpoint: sum[3] (output port clocked by clk)
Path Group: clk
Path Type: max

Fanout     Cap    Slew   Delay    Time   Description
-----------------------------------------------------------------------------
                  0.00    0.00    0.00   clock clk (rise edge)
                          0.00    0.00   clock network delay (ideal)
                          0.00    0.00 v input external delay
                  0.01    0.01    0.01 v a[0] (in)
     1    0.00                           a[0] (net)
                  0.01    0.00    0.01 v input1/A (sky130_fd_sc_hd__clkbuf_1)
                  0.05    0.10    0.11 v input1/X (sky130_fd_sc_hd__clkbuf_1)
     2    0.01                           net1 (net)
                  0.05    0.00    0.11 v _43_/A (sky130_fd_sc_hd__or2_1)
                  0.06    0.25    0.36 v _43_/X (sky130_fd_sc_hd__or2_1)
     2    0.01                           _08_ (net)
                  0.06    0.00    0.36 v _45_/A2 (sky130_fd_sc_hd__a21bo_1)
                  0.06    0.23    0.58 v _45_/X (sky130_fd_sc_hd__a21bo_1)
     2    0.01                           _10_ (net)
                  0.06    0.00    0.58 v _48_/A1 (sky130_fd_sc_hd__a21bo_1)
                  0.06    0.21    0.79 v _48_/X (sky130_fd_sc_hd__a21bo_1)
     3    0.01                           _13_ (net)
                  0.06    0.00    0.79 v _68_/A2 (sky130_fd_sc_hd__a21o_1)
                  0.04    0.20    1.00 v _68_/X (sky130_fd_sc_hd__a21o_1)
     1    0.01                           _29_ (net)
                  0.04    0.00    1.00 v _69_/B (sky130_fd_sc_hd__xnor2_1)
                  0.14    0.16    1.15 ^ _69_/Y (sky130_fd_sc_hd__xnor2_1)
     1    0.00                           net22 (net)
                  0.14    0.00    1.15 ^ output22/A (sky130_fd_sc_hd__buf_2)
                  0.18    0.25    1.40 ^ output22/X (sky130_fd_sc_hd__buf_2)
     1    0.03                           sum[3] (net)
                  0.18    0.00    1.40 ^ sum[3] (out)
                                  1.40   data arrival time

                  0.00    1.00    1.00   clock clk (rise edge)
                          0.00    1.00   clock network delay (ideal)
                         -0.25    0.75   clock uncertainty
                          0.00    0.75   clock reconvergence pessimism
                          0.00    0.75   output external delay
                                  0.75   data required time
-----------------------------------------------------------------------------
                                  0.75   data required time
                                 -1.40   data arrival time
-----------------------------------------------------------------------------
                                 -0.65   slack (VIOLATED)


