
===========================================================================
report_checks -unconstrained
============================================================================
Startpoint: b[0] (input port clocked by clk)
Endpoint: sum[31] (output port clocked by clk)
Path Group: clk
Path Type: max

Fanout     Cap    Slew   Delay    Time   Description
-----------------------------------------------------------------------------
                  0.00    0.00    0.00   clock clk (rise edge)
                          0.00    0.00   clock network delay (ideal)
                          0.00    0.00 v input external delay
                  0.01    0.01    0.01 v b[0] (in)
     1    0.00                           b[0] (net)
                  0.01    0.00    0.01 v input33/A (sky130_fd_sc_hd__dlymetal6s2s_1)
                  0.09    0.18    0.18 v input33/X (sky130_fd_sc_hd__dlymetal6s2s_1)
     2    0.02                           net33 (net)
                  0.09    0.00    0.18 v ppa_pre_1_0.U1.xor2/B (sky130_fd_sc_hd__xor2_1)
                  0.09    0.18    0.37 v ppa_pre_1_0.U1.xor2/X (sky130_fd_sc_hd__xor2_1)
     2    0.01                           ppa_grey_1_1.U1.A1 (net)
                  0.09    0.00    0.37 v ppa_grey_1_1.U1.ao21/A2 (sky130_fd_sc_hd__a21o_1)
                  0.05    0.22    0.59 v ppa_grey_1_1.U1.ao21/X (sky130_fd_sc_hd__a21o_1)
     2    0.01                           ppa_grey_1_1.U1.Y (net)
                  0.05    0.00    0.59 v ppa_grey_2_2.U1.ao21/A1 (sky130_fd_sc_hd__a21o_1)
                  0.06    0.19    0.78 v ppa_grey_2_2.U1.ao21/X (sky130_fd_sc_hd__a21o_1)
     2    0.01                           ppa_grey_2_2.U1.Y (net)
                  0.06    0.00    0.78 v ppa_grey_3_3.U1.ao21/A1 (sky130_fd_sc_hd__a21o_1)
                  0.06    0.20    0.98 v ppa_grey_3_3.U1.ao21/X (sky130_fd_sc_hd__a21o_1)
     2    0.01                           ppa_grey_3_3.U1.Y (net)
                  0.06    0.00    0.98 v ppa_grey_4_4.U1.ao21/A1 (sky130_fd_sc_hd__a21o_1)
                  0.06    0.19    1.17 v ppa_grey_4_4.U1.ao21/X (sky130_fd_sc_hd__a21o_1)
     2    0.01                           ppa_grey_4_4.U1.Y (net)
                  0.06    0.00    1.17 v ppa_grey_5_5.U1.ao21/A1 (sky130_fd_sc_hd__a21o_1)
                  0.05    0.18    1.36 v ppa_grey_5_5.U1.ao21/X (sky130_fd_sc_hd__a21o_1)
     2    0.01                           ppa_grey_5_5.U1.Y (net)
                  0.05    0.00    1.36 v ppa_grey_6_6.U1.ao21/A1 (sky130_fd_sc_hd__a21o_1)
                  0.06    0.20    1.56 v ppa_grey_6_6.U1.ao21/X (sky130_fd_sc_hd__a21o_1)
     2    0.01                           ppa_grey_6_6.U1.Y (net)
                  0.06    0.00    1.56 v ppa_grey_7_7.U1.ao21/A1 (sky130_fd_sc_hd__a21o_1)
                  0.06    0.19    1.75 v ppa_grey_7_7.U1.ao21/X (sky130_fd_sc_hd__a21o_1)
     2    0.01                           ppa_grey_7_7.U1.Y (net)
                  0.06    0.00    1.75 v ppa_grey_8_8.U1.ao21/A1 (sky130_fd_sc_hd__a21o_1)
                  0.06    0.20    1.95 v ppa_grey_8_8.U1.ao21/X (sky130_fd_sc_hd__a21o_1)
     2    0.01                           ppa_grey_8_8.U1.Y (net)
                  0.06    0.00    1.95 v ppa_grey_9_9.U1.ao21/A1 (sky130_fd_sc_hd__a21o_1)
                  0.05    0.19    2.13 v ppa_grey_9_9.U1.ao21/X (sky130_fd_sc_hd__a21o_1)
     2    0.01                           ppa_grey_10_10.U1.A0 (net)
                  0.05    0.00    2.13 v ppa_grey_10_10.U1.ao21/A1 (sky130_fd_sc_hd__a21o_1)
                  0.05    0.19    2.32 v ppa_grey_10_10.U1.ao21/X (sky130_fd_sc_hd__a21o_1)
     2    0.01                           ppa_grey_10_10.U1.Y (net)
                  0.05    0.00    2.32 v ppa_grey_11_11.U1.ao21/A1 (sky130_fd_sc_hd__a21o_1)
                  0.05    0.18    2.50 v ppa_grey_11_11.U1.ao21/X (sky130_fd_sc_hd__a21o_1)
     2    0.01                           ppa_grey_11_11.U1.Y (net)
                  0.05    0.00    2.50 v ppa_grey_12_12.U1.ao21/A1 (sky130_fd_sc_hd__a21o_1)
                  0.08    0.21    2.72 v ppa_grey_12_12.U1.ao21/X (sky130_fd_sc_hd__a21o_1)
     2    0.01                           ppa_grey_12_12.U1.Y (net)
                  0.08    0.00    2.72 v ppa_grey_13_13.U1.ao21/A1 (sky130_fd_sc_hd__a21o_1)
                  0.06    0.20    2.92 v ppa_grey_13_13.U1.ao21/X (sky130_fd_sc_hd__a21o_1)
     2    0.01                           ppa_grey_13_13.U1.Y (net)
                  0.06    0.00    2.92 v ppa_grey_14_14.U1.ao21/A1 (sky130_fd_sc_hd__a21o_1)
                  0.05    0.18    3.11 v ppa_grey_14_14.U1.ao21/X (sky130_fd_sc_hd__a21o_1)
     2    0.01                           ppa_grey_14_14.U1.Y (net)
                  0.05    0.00    3.11 v ppa_grey_15_15.U1.ao21/A1 (sky130_fd_sc_hd__a21o_1)
                  0.05    0.19    3.29 v ppa_grey_15_15.U1.ao21/X (sky130_fd_sc_hd__a21o_1)
     2    0.01                           ppa_grey_15_15.U1.Y (net)
                  0.05    0.00    3.29 v ppa_grey_16_16.U1.ao21/A1 (sky130_fd_sc_hd__a21o_1)
                  0.07    0.20    3.49 v ppa_grey_16_16.U1.ao21/X (sky130_fd_sc_hd__a21o_1)
     2    0.01                           ppa_grey_16_16.U1.Y (net)
                  0.07    0.00    3.49 v ppa_grey_17_17.U1.ao21/A1 (sky130_fd_sc_hd__a21o_1)
                  0.06    0.20    3.69 v ppa_grey_17_17.U1.ao21/X (sky130_fd_sc_hd__a21o_1)
     2    0.01                           ppa_grey_17_17.U1.Y (net)
                  0.06    0.00    3.69 v ppa_grey_18_18.U1.ao21/A1 (sky130_fd_sc_hd__a21o_1)
                  0.05    0.19    3.88 v ppa_grey_18_18.U1.ao21/X (sky130_fd_sc_hd__a21o_1)
     2    0.01                           ppa_grey_18_18.U1.Y (net)
                  0.05    0.00    3.88 v ppa_grey_19_19.U1.ao21/A1 (sky130_fd_sc_hd__a21o_1)
                  0.06    0.19    4.07 v ppa_grey_19_19.U1.ao21/X (sky130_fd_sc_hd__a21o_1)
     2    0.01                           ppa_grey_19_19.U1.Y (net)
                  0.06    0.00    4.07 v ppa_grey_20_20.U1.ao21/A1 (sky130_fd_sc_hd__a21o_1)
                  0.06    0.19    4.26 v ppa_grey_20_20.U1.ao21/X (sky130_fd_sc_hd__a21o_1)
     2    0.01                           ppa_grey_20_20.U1.Y (net)
                  0.06    0.00    4.26 v ppa_grey_21_21.U1.ao21/A1 (sky130_fd_sc_hd__a21o_1)
                  0.06    0.19    4.45 v ppa_grey_21_21.U1.ao21/X (sky130_fd_sc_hd__a21o_1)
     2    0.01                           ppa_grey_21_21.U1.Y (net)
                  0.06    0.00    4.45 v ppa_grey_22_22.U1.ao21/A1 (sky130_fd_sc_hd__a21o_1)
                  0.06    0.20    4.65 v ppa_grey_22_22.U1.ao21/X (sky130_fd_sc_hd__a21o_1)
     2    0.01                           ppa_grey_22_22.U1.Y (net)
                  0.06    0.00    4.65 v ppa_grey_23_23.U1.ao21/A1 (sky130_fd_sc_hd__a21o_1)
                  0.06    0.19    4.84 v ppa_grey_23_23.U1.ao21/X (sky130_fd_sc_hd__a21o_1)
     2    0.01                           ppa_grey_23_23.U1.Y (net)
                  0.06    0.00    4.84 v ppa_grey_24_24.U1.ao21/A1 (sky130_fd_sc_hd__a21o_1)
                  0.06    0.20    5.04 v ppa_grey_24_24.U1.ao21/X (sky130_fd_sc_hd__a21o_1)
     2    0.01                           ppa_grey_24_24.U1.Y (net)
                  0.06    0.00    5.04 v ppa_grey_25_25.U1.ao21/A1 (sky130_fd_sc_hd__a21o_1)
                  0.05    0.19    5.23 v ppa_grey_25_25.U1.ao21/X (sky130_fd_sc_hd__a21o_1)
     2    0.01                           ppa_grey_25_25.U1.Y (net)
                  0.05    0.00    5.23 v ppa_grey_26_26.U1.ao21/A1 (sky130_fd_sc_hd__a21o_1)
                  0.06    0.19    5.41 v ppa_grey_26_26.U1.ao21/X (sky130_fd_sc_hd__a21o_1)
     2    0.01                           ppa_grey_26_26.U1.Y (net)
                  0.06    0.00    5.41 v ppa_grey_27_27.U1.ao21/A1 (sky130_fd_sc_hd__a21o_1)
                  0.06    0.19    5.61 v ppa_grey_27_27.U1.ao21/X (sky130_fd_sc_hd__a21o_1)
     2    0.01                           ppa_grey_27_27.U1.Y (net)
                  0.06    0.00    5.61 v ppa_grey_28_28.U1.ao21/A1 (sky130_fd_sc_hd__a21o_1)
                  0.05    0.19    5.79 v ppa_grey_28_28.U1.ao21/X (sky130_fd_sc_hd__a21o_1)
     2    0.01                           ppa_grey_28_28.U1.Y (net)
                  0.05    0.00    5.79 v ppa_grey_29_29.U1.ao21/A1 (sky130_fd_sc_hd__a21o_1)
                  0.06    0.19    5.98 v ppa_grey_29_29.U1.ao21/X (sky130_fd_sc_hd__a21o_1)
     2    0.01                           ppa_grey_29_29.U1.Y (net)
                  0.06    0.00    5.98 v ppa_grey_30_30.U1.ao21/A1 (sky130_fd_sc_hd__a21o_1)
                  0.07    0.21    6.18 v ppa_grey_30_30.U1.ao21/X (sky130_fd_sc_hd__a21o_1)
     2    0.01                           ppa_grey_30_30.U1.Y (net)
                  0.07    0.00    6.19 v ppa_grey_31_31.U1.ao21/A1 (sky130_fd_sc_hd__a21o_1)
                  0.05    0.19    6.38 v ppa_grey_31_31.U1.ao21/X (sky130_fd_sc_hd__a21o_1)
     2    0.01                           ppa_grey_31_31.U1.Y (net)
                  0.05    0.00    6.38 v ppa_post_31_32.U1.xor2/B (sky130_fd_sc_hd__xor2_1)
                  0.13    0.14    6.52 ^ ppa_post_31_32.U1.xor2/X (sky130_fd_sc_hd__xor2_1)
     1    0.00                           ppa_post_31_32.U1.Y (net)
                  0.13    0.00    6.52 ^ _08_/A (sky130_fd_sc_hd__clkbuf_1)
                  0.11    0.16    6.68 ^ _08_/X (sky130_fd_sc_hd__clkbuf_1)
     1    0.01                           net91 (net)
                  0.11    0.00    6.68 ^ output91/A (sky130_fd_sc_hd__buf_2)
                  0.18    0.24    6.92 ^ output91/X (sky130_fd_sc_hd__buf_2)
     1    0.03                           sum[31] (net)
                  0.18    0.00    6.92 ^ sum[31] (out)
                                  6.92   data arrival time

                  0.00    1.00    1.00   clock clk (rise edge)
                          0.00    1.00   clock network delay (ideal)
                         -0.25    0.75   clock uncertainty
                          0.00    0.75   clock reconvergence pessimism
                          0.00    0.75   output external delay
                                  0.75   data required time
-----------------------------------------------------------------------------
                                  0.75   data required time
                                 -6.92   data arrival time
-----------------------------------------------------------------------------
                                 -6.17   slack (VIOLATED)



===========================================================================
report_checks --slack_max -0.01
============================================================================
Startpoint: b[0] (input port clocked by clk)
Endpoint: sum[31] (output port clocked by clk)
Path Group: clk
Path Type: max

Fanout     Cap    Slew   Delay    Time   Description
-----------------------------------------------------------------------------
                  0.00    0.00    0.00   clock clk (rise edge)
                          0.00    0.00   clock network delay (ideal)
                          0.00    0.00 v input external delay
                  0.01    0.01    0.01 v b[0] (in)
     1    0.00                           b[0] (net)
                  0.01    0.00    0.01 v input33/A (sky130_fd_sc_hd__dlymetal6s2s_1)
                  0.09    0.18    0.18 v input33/X (sky130_fd_sc_hd__dlymetal6s2s_1)
     2    0.02                           net33 (net)
                  0.09    0.00    0.18 v ppa_pre_1_0.U1.xor2/B (sky130_fd_sc_hd__xor2_1)
                  0.09    0.18    0.37 v ppa_pre_1_0.U1.xor2/X (sky130_fd_sc_hd__xor2_1)
     2    0.01                           ppa_grey_1_1.U1.A1 (net)
                  0.09    0.00    0.37 v ppa_grey_1_1.U1.ao21/A2 (sky130_fd_sc_hd__a21o_1)
                  0.05    0.22    0.59 v ppa_grey_1_1.U1.ao21/X (sky130_fd_sc_hd__a21o_1)
     2    0.01                           ppa_grey_1_1.U1.Y (net)
                  0.05    0.00    0.59 v ppa_grey_2_2.U1.ao21/A1 (sky130_fd_sc_hd__a21o_1)
                  0.06    0.19    0.78 v ppa_grey_2_2.U1.ao21/X (sky130_fd_sc_hd__a21o_1)
     2    0.01                           ppa_grey_2_2.U1.Y (net)
                  0.06    0.00    0.78 v ppa_grey_3_3.U1.ao21/A1 (sky130_fd_sc_hd__a21o_1)
                  0.06    0.20    0.98 v ppa_grey_3_3.U1.ao21/X (sky130_fd_sc_hd__a21o_1)
     2    0.01                           ppa_grey_3_3.U1.Y (net)
                  0.06    0.00    0.98 v ppa_grey_4_4.U1.ao21/A1 (sky130_fd_sc_hd__a21o_1)
                  0.06    0.19    1.17 v ppa_grey_4_4.U1.ao21/X (sky130_fd_sc_hd__a21o_1)
     2    0.01                           ppa_grey_4_4.U1.Y (net)
                  0.06    0.00    1.17 v ppa_grey_5_5.U1.ao21/A1 (sky130_fd_sc_hd__a21o_1)
                  0.05    0.18    1.36 v ppa_grey_5_5.U1.ao21/X (sky130_fd_sc_hd__a21o_1)
     2    0.01                           ppa_grey_5_5.U1.Y (net)
                  0.05    0.00    1.36 v ppa_grey_6_6.U1.ao21/A1 (sky130_fd_sc_hd__a21o_1)
                  0.06    0.20    1.56 v ppa_grey_6_6.U1.ao21/X (sky130_fd_sc_hd__a21o_1)
     2    0.01                           ppa_grey_6_6.U1.Y (net)
                  0.06    0.00    1.56 v ppa_grey_7_7.U1.ao21/A1 (sky130_fd_sc_hd__a21o_1)
                  0.06    0.19    1.75 v ppa_grey_7_7.U1.ao21/X (sky130_fd_sc_hd__a21o_1)
     2    0.01                           ppa_grey_7_7.U1.Y (net)
                  0.06    0.00    1.75 v ppa_grey_8_8.U1.ao21/A1 (sky130_fd_sc_hd__a21o_1)
                  0.06    0.20    1.95 v ppa_grey_8_8.U1.ao21/X (sky130_fd_sc_hd__a21o_1)
     2    0.01                           ppa_grey_8_8.U1.Y (net)
                  0.06    0.00    1.95 v ppa_grey_9_9.U1.ao21/A1 (sky130_fd_sc_hd__a21o_1)
                  0.05    0.19    2.13 v ppa_grey_9_9.U1.ao21/X (sky130_fd_sc_hd__a21o_1)
     2    0.01                           ppa_grey_10_10.U1.A0 (net)
                  0.05    0.00    2.13 v ppa_grey_10_10.U1.ao21/A1 (sky130_fd_sc_hd__a21o_1)
                  0.05    0.19    2.32 v ppa_grey_10_10.U1.ao21/X (sky130_fd_sc_hd__a21o_1)
     2    0.01                           ppa_grey_10_10.U1.Y (net)
                  0.05    0.00    2.32 v ppa_grey_11_11.U1.ao21/A1 (sky130_fd_sc_hd__a21o_1)
                  0.05    0.18    2.50 v ppa_grey_11_11.U1.ao21/X (sky130_fd_sc_hd__a21o_1)
     2    0.01                           ppa_grey_11_11.U1.Y (net)
                  0.05    0.00    2.50 v ppa_grey_12_12.U1.ao21/A1 (sky130_fd_sc_hd__a21o_1)
                  0.08    0.21    2.72 v ppa_grey_12_12.U1.ao21/X (sky130_fd_sc_hd__a21o_1)
     2    0.01                           ppa_grey_12_12.U1.Y (net)
                  0.08    0.00    2.72 v ppa_grey_13_13.U1.ao21/A1 (sky130_fd_sc_hd__a21o_1)
                  0.06    0.20    2.92 v ppa_grey_13_13.U1.ao21/X (sky130_fd_sc_hd__a21o_1)
     2    0.01                           ppa_grey_13_13.U1.Y (net)
                  0.06    0.00    2.92 v ppa_grey_14_14.U1.ao21/A1 (sky130_fd_sc_hd__a21o_1)
                  0.05    0.18    3.11 v ppa_grey_14_14.U1.ao21/X (sky130_fd_sc_hd__a21o_1)
     2    0.01                           ppa_grey_14_14.U1.Y (net)
                  0.05    0.00    3.11 v ppa_grey_15_15.U1.ao21/A1 (sky130_fd_sc_hd__a21o_1)
                  0.05    0.19    3.29 v ppa_grey_15_15.U1.ao21/X (sky130_fd_sc_hd__a21o_1)
     2    0.01                           ppa_grey_15_15.U1.Y (net)
                  0.05    0.00    3.29 v ppa_grey_16_16.U1.ao21/A1 (sky130_fd_sc_hd__a21o_1)
                  0.07    0.20    3.49 v ppa_grey_16_16.U1.ao21/X (sky130_fd_sc_hd__a21o_1)
     2    0.01                           ppa_grey_16_16.U1.Y (net)
                  0.07    0.00    3.49 v ppa_grey_17_17.U1.ao21/A1 (sky130_fd_sc_hd__a21o_1)
                  0.06    0.20    3.69 v ppa_grey_17_17.U1.ao21/X (sky130_fd_sc_hd__a21o_1)
     2    0.01                           ppa_grey_17_17.U1.Y (net)
                  0.06    0.00    3.69 v ppa_grey_18_18.U1.ao21/A1 (sky130_fd_sc_hd__a21o_1)
                  0.05    0.19    3.88 v ppa_grey_18_18.U1.ao21/X (sky130_fd_sc_hd__a21o_1)
     2    0.01                           ppa_grey_18_18.U1.Y (net)
                  0.05    0.00    3.88 v ppa_grey_19_19.U1.ao21/A1 (sky130_fd_sc_hd__a21o_1)
                  0.06    0.19    4.07 v ppa_grey_19_19.U1.ao21/X (sky130_fd_sc_hd__a21o_1)
     2    0.01                           ppa_grey_19_19.U1.Y (net)
                  0.06    0.00    4.07 v ppa_grey_20_20.U1.ao21/A1 (sky130_fd_sc_hd__a21o_1)
                  0.06    0.19    4.26 v ppa_grey_20_20.U1.ao21/X (sky130_fd_sc_hd__a21o_1)
     2    0.01                           ppa_grey_20_20.U1.Y (net)
                  0.06    0.00    4.26 v ppa_grey_21_21.U1.ao21/A1 (sky130_fd_sc_hd__a21o_1)
                  0.06    0.19    4.45 v ppa_grey_21_21.U1.ao21/X (sky130_fd_sc_hd__a21o_1)
     2    0.01                           ppa_grey_21_21.U1.Y (net)
                  0.06    0.00    4.45 v ppa_grey_22_22.U1.ao21/A1 (sky130_fd_sc_hd__a21o_1)
                  0.06    0.20    4.65 v ppa_grey_22_22.U1.ao21/X (sky130_fd_sc_hd__a21o_1)
     2    0.01                           ppa_grey_22_22.U1.Y (net)
                  0.06    0.00    4.65 v ppa_grey_23_23.U1.ao21/A1 (sky130_fd_sc_hd__a21o_1)
                  0.06    0.19    4.84 v ppa_grey_23_23.U1.ao21/X (sky130_fd_sc_hd__a21o_1)
     2    0.01                           ppa_grey_23_23.U1.Y (net)
                  0.06    0.00    4.84 v ppa_grey_24_24.U1.ao21/A1 (sky130_fd_sc_hd__a21o_1)
                  0.06    0.20    5.04 v ppa_grey_24_24.U1.ao21/X (sky130_fd_sc_hd__a21o_1)
     2    0.01                           ppa_grey_24_24.U1.Y (net)
                  0.06    0.00    5.04 v ppa_grey_25_25.U1.ao21/A1 (sky130_fd_sc_hd__a21o_1)
                  0.05    0.19    5.23 v ppa_grey_25_25.U1.ao21/X (sky130_fd_sc_hd__a21o_1)
     2    0.01                           ppa_grey_25_25.U1.Y (net)
                  0.05    0.00    5.23 v ppa_grey_26_26.U1.ao21/A1 (sky130_fd_sc_hd__a21o_1)
                  0.06    0.19    5.41 v ppa_grey_26_26.U1.ao21/X (sky130_fd_sc_hd__a21o_1)
     2    0.01                           ppa_grey_26_26.U1.Y (net)
                  0.06    0.00    5.41 v ppa_grey_27_27.U1.ao21/A1 (sky130_fd_sc_hd__a21o_1)
                  0.06    0.19    5.61 v ppa_grey_27_27.U1.ao21/X (sky130_fd_sc_hd__a21o_1)
     2    0.01                           ppa_grey_27_27.U1.Y (net)
                  0.06    0.00    5.61 v ppa_grey_28_28.U1.ao21/A1 (sky130_fd_sc_hd__a21o_1)
                  0.05    0.19    5.79 v ppa_grey_28_28.U1.ao21/X (sky130_fd_sc_hd__a21o_1)
     2    0.01                           ppa_grey_28_28.U1.Y (net)
                  0.05    0.00    5.79 v ppa_grey_29_29.U1.ao21/A1 (sky130_fd_sc_hd__a21o_1)
                  0.06    0.19    5.98 v ppa_grey_29_29.U1.ao21/X (sky130_fd_sc_hd__a21o_1)
     2    0.01                           ppa_grey_29_29.U1.Y (net)
                  0.06    0.00    5.98 v ppa_grey_30_30.U1.ao21/A1 (sky130_fd_sc_hd__a21o_1)
                  0.07    0.21    6.18 v ppa_grey_30_30.U1.ao21/X (sky130_fd_sc_hd__a21o_1)
     2    0.01                           ppa_grey_30_30.U1.Y (net)
                  0.07    0.00    6.19 v ppa_grey_31_31.U1.ao21/A1 (sky130_fd_sc_hd__a21o_1)
                  0.05    0.19    6.38 v ppa_grey_31_31.U1.ao21/X (sky130_fd_sc_hd__a21o_1)
     2    0.01                           ppa_grey_31_31.U1.Y (net)
                  0.05    0.00    6.38 v ppa_post_31_32.U1.xor2/B (sky130_fd_sc_hd__xor2_1)
                  0.13    0.14    6.52 ^ ppa_post_31_32.U1.xor2/X (sky130_fd_sc_hd__xor2_1)
     1    0.00                           ppa_post_31_32.U1.Y (net)
                  0.13    0.00    6.52 ^ _08_/A (sky130_fd_sc_hd__clkbuf_1)
                  0.11    0.16    6.68 ^ _08_/X (sky130_fd_sc_hd__clkbuf_1)
     1    0.01                           net91 (net)
                  0.11    0.00    6.68 ^ output91/A (sky130_fd_sc_hd__buf_2)
                  0.18    0.24    6.92 ^ output91/X (sky130_fd_sc_hd__buf_2)
     1    0.03                           sum[31] (net)
                  0.18    0.00    6.92 ^ sum[31] (out)
                                  6.92   data arrival time

                  0.00    1.00    1.00   clock clk (rise edge)
                          0.00    1.00   clock network delay (ideal)
                         -0.25    0.75   clock uncertainty
                          0.00    0.75   clock reconvergence pessimism
                          0.00    0.75   output external delay
                                  0.75   data required time
-----------------------------------------------------------------------------
                                  0.75   data required time
                                 -6.92   data arrival time
-----------------------------------------------------------------------------
                                 -6.17   slack (VIOLATED)


