
===========================================================================
report_checks -path_delay max (Setup)
============================================================================
Startpoint: a[0] (input port clocked by clk)
Endpoint: sum[31] (output port clocked by clk)
Path Group: clk
Path Type: max

Fanout     Cap    Slew   Delay    Time   Description
-----------------------------------------------------------------------------
                  0.00    0.00    0.00   clock clk (rise edge)
                          0.00    0.00   clock network delay (ideal)
                          0.00    0.00 v input external delay
                  0.02    0.01    0.01 v a[0] (in)
     2    0.01                           a[0] (net)
                  0.02    0.00    0.01 v ppa_pre_1_0.U1.xor2/A (sky130_fd_sc_hd__xor2_1)
                  0.06    0.17    0.18 v ppa_pre_1_0.U1.xor2/X (sky130_fd_sc_hd__xor2_1)
     2    0.01                           ppa_grey_1_1.U1.A1 (net)
                  0.07    0.00    0.18 v ppa_grey_1_1.U1.ao21/A2 (sky130_fd_sc_hd__a21o_1)
                  0.05    0.21    0.39 v ppa_grey_1_1.U1.ao21/X (sky130_fd_sc_hd__a21o_1)
     2    0.01                           ppa_grey_1_1.U1.Y (net)
                  0.05    0.00    0.39 v ppa_grey_2_2.U1.ao21/A1 (sky130_fd_sc_hd__a21o_1)
                  0.05    0.18    0.57 v ppa_grey_2_2.U1.ao21/X (sky130_fd_sc_hd__a21o_1)
     2    0.01                           ppa_grey_2_2.U1.Y (net)
                  0.05    0.00    0.57 v ppa_grey_3_3.U1.ao21/A1 (sky130_fd_sc_hd__a21o_1)
                  0.05    0.18    0.75 v ppa_grey_3_3.U1.ao21/X (sky130_fd_sc_hd__a21o_1)
     2    0.01                           ppa_grey_3_3.U1.Y (net)
                  0.05    0.00    0.76 v ppa_grey_4_4.U1.ao21/A1 (sky130_fd_sc_hd__a21o_1)
                  0.05    0.18    0.93 v ppa_grey_4_4.U1.ao21/X (sky130_fd_sc_hd__a21o_1)
     2    0.01                           ppa_grey_4_4.U1.Y (net)
                  0.05    0.00    0.94 v ppa_grey_5_5.U1.ao21/A1 (sky130_fd_sc_hd__a21o_1)
                  0.05    0.18    1.12 v ppa_grey_5_5.U1.ao21/X (sky130_fd_sc_hd__a21o_1)
     2    0.01                           ppa_grey_5_5.U1.Y (net)
                  0.05    0.00    1.12 v ppa_grey_6_6.U1.ao21/A1 (sky130_fd_sc_hd__a21o_1)
                  0.05    0.18    1.30 v ppa_grey_6_6.U1.ao21/X (sky130_fd_sc_hd__a21o_1)
     2    0.01                           ppa_grey_6_6.U1.Y (net)
                  0.05    0.00    1.30 v ppa_grey_7_7.U1.ao21/A1 (sky130_fd_sc_hd__a21o_1)
                  0.05    0.18    1.48 v ppa_grey_7_7.U1.ao21/X (sky130_fd_sc_hd__a21o_1)
     2    0.01                           ppa_grey_7_7.U1.Y (net)
                  0.05    0.00    1.48 v ppa_grey_8_8.U1.ao21/A1 (sky130_fd_sc_hd__a21o_1)
                  0.05    0.18    1.66 v ppa_grey_8_8.U1.ao21/X (sky130_fd_sc_hd__a21o_1)
     2    0.01                           ppa_grey_8_8.U1.Y (net)
                  0.05    0.00    1.66 v ppa_grey_9_9.U1.ao21/A1 (sky130_fd_sc_hd__a21o_1)
                  0.05    0.18    1.84 v ppa_grey_9_9.U1.ao21/X (sky130_fd_sc_hd__a21o_1)
     2    0.01                           ppa_grey_10_10.U1.A0 (net)
                  0.05    0.00    1.84 v ppa_grey_10_10.U1.ao21/A1 (sky130_fd_sc_hd__a21o_1)
                  0.05    0.18    2.02 v ppa_grey_10_10.U1.ao21/X (sky130_fd_sc_hd__a21o_1)
     2    0.01                           ppa_grey_10_10.U1.Y (net)
                  0.05    0.00    2.02 v ppa_grey_11_11.U1.ao21/A1 (sky130_fd_sc_hd__a21o_1)
                  0.05    0.18    2.20 v ppa_grey_11_11.U1.ao21/X (sky130_fd_sc_hd__a21o_1)
     2    0.01                           ppa_grey_11_11.U1.Y (net)
                  0.05    0.00    2.21 v ppa_grey_12_12.U1.ao21/A1 (sky130_fd_sc_hd__a21o_1)
                  0.05    0.18    2.38 v ppa_grey_12_12.U1.ao21/X (sky130_fd_sc_hd__a21o_1)
     2    0.01                           ppa_grey_12_12.U1.Y (net)
                  0.05    0.00    2.39 v ppa_grey_13_13.U1.ao21/A1 (sky130_fd_sc_hd__a21o_1)
                  0.05    0.18    2.57 v ppa_grey_13_13.U1.ao21/X (sky130_fd_sc_hd__a21o_1)
     2    0.01                           ppa_grey_13_13.U1.Y (net)
                  0.05    0.00    2.57 v ppa_grey_14_14.U1.ao21/A1 (sky130_fd_sc_hd__a21o_1)
                  0.05    0.18    2.75 v ppa_grey_14_14.U1.ao21/X (sky130_fd_sc_hd__a21o_1)
     2    0.01                           ppa_grey_14_14.U1.Y (net)
                  0.05    0.00    2.75 v ppa_grey_15_15.U1.ao21/A1 (sky130_fd_sc_hd__a21o_1)
                  0.05    0.18    2.93 v ppa_grey_15_15.U1.ao21/X (sky130_fd_sc_hd__a21o_1)
     2    0.01                           ppa_grey_15_15.U1.Y (net)
                  0.05    0.00    2.93 v ppa_grey_16_16.U1.ao21/A1 (sky130_fd_sc_hd__a21o_1)
                  0.05    0.18    3.11 v ppa_grey_16_16.U1.ao21/X (sky130_fd_sc_hd__a21o_1)
     2    0.01                           ppa_grey_16_16.U1.Y (net)
                  0.05    0.00    3.11 v ppa_grey_17_17.U1.ao21/A1 (sky130_fd_sc_hd__a21o_1)
                  0.05    0.18    3.29 v ppa_grey_17_17.U1.ao21/X (sky130_fd_sc_hd__a21o_1)
     2    0.01                           ppa_grey_17_17.U1.Y (net)
                  0.05    0.00    3.29 v ppa_grey_18_18.U1.ao21/A1 (sky130_fd_sc_hd__a21o_1)
                  0.05    0.18    3.47 v ppa_grey_18_18.U1.ao21/X (sky130_fd_sc_hd__a21o_1)
     2    0.01                           ppa_grey_18_18.U1.Y (net)
                  0.05    0.00    3.48 v ppa_grey_19_19.U1.ao21/A1 (sky130_fd_sc_hd__a21o_1)
                  0.05    0.18    3.65 v ppa_grey_19_19.U1.ao21/X (sky130_fd_sc_hd__a21o_1)
     2    0.01                           ppa_grey_19_19.U1.Y (net)
                  0.05    0.00    3.66 v ppa_grey_20_20.U1.ao21/A1 (sky130_fd_sc_hd__a21o_1)
                  0.05    0.18    3.84 v ppa_grey_20_20.U1.ao21/X (sky130_fd_sc_hd__a21o_1)
     2    0.01                           ppa_grey_20_20.U1.Y (net)
                  0.05    0.00    3.84 v ppa_grey_21_21.U1.ao21/A1 (sky130_fd_sc_hd__a21o_1)
                  0.05    0.18    4.02 v ppa_grey_21_21.U1.ao21/X (sky130_fd_sc_hd__a21o_1)
     2    0.01                           ppa_grey_21_21.U1.Y (net)
                  0.05    0.00    4.02 v ppa_grey_22_22.U1.ao21/A1 (sky130_fd_sc_hd__a21o_1)
                  0.05    0.18    4.20 v ppa_grey_22_22.U1.ao21/X (sky130_fd_sc_hd__a21o_1)
     2    0.01                           ppa_grey_22_22.U1.Y (net)
                  0.05    0.00    4.20 v ppa_grey_23_23.U1.ao21/A1 (sky130_fd_sc_hd__a21o_1)
                  0.05    0.18    4.38 v ppa_grey_23_23.U1.ao21/X (sky130_fd_sc_hd__a21o_1)
     2    0.01                           ppa_grey_23_23.U1.Y (net)
                  0.05    0.00    4.38 v ppa_grey_24_24.U1.ao21/A1 (sky130_fd_sc_hd__a21o_1)
                  0.05    0.18    4.56 v ppa_grey_24_24.U1.ao21/X (sky130_fd_sc_hd__a21o_1)
     2    0.01                           ppa_grey_24_24.U1.Y (net)
                  0.05    0.00    4.56 v ppa_grey_25_25.U1.ao21/A1 (sky130_fd_sc_hd__a21o_1)
                  0.05    0.18    4.74 v ppa_grey_25_25.U1.ao21/X (sky130_fd_sc_hd__a21o_1)
     2    0.01                           ppa_grey_25_25.U1.Y (net)
                  0.05    0.00    4.74 v ppa_grey_26_26.U1.ao21/A1 (sky130_fd_sc_hd__a21o_1)
                  0.05    0.18    4.92 v ppa_grey_26_26.U1.ao21/X (sky130_fd_sc_hd__a21o_1)
     2    0.01                           ppa_grey_26_26.U1.Y (net)
                  0.05    0.00    4.93 v ppa_grey_27_27.U1.ao21/A1 (sky130_fd_sc_hd__a21o_1)
                  0.05    0.18    5.10 v ppa_grey_27_27.U1.ao21/X (sky130_fd_sc_hd__a21o_1)
     2    0.01                           ppa_grey_27_27.U1.Y (net)
                  0.05    0.00    5.11 v ppa_grey_28_28.U1.ao21/A1 (sky130_fd_sc_hd__a21o_1)
                  0.05    0.18    5.29 v ppa_grey_28_28.U1.ao21/X (sky130_fd_sc_hd__a21o_1)
     2    0.01                           ppa_grey_28_28.U1.Y (net)
                  0.05    0.00    5.29 v ppa_grey_29_29.U1.ao21/A1 (sky130_fd_sc_hd__a21o_1)
                  0.05    0.18    5.47 v ppa_grey_29_29.U1.ao21/X (sky130_fd_sc_hd__a21o_1)
     2    0.01                           ppa_grey_29_29.U1.Y (net)
                  0.05    0.00    5.47 v ppa_grey_30_30.U1.ao21/A1 (sky130_fd_sc_hd__a21o_1)
                  0.05    0.18    5.65 v ppa_grey_30_30.U1.ao21/X (sky130_fd_sc_hd__a21o_1)
     2    0.01                           ppa_grey_30_30.U1.Y (net)
                  0.05    0.00    5.65 v ppa_grey_31_31.U1.ao21/A1 (sky130_fd_sc_hd__a21o_1)
                  0.05    0.18    5.83 v ppa_grey_31_31.U1.ao21/X (sky130_fd_sc_hd__a21o_1)
     2    0.01                           ppa_grey_31_31.U1.Y (net)
                  0.05    0.01    5.84 v ppa_post_31_32.U1.xor2/B (sky130_fd_sc_hd__xor2_1)
                  0.10    0.12    5.96 ^ ppa_post_31_32.U1.xor2/X (sky130_fd_sc_hd__xor2_1)
     1    0.00                           ppa_post_31_32.U1.Y (net)
                  0.10    0.00    5.96 ^ _08_/A (sky130_fd_sc_hd__buf_2)
                  0.20    0.21    6.17 ^ _08_/X (sky130_fd_sc_hd__buf_2)
     1    0.03                           sum[31] (net)
                  0.20    0.00    6.17 ^ sum[31] (out)
                                  6.17   data arrival time

                  0.00    2.00    2.00   clock clk (rise edge)
                          0.00    2.00   clock network delay (ideal)
                         -0.25    1.75   clock uncertainty
                          0.00    1.75   clock reconvergence pessimism
                          0.00    1.75   output external delay
                                  1.75   data required time
-----------------------------------------------------------------------------
                                  1.75   data required time
                                 -6.17   data arrival time
-----------------------------------------------------------------------------
                                 -4.42   slack (VIOLATED)


Startpoint: a[0] (input port clocked by clk)
Endpoint: cout (output port clocked by clk)
Path Group: clk
Path Type: max

Fanout     Cap    Slew   Delay    Time   Description
-----------------------------------------------------------------------------
                  0.00    0.00    0.00   clock clk (rise edge)
                          0.00    0.00   clock network delay (ideal)
                          0.00    0.00 v input external delay
                  0.02    0.01    0.01 v a[0] (in)
     2    0.01                           a[0] (net)
                  0.02    0.00    0.01 v ppa_pre_1_0.U1.xor2/A (sky130_fd_sc_hd__xor2_1)
                  0.06    0.17    0.18 v ppa_pre_1_0.U1.xor2/X (sky130_fd_sc_hd__xor2_1)
     2    0.01                           ppa_grey_1_1.U1.A1 (net)
                  0.07    0.00    0.18 v ppa_grey_1_1.U1.ao21/A2 (sky130_fd_sc_hd__a21o_1)
                  0.05    0.21    0.39 v ppa_grey_1_1.U1.ao21/X (sky130_fd_sc_hd__a21o_1)
     2    0.01                           ppa_grey_1_1.U1.Y (net)
                  0.05    0.00    0.39 v ppa_grey_2_2.U1.ao21/A1 (sky130_fd_sc_hd__a21o_1)
                  0.05    0.18    0.57 v ppa_grey_2_2.U1.ao21/X (sky130_fd_sc_hd__a21o_1)
     2    0.01                           ppa_grey_2_2.U1.Y (net)
                  0.05    0.00    0.57 v ppa_grey_3_3.U1.ao21/A1 (sky130_fd_sc_hd__a21o_1)
                  0.05    0.18    0.75 v ppa_grey_3_3.U1.ao21/X (sky130_fd_sc_hd__a21o_1)
     2    0.01                           ppa_grey_3_3.U1.Y (net)
                  0.05    0.00    0.76 v ppa_grey_4_4.U1.ao21/A1 (sky130_fd_sc_hd__a21o_1)
                  0.05    0.18    0.93 v ppa_grey_4_4.U1.ao21/X (sky130_fd_sc_hd__a21o_1)
     2    0.01                           ppa_grey_4_4.U1.Y (net)
                  0.05    0.00    0.94 v ppa_grey_5_5.U1.ao21/A1 (sky130_fd_sc_hd__a21o_1)
                  0.05    0.18    1.12 v ppa_grey_5_5.U1.ao21/X (sky130_fd_sc_hd__a21o_1)
     2    0.01                           ppa_grey_5_5.U1.Y (net)
                  0.05    0.00    1.12 v ppa_grey_6_6.U1.ao21/A1 (sky130_fd_sc_hd__a21o_1)
                  0.05    0.18    1.30 v ppa_grey_6_6.U1.ao21/X (sky130_fd_sc_hd__a21o_1)
     2    0.01                           ppa_grey_6_6.U1.Y (net)
                  0.05    0.00    1.30 v ppa_grey_7_7.U1.ao21/A1 (sky130_fd_sc_hd__a21o_1)
                  0.05    0.18    1.48 v ppa_grey_7_7.U1.ao21/X (sky130_fd_sc_hd__a21o_1)
     2    0.01                           ppa_grey_7_7.U1.Y (net)
                  0.05    0.00    1.48 v ppa_grey_8_8.U1.ao21/A1 (sky130_fd_sc_hd__a21o_1)
                  0.05    0.18    1.66 v ppa_grey_8_8.U1.ao21/X (sky130_fd_sc_hd__a21o_1)
     2    0.01                           ppa_grey_8_8.U1.Y (net)
                  0.05    0.00    1.66 v ppa_grey_9_9.U1.ao21/A1 (sky130_fd_sc_hd__a21o_1)
                  0.05    0.18    1.84 v ppa_grey_9_9.U1.ao21/X (sky130_fd_sc_hd__a21o_1)
     2    0.01                           ppa_grey_10_10.U1.A0 (net)
                  0.05    0.00    1.84 v ppa_grey_10_10.U1.ao21/A1 (sky130_fd_sc_hd__a21o_1)
                  0.05    0.18    2.02 v ppa_grey_10_10.U1.ao21/X (sky130_fd_sc_hd__a21o_1)
     2    0.01                           ppa_grey_10_10.U1.Y (net)
                  0.05    0.00    2.02 v ppa_grey_11_11.U1.ao21/A1 (sky130_fd_sc_hd__a21o_1)
                  0.05    0.18    2.20 v ppa_grey_11_11.U1.ao21/X (sky130_fd_sc_hd__a21o_1)
     2    0.01                           ppa_grey_11_11.U1.Y (net)
                  0.05    0.00    2.21 v ppa_grey_12_12.U1.ao21/A1 (sky130_fd_sc_hd__a21o_1)
                  0.05    0.18    2.38 v ppa_grey_12_12.U1.ao21/X (sky130_fd_sc_hd__a21o_1)
     2    0.01                           ppa_grey_12_12.U1.Y (net)
                  0.05    0.00    2.39 v ppa_grey_13_13.U1.ao21/A1 (sky130_fd_sc_hd__a21o_1)
                  0.05    0.18    2.57 v ppa_grey_13_13.U1.ao21/X (sky130_fd_sc_hd__a21o_1)
     2    0.01                           ppa_grey_13_13.U1.Y (net)
                  0.05    0.00    2.57 v ppa_grey_14_14.U1.ao21/A1 (sky130_fd_sc_hd__a21o_1)
                  0.05    0.18    2.75 v ppa_grey_14_14.U1.ao21/X (sky130_fd_sc_hd__a21o_1)
     2    0.01                           ppa_grey_14_14.U1.Y (net)
                  0.05    0.00    2.75 v ppa_grey_15_15.U1.ao21/A1 (sky130_fd_sc_hd__a21o_1)
                  0.05    0.18    2.93 v ppa_grey_15_15.U1.ao21/X (sky130_fd_sc_hd__a21o_1)
     2    0.01                           ppa_grey_15_15.U1.Y (net)
                  0.05    0.00    2.93 v ppa_grey_16_16.U1.ao21/A1 (sky130_fd_sc_hd__a21o_1)
                  0.05    0.18    3.11 v ppa_grey_16_16.U1.ao21/X (sky130_fd_sc_hd__a21o_1)
     2    0.01                           ppa_grey_16_16.U1.Y (net)
                  0.05    0.00    3.11 v ppa_grey_17_17.U1.ao21/A1 (sky130_fd_sc_hd__a21o_1)
                  0.05    0.18    3.29 v ppa_grey_17_17.U1.ao21/X (sky130_fd_sc_hd__a21o_1)
     2    0.01                           ppa_grey_17_17.U1.Y (net)
                  0.05    0.00    3.29 v ppa_grey_18_18.U1.ao21/A1 (sky130_fd_sc_hd__a21o_1)
                  0.05    0.18    3.47 v ppa_grey_18_18.U1.ao21/X (sky130_fd_sc_hd__a21o_1)
     2    0.01                           ppa_grey_18_18.U1.Y (net)
                  0.05    0.00    3.48 v ppa_grey_19_19.U1.ao21/A1 (sky130_fd_sc_hd__a21o_1)
                  0.05    0.18    3.65 v ppa_grey_19_19.U1.ao21/X (sky130_fd_sc_hd__a21o_1)
     2    0.01                           ppa_grey_19_19.U1.Y (net)
                  0.05    0.00    3.66 v ppa_grey_20_20.U1.ao21/A1 (sky130_fd_sc_hd__a21o_1)
                  0.05    0.18    3.84 v ppa_grey_20_20.U1.ao21/X (sky130_fd_sc_hd__a21o_1)
     2    0.01                           ppa_grey_20_20.U1.Y (net)
                  0.05    0.00    3.84 v ppa_grey_21_21.U1.ao21/A1 (sky130_fd_sc_hd__a21o_1)
                  0.05    0.18    4.02 v ppa_grey_21_21.U1.ao21/X (sky130_fd_sc_hd__a21o_1)
     2    0.01                           ppa_grey_21_21.U1.Y (net)
                  0.05    0.00    4.02 v ppa_grey_22_22.U1.ao21/A1 (sky130_fd_sc_hd__a21o_1)
                  0.05    0.18    4.20 v ppa_grey_22_22.U1.ao21/X (sky130_fd_sc_hd__a21o_1)
     2    0.01                           ppa_grey_22_22.U1.Y (net)
                  0.05    0.00    4.20 v ppa_grey_23_23.U1.ao21/A1 (sky130_fd_sc_hd__a21o_1)
                  0.05    0.18    4.38 v ppa_grey_23_23.U1.ao21/X (sky130_fd_sc_hd__a21o_1)
     2    0.01                           ppa_grey_23_23.U1.Y (net)
                  0.05    0.00    4.38 v ppa_grey_24_24.U1.ao21/A1 (sky130_fd_sc_hd__a21o_1)
                  0.05    0.18    4.56 v ppa_grey_24_24.U1.ao21/X (sky130_fd_sc_hd__a21o_1)
     2    0.01                           ppa_grey_24_24.U1.Y (net)
                  0.05    0.00    4.56 v ppa_grey_25_25.U1.ao21/A1 (sky130_fd_sc_hd__a21o_1)
                  0.05    0.18    4.74 v ppa_grey_25_25.U1.ao21/X (sky130_fd_sc_hd__a21o_1)
     2    0.01                           ppa_grey_25_25.U1.Y (net)
                  0.05    0.00    4.74 v ppa_grey_26_26.U1.ao21/A1 (sky130_fd_sc_hd__a21o_1)
                  0.05    0.18    4.92 v ppa_grey_26_26.U1.ao21/X (sky130_fd_sc_hd__a21o_1)
     2    0.01                           ppa_grey_26_26.U1.Y (net)
                  0.05    0.00    4.93 v ppa_grey_27_27.U1.ao21/A1 (sky130_fd_sc_hd__a21o_1)
                  0.05    0.18    5.10 v ppa_grey_27_27.U1.ao21/X (sky130_fd_sc_hd__a21o_1)
     2    0.01                           ppa_grey_27_27.U1.Y (net)
                  0.05    0.00    5.11 v ppa_grey_28_28.U1.ao21/A1 (sky130_fd_sc_hd__a21o_1)
                  0.05    0.18    5.29 v ppa_grey_28_28.U1.ao21/X (sky130_fd_sc_hd__a21o_1)
     2    0.01                           ppa_grey_28_28.U1.Y (net)
                  0.05    0.00    5.29 v ppa_grey_29_29.U1.ao21/A1 (sky130_fd_sc_hd__a21o_1)
                  0.05    0.18    5.47 v ppa_grey_29_29.U1.ao21/X (sky130_fd_sc_hd__a21o_1)
     2    0.01                           ppa_grey_29_29.U1.Y (net)
                  0.05    0.00    5.47 v ppa_grey_30_30.U1.ao21/A1 (sky130_fd_sc_hd__a21o_1)
                  0.05    0.18    5.65 v ppa_grey_30_30.U1.ao21/X (sky130_fd_sc_hd__a21o_1)
     2    0.01                           ppa_grey_30_30.U1.Y (net)
                  0.05    0.00    5.65 v ppa_grey_31_31.U1.ao21/A1 (sky130_fd_sc_hd__a21o_1)
                  0.05    0.18    5.83 v ppa_grey_31_31.U1.ao21/X (sky130_fd_sc_hd__a21o_1)
     2    0.01                           ppa_grey_31_31.U1.Y (net)
                  0.05    0.00    5.83 v ppa_grey_cout.U1.ao21/A1 (sky130_fd_sc_hd__a21o_1)
                  0.19    0.27    6.10 v ppa_grey_cout.U1.ao21/X (sky130_fd_sc_hd__a21o_1)
     1    0.03                           cout (net)
                  0.19    0.00    6.10 v cout (out)
                                  6.10   data arrival time

                  0.00    2.00    2.00   clock clk (rise edge)
                          0.00    2.00   clock network delay (ideal)
                         -0.25    1.75   clock uncertainty
                          0.00    1.75   clock reconvergence pessimism
                          0.00    1.75   output external delay
                                  1.75   data required time
-----------------------------------------------------------------------------
                                  1.75   data required time
                                 -6.10   data arrival time
-----------------------------------------------------------------------------
                                 -4.35   slack (VIOLATED)


Startpoint: a[0] (input port clocked by clk)
Endpoint: sum[30] (output port clocked by clk)
Path Group: clk
Path Type: max

Fanout     Cap    Slew   Delay    Time   Description
-----------------------------------------------------------------------------
                  0.00    0.00    0.00   clock clk (rise edge)
                          0.00    0.00   clock network delay (ideal)
                          0.00    0.00 v input external delay
                  0.02    0.01    0.01 v a[0] (in)
     2    0.01                           a[0] (net)
                  0.02    0.00    0.01 v ppa_pre_1_0.U1.xor2/A (sky130_fd_sc_hd__xor2_1)
                  0.06    0.17    0.18 v ppa_pre_1_0.U1.xor2/X (sky130_fd_sc_hd__xor2_1)
     2    0.01                           ppa_grey_1_1.U1.A1 (net)
                  0.07    0.00    0.18 v ppa_grey_1_1.U1.ao21/A2 (sky130_fd_sc_hd__a21o_1)
                  0.05    0.21    0.39 v ppa_grey_1_1.U1.ao21/X (sky130_fd_sc_hd__a21o_1)
     2    0.01                           ppa_grey_1_1.U1.Y (net)
                  0.05    0.00    0.39 v ppa_grey_2_2.U1.ao21/A1 (sky130_fd_sc_hd__a21o_1)
                  0.05    0.18    0.57 v ppa_grey_2_2.U1.ao21/X (sky130_fd_sc_hd__a21o_1)
     2    0.01                           ppa_grey_2_2.U1.Y (net)
                  0.05    0.00    0.57 v ppa_grey_3_3.U1.ao21/A1 (sky130_fd_sc_hd__a21o_1)
                  0.05    0.18    0.75 v ppa_grey_3_3.U1.ao21/X (sky130_fd_sc_hd__a21o_1)
     2    0.01                           ppa_grey_3_3.U1.Y (net)
                  0.05    0.00    0.76 v ppa_grey_4_4.U1.ao21/A1 (sky130_fd_sc_hd__a21o_1)
                  0.05    0.18    0.93 v ppa_grey_4_4.U1.ao21/X (sky130_fd_sc_hd__a21o_1)
     2    0.01                           ppa_grey_4_4.U1.Y (net)
                  0.05    0.00    0.94 v ppa_grey_5_5.U1.ao21/A1 (sky130_fd_sc_hd__a21o_1)
                  0.05    0.18    1.12 v ppa_grey_5_5.U1.ao21/X (sky130_fd_sc_hd__a21o_1)
     2    0.01                           ppa_grey_5_5.U1.Y (net)
                  0.05    0.00    1.12 v ppa_grey_6_6.U1.ao21/A1 (sky130_fd_sc_hd__a21o_1)
                  0.05    0.18    1.30 v ppa_grey_6_6.U1.ao21/X (sky130_fd_sc_hd__a21o_1)
     2    0.01                           ppa_grey_6_6.U1.Y (net)
                  0.05    0.00    1.30 v ppa_grey_7_7.U1.ao21/A1 (sky130_fd_sc_hd__a21o_1)
                  0.05    0.18    1.48 v ppa_grey_7_7.U1.ao21/X (sky130_fd_sc_hd__a21o_1)
     2    0.01                           ppa_grey_7_7.U1.Y (net)
                  0.05    0.00    1.48 v ppa_grey_8_8.U1.ao21/A1 (sky130_fd_sc_hd__a21o_1)
                  0.05    0.18    1.66 v ppa_grey_8_8.U1.ao21/X (sky130_fd_sc_hd__a21o_1)
     2    0.01                           ppa_grey_8_8.U1.Y (net)
                  0.05    0.00    1.66 v ppa_grey_9_9.U1.ao21/A1 (sky130_fd_sc_hd__a21o_1)
                  0.05    0.18    1.84 v ppa_grey_9_9.U1.ao21/X (sky130_fd_sc_hd__a21o_1)
     2    0.01                           ppa_grey_10_10.U1.A0 (net)
                  0.05    0.00    1.84 v ppa_grey_10_10.U1.ao21/A1 (sky130_fd_sc_hd__a21o_1)
                  0.05    0.18    2.02 v ppa_grey_10_10.U1.ao21/X (sky130_fd_sc_hd__a21o_1)
     2    0.01                           ppa_grey_10_10.U1.Y (net)
                  0.05    0.00    2.02 v ppa_grey_11_11.U1.ao21/A1 (sky130_fd_sc_hd__a21o_1)
                  0.05    0.18    2.20 v ppa_grey_11_11.U1.ao21/X (sky130_fd_sc_hd__a21o_1)
     2    0.01                           ppa_grey_11_11.U1.Y (net)
                  0.05    0.00    2.21 v ppa_grey_12_12.U1.ao21/A1 (sky130_fd_sc_hd__a21o_1)
                  0.05    0.18    2.38 v ppa_grey_12_12.U1.ao21/X (sky130_fd_sc_hd__a21o_1)
     2    0.01                           ppa_grey_12_12.U1.Y (net)
                  0.05    0.00    2.39 v ppa_grey_13_13.U1.ao21/A1 (sky130_fd_sc_hd__a21o_1)
                  0.05    0.18    2.57 v ppa_grey_13_13.U1.ao21/X (sky130_fd_sc_hd__a21o_1)
     2    0.01                           ppa_grey_13_13.U1.Y (net)
                  0.05    0.00    2.57 v ppa_grey_14_14.U1.ao21/A1 (sky130_fd_sc_hd__a21o_1)
                  0.05    0.18    2.75 v ppa_grey_14_14.U1.ao21/X (sky130_fd_sc_hd__a21o_1)
     2    0.01                           ppa_grey_14_14.U1.Y (net)
                  0.05    0.00    2.75 v ppa_grey_15_15.U1.ao21/A1 (sky130_fd_sc_hd__a21o_1)
                  0.05    0.18    2.93 v ppa_grey_15_15.U1.ao21/X (sky130_fd_sc_hd__a21o_1)
     2    0.01                           ppa_grey_15_15.U1.Y (net)
                  0.05    0.00    2.93 v ppa_grey_16_16.U1.ao21/A1 (sky130_fd_sc_hd__a21o_1)
                  0.05    0.18    3.11 v ppa_grey_16_16.U1.ao21/X (sky130_fd_sc_hd__a21o_1)
     2    0.01                           ppa_grey_16_16.U1.Y (net)
                  0.05    0.00    3.11 v ppa_grey_17_17.U1.ao21/A1 (sky130_fd_sc_hd__a21o_1)
                  0.05    0.18    3.29 v ppa_grey_17_17.U1.ao21/X (sky130_fd_sc_hd__a21o_1)
     2    0.01                           ppa_grey_17_17.U1.Y (net)
                  0.05    0.00    3.29 v ppa_grey_18_18.U1.ao21/A1 (sky130_fd_sc_hd__a21o_1)
                  0.05    0.18    3.47 v ppa_grey_18_18.U1.ao21/X (sky130_fd_sc_hd__a21o_1)
     2    0.01                           ppa_grey_18_18.U1.Y (net)
                  0.05    0.00    3.48 v ppa_grey_19_19.U1.ao21/A1 (sky130_fd_sc_hd__a21o_1)
                  0.05    0.18    3.65 v ppa_grey_19_19.U1.ao21/X (sky130_fd_sc_hd__a21o_1)
     2    0.01                           ppa_grey_19_19.U1.Y (net)
                  0.05    0.00    3.66 v ppa_grey_20_20.U1.ao21/A1 (sky130_fd_sc_hd__a21o_1)
                  0.05    0.18    3.84 v ppa_grey_20_20.U1.ao21/X (sky130_fd_sc_hd__a21o_1)
     2    0.01                           ppa_grey_20_20.U1.Y (net)
                  0.05    0.00    3.84 v ppa_grey_21_21.U1.ao21/A1 (sky130_fd_sc_hd__a21o_1)
                  0.05    0.18    4.02 v ppa_grey_21_21.U1.ao21/X (sky130_fd_sc_hd__a21o_1)
     2    0.01                           ppa_grey_21_21.U1.Y (net)
                  0.05    0.00    4.02 v ppa_grey_22_22.U1.ao21/A1 (sky130_fd_sc_hd__a21o_1)
                  0.05    0.18    4.20 v ppa_grey_22_22.U1.ao21/X (sky130_fd_sc_hd__a21o_1)
     2    0.01                           ppa_grey_22_22.U1.Y (net)
                  0.05    0.00    4.20 v ppa_grey_23_23.U1.ao21/A1 (sky130_fd_sc_hd__a21o_1)
                  0.05    0.18    4.38 v ppa_grey_23_23.U1.ao21/X (sky130_fd_sc_hd__a21o_1)
     2    0.01                           ppa_grey_23_23.U1.Y (net)
                  0.05    0.00    4.38 v ppa_grey_24_24.U1.ao21/A1 (sky130_fd_sc_hd__a21o_1)
                  0.05    0.18    4.56 v ppa_grey_24_24.U1.ao21/X (sky130_fd_sc_hd__a21o_1)
     2    0.01                           ppa_grey_24_24.U1.Y (net)
                  0.05    0.00    4.56 v ppa_grey_25_25.U1.ao21/A1 (sky130_fd_sc_hd__a21o_1)
                  0.05    0.18    4.74 v ppa_grey_25_25.U1.ao21/X (sky130_fd_sc_hd__a21o_1)
     2    0.01                           ppa_grey_25_25.U1.Y (net)
                  0.05    0.00    4.74 v ppa_grey_26_26.U1.ao21/A1 (sky130_fd_sc_hd__a21o_1)
                  0.05    0.18    4.92 v ppa_grey_26_26.U1.ao21/X (sky130_fd_sc_hd__a21o_1)
     2    0.01                           ppa_grey_26_26.U1.Y (net)
                  0.05    0.00    4.93 v ppa_grey_27_27.U1.ao21/A1 (sky130_fd_sc_hd__a21o_1)
                  0.05    0.18    5.10 v ppa_grey_27_27.U1.ao21/X (sky130_fd_sc_hd__a21o_1)
     2    0.01                           ppa_grey_27_27.U1.Y (net)
                  0.05    0.00    5.11 v ppa_grey_28_28.U1.ao21/A1 (sky130_fd_sc_hd__a21o_1)
                  0.05    0.18    5.29 v ppa_grey_28_28.U1.ao21/X (sky130_fd_sc_hd__a21o_1)
     2    0.01                           ppa_grey_28_28.U1.Y (net)
                  0.05    0.00    5.29 v ppa_grey_29_29.U1.ao21/A1 (sky130_fd_sc_hd__a21o_1)
                  0.05    0.18    5.47 v ppa_grey_29_29.U1.ao21/X (sky130_fd_sc_hd__a21o_1)
     2    0.01                           ppa_grey_29_29.U1.Y (net)
                  0.05    0.00    5.47 v ppa_grey_30_30.U1.ao21/A1 (sky130_fd_sc_hd__a21o_1)
                  0.05    0.18    5.65 v ppa_grey_30_30.U1.ao21/X (sky130_fd_sc_hd__a21o_1)
     2    0.01                           ppa_grey_30_30.U1.Y (net)
                  0.05    0.01    5.65 v ppa_post_30_32.U1.xor2/B (sky130_fd_sc_hd__xor2_1)
                  0.10    0.12    5.78 ^ ppa_post_30_32.U1.xor2/X (sky130_fd_sc_hd__xor2_1)
     1    0.00                           ppa_post_30_32.U1.Y (net)
                  0.10    0.00    5.78 ^ _07_/A (sky130_fd_sc_hd__buf_2)
                  0.20    0.21    5.99 ^ _07_/X (sky130_fd_sc_hd__buf_2)
     1    0.03                           sum[30] (net)
                  0.20    0.00    5.99 ^ sum[30] (out)
                                  5.99   data arrival time

                  0.00    2.00    2.00   clock clk (rise edge)
                          0.00    2.00   clock network delay (ideal)
                         -0.25    1.75   clock uncertainty
                          0.00    1.75   clock reconvergence pessimism
                          0.00    1.75   output external delay
                                  1.75   data required time
-----------------------------------------------------------------------------
                                  1.75   data required time
                                 -5.99   data arrival time
-----------------------------------------------------------------------------
                                 -4.24   slack (VIOLATED)


Startpoint: a[0] (input port clocked by clk)
Endpoint: sum[29] (output port clocked by clk)
Path Group: clk
Path Type: max

Fanout     Cap    Slew   Delay    Time   Description
-----------------------------------------------------------------------------
                  0.00    0.00    0.00   clock clk (rise edge)
                          0.00    0.00   clock network delay (ideal)
                          0.00    0.00 v input external delay
                  0.02    0.01    0.01 v a[0] (in)
     2    0.01                           a[0] (net)
                  0.02    0.00    0.01 v ppa_pre_1_0.U1.xor2/A (sky130_fd_sc_hd__xor2_1)
                  0.06    0.17    0.18 v ppa_pre_1_0.U1.xor2/X (sky130_fd_sc_hd__xor2_1)
     2    0.01                           ppa_grey_1_1.U1.A1 (net)
                  0.07    0.00    0.18 v ppa_grey_1_1.U1.ao21/A2 (sky130_fd_sc_hd__a21o_1)
                  0.05    0.21    0.39 v ppa_grey_1_1.U1.ao21/X (sky130_fd_sc_hd__a21o_1)
     2    0.01                           ppa_grey_1_1.U1.Y (net)
                  0.05    0.00    0.39 v ppa_grey_2_2.U1.ao21/A1 (sky130_fd_sc_hd__a21o_1)
                  0.05    0.18    0.57 v ppa_grey_2_2.U1.ao21/X (sky130_fd_sc_hd__a21o_1)
     2    0.01                           ppa_grey_2_2.U1.Y (net)
                  0.05    0.00    0.57 v ppa_grey_3_3.U1.ao21/A1 (sky130_fd_sc_hd__a21o_1)
                  0.05    0.18    0.75 v ppa_grey_3_3.U1.ao21/X (sky130_fd_sc_hd__a21o_1)
     2    0.01                           ppa_grey_3_3.U1.Y (net)
                  0.05    0.00    0.76 v ppa_grey_4_4.U1.ao21/A1 (sky130_fd_sc_hd__a21o_1)
                  0.05    0.18    0.93 v ppa_grey_4_4.U1.ao21/X (sky130_fd_sc_hd__a21o_1)
     2    0.01                           ppa_grey_4_4.U1.Y (net)
                  0.05    0.00    0.94 v ppa_grey_5_5.U1.ao21/A1 (sky130_fd_sc_hd__a21o_1)
                  0.05    0.18    1.12 v ppa_grey_5_5.U1.ao21/X (sky130_fd_sc_hd__a21o_1)
     2    0.01                           ppa_grey_5_5.U1.Y (net)
                  0.05    0.00    1.12 v ppa_grey_6_6.U1.ao21/A1 (sky130_fd_sc_hd__a21o_1)
                  0.05    0.18    1.30 v ppa_grey_6_6.U1.ao21/X (sky130_fd_sc_hd__a21o_1)
     2    0.01                           ppa_grey_6_6.U1.Y (net)
                  0.05    0.00    1.30 v ppa_grey_7_7.U1.ao21/A1 (sky130_fd_sc_hd__a21o_1)
                  0.05    0.18    1.48 v ppa_grey_7_7.U1.ao21/X (sky130_fd_sc_hd__a21o_1)
     2    0.01                           ppa_grey_7_7.U1.Y (net)
                  0.05    0.00    1.48 v ppa_grey_8_8.U1.ao21/A1 (sky130_fd_sc_hd__a21o_1)
                  0.05    0.18    1.66 v ppa_grey_8_8.U1.ao21/X (sky130_fd_sc_hd__a21o_1)
     2    0.01                           ppa_grey_8_8.U1.Y (net)
                  0.05    0.00    1.66 v ppa_grey_9_9.U1.ao21/A1 (sky130_fd_sc_hd__a21o_1)
                  0.05    0.18    1.84 v ppa_grey_9_9.U1.ao21/X (sky130_fd_sc_hd__a21o_1)
     2    0.01                           ppa_grey_10_10.U1.A0 (net)
                  0.05    0.00    1.84 v ppa_grey_10_10.U1.ao21/A1 (sky130_fd_sc_hd__a21o_1)
                  0.05    0.18    2.02 v ppa_grey_10_10.U1.ao21/X (sky130_fd_sc_hd__a21o_1)
     2    0.01                           ppa_grey_10_10.U1.Y (net)
                  0.05    0.00    2.02 v ppa_grey_11_11.U1.ao21/A1 (sky130_fd_sc_hd__a21o_1)
                  0.05    0.18    2.20 v ppa_grey_11_11.U1.ao21/X (sky130_fd_sc_hd__a21o_1)
     2    0.01                           ppa_grey_11_11.U1.Y (net)
                  0.05    0.00    2.21 v ppa_grey_12_12.U1.ao21/A1 (sky130_fd_sc_hd__a21o_1)
                  0.05    0.18    2.38 v ppa_grey_12_12.U1.ao21/X (sky130_fd_sc_hd__a21o_1)
     2    0.01                           ppa_grey_12_12.U1.Y (net)
                  0.05    0.00    2.39 v ppa_grey_13_13.U1.ao21/A1 (sky130_fd_sc_hd__a21o_1)
                  0.05    0.18    2.57 v ppa_grey_13_13.U1.ao21/X (sky130_fd_sc_hd__a21o_1)
     2    0.01                           ppa_grey_13_13.U1.Y (net)
                  0.05    0.00    2.57 v ppa_grey_14_14.U1.ao21/A1 (sky130_fd_sc_hd__a21o_1)
                  0.05    0.18    2.75 v ppa_grey_14_14.U1.ao21/X (sky130_fd_sc_hd__a21o_1)
     2    0.01                           ppa_grey_14_14.U1.Y (net)
                  0.05    0.00    2.75 v ppa_grey_15_15.U1.ao21/A1 (sky130_fd_sc_hd__a21o_1)
                  0.05    0.18    2.93 v ppa_grey_15_15.U1.ao21/X (sky130_fd_sc_hd__a21o_1)
     2    0.01                           ppa_grey_15_15.U1.Y (net)
                  0.05    0.00    2.93 v ppa_grey_16_16.U1.ao21/A1 (sky130_fd_sc_hd__a21o_1)
                  0.05    0.18    3.11 v ppa_grey_16_16.U1.ao21/X (sky130_fd_sc_hd__a21o_1)
     2    0.01                           ppa_grey_16_16.U1.Y (net)
                  0.05    0.00    3.11 v ppa_grey_17_17.U1.ao21/A1 (sky130_fd_sc_hd__a21o_1)
                  0.05    0.18    3.29 v ppa_grey_17_17.U1.ao21/X (sky130_fd_sc_hd__a21o_1)
     2    0.01                           ppa_grey_17_17.U1.Y (net)
                  0.05    0.00    3.29 v ppa_grey_18_18.U1.ao21/A1 (sky130_fd_sc_hd__a21o_1)
                  0.05    0.18    3.47 v ppa_grey_18_18.U1.ao21/X (sky130_fd_sc_hd__a21o_1)
     2    0.01                           ppa_grey_18_18.U1.Y (net)
                  0.05    0.00    3.48 v ppa_grey_19_19.U1.ao21/A1 (sky130_fd_sc_hd__a21o_1)
                  0.05    0.18    3.65 v ppa_grey_19_19.U1.ao21/X (sky130_fd_sc_hd__a21o_1)
     2    0.01                           ppa_grey_19_19.U1.Y (net)
                  0.05    0.00    3.66 v ppa_grey_20_20.U1.ao21/A1 (sky130_fd_sc_hd__a21o_1)
                  0.05    0.18    3.84 v ppa_grey_20_20.U1.ao21/X (sky130_fd_sc_hd__a21o_1)
     2    0.01                           ppa_grey_20_20.U1.Y (net)
                  0.05    0.00    3.84 v ppa_grey_21_21.U1.ao21/A1 (sky130_fd_sc_hd__a21o_1)
                  0.05    0.18    4.02 v ppa_grey_21_21.U1.ao21/X (sky130_fd_sc_hd__a21o_1)
     2    0.01                           ppa_grey_21_21.U1.Y (net)
                  0.05    0.00    4.02 v ppa_grey_22_22.U1.ao21/A1 (sky130_fd_sc_hd__a21o_1)
                  0.05    0.18    4.20 v ppa_grey_22_22.U1.ao21/X (sky130_fd_sc_hd__a21o_1)
     2    0.01                           ppa_grey_22_22.U1.Y (net)
                  0.05    0.00    4.20 v ppa_grey_23_23.U1.ao21/A1 (sky130_fd_sc_hd__a21o_1)
                  0.05    0.18    4.38 v ppa_grey_23_23.U1.ao21/X (sky130_fd_sc_hd__a21o_1)
     2    0.01                           ppa_grey_23_23.U1.Y (net)
                  0.05    0.00    4.38 v ppa_grey_24_24.U1.ao21/A1 (sky130_fd_sc_hd__a21o_1)
                  0.05    0.18    4.56 v ppa_grey_24_24.U1.ao21/X (sky130_fd_sc_hd__a21o_1)
     2    0.01                           ppa_grey_24_24.U1.Y (net)
                  0.05    0.00    4.56 v ppa_grey_25_25.U1.ao21/A1 (sky130_fd_sc_hd__a21o_1)
                  0.05    0.18    4.74 v ppa_grey_25_25.U1.ao21/X (sky130_fd_sc_hd__a21o_1)
     2    0.01                           ppa_grey_25_25.U1.Y (net)
                  0.05    0.00    4.74 v ppa_grey_26_26.U1.ao21/A1 (sky130_fd_sc_hd__a21o_1)
                  0.05    0.18    4.92 v ppa_grey_26_26.U1.ao21/X (sky130_fd_sc_hd__a21o_1)
     2    0.01                           ppa_grey_26_26.U1.Y (net)
                  0.05    0.00    4.93 v ppa_grey_27_27.U1.ao21/A1 (sky130_fd_sc_hd__a21o_1)
                  0.05    0.18    5.10 v ppa_grey_27_27.U1.ao21/X (sky130_fd_sc_hd__a21o_1)
     2    0.01                           ppa_grey_27_27.U1.Y (net)
                  0.05    0.00    5.11 v ppa_grey_28_28.U1.ao21/A1 (sky130_fd_sc_hd__a21o_1)
                  0.05    0.18    5.29 v ppa_grey_28_28.U1.ao21/X (sky130_fd_sc_hd__a21o_1)
     2    0.01                           ppa_grey_28_28.U1.Y (net)
                  0.05    0.00    5.29 v ppa_grey_29_29.U1.ao21/A1 (sky130_fd_sc_hd__a21o_1)
                  0.05    0.18    5.47 v ppa_grey_29_29.U1.ao21/X (sky130_fd_sc_hd__a21o_1)
     2    0.01                           ppa_grey_29_29.U1.Y (net)
                  0.05    0.01    5.47 v ppa_post_29_32.U1.xor2/B (sky130_fd_sc_hd__xor2_1)
                  0.10    0.12    5.59 ^ ppa_post_29_32.U1.xor2/X (sky130_fd_sc_hd__xor2_1)
     1    0.00                           ppa_post_29_32.U1.Y (net)
                  0.10    0.00    5.60 ^ _06_/A (sky130_fd_sc_hd__buf_2)
                  0.20    0.21    5.81 ^ _06_/X (sky130_fd_sc_hd__buf_2)
     1    0.03                           sum[29] (net)
                  0.20    0.00    5.81 ^ sum[29] (out)
                                  5.81   data arrival time

                  0.00    2.00    2.00   clock clk (rise edge)
                          0.00    2.00   clock network delay (ideal)
                         -0.25    1.75   clock uncertainty
                          0.00    1.75   clock reconvergence pessimism
                          0.00    1.75   output external delay
                                  1.75   data required time
-----------------------------------------------------------------------------
                                  1.75   data required time
                                 -5.81   data arrival time
-----------------------------------------------------------------------------
                                 -4.06   slack (VIOLATED)


Startpoint: a[0] (input port clocked by clk)
Endpoint: sum[28] (output port clocked by clk)
Path Group: clk
Path Type: max

Fanout     Cap    Slew   Delay    Time   Description
-----------------------------------------------------------------------------
                  0.00    0.00    0.00   clock clk (rise edge)
                          0.00    0.00   clock network delay (ideal)
                          0.00    0.00 v input external delay
                  0.02    0.01    0.01 v a[0] (in)
     2    0.01                           a[0] (net)
                  0.02    0.00    0.01 v ppa_pre_1_0.U1.xor2/A (sky130_fd_sc_hd__xor2_1)
                  0.06    0.17    0.18 v ppa_pre_1_0.U1.xor2/X (sky130_fd_sc_hd__xor2_1)
     2    0.01                           ppa_grey_1_1.U1.A1 (net)
                  0.07    0.00    0.18 v ppa_grey_1_1.U1.ao21/A2 (sky130_fd_sc_hd__a21o_1)
                  0.05    0.21    0.39 v ppa_grey_1_1.U1.ao21/X (sky130_fd_sc_hd__a21o_1)
     2    0.01                           ppa_grey_1_1.U1.Y (net)
                  0.05    0.00    0.39 v ppa_grey_2_2.U1.ao21/A1 (sky130_fd_sc_hd__a21o_1)
                  0.05    0.18    0.57 v ppa_grey_2_2.U1.ao21/X (sky130_fd_sc_hd__a21o_1)
     2    0.01                           ppa_grey_2_2.U1.Y (net)
                  0.05    0.00    0.57 v ppa_grey_3_3.U1.ao21/A1 (sky130_fd_sc_hd__a21o_1)
                  0.05    0.18    0.75 v ppa_grey_3_3.U1.ao21/X (sky130_fd_sc_hd__a21o_1)
     2    0.01                           ppa_grey_3_3.U1.Y (net)
                  0.05    0.00    0.76 v ppa_grey_4_4.U1.ao21/A1 (sky130_fd_sc_hd__a21o_1)
                  0.05    0.18    0.93 v ppa_grey_4_4.U1.ao21/X (sky130_fd_sc_hd__a21o_1)
     2    0.01                           ppa_grey_4_4.U1.Y (net)
                  0.05    0.00    0.94 v ppa_grey_5_5.U1.ao21/A1 (sky130_fd_sc_hd__a21o_1)
                  0.05    0.18    1.12 v ppa_grey_5_5.U1.ao21/X (sky130_fd_sc_hd__a21o_1)
     2    0.01                           ppa_grey_5_5.U1.Y (net)
                  0.05    0.00    1.12 v ppa_grey_6_6.U1.ao21/A1 (sky130_fd_sc_hd__a21o_1)
                  0.05    0.18    1.30 v ppa_grey_6_6.U1.ao21/X (sky130_fd_sc_hd__a21o_1)
     2    0.01                           ppa_grey_6_6.U1.Y (net)
                  0.05    0.00    1.30 v ppa_grey_7_7.U1.ao21/A1 (sky130_fd_sc_hd__a21o_1)
                  0.05    0.18    1.48 v ppa_grey_7_7.U1.ao21/X (sky130_fd_sc_hd__a21o_1)
     2    0.01                           ppa_grey_7_7.U1.Y (net)
                  0.05    0.00    1.48 v ppa_grey_8_8.U1.ao21/A1 (sky130_fd_sc_hd__a21o_1)
                  0.05    0.18    1.66 v ppa_grey_8_8.U1.ao21/X (sky130_fd_sc_hd__a21o_1)
     2    0.01                           ppa_grey_8_8.U1.Y (net)
                  0.05    0.00    1.66 v ppa_grey_9_9.U1.ao21/A1 (sky130_fd_sc_hd__a21o_1)
                  0.05    0.18    1.84 v ppa_grey_9_9.U1.ao21/X (sky130_fd_sc_hd__a21o_1)
     2    0.01                           ppa_grey_10_10.U1.A0 (net)
                  0.05    0.00    1.84 v ppa_grey_10_10.U1.ao21/A1 (sky130_fd_sc_hd__a21o_1)
                  0.05    0.18    2.02 v ppa_grey_10_10.U1.ao21/X (sky130_fd_sc_hd__a21o_1)
     2    0.01                           ppa_grey_10_10.U1.Y (net)
                  0.05    0.00    2.02 v ppa_grey_11_11.U1.ao21/A1 (sky130_fd_sc_hd__a21o_1)
                  0.05    0.18    2.20 v ppa_grey_11_11.U1.ao21/X (sky130_fd_sc_hd__a21o_1)
     2    0.01                           ppa_grey_11_11.U1.Y (net)
                  0.05    0.00    2.21 v ppa_grey_12_12.U1.ao21/A1 (sky130_fd_sc_hd__a21o_1)
                  0.05    0.18    2.38 v ppa_grey_12_12.U1.ao21/X (sky130_fd_sc_hd__a21o_1)
     2    0.01                           ppa_grey_12_12.U1.Y (net)
                  0.05    0.00    2.39 v ppa_grey_13_13.U1.ao21/A1 (sky130_fd_sc_hd__a21o_1)
                  0.05    0.18    2.57 v ppa_grey_13_13.U1.ao21/X (sky130_fd_sc_hd__a21o_1)
     2    0.01                           ppa_grey_13_13.U1.Y (net)
                  0.05    0.00    2.57 v ppa_grey_14_14.U1.ao21/A1 (sky130_fd_sc_hd__a21o_1)
                  0.05    0.18    2.75 v ppa_grey_14_14.U1.ao21/X (sky130_fd_sc_hd__a21o_1)
     2    0.01                           ppa_grey_14_14.U1.Y (net)
                  0.05    0.00    2.75 v ppa_grey_15_15.U1.ao21/A1 (sky130_fd_sc_hd__a21o_1)
                  0.05    0.18    2.93 v ppa_grey_15_15.U1.ao21/X (sky130_fd_sc_hd__a21o_1)
     2    0.01                           ppa_grey_15_15.U1.Y (net)
                  0.05    0.00    2.93 v ppa_grey_16_16.U1.ao21/A1 (sky130_fd_sc_hd__a21o_1)
                  0.05    0.18    3.11 v ppa_grey_16_16.U1.ao21/X (sky130_fd_sc_hd__a21o_1)
     2    0.01                           ppa_grey_16_16.U1.Y (net)
                  0.05    0.00    3.11 v ppa_grey_17_17.U1.ao21/A1 (sky130_fd_sc_hd__a21o_1)
                  0.05    0.18    3.29 v ppa_grey_17_17.U1.ao21/X (sky130_fd_sc_hd__a21o_1)
     2    0.01                           ppa_grey_17_17.U1.Y (net)
                  0.05    0.00    3.29 v ppa_grey_18_18.U1.ao21/A1 (sky130_fd_sc_hd__a21o_1)
                  0.05    0.18    3.47 v ppa_grey_18_18.U1.ao21/X (sky130_fd_sc_hd__a21o_1)
     2    0.01                           ppa_grey_18_18.U1.Y (net)
                  0.05    0.00    3.48 v ppa_grey_19_19.U1.ao21/A1 (sky130_fd_sc_hd__a21o_1)
                  0.05    0.18    3.65 v ppa_grey_19_19.U1.ao21/X (sky130_fd_sc_hd__a21o_1)
     2    0.01                           ppa_grey_19_19.U1.Y (net)
                  0.05    0.00    3.66 v ppa_grey_20_20.U1.ao21/A1 (sky130_fd_sc_hd__a21o_1)
                  0.05    0.18    3.84 v ppa_grey_20_20.U1.ao21/X (sky130_fd_sc_hd__a21o_1)
     2    0.01                           ppa_grey_20_20.U1.Y (net)
                  0.05    0.00    3.84 v ppa_grey_21_21.U1.ao21/A1 (sky130_fd_sc_hd__a21o_1)
                  0.05    0.18    4.02 v ppa_grey_21_21.U1.ao21/X (sky130_fd_sc_hd__a21o_1)
     2    0.01                           ppa_grey_21_21.U1.Y (net)
                  0.05    0.00    4.02 v ppa_grey_22_22.U1.ao21/A1 (sky130_fd_sc_hd__a21o_1)
                  0.05    0.18    4.20 v ppa_grey_22_22.U1.ao21/X (sky130_fd_sc_hd__a21o_1)
     2    0.01                           ppa_grey_22_22.U1.Y (net)
                  0.05    0.00    4.20 v ppa_grey_23_23.U1.ao21/A1 (sky130_fd_sc_hd__a21o_1)
                  0.05    0.18    4.38 v ppa_grey_23_23.U1.ao21/X (sky130_fd_sc_hd__a21o_1)
     2    0.01                           ppa_grey_23_23.U1.Y (net)
                  0.05    0.00    4.38 v ppa_grey_24_24.U1.ao21/A1 (sky130_fd_sc_hd__a21o_1)
                  0.05    0.18    4.56 v ppa_grey_24_24.U1.ao21/X (sky130_fd_sc_hd__a21o_1)
     2    0.01                           ppa_grey_24_24.U1.Y (net)
                  0.05    0.00    4.56 v ppa_grey_25_25.U1.ao21/A1 (sky130_fd_sc_hd__a21o_1)
                  0.05    0.18    4.74 v ppa_grey_25_25.U1.ao21/X (sky130_fd_sc_hd__a21o_1)
     2    0.01                           ppa_grey_25_25.U1.Y (net)
                  0.05    0.00    4.74 v ppa_grey_26_26.U1.ao21/A1 (sky130_fd_sc_hd__a21o_1)
                  0.05    0.18    4.92 v ppa_grey_26_26.U1.ao21/X (sky130_fd_sc_hd__a21o_1)
     2    0.01                           ppa_grey_26_26.U1.Y (net)
                  0.05    0.00    4.93 v ppa_grey_27_27.U1.ao21/A1 (sky130_fd_sc_hd__a21o_1)
                  0.05    0.18    5.10 v ppa_grey_27_27.U1.ao21/X (sky130_fd_sc_hd__a21o_1)
     2    0.01                           ppa_grey_27_27.U1.Y (net)
                  0.05    0.00    5.11 v ppa_grey_28_28.U1.ao21/A1 (sky130_fd_sc_hd__a21o_1)
                  0.05    0.18    5.29 v ppa_grey_28_28.U1.ao21/X (sky130_fd_sc_hd__a21o_1)
     2    0.01                           ppa_grey_28_28.U1.Y (net)
                  0.05    0.01    5.29 v ppa_post_28_32.U1.xor2/B (sky130_fd_sc_hd__xor2_1)
                  0.10    0.12    5.41 ^ ppa_post_28_32.U1.xor2/X (sky130_fd_sc_hd__xor2_1)
     1    0.00                           ppa_post_28_32.U1.Y (net)
                  0.10    0.00    5.42 ^ _05_/A (sky130_fd_sc_hd__buf_2)
                  0.20    0.21    5.63 ^ _05_/X (sky130_fd_sc_hd__buf_2)
     1    0.03                           sum[28] (net)
                  0.20    0.00    5.63 ^ sum[28] (out)
                                  5.63   data arrival time

                  0.00    2.00    2.00   clock clk (rise edge)
                          0.00    2.00   clock network delay (ideal)
                         -0.25    1.75   clock uncertainty
                          0.00    1.75   clock reconvergence pessimism
                          0.00    1.75   output external delay
                                  1.75   data required time
-----------------------------------------------------------------------------
                                  1.75   data required time
                                 -5.63   data arrival time
-----------------------------------------------------------------------------
                                 -3.88   slack (VIOLATED)


