
===========================================================================
report_checks -path_delay max (Setup)
============================================================================
Startpoint: b[7] (input port clocked by clk)
Endpoint: sum[15] (output port clocked by clk)
Path Group: clk
Path Type: max

Fanout     Cap    Slew   Delay    Time   Description
-----------------------------------------------------------------------------
                  0.00    0.00    0.00   clock clk (rise edge)
                          0.00    0.00   clock network delay (ideal)
                          0.00    0.00 v input external delay
                  0.02    0.01    0.01 v b[7] (in)
     1    0.01                           b[7] (net)
                  0.02    0.00    0.01 v input30/A (sky130_fd_sc_hd__buf_6)
                  0.02    0.11    0.12 v input30/X (sky130_fd_sc_hd__buf_6)
     3    0.01                           net30 (net)
                  0.02    0.00    0.12 v _081_/B (sky130_fd_sc_hd__nand2_1)
                  0.10    0.10    0.22 ^ _081_/Y (sky130_fd_sc_hd__nand2_1)
     2    0.01                           _032_ (net)
                  0.10    0.00    0.22 ^ _083_/A (sky130_fd_sc_hd__nand2_2)
                  0.05    0.07    0.29 v _083_/Y (sky130_fd_sc_hd__nand2_2)
     2    0.01                           _034_ (net)
                  0.05    0.00    0.29 v _086_/A (sky130_fd_sc_hd__or3_4)
                  0.08    0.42    0.71 v _086_/X (sky130_fd_sc_hd__or3_4)
     2    0.01                           _037_ (net)
                  0.08    0.00    0.71 v _105_/B (sky130_fd_sc_hd__or4b_4)
                  0.09    0.55    1.26 v _105_/X (sky130_fd_sc_hd__or4b_4)
     2    0.01                           _056_ (net)
                  0.09    0.00    1.26 v _119_/A1 (sky130_fd_sc_hd__a2111o_1)
                  0.07    0.41    1.67 v _119_/X (sky130_fd_sc_hd__a2111o_1)
     2    0.01                           _070_ (net)
                  0.07    0.00    1.67 v _125_/A1 (sky130_fd_sc_hd__a21bo_1)
                  0.05    0.20    1.87 v _125_/X (sky130_fd_sc_hd__a21bo_1)
     2    0.01                           _001_ (net)
                  0.05    0.00    1.87 v _128_/A2 (sky130_fd_sc_hd__a31o_1)
                  0.06    0.24    2.11 v _128_/X (sky130_fd_sc_hd__a31o_1)
     2    0.01                           _004_ (net)
                  0.06    0.00    2.11 v _129_/A2 (sky130_fd_sc_hd__o21a_1)
                  0.08    0.23    2.34 v _129_/X (sky130_fd_sc_hd__o21a_1)
     2    0.01                           _005_ (net)
                  0.08    0.00    2.34 v _166_/A (sky130_fd_sc_hd__xnor2_2)
                  0.24    0.27    2.61 ^ _166_/Y (sky130_fd_sc_hd__xnor2_2)
     1    0.02                           net41 (net)
                  0.24    0.00    2.61 ^ output41/A (sky130_fd_sc_hd__buf_6)
                  0.08    0.19    2.79 ^ output41/X (sky130_fd_sc_hd__buf_6)
     1    0.03                           sum[15] (net)
                  0.08    0.00    2.79 ^ sum[15] (out)
                                  2.79   data arrival time

                  0.00    1.25    1.25   clock clk (rise edge)
                          0.00    1.25   clock network delay (ideal)
                         -0.25    1.00   clock uncertainty
                          0.00    1.00   clock reconvergence pessimism
                          0.00    1.00   output external delay
                                  1.00   data required time
-----------------------------------------------------------------------------
                                  1.00   data required time
                                 -2.79   data arrival time
-----------------------------------------------------------------------------
                                 -1.79   slack (VIOLATED)


Startpoint: b[7] (input port clocked by clk)
Endpoint: sum[14] (output port clocked by clk)
Path Group: clk
Path Type: max

Fanout     Cap    Slew   Delay    Time   Description
-----------------------------------------------------------------------------
                  0.00    0.00    0.00   clock clk (rise edge)
                          0.00    0.00   clock network delay (ideal)
                          0.00    0.00 v input external delay
                  0.02    0.01    0.01 v b[7] (in)
     1    0.01                           b[7] (net)
                  0.02    0.00    0.01 v input30/A (sky130_fd_sc_hd__buf_6)
                  0.02    0.11    0.12 v input30/X (sky130_fd_sc_hd__buf_6)
     3    0.01                           net30 (net)
                  0.02    0.00    0.12 v _081_/B (sky130_fd_sc_hd__nand2_1)
                  0.10    0.10    0.22 ^ _081_/Y (sky130_fd_sc_hd__nand2_1)
     2    0.01                           _032_ (net)
                  0.10    0.00    0.22 ^ _083_/A (sky130_fd_sc_hd__nand2_2)
                  0.05    0.07    0.29 v _083_/Y (sky130_fd_sc_hd__nand2_2)
     2    0.01                           _034_ (net)
                  0.05    0.00    0.29 v _086_/A (sky130_fd_sc_hd__or3_4)
                  0.08    0.42    0.71 v _086_/X (sky130_fd_sc_hd__or3_4)
     2    0.01                           _037_ (net)
                  0.08    0.00    0.71 v _105_/B (sky130_fd_sc_hd__or4b_4)
                  0.09    0.55    1.26 v _105_/X (sky130_fd_sc_hd__or4b_4)
     2    0.01                           _056_ (net)
                  0.09    0.00    1.26 v _119_/A1 (sky130_fd_sc_hd__a2111o_1)
                  0.07    0.41    1.67 v _119_/X (sky130_fd_sc_hd__a2111o_1)
     2    0.01                           _070_ (net)
                  0.07    0.00    1.67 v _125_/A1 (sky130_fd_sc_hd__a21bo_1)
                  0.05    0.20    1.87 v _125_/X (sky130_fd_sc_hd__a21bo_1)
     2    0.01                           _001_ (net)
                  0.05    0.00    1.87 v _128_/A2 (sky130_fd_sc_hd__a31o_1)
                  0.06    0.24    2.11 v _128_/X (sky130_fd_sc_hd__a31o_1)
     2    0.01                           _004_ (net)
                  0.06    0.00    2.11 v rebuffer2/A (sky130_fd_sc_hd__dlygate4sd1_1)
                  0.04    0.25    2.36 v rebuffer2/X (sky130_fd_sc_hd__dlygate4sd1_1)
     1    0.00                           net52 (net)
                  0.04    0.00    2.36 v _164_/B (sky130_fd_sc_hd__xor2_1)
                  0.16    0.17    2.53 ^ _164_/X (sky130_fd_sc_hd__xor2_1)
     1    0.01                           net40 (net)
                  0.16    0.00    2.53 ^ output40/A (sky130_fd_sc_hd__buf_2)
                  0.17    0.25    2.78 ^ output40/X (sky130_fd_sc_hd__buf_2)
     1    0.03                           sum[14] (net)
                  0.17    0.00    2.78 ^ sum[14] (out)
                                  2.78   data arrival time

                  0.00    1.25    1.25   clock clk (rise edge)
                          0.00    1.25   clock network delay (ideal)
                         -0.25    1.00   clock uncertainty
                          0.00    1.00   clock reconvergence pessimism
                          0.00    1.00   output external delay
                                  1.00   data required time
-----------------------------------------------------------------------------
                                  1.00   data required time
                                 -2.78   data arrival time
-----------------------------------------------------------------------------
                                 -1.78   slack (VIOLATED)


Startpoint: b[7] (input port clocked by clk)
Endpoint: sum[13] (output port clocked by clk)
Path Group: clk
Path Type: max

Fanout     Cap    Slew   Delay    Time   Description
-----------------------------------------------------------------------------
                  0.00    0.00    0.00   clock clk (rise edge)
                          0.00    0.00   clock network delay (ideal)
                          0.00    0.00 v input external delay
                  0.02    0.01    0.01 v b[7] (in)
     1    0.01                           b[7] (net)
                  0.02    0.00    0.01 v input30/A (sky130_fd_sc_hd__buf_6)
                  0.02    0.11    0.12 v input30/X (sky130_fd_sc_hd__buf_6)
     3    0.01                           net30 (net)
                  0.02    0.00    0.12 v _081_/B (sky130_fd_sc_hd__nand2_1)
                  0.10    0.10    0.22 ^ _081_/Y (sky130_fd_sc_hd__nand2_1)
     2    0.01                           _032_ (net)
                  0.10    0.00    0.22 ^ _083_/A (sky130_fd_sc_hd__nand2_2)
                  0.05    0.07    0.29 v _083_/Y (sky130_fd_sc_hd__nand2_2)
     2    0.01                           _034_ (net)
                  0.05    0.00    0.29 v _086_/A (sky130_fd_sc_hd__or3_4)
                  0.08    0.42    0.71 v _086_/X (sky130_fd_sc_hd__or3_4)
     2    0.01                           _037_ (net)
                  0.08    0.00    0.71 v _105_/B (sky130_fd_sc_hd__or4b_4)
                  0.09    0.55    1.26 v _105_/X (sky130_fd_sc_hd__or4b_4)
     2    0.01                           _056_ (net)
                  0.09    0.00    1.26 v _119_/A1 (sky130_fd_sc_hd__a2111o_1)
                  0.07    0.41    1.67 v _119_/X (sky130_fd_sc_hd__a2111o_1)
     2    0.01                           _070_ (net)
                  0.07    0.00    1.67 v _125_/A1 (sky130_fd_sc_hd__a21bo_1)
                  0.05    0.20    1.87 v _125_/X (sky130_fd_sc_hd__a21bo_1)
     2    0.01                           _001_ (net)
                  0.05    0.00    1.87 v rebuffer8/A (sky130_fd_sc_hd__dlymetal6s2s_1)
                  0.04    0.14    2.01 v rebuffer8/X (sky130_fd_sc_hd__dlymetal6s2s_1)
     1    0.00                           net58 (net)
                  0.04    0.00    2.01 v rebuffer7/A (sky130_fd_sc_hd__dlygate4sd1_1)
                  0.03    0.23    2.24 v rebuffer7/X (sky130_fd_sc_hd__dlygate4sd1_1)
     1    0.00                           net57 (net)
                  0.03    0.00    2.24 v _162_/B (sky130_fd_sc_hd__nand2_1)
                  0.07    0.08    2.31 ^ _162_/Y (sky130_fd_sc_hd__nand2_1)
     1    0.01                           _024_ (net)
                  0.07    0.00    2.31 ^ _163_/B (sky130_fd_sc_hd__xnor2_1)
                  0.23    0.16    2.48 ^ _163_/Y (sky130_fd_sc_hd__xnor2_1)
     1    0.01                           net39 (net)
                  0.23    0.00    2.48 ^ output39/A (sky130_fd_sc_hd__buf_2)
                  0.17    0.27    2.75 ^ output39/X (sky130_fd_sc_hd__buf_2)
     1    0.03                           sum[13] (net)
                  0.17    0.00    2.75 ^ sum[13] (out)
                                  2.75   data arrival time

                  0.00    1.25    1.25   clock clk (rise edge)
                          0.00    1.25   clock network delay (ideal)
                         -0.25    1.00   clock uncertainty
                          0.00    1.00   clock reconvergence pessimism
                          0.00    1.00   output external delay
                                  1.00   data required time
-----------------------------------------------------------------------------
                                  1.00   data required time
                                 -2.75   data arrival time
-----------------------------------------------------------------------------
                                 -1.75   slack (VIOLATED)


Startpoint: b[7] (input port clocked by clk)
Endpoint: cout (output port clocked by clk)
Path Group: clk
Path Type: max

Fanout     Cap    Slew   Delay    Time   Description
-----------------------------------------------------------------------------
                  0.00    0.00    0.00   clock clk (rise edge)
                          0.00    0.00   clock network delay (ideal)
                          0.00    0.00 v input external delay
                  0.02    0.01    0.01 v b[7] (in)
     1    0.01                           b[7] (net)
                  0.02    0.00    0.01 v input30/A (sky130_fd_sc_hd__buf_6)
                  0.02    0.11    0.12 v input30/X (sky130_fd_sc_hd__buf_6)
     3    0.01                           net30 (net)
                  0.02    0.00    0.12 v _081_/B (sky130_fd_sc_hd__nand2_1)
                  0.10    0.10    0.22 ^ _081_/Y (sky130_fd_sc_hd__nand2_1)
     2    0.01                           _032_ (net)
                  0.10    0.00    0.22 ^ _083_/A (sky130_fd_sc_hd__nand2_2)
                  0.05    0.07    0.29 v _083_/Y (sky130_fd_sc_hd__nand2_2)
     2    0.01                           _034_ (net)
                  0.05    0.00    0.29 v _086_/A (sky130_fd_sc_hd__or3_4)
                  0.08    0.42    0.71 v _086_/X (sky130_fd_sc_hd__or3_4)
     2    0.01                           _037_ (net)
                  0.08    0.00    0.71 v _105_/B (sky130_fd_sc_hd__or4b_4)
                  0.09    0.55    1.26 v _105_/X (sky130_fd_sc_hd__or4b_4)
     2    0.01                           _056_ (net)
                  0.09    0.00    1.26 v _119_/A1 (sky130_fd_sc_hd__a2111o_1)
                  0.07    0.41    1.67 v _119_/X (sky130_fd_sc_hd__a2111o_1)
     2    0.01                           _070_ (net)
                  0.07    0.00    1.67 v _125_/A1 (sky130_fd_sc_hd__a21bo_1)
                  0.05    0.20    1.87 v _125_/X (sky130_fd_sc_hd__a21bo_1)
     2    0.01                           _001_ (net)
                  0.05    0.00    1.87 v _128_/A2 (sky130_fd_sc_hd__a31o_1)
                  0.06    0.24    2.11 v _128_/X (sky130_fd_sc_hd__a31o_1)
     2    0.01                           _004_ (net)
                  0.06    0.00    2.11 v _129_/A2 (sky130_fd_sc_hd__o21a_1)
                  0.08    0.23    2.34 v _129_/X (sky130_fd_sc_hd__o21a_1)
     2    0.01                           _005_ (net)
                  0.08    0.00    2.34 v _131_/A2 (sky130_fd_sc_hd__o21ai_1)
                  0.14    0.16    2.50 ^ _131_/Y (sky130_fd_sc_hd__o21ai_1)
     1    0.01                           net34 (net)
                  0.14    0.00    2.50 ^ output34/A (sky130_fd_sc_hd__buf_2)
                  0.17    0.24    2.75 ^ output34/X (sky130_fd_sc_hd__buf_2)
     1    0.03                           cout (net)
                  0.17    0.00    2.75 ^ cout (out)
                                  2.75   data arrival time

                  0.00    1.25    1.25   clock clk (rise edge)
                          0.00    1.25   clock network delay (ideal)
                         -0.25    1.00   clock uncertainty
                          0.00    1.00   clock reconvergence pessimism
                          0.00    1.00   output external delay
                                  1.00   data required time
-----------------------------------------------------------------------------
                                  1.00   data required time
                                 -2.75   data arrival time
-----------------------------------------------------------------------------
                                 -1.75   slack (VIOLATED)


Startpoint: a[0] (input port clocked by clk)
Endpoint: sum[11] (output port clocked by clk)
Path Group: clk
Path Type: max

Fanout     Cap    Slew   Delay    Time   Description
-----------------------------------------------------------------------------
                  0.00    0.00    0.00   clock clk (rise edge)
                          0.00    0.00   clock network delay (ideal)
                          0.00    0.00 v input external delay
                  0.01    0.01    0.01 v a[0] (in)
     1    0.01                           a[0] (net)
                  0.01    0.00    0.01 v input1/A (sky130_fd_sc_hd__clkbuf_1)
                  0.04    0.09    0.10 v input1/X (sky130_fd_sc_hd__clkbuf_1)
     2    0.00                           net1 (net)
                  0.04    0.00    0.10 v _097_/A (sky130_fd_sc_hd__or2_1)
                  0.06    0.25    0.35 v _097_/X (sky130_fd_sc_hd__or2_1)
     2    0.01                           _048_ (net)
                  0.06    0.00    0.35 v _099_/A2 (sky130_fd_sc_hd__a21bo_1)
                  0.04    0.21    0.56 v _099_/X (sky130_fd_sc_hd__a21bo_1)
     2    0.00                           _050_ (net)
                  0.04    0.00    0.56 v _102_/A1 (sky130_fd_sc_hd__a21bo_1)
                  0.07    0.21    0.77 v _102_/X (sky130_fd_sc_hd__a21bo_1)
     2    0.01                           _053_ (net)
                  0.07    0.00    0.77 v _104_/A2 (sky130_fd_sc_hd__a211o_1)
                  0.07    0.34    1.11 v _104_/X (sky130_fd_sc_hd__a211o_1)
     2    0.01                           _055_ (net)
                  0.07    0.00    1.11 v _105_/D_N (sky130_fd_sc_hd__or4b_4)
                  0.04    0.23    1.33 ^ _105_/X (sky130_fd_sc_hd__or4b_4)
     2    0.01                           _056_ (net)
                  0.04    0.00    1.33 ^ rebuffer5/A (sky130_fd_sc_hd__dlygate4sd1_1)
                  0.08    0.22    1.56 ^ rebuffer5/X (sky130_fd_sc_hd__dlygate4sd1_1)
     2    0.01                           net55 (net)
                  0.08    0.00    1.56 ^ _150_/A1 (sky130_fd_sc_hd__a21oi_1)
                  0.09    0.10    1.66 v _150_/Y (sky130_fd_sc_hd__a21oi_1)
     3    0.01                           _017_ (net)
                  0.09    0.00    1.66 v _155_/B2 (sky130_fd_sc_hd__o22a_1)
                  0.08    0.23    1.89 v _155_/X (sky130_fd_sc_hd__o22a_1)
     2    0.01                           _020_ (net)
                  0.08    0.00    1.89 v _157_/A2 (sky130_fd_sc_hd__a21bo_1)
                  0.06    0.24    2.12 v _157_/X (sky130_fd_sc_hd__a21bo_1)
     1    0.01                           _021_ (net)
                  0.06    0.00    2.12 v _158_/B (sky130_fd_sc_hd__xnor2_2)
                  0.20    0.20    2.32 ^ _158_/Y (sky130_fd_sc_hd__xnor2_2)
     1    0.01                           net37 (net)
                  0.20    0.00    2.32 ^ output37/A (sky130_fd_sc_hd__buf_2)
                  0.17    0.26    2.58 ^ output37/X (sky130_fd_sc_hd__buf_2)
     1    0.03                           sum[11] (net)
                  0.17    0.00    2.58 ^ sum[11] (out)
                                  2.58   data arrival time

                  0.00    1.25    1.25   clock clk (rise edge)
                          0.00    1.25   clock network delay (ideal)
                         -0.25    1.00   clock uncertainty
                          0.00    1.00   clock reconvergence pessimism
                          0.00    1.00   output external delay
                                  1.00   data required time
-----------------------------------------------------------------------------
                                  1.00   data required time
                                 -2.58   data arrival time
-----------------------------------------------------------------------------
                                 -1.58   slack (VIOLATED)


