
===========================================================================
report_checks -path_delay max (Setup)
============================================================================
Startpoint: b[0] (input port clocked by clk)
Endpoint: sum[7] (output port clocked by clk)
Path Group: clk
Path Type: max

Fanout     Cap    Slew   Delay    Time   Description
-----------------------------------------------------------------------------
                  0.00    0.00    0.00   clock clk (rise edge)
                          0.00    0.00   clock network delay (ideal)
                          0.00    0.00 v input external delay
                  0.03    0.02    0.02 v b[0] (in)
     2    0.01                           b[0] (net)
                  0.03    0.00    0.02 v _35_/A (sky130_fd_sc_hd__or2_2)
                  0.07    0.32    0.34 v _35_/X (sky130_fd_sc_hd__or2_2)
     2    0.01                           _04_ (net)
                  0.07    0.00    0.34 v _37_/A2 (sky130_fd_sc_hd__a21bo_2)
                  0.06    0.26    0.60 v _37_/X (sky130_fd_sc_hd__a21bo_2)
     2    0.01                           _06_ (net)
                  0.06    0.00    0.60 v _40_/A1 (sky130_fd_sc_hd__a21bo_2)
                  0.06    0.24    0.84 v _40_/X (sky130_fd_sc_hd__a21bo_2)
     2    0.01                           _09_ (net)
                  0.06    0.00    0.84 v _43_/A1 (sky130_fd_sc_hd__a21bo_2)
                  0.06    0.23    1.07 v _43_/X (sky130_fd_sc_hd__a21bo_2)
     2    0.01                           _12_ (net)
                  0.06    0.00    1.07 v _45_/A2 (sky130_fd_sc_hd__a21bo_2)
                  0.06    0.26    1.33 v _45_/X (sky130_fd_sc_hd__a21bo_2)
     2    0.01                           _14_ (net)
                  0.06    0.00    1.33 v _50_/A2 (sky130_fd_sc_hd__a21bo_2)
                  0.06    0.26    1.59 v _50_/X (sky130_fd_sc_hd__a21bo_2)
     2    0.01                           _18_ (net)
                  0.06    0.00    1.59 v _55_/A2 (sky130_fd_sc_hd__a21bo_2)
                  0.06    0.26    1.85 v _55_/X (sky130_fd_sc_hd__a21bo_2)
     2    0.02                           _22_ (net)
                  0.06    0.00    1.85 v _60_/A2 (sky130_fd_sc_hd__a21boi_2)
                  0.22    0.24    2.09 ^ _60_/Y (sky130_fd_sc_hd__a21boi_2)
     2    0.02                           _26_ (net)
                  0.22    0.00    2.09 ^ _61_/B (sky130_fd_sc_hd__xnor2_2)
                  0.50    0.27    2.36 ^ _61_/Y (sky130_fd_sc_hd__xnor2_2)
     1    0.03                           sum[7] (net)
                  0.50    0.00    2.36 ^ sum[7] (out)
                                  2.36   data arrival time

                  0.00    3.50    3.50   clock clk (rise edge)
                          0.00    3.50   clock network delay (ideal)
                         -0.25    3.25   clock uncertainty
                          0.00    3.25   clock reconvergence pessimism
                          0.00    3.25   output external delay
                                  3.25   data required time
-----------------------------------------------------------------------------
                                  3.25   data required time
                                 -2.36   data arrival time
-----------------------------------------------------------------------------
                                  0.89   slack (MET)


Startpoint: b[0] (input port clocked by clk)
Endpoint: cout (output port clocked by clk)
Path Group: clk
Path Type: max

Fanout     Cap    Slew   Delay    Time   Description
-----------------------------------------------------------------------------
                  0.00    0.00    0.00   clock clk (rise edge)
                          0.00    0.00   clock network delay (ideal)
                          0.00    0.00 v input external delay
                  0.03    0.02    0.02 v b[0] (in)
     2    0.01                           b[0] (net)
                  0.03    0.00    0.02 v _35_/A (sky130_fd_sc_hd__or2_2)
                  0.07    0.32    0.34 v _35_/X (sky130_fd_sc_hd__or2_2)
     2    0.01                           _04_ (net)
                  0.07    0.00    0.34 v _37_/A2 (sky130_fd_sc_hd__a21bo_2)
                  0.06    0.26    0.60 v _37_/X (sky130_fd_sc_hd__a21bo_2)
     2    0.01                           _06_ (net)
                  0.06    0.00    0.60 v _40_/A1 (sky130_fd_sc_hd__a21bo_2)
                  0.06    0.24    0.84 v _40_/X (sky130_fd_sc_hd__a21bo_2)
     2    0.01                           _09_ (net)
                  0.06    0.00    0.84 v _43_/A1 (sky130_fd_sc_hd__a21bo_2)
                  0.06    0.23    1.07 v _43_/X (sky130_fd_sc_hd__a21bo_2)
     2    0.01                           _12_ (net)
                  0.06    0.00    1.07 v _45_/A2 (sky130_fd_sc_hd__a21bo_2)
                  0.06    0.26    1.33 v _45_/X (sky130_fd_sc_hd__a21bo_2)
     2    0.01                           _14_ (net)
                  0.06    0.00    1.33 v _50_/A2 (sky130_fd_sc_hd__a21bo_2)
                  0.06    0.26    1.59 v _50_/X (sky130_fd_sc_hd__a21bo_2)
     2    0.01                           _18_ (net)
                  0.06    0.00    1.59 v _55_/A2 (sky130_fd_sc_hd__a21bo_2)
                  0.06    0.26    1.85 v _55_/X (sky130_fd_sc_hd__a21bo_2)
     2    0.02                           _22_ (net)
                  0.06    0.00    1.85 v _60_/A2 (sky130_fd_sc_hd__a21boi_2)
                  0.22    0.24    2.09 ^ _60_/Y (sky130_fd_sc_hd__a21boi_2)
     2    0.02                           _26_ (net)
                  0.22    0.00    2.09 ^ _62_/A2 (sky130_fd_sc_hd__o21bai_2)
                  0.18    0.21    2.30 v _62_/Y (sky130_fd_sc_hd__o21bai_2)
     1    0.03                           cout (net)
                  0.18    0.00    2.30 v cout (out)
                                  2.30   data arrival time

                  0.00    3.50    3.50   clock clk (rise edge)
                          0.00    3.50   clock network delay (ideal)
                         -0.25    3.25   clock uncertainty
                          0.00    3.25   clock reconvergence pessimism
                          0.00    3.25   output external delay
                                  3.25   data required time
-----------------------------------------------------------------------------
                                  3.25   data required time
                                 -2.30   data arrival time
-----------------------------------------------------------------------------
                                  0.95   slack (MET)


Startpoint: b[0] (input port clocked by clk)
Endpoint: sum[6] (output port clocked by clk)
Path Group: clk
Path Type: max

Fanout     Cap    Slew   Delay    Time   Description
-----------------------------------------------------------------------------
                  0.00    0.00    0.00   clock clk (rise edge)
                          0.00    0.00   clock network delay (ideal)
                          0.00    0.00 v input external delay
                  0.03    0.02    0.02 v b[0] (in)
     2    0.01                           b[0] (net)
                  0.03    0.00    0.02 v _35_/A (sky130_fd_sc_hd__or2_2)
                  0.07    0.32    0.34 v _35_/X (sky130_fd_sc_hd__or2_2)
     2    0.01                           _04_ (net)
                  0.07    0.00    0.34 v _37_/A2 (sky130_fd_sc_hd__a21bo_2)
                  0.06    0.26    0.60 v _37_/X (sky130_fd_sc_hd__a21bo_2)
     2    0.01                           _06_ (net)
                  0.06    0.00    0.60 v _40_/A1 (sky130_fd_sc_hd__a21bo_2)
                  0.06    0.24    0.84 v _40_/X (sky130_fd_sc_hd__a21bo_2)
     2    0.01                           _09_ (net)
                  0.06    0.00    0.84 v _43_/A1 (sky130_fd_sc_hd__a21bo_2)
                  0.06    0.23    1.07 v _43_/X (sky130_fd_sc_hd__a21bo_2)
     2    0.01                           _12_ (net)
                  0.06    0.00    1.07 v _45_/A2 (sky130_fd_sc_hd__a21bo_2)
                  0.06    0.26    1.33 v _45_/X (sky130_fd_sc_hd__a21bo_2)
     2    0.01                           _14_ (net)
                  0.06    0.00    1.33 v _50_/A2 (sky130_fd_sc_hd__a21bo_2)
                  0.06    0.26    1.59 v _50_/X (sky130_fd_sc_hd__a21bo_2)
     2    0.01                           _18_ (net)
                  0.06    0.00    1.59 v _55_/A2 (sky130_fd_sc_hd__a21bo_2)
                  0.06    0.26    1.85 v _55_/X (sky130_fd_sc_hd__a21bo_2)
     2    0.02                           _22_ (net)
                  0.06    0.00    1.85 v _56_/B (sky130_fd_sc_hd__xnor2_2)
                  0.51    0.44    2.29 ^ _56_/Y (sky130_fd_sc_hd__xnor2_2)
     1    0.03                           sum[6] (net)
                  0.51    0.00    2.29 ^ sum[6] (out)
                                  2.29   data arrival time

                  0.00    3.50    3.50   clock clk (rise edge)
                          0.00    3.50   clock network delay (ideal)
                         -0.25    3.25   clock uncertainty
                          0.00    3.25   clock reconvergence pessimism
                          0.00    3.25   output external delay
                                  3.25   data required time
-----------------------------------------------------------------------------
                                  3.25   data required time
                                 -2.29   data arrival time
-----------------------------------------------------------------------------
                                  0.96   slack (MET)


Startpoint: b[0] (input port clocked by clk)
Endpoint: sum[5] (output port clocked by clk)
Path Group: clk
Path Type: max

Fanout     Cap    Slew   Delay    Time   Description
-----------------------------------------------------------------------------
                  0.00    0.00    0.00   clock clk (rise edge)
                          0.00    0.00   clock network delay (ideal)
                          0.00    0.00 v input external delay
                  0.03    0.02    0.02 v b[0] (in)
     2    0.01                           b[0] (net)
                  0.03    0.00    0.02 v _35_/A (sky130_fd_sc_hd__or2_2)
                  0.07    0.32    0.34 v _35_/X (sky130_fd_sc_hd__or2_2)
     2    0.01                           _04_ (net)
                  0.07    0.00    0.34 v _37_/A2 (sky130_fd_sc_hd__a21bo_2)
                  0.06    0.26    0.60 v _37_/X (sky130_fd_sc_hd__a21bo_2)
     2    0.01                           _06_ (net)
                  0.06    0.00    0.60 v _40_/A1 (sky130_fd_sc_hd__a21bo_2)
                  0.06    0.24    0.84 v _40_/X (sky130_fd_sc_hd__a21bo_2)
     2    0.01                           _09_ (net)
                  0.06    0.00    0.84 v _43_/A1 (sky130_fd_sc_hd__a21bo_2)
                  0.06    0.23    1.07 v _43_/X (sky130_fd_sc_hd__a21bo_2)
     2    0.01                           _12_ (net)
                  0.06    0.00    1.07 v _45_/A2 (sky130_fd_sc_hd__a21bo_2)
                  0.06    0.26    1.33 v _45_/X (sky130_fd_sc_hd__a21bo_2)
     2    0.01                           _14_ (net)
                  0.06    0.00    1.33 v _50_/A2 (sky130_fd_sc_hd__a21bo_2)
                  0.06    0.26    1.59 v _50_/X (sky130_fd_sc_hd__a21bo_2)
     2    0.01                           _18_ (net)
                  0.06    0.00    1.59 v _51_/B (sky130_fd_sc_hd__xnor2_2)
                  0.49    0.42    2.01 ^ _51_/Y (sky130_fd_sc_hd__xnor2_2)
     1    0.03                           sum[5] (net)
                  0.49    0.00    2.01 ^ sum[5] (out)
                                  2.01   data arrival time

                  0.00    3.50    3.50   clock clk (rise edge)
                          0.00    3.50   clock network delay (ideal)
                         -0.25    3.25   clock uncertainty
                          0.00    3.25   clock reconvergence pessimism
                          0.00    3.25   output external delay
                                  3.25   data required time
-----------------------------------------------------------------------------
                                  3.25   data required time
                                 -2.01   data arrival time
-----------------------------------------------------------------------------
                                  1.24   slack (MET)


Startpoint: b[0] (input port clocked by clk)
Endpoint: sum[4] (output port clocked by clk)
Path Group: clk
Path Type: max

Fanout     Cap    Slew   Delay    Time   Description
-----------------------------------------------------------------------------
                  0.00    0.00    0.00   clock clk (rise edge)
                          0.00    0.00   clock network delay (ideal)
                          0.00    0.00 v input external delay
                  0.03    0.02    0.02 v b[0] (in)
     2    0.01                           b[0] (net)
                  0.03    0.00    0.02 v _35_/A (sky130_fd_sc_hd__or2_2)
                  0.07    0.32    0.34 v _35_/X (sky130_fd_sc_hd__or2_2)
     2    0.01                           _04_ (net)
                  0.07    0.00    0.34 v _37_/A2 (sky130_fd_sc_hd__a21bo_2)
                  0.06    0.26    0.60 v _37_/X (sky130_fd_sc_hd__a21bo_2)
     2    0.01                           _06_ (net)
                  0.06    0.00    0.60 v _40_/A1 (sky130_fd_sc_hd__a21bo_2)
                  0.06    0.24    0.84 v _40_/X (sky130_fd_sc_hd__a21bo_2)
     2    0.01                           _09_ (net)
                  0.06    0.00    0.84 v _43_/A1 (sky130_fd_sc_hd__a21bo_2)
                  0.06    0.23    1.07 v _43_/X (sky130_fd_sc_hd__a21bo_2)
     2    0.01                           _12_ (net)
                  0.06    0.00    1.07 v _45_/A2 (sky130_fd_sc_hd__a21bo_2)
                  0.06    0.26    1.33 v _45_/X (sky130_fd_sc_hd__a21bo_2)
     2    0.01                           _14_ (net)
                  0.06    0.00    1.33 v _46_/B (sky130_fd_sc_hd__xnor2_2)
                  0.48    0.41    1.74 ^ _46_/Y (sky130_fd_sc_hd__xnor2_2)
     1    0.03                           sum[4] (net)
                  0.48    0.00    1.74 ^ sum[4] (out)
                                  1.74   data arrival time

                  0.00    3.50    3.50   clock clk (rise edge)
                          0.00    3.50   clock network delay (ideal)
                         -0.25    3.25   clock uncertainty
                          0.00    3.25   clock reconvergence pessimism
                          0.00    3.25   output external delay
                                  3.25   data required time
-----------------------------------------------------------------------------
                                  3.25   data required time
                                 -1.74   data arrival time
-----------------------------------------------------------------------------
                                  1.51   slack (MET)


