
===========================================================================
report_checks -path_delay max (Setup)
============================================================================
Startpoint: b[0] (input port clocked by clk)
Endpoint: sum[15] (output port clocked by clk)
Path Group: clk
Path Type: max

Fanout     Cap    Slew   Delay    Time   Description
-----------------------------------------------------------------------------
                  0.00    0.00    0.00   clock clk (rise edge)
                          0.00    0.00   clock network delay (ideal)
                          0.00    0.00 v input external delay
                  0.02    0.01    0.01 v b[0] (in)
     2    0.01                           b[0] (net)
                  0.02    0.00    0.01 v _063_/A (sky130_fd_sc_hd__or2_2)
                  0.07    0.31    0.33 v _063_/X (sky130_fd_sc_hd__or2_2)
     2    0.01                           _024_ (net)
                  0.07    0.00    0.33 v _067_/A2 (sky130_fd_sc_hd__a21bo_2)
                  0.06    0.26    0.59 v _067_/X (sky130_fd_sc_hd__a21bo_2)
     2    0.01                           _027_ (net)
                  0.06    0.00    0.59 v _072_/A1 (sky130_fd_sc_hd__a21bo_2)
                  0.07    0.24    0.83 v _072_/X (sky130_fd_sc_hd__a21bo_2)
     2    0.02                           _031_ (net)
                  0.07    0.00    0.83 v _080_/A1 (sky130_fd_sc_hd__a21bo_2)
                  0.06    0.24    1.07 v _080_/X (sky130_fd_sc_hd__a21bo_2)
     2    0.01                           _038_ (net)
                  0.06    0.00    1.07 v _085_/A2 (sky130_fd_sc_hd__a21bo_2)
                  0.06    0.26    1.33 v _085_/X (sky130_fd_sc_hd__a21bo_2)
     2    0.01                           _042_ (net)
                  0.06    0.00    1.33 v _090_/A2 (sky130_fd_sc_hd__a21bo_2)
                  0.06    0.26    1.59 v _090_/X (sky130_fd_sc_hd__a21bo_2)
     2    0.01                           _046_ (net)
                  0.06    0.00    1.59 v _095_/A2 (sky130_fd_sc_hd__a21bo_2)
                  0.06    0.26    1.85 v _095_/X (sky130_fd_sc_hd__a21bo_2)
     2    0.02                           _050_ (net)
                  0.06    0.00    1.85 v _100_/A2 (sky130_fd_sc_hd__a21bo_2)
                  0.06    0.26    2.11 v _100_/X (sky130_fd_sc_hd__a21bo_2)
     2    0.01                           _054_ (net)
                  0.06    0.00    2.11 v _105_/A2 (sky130_fd_sc_hd__a21bo_2)
                  0.06    0.26    2.37 v _105_/X (sky130_fd_sc_hd__a21bo_2)
     2    0.01                           _058_ (net)
                  0.06    0.00    2.37 v _110_/A2 (sky130_fd_sc_hd__a21bo_2)
                  0.06    0.26    2.63 v _110_/X (sky130_fd_sc_hd__a21bo_2)
     2    0.01                           _062_ (net)
                  0.06    0.00    2.63 v _115_/A2 (sky130_fd_sc_hd__a21bo_2)
                  0.06    0.26    2.89 v _115_/X (sky130_fd_sc_hd__a21bo_2)
     2    0.02                           _003_ (net)
                  0.06    0.00    2.90 v _120_/A2 (sky130_fd_sc_hd__a21bo_2)
                  0.06    0.26    3.15 v _120_/X (sky130_fd_sc_hd__a21bo_2)
     2    0.01                           _007_ (net)
                  0.06    0.00    3.15 v _125_/A2 (sky130_fd_sc_hd__a21bo_2)
                  0.06    0.26    3.41 v _125_/X (sky130_fd_sc_hd__a21bo_2)
     2    0.01                           _011_ (net)
                  0.06    0.00    3.41 v _130_/A2 (sky130_fd_sc_hd__a21bo_2)
                  0.06    0.26    3.67 v _130_/X (sky130_fd_sc_hd__a21bo_2)
     2    0.01                           _015_ (net)
                  0.06    0.00    3.67 v _135_/A2 (sky130_fd_sc_hd__a21bo_2)
                  0.06    0.26    3.93 v _135_/X (sky130_fd_sc_hd__a21bo_2)
     2    0.02                           _019_ (net)
                  0.06    0.00    3.93 v _140_/A2 (sky130_fd_sc_hd__a21boi_2)
                  0.23    0.26    4.19 ^ _140_/Y (sky130_fd_sc_hd__a21boi_2)
     2    0.02                           _023_ (net)
                  0.23    0.00    4.19 ^ _141_/B (sky130_fd_sc_hd__xnor2_2)
                  0.57    0.29    4.48 ^ _141_/Y (sky130_fd_sc_hd__xnor2_2)
     1    0.03                           sum[15] (net)
                  0.57    0.00    4.48 ^ sum[15] (out)
                                  4.48   data arrival time

                  0.00    4.50    4.50   clock clk (rise edge)
                          0.00    4.50   clock network delay (ideal)
                         -0.25    4.25   clock uncertainty
                          0.00    4.25   clock reconvergence pessimism
                          0.00    4.25   output external delay
                                  4.25   data required time
-----------------------------------------------------------------------------
                                  4.25   data required time
                                 -4.48   data arrival time
-----------------------------------------------------------------------------
                                 -0.23   slack (VIOLATED)


Startpoint: b[0] (input port clocked by clk)
Endpoint: cout (output port clocked by clk)
Path Group: clk
Path Type: max

Fanout     Cap    Slew   Delay    Time   Description
-----------------------------------------------------------------------------
                  0.00    0.00    0.00   clock clk (rise edge)
                          0.00    0.00   clock network delay (ideal)
                          0.00    0.00 v input external delay
                  0.02    0.01    0.01 v b[0] (in)
     2    0.01                           b[0] (net)
                  0.02    0.00    0.01 v _063_/A (sky130_fd_sc_hd__or2_2)
                  0.07    0.31    0.33 v _063_/X (sky130_fd_sc_hd__or2_2)
     2    0.01                           _024_ (net)
                  0.07    0.00    0.33 v _067_/A2 (sky130_fd_sc_hd__a21bo_2)
                  0.06    0.26    0.59 v _067_/X (sky130_fd_sc_hd__a21bo_2)
     2    0.01                           _027_ (net)
                  0.06    0.00    0.59 v _072_/A1 (sky130_fd_sc_hd__a21bo_2)
                  0.07    0.24    0.83 v _072_/X (sky130_fd_sc_hd__a21bo_2)
     2    0.02                           _031_ (net)
                  0.07    0.00    0.83 v _080_/A1 (sky130_fd_sc_hd__a21bo_2)
                  0.06    0.24    1.07 v _080_/X (sky130_fd_sc_hd__a21bo_2)
     2    0.01                           _038_ (net)
                  0.06    0.00    1.07 v _085_/A2 (sky130_fd_sc_hd__a21bo_2)
                  0.06    0.26    1.33 v _085_/X (sky130_fd_sc_hd__a21bo_2)
     2    0.01                           _042_ (net)
                  0.06    0.00    1.33 v _090_/A2 (sky130_fd_sc_hd__a21bo_2)
                  0.06    0.26    1.59 v _090_/X (sky130_fd_sc_hd__a21bo_2)
     2    0.01                           _046_ (net)
                  0.06    0.00    1.59 v _095_/A2 (sky130_fd_sc_hd__a21bo_2)
                  0.06    0.26    1.85 v _095_/X (sky130_fd_sc_hd__a21bo_2)
     2    0.02                           _050_ (net)
                  0.06    0.00    1.85 v _100_/A2 (sky130_fd_sc_hd__a21bo_2)
                  0.06    0.26    2.11 v _100_/X (sky130_fd_sc_hd__a21bo_2)
     2    0.01                           _054_ (net)
                  0.06    0.00    2.11 v _105_/A2 (sky130_fd_sc_hd__a21bo_2)
                  0.06    0.26    2.37 v _105_/X (sky130_fd_sc_hd__a21bo_2)
     2    0.01                           _058_ (net)
                  0.06    0.00    2.37 v _110_/A2 (sky130_fd_sc_hd__a21bo_2)
                  0.06    0.26    2.63 v _110_/X (sky130_fd_sc_hd__a21bo_2)
     2    0.01                           _062_ (net)
                  0.06    0.00    2.63 v _115_/A2 (sky130_fd_sc_hd__a21bo_2)
                  0.06    0.26    2.89 v _115_/X (sky130_fd_sc_hd__a21bo_2)
     2    0.02                           _003_ (net)
                  0.06    0.00    2.90 v _120_/A2 (sky130_fd_sc_hd__a21bo_2)
                  0.06    0.26    3.15 v _120_/X (sky130_fd_sc_hd__a21bo_2)
     2    0.01                           _007_ (net)
                  0.06    0.00    3.15 v _125_/A2 (sky130_fd_sc_hd__a21bo_2)
                  0.06    0.26    3.41 v _125_/X (sky130_fd_sc_hd__a21bo_2)
     2    0.01                           _011_ (net)
                  0.06    0.00    3.41 v _130_/A2 (sky130_fd_sc_hd__a21bo_2)
                  0.06    0.26    3.67 v _130_/X (sky130_fd_sc_hd__a21bo_2)
     2    0.01                           _015_ (net)
                  0.06    0.00    3.67 v _135_/A2 (sky130_fd_sc_hd__a21bo_2)
                  0.06    0.26    3.93 v _135_/X (sky130_fd_sc_hd__a21bo_2)
     2    0.02                           _019_ (net)
                  0.06    0.00    3.93 v _140_/A2 (sky130_fd_sc_hd__a21boi_2)
                  0.23    0.26    4.19 ^ _140_/Y (sky130_fd_sc_hd__a21boi_2)
     2    0.02                           _023_ (net)
                  0.23    0.00    4.19 ^ _142_/A2 (sky130_fd_sc_hd__o21bai_2)
                  0.17    0.21    4.40 v _142_/Y (sky130_fd_sc_hd__o21bai_2)
     1    0.03                           cout (net)
                  0.17    0.00    4.40 v cout (out)
                                  4.40   data arrival time

                  0.00    4.50    4.50   clock clk (rise edge)
                          0.00    4.50   clock network delay (ideal)
                         -0.25    4.25   clock uncertainty
                          0.00    4.25   clock reconvergence pessimism
                          0.00    4.25   output external delay
                                  4.25   data required time
-----------------------------------------------------------------------------
                                  4.25   data required time
                                 -4.40   data arrival time
-----------------------------------------------------------------------------
                                 -0.15   slack (VIOLATED)


Startpoint: b[0] (input port clocked by clk)
Endpoint: sum[14] (output port clocked by clk)
Path Group: clk
Path Type: max

Fanout     Cap    Slew   Delay    Time   Description
-----------------------------------------------------------------------------
                  0.00    0.00    0.00   clock clk (rise edge)
                          0.00    0.00   clock network delay (ideal)
                          0.00    0.00 v input external delay
                  0.02    0.01    0.01 v b[0] (in)
     2    0.01                           b[0] (net)
                  0.02    0.00    0.01 v _063_/A (sky130_fd_sc_hd__or2_2)
                  0.07    0.31    0.33 v _063_/X (sky130_fd_sc_hd__or2_2)
     2    0.01                           _024_ (net)
                  0.07    0.00    0.33 v _067_/A2 (sky130_fd_sc_hd__a21bo_2)
                  0.06    0.26    0.59 v _067_/X (sky130_fd_sc_hd__a21bo_2)
     2    0.01                           _027_ (net)
                  0.06    0.00    0.59 v _072_/A1 (sky130_fd_sc_hd__a21bo_2)
                  0.07    0.24    0.83 v _072_/X (sky130_fd_sc_hd__a21bo_2)
     2    0.02                           _031_ (net)
                  0.07    0.00    0.83 v _080_/A1 (sky130_fd_sc_hd__a21bo_2)
                  0.06    0.24    1.07 v _080_/X (sky130_fd_sc_hd__a21bo_2)
     2    0.01                           _038_ (net)
                  0.06    0.00    1.07 v _085_/A2 (sky130_fd_sc_hd__a21bo_2)
                  0.06    0.26    1.33 v _085_/X (sky130_fd_sc_hd__a21bo_2)
     2    0.01                           _042_ (net)
                  0.06    0.00    1.33 v _090_/A2 (sky130_fd_sc_hd__a21bo_2)
                  0.06    0.26    1.59 v _090_/X (sky130_fd_sc_hd__a21bo_2)
     2    0.01                           _046_ (net)
                  0.06    0.00    1.59 v _095_/A2 (sky130_fd_sc_hd__a21bo_2)
                  0.06    0.26    1.85 v _095_/X (sky130_fd_sc_hd__a21bo_2)
     2    0.02                           _050_ (net)
                  0.06    0.00    1.85 v _100_/A2 (sky130_fd_sc_hd__a21bo_2)
                  0.06    0.26    2.11 v _100_/X (sky130_fd_sc_hd__a21bo_2)
     2    0.01                           _054_ (net)
                  0.06    0.00    2.11 v _105_/A2 (sky130_fd_sc_hd__a21bo_2)
                  0.06    0.26    2.37 v _105_/X (sky130_fd_sc_hd__a21bo_2)
     2    0.01                           _058_ (net)
                  0.06    0.00    2.37 v _110_/A2 (sky130_fd_sc_hd__a21bo_2)
                  0.06    0.26    2.63 v _110_/X (sky130_fd_sc_hd__a21bo_2)
     2    0.01                           _062_ (net)
                  0.06    0.00    2.63 v _115_/A2 (sky130_fd_sc_hd__a21bo_2)
                  0.06    0.26    2.89 v _115_/X (sky130_fd_sc_hd__a21bo_2)
     2    0.02                           _003_ (net)
                  0.06    0.00    2.90 v _120_/A2 (sky130_fd_sc_hd__a21bo_2)
                  0.06    0.26    3.15 v _120_/X (sky130_fd_sc_hd__a21bo_2)
     2    0.01                           _007_ (net)
                  0.06    0.00    3.15 v _125_/A2 (sky130_fd_sc_hd__a21bo_2)
                  0.06    0.26    3.41 v _125_/X (sky130_fd_sc_hd__a21bo_2)
     2    0.01                           _011_ (net)
                  0.06    0.00    3.41 v _130_/A2 (sky130_fd_sc_hd__a21bo_2)
                  0.06    0.26    3.67 v _130_/X (sky130_fd_sc_hd__a21bo_2)
     2    0.01                           _015_ (net)
                  0.06    0.00    3.67 v _135_/A2 (sky130_fd_sc_hd__a21bo_2)
                  0.06    0.26    3.93 v _135_/X (sky130_fd_sc_hd__a21bo_2)
     2    0.02                           _019_ (net)
                  0.06    0.00    3.93 v _136_/B (sky130_fd_sc_hd__xnor2_2)
                  0.50    0.43    4.36 ^ _136_/Y (sky130_fd_sc_hd__xnor2_2)
     1    0.03                           sum[14] (net)
                  0.50    0.00    4.36 ^ sum[14] (out)
                                  4.36   data arrival time

                  0.00    4.50    4.50   clock clk (rise edge)
                          0.00    4.50   clock network delay (ideal)
                         -0.25    4.25   clock uncertainty
                          0.00    4.25   clock reconvergence pessimism
                          0.00    4.25   output external delay
                                  4.25   data required time
-----------------------------------------------------------------------------
                                  4.25   data required time
                                 -4.36   data arrival time
-----------------------------------------------------------------------------
                                 -0.11   slack (VIOLATED)


Startpoint: b[0] (input port clocked by clk)
Endpoint: sum[13] (output port clocked by clk)
Path Group: clk
Path Type: max

Fanout     Cap    Slew   Delay    Time   Description
-----------------------------------------------------------------------------
                  0.00    0.00    0.00   clock clk (rise edge)
                          0.00    0.00   clock network delay (ideal)
                          0.00    0.00 v input external delay
                  0.02    0.01    0.01 v b[0] (in)
     2    0.01                           b[0] (net)
                  0.02    0.00    0.01 v _063_/A (sky130_fd_sc_hd__or2_2)
                  0.07    0.31    0.33 v _063_/X (sky130_fd_sc_hd__or2_2)
     2    0.01                           _024_ (net)
                  0.07    0.00    0.33 v _067_/A2 (sky130_fd_sc_hd__a21bo_2)
                  0.06    0.26    0.59 v _067_/X (sky130_fd_sc_hd__a21bo_2)
     2    0.01                           _027_ (net)
                  0.06    0.00    0.59 v _072_/A1 (sky130_fd_sc_hd__a21bo_2)
                  0.07    0.24    0.83 v _072_/X (sky130_fd_sc_hd__a21bo_2)
     2    0.02                           _031_ (net)
                  0.07    0.00    0.83 v _080_/A1 (sky130_fd_sc_hd__a21bo_2)
                  0.06    0.24    1.07 v _080_/X (sky130_fd_sc_hd__a21bo_2)
     2    0.01                           _038_ (net)
                  0.06    0.00    1.07 v _085_/A2 (sky130_fd_sc_hd__a21bo_2)
                  0.06    0.26    1.33 v _085_/X (sky130_fd_sc_hd__a21bo_2)
     2    0.01                           _042_ (net)
                  0.06    0.00    1.33 v _090_/A2 (sky130_fd_sc_hd__a21bo_2)
                  0.06    0.26    1.59 v _090_/X (sky130_fd_sc_hd__a21bo_2)
     2    0.01                           _046_ (net)
                  0.06    0.00    1.59 v _095_/A2 (sky130_fd_sc_hd__a21bo_2)
                  0.06    0.26    1.85 v _095_/X (sky130_fd_sc_hd__a21bo_2)
     2    0.02                           _050_ (net)
                  0.06    0.00    1.85 v _100_/A2 (sky130_fd_sc_hd__a21bo_2)
                  0.06    0.26    2.11 v _100_/X (sky130_fd_sc_hd__a21bo_2)
     2    0.01                           _054_ (net)
                  0.06    0.00    2.11 v _105_/A2 (sky130_fd_sc_hd__a21bo_2)
                  0.06    0.26    2.37 v _105_/X (sky130_fd_sc_hd__a21bo_2)
     2    0.01                           _058_ (net)
                  0.06    0.00    2.37 v _110_/A2 (sky130_fd_sc_hd__a21bo_2)
                  0.06    0.26    2.63 v _110_/X (sky130_fd_sc_hd__a21bo_2)
     2    0.01                           _062_ (net)
                  0.06    0.00    2.63 v _115_/A2 (sky130_fd_sc_hd__a21bo_2)
                  0.06    0.26    2.89 v _115_/X (sky130_fd_sc_hd__a21bo_2)
     2    0.02                           _003_ (net)
                  0.06    0.00    2.90 v _120_/A2 (sky130_fd_sc_hd__a21bo_2)
                  0.06    0.26    3.15 v _120_/X (sky130_fd_sc_hd__a21bo_2)
     2    0.01                           _007_ (net)
                  0.06    0.00    3.15 v _125_/A2 (sky130_fd_sc_hd__a21bo_2)
                  0.06    0.26    3.41 v _125_/X (sky130_fd_sc_hd__a21bo_2)
     2    0.01                           _011_ (net)
                  0.06    0.00    3.41 v _130_/A2 (sky130_fd_sc_hd__a21bo_2)
                  0.06    0.26    3.67 v _130_/X (sky130_fd_sc_hd__a21bo_2)
     2    0.01                           _015_ (net)
                  0.06    0.00    3.67 v _131_/B (sky130_fd_sc_hd__xnor2_2)
                  0.52    0.44    4.11 ^ _131_/Y (sky130_fd_sc_hd__xnor2_2)
     1    0.03                           sum[13] (net)
                  0.52    0.00    4.11 ^ sum[13] (out)
                                  4.11   data arrival time

                  0.00    4.50    4.50   clock clk (rise edge)
                          0.00    4.50   clock network delay (ideal)
                         -0.25    4.25   clock uncertainty
                          0.00    4.25   clock reconvergence pessimism
                          0.00    4.25   output external delay
                                  4.25   data required time
-----------------------------------------------------------------------------
                                  4.25   data required time
                                 -4.11   data arrival time
-----------------------------------------------------------------------------
                                  0.14   slack (MET)


Startpoint: b[0] (input port clocked by clk)
Endpoint: sum[12] (output port clocked by clk)
Path Group: clk
Path Type: max

Fanout     Cap    Slew   Delay    Time   Description
-----------------------------------------------------------------------------
                  0.00    0.00    0.00   clock clk (rise edge)
                          0.00    0.00   clock network delay (ideal)
                          0.00    0.00 v input external delay
                  0.02    0.01    0.01 v b[0] (in)
     2    0.01                           b[0] (net)
                  0.02    0.00    0.01 v _063_/A (sky130_fd_sc_hd__or2_2)
                  0.07    0.31    0.33 v _063_/X (sky130_fd_sc_hd__or2_2)
     2    0.01                           _024_ (net)
                  0.07    0.00    0.33 v _067_/A2 (sky130_fd_sc_hd__a21bo_2)
                  0.06    0.26    0.59 v _067_/X (sky130_fd_sc_hd__a21bo_2)
     2    0.01                           _027_ (net)
                  0.06    0.00    0.59 v _072_/A1 (sky130_fd_sc_hd__a21bo_2)
                  0.07    0.24    0.83 v _072_/X (sky130_fd_sc_hd__a21bo_2)
     2    0.02                           _031_ (net)
                  0.07    0.00    0.83 v _080_/A1 (sky130_fd_sc_hd__a21bo_2)
                  0.06    0.24    1.07 v _080_/X (sky130_fd_sc_hd__a21bo_2)
     2    0.01                           _038_ (net)
                  0.06    0.00    1.07 v _085_/A2 (sky130_fd_sc_hd__a21bo_2)
                  0.06    0.26    1.33 v _085_/X (sky130_fd_sc_hd__a21bo_2)
     2    0.01                           _042_ (net)
                  0.06    0.00    1.33 v _090_/A2 (sky130_fd_sc_hd__a21bo_2)
                  0.06    0.26    1.59 v _090_/X (sky130_fd_sc_hd__a21bo_2)
     2    0.01                           _046_ (net)
                  0.06    0.00    1.59 v _095_/A2 (sky130_fd_sc_hd__a21bo_2)
                  0.06    0.26    1.85 v _095_/X (sky130_fd_sc_hd__a21bo_2)
     2    0.02                           _050_ (net)
                  0.06    0.00    1.85 v _100_/A2 (sky130_fd_sc_hd__a21bo_2)
                  0.06    0.26    2.11 v _100_/X (sky130_fd_sc_hd__a21bo_2)
     2    0.01                           _054_ (net)
                  0.06    0.00    2.11 v _105_/A2 (sky130_fd_sc_hd__a21bo_2)
                  0.06    0.26    2.37 v _105_/X (sky130_fd_sc_hd__a21bo_2)
     2    0.01                           _058_ (net)
                  0.06    0.00    2.37 v _110_/A2 (sky130_fd_sc_hd__a21bo_2)
                  0.06    0.26    2.63 v _110_/X (sky130_fd_sc_hd__a21bo_2)
     2    0.01                           _062_ (net)
                  0.06    0.00    2.63 v _115_/A2 (sky130_fd_sc_hd__a21bo_2)
                  0.06    0.26    2.89 v _115_/X (sky130_fd_sc_hd__a21bo_2)
     2    0.02                           _003_ (net)
                  0.06    0.00    2.90 v _120_/A2 (sky130_fd_sc_hd__a21bo_2)
                  0.06    0.26    3.15 v _120_/X (sky130_fd_sc_hd__a21bo_2)
     2    0.01                           _007_ (net)
                  0.06    0.00    3.15 v _125_/A2 (sky130_fd_sc_hd__a21bo_2)
                  0.06    0.26    3.41 v _125_/X (sky130_fd_sc_hd__a21bo_2)
     2    0.01                           _011_ (net)
                  0.06    0.00    3.41 v _126_/B (sky130_fd_sc_hd__xnor2_2)
                  0.55    0.47    3.88 ^ _126_/Y (sky130_fd_sc_hd__xnor2_2)
     1    0.03                           sum[12] (net)
                  0.55    0.00    3.88 ^ sum[12] (out)
                                  3.88   data arrival time

                  0.00    4.50    4.50   clock clk (rise edge)
                          0.00    4.50   clock network delay (ideal)
                         -0.25    4.25   clock uncertainty
                          0.00    4.25   clock reconvergence pessimism
                          0.00    4.25   output external delay
                                  4.25   data required time
-----------------------------------------------------------------------------
                                  4.25   data required time
                                 -3.88   data arrival time
-----------------------------------------------------------------------------
                                  0.37   slack (MET)


