
===========================================================================
report_checks -path_delay max (Setup)
============================================================================
Startpoint: b[0] (input port clocked by clk)
Endpoint: sum[15] (output port clocked by clk)
Path Group: clk
Path Type: max

Fanout     Cap    Slew   Delay    Time   Description
-----------------------------------------------------------------------------
                  0.00    0.00    0.00   clock clk (rise edge)
                          0.00    0.00   clock network delay (ideal)
                          0.00    0.00 v input external delay
                  0.01    0.01    0.01 v b[0] (in)
     1    0.01                           b[0] (net)
                  0.01    0.00    0.01 v input17/A (sky130_fd_sc_hd__clkbuf_1)
                  0.04    0.09    0.10 v input17/X (sky130_fd_sc_hd__clkbuf_1)
     2    0.00                           net17 (net)
                  0.04    0.00    0.10 v _063_/A (sky130_fd_sc_hd__or2_1)
                  0.06    0.25    0.34 v _063_/X (sky130_fd_sc_hd__or2_1)
     2    0.01                           _024_ (net)
                  0.06    0.00    0.34 v _067_/A2 (sky130_fd_sc_hd__a21bo_1)
                  0.06    0.23    0.58 v _067_/X (sky130_fd_sc_hd__a21bo_1)
     2    0.01                           _027_ (net)
                  0.06    0.00    0.58 v _072_/A1 (sky130_fd_sc_hd__a21bo_1)
                  0.07    0.22    0.80 v _072_/X (sky130_fd_sc_hd__a21bo_1)
     2    0.01                           _031_ (net)
                  0.07    0.00    0.80 v _080_/A1 (sky130_fd_sc_hd__a21bo_1)
                  0.06    0.21    1.01 v _080_/X (sky130_fd_sc_hd__a21bo_1)
     2    0.01                           _038_ (net)
                  0.06    0.00    1.01 v _085_/A2 (sky130_fd_sc_hd__a21bo_1)
                  0.06    0.23    1.24 v _085_/X (sky130_fd_sc_hd__a21bo_1)
     2    0.01                           _042_ (net)
                  0.06    0.00    1.24 v _090_/A2 (sky130_fd_sc_hd__a21bo_1)
                  0.06    0.23    1.47 v _090_/X (sky130_fd_sc_hd__a21bo_1)
     2    0.01                           _046_ (net)
                  0.06    0.00    1.47 v _095_/A2 (sky130_fd_sc_hd__a21bo_1)
                  0.07    0.25    1.72 v _095_/X (sky130_fd_sc_hd__a21bo_1)
     2    0.01                           _050_ (net)
                  0.07    0.00    1.72 v _100_/A2 (sky130_fd_sc_hd__a21bo_1)
                  0.07    0.24    1.96 v _100_/X (sky130_fd_sc_hd__a21bo_1)
     2    0.01                           _054_ (net)
                  0.07    0.00    1.96 v _105_/A2 (sky130_fd_sc_hd__a21bo_1)
                  0.06    0.23    2.20 v _105_/X (sky130_fd_sc_hd__a21bo_1)
     2    0.01                           _058_ (net)
                  0.06    0.00    2.20 v _110_/A2 (sky130_fd_sc_hd__a21bo_1)
                  0.07    0.24    2.43 v _110_/X (sky130_fd_sc_hd__a21bo_1)
     2    0.01                           _062_ (net)
                  0.07    0.00    2.43 v _115_/A2 (sky130_fd_sc_hd__a21bo_1)
                  0.07    0.25    2.68 v _115_/X (sky130_fd_sc_hd__a21bo_1)
     2    0.01                           _003_ (net)
                  0.07    0.00    2.68 v _120_/A2 (sky130_fd_sc_hd__a21bo_1)
                  0.06    0.24    2.92 v _120_/X (sky130_fd_sc_hd__a21bo_1)
     2    0.01                           _007_ (net)
                  0.06    0.00    2.92 v _125_/A2 (sky130_fd_sc_hd__a21bo_1)
                  0.06    0.23    3.15 v _125_/X (sky130_fd_sc_hd__a21bo_1)
     2    0.01                           _011_ (net)
                  0.06    0.00    3.15 v _130_/A2 (sky130_fd_sc_hd__a21bo_1)
                  0.06    0.23    3.38 v _130_/X (sky130_fd_sc_hd__a21bo_1)
     2    0.01                           _015_ (net)
                  0.06    0.00    3.38 v _135_/A2 (sky130_fd_sc_hd__a21bo_1)
                  0.07    0.24    3.63 v _135_/X (sky130_fd_sc_hd__a21bo_1)
     2    0.01                           _019_ (net)
                  0.07    0.00    3.63 v _140_/A2 (sky130_fd_sc_hd__a21boi_2)
                  0.16    0.21    3.84 ^ _140_/Y (sky130_fd_sc_hd__a21boi_2)
     2    0.01                           _023_ (net)
                  0.16    0.00    3.84 ^ _141_/B (sky130_fd_sc_hd__xnor2_1)
                  0.24    0.19    4.03 ^ _141_/Y (sky130_fd_sc_hd__xnor2_1)
     1    0.01                           net41 (net)
                  0.24    0.00    4.03 ^ output41/A (sky130_fd_sc_hd__buf_2)
                  0.18    0.28    4.31 ^ output41/X (sky130_fd_sc_hd__buf_2)
     1    0.03                           sum[15] (net)
                  0.18    0.00    4.31 ^ sum[15] (out)
                                  4.31   data arrival time

                  0.00    4.50    4.50   clock clk (rise edge)
                          0.00    4.50   clock network delay (ideal)
                         -0.25    4.25   clock uncertainty
                          0.00    4.25   clock reconvergence pessimism
                          0.00    4.25   output external delay
                                  4.25   data required time
-----------------------------------------------------------------------------
                                  4.25   data required time
                                 -4.31   data arrival time
-----------------------------------------------------------------------------
                                 -0.06   slack (VIOLATED)


Startpoint: b[0] (input port clocked by clk)
Endpoint: cout (output port clocked by clk)
Path Group: clk
Path Type: max

Fanout     Cap    Slew   Delay    Time   Description
-----------------------------------------------------------------------------
                  0.00    0.00    0.00   clock clk (rise edge)
                          0.00    0.00   clock network delay (ideal)
                          0.00    0.00 v input external delay
                  0.01    0.01    0.01 v b[0] (in)
     1    0.01                           b[0] (net)
                  0.01    0.00    0.01 v input17/A (sky130_fd_sc_hd__clkbuf_1)
                  0.04    0.09    0.10 v input17/X (sky130_fd_sc_hd__clkbuf_1)
     2    0.00                           net17 (net)
                  0.04    0.00    0.10 v _063_/A (sky130_fd_sc_hd__or2_1)
                  0.06    0.25    0.34 v _063_/X (sky130_fd_sc_hd__or2_1)
     2    0.01                           _024_ (net)
                  0.06    0.00    0.34 v _067_/A2 (sky130_fd_sc_hd__a21bo_1)
                  0.06    0.23    0.58 v _067_/X (sky130_fd_sc_hd__a21bo_1)
     2    0.01                           _027_ (net)
                  0.06    0.00    0.58 v _072_/A1 (sky130_fd_sc_hd__a21bo_1)
                  0.07    0.22    0.80 v _072_/X (sky130_fd_sc_hd__a21bo_1)
     2    0.01                           _031_ (net)
                  0.07    0.00    0.80 v _080_/A1 (sky130_fd_sc_hd__a21bo_1)
                  0.06    0.21    1.01 v _080_/X (sky130_fd_sc_hd__a21bo_1)
     2    0.01                           _038_ (net)
                  0.06    0.00    1.01 v _085_/A2 (sky130_fd_sc_hd__a21bo_1)
                  0.06    0.23    1.24 v _085_/X (sky130_fd_sc_hd__a21bo_1)
     2    0.01                           _042_ (net)
                  0.06    0.00    1.24 v _090_/A2 (sky130_fd_sc_hd__a21bo_1)
                  0.06    0.23    1.47 v _090_/X (sky130_fd_sc_hd__a21bo_1)
     2    0.01                           _046_ (net)
                  0.06    0.00    1.47 v _095_/A2 (sky130_fd_sc_hd__a21bo_1)
                  0.07    0.25    1.72 v _095_/X (sky130_fd_sc_hd__a21bo_1)
     2    0.01                           _050_ (net)
                  0.07    0.00    1.72 v _100_/A2 (sky130_fd_sc_hd__a21bo_1)
                  0.07    0.24    1.96 v _100_/X (sky130_fd_sc_hd__a21bo_1)
     2    0.01                           _054_ (net)
                  0.07    0.00    1.96 v _105_/A2 (sky130_fd_sc_hd__a21bo_1)
                  0.06    0.23    2.20 v _105_/X (sky130_fd_sc_hd__a21bo_1)
     2    0.01                           _058_ (net)
                  0.06    0.00    2.20 v _110_/A2 (sky130_fd_sc_hd__a21bo_1)
                  0.07    0.24    2.43 v _110_/X (sky130_fd_sc_hd__a21bo_1)
     2    0.01                           _062_ (net)
                  0.07    0.00    2.43 v _115_/A2 (sky130_fd_sc_hd__a21bo_1)
                  0.07    0.25    2.68 v _115_/X (sky130_fd_sc_hd__a21bo_1)
     2    0.01                           _003_ (net)
                  0.07    0.00    2.68 v _120_/A2 (sky130_fd_sc_hd__a21bo_1)
                  0.06    0.24    2.92 v _120_/X (sky130_fd_sc_hd__a21bo_1)
     2    0.01                           _007_ (net)
                  0.06    0.00    2.92 v _125_/A2 (sky130_fd_sc_hd__a21bo_1)
                  0.06    0.23    3.15 v _125_/X (sky130_fd_sc_hd__a21bo_1)
     2    0.01                           _011_ (net)
                  0.06    0.00    3.15 v _130_/A2 (sky130_fd_sc_hd__a21bo_1)
                  0.06    0.23    3.38 v _130_/X (sky130_fd_sc_hd__a21bo_1)
     2    0.01                           _015_ (net)
                  0.06    0.00    3.38 v _135_/A2 (sky130_fd_sc_hd__a21bo_1)
                  0.07    0.24    3.63 v _135_/X (sky130_fd_sc_hd__a21bo_1)
     2    0.01                           _019_ (net)
                  0.07    0.00    3.63 v _140_/A2 (sky130_fd_sc_hd__a21boi_2)
                  0.16    0.21    3.84 ^ _140_/Y (sky130_fd_sc_hd__a21boi_2)
     2    0.01                           _023_ (net)
                  0.16    0.00    3.84 ^ _142_/A2 (sky130_fd_sc_hd__o21bai_1)
                  0.06    0.10    3.94 v _142_/Y (sky130_fd_sc_hd__o21bai_1)
     1    0.00                           net34 (net)
                  0.06    0.00    3.94 v output34/A (sky130_fd_sc_hd__buf_2)
                  0.09    0.20    4.14 v output34/X (sky130_fd_sc_hd__buf_2)
     1    0.03                           cout (net)
                  0.09    0.00    4.14 v cout (out)
                                  4.14   data arrival time

                  0.00    4.50    4.50   clock clk (rise edge)
                          0.00    4.50   clock network delay (ideal)
                         -0.25    4.25   clock uncertainty
                          0.00    4.25   clock reconvergence pessimism
                          0.00    4.25   output external delay
                                  4.25   data required time
-----------------------------------------------------------------------------
                                  4.25   data required time
                                 -4.14   data arrival time
-----------------------------------------------------------------------------
                                  0.11   slack (MET)


Startpoint: b[0] (input port clocked by clk)
Endpoint: sum[14] (output port clocked by clk)
Path Group: clk
Path Type: max

Fanout     Cap    Slew   Delay    Time   Description
-----------------------------------------------------------------------------
                  0.00    0.00    0.00   clock clk (rise edge)
                          0.00    0.00   clock network delay (ideal)
                          0.00    0.00 v input external delay
                  0.01    0.01    0.01 v b[0] (in)
     1    0.01                           b[0] (net)
                  0.01    0.00    0.01 v input17/A (sky130_fd_sc_hd__clkbuf_1)
                  0.04    0.09    0.10 v input17/X (sky130_fd_sc_hd__clkbuf_1)
     2    0.00                           net17 (net)
                  0.04    0.00    0.10 v _063_/A (sky130_fd_sc_hd__or2_1)
                  0.06    0.25    0.34 v _063_/X (sky130_fd_sc_hd__or2_1)
     2    0.01                           _024_ (net)
                  0.06    0.00    0.34 v _067_/A2 (sky130_fd_sc_hd__a21bo_1)
                  0.06    0.23    0.58 v _067_/X (sky130_fd_sc_hd__a21bo_1)
     2    0.01                           _027_ (net)
                  0.06    0.00    0.58 v _072_/A1 (sky130_fd_sc_hd__a21bo_1)
                  0.07    0.22    0.80 v _072_/X (sky130_fd_sc_hd__a21bo_1)
     2    0.01                           _031_ (net)
                  0.07    0.00    0.80 v _080_/A1 (sky130_fd_sc_hd__a21bo_1)
                  0.06    0.21    1.01 v _080_/X (sky130_fd_sc_hd__a21bo_1)
     2    0.01                           _038_ (net)
                  0.06    0.00    1.01 v _085_/A2 (sky130_fd_sc_hd__a21bo_1)
                  0.06    0.23    1.24 v _085_/X (sky130_fd_sc_hd__a21bo_1)
     2    0.01                           _042_ (net)
                  0.06    0.00    1.24 v _090_/A2 (sky130_fd_sc_hd__a21bo_1)
                  0.06    0.23    1.47 v _090_/X (sky130_fd_sc_hd__a21bo_1)
     2    0.01                           _046_ (net)
                  0.06    0.00    1.47 v _095_/A2 (sky130_fd_sc_hd__a21bo_1)
                  0.07    0.25    1.72 v _095_/X (sky130_fd_sc_hd__a21bo_1)
     2    0.01                           _050_ (net)
                  0.07    0.00    1.72 v _100_/A2 (sky130_fd_sc_hd__a21bo_1)
                  0.07    0.24    1.96 v _100_/X (sky130_fd_sc_hd__a21bo_1)
     2    0.01                           _054_ (net)
                  0.07    0.00    1.96 v _105_/A2 (sky130_fd_sc_hd__a21bo_1)
                  0.06    0.23    2.20 v _105_/X (sky130_fd_sc_hd__a21bo_1)
     2    0.01                           _058_ (net)
                  0.06    0.00    2.20 v _110_/A2 (sky130_fd_sc_hd__a21bo_1)
                  0.07    0.24    2.43 v _110_/X (sky130_fd_sc_hd__a21bo_1)
     2    0.01                           _062_ (net)
                  0.07    0.00    2.43 v _115_/A2 (sky130_fd_sc_hd__a21bo_1)
                  0.07    0.25    2.68 v _115_/X (sky130_fd_sc_hd__a21bo_1)
     2    0.01                           _003_ (net)
                  0.07    0.00    2.68 v _120_/A2 (sky130_fd_sc_hd__a21bo_1)
                  0.06    0.24    2.92 v _120_/X (sky130_fd_sc_hd__a21bo_1)
     2    0.01                           _007_ (net)
                  0.06    0.00    2.92 v _125_/A2 (sky130_fd_sc_hd__a21bo_1)
                  0.06    0.23    3.15 v _125_/X (sky130_fd_sc_hd__a21bo_1)
     2    0.01                           _011_ (net)
                  0.06    0.00    3.15 v _130_/A2 (sky130_fd_sc_hd__a21bo_1)
                  0.06    0.23    3.38 v _130_/X (sky130_fd_sc_hd__a21bo_1)
     2    0.01                           _015_ (net)
                  0.06    0.00    3.38 v _135_/A2 (sky130_fd_sc_hd__a21bo_1)
                  0.07    0.24    3.63 v _135_/X (sky130_fd_sc_hd__a21bo_1)
     2    0.01                           _019_ (net)
                  0.07    0.00    3.63 v _136_/B (sky130_fd_sc_hd__xnor2_1)
                  0.16    0.18    3.81 ^ _136_/Y (sky130_fd_sc_hd__xnor2_1)
     1    0.01                           net40 (net)
                  0.16    0.00    3.81 ^ output40/A (sky130_fd_sc_hd__buf_2)
                  0.17    0.25    4.05 ^ output40/X (sky130_fd_sc_hd__buf_2)
     1    0.03                           sum[14] (net)
                  0.17    0.00    4.05 ^ sum[14] (out)
                                  4.05   data arrival time

                  0.00    4.50    4.50   clock clk (rise edge)
                          0.00    4.50   clock network delay (ideal)
                         -0.25    4.25   clock uncertainty
                          0.00    4.25   clock reconvergence pessimism
                          0.00    4.25   output external delay
                                  4.25   data required time
-----------------------------------------------------------------------------
                                  4.25   data required time
                                 -4.05   data arrival time
-----------------------------------------------------------------------------
                                  0.20   slack (MET)


Startpoint: b[0] (input port clocked by clk)
Endpoint: sum[13] (output port clocked by clk)
Path Group: clk
Path Type: max

Fanout     Cap    Slew   Delay    Time   Description
-----------------------------------------------------------------------------
                  0.00    0.00    0.00   clock clk (rise edge)
                          0.00    0.00   clock network delay (ideal)
                          0.00    0.00 v input external delay
                  0.01    0.01    0.01 v b[0] (in)
     1    0.01                           b[0] (net)
                  0.01    0.00    0.01 v input17/A (sky130_fd_sc_hd__clkbuf_1)
                  0.04    0.09    0.10 v input17/X (sky130_fd_sc_hd__clkbuf_1)
     2    0.00                           net17 (net)
                  0.04    0.00    0.10 v _063_/A (sky130_fd_sc_hd__or2_1)
                  0.06    0.25    0.34 v _063_/X (sky130_fd_sc_hd__or2_1)
     2    0.01                           _024_ (net)
                  0.06    0.00    0.34 v _067_/A2 (sky130_fd_sc_hd__a21bo_1)
                  0.06    0.23    0.58 v _067_/X (sky130_fd_sc_hd__a21bo_1)
     2    0.01                           _027_ (net)
                  0.06    0.00    0.58 v _072_/A1 (sky130_fd_sc_hd__a21bo_1)
                  0.07    0.22    0.80 v _072_/X (sky130_fd_sc_hd__a21bo_1)
     2    0.01                           _031_ (net)
                  0.07    0.00    0.80 v _080_/A1 (sky130_fd_sc_hd__a21bo_1)
                  0.06    0.21    1.01 v _080_/X (sky130_fd_sc_hd__a21bo_1)
     2    0.01                           _038_ (net)
                  0.06    0.00    1.01 v _085_/A2 (sky130_fd_sc_hd__a21bo_1)
                  0.06    0.23    1.24 v _085_/X (sky130_fd_sc_hd__a21bo_1)
     2    0.01                           _042_ (net)
                  0.06    0.00    1.24 v _090_/A2 (sky130_fd_sc_hd__a21bo_1)
                  0.06    0.23    1.47 v _090_/X (sky130_fd_sc_hd__a21bo_1)
     2    0.01                           _046_ (net)
                  0.06    0.00    1.47 v _095_/A2 (sky130_fd_sc_hd__a21bo_1)
                  0.07    0.25    1.72 v _095_/X (sky130_fd_sc_hd__a21bo_1)
     2    0.01                           _050_ (net)
                  0.07    0.00    1.72 v _100_/A2 (sky130_fd_sc_hd__a21bo_1)
                  0.07    0.24    1.96 v _100_/X (sky130_fd_sc_hd__a21bo_1)
     2    0.01                           _054_ (net)
                  0.07    0.00    1.96 v _105_/A2 (sky130_fd_sc_hd__a21bo_1)
                  0.06    0.23    2.20 v _105_/X (sky130_fd_sc_hd__a21bo_1)
     2    0.01                           _058_ (net)
                  0.06    0.00    2.20 v _110_/A2 (sky130_fd_sc_hd__a21bo_1)
                  0.07    0.24    2.43 v _110_/X (sky130_fd_sc_hd__a21bo_1)
     2    0.01                           _062_ (net)
                  0.07    0.00    2.43 v _115_/A2 (sky130_fd_sc_hd__a21bo_1)
                  0.07    0.25    2.68 v _115_/X (sky130_fd_sc_hd__a21bo_1)
     2    0.01                           _003_ (net)
                  0.07    0.00    2.68 v _120_/A2 (sky130_fd_sc_hd__a21bo_1)
                  0.06    0.24    2.92 v _120_/X (sky130_fd_sc_hd__a21bo_1)
     2    0.01                           _007_ (net)
                  0.06    0.00    2.92 v _125_/A2 (sky130_fd_sc_hd__a21bo_1)
                  0.06    0.23    3.15 v _125_/X (sky130_fd_sc_hd__a21bo_1)
     2    0.01                           _011_ (net)
                  0.06    0.00    3.15 v _130_/A2 (sky130_fd_sc_hd__a21bo_1)
                  0.06    0.23    3.38 v _130_/X (sky130_fd_sc_hd__a21bo_1)
     2    0.01                           _015_ (net)
                  0.06    0.00    3.38 v _131_/B (sky130_fd_sc_hd__xnor2_1)
                  0.20    0.21    3.60 ^ _131_/Y (sky130_fd_sc_hd__xnor2_1)
     1    0.01                           net39 (net)
                  0.20    0.00    3.60 ^ output39/A (sky130_fd_sc_hd__buf_2)
                  0.18    0.26    3.86 ^ output39/X (sky130_fd_sc_hd__buf_2)
     1    0.03                           sum[13] (net)
                  0.18    0.00    3.86 ^ sum[13] (out)
                                  3.86   data arrival time

                  0.00    4.50    4.50   clock clk (rise edge)
                          0.00    4.50   clock network delay (ideal)
                         -0.25    4.25   clock uncertainty
                          0.00    4.25   clock reconvergence pessimism
                          0.00    4.25   output external delay
                                  4.25   data required time
-----------------------------------------------------------------------------
                                  4.25   data required time
                                 -3.86   data arrival time
-----------------------------------------------------------------------------
                                  0.39   slack (MET)


Startpoint: b[0] (input port clocked by clk)
Endpoint: sum[12] (output port clocked by clk)
Path Group: clk
Path Type: max

Fanout     Cap    Slew   Delay    Time   Description
-----------------------------------------------------------------------------
                  0.00    0.00    0.00   clock clk (rise edge)
                          0.00    0.00   clock network delay (ideal)
                          0.00    0.00 v input external delay
                  0.01    0.01    0.01 v b[0] (in)
     1    0.01                           b[0] (net)
                  0.01    0.00    0.01 v input17/A (sky130_fd_sc_hd__clkbuf_1)
                  0.04    0.09    0.10 v input17/X (sky130_fd_sc_hd__clkbuf_1)
     2    0.00                           net17 (net)
                  0.04    0.00    0.10 v _063_/A (sky130_fd_sc_hd__or2_1)
                  0.06    0.25    0.34 v _063_/X (sky130_fd_sc_hd__or2_1)
     2    0.01                           _024_ (net)
                  0.06    0.00    0.34 v _067_/A2 (sky130_fd_sc_hd__a21bo_1)
                  0.06    0.23    0.58 v _067_/X (sky130_fd_sc_hd__a21bo_1)
     2    0.01                           _027_ (net)
                  0.06    0.00    0.58 v _072_/A1 (sky130_fd_sc_hd__a21bo_1)
                  0.07    0.22    0.80 v _072_/X (sky130_fd_sc_hd__a21bo_1)
     2    0.01                           _031_ (net)
                  0.07    0.00    0.80 v _080_/A1 (sky130_fd_sc_hd__a21bo_1)
                  0.06    0.21    1.01 v _080_/X (sky130_fd_sc_hd__a21bo_1)
     2    0.01                           _038_ (net)
                  0.06    0.00    1.01 v _085_/A2 (sky130_fd_sc_hd__a21bo_1)
                  0.06    0.23    1.24 v _085_/X (sky130_fd_sc_hd__a21bo_1)
     2    0.01                           _042_ (net)
                  0.06    0.00    1.24 v _090_/A2 (sky130_fd_sc_hd__a21bo_1)
                  0.06    0.23    1.47 v _090_/X (sky130_fd_sc_hd__a21bo_1)
     2    0.01                           _046_ (net)
                  0.06    0.00    1.47 v _095_/A2 (sky130_fd_sc_hd__a21bo_1)
                  0.07    0.25    1.72 v _095_/X (sky130_fd_sc_hd__a21bo_1)
     2    0.01                           _050_ (net)
                  0.07    0.00    1.72 v _100_/A2 (sky130_fd_sc_hd__a21bo_1)
                  0.07    0.24    1.96 v _100_/X (sky130_fd_sc_hd__a21bo_1)
     2    0.01                           _054_ (net)
                  0.07    0.00    1.96 v _105_/A2 (sky130_fd_sc_hd__a21bo_1)
                  0.06    0.23    2.20 v _105_/X (sky130_fd_sc_hd__a21bo_1)
     2    0.01                           _058_ (net)
                  0.06    0.00    2.20 v _110_/A2 (sky130_fd_sc_hd__a21bo_1)
                  0.07    0.24    2.43 v _110_/X (sky130_fd_sc_hd__a21bo_1)
     2    0.01                           _062_ (net)
                  0.07    0.00    2.43 v _115_/A2 (sky130_fd_sc_hd__a21bo_1)
                  0.07    0.25    2.68 v _115_/X (sky130_fd_sc_hd__a21bo_1)
     2    0.01                           _003_ (net)
                  0.07    0.00    2.68 v _120_/A2 (sky130_fd_sc_hd__a21bo_1)
                  0.06    0.24    2.92 v _120_/X (sky130_fd_sc_hd__a21bo_1)
     2    0.01                           _007_ (net)
                  0.06    0.00    2.92 v _125_/A2 (sky130_fd_sc_hd__a21bo_1)
                  0.06    0.23    3.15 v _125_/X (sky130_fd_sc_hd__a21bo_1)
     2    0.01                           _011_ (net)
                  0.06    0.00    3.15 v _126_/B (sky130_fd_sc_hd__xnor2_1)
                  0.23    0.23    3.38 ^ _126_/Y (sky130_fd_sc_hd__xnor2_1)
     1    0.01                           net38 (net)
                  0.23    0.00    3.38 ^ output38/A (sky130_fd_sc_hd__buf_2)
                  0.17    0.27    3.65 ^ output38/X (sky130_fd_sc_hd__buf_2)
     1    0.03                           sum[12] (net)
                  0.17    0.00    3.65 ^ sum[12] (out)
                                  3.65   data arrival time

                  0.00    4.50    4.50   clock clk (rise edge)
                          0.00    4.50   clock network delay (ideal)
                         -0.25    4.25   clock uncertainty
                          0.00    4.25   clock reconvergence pessimism
                          0.00    4.25   output external delay
                                  4.25   data required time
-----------------------------------------------------------------------------
                                  4.25   data required time
                                 -3.65   data arrival time
-----------------------------------------------------------------------------
                                  0.60   slack (MET)


