
===========================================================================
report_checks -unconstrained
============================================================================

======================= Slowest Corner ===================================

Startpoint: b[0] (input port clocked by clk)
Endpoint: cout (output port clocked by clk)
Path Group: clk
Path Type: max
Corner: ss

Fanout     Cap    Slew   Delay    Time   Description
-----------------------------------------------------------------------------
                  0.00    0.00    0.00   clock clk (rise edge)
                          0.00    0.00   clock network delay (ideal)
                          0.00    0.00 v input external delay
                  0.02    0.01    0.01 v b[0] (in)
     1    0.00                           b[0] (net)
                  0.02    0.00    0.01 v input5/A (sky130_fd_sc_hd__clkbuf_1)
                  0.08    0.17    0.18 v input5/X (sky130_fd_sc_hd__clkbuf_1)
     2    0.01                           net5 (net)
                  0.08    0.00    0.18 v _17_/A (sky130_fd_sc_hd__or2_1)
                  0.12    0.56    0.74 v _17_/X (sky130_fd_sc_hd__or2_1)
     2    0.01                           _00_ (net)
                  0.12    0.00    0.74 v _21_/A2 (sky130_fd_sc_hd__a21bo_1)
                  0.14    0.47    1.20 v _21_/X (sky130_fd_sc_hd__a21bo_1)
     3    0.01                           _03_ (net)
                  0.14    0.00    1.20 v _36_/A1 (sky130_fd_sc_hd__a311o_1)
                  0.15    0.63    1.84 v _36_/X (sky130_fd_sc_hd__a311o_1)
     2    0.01                           _16_ (net)
                  0.15    0.00    1.84 v _38_/A2 (sky130_fd_sc_hd__a21bo_1)
                  0.08    0.41    2.24 v _38_/X (sky130_fd_sc_hd__a21bo_1)
     1    0.00                           net10 (net)
                  0.08    0.00    2.24 v output10/A (sky130_fd_sc_hd__buf_2)
                  0.17    0.37    2.61 v output10/X (sky130_fd_sc_hd__buf_2)
     1    0.03                           cout (net)
                  0.17    0.00    2.61 v cout (out)
                                  2.61   data arrival time

                  0.00    2.50    2.50   clock clk (rise edge)
                          0.00    2.50   clock network delay (ideal)
                         -0.25    2.25   clock uncertainty
                          0.00    2.25   clock reconvergence pessimism
                          0.00    2.25   output external delay
                                  2.25   data required time
-----------------------------------------------------------------------------
                                  2.25   data required time
                                 -2.61   data arrival time
-----------------------------------------------------------------------------
                                 -0.36   slack (VIOLATED)



======================= Typical Corner ===================================

Startpoint: b[0] (input port clocked by clk)
Endpoint: cout (output port clocked by clk)
Path Group: clk
Path Type: max
Corner: tt

Fanout     Cap    Slew   Delay    Time   Description
-----------------------------------------------------------------------------
                  0.00    0.00    0.00   clock clk (rise edge)
                          0.00    0.00   clock network delay (ideal)
                          0.00    0.00 v input external delay
                  0.01    0.00    0.00 v b[0] (in)
     1    0.00                           b[0] (net)
                  0.01    0.00    0.00 v input5/A (sky130_fd_sc_hd__clkbuf_1)
                  0.04    0.09    0.09 v input5/X (sky130_fd_sc_hd__clkbuf_1)
     2    0.01                           net5 (net)
                  0.04    0.00    0.09 v _17_/A (sky130_fd_sc_hd__or2_1)
                  0.06    0.25    0.34 v _17_/X (sky130_fd_sc_hd__or2_1)
     2    0.01                           _00_ (net)
                  0.06    0.00    0.34 v _21_/A2 (sky130_fd_sc_hd__a21bo_1)
                  0.08    0.25    0.59 v _21_/X (sky130_fd_sc_hd__a21bo_1)
     3    0.01                           _03_ (net)
                  0.08    0.00    0.59 v _36_/A1 (sky130_fd_sc_hd__a311o_1)
                  0.08    0.32    0.91 v _36_/X (sky130_fd_sc_hd__a311o_1)
     2    0.01                           _16_ (net)
                  0.08    0.00    0.91 v _38_/A2 (sky130_fd_sc_hd__a21bo_1)
                  0.04    0.22    1.13 v _38_/X (sky130_fd_sc_hd__a21bo_1)
     1    0.00                           net10 (net)
                  0.04    0.00    1.13 v output10/A (sky130_fd_sc_hd__buf_2)
                  0.09    0.19    1.32 v output10/X (sky130_fd_sc_hd__buf_2)
     1    0.03                           cout (net)
                  0.09    0.00    1.32 v cout (out)
                                  1.32   data arrival time

                  0.00    2.50    2.50   clock clk (rise edge)
                          0.00    2.50   clock network delay (ideal)
                         -0.25    2.25   clock uncertainty
                          0.00    2.25   clock reconvergence pessimism
                          0.00    2.25   output external delay
                                  2.25   data required time
-----------------------------------------------------------------------------
                                  2.25   data required time
                                 -1.32   data arrival time
-----------------------------------------------------------------------------
                                  0.93   slack (MET)



======================= Fastest Corner ===================================

Startpoint: b[0] (input port clocked by clk)
Endpoint: cout (output port clocked by clk)
Path Group: clk
Path Type: max
Corner: ff

Fanout     Cap    Slew   Delay    Time   Description
-----------------------------------------------------------------------------
                  0.00    0.00    0.00   clock clk (rise edge)
                          0.00    0.00   clock network delay (ideal)
                          0.00    0.00 v input external delay
                  0.00    0.00    0.00 v b[0] (in)
     1    0.00                           b[0] (net)
                  0.00    0.00    0.00 v input5/A (sky130_fd_sc_hd__clkbuf_1)
                  0.03    0.06    0.06 v input5/X (sky130_fd_sc_hd__clkbuf_1)
     2    0.01                           net5 (net)
                  0.03    0.00    0.06 v _17_/A (sky130_fd_sc_hd__or2_1)
                  0.04    0.15    0.21 v _17_/X (sky130_fd_sc_hd__or2_1)
     2    0.01                           _00_ (net)
                  0.04    0.00    0.21 v _21_/A2 (sky130_fd_sc_hd__a21bo_1)
                  0.05    0.16    0.37 v _21_/X (sky130_fd_sc_hd__a21bo_1)
     3    0.01                           _03_ (net)
                  0.05    0.00    0.37 v _36_/A1 (sky130_fd_sc_hd__a311o_1)
                  0.06    0.20    0.57 v _36_/X (sky130_fd_sc_hd__a311o_1)
     2    0.01                           _16_ (net)
                  0.06    0.00    0.57 v _38_/A2 (sky130_fd_sc_hd__a21bo_1)
                  0.03    0.14    0.72 v _38_/X (sky130_fd_sc_hd__a21bo_1)
     1    0.00                           net10 (net)
                  0.03    0.00    0.72 v output10/A (sky130_fd_sc_hd__buf_2)
                  0.06    0.12    0.84 v output10/X (sky130_fd_sc_hd__buf_2)
     1    0.03                           cout (net)
                  0.06    0.00    0.84 v cout (out)
                                  0.84   data arrival time

                  0.00    2.50    2.50   clock clk (rise edge)
                          0.00    2.50   clock network delay (ideal)
                         -0.25    2.25   clock uncertainty
                          0.00    2.25   clock reconvergence pessimism
                          0.00    2.25   output external delay
                                  2.25   data required time
-----------------------------------------------------------------------------
                                  2.25   data required time
                                 -0.84   data arrival time
-----------------------------------------------------------------------------
                                  1.41   slack (MET)



===========================================================================
report_checks --slack_max -0.01
============================================================================

======================= Slowest Corner ===================================

Startpoint: b[0] (input port clocked by clk)
Endpoint: cout (output port clocked by clk)
Path Group: clk
Path Type: max
Corner: ss

Fanout     Cap    Slew   Delay    Time   Description
-----------------------------------------------------------------------------
                  0.00    0.00    0.00   clock clk (rise edge)
                          0.00    0.00   clock network delay (ideal)
                          0.00    0.00 v input external delay
                  0.02    0.01    0.01 v b[0] (in)
     1    0.00                           b[0] (net)
                  0.02    0.00    0.01 v input5/A (sky130_fd_sc_hd__clkbuf_1)
                  0.08    0.17    0.18 v input5/X (sky130_fd_sc_hd__clkbuf_1)
     2    0.01                           net5 (net)
                  0.08    0.00    0.18 v _17_/A (sky130_fd_sc_hd__or2_1)
                  0.12    0.56    0.74 v _17_/X (sky130_fd_sc_hd__or2_1)
     2    0.01                           _00_ (net)
                  0.12    0.00    0.74 v _21_/A2 (sky130_fd_sc_hd__a21bo_1)
                  0.14    0.47    1.20 v _21_/X (sky130_fd_sc_hd__a21bo_1)
     3    0.01                           _03_ (net)
                  0.14    0.00    1.20 v _36_/A1 (sky130_fd_sc_hd__a311o_1)
                  0.15    0.63    1.84 v _36_/X (sky130_fd_sc_hd__a311o_1)
     2    0.01                           _16_ (net)
                  0.15    0.00    1.84 v _38_/A2 (sky130_fd_sc_hd__a21bo_1)
                  0.08    0.41    2.24 v _38_/X (sky130_fd_sc_hd__a21bo_1)
     1    0.00                           net10 (net)
                  0.08    0.00    2.24 v output10/A (sky130_fd_sc_hd__buf_2)
                  0.17    0.37    2.61 v output10/X (sky130_fd_sc_hd__buf_2)
     1    0.03                           cout (net)
                  0.17    0.00    2.61 v cout (out)
                                  2.61   data arrival time

                  0.00    2.50    2.50   clock clk (rise edge)
                          0.00    2.50   clock network delay (ideal)
                         -0.25    2.25   clock uncertainty
                          0.00    2.25   clock reconvergence pessimism
                          0.00    2.25   output external delay
                                  2.25   data required time
-----------------------------------------------------------------------------
                                  2.25   data required time
                                 -2.61   data arrival time
-----------------------------------------------------------------------------
                                 -0.36   slack (VIOLATED)



======================= Typical Corner ===================================

No paths found.

======================= Fastest Corner ===================================

No paths found.
