
===========================================================================
report_checks -path_delay max (Setup)
============================================================================
Startpoint: a[0] (input port clocked by clk)
Endpoint: sum[3] (output port clocked by clk)
Path Group: clk
Path Type: max

Fanout     Cap    Slew   Delay    Time   Description
-----------------------------------------------------------------------------
                  0.00    0.00    0.00   clock clk (rise edge)
                          0.00    0.00   clock network delay (ideal)
                          0.00    0.00 v input external delay
                  0.02    0.02    0.02 v a[0] (in)
     2    0.01                           a[0] (net)
                  0.02    0.00    0.02 v ppa_pre_1_0.U1.xor2/A (sky130_fd_sc_hd__xor2_1)
                  0.07    0.17    0.19 v ppa_pre_1_0.U1.xor2/X (sky130_fd_sc_hd__xor2_1)
     2    0.01                           ppa_grey_1_1.U1.A1 (net)
                  0.07    0.00    0.19 v ppa_grey_1_1.U1.ao21/A2 (sky130_fd_sc_hd__a21o_1)
                  0.05    0.21    0.40 v ppa_grey_1_1.U1.ao21/X (sky130_fd_sc_hd__a21o_1)
     2    0.01                           ppa_grey_1_1.U1.Y (net)
                  0.05    0.00    0.40 v ppa_grey_2_2.U1.ao21/A1 (sky130_fd_sc_hd__a21o_1)
                  0.06    0.19    0.59 v ppa_grey_2_2.U1.ao21/X (sky130_fd_sc_hd__a21o_1)
     2    0.01                           ppa_grey_2_2.U1.Y (net)
                  0.06    0.00    0.59 v ppa_grey_3_3.U1.ao21/A1 (sky130_fd_sc_hd__a21o_1)
                  0.05    0.19    0.78 v ppa_grey_3_3.U1.ao21/X (sky130_fd_sc_hd__a21o_1)
     2    0.01                           ppa_grey_3_3.U1.Y (net)
                  0.05    0.00    0.78 v ppa_post_3_4.U1.xor2/B (sky130_fd_sc_hd__xor2_1)
                  0.10    0.12    0.90 ^ ppa_post_3_4.U1.xor2/X (sky130_fd_sc_hd__xor2_1)
     1    0.00                           ppa_post_3_4.U1.Y (net)
                  0.10    0.00    0.90 ^ _3_/A (sky130_fd_sc_hd__buf_2)
                  0.17    0.23    1.13 ^ _3_/X (sky130_fd_sc_hd__buf_2)
     1    0.03                           sum[3] (net)
                  0.17    0.00    1.13 ^ sum[3] (out)
                                  1.13   data arrival time

                  0.00    0.50    0.50   clock clk (rise edge)
                          0.00    0.50   clock network delay (ideal)
                         -0.25    0.25   clock uncertainty
                          0.00    0.25   clock reconvergence pessimism
                          0.00    0.25   output external delay
                                  0.25   data required time
-----------------------------------------------------------------------------
                                  0.25   data required time
                                 -1.13   data arrival time
-----------------------------------------------------------------------------
                                 -0.88   slack (VIOLATED)


Startpoint: a[0] (input port clocked by clk)
Endpoint: cout (output port clocked by clk)
Path Group: clk
Path Type: max

Fanout     Cap    Slew   Delay    Time   Description
-----------------------------------------------------------------------------
                  0.00    0.00    0.00   clock clk (rise edge)
                          0.00    0.00   clock network delay (ideal)
                          0.00    0.00 v input external delay
                  0.02    0.02    0.02 v a[0] (in)
     2    0.01                           a[0] (net)
                  0.02    0.00    0.02 v ppa_pre_1_0.U1.xor2/A (sky130_fd_sc_hd__xor2_1)
                  0.07    0.17    0.19 v ppa_pre_1_0.U1.xor2/X (sky130_fd_sc_hd__xor2_1)
     2    0.01                           ppa_grey_1_1.U1.A1 (net)
                  0.07    0.00    0.19 v ppa_grey_1_1.U1.ao21/A2 (sky130_fd_sc_hd__a21o_1)
                  0.05    0.21    0.40 v ppa_grey_1_1.U1.ao21/X (sky130_fd_sc_hd__a21o_1)
     2    0.01                           ppa_grey_1_1.U1.Y (net)
                  0.05    0.00    0.40 v ppa_grey_2_2.U1.ao21/A1 (sky130_fd_sc_hd__a21o_1)
                  0.06    0.19    0.59 v ppa_grey_2_2.U1.ao21/X (sky130_fd_sc_hd__a21o_1)
     2    0.01                           ppa_grey_2_2.U1.Y (net)
                  0.06    0.00    0.59 v ppa_grey_3_3.U1.ao21/A1 (sky130_fd_sc_hd__a21o_1)
                  0.05    0.19    0.78 v ppa_grey_3_3.U1.ao21/X (sky130_fd_sc_hd__a21o_1)
     2    0.01                           ppa_grey_3_3.U1.Y (net)
                  0.05    0.00    0.78 v ppa_grey_cout.U1.ao21/A1 (sky130_fd_sc_hd__a21o_1)
                  0.18    0.30    1.08 v ppa_grey_cout.U1.ao21/X (sky130_fd_sc_hd__a21o_1)
     1    0.03                           cout (net)
                  0.18    0.00    1.08 v cout (out)
                                  1.08   data arrival time

                  0.00    0.50    0.50   clock clk (rise edge)
                          0.00    0.50   clock network delay (ideal)
                         -0.25    0.25   clock uncertainty
                          0.00    0.25   clock reconvergence pessimism
                          0.00    0.25   output external delay
                                  0.25   data required time
-----------------------------------------------------------------------------
                                  0.25   data required time
                                 -1.08   data arrival time
-----------------------------------------------------------------------------
                                 -0.83   slack (VIOLATED)


Startpoint: a[0] (input port clocked by clk)
Endpoint: sum[2] (output port clocked by clk)
Path Group: clk
Path Type: max

Fanout     Cap    Slew   Delay    Time   Description
-----------------------------------------------------------------------------
                  0.00    0.00    0.00   clock clk (rise edge)
                          0.00    0.00   clock network delay (ideal)
                          0.00    0.00 ^ input external delay
                  0.05    0.03    0.03 ^ a[0] (in)
     2    0.01                           a[0] (net)
                  0.05    0.00    0.03 ^ ppa_pre_1_0.U1.xor2/A (sky130_fd_sc_hd__xor2_1)
                  0.20    0.20    0.24 ^ ppa_pre_1_0.U1.xor2/X (sky130_fd_sc_hd__xor2_1)
     2    0.01                           ppa_grey_1_1.U1.A1 (net)
                  0.20    0.00    0.24 ^ ppa_grey_1_1.U1.ao21/A2 (sky130_fd_sc_hd__a21o_1)
                  0.08    0.18    0.42 ^ ppa_grey_1_1.U1.ao21/X (sky130_fd_sc_hd__a21o_1)
     2    0.01                           ppa_grey_1_1.U1.Y (net)
                  0.08    0.00    0.42 ^ ppa_grey_2_2.U1.ao21/A1 (sky130_fd_sc_hd__a21o_1)
                  0.09    0.16    0.58 ^ ppa_grey_2_2.U1.ao21/X (sky130_fd_sc_hd__a21o_1)
     2    0.01                           ppa_grey_2_2.U1.Y (net)
                  0.09    0.00    0.58 ^ ppa_post_2_4.U1.xor2/B (sky130_fd_sc_hd__xor2_1)
                  0.11    0.15    0.73 ^ ppa_post_2_4.U1.xor2/X (sky130_fd_sc_hd__xor2_1)
     1    0.00                           ppa_post_2_4.U1.Y (net)
                  0.11    0.00    0.73 ^ _2_/A (sky130_fd_sc_hd__buf_2)
                  0.19    0.25    0.98 ^ _2_/X (sky130_fd_sc_hd__buf_2)
     1    0.03                           sum[2] (net)
                  0.19    0.00    0.98 ^ sum[2] (out)
                                  0.98   data arrival time

                  0.00    0.50    0.50   clock clk (rise edge)
                          0.00    0.50   clock network delay (ideal)
                         -0.25    0.25   clock uncertainty
                          0.00    0.25   clock reconvergence pessimism
                          0.00    0.25   output external delay
                                  0.25   data required time
-----------------------------------------------------------------------------
                                  0.25   data required time
                                 -0.98   data arrival time
-----------------------------------------------------------------------------
                                 -0.73   slack (VIOLATED)


Startpoint: a[0] (input port clocked by clk)
Endpoint: sum[1] (output port clocked by clk)
Path Group: clk
Path Type: max

Fanout     Cap    Slew   Delay    Time   Description
-----------------------------------------------------------------------------
                  0.00    0.00    0.00   clock clk (rise edge)
                          0.00    0.00   clock network delay (ideal)
                          0.00    0.00 ^ input external delay
                  0.05    0.03    0.03 ^ a[0] (in)
     2    0.01                           a[0] (net)
                  0.05    0.00    0.03 ^ ppa_pre_1_0.U1.xor2/A (sky130_fd_sc_hd__xor2_1)
                  0.20    0.20    0.24 ^ ppa_pre_1_0.U1.xor2/X (sky130_fd_sc_hd__xor2_1)
     2    0.01                           ppa_grey_1_1.U1.A1 (net)
                  0.20    0.00    0.24 ^ ppa_grey_1_1.U1.ao21/A2 (sky130_fd_sc_hd__a21o_1)
                  0.08    0.18    0.42 ^ ppa_grey_1_1.U1.ao21/X (sky130_fd_sc_hd__a21o_1)
     2    0.01                           ppa_grey_1_1.U1.Y (net)
                  0.08    0.00    0.42 ^ ppa_post_1_4.U1.xor2/B (sky130_fd_sc_hd__xor2_1)
                  0.11    0.15    0.57 ^ ppa_post_1_4.U1.xor2/X (sky130_fd_sc_hd__xor2_1)
     1    0.00                           ppa_post_1_4.U1.Y (net)
                  0.11    0.00    0.57 ^ _1_/A (sky130_fd_sc_hd__buf_2)
                  0.18    0.24    0.81 ^ _1_/X (sky130_fd_sc_hd__buf_2)
     1    0.03                           sum[1] (net)
                  0.18    0.00    0.81 ^ sum[1] (out)
                                  0.81   data arrival time

                  0.00    0.50    0.50   clock clk (rise edge)
                          0.00    0.50   clock network delay (ideal)
                         -0.25    0.25   clock uncertainty
                          0.00    0.25   clock reconvergence pessimism
                          0.00    0.25   output external delay
                                  0.25   data required time
-----------------------------------------------------------------------------
                                  0.25   data required time
                                 -0.81   data arrival time
-----------------------------------------------------------------------------
                                 -0.56   slack (VIOLATED)


Startpoint: a[0] (input port clocked by clk)
Endpoint: sum[0] (output port clocked by clk)
Path Group: clk
Path Type: max

Fanout     Cap    Slew   Delay    Time   Description
-----------------------------------------------------------------------------
                  0.00    0.00    0.00   clock clk (rise edge)
                          0.00    0.00   clock network delay (ideal)
                          0.00    0.00 ^ input external delay
                  0.05    0.03    0.03 ^ a[0] (in)
     2    0.01                           a[0] (net)
                  0.05    0.00    0.03 ^ ppa_pre_1_0.U1.xor2/A (sky130_fd_sc_hd__xor2_1)
                  0.20    0.20    0.24 ^ ppa_pre_1_0.U1.xor2/X (sky130_fd_sc_hd__xor2_1)
     2    0.01                           ppa_grey_1_1.U1.A1 (net)
                  0.20    0.00    0.24 ^ ppa_post_0_4.U1.xor2/A (sky130_fd_sc_hd__xor2_1)
                  0.11    0.16    0.40 ^ ppa_post_0_4.U1.xor2/X (sky130_fd_sc_hd__xor2_1)
     1    0.00                           ppa_post_0_4.U1.Y (net)
                  0.11    0.00    0.40 ^ _0_/A (sky130_fd_sc_hd__buf_2)
                  0.18    0.24    0.64 ^ _0_/X (sky130_fd_sc_hd__buf_2)
     1    0.03                           sum[0] (net)
                  0.18    0.00    0.64 ^ sum[0] (out)
                                  0.64   data arrival time

                  0.00    0.50    0.50   clock clk (rise edge)
                          0.00    0.50   clock network delay (ideal)
                         -0.25    0.25   clock uncertainty
                          0.00    0.25   clock reconvergence pessimism
                          0.00    0.25   output external delay
                                  0.25   data required time
-----------------------------------------------------------------------------
                                  0.25   data required time
                                 -0.64   data arrival time
-----------------------------------------------------------------------------
                                 -0.39   slack (VIOLATED)


