
===========================================================================
report_checks -unconstrained
============================================================================
Startpoint: a[0] (input port clocked by clk)
Endpoint: sum[3] (output port clocked by clk)
Path Group: clk
Path Type: max

Fanout     Cap    Slew   Delay    Time   Description
-----------------------------------------------------------------------------
                  0.00    0.00    0.00   clock clk (rise edge)
                          0.00    0.00   clock network delay (ideal)
                          0.00    0.00 v input external delay
                  0.02    0.01    0.01 v a[0] (in)
     2    0.01                           a[0] (net)
                  0.02    0.00    0.01 v ppa_pre_1_0.U1.xor2/A (sky130_fd_sc_hd__xor2_1)
                  0.07    0.17    0.19 v ppa_pre_1_0.U1.xor2/X (sky130_fd_sc_hd__xor2_1)
     2    0.01                           ppa_grey_1_1.U1.A1 (net)
                  0.07    0.00    0.19 v ppa_grey_1_1.U1.ao21/A2 (sky130_fd_sc_hd__a21o_1)
                  0.05    0.21    0.39 v ppa_grey_1_1.U1.ao21/X (sky130_fd_sc_hd__a21o_1)
     2    0.01                           ppa_grey_1_1.U1.Y (net)
                  0.05    0.00    0.39 v ppa_grey_2_2.U1.ao21/A1 (sky130_fd_sc_hd__a21o_1)
                  0.05    0.18    0.58 v ppa_grey_2_2.U1.ao21/X (sky130_fd_sc_hd__a21o_1)
     2    0.01                           ppa_grey_2_2.U1.Y (net)
                  0.05    0.00    0.58 v ppa_grey_3_3.U1.ao21/A1 (sky130_fd_sc_hd__a21o_1)
                  0.06    0.19    0.77 v ppa_grey_3_3.U1.ao21/X (sky130_fd_sc_hd__a21o_1)
     2    0.01                           ppa_grey_3_3.U1.Y (net)
                  0.06    0.00    0.77 v ppa_post_3_4.U1.xor2/B (sky130_fd_sc_hd__xor2_1)
                  0.10    0.13    0.89 ^ ppa_post_3_4.U1.xor2/X (sky130_fd_sc_hd__xor2_1)
     1    0.00                           ppa_post_3_4.U1.Y (net)
                  0.10    0.00    0.89 ^ _3_/A (sky130_fd_sc_hd__buf_2)
                  0.18    0.24    1.13 ^ _3_/X (sky130_fd_sc_hd__buf_2)
     1    0.03                           sum[3] (net)
                  0.18    0.00    1.13 ^ sum[3] (out)
                                  1.13   data arrival time

                  0.00    1.00    1.00   clock clk (rise edge)
                          0.00    1.00   clock network delay (ideal)
                         -0.25    0.75   clock uncertainty
                          0.00    0.75   clock reconvergence pessimism
                          0.00    0.75   output external delay
                                  0.75   data required time
-----------------------------------------------------------------------------
                                  0.75   data required time
                                 -1.13   data arrival time
-----------------------------------------------------------------------------
                                 -0.38   slack (VIOLATED)



===========================================================================
report_checks --slack_max -0.01
============================================================================
Startpoint: a[0] (input port clocked by clk)
Endpoint: sum[3] (output port clocked by clk)
Path Group: clk
Path Type: max

Fanout     Cap    Slew   Delay    Time   Description
-----------------------------------------------------------------------------
                  0.00    0.00    0.00   clock clk (rise edge)
                          0.00    0.00   clock network delay (ideal)
                          0.00    0.00 v input external delay
                  0.02    0.01    0.01 v a[0] (in)
     2    0.01                           a[0] (net)
                  0.02    0.00    0.01 v ppa_pre_1_0.U1.xor2/A (sky130_fd_sc_hd__xor2_1)
                  0.07    0.17    0.19 v ppa_pre_1_0.U1.xor2/X (sky130_fd_sc_hd__xor2_1)
     2    0.01                           ppa_grey_1_1.U1.A1 (net)
                  0.07    0.00    0.19 v ppa_grey_1_1.U1.ao21/A2 (sky130_fd_sc_hd__a21o_1)
                  0.05    0.21    0.39 v ppa_grey_1_1.U1.ao21/X (sky130_fd_sc_hd__a21o_1)
     2    0.01                           ppa_grey_1_1.U1.Y (net)
                  0.05    0.00    0.39 v ppa_grey_2_2.U1.ao21/A1 (sky130_fd_sc_hd__a21o_1)
                  0.05    0.18    0.58 v ppa_grey_2_2.U1.ao21/X (sky130_fd_sc_hd__a21o_1)
     2    0.01                           ppa_grey_2_2.U1.Y (net)
                  0.05    0.00    0.58 v ppa_grey_3_3.U1.ao21/A1 (sky130_fd_sc_hd__a21o_1)
                  0.06    0.19    0.77 v ppa_grey_3_3.U1.ao21/X (sky130_fd_sc_hd__a21o_1)
     2    0.01                           ppa_grey_3_3.U1.Y (net)
                  0.06    0.00    0.77 v ppa_post_3_4.U1.xor2/B (sky130_fd_sc_hd__xor2_1)
                  0.10    0.13    0.89 ^ ppa_post_3_4.U1.xor2/X (sky130_fd_sc_hd__xor2_1)
     1    0.00                           ppa_post_3_4.U1.Y (net)
                  0.10    0.00    0.89 ^ _3_/A (sky130_fd_sc_hd__buf_2)
                  0.18    0.24    1.13 ^ _3_/X (sky130_fd_sc_hd__buf_2)
     1    0.03                           sum[3] (net)
                  0.18    0.00    1.13 ^ sum[3] (out)
                                  1.13   data arrival time

                  0.00    1.00    1.00   clock clk (rise edge)
                          0.00    1.00   clock network delay (ideal)
                         -0.25    0.75   clock uncertainty
                          0.00    0.75   clock reconvergence pessimism
                          0.00    0.75   output external delay
                                  0.75   data required time
-----------------------------------------------------------------------------
                                  0.75   data required time
                                 -1.13   data arrival time
-----------------------------------------------------------------------------
                                 -0.38   slack (VIOLATED)


