
===========================================================================
report_checks -unconstrained
============================================================================

======================= Slowest Corner ===================================

Startpoint: b[0] (input port clocked by clk)
Endpoint: sum[15] (output port clocked by clk)
Path Group: clk
Path Type: max
Corner: ss

Fanout     Cap    Slew   Delay    Time   Description
-----------------------------------------------------------------------------
                  0.00    0.00    0.00   clock clk (rise edge)
                          0.00    0.00   clock network delay (ideal)
                          0.00    0.00 v input external delay
                  0.03    0.02    0.02 v b[0] (in)
     1    0.00                           b[0] (net)
                  0.03    0.00    0.02 v input17/A (sky130_fd_sc_hd__clkbuf_1)
                  0.07    0.17    0.18 v input17/X (sky130_fd_sc_hd__clkbuf_1)
     2    0.00                           net17 (net)
                  0.07    0.00    0.18 v _063_/A (sky130_fd_sc_hd__or2_1)
                  0.13    0.56    0.74 v _063_/X (sky130_fd_sc_hd__or2_1)
     2    0.01                           _024_ (net)
                  0.13    0.00    0.74 v _067_/A2 (sky130_fd_sc_hd__a21bo_1)
                  0.11    0.43    1.18 v _067_/X (sky130_fd_sc_hd__a21bo_1)
     2    0.01                           _027_ (net)
                  0.11    0.00    1.18 v _072_/A1 (sky130_fd_sc_hd__a21bo_1)
                  0.14    0.42    1.59 v _072_/X (sky130_fd_sc_hd__a21bo_1)
     2    0.01                           _031_ (net)
                  0.14    0.00    1.60 v _080_/A1 (sky130_fd_sc_hd__a21bo_1)
                  0.11    0.40    2.00 v _080_/X (sky130_fd_sc_hd__a21bo_1)
     2    0.01                           _038_ (net)
                  0.11    0.00    2.00 v _085_/A2 (sky130_fd_sc_hd__a21bo_1)
                  0.11    0.42    2.42 v _085_/X (sky130_fd_sc_hd__a21bo_1)
     2    0.01                           _042_ (net)
                  0.11    0.00    2.42 v _090_/A2 (sky130_fd_sc_hd__a21bo_1)
                  0.11    0.42    2.85 v _090_/X (sky130_fd_sc_hd__a21bo_1)
     2    0.01                           _046_ (net)
                  0.11    0.00    2.85 v _095_/A2 (sky130_fd_sc_hd__a21bo_1)
                  0.13    0.44    3.29 v _095_/X (sky130_fd_sc_hd__a21bo_1)
     2    0.01                           _050_ (net)
                  0.13    0.00    3.29 v _100_/A2 (sky130_fd_sc_hd__a21bo_1)
                  0.11    0.44    3.73 v _100_/X (sky130_fd_sc_hd__a21bo_1)
     2    0.01                           _054_ (net)
                  0.11    0.00    3.73 v _105_/A2 (sky130_fd_sc_hd__a21bo_1)
                  0.11    0.43    4.16 v _105_/X (sky130_fd_sc_hd__a21bo_1)
     2    0.01                           _058_ (net)
                  0.11    0.00    4.16 v _110_/A2 (sky130_fd_sc_hd__a21bo_1)
                  0.12    0.43    4.59 v _110_/X (sky130_fd_sc_hd__a21bo_1)
     2    0.01                           _062_ (net)
                  0.12    0.00    4.59 v _115_/A2 (sky130_fd_sc_hd__a21bo_1)
                  0.13    0.45    5.04 v _115_/X (sky130_fd_sc_hd__a21bo_1)
     2    0.01                           _003_ (net)
                  0.13    0.00    5.04 v _120_/A2 (sky130_fd_sc_hd__a21bo_1)
                  0.11    0.44    5.48 v _120_/X (sky130_fd_sc_hd__a21bo_1)
     2    0.01                           _007_ (net)
                  0.11    0.00    5.48 v _125_/A2 (sky130_fd_sc_hd__a21bo_1)
                  0.10    0.42    5.90 v _125_/X (sky130_fd_sc_hd__a21bo_1)
     2    0.01                           _011_ (net)
                  0.10    0.00    5.90 v _130_/A2 (sky130_fd_sc_hd__a21bo_1)
                  0.11    0.42    6.33 v _130_/X (sky130_fd_sc_hd__a21bo_1)
     2    0.01                           _015_ (net)
                  0.11    0.00    6.33 v _135_/A2 (sky130_fd_sc_hd__a21bo_1)
                  0.13    0.44    6.77 v _135_/X (sky130_fd_sc_hd__a21bo_1)
     2    0.01                           _019_ (net)
                  0.13    0.00    6.77 v _140_/A2 (sky130_fd_sc_hd__a21boi_2)
                  0.26    0.35    7.12 ^ _140_/Y (sky130_fd_sc_hd__a21boi_2)
     2    0.01                           _023_ (net)
                  0.26    0.00    7.12 ^ _141_/B (sky130_fd_sc_hd__xnor2_1)
                  0.37    0.35    7.47 ^ _141_/Y (sky130_fd_sc_hd__xnor2_1)
     1    0.01                           net41 (net)
                  0.37    0.00    7.47 ^ output41/A (sky130_fd_sc_hd__buf_2)
                  0.28    0.50    7.97 ^ output41/X (sky130_fd_sc_hd__buf_2)
     1    0.03                           sum[15] (net)
                  0.28    0.00    7.97 ^ sum[15] (out)
                                  7.97   data arrival time

                  0.00    4.50    4.50   clock clk (rise edge)
                          0.00    4.50   clock network delay (ideal)
                         -0.25    4.25   clock uncertainty
                          0.00    4.25   clock reconvergence pessimism
                          0.00    4.25   output external delay
                                  4.25   data required time
-----------------------------------------------------------------------------
                                  4.25   data required time
                                 -7.97   data arrival time
-----------------------------------------------------------------------------
                                 -3.72   slack (VIOLATED)



======================= Typical Corner ===================================

Startpoint: b[0] (input port clocked by clk)
Endpoint: sum[15] (output port clocked by clk)
Path Group: clk
Path Type: max
Corner: tt

Fanout     Cap    Slew   Delay    Time   Description
-----------------------------------------------------------------------------
                  0.00    0.00    0.00   clock clk (rise edge)
                          0.00    0.00   clock network delay (ideal)
                          0.00    0.00 v input external delay
                  0.01    0.01    0.01 v b[0] (in)
     1    0.00                           b[0] (net)
                  0.01    0.00    0.01 v input17/A (sky130_fd_sc_hd__clkbuf_1)
                  0.04    0.09    0.10 v input17/X (sky130_fd_sc_hd__clkbuf_1)
     2    0.01                           net17 (net)
                  0.04    0.00    0.10 v _063_/A (sky130_fd_sc_hd__or2_1)
                  0.06    0.25    0.35 v _063_/X (sky130_fd_sc_hd__or2_1)
     2    0.01                           _024_ (net)
                  0.06    0.00    0.35 v _067_/A2 (sky130_fd_sc_hd__a21bo_1)
                  0.06    0.23    0.58 v _067_/X (sky130_fd_sc_hd__a21bo_1)
     2    0.01                           _027_ (net)
                  0.06    0.00    0.58 v _072_/A1 (sky130_fd_sc_hd__a21bo_1)
                  0.07    0.22    0.80 v _072_/X (sky130_fd_sc_hd__a21bo_1)
     2    0.01                           _031_ (net)
                  0.07    0.00    0.80 v _080_/A1 (sky130_fd_sc_hd__a21bo_1)
                  0.06    0.21    1.01 v _080_/X (sky130_fd_sc_hd__a21bo_1)
     2    0.01                           _038_ (net)
                  0.06    0.00    1.01 v _085_/A2 (sky130_fd_sc_hd__a21bo_1)
                  0.06    0.23    1.24 v _085_/X (sky130_fd_sc_hd__a21bo_1)
     2    0.01                           _042_ (net)
                  0.06    0.00    1.24 v _090_/A2 (sky130_fd_sc_hd__a21bo_1)
                  0.06    0.23    1.47 v _090_/X (sky130_fd_sc_hd__a21bo_1)
     2    0.01                           _046_ (net)
                  0.06    0.00    1.47 v _095_/A2 (sky130_fd_sc_hd__a21bo_1)
                  0.07    0.24    1.71 v _095_/X (sky130_fd_sc_hd__a21bo_1)
     2    0.01                           _050_ (net)
                  0.07    0.00    1.71 v _100_/A2 (sky130_fd_sc_hd__a21bo_1)
                  0.06    0.24    1.95 v _100_/X (sky130_fd_sc_hd__a21bo_1)
     2    0.01                           _054_ (net)
                  0.06    0.00    1.95 v _105_/A2 (sky130_fd_sc_hd__a21bo_1)
                  0.06    0.23    2.18 v _105_/X (sky130_fd_sc_hd__a21bo_1)
     2    0.01                           _058_ (net)
                  0.06    0.00    2.18 v _110_/A2 (sky130_fd_sc_hd__a21bo_1)
                  0.06    0.23    2.42 v _110_/X (sky130_fd_sc_hd__a21bo_1)
     2    0.01                           _062_ (net)
                  0.06    0.00    2.42 v _115_/A2 (sky130_fd_sc_hd__a21bo_1)
                  0.07    0.24    2.66 v _115_/X (sky130_fd_sc_hd__a21bo_1)
     2    0.01                           _003_ (net)
                  0.07    0.00    2.66 v _120_/A2 (sky130_fd_sc_hd__a21bo_1)
                  0.06    0.24    2.90 v _120_/X (sky130_fd_sc_hd__a21bo_1)
     2    0.01                           _007_ (net)
                  0.06    0.00    2.90 v _125_/A2 (sky130_fd_sc_hd__a21bo_1)
                  0.06    0.23    3.13 v _125_/X (sky130_fd_sc_hd__a21bo_1)
     2    0.01                           _011_ (net)
                  0.06    0.00    3.13 v _130_/A2 (sky130_fd_sc_hd__a21bo_1)
                  0.06    0.23    3.36 v _130_/X (sky130_fd_sc_hd__a21bo_1)
     2    0.01                           _015_ (net)
                  0.06    0.00    3.36 v _135_/A2 (sky130_fd_sc_hd__a21bo_1)
                  0.07    0.24    3.60 v _135_/X (sky130_fd_sc_hd__a21bo_1)
     2    0.01                           _019_ (net)
                  0.07    0.00    3.60 v _140_/A2 (sky130_fd_sc_hd__a21boi_2)
                  0.16    0.21    3.80 ^ _140_/Y (sky130_fd_sc_hd__a21boi_2)
     2    0.01                           _023_ (net)
                  0.16    0.00    3.81 ^ _141_/B (sky130_fd_sc_hd__xnor2_1)
                  0.23    0.19    3.99 ^ _141_/Y (sky130_fd_sc_hd__xnor2_1)
     1    0.01                           net41 (net)
                  0.23    0.00    3.99 ^ output41/A (sky130_fd_sc_hd__buf_2)
                  0.17    0.27    4.26 ^ output41/X (sky130_fd_sc_hd__buf_2)
     1    0.03                           sum[15] (net)
                  0.17    0.00    4.27 ^ sum[15] (out)
                                  4.27   data arrival time

                  0.00    4.50    4.50   clock clk (rise edge)
                          0.00    4.50   clock network delay (ideal)
                         -0.25    4.25   clock uncertainty
                          0.00    4.25   clock reconvergence pessimism
                          0.00    4.25   output external delay
                                  4.25   data required time
-----------------------------------------------------------------------------
                                  4.25   data required time
                                 -4.27   data arrival time
-----------------------------------------------------------------------------
                                 -0.02   slack (VIOLATED)



======================= Fastest Corner ===================================

Startpoint: b[0] (input port clocked by clk)
Endpoint: sum[15] (output port clocked by clk)
Path Group: clk
Path Type: max
Corner: ff

Fanout     Cap    Slew   Delay    Time   Description
-----------------------------------------------------------------------------
                  0.00    0.00    0.00   clock clk (rise edge)
                          0.00    0.00   clock network delay (ideal)
                          0.00    0.00 v input external delay
                  0.01    0.00    0.00 v b[0] (in)
     1    0.00                           b[0] (net)
                  0.01    0.00    0.00 v input17/A (sky130_fd_sc_hd__clkbuf_1)
                  0.03    0.06    0.06 v input17/X (sky130_fd_sc_hd__clkbuf_1)
     2    0.01                           net17 (net)
                  0.03    0.00    0.06 v _063_/A (sky130_fd_sc_hd__or2_1)
                  0.04    0.15    0.21 v _063_/X (sky130_fd_sc_hd__or2_1)
     2    0.01                           _024_ (net)
                  0.04    0.00    0.21 v _067_/A2 (sky130_fd_sc_hd__a21bo_1)
                  0.04    0.15    0.36 v _067_/X (sky130_fd_sc_hd__a21bo_1)
     2    0.01                           _027_ (net)
                  0.04    0.00    0.36 v _072_/A1 (sky130_fd_sc_hd__a21bo_1)
                  0.05    0.14    0.50 v _072_/X (sky130_fd_sc_hd__a21bo_1)
     2    0.01                           _031_ (net)
                  0.05    0.00    0.51 v _080_/A1 (sky130_fd_sc_hd__a21bo_1)
                  0.04    0.14    0.64 v _080_/X (sky130_fd_sc_hd__a21bo_1)
     2    0.01                           _038_ (net)
                  0.04    0.00    0.64 v _085_/A2 (sky130_fd_sc_hd__a21bo_1)
                  0.04    0.15    0.79 v _085_/X (sky130_fd_sc_hd__a21bo_1)
     2    0.01                           _042_ (net)
                  0.04    0.00    0.79 v _090_/A2 (sky130_fd_sc_hd__a21bo_1)
                  0.04    0.15    0.94 v _090_/X (sky130_fd_sc_hd__a21bo_1)
     2    0.01                           _046_ (net)
                  0.04    0.00    0.94 v _095_/A2 (sky130_fd_sc_hd__a21bo_1)
                  0.05    0.16    1.10 v _095_/X (sky130_fd_sc_hd__a21bo_1)
     2    0.01                           _050_ (net)
                  0.05    0.00    1.10 v _100_/A2 (sky130_fd_sc_hd__a21bo_1)
                  0.05    0.15    1.25 v _100_/X (sky130_fd_sc_hd__a21bo_1)
     2    0.01                           _054_ (net)
                  0.05    0.00    1.25 v _105_/A2 (sky130_fd_sc_hd__a21bo_1)
                  0.05    0.15    1.41 v _105_/X (sky130_fd_sc_hd__a21bo_1)
     2    0.01                           _058_ (net)
                  0.05    0.00    1.41 v _110_/A2 (sky130_fd_sc_hd__a21bo_1)
                  0.05    0.15    1.56 v _110_/X (sky130_fd_sc_hd__a21bo_1)
     2    0.01                           _062_ (net)
                  0.05    0.00    1.56 v _115_/A2 (sky130_fd_sc_hd__a21bo_1)
                  0.05    0.16    1.72 v _115_/X (sky130_fd_sc_hd__a21bo_1)
     2    0.01                           _003_ (net)
                  0.05    0.00    1.72 v _120_/A2 (sky130_fd_sc_hd__a21bo_1)
                  0.04    0.15    1.88 v _120_/X (sky130_fd_sc_hd__a21bo_1)
     2    0.01                           _007_ (net)
                  0.04    0.00    1.88 v _125_/A2 (sky130_fd_sc_hd__a21bo_1)
                  0.04    0.15    2.02 v _125_/X (sky130_fd_sc_hd__a21bo_1)
     2    0.01                           _011_ (net)
                  0.04    0.00    2.02 v _130_/A2 (sky130_fd_sc_hd__a21bo_1)
                  0.04    0.15    2.17 v _130_/X (sky130_fd_sc_hd__a21bo_1)
     2    0.01                           _015_ (net)
                  0.04    0.00    2.17 v _135_/A2 (sky130_fd_sc_hd__a21bo_1)
                  0.05    0.16    2.33 v _135_/X (sky130_fd_sc_hd__a21bo_1)
     2    0.01                           _019_ (net)
                  0.05    0.00    2.33 v _140_/A2 (sky130_fd_sc_hd__a21boi_2)
                  0.12    0.14    2.47 ^ _140_/Y (sky130_fd_sc_hd__a21boi_2)
     2    0.01                           _023_ (net)
                  0.12    0.00    2.47 ^ _141_/B (sky130_fd_sc_hd__xnor2_1)
                  0.16    0.12    2.59 ^ _141_/Y (sky130_fd_sc_hd__xnor2_1)
     1    0.01                           net41 (net)
                  0.16    0.00    2.59 ^ output41/A (sky130_fd_sc_hd__buf_2)
                  0.13    0.17    2.77 ^ output41/X (sky130_fd_sc_hd__buf_2)
     1    0.03                           sum[15] (net)
                  0.13    0.00    2.77 ^ sum[15] (out)
                                  2.77   data arrival time

                  0.00    4.50    4.50   clock clk (rise edge)
                          0.00    4.50   clock network delay (ideal)
                         -0.25    4.25   clock uncertainty
                          0.00    4.25   clock reconvergence pessimism
                          0.00    4.25   output external delay
                                  4.25   data required time
-----------------------------------------------------------------------------
                                  4.25   data required time
                                 -2.77   data arrival time
-----------------------------------------------------------------------------
                                  1.48   slack (MET)



===========================================================================
report_checks --slack_max -0.01
============================================================================

======================= Slowest Corner ===================================

Startpoint: b[0] (input port clocked by clk)
Endpoint: sum[15] (output port clocked by clk)
Path Group: clk
Path Type: max
Corner: ss

Fanout     Cap    Slew   Delay    Time   Description
-----------------------------------------------------------------------------
                  0.00    0.00    0.00   clock clk (rise edge)
                          0.00    0.00   clock network delay (ideal)
                          0.00    0.00 v input external delay
                  0.03    0.02    0.02 v b[0] (in)
     1    0.00                           b[0] (net)
                  0.03    0.00    0.02 v input17/A (sky130_fd_sc_hd__clkbuf_1)
                  0.07    0.17    0.18 v input17/X (sky130_fd_sc_hd__clkbuf_1)
     2    0.00                           net17 (net)
                  0.07    0.00    0.18 v _063_/A (sky130_fd_sc_hd__or2_1)
                  0.13    0.56    0.74 v _063_/X (sky130_fd_sc_hd__or2_1)
     2    0.01                           _024_ (net)
                  0.13    0.00    0.74 v _067_/A2 (sky130_fd_sc_hd__a21bo_1)
                  0.11    0.43    1.18 v _067_/X (sky130_fd_sc_hd__a21bo_1)
     2    0.01                           _027_ (net)
                  0.11    0.00    1.18 v _072_/A1 (sky130_fd_sc_hd__a21bo_1)
                  0.14    0.42    1.59 v _072_/X (sky130_fd_sc_hd__a21bo_1)
     2    0.01                           _031_ (net)
                  0.14    0.00    1.60 v _080_/A1 (sky130_fd_sc_hd__a21bo_1)
                  0.11    0.40    2.00 v _080_/X (sky130_fd_sc_hd__a21bo_1)
     2    0.01                           _038_ (net)
                  0.11    0.00    2.00 v _085_/A2 (sky130_fd_sc_hd__a21bo_1)
                  0.11    0.42    2.42 v _085_/X (sky130_fd_sc_hd__a21bo_1)
     2    0.01                           _042_ (net)
                  0.11    0.00    2.42 v _090_/A2 (sky130_fd_sc_hd__a21bo_1)
                  0.11    0.42    2.85 v _090_/X (sky130_fd_sc_hd__a21bo_1)
     2    0.01                           _046_ (net)
                  0.11    0.00    2.85 v _095_/A2 (sky130_fd_sc_hd__a21bo_1)
                  0.13    0.44    3.29 v _095_/X (sky130_fd_sc_hd__a21bo_1)
     2    0.01                           _050_ (net)
                  0.13    0.00    3.29 v _100_/A2 (sky130_fd_sc_hd__a21bo_1)
                  0.11    0.44    3.73 v _100_/X (sky130_fd_sc_hd__a21bo_1)
     2    0.01                           _054_ (net)
                  0.11    0.00    3.73 v _105_/A2 (sky130_fd_sc_hd__a21bo_1)
                  0.11    0.43    4.16 v _105_/X (sky130_fd_sc_hd__a21bo_1)
     2    0.01                           _058_ (net)
                  0.11    0.00    4.16 v _110_/A2 (sky130_fd_sc_hd__a21bo_1)
                  0.12    0.43    4.59 v _110_/X (sky130_fd_sc_hd__a21bo_1)
     2    0.01                           _062_ (net)
                  0.12    0.00    4.59 v _115_/A2 (sky130_fd_sc_hd__a21bo_1)
                  0.13    0.45    5.04 v _115_/X (sky130_fd_sc_hd__a21bo_1)
     2    0.01                           _003_ (net)
                  0.13    0.00    5.04 v _120_/A2 (sky130_fd_sc_hd__a21bo_1)
                  0.11    0.44    5.48 v _120_/X (sky130_fd_sc_hd__a21bo_1)
     2    0.01                           _007_ (net)
                  0.11    0.00    5.48 v _125_/A2 (sky130_fd_sc_hd__a21bo_1)
                  0.10    0.42    5.90 v _125_/X (sky130_fd_sc_hd__a21bo_1)
     2    0.01                           _011_ (net)
                  0.10    0.00    5.90 v _130_/A2 (sky130_fd_sc_hd__a21bo_1)
                  0.11    0.42    6.33 v _130_/X (sky130_fd_sc_hd__a21bo_1)
     2    0.01                           _015_ (net)
                  0.11    0.00    6.33 v _135_/A2 (sky130_fd_sc_hd__a21bo_1)
                  0.13    0.44    6.77 v _135_/X (sky130_fd_sc_hd__a21bo_1)
     2    0.01                           _019_ (net)
                  0.13    0.00    6.77 v _140_/A2 (sky130_fd_sc_hd__a21boi_2)
                  0.26    0.35    7.12 ^ _140_/Y (sky130_fd_sc_hd__a21boi_2)
     2    0.01                           _023_ (net)
                  0.26    0.00    7.12 ^ _141_/B (sky130_fd_sc_hd__xnor2_1)
                  0.37    0.35    7.47 ^ _141_/Y (sky130_fd_sc_hd__xnor2_1)
     1    0.01                           net41 (net)
                  0.37    0.00    7.47 ^ output41/A (sky130_fd_sc_hd__buf_2)
                  0.28    0.50    7.97 ^ output41/X (sky130_fd_sc_hd__buf_2)
     1    0.03                           sum[15] (net)
                  0.28    0.00    7.97 ^ sum[15] (out)
                                  7.97   data arrival time

                  0.00    4.50    4.50   clock clk (rise edge)
                          0.00    4.50   clock network delay (ideal)
                         -0.25    4.25   clock uncertainty
                          0.00    4.25   clock reconvergence pessimism
                          0.00    4.25   output external delay
                                  4.25   data required time
-----------------------------------------------------------------------------
                                  4.25   data required time
                                 -7.97   data arrival time
-----------------------------------------------------------------------------
                                 -3.72   slack (VIOLATED)



======================= Typical Corner ===================================

Startpoint: b[0] (input port clocked by clk)
Endpoint: sum[15] (output port clocked by clk)
Path Group: clk
Path Type: max
Corner: tt

Fanout     Cap    Slew   Delay    Time   Description
-----------------------------------------------------------------------------
                  0.00    0.00    0.00   clock clk (rise edge)
                          0.00    0.00   clock network delay (ideal)
                          0.00    0.00 v input external delay
                  0.01    0.01    0.01 v b[0] (in)
     1    0.00                           b[0] (net)
                  0.01    0.00    0.01 v input17/A (sky130_fd_sc_hd__clkbuf_1)
                  0.04    0.09    0.10 v input17/X (sky130_fd_sc_hd__clkbuf_1)
     2    0.01                           net17 (net)
                  0.04    0.00    0.10 v _063_/A (sky130_fd_sc_hd__or2_1)
                  0.06    0.25    0.35 v _063_/X (sky130_fd_sc_hd__or2_1)
     2    0.01                           _024_ (net)
                  0.06    0.00    0.35 v _067_/A2 (sky130_fd_sc_hd__a21bo_1)
                  0.06    0.23    0.58 v _067_/X (sky130_fd_sc_hd__a21bo_1)
     2    0.01                           _027_ (net)
                  0.06    0.00    0.58 v _072_/A1 (sky130_fd_sc_hd__a21bo_1)
                  0.07    0.22    0.80 v _072_/X (sky130_fd_sc_hd__a21bo_1)
     2    0.01                           _031_ (net)
                  0.07    0.00    0.80 v _080_/A1 (sky130_fd_sc_hd__a21bo_1)
                  0.06    0.21    1.01 v _080_/X (sky130_fd_sc_hd__a21bo_1)
     2    0.01                           _038_ (net)
                  0.06    0.00    1.01 v _085_/A2 (sky130_fd_sc_hd__a21bo_1)
                  0.06    0.23    1.24 v _085_/X (sky130_fd_sc_hd__a21bo_1)
     2    0.01                           _042_ (net)
                  0.06    0.00    1.24 v _090_/A2 (sky130_fd_sc_hd__a21bo_1)
                  0.06    0.23    1.47 v _090_/X (sky130_fd_sc_hd__a21bo_1)
     2    0.01                           _046_ (net)
                  0.06    0.00    1.47 v _095_/A2 (sky130_fd_sc_hd__a21bo_1)
                  0.07    0.24    1.71 v _095_/X (sky130_fd_sc_hd__a21bo_1)
     2    0.01                           _050_ (net)
                  0.07    0.00    1.71 v _100_/A2 (sky130_fd_sc_hd__a21bo_1)
                  0.06    0.24    1.95 v _100_/X (sky130_fd_sc_hd__a21bo_1)
     2    0.01                           _054_ (net)
                  0.06    0.00    1.95 v _105_/A2 (sky130_fd_sc_hd__a21bo_1)
                  0.06    0.23    2.18 v _105_/X (sky130_fd_sc_hd__a21bo_1)
     2    0.01                           _058_ (net)
                  0.06    0.00    2.18 v _110_/A2 (sky130_fd_sc_hd__a21bo_1)
                  0.06    0.23    2.42 v _110_/X (sky130_fd_sc_hd__a21bo_1)
     2    0.01                           _062_ (net)
                  0.06    0.00    2.42 v _115_/A2 (sky130_fd_sc_hd__a21bo_1)
                  0.07    0.24    2.66 v _115_/X (sky130_fd_sc_hd__a21bo_1)
     2    0.01                           _003_ (net)
                  0.07    0.00    2.66 v _120_/A2 (sky130_fd_sc_hd__a21bo_1)
                  0.06    0.24    2.90 v _120_/X (sky130_fd_sc_hd__a21bo_1)
     2    0.01                           _007_ (net)
                  0.06    0.00    2.90 v _125_/A2 (sky130_fd_sc_hd__a21bo_1)
                  0.06    0.23    3.13 v _125_/X (sky130_fd_sc_hd__a21bo_1)
     2    0.01                           _011_ (net)
                  0.06    0.00    3.13 v _130_/A2 (sky130_fd_sc_hd__a21bo_1)
                  0.06    0.23    3.36 v _130_/X (sky130_fd_sc_hd__a21bo_1)
     2    0.01                           _015_ (net)
                  0.06    0.00    3.36 v _135_/A2 (sky130_fd_sc_hd__a21bo_1)
                  0.07    0.24    3.60 v _135_/X (sky130_fd_sc_hd__a21bo_1)
     2    0.01                           _019_ (net)
                  0.07    0.00    3.60 v _140_/A2 (sky130_fd_sc_hd__a21boi_2)
                  0.16    0.21    3.80 ^ _140_/Y (sky130_fd_sc_hd__a21boi_2)
     2    0.01                           _023_ (net)
                  0.16    0.00    3.81 ^ _141_/B (sky130_fd_sc_hd__xnor2_1)
                  0.23    0.19    3.99 ^ _141_/Y (sky130_fd_sc_hd__xnor2_1)
     1    0.01                           net41 (net)
                  0.23    0.00    3.99 ^ output41/A (sky130_fd_sc_hd__buf_2)
                  0.17    0.27    4.26 ^ output41/X (sky130_fd_sc_hd__buf_2)
     1    0.03                           sum[15] (net)
                  0.17    0.00    4.27 ^ sum[15] (out)
                                  4.27   data arrival time

                  0.00    4.50    4.50   clock clk (rise edge)
                          0.00    4.50   clock network delay (ideal)
                         -0.25    4.25   clock uncertainty
                          0.00    4.25   clock reconvergence pessimism
                          0.00    4.25   output external delay
                                  4.25   data required time
-----------------------------------------------------------------------------
                                  4.25   data required time
                                 -4.27   data arrival time
-----------------------------------------------------------------------------
                                 -0.02   slack (VIOLATED)



======================= Fastest Corner ===================================

No paths found.
