
===========================================================================
report_checks -path_delay max (Setup)
============================================================================
Startpoint: b[7] (input port clocked by clk)
Endpoint: sum[31] (output port clocked by clk)
Path Group: clk
Path Type: max

Fanout     Cap    Slew   Delay    Time   Description
-----------------------------------------------------------------------------
                  0.00    0.00    0.00   clock clk (rise edge)
                          0.00    0.00   clock network delay (ideal)
                          0.00    0.00 ^ input external delay
                  0.06    0.04    0.04 ^ b[7] (in)
     3    0.01                           b[7] (net)
                  0.06    0.00    0.04 ^ _215_/A (sky130_fd_sc_hd__or2_2)
                  0.04    0.11    0.15 ^ _215_/X (sky130_fd_sc_hd__or2_2)
     1    0.00                           _033_ (net)
                  0.04    0.01    0.16 ^ _216_/B (sky130_fd_sc_hd__nand2_2)
                  0.05    0.06    0.22 v _216_/Y (sky130_fd_sc_hd__nand2_2)
     2    0.01                           _034_ (net)
                  0.05    0.00    0.23 v _219_/A (sky130_fd_sc_hd__or3_2)
                  0.08    0.50    0.72 v _219_/X (sky130_fd_sc_hd__or3_2)
     2    0.00                           _037_ (net)
                  0.08    0.00    0.73 v _227_/C (sky130_fd_sc_hd__or4_2)
                  0.12    0.69    1.41 v _227_/X (sky130_fd_sc_hd__or4_2)
     2    0.01                           _045_ (net)
                  0.12    0.01    1.42 v _243_/A1 (sky130_fd_sc_hd__a211oi_2)
                  0.20    0.25    1.67 ^ _243_/Y (sky130_fd_sc_hd__a211oi_2)
     2    0.01                           _061_ (net)
                  0.20    0.01    1.67 ^ _268_/A2 (sky130_fd_sc_hd__o21ai_2)
                  0.05    0.08    1.75 v _268_/Y (sky130_fd_sc_hd__o21ai_2)
     2    0.00                           _082_ (net)
                  0.05    0.00    1.75 v _290_/A1 (sky130_fd_sc_hd__a31o_2)
                  0.04    0.21    1.96 v _290_/X (sky130_fd_sc_hd__a31o_2)
     2    0.00                           _100_ (net)
                  0.04    0.00    1.96 v _317_/A1 (sky130_fd_sc_hd__a2111o_2)
                  0.06    0.42    2.38 v _317_/X (sky130_fd_sc_hd__a2111o_2)
     1    0.00                           _123_ (net)
                  0.06    0.00    2.39 v _320_/B (sky130_fd_sc_hd__and4_2)
                  0.07    0.25    2.64 v _320_/X (sky130_fd_sc_hd__and4_2)
     3    0.02                           _126_ (net)
                  0.07    0.00    2.64 v _335_/A1 (sky130_fd_sc_hd__o41a_2)
                  0.08    0.54    3.18 v _335_/X (sky130_fd_sc_hd__o41a_2)
     3    0.01                           _139_ (net)
                  0.08    0.00    3.18 v _340_/A2 (sky130_fd_sc_hd__o21a_2)
                  0.05    0.23    3.41 v _340_/X (sky130_fd_sc_hd__o21a_2)
     1    0.01                           _143_ (net)
                  0.06    0.01    3.42 v _341_/B (sky130_fd_sc_hd__xnor2_2)
                  0.48    0.38    3.80 ^ _341_/Y (sky130_fd_sc_hd__xnor2_2)
     1    0.03                           sum[31] (net)
                  0.48    0.00    3.80 ^ sum[31] (out)
                                  3.80   data arrival time

                  0.00    5.50    5.50   clock clk (rise edge)
                          0.00    5.50   clock network delay (ideal)
                         -0.25    5.25   clock uncertainty
                          0.00    5.25   clock reconvergence pessimism
                          0.00    5.25   output external delay
                                  5.25   data required time
-----------------------------------------------------------------------------
                                  5.25   data required time
                                 -3.80   data arrival time
-----------------------------------------------------------------------------
                                  1.45   slack (MET)


Startpoint: b[7] (input port clocked by clk)
Endpoint: sum[30] (output port clocked by clk)
Path Group: clk
Path Type: max

Fanout     Cap    Slew   Delay    Time   Description
-----------------------------------------------------------------------------
                  0.00    0.00    0.00   clock clk (rise edge)
                          0.00    0.00   clock network delay (ideal)
                          0.00    0.00 ^ input external delay
                  0.06    0.04    0.04 ^ b[7] (in)
     3    0.01                           b[7] (net)
                  0.06    0.00    0.04 ^ _215_/A (sky130_fd_sc_hd__or2_2)
                  0.04    0.11    0.15 ^ _215_/X (sky130_fd_sc_hd__or2_2)
     1    0.00                           _033_ (net)
                  0.04    0.01    0.16 ^ _216_/B (sky130_fd_sc_hd__nand2_2)
                  0.05    0.06    0.22 v _216_/Y (sky130_fd_sc_hd__nand2_2)
     2    0.01                           _034_ (net)
                  0.05    0.00    0.23 v _219_/A (sky130_fd_sc_hd__or3_2)
                  0.08    0.50    0.72 v _219_/X (sky130_fd_sc_hd__or3_2)
     2    0.00                           _037_ (net)
                  0.08    0.00    0.73 v _227_/C (sky130_fd_sc_hd__or4_2)
                  0.12    0.69    1.41 v _227_/X (sky130_fd_sc_hd__or4_2)
     2    0.01                           _045_ (net)
                  0.12    0.01    1.42 v _243_/A1 (sky130_fd_sc_hd__a211oi_2)
                  0.20    0.25    1.67 ^ _243_/Y (sky130_fd_sc_hd__a211oi_2)
     2    0.01                           _061_ (net)
                  0.20    0.01    1.67 ^ _268_/A2 (sky130_fd_sc_hd__o21ai_2)
                  0.05    0.08    1.75 v _268_/Y (sky130_fd_sc_hd__o21ai_2)
     2    0.00                           _082_ (net)
                  0.05    0.00    1.75 v _290_/A1 (sky130_fd_sc_hd__a31o_2)
                  0.04    0.21    1.96 v _290_/X (sky130_fd_sc_hd__a31o_2)
     2    0.00                           _100_ (net)
                  0.04    0.00    1.96 v _317_/A1 (sky130_fd_sc_hd__a2111o_2)
                  0.06    0.42    2.38 v _317_/X (sky130_fd_sc_hd__a2111o_2)
     1    0.00                           _123_ (net)
                  0.06    0.00    2.39 v _320_/B (sky130_fd_sc_hd__and4_2)
                  0.07    0.25    2.64 v _320_/X (sky130_fd_sc_hd__and4_2)
     3    0.02                           _126_ (net)
                  0.07    0.00    2.64 v _335_/A1 (sky130_fd_sc_hd__o41a_2)
                  0.08    0.54    3.18 v _335_/X (sky130_fd_sc_hd__o41a_2)
     3    0.01                           _139_ (net)
                  0.08    0.00    3.18 v _336_/B (sky130_fd_sc_hd__and2_2)
                  0.04    0.21    3.40 v _336_/X (sky130_fd_sc_hd__and2_2)
     1    0.00                           _140_ (net)
                  0.04    0.01    3.40 v _338_/A (sky130_fd_sc_hd__nor2_2)
                  0.41    0.32    3.73 ^ _338_/Y (sky130_fd_sc_hd__nor2_2)
     1    0.03                           sum[30] (net)
                  0.41    0.00    3.73 ^ sum[30] (out)
                                  3.73   data arrival time

                  0.00    5.50    5.50   clock clk (rise edge)
                          0.00    5.50   clock network delay (ideal)
                         -0.25    5.25   clock uncertainty
                          0.00    5.25   clock reconvergence pessimism
                          0.00    5.25   output external delay
                                  5.25   data required time
-----------------------------------------------------------------------------
                                  5.25   data required time
                                 -3.73   data arrival time
-----------------------------------------------------------------------------
                                  1.52   slack (MET)


Startpoint: b[7] (input port clocked by clk)
Endpoint: cout (output port clocked by clk)
Path Group: clk
Path Type: max

Fanout     Cap    Slew   Delay    Time   Description
-----------------------------------------------------------------------------
                  0.00    0.00    0.00   clock clk (rise edge)
                          0.00    0.00   clock network delay (ideal)
                          0.00    0.00 ^ input external delay
                  0.06    0.04    0.04 ^ b[7] (in)
     3    0.01                           b[7] (net)
                  0.06    0.00    0.04 ^ _215_/A (sky130_fd_sc_hd__or2_2)
                  0.04    0.11    0.15 ^ _215_/X (sky130_fd_sc_hd__or2_2)
     1    0.00                           _033_ (net)
                  0.04    0.01    0.16 ^ _216_/B (sky130_fd_sc_hd__nand2_2)
                  0.05    0.06    0.22 v _216_/Y (sky130_fd_sc_hd__nand2_2)
     2    0.01                           _034_ (net)
                  0.05    0.00    0.23 v _219_/A (sky130_fd_sc_hd__or3_2)
                  0.08    0.50    0.72 v _219_/X (sky130_fd_sc_hd__or3_2)
     2    0.00                           _037_ (net)
                  0.08    0.00    0.73 v _227_/C (sky130_fd_sc_hd__or4_2)
                  0.12    0.69    1.41 v _227_/X (sky130_fd_sc_hd__or4_2)
     2    0.01                           _045_ (net)
                  0.12    0.01    1.42 v _243_/A1 (sky130_fd_sc_hd__a211oi_2)
                  0.20    0.25    1.67 ^ _243_/Y (sky130_fd_sc_hd__a211oi_2)
     2    0.01                           _061_ (net)
                  0.20    0.01    1.67 ^ _268_/A2 (sky130_fd_sc_hd__o21ai_2)
                  0.05    0.08    1.75 v _268_/Y (sky130_fd_sc_hd__o21ai_2)
     2    0.00                           _082_ (net)
                  0.05    0.00    1.75 v _290_/A1 (sky130_fd_sc_hd__a31o_2)
                  0.04    0.21    1.96 v _290_/X (sky130_fd_sc_hd__a31o_2)
     2    0.00                           _100_ (net)
                  0.04    0.00    1.96 v _317_/A1 (sky130_fd_sc_hd__a2111o_2)
                  0.06    0.42    2.38 v _317_/X (sky130_fd_sc_hd__a2111o_2)
     1    0.00                           _123_ (net)
                  0.06    0.00    2.39 v _320_/B (sky130_fd_sc_hd__and4_2)
                  0.07    0.25    2.64 v _320_/X (sky130_fd_sc_hd__and4_2)
     3    0.02                           _126_ (net)
                  0.07    0.00    2.64 v _335_/A1 (sky130_fd_sc_hd__o41a_2)
                  0.08    0.54    3.18 v _335_/X (sky130_fd_sc_hd__o41a_2)
     3    0.01                           _139_ (net)
                  0.08    0.01    3.18 v _337_/B (sky130_fd_sc_hd__nor2_2)
                  0.11    0.12    3.31 ^ _337_/Y (sky130_fd_sc_hd__nor2_2)
     2    0.01                           _141_ (net)
                  0.11    0.00    3.31 ^ _343_/B1 (sky130_fd_sc_hd__a221o_2)
                  0.21    0.27    3.58 ^ _343_/X (sky130_fd_sc_hd__a221o_2)
     1    0.03                           cout (net)
                  0.21    0.00    3.58 ^ cout (out)
                                  3.58   data arrival time

                  0.00    5.50    5.50   clock clk (rise edge)
                          0.00    5.50   clock network delay (ideal)
                         -0.25    5.25   clock uncertainty
                          0.00    5.25   clock reconvergence pessimism
                          0.00    5.25   output external delay
                                  5.25   data required time
-----------------------------------------------------------------------------
                                  5.25   data required time
                                 -3.58   data arrival time
-----------------------------------------------------------------------------
                                  1.67   slack (MET)


Startpoint: b[7] (input port clocked by clk)
Endpoint: sum[29] (output port clocked by clk)
Path Group: clk
Path Type: max

Fanout     Cap    Slew   Delay    Time   Description
-----------------------------------------------------------------------------
                  0.00    0.00    0.00   clock clk (rise edge)
                          0.00    0.00   clock network delay (ideal)
                          0.00    0.00 ^ input external delay
                  0.06    0.04    0.04 ^ b[7] (in)
     3    0.01                           b[7] (net)
                  0.06    0.00    0.04 ^ _215_/A (sky130_fd_sc_hd__or2_2)
                  0.04    0.11    0.15 ^ _215_/X (sky130_fd_sc_hd__or2_2)
     1    0.00                           _033_ (net)
                  0.04    0.01    0.16 ^ _216_/B (sky130_fd_sc_hd__nand2_2)
                  0.05    0.06    0.22 v _216_/Y (sky130_fd_sc_hd__nand2_2)
     2    0.01                           _034_ (net)
                  0.05    0.00    0.23 v _219_/A (sky130_fd_sc_hd__or3_2)
                  0.08    0.50    0.72 v _219_/X (sky130_fd_sc_hd__or3_2)
     2    0.00                           _037_ (net)
                  0.08    0.00    0.73 v _227_/C (sky130_fd_sc_hd__or4_2)
                  0.12    0.69    1.41 v _227_/X (sky130_fd_sc_hd__or4_2)
     2    0.01                           _045_ (net)
                  0.12    0.01    1.42 v _243_/A1 (sky130_fd_sc_hd__a211oi_2)
                  0.20    0.25    1.67 ^ _243_/Y (sky130_fd_sc_hd__a211oi_2)
     2    0.01                           _061_ (net)
                  0.20    0.01    1.67 ^ _268_/A2 (sky130_fd_sc_hd__o21ai_2)
                  0.05    0.08    1.75 v _268_/Y (sky130_fd_sc_hd__o21ai_2)
     2    0.00                           _082_ (net)
                  0.05    0.00    1.75 v _290_/A1 (sky130_fd_sc_hd__a31o_2)
                  0.04    0.21    1.96 v _290_/X (sky130_fd_sc_hd__a31o_2)
     2    0.00                           _100_ (net)
                  0.04    0.00    1.96 v _317_/A1 (sky130_fd_sc_hd__a2111o_2)
                  0.06    0.42    2.38 v _317_/X (sky130_fd_sc_hd__a2111o_2)
     1    0.00                           _123_ (net)
                  0.06    0.00    2.39 v _320_/B (sky130_fd_sc_hd__and4_2)
                  0.07    0.25    2.64 v _320_/X (sky130_fd_sc_hd__and4_2)
     3    0.02                           _126_ (net)
                  0.07    0.01    2.65 v _329_/A1 (sky130_fd_sc_hd__o21ai_2)
                  0.15    0.18    2.83 ^ _329_/Y (sky130_fd_sc_hd__o21ai_2)
     1    0.01                           _134_ (net)
                  0.15    0.02    2.84 ^ _330_/B (sky130_fd_sc_hd__xnor2_2)
                  0.48    0.22    3.07 ^ _330_/Y (sky130_fd_sc_hd__xnor2_2)
     1    0.03                           sum[29] (net)
                  0.48    0.00    3.07 ^ sum[29] (out)
                                  3.07   data arrival time

                  0.00    5.50    5.50   clock clk (rise edge)
                          0.00    5.50   clock network delay (ideal)
                         -0.25    5.25   clock uncertainty
                          0.00    5.25   clock reconvergence pessimism
                          0.00    5.25   output external delay
                                  5.25   data required time
-----------------------------------------------------------------------------
                                  5.25   data required time
                                 -3.07   data arrival time
-----------------------------------------------------------------------------
                                  2.18   slack (MET)


Startpoint: b[7] (input port clocked by clk)
Endpoint: sum[28] (output port clocked by clk)
Path Group: clk
Path Type: max

Fanout     Cap    Slew   Delay    Time   Description
-----------------------------------------------------------------------------
                  0.00    0.00    0.00   clock clk (rise edge)
                          0.00    0.00   clock network delay (ideal)
                          0.00    0.00 ^ input external delay
                  0.06    0.04    0.04 ^ b[7] (in)
     3    0.01                           b[7] (net)
                  0.06    0.00    0.04 ^ _215_/A (sky130_fd_sc_hd__or2_2)
                  0.04    0.11    0.15 ^ _215_/X (sky130_fd_sc_hd__or2_2)
     1    0.00                           _033_ (net)
                  0.04    0.01    0.16 ^ _216_/B (sky130_fd_sc_hd__nand2_2)
                  0.05    0.06    0.22 v _216_/Y (sky130_fd_sc_hd__nand2_2)
     2    0.01                           _034_ (net)
                  0.05    0.00    0.23 v _219_/A (sky130_fd_sc_hd__or3_2)
                  0.08    0.50    0.72 v _219_/X (sky130_fd_sc_hd__or3_2)
     2    0.00                           _037_ (net)
                  0.08    0.00    0.73 v _227_/C (sky130_fd_sc_hd__or4_2)
                  0.12    0.69    1.41 v _227_/X (sky130_fd_sc_hd__or4_2)
     2    0.01                           _045_ (net)
                  0.12    0.01    1.42 v _243_/A1 (sky130_fd_sc_hd__a211oi_2)
                  0.20    0.25    1.67 ^ _243_/Y (sky130_fd_sc_hd__a211oi_2)
     2    0.01                           _061_ (net)
                  0.20    0.01    1.67 ^ _268_/A2 (sky130_fd_sc_hd__o21ai_2)
                  0.05    0.08    1.75 v _268_/Y (sky130_fd_sc_hd__o21ai_2)
     2    0.00                           _082_ (net)
                  0.05    0.00    1.75 v _290_/A1 (sky130_fd_sc_hd__a31o_2)
                  0.04    0.21    1.96 v _290_/X (sky130_fd_sc_hd__a31o_2)
     2    0.00                           _100_ (net)
                  0.04    0.00    1.96 v _317_/A1 (sky130_fd_sc_hd__a2111o_2)
                  0.06    0.42    2.38 v _317_/X (sky130_fd_sc_hd__a2111o_2)
     1    0.00                           _123_ (net)
                  0.06    0.00    2.39 v _320_/B (sky130_fd_sc_hd__and4_2)
                  0.07    0.25    2.64 v _320_/X (sky130_fd_sc_hd__and4_2)
     3    0.02                           _126_ (net)
                  0.07    0.01    2.65 v _324_/A (sky130_fd_sc_hd__xnor2_2)
                  0.48    0.41    3.06 ^ _324_/Y (sky130_fd_sc_hd__xnor2_2)
     1    0.03                           sum[28] (net)
                  0.48    0.00    3.06 ^ sum[28] (out)
                                  3.06   data arrival time

                  0.00    5.50    5.50   clock clk (rise edge)
                          0.00    5.50   clock network delay (ideal)
                         -0.25    5.25   clock uncertainty
                          0.00    5.25   clock reconvergence pessimism
                          0.00    5.25   output external delay
                                  5.25   data required time
-----------------------------------------------------------------------------
                                  5.25   data required time
                                 -3.06   data arrival time
-----------------------------------------------------------------------------
                                  2.19   slack (MET)


