
===========================================================================
report_checks -path_delay max (Setup)
============================================================================
Startpoint: b[1] (input port clocked by clk)
Endpoint: sum[6] (output port clocked by clk)
Path Group: clk
Path Type: max

Fanout     Cap    Slew   Delay    Time   Description
-----------------------------------------------------------------------------
                  0.00    0.00    0.00   clock clk (rise edge)
                          0.00    0.00   clock network delay (ideal)
                          0.00    0.00 ^ input external delay
                  0.05    0.04    0.04 ^ b[1] (in)
     2    0.01                           b[1] (net)
                  0.05    0.00    0.04 ^ ppa_pre_2_0.U1.xor2/B (sky130_fd_sc_hd__xor2_1)
                  0.29    0.28    0.32 ^ ppa_pre_2_0.U1.xor2/X (sky130_fd_sc_hd__xor2_1)
     4    0.01                           ppa_black_2_1.U1.A (net)
                  0.29    0.00    0.32 ^ ppa_black_2_1.U1.and2/A (sky130_fd_sc_hd__and2_1)
                  0.07    0.20    0.52 ^ ppa_black_2_1.U1.and2/X (sky130_fd_sc_hd__and2_1)
     2    0.01                           ppa_black_2_1.U1.Y (net)
                  0.07    0.00    0.52 ^ ppa_grey_2_2.U1.ao21/A2 (sky130_fd_sc_hd__a21o_1)
                  0.08    0.15    0.67 ^ ppa_grey_2_2.U1.ao21/X (sky130_fd_sc_hd__a21o_1)
     2    0.01                           ppa_grey_2_2.U1.Y (net)
                  0.08    0.00    0.67 ^ ppa_grey_6_3.U1.ao21/A1 (sky130_fd_sc_hd__a21o_1)
                  0.06    0.14    0.81 ^ ppa_grey_6_3.U1.ao21/X (sky130_fd_sc_hd__a21o_1)
     1    0.01                           ppa_grey_6_3.U1.Y (net)
                  0.06    0.00    0.81 ^ ppa_post_6_4.U1.xor2/B (sky130_fd_sc_hd__xor2_1)
                  0.12    0.15    0.96 ^ ppa_post_6_4.U1.xor2/X (sky130_fd_sc_hd__xor2_1)
     1    0.00                           ppa_post_6_4.U1.Y (net)
                  0.12    0.00    0.96 ^ _6_/A (sky130_fd_sc_hd__buf_2)
                  0.18    0.24    1.20 ^ _6_/X (sky130_fd_sc_hd__buf_2)
     1    0.03                           sum[6] (net)
                  0.18    0.00    1.20 ^ sum[6] (out)
                                  1.20   data arrival time

                  0.00    1.00    1.00   clock clk (rise edge)
                          0.00    1.00   clock network delay (ideal)
                         -0.25    0.75   clock uncertainty
                          0.00    0.75   clock reconvergence pessimism
                          0.00    0.75   output external delay
                                  0.75   data required time
-----------------------------------------------------------------------------
                                  0.75   data required time
                                 -1.20   data arrival time
-----------------------------------------------------------------------------
                                 -0.45   slack (VIOLATED)


Startpoint: b[4] (input port clocked by clk)
Endpoint: sum[7] (output port clocked by clk)
Path Group: clk
Path Type: max

Fanout     Cap    Slew   Delay    Time   Description
-----------------------------------------------------------------------------
                  0.00    0.00    0.00   clock clk (rise edge)
                          0.00    0.00   clock network delay (ideal)
                          0.00    0.00 ^ input external delay
                  0.06    0.04    0.04 ^ b[4] (in)
     2    0.01                           b[4] (net)
                  0.06    0.00    0.04 ^ ppa_pre_5_0.U1.xor2/B (sky130_fd_sc_hd__xor2_1)
                  0.30    0.29    0.33 ^ ppa_pre_5_0.U1.xor2/X (sky130_fd_sc_hd__xor2_1)
     4    0.01                           ppa_black_5_1.U1.A (net)
                  0.30    0.00    0.33 ^ ppa_black_5_1.U1.and2/A (sky130_fd_sc_hd__and2_1)
                  0.08    0.21    0.54 ^ ppa_black_5_1.U1.and2/X (sky130_fd_sc_hd__and2_1)
     3    0.01                           ppa_black_5_1.U1.Y (net)
                  0.08    0.00    0.54 ^ ppa_black_7_2.U1.and2/B (sky130_fd_sc_hd__and2_1)
                  0.05    0.13    0.67 ^ ppa_black_7_2.U1.and2/X (sky130_fd_sc_hd__and2_1)
     1    0.00                           ppa_black_7_2.U1.Y (net)
                  0.05    0.00    0.67 ^ ppa_grey_7_3.U1.ao21/A2 (sky130_fd_sc_hd__a21o_1)
                  0.08    0.15    0.82 ^ ppa_grey_7_3.U1.ao21/X (sky130_fd_sc_hd__a21o_1)
     2    0.01                           ppa_grey_7_3.U1.Y (net)
                  0.08    0.00    0.82 ^ ppa_post_7_4.U1.xor2/B (sky130_fd_sc_hd__xor2_1)
                  0.10    0.14    0.96 ^ ppa_post_7_4.U1.xor2/X (sky130_fd_sc_hd__xor2_1)
     1    0.00                           ppa_post_7_4.U1.Y (net)
                  0.10    0.00    0.96 ^ _7_/A (sky130_fd_sc_hd__buf_2)
                  0.17    0.23    1.20 ^ _7_/X (sky130_fd_sc_hd__buf_2)
     1    0.03                           sum[7] (net)
                  0.17    0.00    1.20 ^ sum[7] (out)
                                  1.20   data arrival time

                  0.00    1.00    1.00   clock clk (rise edge)
                          0.00    1.00   clock network delay (ideal)
                         -0.25    0.75   clock uncertainty
                          0.00    0.75   clock reconvergence pessimism
                          0.00    0.75   output external delay
                                  0.75   data required time
-----------------------------------------------------------------------------
                                  0.75   data required time
                                 -1.20   data arrival time
-----------------------------------------------------------------------------
                                 -0.45   slack (VIOLATED)


Startpoint: b[4] (input port clocked by clk)
Endpoint: sum[5] (output port clocked by clk)
Path Group: clk
Path Type: max

Fanout     Cap    Slew   Delay    Time   Description
-----------------------------------------------------------------------------
                  0.00    0.00    0.00   clock clk (rise edge)
                          0.00    0.00   clock network delay (ideal)
                          0.00    0.00 ^ input external delay
                  0.06    0.04    0.04 ^ b[4] (in)
     2    0.01                           b[4] (net)
                  0.06    0.00    0.04 ^ ppa_pre_5_0.U1.xor2/B (sky130_fd_sc_hd__xor2_1)
                  0.30    0.29    0.33 ^ ppa_pre_5_0.U1.xor2/X (sky130_fd_sc_hd__xor2_1)
     4    0.01                           ppa_black_5_1.U1.A (net)
                  0.30    0.00    0.33 ^ ppa_black_5_1.U1.and2/A (sky130_fd_sc_hd__and2_1)
                  0.08    0.21    0.54 ^ ppa_black_5_1.U1.and2/X (sky130_fd_sc_hd__and2_1)
     3    0.01                           ppa_black_5_1.U1.Y (net)
                  0.08    0.00    0.54 ^ ppa_black_5_2.U1.and2/A (sky130_fd_sc_hd__and2_1)
                  0.05    0.13    0.67 ^ ppa_black_5_2.U1.and2/X (sky130_fd_sc_hd__and2_1)
     1    0.00                           ppa_black_5_2.U1.Y (net)
                  0.05    0.00    0.67 ^ ppa_grey_5_3.U1.ao21/A2 (sky130_fd_sc_hd__a21o_1)
                  0.07    0.13    0.80 ^ ppa_grey_5_3.U1.ao21/X (sky130_fd_sc_hd__a21o_1)
     1    0.01                           ppa_grey_5_3.U1.Y (net)
                  0.07    0.00    0.80 ^ ppa_post_5_4.U1.xor2/B (sky130_fd_sc_hd__xor2_1)
                  0.11    0.14    0.95 ^ ppa_post_5_4.U1.xor2/X (sky130_fd_sc_hd__xor2_1)
     1    0.00                           ppa_post_5_4.U1.Y (net)
                  0.11    0.00    0.95 ^ _5_/A (sky130_fd_sc_hd__buf_2)
                  0.18    0.24    1.19 ^ _5_/X (sky130_fd_sc_hd__buf_2)
     1    0.03                           sum[5] (net)
                  0.18    0.00    1.19 ^ sum[5] (out)
                                  1.19   data arrival time

                  0.00    1.00    1.00   clock clk (rise edge)
                          0.00    1.00   clock network delay (ideal)
                         -0.25    0.75   clock uncertainty
                          0.00    0.75   clock reconvergence pessimism
                          0.00    0.75   output external delay
                                  0.75   data required time
-----------------------------------------------------------------------------
                                  0.75   data required time
                                 -1.19   data arrival time
-----------------------------------------------------------------------------
                                 -0.44   slack (VIOLATED)


Startpoint: b[3] (input port clocked by clk)
Endpoint: sum[4] (output port clocked by clk)
Path Group: clk
Path Type: max

Fanout     Cap    Slew   Delay    Time   Description
-----------------------------------------------------------------------------
                  0.00    0.00    0.00   clock clk (rise edge)
                          0.00    0.00   clock network delay (ideal)
                          0.00    0.00 ^ input external delay
                  0.06    0.05    0.05 ^ b[3] (in)
     2    0.01                           b[3] (net)
                  0.06    0.00    0.05 ^ ppa_pre_4_0.U1.xor2/B (sky130_fd_sc_hd__xor2_1)
                  0.29    0.28    0.33 ^ ppa_pre_4_0.U1.xor2/X (sky130_fd_sc_hd__xor2_1)
     4    0.01                           ppa_black_4_1.U1.A (net)
                  0.29    0.00    0.33 ^ ppa_black_4_1.U1.and2/A (sky130_fd_sc_hd__and2_1)
                  0.09    0.21    0.54 ^ ppa_black_4_1.U1.and2/X (sky130_fd_sc_hd__and2_1)
     3    0.01                           ppa_black_4_1.U1.Y (net)
                  0.09    0.00    0.54 ^ ppa_black_4_2.U1.and2/A (sky130_fd_sc_hd__and2_1)
                  0.05    0.13    0.67 ^ ppa_black_4_2.U1.and2/X (sky130_fd_sc_hd__and2_1)
     1    0.00                           ppa_black_4_2.U1.Y (net)
                  0.05    0.00    0.67 ^ ppa_grey_4_3.U1.ao21/A2 (sky130_fd_sc_hd__a21o_1)
                  0.06    0.12    0.80 ^ ppa_grey_4_3.U1.ao21/X (sky130_fd_sc_hd__a21o_1)
     1    0.00                           ppa_grey_4_3.U1.Y (net)
                  0.06    0.00    0.80 ^ ppa_post_4_4.U1.xor2/B (sky130_fd_sc_hd__xor2_1)
                  0.11    0.14    0.94 ^ ppa_post_4_4.U1.xor2/X (sky130_fd_sc_hd__xor2_1)
     1    0.00                           ppa_post_4_4.U1.Y (net)
                  0.11    0.00    0.94 ^ _4_/A (sky130_fd_sc_hd__buf_2)
                  0.18    0.24    1.18 ^ _4_/X (sky130_fd_sc_hd__buf_2)
     1    0.03                           sum[4] (net)
                  0.18    0.00    1.18 ^ sum[4] (out)
                                  1.18   data arrival time

                  0.00    1.00    1.00   clock clk (rise edge)
                          0.00    1.00   clock network delay (ideal)
                         -0.25    0.75   clock uncertainty
                          0.00    0.75   clock reconvergence pessimism
                          0.00    0.75   output external delay
                                  0.75   data required time
-----------------------------------------------------------------------------
                                  0.75   data required time
                                 -1.18   data arrival time
-----------------------------------------------------------------------------
                                 -0.43   slack (VIOLATED)


Startpoint: b[4] (input port clocked by clk)
Endpoint: cout (output port clocked by clk)
Path Group: clk
Path Type: max

Fanout     Cap    Slew   Delay    Time   Description
-----------------------------------------------------------------------------
                  0.00    0.00    0.00   clock clk (rise edge)
                          0.00    0.00   clock network delay (ideal)
                          0.00    0.00 ^ input external delay
                  0.06    0.04    0.04 ^ b[4] (in)
     2    0.01                           b[4] (net)
                  0.06    0.00    0.04 ^ ppa_pre_5_0.U1.xor2/B (sky130_fd_sc_hd__xor2_1)
                  0.30    0.29    0.33 ^ ppa_pre_5_0.U1.xor2/X (sky130_fd_sc_hd__xor2_1)
     4    0.01                           ppa_black_5_1.U1.A (net)
                  0.30    0.00    0.33 ^ ppa_black_5_1.U1.and2/A (sky130_fd_sc_hd__and2_1)
                  0.08    0.21    0.54 ^ ppa_black_5_1.U1.and2/X (sky130_fd_sc_hd__and2_1)
     3    0.01                           ppa_black_5_1.U1.Y (net)
                  0.08    0.00    0.54 ^ ppa_black_7_2.U1.and2/B (sky130_fd_sc_hd__and2_1)
                  0.05    0.13    0.67 ^ ppa_black_7_2.U1.and2/X (sky130_fd_sc_hd__and2_1)
     1    0.00                           ppa_black_7_2.U1.Y (net)
                  0.05    0.00    0.67 ^ ppa_grey_7_3.U1.ao21/A2 (sky130_fd_sc_hd__a21o_1)
                  0.08    0.15    0.82 ^ ppa_grey_7_3.U1.ao21/X (sky130_fd_sc_hd__a21o_1)
     2    0.01                           ppa_grey_7_3.U1.Y (net)
                  0.08    0.00    0.82 ^ ppa_grey_cout.U1.ao21/A1 (sky130_fd_sc_hd__a21o_1)
                  0.33    0.34    1.16 ^ ppa_grey_cout.U1.ao21/X (sky130_fd_sc_hd__a21o_1)
     1    0.03                           cout (net)
                  0.33    0.00    1.16 ^ cout (out)
                                  1.16   data arrival time

                  0.00    1.00    1.00   clock clk (rise edge)
                          0.00    1.00   clock network delay (ideal)
                         -0.25    0.75   clock uncertainty
                          0.00    0.75   clock reconvergence pessimism
                          0.00    0.75   output external delay
                                  0.75   data required time
-----------------------------------------------------------------------------
                                  0.75   data required time
                                 -1.16   data arrival time
-----------------------------------------------------------------------------
                                 -0.41   slack (VIOLATED)


