
===========================================================================
report_checks -path_delay max (Setup)
============================================================================
Startpoint: a[5] (input port clocked by clk)
Endpoint: sum[15] (output port clocked by clk)
Path Group: clk
Path Type: max

Fanout     Cap    Slew   Delay    Time   Description
-----------------------------------------------------------------------------
                  0.00    0.00    0.00   clock clk (rise edge)
                          0.00    0.00   clock network delay (ideal)
                          0.00    0.00 v input external delay
                  0.01    0.01    0.01 v a[5] (in)
     1    0.00                           a[5] (net)
                  0.01    0.00    0.01 v input12/A (sky130_fd_sc_hd__dlymetal6s2s_1)
                  0.10    0.19    0.20 v input12/X (sky130_fd_sc_hd__dlymetal6s2s_1)
     2    0.02                           net12 (net)
                  0.10    0.00    0.20 v ppa_pre_6_0.U1.xor2/A (sky130_fd_sc_hd__xor2_2)
                  0.08    0.22    0.42 v ppa_pre_6_0.U1.xor2/X (sky130_fd_sc_hd__xor2_2)
     4    0.01                           ppa_black_6_1.U1.A (net)
                  0.08    0.00    0.42 v ppa_black_7_1.U1.and2/B (sky130_fd_sc_hd__and2_1)
                  0.05    0.20    0.62 v ppa_black_7_1.U1.and2/X (sky130_fd_sc_hd__and2_1)
     3    0.01                           ppa_black_7_1.U1.Y (net)
                  0.05    0.00    0.62 v ppa_black_7_2.U2.ao21/A2 (sky130_fd_sc_hd__a21o_1)
                  0.05    0.21    0.82 v ppa_black_7_2.U2.ao21/X (sky130_fd_sc_hd__a21o_1)
     2    0.01                           ppa_black_11_3.U2.A0 (net)
                  0.05    0.00    0.82 v ppa_grey_7_3.U1.ao21/B1 (sky130_fd_sc_hd__a21o_1)
                  0.07    0.20    1.02 v ppa_grey_7_3.U1.ao21/X (sky130_fd_sc_hd__a21o_1)
     2    0.01                           ppa_grey_15_4.U1.A0 (net)
                  0.07    0.00    1.02 v ppa_grey_15_4.U1.ao21/A1 (sky130_fd_sc_hd__a21o_1)
                  0.06    0.20    1.22 v ppa_grey_15_4.U1.ao21/X (sky130_fd_sc_hd__a21o_1)
     2    0.01                           ppa_grey_15_4.U1.Y (net)
                  0.06    0.00    1.22 v ppa_post_15_5.U1.xor2/B (sky130_fd_sc_hd__xor2_1)
                  0.11    0.14    1.36 ^ ppa_post_15_5.U1.xor2/X (sky130_fd_sc_hd__xor2_1)
     1    0.00                           ppa_post_15_5.U1.Y (net)
                  0.11    0.00    1.36 ^ _15_/A (sky130_fd_sc_hd__clkbuf_1)
                  0.04    0.10    1.46 ^ _15_/X (sky130_fd_sc_hd__clkbuf_1)
     1    0.00                           net41 (net)
                  0.04    0.00    1.46 ^ output41/A (sky130_fd_sc_hd__buf_2)
                  0.17    0.21    1.67 ^ output41/X (sky130_fd_sc_hd__buf_2)
     1    0.03                           sum[15] (net)
                  0.17    0.00    1.67 ^ sum[15] (out)
                                  1.67   data arrival time

                  0.00    1.00    1.00   clock clk (rise edge)
                          0.00    1.00   clock network delay (ideal)
                         -0.25    0.75   clock uncertainty
                          0.00    0.75   clock reconvergence pessimism
                          0.00    0.75   output external delay
                                  0.75   data required time
-----------------------------------------------------------------------------
                                  0.75   data required time
                                 -1.67   data arrival time
-----------------------------------------------------------------------------
                                 -0.92   slack (VIOLATED)


Startpoint: a[5] (input port clocked by clk)
Endpoint: sum[13] (output port clocked by clk)
Path Group: clk
Path Type: max

Fanout     Cap    Slew   Delay    Time   Description
-----------------------------------------------------------------------------
                  0.00    0.00    0.00   clock clk (rise edge)
                          0.00    0.00   clock network delay (ideal)
                          0.00    0.00 v input external delay
                  0.01    0.01    0.01 v a[5] (in)
     1    0.00                           a[5] (net)
                  0.01    0.00    0.01 v input12/A (sky130_fd_sc_hd__dlymetal6s2s_1)
                  0.10    0.19    0.20 v input12/X (sky130_fd_sc_hd__dlymetal6s2s_1)
     2    0.02                           net12 (net)
                  0.10    0.00    0.20 v ppa_pre_6_0.U1.xor2/A (sky130_fd_sc_hd__xor2_2)
                  0.08    0.22    0.42 v ppa_pre_6_0.U1.xor2/X (sky130_fd_sc_hd__xor2_2)
     4    0.01                           ppa_black_6_1.U1.A (net)
                  0.08    0.00    0.42 v ppa_black_7_1.U1.and2/B (sky130_fd_sc_hd__and2_1)
                  0.05    0.20    0.62 v ppa_black_7_1.U1.and2/X (sky130_fd_sc_hd__and2_1)
     3    0.01                           ppa_black_7_1.U1.Y (net)
                  0.05    0.00    0.62 v ppa_black_9_2.U1.and2/B (sky130_fd_sc_hd__and2_1)
                  0.06    0.19    0.81 v ppa_black_9_2.U1.and2/X (sky130_fd_sc_hd__and2_1)
     3    0.01                           ppa_black_13_3.U1.B (net)
                  0.06    0.00    0.81 v ppa_black_13_3.U1.and2/B (sky130_fd_sc_hd__and2_1)
                  0.04    0.16    0.97 v ppa_black_13_3.U1.and2/X (sky130_fd_sc_hd__and2_1)
     1    0.00                           ppa_black_13_3.U1.Y (net)
                  0.04    0.00    0.97 v ppa_grey_13_4.U1.ao21/A2 (sky130_fd_sc_hd__a21o_1)
                  0.04    0.19    1.16 v ppa_grey_13_4.U1.ao21/X (sky130_fd_sc_hd__a21o_1)
     1    0.01                           ppa_grey_13_4.U1.Y (net)
                  0.04    0.00    1.16 v ppa_post_13_5.U1.xor2/B (sky130_fd_sc_hd__xor2_1)
                  0.16    0.17    1.33 ^ ppa_post_13_5.U1.xor2/X (sky130_fd_sc_hd__xor2_1)
     1    0.01                           ppa_post_13_5.U1.Y (net)
                  0.16    0.00    1.33 ^ _13_/A (sky130_fd_sc_hd__clkbuf_1)
                  0.04    0.11    1.44 ^ _13_/X (sky130_fd_sc_hd__clkbuf_1)
     1    0.00                           net39 (net)
                  0.04    0.00    1.44 ^ output39/A (sky130_fd_sc_hd__buf_2)
                  0.17    0.21    1.65 ^ output39/X (sky130_fd_sc_hd__buf_2)
     1    0.03                           sum[13] (net)
                  0.17    0.00    1.65 ^ sum[13] (out)
                                  1.65   data arrival time

                  0.00    1.00    1.00   clock clk (rise edge)
                          0.00    1.00   clock network delay (ideal)
                         -0.25    0.75   clock uncertainty
                          0.00    0.75   clock reconvergence pessimism
                          0.00    0.75   output external delay
                                  0.75   data required time
-----------------------------------------------------------------------------
                                  0.75   data required time
                                 -1.65   data arrival time
-----------------------------------------------------------------------------
                                 -0.90   slack (VIOLATED)


Startpoint: a[6] (input port clocked by clk)
Endpoint: sum[10] (output port clocked by clk)
Path Group: clk
Path Type: max

Fanout     Cap    Slew   Delay    Time   Description
-----------------------------------------------------------------------------
                  0.00    0.00    0.00   clock clk (rise edge)
                          0.00    0.00   clock network delay (ideal)
                          0.00    0.00 v input external delay
                  0.01    0.00    0.00 v a[6] (in)
     1    0.00                           a[6] (net)
                  0.01    0.00    0.00 v input13/A (sky130_fd_sc_hd__dlymetal6s2s_1)
                  0.09    0.17    0.18 v input13/X (sky130_fd_sc_hd__dlymetal6s2s_1)
     2    0.01                           net13 (net)
                  0.09    0.00    0.18 v ppa_pre_7_0.U1.xor2/A (sky130_fd_sc_hd__xor2_2)
                  0.09    0.22    0.40 v ppa_pre_7_0.U1.xor2/X (sky130_fd_sc_hd__xor2_2)
     4    0.01                           ppa_black_7_1.U1.A (net)
                  0.09    0.00    0.40 v ppa_black_8_1.U1.and2/B (sky130_fd_sc_hd__and2_1)
                  0.06    0.20    0.60 v ppa_black_8_1.U1.and2/X (sky130_fd_sc_hd__and2_1)
     3    0.01                           ppa_black_10_2.U1.B (net)
                  0.06    0.00    0.60 v ppa_black_10_2.U1.and2/B (sky130_fd_sc_hd__and2_1)
                  0.06    0.19    0.79 v ppa_black_10_2.U1.and2/X (sky130_fd_sc_hd__and2_1)
     3    0.01                           ppa_black_10_2.U1.Y (net)
                  0.06    0.00    0.79 v ppa_black_10_3.U2.ao21/A2 (sky130_fd_sc_hd__a21o_1)
                  0.03    0.19    0.98 v ppa_black_10_3.U2.ao21/X (sky130_fd_sc_hd__a21o_1)
     1    0.00                           ppa_black_10_3.U2.Y (net)
                  0.03    0.00    0.98 v ppa_grey_10_4.U1.ao21/B1 (sky130_fd_sc_hd__a21o_1)
                  0.05    0.18    1.15 v ppa_grey_10_4.U1.ao21/X (sky130_fd_sc_hd__a21o_1)
     1    0.01                           ppa_grey_10_4.U1.Y (net)
                  0.05    0.00    1.15 v ppa_post_10_5.U1.xor2/B (sky130_fd_sc_hd__xor2_1)
                  0.12    0.14    1.29 ^ ppa_post_10_5.U1.xor2/X (sky130_fd_sc_hd__xor2_1)
     1    0.00                           ppa_post_10_5.U1.Y (net)
                  0.12    0.00    1.29 ^ _10_/A (sky130_fd_sc_hd__clkbuf_1)
                  0.04    0.10    1.40 ^ _10_/X (sky130_fd_sc_hd__clkbuf_1)
     1    0.00                           net36 (net)
                  0.04    0.00    1.40 ^ output36/A (sky130_fd_sc_hd__buf_2)
                  0.18    0.21    1.61 ^ output36/X (sky130_fd_sc_hd__buf_2)
     1    0.03                           sum[10] (net)
                  0.18    0.00    1.61 ^ sum[10] (out)
                                  1.61   data arrival time

                  0.00    1.00    1.00   clock clk (rise edge)
                          0.00    1.00   clock network delay (ideal)
                         -0.25    0.75   clock uncertainty
                          0.00    0.75   clock reconvergence pessimism
                          0.00    0.75   output external delay
                                  0.75   data required time
-----------------------------------------------------------------------------
                                  0.75   data required time
                                 -1.61   data arrival time
-----------------------------------------------------------------------------
                                 -0.86   slack (VIOLATED)


Startpoint: a[5] (input port clocked by clk)
Endpoint: sum[9] (output port clocked by clk)
Path Group: clk
Path Type: max

Fanout     Cap    Slew   Delay    Time   Description
-----------------------------------------------------------------------------
                  0.00    0.00    0.00   clock clk (rise edge)
                          0.00    0.00   clock network delay (ideal)
                          0.00    0.00 v input external delay
                  0.01    0.01    0.01 v a[5] (in)
     1    0.00                           a[5] (net)
                  0.01    0.00    0.01 v input12/A (sky130_fd_sc_hd__dlymetal6s2s_1)
                  0.10    0.19    0.20 v input12/X (sky130_fd_sc_hd__dlymetal6s2s_1)
     2    0.02                           net12 (net)
                  0.10    0.00    0.20 v ppa_pre_6_0.U1.xor2/A (sky130_fd_sc_hd__xor2_2)
                  0.08    0.22    0.42 v ppa_pre_6_0.U1.xor2/X (sky130_fd_sc_hd__xor2_2)
     4    0.01                           ppa_black_6_1.U1.A (net)
                  0.08    0.00    0.42 v ppa_black_7_1.U1.and2/B (sky130_fd_sc_hd__and2_1)
                  0.05    0.20    0.62 v ppa_black_7_1.U1.and2/X (sky130_fd_sc_hd__and2_1)
     3    0.01                           ppa_black_7_1.U1.Y (net)
                  0.05    0.00    0.62 v ppa_black_9_2.U1.and2/B (sky130_fd_sc_hd__and2_1)
                  0.06    0.19    0.81 v ppa_black_9_2.U1.and2/X (sky130_fd_sc_hd__and2_1)
     3    0.01                           ppa_black_13_3.U1.B (net)
                  0.06    0.00    0.81 v ppa_black_9_3.U2.ao21/A2 (sky130_fd_sc_hd__a21o_1)
                  0.03    0.19    0.99 v ppa_black_9_3.U2.ao21/X (sky130_fd_sc_hd__a21o_1)
     1    0.00                           ppa_black_9_3.U2.Y (net)
                  0.03    0.00    0.99 v ppa_grey_9_4.U1.ao21/B1 (sky130_fd_sc_hd__a21o_1)
                  0.04    0.16    1.15 v ppa_grey_9_4.U1.ao21/X (sky130_fd_sc_hd__a21o_1)
     1    0.00                           ppa_grey_9_4.U1.Y (net)
                  0.04    0.00    1.15 v ppa_post_9_5.U1.xor2/B (sky130_fd_sc_hd__xor2_1)
                  0.13    0.15    1.30 ^ ppa_post_9_5.U1.xor2/X (sky130_fd_sc_hd__xor2_1)
     1    0.00                           ppa_post_9_5.U1.Y (net)
                  0.13    0.00    1.30 ^ _09_/A (sky130_fd_sc_hd__clkbuf_1)
                  0.04    0.10    1.40 ^ _09_/X (sky130_fd_sc_hd__clkbuf_1)
     1    0.00                           net50 (net)
                  0.04    0.00    1.40 ^ output50/A (sky130_fd_sc_hd__buf_2)
                  0.18    0.21    1.61 ^ output50/X (sky130_fd_sc_hd__buf_2)
     1    0.03                           sum[9] (net)
                  0.18    0.00    1.61 ^ sum[9] (out)
                                  1.61   data arrival time

                  0.00    1.00    1.00   clock clk (rise edge)
                          0.00    1.00   clock network delay (ideal)
                         -0.25    0.75   clock uncertainty
                          0.00    0.75   clock reconvergence pessimism
                          0.00    0.75   output external delay
                                  0.75   data required time
-----------------------------------------------------------------------------
                                  0.75   data required time
                                 -1.61   data arrival time
-----------------------------------------------------------------------------
                                 -0.86   slack (VIOLATED)


Startpoint: a[5] (input port clocked by clk)
Endpoint: sum[14] (output port clocked by clk)
Path Group: clk
Path Type: max

Fanout     Cap    Slew   Delay    Time   Description
-----------------------------------------------------------------------------
                  0.00    0.00    0.00   clock clk (rise edge)
                          0.00    0.00   clock network delay (ideal)
                          0.00    0.00 v input external delay
                  0.01    0.01    0.01 v a[5] (in)
     1    0.00                           a[5] (net)
                  0.01    0.00    0.01 v input12/A (sky130_fd_sc_hd__dlymetal6s2s_1)
                  0.10    0.19    0.20 v input12/X (sky130_fd_sc_hd__dlymetal6s2s_1)
     2    0.02                           net12 (net)
                  0.10    0.00    0.20 v ppa_pre_6_0.U1.xor2/A (sky130_fd_sc_hd__xor2_2)
                  0.08    0.22    0.42 v ppa_pre_6_0.U1.xor2/X (sky130_fd_sc_hd__xor2_2)
     4    0.01                           ppa_black_6_1.U1.A (net)
                  0.08    0.00    0.42 v ppa_black_6_1.U1.and2/A (sky130_fd_sc_hd__and2_1)
                  0.06    0.19    0.61 v ppa_black_6_1.U1.and2/X (sky130_fd_sc_hd__and2_1)
     3    0.01                           ppa_black_6_1.U1.Y (net)
                  0.06    0.00    0.61 v ppa_black_6_2.U2.ao21/A2 (sky130_fd_sc_hd__a21o_1)
                  0.05    0.20    0.81 v ppa_black_6_2.U2.ao21/X (sky130_fd_sc_hd__a21o_1)
     2    0.01                           ppa_black_10_3.U2.A0 (net)
                  0.05    0.00    0.81 v ppa_grey_6_3.U1.ao21/B1 (sky130_fd_sc_hd__a21o_1)
                  0.07    0.20    1.01 v ppa_grey_6_3.U1.ao21/X (sky130_fd_sc_hd__a21o_1)
     2    0.01                           ppa_grey_14_4.U1.A0 (net)
                  0.07    0.00    1.01 v ppa_grey_14_4.U1.ao21/A1 (sky130_fd_sc_hd__a21o_1)
                  0.04    0.18    1.18 v ppa_grey_14_4.U1.ao21/X (sky130_fd_sc_hd__a21o_1)
     1    0.00                           ppa_grey_14_4.U1.Y (net)
                  0.04    0.00    1.18 v ppa_post_14_5.U1.xor2/B (sky130_fd_sc_hd__xor2_1)
                  0.11    0.12    1.31 ^ ppa_post_14_5.U1.xor2/X (sky130_fd_sc_hd__xor2_1)
     1    0.00                           ppa_post_14_5.U1.Y (net)
                  0.11    0.00    1.31 ^ _14_/A (sky130_fd_sc_hd__clkbuf_1)
                  0.04    0.10    1.40 ^ _14_/X (sky130_fd_sc_hd__clkbuf_1)
     1    0.00                           net40 (net)
                  0.04    0.00    1.40 ^ output40/A (sky130_fd_sc_hd__buf_2)
                  0.17    0.21    1.61 ^ output40/X (sky130_fd_sc_hd__buf_2)
     1    0.03                           sum[14] (net)
                  0.17    0.00    1.61 ^ sum[14] (out)
                                  1.61   data arrival time

                  0.00    1.00    1.00   clock clk (rise edge)
                          0.00    1.00   clock network delay (ideal)
                         -0.25    0.75   clock uncertainty
                          0.00    0.75   clock reconvergence pessimism
                          0.00    0.75   output external delay
                                  0.75   data required time
-----------------------------------------------------------------------------
                                  0.75   data required time
                                 -1.61   data arrival time
-----------------------------------------------------------------------------
                                 -0.86   slack (VIOLATED)


