
===========================================================================
report_checks -unconstrained
============================================================================
Startpoint: a[0] (input port clocked by clk)
Endpoint: sum[15] (output port clocked by clk)
Path Group: clk
Path Type: max

Fanout     Cap    Slew   Delay    Time   Description
-----------------------------------------------------------------------------
                  0.00    0.00    0.00   clock clk (rise edge)
                          0.00    0.00   clock network delay (ideal)
                          0.00    0.00 ^ input external delay
                  0.04    0.03    0.03 ^ a[0] (in)
     2    0.01                           a[0] (net)
                  0.04    0.00    0.03 ^ _106_/B (sky130_fd_sc_hd__nand2_2)
                  0.04    0.06    0.09 v _106_/Y (sky130_fd_sc_hd__nand2_2)
     3    0.01                           _064_ (net)
                  0.04    0.00    0.09 v _111_/B1_N (sky130_fd_sc_hd__a21boi_2)
                  0.11    0.21    0.31 v _111_/Y (sky130_fd_sc_hd__a21boi_2)
     4    0.03                           _068_ (net)
                  0.11    0.00    0.31 v _123_/A1 (sky130_fd_sc_hd__o41a_2)
                  0.10    0.58    0.89 v _123_/X (sky130_fd_sc_hd__o41a_2)
     2    0.01                           _078_ (net)
                  0.10    0.00    0.89 v _138_/A2 (sky130_fd_sc_hd__o31a_2)
                  0.09    0.42    1.30 v _138_/X (sky130_fd_sc_hd__o31a_2)
     3    0.02                           _091_ (net)
                  0.09    0.00    1.30 v _154_/A1 (sky130_fd_sc_hd__o21a_2)
                  0.07    0.28    1.58 v _154_/X (sky130_fd_sc_hd__o21a_2)
     3    0.02                           _105_ (net)
                  0.07    0.00    1.58 v _226_/A1 (sky130_fd_sc_hd__o41a_2)
                  0.10    0.57    2.16 v _226_/X (sky130_fd_sc_hd__o41a_2)
     2    0.02                           _063_ (net)
                  0.10    0.00    2.16 v _227_/B (sky130_fd_sc_hd__xnor2_2)
                  0.58    0.51    2.67 ^ _227_/Y (sky130_fd_sc_hd__xnor2_2)
     1    0.03                           sum[15] (net)
                  0.58    0.00    2.67 ^ sum[15] (out)
                                  2.67   data arrival time

                  0.00    4.50    4.50   clock clk (rise edge)
                          0.00    4.50   clock network delay (ideal)
                         -0.25    4.25   clock uncertainty
                          0.00    4.25   clock reconvergence pessimism
                          0.00    4.25   output external delay
                                  4.25   data required time
-----------------------------------------------------------------------------
                                  4.25   data required time
                                 -2.67   data arrival time
-----------------------------------------------------------------------------
                                  1.58   slack (MET)



===========================================================================
report_checks --slack_max -0.01
============================================================================
No paths found.
