
===========================================================================
report_checks -path_delay max (Setup)
============================================================================
Startpoint: b[0] (input port clocked by clk)
Endpoint: sum[15] (output port clocked by clk)
Path Group: clk
Path Type: max

Fanout     Cap    Slew   Delay    Time   Description
-----------------------------------------------------------------------------
                  0.00    0.00    0.00   clock clk (rise edge)
                          0.00    0.00   clock network delay (ideal)
                          0.00    0.00 ^ input external delay
                  0.03    0.02    0.02 ^ b[0] (in)
     1    0.00                           b[0] (net)
                  0.03    0.00    0.02 ^ input17/A (sky130_fd_sc_hd__clkbuf_1)
                  0.08    0.10    0.12 ^ input17/X (sky130_fd_sc_hd__clkbuf_1)
     2    0.01                           net17 (net)
                  0.08    0.00    0.12 ^ _107_/A (sky130_fd_sc_hd__or2_1)
                  0.16    0.20    0.32 ^ _107_/X (sky130_fd_sc_hd__or2_1)
     3    0.02                           _065_ (net)
                  0.16    0.00    0.32 ^ _111_/A2 (sky130_fd_sc_hd__a21boi_4)
                  0.07    0.11    0.43 v _111_/Y (sky130_fd_sc_hd__a21boi_4)
     4    0.02                           _068_ (net)
                  0.07    0.00    0.43 v _123_/A1 (sky130_fd_sc_hd__o41a_1)
                  0.10    0.49    0.92 v _123_/X (sky130_fd_sc_hd__o41a_1)
     2    0.01                           _078_ (net)
                  0.10    0.00    0.92 v _138_/A2 (sky130_fd_sc_hd__o31a_1)
                  0.10    0.37    1.29 v _138_/X (sky130_fd_sc_hd__o31a_1)
     3    0.02                           _091_ (net)
                  0.10    0.00    1.29 v _154_/A1 (sky130_fd_sc_hd__o21a_1)
                  0.08    0.26    1.55 v _154_/X (sky130_fd_sc_hd__o21a_1)
     3    0.01                           _105_ (net)
                  0.08    0.00    1.55 v _226_/A1 (sky130_fd_sc_hd__o41a_2)
                  0.10    0.57    2.12 v _226_/X (sky130_fd_sc_hd__o41a_2)
     2    0.02                           _063_ (net)
                  0.10    0.00    2.12 v _227_/B (sky130_fd_sc_hd__xnor2_2)
                  0.19    0.21    2.33 ^ _227_/Y (sky130_fd_sc_hd__xnor2_2)
     1    0.01                           net41 (net)
                  0.19    0.00    2.33 ^ output41/A (sky130_fd_sc_hd__buf_2)
                  0.18    0.26    2.59 ^ output41/X (sky130_fd_sc_hd__buf_2)
     1    0.03                           sum[15] (net)
                  0.18    0.00    2.59 ^ sum[15] (out)
                                  2.59   data arrival time

                  0.00    4.50    4.50   clock clk (rise edge)
                          0.00    4.50   clock network delay (ideal)
                         -0.25    4.25   clock uncertainty
                          0.00    4.25   clock reconvergence pessimism
                          0.00    4.25   output external delay
                                  4.25   data required time
-----------------------------------------------------------------------------
                                  4.25   data required time
                                 -2.59   data arrival time
-----------------------------------------------------------------------------
                                  1.66   slack (MET)


Startpoint: b[0] (input port clocked by clk)
Endpoint: cout (output port clocked by clk)
Path Group: clk
Path Type: max

Fanout     Cap    Slew   Delay    Time   Description
-----------------------------------------------------------------------------
                  0.00    0.00    0.00   clock clk (rise edge)
                          0.00    0.00   clock network delay (ideal)
                          0.00    0.00 ^ input external delay
                  0.03    0.02    0.02 ^ b[0] (in)
     1    0.00                           b[0] (net)
                  0.03    0.00    0.02 ^ input17/A (sky130_fd_sc_hd__clkbuf_1)
                  0.08    0.10    0.12 ^ input17/X (sky130_fd_sc_hd__clkbuf_1)
     2    0.01                           net17 (net)
                  0.08    0.00    0.12 ^ _107_/A (sky130_fd_sc_hd__or2_1)
                  0.16    0.20    0.32 ^ _107_/X (sky130_fd_sc_hd__or2_1)
     3    0.02                           _065_ (net)
                  0.16    0.00    0.32 ^ _111_/A2 (sky130_fd_sc_hd__a21boi_4)
                  0.07    0.11    0.43 v _111_/Y (sky130_fd_sc_hd__a21boi_4)
     4    0.02                           _068_ (net)
                  0.07    0.00    0.43 v _123_/A1 (sky130_fd_sc_hd__o41a_1)
                  0.10    0.49    0.92 v _123_/X (sky130_fd_sc_hd__o41a_1)
     2    0.01                           _078_ (net)
                  0.10    0.00    0.92 v _138_/A2 (sky130_fd_sc_hd__o31a_1)
                  0.10    0.37    1.29 v _138_/X (sky130_fd_sc_hd__o31a_1)
     3    0.02                           _091_ (net)
                  0.10    0.00    1.29 v _154_/A1 (sky130_fd_sc_hd__o21a_1)
                  0.08    0.26    1.55 v _154_/X (sky130_fd_sc_hd__o21a_1)
     3    0.01                           _105_ (net)
                  0.08    0.00    1.55 v _226_/A1 (sky130_fd_sc_hd__o41a_2)
                  0.10    0.57    2.12 v _226_/X (sky130_fd_sc_hd__o41a_2)
     2    0.02                           _063_ (net)
                  0.10    0.00    2.12 v _228_/A2 (sky130_fd_sc_hd__o21ai_1)
                  0.17    0.20    2.32 ^ _228_/Y (sky130_fd_sc_hd__o21ai_1)
     1    0.01                           net34 (net)
                  0.17    0.00    2.32 ^ output34/A (sky130_fd_sc_hd__buf_2)
                  0.17    0.25    2.57 ^ output34/X (sky130_fd_sc_hd__buf_2)
     1    0.03                           cout (net)
                  0.17    0.00    2.58 ^ cout (out)
                                  2.58   data arrival time

                  0.00    4.50    4.50   clock clk (rise edge)
                          0.00    4.50   clock network delay (ideal)
                         -0.25    4.25   clock uncertainty
                          0.00    4.25   clock reconvergence pessimism
                          0.00    4.25   output external delay
                                  4.25   data required time
-----------------------------------------------------------------------------
                                  4.25   data required time
                                 -2.58   data arrival time
-----------------------------------------------------------------------------
                                  1.67   slack (MET)


Startpoint: b[0] (input port clocked by clk)
Endpoint: sum[11] (output port clocked by clk)
Path Group: clk
Path Type: max

Fanout     Cap    Slew   Delay    Time   Description
-----------------------------------------------------------------------------
                  0.00    0.00    0.00   clock clk (rise edge)
                          0.00    0.00   clock network delay (ideal)
                          0.00    0.00 ^ input external delay
                  0.03    0.02    0.02 ^ b[0] (in)
     1    0.00                           b[0] (net)
                  0.03    0.00    0.02 ^ input17/A (sky130_fd_sc_hd__clkbuf_1)
                  0.08    0.10    0.12 ^ input17/X (sky130_fd_sc_hd__clkbuf_1)
     2    0.01                           net17 (net)
                  0.08    0.00    0.12 ^ _107_/A (sky130_fd_sc_hd__or2_1)
                  0.16    0.20    0.32 ^ _107_/X (sky130_fd_sc_hd__or2_1)
     3    0.02                           _065_ (net)
                  0.16    0.00    0.32 ^ _111_/A2 (sky130_fd_sc_hd__a21boi_4)
                  0.07    0.11    0.43 v _111_/Y (sky130_fd_sc_hd__a21boi_4)
     4    0.02                           _068_ (net)
                  0.07    0.00    0.43 v _123_/A1 (sky130_fd_sc_hd__o41a_1)
                  0.10    0.49    0.92 v _123_/X (sky130_fd_sc_hd__o41a_1)
     2    0.01                           _078_ (net)
                  0.10    0.00    0.92 v _138_/A2 (sky130_fd_sc_hd__o31a_1)
                  0.10    0.37    1.29 v _138_/X (sky130_fd_sc_hd__o31a_1)
     3    0.02                           _091_ (net)
                  0.10    0.00    1.29 v _154_/A1 (sky130_fd_sc_hd__o21a_1)
                  0.08    0.26    1.55 v _154_/X (sky130_fd_sc_hd__o21a_1)
     3    0.01                           _105_ (net)
                  0.08    0.00    1.55 v _192_/A1 (sky130_fd_sc_hd__o31a_1)
                  0.06    0.33    1.88 v _192_/X (sky130_fd_sc_hd__o31a_1)
     1    0.01                           _033_ (net)
                  0.06    0.00    1.88 v _193_/B (sky130_fd_sc_hd__xor2_1)
                  0.21    0.22    2.10 ^ _193_/X (sky130_fd_sc_hd__xor2_1)
     1    0.01                           net37 (net)
                  0.21    0.00    2.10 ^ output37/A (sky130_fd_sc_hd__buf_2)
                  0.17    0.27    2.37 ^ output37/X (sky130_fd_sc_hd__buf_2)
     1    0.03                           sum[11] (net)
                  0.17    0.00    2.37 ^ sum[11] (out)
                                  2.37   data arrival time

                  0.00    4.50    4.50   clock clk (rise edge)
                          0.00    4.50   clock network delay (ideal)
                         -0.25    4.25   clock uncertainty
                          0.00    4.25   clock reconvergence pessimism
                          0.00    4.25   output external delay
                                  4.25   data required time
-----------------------------------------------------------------------------
                                  4.25   data required time
                                 -2.37   data arrival time
-----------------------------------------------------------------------------
                                  1.88   slack (MET)


Startpoint: b[0] (input port clocked by clk)
Endpoint: sum[13] (output port clocked by clk)
Path Group: clk
Path Type: max

Fanout     Cap    Slew   Delay    Time   Description
-----------------------------------------------------------------------------
                  0.00    0.00    0.00   clock clk (rise edge)
                          0.00    0.00   clock network delay (ideal)
                          0.00    0.00 ^ input external delay
                  0.03    0.02    0.02 ^ b[0] (in)
     1    0.00                           b[0] (net)
                  0.03    0.00    0.02 ^ input17/A (sky130_fd_sc_hd__clkbuf_1)
                  0.08    0.10    0.12 ^ input17/X (sky130_fd_sc_hd__clkbuf_1)
     2    0.01                           net17 (net)
                  0.08    0.00    0.12 ^ _107_/A (sky130_fd_sc_hd__or2_1)
                  0.16    0.20    0.32 ^ _107_/X (sky130_fd_sc_hd__or2_1)
     3    0.02                           _065_ (net)
                  0.16    0.00    0.32 ^ _111_/A2 (sky130_fd_sc_hd__a21boi_4)
                  0.07    0.11    0.43 v _111_/Y (sky130_fd_sc_hd__a21boi_4)
     4    0.02                           _068_ (net)
                  0.07    0.00    0.43 v _123_/A1 (sky130_fd_sc_hd__o41a_1)
                  0.10    0.49    0.92 v _123_/X (sky130_fd_sc_hd__o41a_1)
     2    0.01                           _078_ (net)
                  0.10    0.00    0.92 v _138_/A2 (sky130_fd_sc_hd__o31a_1)
                  0.10    0.37    1.29 v _138_/X (sky130_fd_sc_hd__o31a_1)
     3    0.02                           _091_ (net)
                  0.10    0.00    1.29 v _168_/A (sky130_fd_sc_hd__nor3_1)
                  0.28    0.31    1.60 ^ _168_/Y (sky130_fd_sc_hd__nor3_1)
     2    0.01                           _011_ (net)
                  0.28    0.00    1.60 ^ _211_/A1 (sky130_fd_sc_hd__a31o_1)
                  0.09    0.23    1.83 ^ _211_/X (sky130_fd_sc_hd__a31o_1)
     1    0.01                           _050_ (net)
                  0.09    0.00    1.83 ^ _212_/B (sky130_fd_sc_hd__xnor2_1)
                  0.12    0.12    1.95 ^ _212_/Y (sky130_fd_sc_hd__xnor2_1)
     1    0.00                           net39 (net)
                  0.12    0.00    1.95 ^ output39/A (sky130_fd_sc_hd__buf_2)
                  0.17    0.24    2.19 ^ output39/X (sky130_fd_sc_hd__buf_2)
     1    0.03                           sum[13] (net)
                  0.17    0.00    2.19 ^ sum[13] (out)
                                  2.19   data arrival time

                  0.00    4.50    4.50   clock clk (rise edge)
                          0.00    4.50   clock network delay (ideal)
                         -0.25    4.25   clock uncertainty
                          0.00    4.25   clock reconvergence pessimism
                          0.00    4.25   output external delay
                                  4.25   data required time
-----------------------------------------------------------------------------
                                  4.25   data required time
                                 -2.19   data arrival time
-----------------------------------------------------------------------------
                                  2.06   slack (MET)


Startpoint: b[0] (input port clocked by clk)
Endpoint: sum[9] (output port clocked by clk)
Path Group: clk
Path Type: max

Fanout     Cap    Slew   Delay    Time   Description
-----------------------------------------------------------------------------
                  0.00    0.00    0.00   clock clk (rise edge)
                          0.00    0.00   clock network delay (ideal)
                          0.00    0.00 ^ input external delay
                  0.03    0.02    0.02 ^ b[0] (in)
     1    0.00                           b[0] (net)
                  0.03    0.00    0.02 ^ input17/A (sky130_fd_sc_hd__clkbuf_1)
                  0.08    0.10    0.12 ^ input17/X (sky130_fd_sc_hd__clkbuf_1)
     2    0.01                           net17 (net)
                  0.08    0.00    0.12 ^ _107_/A (sky130_fd_sc_hd__or2_1)
                  0.16    0.20    0.32 ^ _107_/X (sky130_fd_sc_hd__or2_1)
     3    0.02                           _065_ (net)
                  0.16    0.00    0.32 ^ _111_/A2 (sky130_fd_sc_hd__a21boi_4)
                  0.07    0.11    0.43 v _111_/Y (sky130_fd_sc_hd__a21boi_4)
     4    0.02                           _068_ (net)
                  0.07    0.00    0.43 v _123_/A1 (sky130_fd_sc_hd__o41a_1)
                  0.10    0.49    0.92 v _123_/X (sky130_fd_sc_hd__o41a_1)
     2    0.01                           _078_ (net)
                  0.10    0.00    0.92 v _138_/A2 (sky130_fd_sc_hd__o31a_1)
                  0.10    0.37    1.29 v _138_/X (sky130_fd_sc_hd__o31a_1)
     3    0.02                           _091_ (net)
                  0.10    0.00    1.29 v _168_/A (sky130_fd_sc_hd__nor3_1)
                  0.28    0.31    1.60 ^ _168_/Y (sky130_fd_sc_hd__nor3_1)
     2    0.01                           _011_ (net)
                  0.28    0.00    1.60 ^ _172_/A (sky130_fd_sc_hd__or2b_1)
                  0.06    0.17    1.77 ^ _172_/X (sky130_fd_sc_hd__or2b_1)
     1    0.01                           _015_ (net)
                  0.06    0.00    1.77 ^ _173_/B (sky130_fd_sc_hd__xnor2_1)
                  0.18    0.14    1.91 ^ _173_/Y (sky130_fd_sc_hd__xnor2_1)
     1    0.01                           net50 (net)
                  0.18    0.00    1.91 ^ output50/A (sky130_fd_sc_hd__buf_2)
                  0.17    0.26    2.17 ^ output50/X (sky130_fd_sc_hd__buf_2)
     1    0.03                           sum[9] (net)
                  0.17    0.00    2.17 ^ sum[9] (out)
                                  2.17   data arrival time

                  0.00    4.50    4.50   clock clk (rise edge)
                          0.00    4.50   clock network delay (ideal)
                         -0.25    4.25   clock uncertainty
                          0.00    4.25   clock reconvergence pessimism
                          0.00    4.25   output external delay
                                  4.25   data required time
-----------------------------------------------------------------------------
                                  4.25   data required time
                                 -2.17   data arrival time
-----------------------------------------------------------------------------
                                  2.08   slack (MET)


