
===========================================================================
report_checks -path_delay max (Setup)
============================================================================
Startpoint: a[0] (input port clocked by clk)
Endpoint: sum[7] (output port clocked by clk)
Path Group: clk
Path Type: max

Fanout     Cap    Slew   Delay    Time   Description
-----------------------------------------------------------------------------
                  0.00    0.00    0.00   clock clk (rise edge)
                          0.00    0.00   clock network delay (ideal)
                          0.00    0.00 v input external delay
                  0.02    0.01    0.01 v a[0] (in)
     2    0.01                           a[0] (net)
                  0.02    0.00    0.01 v ppa_pre_1_0.U1.xor2/A (sky130_fd_sc_hs__xor2_1)
                  0.06    0.13    0.14 v ppa_pre_1_0.U1.xor2/X (sky130_fd_sc_hs__xor2_1)
     2    0.01                           ppa_grey_1_1.U1.A1 (net)
                  0.06    0.00    0.14 v ppa_grey_1_1.U1.ao21/A2 (sky130_fd_sc_hs__a21o_1)
                  0.04    0.16    0.30 v ppa_grey_1_1.U1.ao21/X (sky130_fd_sc_hs__a21o_1)
     2    0.01                           ppa_grey_1_1.U1.Y (net)
                  0.04    0.00    0.30 v ppa_grey_2_2.U1.ao21/A1 (sky130_fd_sc_hs__a21o_1)
                  0.04    0.14    0.44 v ppa_grey_2_2.U1.ao21/X (sky130_fd_sc_hs__a21o_1)
     2    0.01                           ppa_grey_2_2.U1.Y (net)
                  0.04    0.00    0.44 v ppa_grey_3_3.U1.ao21/A1 (sky130_fd_sc_hs__a21o_1)
                  0.04    0.14    0.58 v ppa_grey_3_3.U1.ao21/X (sky130_fd_sc_hs__a21o_1)
     2    0.01                           ppa_grey_3_3.U1.Y (net)
                  0.04    0.00    0.58 v ppa_grey_4_4.U1.ao21/A1 (sky130_fd_sc_hs__a21o_1)
                  0.04    0.14    0.72 v ppa_grey_4_4.U1.ao21/X (sky130_fd_sc_hs__a21o_1)
     2    0.01                           ppa_grey_4_4.U1.Y (net)
                  0.04    0.00    0.72 v ppa_grey_5_5.U1.ao21/A1 (sky130_fd_sc_hs__a21o_1)
                  0.04    0.14    0.86 v ppa_grey_5_5.U1.ao21/X (sky130_fd_sc_hs__a21o_1)
     2    0.01                           ppa_grey_5_5.U1.Y (net)
                  0.04    0.00    0.86 v ppa_grey_6_6.U1.ao21/A1 (sky130_fd_sc_hs__a21o_1)
                  0.04    0.14    1.00 v ppa_grey_6_6.U1.ao21/X (sky130_fd_sc_hs__a21o_1)
     2    0.01                           ppa_grey_6_6.U1.Y (net)
                  0.04    0.00    1.00 v ppa_grey_7_7.U1.ao21/A1 (sky130_fd_sc_hs__a21o_1)
                  0.04    0.14    1.15 v ppa_grey_7_7.U1.ao21/X (sky130_fd_sc_hs__a21o_1)
     2    0.01                           ppa_grey_7_7.U1.Y (net)
                  0.04    0.00    1.15 v ppa_post_7_8.U1.xor2/B (sky130_fd_sc_hs__xor2_1)
                  0.09    0.10    1.24 ^ ppa_post_7_8.U1.xor2/X (sky130_fd_sc_hs__xor2_1)
     1    0.00                           ppa_post_7_8.U1.Y (net)
                  0.09    0.00    1.24 ^ _7_/A (sky130_fd_sc_hs__buf_2)
                  0.19    0.20    1.45 ^ _7_/X (sky130_fd_sc_hs__buf_2)
     1    0.04                           sum[7] (net)
                  0.19    0.00    1.45 ^ sum[7] (out)
                                  1.45   data arrival time

                  0.00    0.75    0.75   clock clk (rise edge)
                          0.00    0.75   clock network delay (ideal)
                         -0.25    0.50   clock uncertainty
                          0.00    0.50   clock reconvergence pessimism
                          0.00    0.50   output external delay
                                  0.50   data required time
-----------------------------------------------------------------------------
                                  0.50   data required time
                                 -1.45   data arrival time
-----------------------------------------------------------------------------
                                 -0.95   slack (VIOLATED)


Startpoint: a[0] (input port clocked by clk)
Endpoint: cout (output port clocked by clk)
Path Group: clk
Path Type: max

Fanout     Cap    Slew   Delay    Time   Description
-----------------------------------------------------------------------------
                  0.00    0.00    0.00   clock clk (rise edge)
                          0.00    0.00   clock network delay (ideal)
                          0.00    0.00 v input external delay
                  0.02    0.01    0.01 v a[0] (in)
     2    0.01                           a[0] (net)
                  0.02    0.00    0.01 v ppa_pre_1_0.U1.xor2/A (sky130_fd_sc_hs__xor2_1)
                  0.06    0.13    0.14 v ppa_pre_1_0.U1.xor2/X (sky130_fd_sc_hs__xor2_1)
     2    0.01                           ppa_grey_1_1.U1.A1 (net)
                  0.06    0.00    0.14 v ppa_grey_1_1.U1.ao21/A2 (sky130_fd_sc_hs__a21o_1)
                  0.04    0.16    0.30 v ppa_grey_1_1.U1.ao21/X (sky130_fd_sc_hs__a21o_1)
     2    0.01                           ppa_grey_1_1.U1.Y (net)
                  0.04    0.00    0.30 v ppa_grey_2_2.U1.ao21/A1 (sky130_fd_sc_hs__a21o_1)
                  0.04    0.14    0.44 v ppa_grey_2_2.U1.ao21/X (sky130_fd_sc_hs__a21o_1)
     2    0.01                           ppa_grey_2_2.U1.Y (net)
                  0.04    0.00    0.44 v ppa_grey_3_3.U1.ao21/A1 (sky130_fd_sc_hs__a21o_1)
                  0.04    0.14    0.58 v ppa_grey_3_3.U1.ao21/X (sky130_fd_sc_hs__a21o_1)
     2    0.01                           ppa_grey_3_3.U1.Y (net)
                  0.04    0.00    0.58 v ppa_grey_4_4.U1.ao21/A1 (sky130_fd_sc_hs__a21o_1)
                  0.04    0.14    0.72 v ppa_grey_4_4.U1.ao21/X (sky130_fd_sc_hs__a21o_1)
     2    0.01                           ppa_grey_4_4.U1.Y (net)
                  0.04    0.00    0.72 v ppa_grey_5_5.U1.ao21/A1 (sky130_fd_sc_hs__a21o_1)
                  0.04    0.14    0.86 v ppa_grey_5_5.U1.ao21/X (sky130_fd_sc_hs__a21o_1)
     2    0.01                           ppa_grey_5_5.U1.Y (net)
                  0.04    0.00    0.86 v ppa_grey_6_6.U1.ao21/A1 (sky130_fd_sc_hs__a21o_1)
                  0.04    0.14    1.00 v ppa_grey_6_6.U1.ao21/X (sky130_fd_sc_hs__a21o_1)
     2    0.01                           ppa_grey_6_6.U1.Y (net)
                  0.04    0.00    1.00 v ppa_grey_7_7.U1.ao21/A1 (sky130_fd_sc_hs__a21o_1)
                  0.04    0.14    1.15 v ppa_grey_7_7.U1.ao21/X (sky130_fd_sc_hs__a21o_1)
     2    0.01                           ppa_grey_7_7.U1.Y (net)
                  0.04    0.00    1.15 v ppa_grey_cout.U1.ao21/A1 (sky130_fd_sc_hs__a21o_1)
                  0.17    0.25    1.40 v ppa_grey_cout.U1.ao21/X (sky130_fd_sc_hs__a21o_1)
     1    0.04                           cout (net)
                  0.17    0.00    1.40 v cout (out)
                                  1.40   data arrival time

                  0.00    0.75    0.75   clock clk (rise edge)
                          0.00    0.75   clock network delay (ideal)
                         -0.25    0.50   clock uncertainty
                          0.00    0.50   clock reconvergence pessimism
                          0.00    0.50   output external delay
                                  0.50   data required time
-----------------------------------------------------------------------------
                                  0.50   data required time
                                 -1.40   data arrival time
-----------------------------------------------------------------------------
                                 -0.90   slack (VIOLATED)


Startpoint: a[0] (input port clocked by clk)
Endpoint: sum[6] (output port clocked by clk)
Path Group: clk
Path Type: max

Fanout     Cap    Slew   Delay    Time   Description
-----------------------------------------------------------------------------
                  0.00    0.00    0.00   clock clk (rise edge)
                          0.00    0.00   clock network delay (ideal)
                          0.00    0.00 v input external delay
                  0.02    0.01    0.01 v a[0] (in)
     2    0.01                           a[0] (net)
                  0.02    0.00    0.01 v ppa_pre_1_0.U1.xor2/A (sky130_fd_sc_hs__xor2_1)
                  0.06    0.13    0.14 v ppa_pre_1_0.U1.xor2/X (sky130_fd_sc_hs__xor2_1)
     2    0.01                           ppa_grey_1_1.U1.A1 (net)
                  0.06    0.00    0.14 v ppa_grey_1_1.U1.ao21/A2 (sky130_fd_sc_hs__a21o_1)
                  0.04    0.16    0.30 v ppa_grey_1_1.U1.ao21/X (sky130_fd_sc_hs__a21o_1)
     2    0.01                           ppa_grey_1_1.U1.Y (net)
                  0.04    0.00    0.30 v ppa_grey_2_2.U1.ao21/A1 (sky130_fd_sc_hs__a21o_1)
                  0.04    0.14    0.44 v ppa_grey_2_2.U1.ao21/X (sky130_fd_sc_hs__a21o_1)
     2    0.01                           ppa_grey_2_2.U1.Y (net)
                  0.04    0.00    0.44 v ppa_grey_3_3.U1.ao21/A1 (sky130_fd_sc_hs__a21o_1)
                  0.04    0.14    0.58 v ppa_grey_3_3.U1.ao21/X (sky130_fd_sc_hs__a21o_1)
     2    0.01                           ppa_grey_3_3.U1.Y (net)
                  0.04    0.00    0.58 v ppa_grey_4_4.U1.ao21/A1 (sky130_fd_sc_hs__a21o_1)
                  0.04    0.14    0.72 v ppa_grey_4_4.U1.ao21/X (sky130_fd_sc_hs__a21o_1)
     2    0.01                           ppa_grey_4_4.U1.Y (net)
                  0.04    0.00    0.72 v ppa_grey_5_5.U1.ao21/A1 (sky130_fd_sc_hs__a21o_1)
                  0.04    0.14    0.86 v ppa_grey_5_5.U1.ao21/X (sky130_fd_sc_hs__a21o_1)
     2    0.01                           ppa_grey_5_5.U1.Y (net)
                  0.04    0.00    0.86 v ppa_grey_6_6.U1.ao21/A1 (sky130_fd_sc_hs__a21o_1)
                  0.04    0.14    1.00 v ppa_grey_6_6.U1.ao21/X (sky130_fd_sc_hs__a21o_1)
     2    0.01                           ppa_grey_6_6.U1.Y (net)
                  0.04    0.00    1.00 v ppa_post_6_8.U1.xor2/B (sky130_fd_sc_hs__xor2_1)
                  0.09    0.10    1.10 ^ ppa_post_6_8.U1.xor2/X (sky130_fd_sc_hs__xor2_1)
     1    0.00                           ppa_post_6_8.U1.Y (net)
                  0.09    0.00    1.10 ^ _6_/A (sky130_fd_sc_hs__buf_2)
                  0.19    0.20    1.31 ^ _6_/X (sky130_fd_sc_hs__buf_2)
     1    0.04                           sum[6] (net)
                  0.19    0.00    1.31 ^ sum[6] (out)
                                  1.31   data arrival time

                  0.00    0.75    0.75   clock clk (rise edge)
                          0.00    0.75   clock network delay (ideal)
                         -0.25    0.50   clock uncertainty
                          0.00    0.50   clock reconvergence pessimism
                          0.00    0.50   output external delay
                                  0.50   data required time
-----------------------------------------------------------------------------
                                  0.50   data required time
                                 -1.31   data arrival time
-----------------------------------------------------------------------------
                                 -0.81   slack (VIOLATED)


Startpoint: a[0] (input port clocked by clk)
Endpoint: sum[5] (output port clocked by clk)
Path Group: clk
Path Type: max

Fanout     Cap    Slew   Delay    Time   Description
-----------------------------------------------------------------------------
                  0.00    0.00    0.00   clock clk (rise edge)
                          0.00    0.00   clock network delay (ideal)
                          0.00    0.00 v input external delay
                  0.02    0.01    0.01 v a[0] (in)
     2    0.01                           a[0] (net)
                  0.02    0.00    0.01 v ppa_pre_1_0.U1.xor2/A (sky130_fd_sc_hs__xor2_1)
                  0.06    0.13    0.14 v ppa_pre_1_0.U1.xor2/X (sky130_fd_sc_hs__xor2_1)
     2    0.01                           ppa_grey_1_1.U1.A1 (net)
                  0.06    0.00    0.14 v ppa_grey_1_1.U1.ao21/A2 (sky130_fd_sc_hs__a21o_1)
                  0.04    0.16    0.30 v ppa_grey_1_1.U1.ao21/X (sky130_fd_sc_hs__a21o_1)
     2    0.01                           ppa_grey_1_1.U1.Y (net)
                  0.04    0.00    0.30 v ppa_grey_2_2.U1.ao21/A1 (sky130_fd_sc_hs__a21o_1)
                  0.04    0.14    0.44 v ppa_grey_2_2.U1.ao21/X (sky130_fd_sc_hs__a21o_1)
     2    0.01                           ppa_grey_2_2.U1.Y (net)
                  0.04    0.00    0.44 v ppa_grey_3_3.U1.ao21/A1 (sky130_fd_sc_hs__a21o_1)
                  0.04    0.14    0.58 v ppa_grey_3_3.U1.ao21/X (sky130_fd_sc_hs__a21o_1)
     2    0.01                           ppa_grey_3_3.U1.Y (net)
                  0.04    0.00    0.58 v ppa_grey_4_4.U1.ao21/A1 (sky130_fd_sc_hs__a21o_1)
                  0.04    0.14    0.72 v ppa_grey_4_4.U1.ao21/X (sky130_fd_sc_hs__a21o_1)
     2    0.01                           ppa_grey_4_4.U1.Y (net)
                  0.04    0.00    0.72 v ppa_grey_5_5.U1.ao21/A1 (sky130_fd_sc_hs__a21o_1)
                  0.04    0.14    0.86 v ppa_grey_5_5.U1.ao21/X (sky130_fd_sc_hs__a21o_1)
     2    0.01                           ppa_grey_5_5.U1.Y (net)
                  0.04    0.00    0.86 v ppa_post_5_8.U1.xor2/B (sky130_fd_sc_hs__xor2_1)
                  0.09    0.10    0.96 ^ ppa_post_5_8.U1.xor2/X (sky130_fd_sc_hs__xor2_1)
     1    0.00                           ppa_post_5_8.U1.Y (net)
                  0.09    0.00    0.96 ^ _5_/A (sky130_fd_sc_hs__buf_2)
                  0.19    0.20    1.16 ^ _5_/X (sky130_fd_sc_hs__buf_2)
     1    0.04                           sum[5] (net)
                  0.19    0.00    1.16 ^ sum[5] (out)
                                  1.16   data arrival time

                  0.00    0.75    0.75   clock clk (rise edge)
                          0.00    0.75   clock network delay (ideal)
                         -0.25    0.50   clock uncertainty
                          0.00    0.50   clock reconvergence pessimism
                          0.00    0.50   output external delay
                                  0.50   data required time
-----------------------------------------------------------------------------
                                  0.50   data required time
                                 -1.16   data arrival time
-----------------------------------------------------------------------------
                                 -0.66   slack (VIOLATED)


Startpoint: a[0] (input port clocked by clk)
Endpoint: sum[4] (output port clocked by clk)
Path Group: clk
Path Type: max

Fanout     Cap    Slew   Delay    Time   Description
-----------------------------------------------------------------------------
                  0.00    0.00    0.00   clock clk (rise edge)
                          0.00    0.00   clock network delay (ideal)
                          0.00    0.00 v input external delay
                  0.02    0.01    0.01 v a[0] (in)
     2    0.01                           a[0] (net)
                  0.02    0.00    0.01 v ppa_pre_1_0.U1.xor2/A (sky130_fd_sc_hs__xor2_1)
                  0.06    0.13    0.14 v ppa_pre_1_0.U1.xor2/X (sky130_fd_sc_hs__xor2_1)
     2    0.01                           ppa_grey_1_1.U1.A1 (net)
                  0.06    0.00    0.14 v ppa_grey_1_1.U1.ao21/A2 (sky130_fd_sc_hs__a21o_1)
                  0.04    0.16    0.30 v ppa_grey_1_1.U1.ao21/X (sky130_fd_sc_hs__a21o_1)
     2    0.01                           ppa_grey_1_1.U1.Y (net)
                  0.04    0.00    0.30 v ppa_grey_2_2.U1.ao21/A1 (sky130_fd_sc_hs__a21o_1)
                  0.04    0.14    0.44 v ppa_grey_2_2.U1.ao21/X (sky130_fd_sc_hs__a21o_1)
     2    0.01                           ppa_grey_2_2.U1.Y (net)
                  0.04    0.00    0.44 v ppa_grey_3_3.U1.ao21/A1 (sky130_fd_sc_hs__a21o_1)
                  0.04    0.14    0.58 v ppa_grey_3_3.U1.ao21/X (sky130_fd_sc_hs__a21o_1)
     2    0.01                           ppa_grey_3_3.U1.Y (net)
                  0.04    0.00    0.58 v ppa_grey_4_4.U1.ao21/A1 (sky130_fd_sc_hs__a21o_1)
                  0.04    0.14    0.72 v ppa_grey_4_4.U1.ao21/X (sky130_fd_sc_hs__a21o_1)
     2    0.01                           ppa_grey_4_4.U1.Y (net)
                  0.04    0.00    0.72 v ppa_post_4_8.U1.xor2/B (sky130_fd_sc_hs__xor2_1)
                  0.09    0.10    0.82 ^ ppa_post_4_8.U1.xor2/X (sky130_fd_sc_hs__xor2_1)
     1    0.00                           ppa_post_4_8.U1.Y (net)
                  0.09    0.00    0.82 ^ _4_/A (sky130_fd_sc_hs__buf_2)
                  0.19    0.20    1.02 ^ _4_/X (sky130_fd_sc_hs__buf_2)
     1    0.04                           sum[4] (net)
                  0.19    0.00    1.02 ^ sum[4] (out)
                                  1.02   data arrival time

                  0.00    0.75    0.75   clock clk (rise edge)
                          0.00    0.75   clock network delay (ideal)
                         -0.25    0.50   clock uncertainty
                          0.00    0.50   clock reconvergence pessimism
                          0.00    0.50   output external delay
                                  0.50   data required time
-----------------------------------------------------------------------------
                                  0.50   data required time
                                 -1.02   data arrival time
-----------------------------------------------------------------------------
                                 -0.52   slack (VIOLATED)


