
===========================================================================
report_checks -unconstrained
============================================================================
Startpoint: a[0] (input port clocked by clk)
Endpoint: sum[7] (output port clocked by clk)
Path Group: clk
Path Type: max

Fanout     Cap    Slew   Delay    Time   Description
-----------------------------------------------------------------------------
                  0.00    0.00    0.00   clock clk (rise edge)
                          0.00    0.00   clock network delay (ideal)
                          0.00    0.00 v input external delay
                  0.02    0.01    0.01 v a[0] (in)
     2    0.01                           a[0] (net)
                  0.02    0.00    0.01 v ppa_pre_1_0.U1.xor2/A (sky130_fd_sc_hs__xor2_1)
                  0.06    0.13    0.14 v ppa_pre_1_0.U1.xor2/X (sky130_fd_sc_hs__xor2_1)
     2    0.01                           ppa_grey_1_1.U1.A1 (net)
                  0.06    0.00    0.14 v ppa_grey_1_1.U1.ao21/A2 (sky130_fd_sc_hs__a21o_1)
                  0.04    0.16    0.30 v ppa_grey_1_1.U1.ao21/X (sky130_fd_sc_hs__a21o_1)
     2    0.01                           ppa_grey_1_1.U1.Y (net)
                  0.04    0.00    0.30 v ppa_grey_2_2.U1.ao21/A1 (sky130_fd_sc_hs__a21o_1)
                  0.04    0.14    0.44 v ppa_grey_2_2.U1.ao21/X (sky130_fd_sc_hs__a21o_1)
     2    0.01                           ppa_grey_2_2.U1.Y (net)
                  0.04    0.00    0.44 v ppa_grey_3_3.U1.ao21/A1 (sky130_fd_sc_hs__a21o_1)
                  0.04    0.14    0.58 v ppa_grey_3_3.U1.ao21/X (sky130_fd_sc_hs__a21o_1)
     2    0.01                           ppa_grey_3_3.U1.Y (net)
                  0.04    0.00    0.58 v ppa_grey_4_4.U1.ao21/A1 (sky130_fd_sc_hs__a21o_1)
                  0.04    0.14    0.72 v ppa_grey_4_4.U1.ao21/X (sky130_fd_sc_hs__a21o_1)
     2    0.01                           ppa_grey_4_4.U1.Y (net)
                  0.04    0.00    0.72 v ppa_grey_5_5.U1.ao21/A1 (sky130_fd_sc_hs__a21o_1)
                  0.04    0.14    0.86 v ppa_grey_5_5.U1.ao21/X (sky130_fd_sc_hs__a21o_1)
     2    0.01                           ppa_grey_5_5.U1.Y (net)
                  0.04    0.00    0.86 v ppa_grey_6_6.U1.ao21/A1 (sky130_fd_sc_hs__a21o_1)
                  0.04    0.14    1.00 v ppa_grey_6_6.U1.ao21/X (sky130_fd_sc_hs__a21o_1)
     2    0.01                           ppa_grey_6_6.U1.Y (net)
                  0.04    0.00    1.00 v ppa_grey_7_7.U1.ao21/A1 (sky130_fd_sc_hs__a21o_1)
                  0.04    0.14    1.15 v ppa_grey_7_7.U1.ao21/X (sky130_fd_sc_hs__a21o_1)
     2    0.01                           ppa_grey_7_7.U1.Y (net)
                  0.04    0.00    1.15 v ppa_post_7_8.U1.xor2/B (sky130_fd_sc_hs__xor2_1)
                  0.09    0.10    1.24 ^ ppa_post_7_8.U1.xor2/X (sky130_fd_sc_hs__xor2_1)
     1    0.00                           ppa_post_7_8.U1.Y (net)
                  0.09    0.00    1.24 ^ _7_/A (sky130_fd_sc_hs__buf_2)
                  0.19    0.20    1.45 ^ _7_/X (sky130_fd_sc_hs__buf_2)
     1    0.04                           sum[7] (net)
                  0.19    0.00    1.45 ^ sum[7] (out)
                                  1.45   data arrival time

                  0.00    0.75    0.75   clock clk (rise edge)
                          0.00    0.75   clock network delay (ideal)
                         -0.25    0.50   clock uncertainty
                          0.00    0.50   clock reconvergence pessimism
                          0.00    0.50   output external delay
                                  0.50   data required time
-----------------------------------------------------------------------------
                                  0.50   data required time
                                 -1.45   data arrival time
-----------------------------------------------------------------------------
                                 -0.95   slack (VIOLATED)



===========================================================================
report_checks --slack_max -0.01
============================================================================
Startpoint: a[0] (input port clocked by clk)
Endpoint: sum[7] (output port clocked by clk)
Path Group: clk
Path Type: max

Fanout     Cap    Slew   Delay    Time   Description
-----------------------------------------------------------------------------
                  0.00    0.00    0.00   clock clk (rise edge)
                          0.00    0.00   clock network delay (ideal)
                          0.00    0.00 v input external delay
                  0.02    0.01    0.01 v a[0] (in)
     2    0.01                           a[0] (net)
                  0.02    0.00    0.01 v ppa_pre_1_0.U1.xor2/A (sky130_fd_sc_hs__xor2_1)
                  0.06    0.13    0.14 v ppa_pre_1_0.U1.xor2/X (sky130_fd_sc_hs__xor2_1)
     2    0.01                           ppa_grey_1_1.U1.A1 (net)
                  0.06    0.00    0.14 v ppa_grey_1_1.U1.ao21/A2 (sky130_fd_sc_hs__a21o_1)
                  0.04    0.16    0.30 v ppa_grey_1_1.U1.ao21/X (sky130_fd_sc_hs__a21o_1)
     2    0.01                           ppa_grey_1_1.U1.Y (net)
                  0.04    0.00    0.30 v ppa_grey_2_2.U1.ao21/A1 (sky130_fd_sc_hs__a21o_1)
                  0.04    0.14    0.44 v ppa_grey_2_2.U1.ao21/X (sky130_fd_sc_hs__a21o_1)
     2    0.01                           ppa_grey_2_2.U1.Y (net)
                  0.04    0.00    0.44 v ppa_grey_3_3.U1.ao21/A1 (sky130_fd_sc_hs__a21o_1)
                  0.04    0.14    0.58 v ppa_grey_3_3.U1.ao21/X (sky130_fd_sc_hs__a21o_1)
     2    0.01                           ppa_grey_3_3.U1.Y (net)
                  0.04    0.00    0.58 v ppa_grey_4_4.U1.ao21/A1 (sky130_fd_sc_hs__a21o_1)
                  0.04    0.14    0.72 v ppa_grey_4_4.U1.ao21/X (sky130_fd_sc_hs__a21o_1)
     2    0.01                           ppa_grey_4_4.U1.Y (net)
                  0.04    0.00    0.72 v ppa_grey_5_5.U1.ao21/A1 (sky130_fd_sc_hs__a21o_1)
                  0.04    0.14    0.86 v ppa_grey_5_5.U1.ao21/X (sky130_fd_sc_hs__a21o_1)
     2    0.01                           ppa_grey_5_5.U1.Y (net)
                  0.04    0.00    0.86 v ppa_grey_6_6.U1.ao21/A1 (sky130_fd_sc_hs__a21o_1)
                  0.04    0.14    1.00 v ppa_grey_6_6.U1.ao21/X (sky130_fd_sc_hs__a21o_1)
     2    0.01                           ppa_grey_6_6.U1.Y (net)
                  0.04    0.00    1.00 v ppa_grey_7_7.U1.ao21/A1 (sky130_fd_sc_hs__a21o_1)
                  0.04    0.14    1.15 v ppa_grey_7_7.U1.ao21/X (sky130_fd_sc_hs__a21o_1)
     2    0.01                           ppa_grey_7_7.U1.Y (net)
                  0.04    0.00    1.15 v ppa_post_7_8.U1.xor2/B (sky130_fd_sc_hs__xor2_1)
                  0.09    0.10    1.24 ^ ppa_post_7_8.U1.xor2/X (sky130_fd_sc_hs__xor2_1)
     1    0.00                           ppa_post_7_8.U1.Y (net)
                  0.09    0.00    1.24 ^ _7_/A (sky130_fd_sc_hs__buf_2)
                  0.19    0.20    1.45 ^ _7_/X (sky130_fd_sc_hs__buf_2)
     1    0.04                           sum[7] (net)
                  0.19    0.00    1.45 ^ sum[7] (out)
                                  1.45   data arrival time

                  0.00    0.75    0.75   clock clk (rise edge)
                          0.00    0.75   clock network delay (ideal)
                         -0.25    0.50   clock uncertainty
                          0.00    0.50   clock reconvergence pessimism
                          0.00    0.50   output external delay
                                  0.50   data required time
-----------------------------------------------------------------------------
                                  0.50   data required time
                                 -1.45   data arrival time
-----------------------------------------------------------------------------
                                 -0.95   slack (VIOLATED)


