
===========================================================================
report_checks -unconstrained
============================================================================
Startpoint: b[3] (input port clocked by clk)
Endpoint: sum[24] (output port clocked by clk)
Path Group: clk
Path Type: max

Fanout     Cap    Slew   Delay    Time   Description
-----------------------------------------------------------------------------
                  0.00    0.00    0.00   clock clk (rise edge)
                          0.00    0.00   clock network delay (ideal)
                          0.00    0.00 ^ input external delay
                  0.18    0.13    0.13 ^ b[3] (in)
     4    0.04                           b[3] (net)
                  0.18    0.00    0.13 ^ _258_/A (sky130_fd_sc_hd__xnor2_2)
                  0.09    0.14    0.27 v _258_/Y (sky130_fd_sc_hd__xnor2_2)
     3    0.01                           _011_ (net)
                  0.09    0.00    0.27 v _266_/A (sky130_fd_sc_hd__or3b_2)
                  0.08    0.50    0.77 v _266_/X (sky130_fd_sc_hd__or3b_2)
     1    0.00                           _018_ (net)
                  0.08    0.00    0.77 v _269_/A3 (sky130_fd_sc_hd__o31a_2)
                  0.09    0.37    1.14 v _269_/X (sky130_fd_sc_hd__o31a_2)
     3    0.02                           _021_ (net)
                  0.09    0.00    1.14 v _298_/A1 (sky130_fd_sc_hd__o31a_2)
                  0.08    0.42    1.56 v _298_/X (sky130_fd_sc_hd__o31a_2)
     2    0.02                           _046_ (net)
                  0.08    0.00    1.56 v _328_/A1 (sky130_fd_sc_hd__o31ai_2)
                  0.50    0.53    2.09 ^ _328_/Y (sky130_fd_sc_hd__o31ai_2)
     3    0.02                           _072_ (net)
                  0.50    0.00    2.09 ^ _364_/A1 (sky130_fd_sc_hd__a21boi_2)
                  0.14    0.17    2.26 v _364_/Y (sky130_fd_sc_hd__a21boi_2)
     2    0.02                           _104_ (net)
                  0.14    0.00    2.26 v _444_/A1 (sky130_fd_sc_hd__o41a_2)
                  0.08    0.56    2.83 v _444_/X (sky130_fd_sc_hd__o41a_2)
     1    0.01                           _176_ (net)
                  0.08    0.00    2.83 v _445_/B (sky130_fd_sc_hd__xnor2_2)
                  0.68    0.57    3.40 ^ _445_/Y (sky130_fd_sc_hd__xnor2_2)
     1    0.03                           sum[24] (net)
                  0.68    0.01    3.41 ^ sum[24] (out)
                                  3.41   data arrival time

                  0.00    5.50    5.50   clock clk (rise edge)
                          0.00    5.50   clock network delay (ideal)
                         -0.25    5.25   clock uncertainty
                          0.00    5.25   clock reconvergence pessimism
                          0.00    5.25   output external delay
                                  5.25   data required time
-----------------------------------------------------------------------------
                                  5.25   data required time
                                 -3.41   data arrival time
-----------------------------------------------------------------------------
                                  1.84   slack (MET)



===========================================================================
report_checks --slack_max -0.01
============================================================================
No paths found.
