
===========================================================================
report_checks -unconstrained
============================================================================
Startpoint: b[16] (input port clocked by clk)
Endpoint: sum[29] (output port clocked by clk)
Path Group: clk
Path Type: max

Fanout     Cap    Slew   Delay    Time   Description
-----------------------------------------------------------------------------
                  0.00    0.00    0.00   clock clk (rise edge)
                          0.00    0.00   clock network delay (ideal)
                          0.00    0.00 ^ input external delay
                  0.08    0.05    0.05 ^ b[16] (in)
     1    0.02                           b[16] (net)
                  0.08    0.00    0.05 ^ input40/A (sky130_fd_sc_hd__clkbuf_1)
                  0.31    0.29    0.34 ^ input40/X (sky130_fd_sc_hd__clkbuf_1)
     2    0.03                           net40 (net)
                  0.31    0.00    0.35 ^ ppa_pre_17_0.U1.xor2/B (sky130_fd_sc_hd__xor2_2)
                  0.19    0.24    0.59 ^ ppa_pre_17_0.U1.xor2/X (sky130_fd_sc_hd__xor2_2)
     3    0.01                           ppa_black_17_1.U1.A (net)
                  0.19    0.00    0.59 ^ ppa_black_17_1.U1.and2/A (sky130_fd_sc_hd__and2_1)
                  0.16    0.25    0.84 ^ ppa_black_17_1.U1.and2/X (sky130_fd_sc_hd__and2_1)
     3    0.02                           ppa_black_17_1.U1.Y (net)
                  0.16    0.00    0.84 ^ ppa_black_19_2.U1.and2/B (sky130_fd_sc_hd__and2_2)
                  0.13    0.25    1.09 ^ ppa_black_19_2.U1.and2/X (sky130_fd_sc_hd__and2_2)
     5    0.02                           ppa_black_19_2.U1.Y (net)
                  0.13    0.00    1.09 ^ ppa_black_23_3.U1.and2/B (sky130_fd_sc_hd__and2_4)
                  0.13    0.24    1.33 ^ ppa_black_23_3.U1.and2/X (sky130_fd_sc_hd__and2_4)
     9    0.04                           ppa_black_23_3.U1.Y (net)
                  0.13    0.00    1.34 ^ ppa_black_29_4.U1.and2/B (sky130_fd_sc_hd__and2_1)
                  0.11    0.20    1.53 ^ ppa_black_29_4.U1.and2/X (sky130_fd_sc_hd__and2_1)
     1    0.01                           ppa_black_29_4.U1.Y (net)
                  0.11    0.00    1.53 ^ ppa_grey_29_5.U1.ao21/A2 (sky130_fd_sc_hd__a21o_1)
                  0.10    0.18    1.71 ^ ppa_grey_29_5.U1.ao21/X (sky130_fd_sc_hd__a21o_1)
     1    0.01                           ppa_grey_29_5.U1.Y (net)
                  0.10    0.00    1.71 ^ ppa_post_29_6.U1.xor2/B (sky130_fd_sc_hd__xor2_1)
                  0.15    0.19    1.90 ^ ppa_post_29_6.U1.xor2/X (sky130_fd_sc_hd__xor2_1)
     1    0.01                           ppa_post_29_6.U1.Y (net)
                  0.15    0.00    1.90 ^ _06_/A (sky130_fd_sc_hd__clkbuf_1)
                  0.10    0.16    2.06 ^ _06_/X (sky130_fd_sc_hd__clkbuf_1)
     1    0.01                           net88 (net)
                  0.10    0.00    2.06 ^ output88/A (sky130_fd_sc_hd__buf_4)
                  0.11    0.19    2.25 ^ output88/X (sky130_fd_sc_hd__buf_4)
     1    0.03                           sum[29] (net)
                  0.11    0.00    2.26 ^ sum[29] (out)
                                  2.26   data arrival time

                  0.00    2.00    2.00   clock clk (rise edge)
                          0.00    2.00   clock network delay (ideal)
                         -0.25    1.75   clock uncertainty
                          0.00    1.75   clock reconvergence pessimism
                          0.00    1.75   output external delay
                                  1.75   data required time
-----------------------------------------------------------------------------
                                  1.75   data required time
                                 -2.26   data arrival time
-----------------------------------------------------------------------------
                                 -0.51   slack (VIOLATED)



===========================================================================
report_checks --slack_max -0.01
============================================================================
Startpoint: b[16] (input port clocked by clk)
Endpoint: sum[29] (output port clocked by clk)
Path Group: clk
Path Type: max

Fanout     Cap    Slew   Delay    Time   Description
-----------------------------------------------------------------------------
                  0.00    0.00    0.00   clock clk (rise edge)
                          0.00    0.00   clock network delay (ideal)
                          0.00    0.00 ^ input external delay
                  0.08    0.05    0.05 ^ b[16] (in)
     1    0.02                           b[16] (net)
                  0.08    0.00    0.05 ^ input40/A (sky130_fd_sc_hd__clkbuf_1)
                  0.31    0.29    0.34 ^ input40/X (sky130_fd_sc_hd__clkbuf_1)
     2    0.03                           net40 (net)
                  0.31    0.00    0.35 ^ ppa_pre_17_0.U1.xor2/B (sky130_fd_sc_hd__xor2_2)
                  0.19    0.24    0.59 ^ ppa_pre_17_0.U1.xor2/X (sky130_fd_sc_hd__xor2_2)
     3    0.01                           ppa_black_17_1.U1.A (net)
                  0.19    0.00    0.59 ^ ppa_black_17_1.U1.and2/A (sky130_fd_sc_hd__and2_1)
                  0.16    0.25    0.84 ^ ppa_black_17_1.U1.and2/X (sky130_fd_sc_hd__and2_1)
     3    0.02                           ppa_black_17_1.U1.Y (net)
                  0.16    0.00    0.84 ^ ppa_black_19_2.U1.and2/B (sky130_fd_sc_hd__and2_2)
                  0.13    0.25    1.09 ^ ppa_black_19_2.U1.and2/X (sky130_fd_sc_hd__and2_2)
     5    0.02                           ppa_black_19_2.U1.Y (net)
                  0.13    0.00    1.09 ^ ppa_black_23_3.U1.and2/B (sky130_fd_sc_hd__and2_4)
                  0.13    0.24    1.33 ^ ppa_black_23_3.U1.and2/X (sky130_fd_sc_hd__and2_4)
     9    0.04                           ppa_black_23_3.U1.Y (net)
                  0.13    0.00    1.34 ^ ppa_black_29_4.U1.and2/B (sky130_fd_sc_hd__and2_1)
                  0.11    0.20    1.53 ^ ppa_black_29_4.U1.and2/X (sky130_fd_sc_hd__and2_1)
     1    0.01                           ppa_black_29_4.U1.Y (net)
                  0.11    0.00    1.53 ^ ppa_grey_29_5.U1.ao21/A2 (sky130_fd_sc_hd__a21o_1)
                  0.10    0.18    1.71 ^ ppa_grey_29_5.U1.ao21/X (sky130_fd_sc_hd__a21o_1)
     1    0.01                           ppa_grey_29_5.U1.Y (net)
                  0.10    0.00    1.71 ^ ppa_post_29_6.U1.xor2/B (sky130_fd_sc_hd__xor2_1)
                  0.15    0.19    1.90 ^ ppa_post_29_6.U1.xor2/X (sky130_fd_sc_hd__xor2_1)
     1    0.01                           ppa_post_29_6.U1.Y (net)
                  0.15    0.00    1.90 ^ _06_/A (sky130_fd_sc_hd__clkbuf_1)
                  0.10    0.16    2.06 ^ _06_/X (sky130_fd_sc_hd__clkbuf_1)
     1    0.01                           net88 (net)
                  0.10    0.00    2.06 ^ output88/A (sky130_fd_sc_hd__buf_4)
                  0.11    0.19    2.25 ^ output88/X (sky130_fd_sc_hd__buf_4)
     1    0.03                           sum[29] (net)
                  0.11    0.00    2.26 ^ sum[29] (out)
                                  2.26   data arrival time

                  0.00    2.00    2.00   clock clk (rise edge)
                          0.00    2.00   clock network delay (ideal)
                         -0.25    1.75   clock uncertainty
                          0.00    1.75   clock reconvergence pessimism
                          0.00    1.75   output external delay
                                  1.75   data required time
-----------------------------------------------------------------------------
                                  1.75   data required time
                                 -2.26   data arrival time
-----------------------------------------------------------------------------
                                 -0.51   slack (VIOLATED)


