
===========================================================================
report_checks -path_delay max (Setup)
============================================================================
Startpoint: a[21] (input port clocked by clk)
Endpoint: sum[29] (output port clocked by clk)
Path Group: clk
Path Type: max

Fanout     Cap    Slew   Delay    Time   Description
-----------------------------------------------------------------------------
                  0.00    0.00    0.00   clock clk (rise edge)
                          0.00    0.00   clock network delay (ideal)
                          0.00    0.00 ^ input external delay
                  0.02    0.01    0.01 ^ a[21] (in)
     1    0.00                           a[21] (net)
                  0.02    0.00    0.01 ^ input14/A (sky130_fd_sc_hd__dlymetal6s2s_1)
                  0.30    0.27    0.28 ^ input14/X (sky130_fd_sc_hd__dlymetal6s2s_1)
     2    0.03                           net14 (net)
                  0.30    0.00    0.28 ^ ppa_pre_22_0.U1.xor2/A (sky130_fd_sc_hd__xor2_2)
                  0.27    0.30    0.59 ^ ppa_pre_22_0.U1.xor2/X (sky130_fd_sc_hd__xor2_2)
     4    0.02                           ppa_black_22_2.U1.A (net)
                  0.27    0.00    0.59 ^ ppa_black_23_1.U1.and2/B (sky130_fd_sc_hd__and2_1)
                  0.15    0.26    0.85 ^ ppa_black_23_1.U1.and2/X (sky130_fd_sc_hd__and2_1)
     2    0.01                           ppa_black_23_1.U1.Y (net)
                  0.15    0.00    0.85 ^ ppa_black_23_2.U1.and2/A (sky130_fd_sc_hd__and2_1)
                  0.15    0.23    1.08 ^ ppa_black_23_2.U1.and2/X (sky130_fd_sc_hd__and2_1)
     2    0.01                           ppa_black_23_2.U1.Y (net)
                  0.15    0.00    1.08 ^ ppa_black_23_3.U1.and2/A (sky130_fd_sc_hd__and2_4)
                  0.15    0.26    1.34 ^ ppa_black_23_3.U1.and2/X (sky130_fd_sc_hd__and2_4)
     9    0.05                           ppa_black_23_3.U1.Y (net)
                  0.15    0.01    1.35 ^ ppa_black_29_4.U1.and2/B (sky130_fd_sc_hd__and2_1)
                  0.14    0.23    1.58 ^ ppa_black_29_4.U1.and2/X (sky130_fd_sc_hd__and2_1)
     1    0.01                           ppa_black_29_4.U1.Y (net)
                  0.14    0.00    1.58 ^ ppa_grey_29_5.U1.ao21/A2 (sky130_fd_sc_hd__a21o_1)
                  0.13    0.21    1.79 ^ ppa_grey_29_5.U1.ao21/X (sky130_fd_sc_hd__a21o_1)
     1    0.01                           ppa_grey_29_5.U1.Y (net)
                  0.13    0.00    1.79 ^ ppa_post_29_6.U1.xor2/B (sky130_fd_sc_hd__xor2_1)
                  0.13    0.18    1.97 ^ ppa_post_29_6.U1.xor2/X (sky130_fd_sc_hd__xor2_1)
     1    0.00                           ppa_post_29_6.U1.Y (net)
                  0.13    0.00    1.97 ^ _06_/A (sky130_fd_sc_hd__clkbuf_1)
                  0.10    0.15    2.12 ^ _06_/X (sky130_fd_sc_hd__clkbuf_1)
     1    0.01                           net88 (net)
                  0.10    0.00    2.12 ^ output88/A (sky130_fd_sc_hd__buf_4)
                  0.11    0.19    2.31 ^ output88/X (sky130_fd_sc_hd__buf_4)
     1    0.03                           sum[29] (net)
                  0.11    0.00    2.31 ^ sum[29] (out)
                                  2.31   data arrival time

                  0.00    2.00    2.00   clock clk (rise edge)
                          0.00    2.00   clock network delay (ideal)
                         -0.25    1.75   clock uncertainty
                          0.00    1.75   clock reconvergence pessimism
                          0.00    1.75   output external delay
                                  1.75   data required time
-----------------------------------------------------------------------------
                                  1.75   data required time
                                 -2.31   data arrival time
-----------------------------------------------------------------------------
                                 -0.56   slack (VIOLATED)


Startpoint: b[12] (input port clocked by clk)
Endpoint: sum[18] (output port clocked by clk)
Path Group: clk
Path Type: max

Fanout     Cap    Slew   Delay    Time   Description
-----------------------------------------------------------------------------
                  0.00    0.00    0.00   clock clk (rise edge)
                          0.00    0.00   clock network delay (ideal)
                          0.00    0.00 ^ input external delay
                  0.02    0.01    0.01 ^ b[12] (in)
     1    0.00                           b[12] (net)
                  0.02    0.00    0.01 ^ input36/A (sky130_fd_sc_hd__dlymetal6s2s_1)
                  0.22    0.21    0.22 ^ input36/X (sky130_fd_sc_hd__dlymetal6s2s_1)
     2    0.02                           net36 (net)
                  0.22    0.00    0.22 ^ ppa_pre_13_0.U1.xor2/B (sky130_fd_sc_hd__xor2_1)
                  0.30    0.32    0.54 ^ ppa_pre_13_0.U1.xor2/X (sky130_fd_sc_hd__xor2_1)
     3    0.01                           ppa_black_13_1.U1.A (net)
                  0.30    0.00    0.54 ^ ppa_black_13_1.U1.and2/A (sky130_fd_sc_hd__and2_1)
                  0.14    0.26    0.81 ^ ppa_black_13_1.U1.and2/X (sky130_fd_sc_hd__and2_1)
     4    0.01                           ppa_black_13_1.U1.Y (net)
                  0.14    0.00    0.81 ^ ppa_black_15_2.U1.and2/B (sky130_fd_sc_hd__and2_1)
                  0.09    0.18    0.99 ^ ppa_black_15_2.U1.and2/X (sky130_fd_sc_hd__and2_1)
     2    0.01                           ppa_black_15_2.U1.Y (net)
                  0.09    0.00    0.99 ^ ppa_black_15_3.U1.and2/A (sky130_fd_sc_hd__and2_1)
                  0.10    0.17    1.17 ^ ppa_black_15_3.U1.and2/X (sky130_fd_sc_hd__and2_1)
     1    0.01                           ppa_black_15_3.U1.Y (net)
                  0.10    0.00    1.17 ^ ppa_grey_15_4.U1.ao21/A2 (sky130_fd_sc_hd__a21o_4)
                  0.11    0.20    1.36 ^ ppa_grey_15_4.U1.ao21/X (sky130_fd_sc_hd__a21o_4)
     6    0.04                           ppa_grey_15_4.U1.Y (net)
                  0.11    0.00    1.36 ^ split1/A (sky130_fd_sc_hd__buf_8)
                  0.08    0.15    1.51 ^ split1/X (sky130_fd_sc_hd__buf_8)
     8    0.04                           net99 (net)
                  0.08    0.00    1.52 ^ ppa_grey_18_5.U1.ao21/A1 (sky130_fd_sc_hd__a21o_1)
                  0.07    0.14    1.66 ^ ppa_grey_18_5.U1.ao21/X (sky130_fd_sc_hd__a21o_1)
     1    0.01                           ppa_grey_18_5.U1.Y (net)
                  0.07    0.00    1.66 ^ ppa_post_18_6.U1.xor2/B (sky130_fd_sc_hd__xor2_1)
                  0.23    0.24    1.90 ^ ppa_post_18_6.U1.xor2/X (sky130_fd_sc_hd__xor2_1)
     1    0.01                           ppa_post_18_6.U1.Y (net)
                  0.23    0.00    1.90 ^ _27_/A (sky130_fd_sc_hd__clkbuf_1)
                  0.12    0.18    2.08 ^ _27_/X (sky130_fd_sc_hd__clkbuf_1)
     1    0.01                           net76 (net)
                  0.12    0.00    2.08 ^ output76/A (sky130_fd_sc_hd__buf_6)
                  0.08    0.16    2.24 ^ output76/X (sky130_fd_sc_hd__buf_6)
     1    0.03                           sum[18] (net)
                  0.08    0.00    2.24 ^ sum[18] (out)
                                  2.24   data arrival time

                  0.00    2.00    2.00   clock clk (rise edge)
                          0.00    2.00   clock network delay (ideal)
                         -0.25    1.75   clock uncertainty
                          0.00    1.75   clock reconvergence pessimism
                          0.00    1.75   output external delay
                                  1.75   data required time
-----------------------------------------------------------------------------
                                  1.75   data required time
                                 -2.24   data arrival time
-----------------------------------------------------------------------------
                                 -0.49   slack (VIOLATED)


Startpoint: b[16] (input port clocked by clk)
Endpoint: sum[31] (output port clocked by clk)
Path Group: clk
Path Type: max

Fanout     Cap    Slew   Delay    Time   Description
-----------------------------------------------------------------------------
                  0.00    0.00    0.00   clock clk (rise edge)
                          0.00    0.00   clock network delay (ideal)
                          0.00    0.00 ^ input external delay
                  0.08    0.06    0.06 ^ b[16] (in)
     1    0.02                           b[16] (net)
                  0.08    0.00    0.06 ^ input40/A (sky130_fd_sc_hd__clkbuf_1)
                  0.34    0.31    0.37 ^ input40/X (sky130_fd_sc_hd__clkbuf_1)
     2    0.03                           net40 (net)
                  0.34    0.00    0.37 ^ ppa_pre_17_0.U1.xor2/B (sky130_fd_sc_hd__xor2_2)
                  0.11    0.16    0.53 v ppa_pre_17_0.U1.xor2/X (sky130_fd_sc_hd__xor2_2)
     3    0.01                           ppa_black_17_1.U1.A (net)
                  0.11    0.00    0.53 v ppa_black_17_1.U2.ao21/A2 (sky130_fd_sc_hd__a21o_1)
                  0.08    0.26    0.79 v ppa_black_17_1.U2.ao21/X (sky130_fd_sc_hd__a21o_1)
     3    0.01                           ppa_black_17_1.U2.Y (net)
                  0.08    0.00    0.79 v ppa_black_19_2.U2.ao21/A1 (sky130_fd_sc_hd__a21o_1)
                  0.11    0.24    1.03 v ppa_black_19_2.U2.ao21/X (sky130_fd_sc_hd__a21o_1)
     5    0.02                           ppa_black_19_2.U2.Y (net)
                  0.11    0.00    1.03 v ppa_black_23_3.U2.ao21/A1 (sky130_fd_sc_hd__a21o_2)
                  0.10    0.30    1.33 v ppa_black_23_3.U2.ao21/X (sky130_fd_sc_hd__a21o_2)
     9    0.03                           ppa_black_23_3.U2.Y (net)
                  0.10    0.00    1.33 v ppa_black_31_4.U2.ao21/A1 (sky130_fd_sc_hd__a21o_1)
                  0.06    0.22    1.55 v ppa_black_31_4.U2.ao21/X (sky130_fd_sc_hd__a21o_1)
     1    0.01                           ppa_black_31_4.U2.Y (net)
                  0.06    0.00    1.55 v ppa_grey_31_5.U1.ao21/B1 (sky130_fd_sc_hd__a21o_1)
                  0.07    0.21    1.75 v ppa_grey_31_5.U1.ao21/X (sky130_fd_sc_hd__a21o_1)
     2    0.01                           ppa_grey_31_5.U1.Y (net)
                  0.07    0.00    1.76 v ppa_post_31_6.U1.xor2/B (sky130_fd_sc_hd__xor2_1)
                  0.13    0.16    1.91 ^ ppa_post_31_6.U1.xor2/X (sky130_fd_sc_hd__xor2_1)
     1    0.00                           ppa_post_31_6.U1.Y (net)
                  0.13    0.00    1.91 ^ _08_/A (sky130_fd_sc_hd__clkbuf_2)
                  0.08    0.17    2.08 ^ _08_/X (sky130_fd_sc_hd__clkbuf_2)
     1    0.01                           net91 (net)
                  0.08    0.00    2.08 ^ output91/A (sky130_fd_sc_hd__buf_6)
                  0.08    0.14    2.23 ^ output91/X (sky130_fd_sc_hd__buf_6)
     1    0.03                           sum[31] (net)
                  0.08    0.00    2.23 ^ sum[31] (out)
                                  2.23   data arrival time

                  0.00    2.00    2.00   clock clk (rise edge)
                          0.00    2.00   clock network delay (ideal)
                         -0.25    1.75   clock uncertainty
                          0.00    1.75   clock reconvergence pessimism
                          0.00    1.75   output external delay
                                  1.75   data required time
-----------------------------------------------------------------------------
                                  1.75   data required time
                                 -2.23   data arrival time
-----------------------------------------------------------------------------
                                 -0.48   slack (VIOLATED)


Startpoint: b[16] (input port clocked by clk)
Endpoint: sum[30] (output port clocked by clk)
Path Group: clk
Path Type: max

Fanout     Cap    Slew   Delay    Time   Description
-----------------------------------------------------------------------------
                  0.00    0.00    0.00   clock clk (rise edge)
                          0.00    0.00   clock network delay (ideal)
                          0.00    0.00 ^ input external delay
                  0.08    0.06    0.06 ^ b[16] (in)
     1    0.02                           b[16] (net)
                  0.08    0.00    0.06 ^ input40/A (sky130_fd_sc_hd__clkbuf_1)
                  0.34    0.31    0.37 ^ input40/X (sky130_fd_sc_hd__clkbuf_1)
     2    0.03                           net40 (net)
                  0.34    0.00    0.37 ^ ppa_pre_17_0.U1.xor2/B (sky130_fd_sc_hd__xor2_2)
                  0.11    0.16    0.53 v ppa_pre_17_0.U1.xor2/X (sky130_fd_sc_hd__xor2_2)
     3    0.01                           ppa_black_17_1.U1.A (net)
                  0.11    0.00    0.53 v ppa_black_17_1.U2.ao21/A2 (sky130_fd_sc_hd__a21o_1)
                  0.08    0.26    0.79 v ppa_black_17_1.U2.ao21/X (sky130_fd_sc_hd__a21o_1)
     3    0.01                           ppa_black_17_1.U2.Y (net)
                  0.08    0.00    0.79 v ppa_black_19_2.U2.ao21/A1 (sky130_fd_sc_hd__a21o_1)
                  0.11    0.24    1.03 v ppa_black_19_2.U2.ao21/X (sky130_fd_sc_hd__a21o_1)
     5    0.02                           ppa_black_19_2.U2.Y (net)
                  0.11    0.00    1.03 v ppa_black_23_3.U2.ao21/A1 (sky130_fd_sc_hd__a21o_2)
                  0.10    0.30    1.33 v ppa_black_23_3.U2.ao21/X (sky130_fd_sc_hd__a21o_2)
     9    0.03                           ppa_black_23_3.U2.Y (net)
                  0.10    0.00    1.33 v ppa_black_30_4.U2.ao21/A1 (sky130_fd_sc_hd__a21o_1)
                  0.05    0.21    1.54 v ppa_black_30_4.U2.ao21/X (sky130_fd_sc_hd__a21o_1)
     1    0.01                           ppa_black_30_4.U2.Y (net)
                  0.05    0.00    1.54 v ppa_grey_30_5.U1.ao21/B1 (sky130_fd_sc_hd__a21o_1)
                  0.07    0.20    1.74 v ppa_grey_30_5.U1.ao21/X (sky130_fd_sc_hd__a21o_1)
     1    0.01                           ppa_grey_30_5.U1.Y (net)
                  0.07    0.00    1.74 v ppa_post_30_6.U1.xor2/B (sky130_fd_sc_hd__xor2_1)
                  0.14    0.16    1.89 ^ ppa_post_30_6.U1.xor2/X (sky130_fd_sc_hd__xor2_1)
     1    0.00                           ppa_post_30_6.U1.Y (net)
                  0.14    0.00    1.90 ^ _07_/A (sky130_fd_sc_hd__clkbuf_2)
                  0.08    0.17    2.07 ^ _07_/X (sky130_fd_sc_hd__clkbuf_2)
     1    0.01                           net90 (net)
                  0.08    0.00    2.07 ^ output90/A (sky130_fd_sc_hd__buf_6)
                  0.08    0.15    2.22 ^ output90/X (sky130_fd_sc_hd__buf_6)
     1    0.03                           sum[30] (net)
                  0.08    0.00    2.22 ^ sum[30] (out)
                                  2.22   data arrival time

                  0.00    2.00    2.00   clock clk (rise edge)
                          0.00    2.00   clock network delay (ideal)
                         -0.25    1.75   clock uncertainty
                          0.00    1.75   clock reconvergence pessimism
                          0.00    1.75   output external delay
                                  1.75   data required time
-----------------------------------------------------------------------------
                                  1.75   data required time
                                 -2.22   data arrival time
-----------------------------------------------------------------------------
                                 -0.47   slack (VIOLATED)


Startpoint: b[16] (input port clocked by clk)
Endpoint: sum[26] (output port clocked by clk)
Path Group: clk
Path Type: max

Fanout     Cap    Slew   Delay    Time   Description
-----------------------------------------------------------------------------
                  0.00    0.00    0.00   clock clk (rise edge)
                          0.00    0.00   clock network delay (ideal)
                          0.00    0.00 ^ input external delay
                  0.08    0.06    0.06 ^ b[16] (in)
     1    0.02                           b[16] (net)
                  0.08    0.00    0.06 ^ input40/A (sky130_fd_sc_hd__clkbuf_1)
                  0.34    0.31    0.37 ^ input40/X (sky130_fd_sc_hd__clkbuf_1)
     2    0.03                           net40 (net)
                  0.34    0.00    0.37 ^ ppa_pre_17_0.U1.xor2/B (sky130_fd_sc_hd__xor2_2)
                  0.11    0.16    0.53 v ppa_pre_17_0.U1.xor2/X (sky130_fd_sc_hd__xor2_2)
     3    0.01                           ppa_black_17_1.U1.A (net)
                  0.11    0.00    0.53 v ppa_black_17_1.U2.ao21/A2 (sky130_fd_sc_hd__a21o_1)
                  0.08    0.26    0.79 v ppa_black_17_1.U2.ao21/X (sky130_fd_sc_hd__a21o_1)
     3    0.01                           ppa_black_17_1.U2.Y (net)
                  0.08    0.00    0.79 v ppa_black_19_2.U2.ao21/A1 (sky130_fd_sc_hd__a21o_1)
                  0.11    0.24    1.03 v ppa_black_19_2.U2.ao21/X (sky130_fd_sc_hd__a21o_1)
     5    0.02                           ppa_black_19_2.U2.Y (net)
                  0.11    0.00    1.03 v ppa_black_23_3.U2.ao21/A1 (sky130_fd_sc_hd__a21o_2)
                  0.10    0.30    1.33 v ppa_black_23_3.U2.ao21/X (sky130_fd_sc_hd__a21o_2)
     9    0.03                           ppa_black_23_3.U2.Y (net)
                  0.10    0.00    1.33 v ppa_black_26_4.U2.ao21/A1 (sky130_fd_sc_hd__a21o_1)
                  0.05    0.21    1.54 v ppa_black_26_4.U2.ao21/X (sky130_fd_sc_hd__a21o_1)
     1    0.01                           ppa_black_26_4.U2.Y (net)
                  0.05    0.00    1.54 v ppa_grey_26_5.U1.ao21/B1 (sky130_fd_sc_hd__a21o_1)
                  0.05    0.18    1.72 v ppa_grey_26_5.U1.ao21/X (sky130_fd_sc_hd__a21o_1)
     1    0.01                           ppa_grey_26_5.U1.Y (net)
                  0.05    0.00    1.72 v ppa_post_26_6.U1.xor2/B (sky130_fd_sc_hd__xor2_1)
                  0.19    0.20    1.91 ^ ppa_post_26_6.U1.xor2/X (sky130_fd_sc_hd__xor2_1)
     1    0.01                           ppa_post_26_6.U1.Y (net)
                  0.19    0.00    1.91 ^ _03_/A (sky130_fd_sc_hd__clkbuf_1)
                  0.06    0.13    2.04 ^ _03_/X (sky130_fd_sc_hd__clkbuf_1)
     1    0.00                           net85 (net)
                  0.06    0.00    2.04 ^ output85/A (sky130_fd_sc_hd__buf_4)
                  0.10    0.17    2.21 ^ output85/X (sky130_fd_sc_hd__buf_4)
     1    0.03                           sum[26] (net)
                  0.10    0.00    2.21 ^ sum[26] (out)
                                  2.21   data arrival time

                  0.00    2.00    2.00   clock clk (rise edge)
                          0.00    2.00   clock network delay (ideal)
                         -0.25    1.75   clock uncertainty
                          0.00    1.75   clock reconvergence pessimism
                          0.00    1.75   output external delay
                                  1.75   data required time
-----------------------------------------------------------------------------
                                  1.75   data required time
                                 -2.21   data arrival time
-----------------------------------------------------------------------------
                                 -0.46   slack (VIOLATED)


