Warning - class CORE ANTENNACELL is not found. This message can be ignored if not in the antenna-avoid flow

Net - a[0]
  input1  (sky130_fd_sc_hd__clkbuf_1)  A
[1]  met2:
  PAR:    6.14  Ratio:    0.00       (Area)
  PAR:   30.90  Ratio:  400.00       (S.Area)
  CAR:    6.64  Ratio:    0.00       (C.Area)
  CAR:   33.62  Ratio:    0.00       (C.S.Area)

[1]  met1:
  PAR:    0.43  Ratio:    0.00       (Area)
  PAR:    2.64  Ratio:  400.00       (S.Area)
  CAR:    0.50  Ratio:    0.00       (C.Area)
  CAR:    2.72  Ratio:    0.00       (C.S.Area)

[1]  li1:
  PAR:    0.07  Ratio:    0.00       (Area)
  PAR:    0.09  Ratio:   75.00       (S.Area)
  CAR:    0.07  Ratio:    0.00       (C.Area)
  CAR:    0.09  Ratio:    0.00       (C.S.Area)

[1]  M1M2_PR:
  PAR:    0.11  Ratio:    6.00       (Area)
  CAR:    0.26  Ratio:    0.00       (C.Area)

[1]  L1M1_PR:
  PAR:    0.15  Ratio:    3.00       (Area)
  CAR:    0.15  Ratio:    0.00       (C.Area)


Net - a[1]
  input2  (sky130_fd_sc_hd__clkbuf_1)  A
[1]  met3:
  PAR:    6.30  Ratio:    0.00       (Area)
  PAR:   36.00  Ratio:  400.00       (S.Area)
  CAR:    8.92  Ratio:    0.00       (C.Area)
  CAR:   49.34  Ratio:    0.00       (C.S.Area)

[1]  met2:
  PAR:    2.45  Ratio:    0.00       (Area)
  PAR:   12.75  Ratio:  400.00       (S.Area)
  CAR:    2.62  Ratio:    0.00       (C.Area)
  CAR:   13.34  Ratio:    0.00       (C.S.Area)

[1]  met1:
  PAR:    0.10  Ratio:    0.00       (Area)
  PAR:    0.50  Ratio:  400.00       (S.Area)
  CAR:    0.17  Ratio:    0.00       (C.Area)
  CAR:    0.59  Ratio:    0.00       (C.S.Area)

[1]  li1:
  PAR:    0.07  Ratio:    0.00       (Area)
  PAR:    0.09  Ratio:   75.00       (S.Area)
  CAR:    0.07  Ratio:    0.00       (C.Area)
  CAR:    0.09  Ratio:    0.00       (C.S.Area)

[1]  M2M3_PR:
  PAR:    0.20  Ratio:    6.00       (Area)
  CAR:    0.47  Ratio:    0.00       (C.Area)

[1]  M1M2_PR:
  PAR:    0.11  Ratio:    6.00       (Area)
  CAR:    0.26  Ratio:    0.00       (C.Area)

[1]  L1M1_PR:
  PAR:    0.15  Ratio:    3.00       (Area)
  CAR:    0.15  Ratio:    0.00       (C.Area)


Net - a[2]
  input3  (sky130_fd_sc_hd__clkbuf_1)  A
[1]  met2:
  PAR:    6.03  Ratio:    0.00       (Area)
  PAR:   30.67  Ratio:  400.00       (S.Area)
  CAR:   11.12  Ratio:    0.00       (C.Area)
  CAR:   56.34  Ratio:    0.00       (C.S.Area)

[1]  met1:
  PAR:    5.02  Ratio:    0.00       (Area)
  PAR:   25.58  Ratio:  400.00       (S.Area)
  CAR:    5.09  Ratio:    0.00       (C.Area)
  CAR:   25.66  Ratio:    0.00       (C.S.Area)

[1]  li1:
  PAR:    0.07  Ratio:    0.00       (Area)
  PAR:    0.09  Ratio:   75.00       (S.Area)
  CAR:    0.07  Ratio:    0.00       (C.Area)
  CAR:    0.09  Ratio:    0.00       (C.S.Area)

[1]  M1M2_PR:
  PAR:    0.11  Ratio:    6.00       (Area)
  CAR:    0.26  Ratio:    0.00       (C.Area)

[1]  L1M1_PR:
  PAR:    0.15  Ratio:    3.00       (Area)
  CAR:    0.15  Ratio:    0.00       (C.Area)


Net - a[3]
  input4  (sky130_fd_sc_hd__clkbuf_1)  A
[1]  met3:
  PAR:    6.30  Ratio:    0.00       (Area)
  PAR:   36.00  Ratio:  400.00       (S.Area)
  CAR:    8.92  Ratio:    0.00       (C.Area)
  CAR:   49.34  Ratio:    0.00       (C.S.Area)

[1]  met2:
  PAR:    2.45  Ratio:    0.00       (Area)
  PAR:   12.75  Ratio:  400.00       (S.Area)
  CAR:    2.62  Ratio:    0.00       (C.Area)
  CAR:   13.34  Ratio:    0.00       (C.S.Area)

[1]  met1:
  PAR:    0.10  Ratio:    0.00       (Area)
  PAR:    0.50  Ratio:  400.00       (S.Area)
  CAR:    0.17  Ratio:    0.00       (C.Area)
  CAR:    0.59  Ratio:    0.00       (C.S.Area)

[1]  li1:
  PAR:    0.07  Ratio:    0.00       (Area)
  PAR:    0.09  Ratio:   75.00       (S.Area)
  CAR:    0.07  Ratio:    0.00       (C.Area)
  CAR:    0.09  Ratio:    0.00       (C.S.Area)

[1]  M2M3_PR:
  PAR:    0.20  Ratio:    6.00       (Area)
  CAR:    0.47  Ratio:    0.00       (C.Area)

[1]  M1M2_PR:
  PAR:    0.11  Ratio:    6.00       (Area)
  CAR:    0.26  Ratio:    0.00       (C.Area)

[1]  L1M1_PR:
  PAR:    0.15  Ratio:    3.00       (Area)
  CAR:    0.15  Ratio:    0.00       (C.Area)


Net - b[0]
  input5  (sky130_fd_sc_hd__clkbuf_1)  A
[1]  met2:
  PAR:    6.50  Ratio:    0.00       (Area)
  PAR:   32.99  Ratio:  400.00       (S.Area)
  CAR:    7.98  Ratio:    0.00       (C.Area)
  CAR:   40.63  Ratio:    0.00       (C.S.Area)

[1]  met1:
  PAR:    1.41  Ratio:    0.00       (Area)
  PAR:    7.55  Ratio:  400.00       (S.Area)
  CAR:    1.48  Ratio:    0.00       (C.Area)
  CAR:    7.64  Ratio:    0.00       (C.S.Area)

[1]  li1:
  PAR:    0.07  Ratio:    0.00       (Area)
  PAR:    0.09  Ratio:   75.00       (S.Area)
  CAR:    0.07  Ratio:    0.00       (C.Area)
  CAR:    0.09  Ratio:    0.00       (C.S.Area)

[1]  M1M2_PR:
  PAR:    0.11  Ratio:    6.00       (Area)
  CAR:    0.26  Ratio:    0.00       (C.Area)

[1]  L1M1_PR:
  PAR:    0.15  Ratio:    3.00       (Area)
  CAR:    0.15  Ratio:    0.00       (C.Area)


Net - b[1]
  input6  (sky130_fd_sc_hd__clkbuf_1)  A
[1]  met2:
  PAR:    6.14  Ratio:    0.00       (Area)
  PAR:   30.90  Ratio:  400.00       (S.Area)
  CAR:    6.31  Ratio:    0.00       (C.Area)
  CAR:   31.49  Ratio:    0.00       (C.S.Area)

[1]  met1:
  PAR:    0.10  Ratio:    0.00       (Area)
  PAR:    0.50  Ratio:  400.00       (S.Area)
  CAR:    0.17  Ratio:    0.00       (C.Area)
  CAR:    0.59  Ratio:    0.00       (C.S.Area)

[1]  li1:
  PAR:    0.07  Ratio:    0.00       (Area)
  PAR:    0.09  Ratio:   75.00       (S.Area)
  CAR:    0.07  Ratio:    0.00       (C.Area)
  CAR:    0.09  Ratio:    0.00       (C.S.Area)

[1]  M1M2_PR:
  PAR:    0.11  Ratio:    6.00       (Area)
  CAR:    0.26  Ratio:    0.00       (C.Area)

[1]  L1M1_PR:
  PAR:    0.15  Ratio:    3.00       (Area)
  CAR:    0.15  Ratio:    0.00       (C.Area)


Net - b[2]
  input7  (sky130_fd_sc_hd__clkbuf_1)  A
[1]  met2:
  PAR:   12.36  Ratio:    0.00       (Area)
  PAR:   63.03  Ratio:  400.00       (S.Area)
  CAR:   13.19  Ratio:    0.00       (C.Area)
  CAR:   67.39  Ratio:    0.00       (C.S.Area)

[1]  met1:
  PAR:    0.76  Ratio:    0.00       (Area)
  PAR:    4.27  Ratio:  400.00       (S.Area)
  CAR:    0.83  Ratio:    0.00       (C.Area)
  CAR:    4.36  Ratio:    0.00       (C.S.Area)

[1]  li1:
  PAR:    0.07  Ratio:    0.00       (Area)
  PAR:    0.09  Ratio:   75.00       (S.Area)
  CAR:    0.07  Ratio:    0.00       (C.Area)
  CAR:    0.09  Ratio:    0.00       (C.S.Area)

[1]  M1M2_PR:
  PAR:    0.11  Ratio:    6.00       (Area)
  CAR:    0.26  Ratio:    0.00       (C.Area)

[1]  L1M1_PR:
  PAR:    0.15  Ratio:    3.00       (Area)
  CAR:    0.15  Ratio:    0.00       (C.Area)


Net - b[3]
  input8  (sky130_fd_sc_hd__clkbuf_1)  A
[1]  met1:
  PAR:    8.39  Ratio:    0.00       (Area)
  PAR:   43.92  Ratio:  400.00       (S.Area)
  CAR:    8.46  Ratio:    0.00       (C.Area)
  CAR:   44.01  Ratio:    0.00       (C.S.Area)

[1]  li1:
  PAR:    0.07  Ratio:    0.00       (Area)
  PAR:    0.09  Ratio:   75.00       (S.Area)
  CAR:    0.07  Ratio:    0.00       (C.Area)
  CAR:    0.09  Ratio:    0.00       (C.S.Area)

[1]  L1M1_PR:
  PAR:    0.15  Ratio:    3.00       (Area)
  CAR:    0.15  Ratio:    0.00       (C.Area)


Net - cin
  input9  (sky130_fd_sc_hd__clkbuf_1)  A
[1]  met2:
  PAR:   18.23  Ratio:    0.00       (Area)
  PAR:   92.16  Ratio:  400.00       (S.Area)
  CAR:   19.06  Ratio:    0.00       (C.Area)
  CAR:   96.52  Ratio:    0.00       (C.S.Area)

[1]  met1:
  PAR:    0.76  Ratio:    0.00       (Area)
  PAR:    4.27  Ratio:  400.00       (S.Area)
  CAR:    0.83  Ratio:    0.00       (C.Area)
  CAR:    4.36  Ratio:    0.00       (C.S.Area)

[1]  li1:
  PAR:    0.07  Ratio:    0.00       (Area)
  PAR:    0.09  Ratio:   75.00       (S.Area)
  CAR:    0.07  Ratio:    0.00       (C.Area)
  CAR:    0.09  Ratio:    0.00       (C.S.Area)

[1]  M1M2_PR:
  PAR:    0.11  Ratio:    6.00       (Area)
  CAR:    0.26  Ratio:    0.00       (C.Area)

[1]  L1M1_PR:
  PAR:    0.15  Ratio:    3.00       (Area)
  CAR:    0.15  Ratio:    0.00       (C.Area)

  No sinks on this net
  No sinks on this net
  No sinks on this net
  No sinks on this net
  No sinks on this net

Net - _00_
  _33_  (sky130_fd_sc_hd__nand2_1)  A
[1]  met2:
  PAR:    0.63  Ratio:    0.00       (Area)
  PAR:    3.43  Ratio: 2803.60       (S.Area)
  CAR:    2.45  Ratio:    0.00       (C.Area)
  CAR:   13.11  Ratio:    0.00       (C.S.Area)

[1]  met1:
  PAR:    1.76  Ratio:    0.00       (Area)
  PAR:    9.62  Ratio:  400.00       (S.Area)
  CAR:    1.82  Ratio:    0.00       (C.Area)
  CAR:    9.68  Ratio:    0.00       (C.S.Area)

[1]  li1:
  PAR:    0.06  Ratio:    0.00       (Area)
  PAR:    0.07  Ratio:   75.00       (S.Area)
  CAR:    0.06  Ratio:    0.00       (C.Area)
  CAR:    0.07  Ratio:    0.00       (C.S.Area)

[1]  M1M2_PR:
  PAR:    0.09  Ratio:    6.00       (Area)
  CAR:    0.21  Ratio:    0.00       (C.Area)

[1]  L1M1_PR:
  PAR:    0.12  Ratio:    3.00       (Area)
  CAR:    0.12  Ratio:    0.00       (C.Area)

  _26_  (sky130_fd_sc_hd__a21bo_1)  A1
[1]  met2:
  PAR:    0.63  Ratio:    0.00       (Area)
  PAR:    3.43  Ratio: 2803.60       (S.Area)
  CAR:    1.29  Ratio:    0.00       (C.Area)
  CAR:    6.89  Ratio:    0.00       (C.S.Area)

[1]  met1:
  PAR:    0.60  Ratio:    0.00       (Area)
  PAR:    3.39  Ratio:  400.00       (S.Area)
  CAR:    0.66  Ratio:    0.00       (C.Area)
  CAR:    3.46  Ratio:    0.00       (C.S.Area)

[1]  li1:
  PAR:    0.06  Ratio:    0.00       (Area)
  PAR:    0.07  Ratio:   75.00       (S.Area)
  CAR:    0.06  Ratio:    0.00       (C.Area)
  CAR:    0.07  Ratio:    0.00       (C.S.Area)

[1]  M1M2_PR:
  PAR:    0.09  Ratio:    6.00       (Area)
  CAR:    0.21  Ratio:    0.00       (C.Area)

[1]  L1M1_PR:
  PAR:    0.12  Ratio:    3.00       (Area)
  CAR:    0.12  Ratio:    0.00       (C.Area)


Net - _01_
  _24_  (sky130_fd_sc_hd__o21ai_2)  A1
[1]  met2:
  PAR:    0.82  Ratio:    0.00       (Area)
  PAR:    4.34  Ratio: 2774.20       (S.Area)
  CAR:    2.13  Ratio:    0.00       (C.Area)
  CAR:   11.34  Ratio:    0.00       (C.S.Area)

[1]  met1:
  PAR:    1.27  Ratio:    0.00       (Area)
  PAR:    6.96  Ratio:  400.00       (S.Area)
  CAR:    1.30  Ratio:    0.00       (C.Area)
  CAR:    6.99  Ratio:    0.00       (C.S.Area)

[1]  li1:
  PAR:    0.03  Ratio:    0.00       (Area)
  PAR:    0.03  Ratio:   75.00       (S.Area)
  CAR:    0.03  Ratio:    0.00       (C.Area)
  CAR:    0.03  Ratio:    0.00       (C.S.Area)

[1]  M1M2_PR:
  PAR:    0.05  Ratio:    6.00       (Area)
  CAR:    0.10  Ratio:    0.00       (C.Area)

[1]  L1M1_PR:
  PAR:    0.06  Ratio:    3.00       (Area)
  CAR:    0.06  Ratio:    0.00       (C.Area)

  _31_  (sky130_fd_sc_hd__and2b_1)  A_N
[1]  met2:
  PAR:    0.82  Ratio:    0.00       (Area)
  PAR:    4.34  Ratio: 2774.20       (S.Area)
  CAR:    1.09  Ratio:    0.00       (C.Area)
  CAR:    5.26  Ratio:    0.00       (C.S.Area)

[1]  met1:
  PAR:    0.16  Ratio:    0.00       (Area)
  PAR:    0.78  Ratio:  400.00       (S.Area)
  CAR:    0.27  Ratio:    0.00       (C.Area)
  CAR:    0.91  Ratio:    0.00       (C.S.Area)

[1]  li1:
  PAR:    0.11  Ratio:    0.00       (Area)
  PAR:    0.13  Ratio:   75.00       (S.Area)
  CAR:    0.11  Ratio:    0.00       (C.Area)
  CAR:    0.13  Ratio:    0.00       (C.S.Area)

[1]  M1M2_PR:
  PAR:    0.18  Ratio:    6.00       (Area)
  CAR:    0.41  Ratio:    0.00       (C.Area)

[1]  L1M1_PR:
  PAR:    0.23  Ratio:    3.00       (Area)
  CAR:    0.23  Ratio:    0.00       (C.Area)


Net - _02_
  _19_  (sky130_fd_sc_hd__a21boi_2)  A2
[1]  met1:
  PAR:    2.07  Ratio:    0.00       (Area)
  PAR:   11.02  Ratio: 2803.60       (S.Area)
  CAR:    2.10  Ratio:    0.00       (C.Area)
  CAR:   11.06  Ratio:    0.00       (C.S.Area)

[1]  li1:
  PAR:    0.03  Ratio:    0.00       (Area)
  PAR:    0.03  Ratio:   75.00       (S.Area)
  CAR:    0.03  Ratio:    0.00       (C.Area)
  CAR:    0.03  Ratio:    0.00       (C.S.Area)

[1]  met2:
  PAR:    0.81  Ratio:    0.00       (Area)
  PAR:    4.11  Ratio: 2803.60       (S.Area)
  CAR:    2.91  Ratio:    0.00       (C.Area)
  CAR:   15.16  Ratio:    0.00       (C.S.Area)

[1]  M1M2_PR:
  PAR:    0.05  Ratio:    6.00       (Area)
  CAR:    0.10  Ratio:    0.00       (C.Area)

[1]  L1M1_PR:
  PAR:    0.06  Ratio:    3.00       (Area)
  CAR:    0.06  Ratio:    0.00       (C.Area)

  rebuffer3  (sky130_fd_sc_hd__dlygate4sd1_1)  A
[1]  met2:
  PAR:    0.81  Ratio:    0.00       (Area)
  PAR:    4.11  Ratio: 2803.60       (S.Area)
  CAR:    1.59  Ratio:    0.00       (C.Area)
  CAR:    8.35  Ratio:    0.00       (C.S.Area)

[1]  met1:
  PAR:    0.67  Ratio:    0.00       (Area)
  PAR:    4.11  Ratio:  400.00       (S.Area)
  CAR:    0.78  Ratio:    0.00       (C.Area)
  CAR:    4.25  Ratio:    0.00       (C.S.Area)

[1]  li1:
  PAR:    0.11  Ratio:    0.00       (Area)
  PAR:    0.13  Ratio:   75.00       (S.Area)
  CAR:    0.11  Ratio:    0.00       (C.Area)
  CAR:    0.13  Ratio:    0.00       (C.S.Area)

[1]  M1M2_PR:
  PAR:    0.18  Ratio:    6.00       (Area)
  CAR:    0.41  Ratio:    0.00       (C.Area)

[1]  L1M1_PR:
  PAR:    0.23  Ratio:    3.00       (Area)
  CAR:    0.23  Ratio:    0.00       (C.Area)


Net - _03_
  _19_  (sky130_fd_sc_hd__a21boi_2)  B1_N
[1]  met2:
  PAR:    2.89  Ratio:    0.00       (Area)
  PAR:   15.34  Ratio: 2775.60       (S.Area)
  CAR:    4.69  Ratio:    0.00       (C.Area)
  CAR:   24.70  Ratio:    0.00       (C.S.Area)

[1]  met1:
  PAR:    1.69  Ratio:    0.00       (Area)
  PAR:    9.22  Ratio:  400.00       (S.Area)
  CAR:    1.80  Ratio:    0.00       (C.Area)
  CAR:    9.36  Ratio:    0.00       (C.S.Area)

[1]  li1:
  PAR:    0.11  Ratio:    0.00       (Area)
  PAR:    0.13  Ratio:   75.00       (S.Area)
  CAR:    0.11  Ratio:    0.00       (C.Area)
  CAR:    0.13  Ratio:    0.00       (C.S.Area)

[1]  M1M2_PR:
  PAR:    0.18  Ratio:    6.00       (Area)
  CAR:    0.41  Ratio:    0.00       (C.Area)

[1]  L1M1_PR:
  PAR:    0.23  Ratio:    3.00       (Area)
  CAR:    0.23  Ratio:    0.00       (C.Area)

  _27_  (sky130_fd_sc_hd__nand2_1)  A
[1]  met2:
  PAR:    2.89  Ratio:    0.00       (Area)
  PAR:   15.34  Ratio: 2775.60       (S.Area)
  CAR:    3.02  Ratio:    0.00       (C.Area)
  CAR:   15.80  Ratio:    0.00       (C.S.Area)

[1]  met1:
  PAR:    0.08  Ratio:    0.00       (Area)
  PAR:    0.40  Ratio:  400.00       (S.Area)
  CAR:    0.14  Ratio:    0.00       (C.Area)
  CAR:    0.46  Ratio:    0.00       (C.S.Area)

[1]  li1:
  PAR:    0.06  Ratio:    0.00       (Area)
  PAR:    0.07  Ratio:   75.00       (S.Area)
  CAR:    0.06  Ratio:    0.00       (C.Area)
  CAR:    0.07  Ratio:    0.00       (C.S.Area)

[1]  M1M2_PR:
  PAR:    0.09  Ratio:    6.00       (Area)
  CAR:    0.21  Ratio:    0.00       (C.Area)

[1]  L1M1_PR:
  PAR:    0.12  Ratio:    3.00       (Area)
  CAR:    0.12  Ratio:    0.00       (C.Area)


Net - _04_
  _22_  (sky130_fd_sc_hd__o21ba_1)  A1
[1]  met1:
  PAR:    2.34  Ratio:    0.00       (Area)
  PAR:   13.47  Ratio: 2851.00       (S.Area)
  CAR:    2.40  Ratio:    0.00       (C.Area)
  CAR:   13.54  Ratio:    0.00       (C.S.Area)

[1]  li1:
  PAR:    0.06  Ratio:    0.00       (Area)
  PAR:    0.07  Ratio:   75.00       (S.Area)
  CAR:    0.06  Ratio:    0.00       (C.Area)
  CAR:    0.07  Ratio:    0.00       (C.S.Area)

[1]  met2:
  PAR:    0.81  Ratio:    0.00       (Area)
  PAR:    4.15  Ratio: 2851.00       (S.Area)
  CAR:    3.21  Ratio:    0.00       (C.Area)
  CAR:   17.69  Ratio:    0.00       (C.S.Area)

[1]  M1M2_PR:
  PAR:    0.09  Ratio:    6.00       (Area)
  CAR:    0.21  Ratio:    0.00       (C.Area)

[1]  L1M1_PR:
  PAR:    0.12  Ratio:    3.00       (Area)
  CAR:    0.12  Ratio:    0.00       (C.Area)

  rebuffer2  (sky130_fd_sc_hd__dlygate4sd1_1)  A
[1]  met2:
  PAR:    0.81  Ratio:    0.00       (Area)
  PAR:    4.15  Ratio: 2851.00       (S.Area)
  CAR:    1.59  Ratio:    0.00       (C.Area)
  CAR:    8.40  Ratio:    0.00       (C.S.Area)

[1]  met1:
  PAR:    0.67  Ratio:    0.00       (Area)
  PAR:    4.11  Ratio:  400.00       (S.Area)
  CAR:    0.78  Ratio:    0.00       (C.Area)
  CAR:    4.25  Ratio:    0.00       (C.S.Area)

[1]  li1:
  PAR:    0.11  Ratio:    0.00       (Area)
  PAR:    0.13  Ratio:   75.00       (S.Area)
  CAR:    0.11  Ratio:    0.00       (C.Area)
  CAR:    0.13  Ratio:    0.00       (C.S.Area)

[1]  M1M2_PR:
  PAR:    0.18  Ratio:    6.00       (Area)
  CAR:    0.41  Ratio:    0.00       (C.Area)

[1]  L1M1_PR:
  PAR:    0.23  Ratio:    3.00       (Area)
  CAR:    0.23  Ratio:    0.00       (C.Area)


Net - _05_
  _22_  (sky130_fd_sc_hd__o21ba_1)  A2
[1]  met1:
  PAR:    2.12  Ratio:    0.00       (Area)
  PAR:   11.98  Ratio: 2774.20       (S.Area)
  CAR:    2.18  Ratio:    0.00       (C.Area)
  CAR:   12.04  Ratio:    0.00       (C.S.Area)

[1]  li1:
  PAR:    0.06  Ratio:    0.00       (Area)
  PAR:    0.07  Ratio:   75.00       (S.Area)
  CAR:    0.06  Ratio:    0.00       (C.Area)
  CAR:    0.07  Ratio:    0.00       (C.S.Area)

[1]  met2:
  PAR:    0.53  Ratio:    0.00       (Area)
  PAR:    2.75  Ratio: 2774.20       (S.Area)
  CAR:    2.71  Ratio:    0.00       (C.Area)
  CAR:   14.79  Ratio:    0.00       (C.S.Area)

[1]  M1M2_PR:
  PAR:    0.09  Ratio:    6.00       (Area)
  CAR:    0.21  Ratio:    0.00       (C.Area)

[1]  L1M1_PR:
  PAR:    0.12  Ratio:    3.00       (Area)
  CAR:    0.12  Ratio:    0.00       (C.Area)

  _29_  (sky130_fd_sc_hd__nor2_1)  B
[1]  met2:
  PAR:    0.53  Ratio:    0.00       (Area)
  PAR:    2.75  Ratio: 2774.20       (S.Area)
  CAR:    1.90  Ratio:    0.00       (C.Area)
  CAR:   10.17  Ratio:    0.00       (C.S.Area)

[1]  met1:
  PAR:    1.31  Ratio:    0.00       (Area)
  PAR:    7.35  Ratio:  400.00       (S.Area)
  CAR:    1.37  Ratio:    0.00       (C.Area)
  CAR:    7.42  Ratio:    0.00       (C.S.Area)

[1]  li1:
  PAR:    0.06  Ratio:    0.00       (Area)
  PAR:    0.07  Ratio:   75.00       (S.Area)
  CAR:    0.06  Ratio:    0.00       (C.Area)
  CAR:    0.07  Ratio:    0.00       (C.S.Area)

[1]  M1M2_PR:
  PAR:    0.09  Ratio:    6.00       (Area)
  CAR:    0.21  Ratio:    0.00       (C.Area)

[1]  L1M1_PR:
  PAR:    0.12  Ratio:    3.00       (Area)
  CAR:    0.12  Ratio:    0.00       (C.Area)


Net - _06_
  _29_  (sky130_fd_sc_hd__nor2_1)  A
[1]  met2:
  PAR:    1.60  Ratio:    0.00       (Area)
  PAR:    8.37  Ratio: 2862.80       (S.Area)
  CAR:    7.63  Ratio:    0.00       (C.Area)
  CAR:   39.90  Ratio:    0.00       (C.S.Area)

[1]  met1:
  PAR:    4.37  Ratio:    0.00       (Area)
  PAR:   22.63  Ratio:  400.00       (S.Area)
  CAR:    4.43  Ratio:    0.00       (C.Area)
  CAR:   22.69  Ratio:    0.00       (C.S.Area)

[1]  li1:
  PAR:    0.06  Ratio:    0.00       (Area)
  PAR:    0.07  Ratio:   75.00       (S.Area)
  CAR:    0.06  Ratio:    0.00       (C.Area)
  CAR:    0.07  Ratio:    0.00       (C.S.Area)

[1]  M1M2_PR:
  PAR:    0.09  Ratio:    6.00       (Area)
  CAR:    0.21  Ratio:    0.00       (C.Area)

[1]  L1M1_PR:
  PAR:    0.12  Ratio:    3.00       (Area)
  CAR:    0.12  Ratio:    0.00       (C.Area)

  _22_  (sky130_fd_sc_hd__o21ba_1)  B1_N
[1]  met2:
  PAR:    1.60  Ratio:    0.00       (Area)
  PAR:    8.37  Ratio: 2862.80       (S.Area)
  CAR:    3.32  Ratio:    0.00       (C.Area)
  CAR:   17.34  Ratio:    0.00       (C.S.Area)

[1]  met1:
  PAR:    1.61  Ratio:    0.00       (Area)
  PAR:    8.83  Ratio:  400.00       (S.Area)
  CAR:    1.73  Ratio:    0.00       (C.Area)
  CAR:    8.97  Ratio:    0.00       (C.S.Area)

[1]  li1:
  PAR:    0.11  Ratio:    0.00       (Area)
  PAR:    0.13  Ratio:   75.00       (S.Area)
  CAR:    0.11  Ratio:    0.00       (C.Area)
  CAR:    0.13  Ratio:    0.00       (C.S.Area)

[1]  M1M2_PR:
  PAR:    0.36  Ratio:    6.00       (Area)
  CAR:    0.59  Ratio:    0.00       (C.Area)

[1]  L1M1_PR:
  PAR:    0.23  Ratio:    3.00       (Area)
  CAR:    0.23  Ratio:    0.00       (C.Area)


Net - _07_
  _24_  (sky130_fd_sc_hd__o21ai_2)  A2
[1]  met2:
  PAR:    1.12  Ratio:    0.00       (Area)
  PAR:    5.65  Ratio: 2771.60       (S.Area)
  CAR:    1.96  Ratio:    0.00       (C.Area)
  CAR:   10.07  Ratio:    0.00       (C.S.Area)

[1]  met1:
  PAR:    0.82  Ratio:    0.00       (Area)
  PAR:    4.39  Ratio:  400.00       (S.Area)
  CAR:    0.85  Ratio:    0.00       (C.Area)
  CAR:    4.42  Ratio:    0.00       (C.S.Area)

[1]  li1:
  PAR:    0.03  Ratio:    0.00       (Area)
  PAR:    0.03  Ratio:   75.00       (S.Area)
  CAR:    0.03  Ratio:    0.00       (C.Area)
  CAR:    0.03  Ratio:    0.00       (C.S.Area)

[1]  M1M2_PR:
  PAR:    0.03  Ratio:    6.00       (Area)
  CAR:    0.09  Ratio:    0.00       (C.Area)

[1]  L1M1_PR:
  PAR:    0.06  Ratio:    3.00       (Area)
  CAR:    0.06  Ratio:    0.00       (C.Area)

  rebuffer1  (sky130_fd_sc_hd__buf_2)  A
[1]  met2:
  PAR:    1.12  Ratio:    0.00       (Area)
  PAR:    5.65  Ratio: 2771.60       (S.Area)
  CAR:    2.02  Ratio:    0.00       (C.Area)
  CAR:   10.14  Ratio:    0.00       (C.S.Area)

[1]  met1:
  PAR:    0.82  Ratio:    0.00       (Area)
  PAR:    4.39  Ratio:  400.00       (S.Area)
  CAR:    0.91  Ratio:    0.00       (C.Area)
  CAR:    4.50  Ratio:    0.00       (C.S.Area)

[1]  li1:
  PAR:    0.09  Ratio:    0.00       (Area)
  PAR:    0.11  Ratio:   75.00       (S.Area)
  CAR:    0.09  Ratio:    0.00       (C.Area)
  CAR:    0.11  Ratio:    0.00       (C.S.Area)

[1]  M1M2_PR:
  PAR:    0.03  Ratio:    6.00       (Area)
  CAR:    0.22  Ratio:    0.00       (C.Area)

[1]  L1M1_PR:
  PAR:    0.18  Ratio:    3.00       (Area)
  CAR:    0.18  Ratio:    0.00       (C.Area)


Net - _08_
  _24_  (sky130_fd_sc_hd__o21ai_2)  B1
[1]  met2:
  PAR:    0.96  Ratio:    0.00       (Area)
  PAR:    5.03  Ratio: 2775.60       (S.Area)
  CAR:    1.78  Ratio:    0.00       (C.Area)
  CAR:    9.39  Ratio:    0.00       (C.S.Area)

[1]  met1:
  PAR:    0.79  Ratio:    0.00       (Area)
  PAR:    4.33  Ratio:  400.00       (S.Area)
  CAR:    0.82  Ratio:    0.00       (C.Area)
  CAR:    4.36  Ratio:    0.00       (C.S.Area)

[1]  li1:
  PAR:    0.03  Ratio:    0.00       (Area)
  PAR:    0.03  Ratio:   75.00       (S.Area)
  CAR:    0.03  Ratio:    0.00       (C.Area)
  CAR:    0.03  Ratio:    0.00       (C.S.Area)

[1]  M1M2_PR:
  PAR:    0.05  Ratio:    6.00       (Area)
  CAR:    0.10  Ratio:    0.00       (C.Area)

[1]  L1M1_PR:
  PAR:    0.06  Ratio:    3.00       (Area)
  CAR:    0.06  Ratio:    0.00       (C.Area)

  _31_  (sky130_fd_sc_hd__and2b_1)  B
[1]  met2:
  PAR:    0.96  Ratio:    0.00       (Area)
  PAR:    5.03  Ratio: 2775.60       (S.Area)
  CAR:    2.25  Ratio:    0.00       (C.Area)
  CAR:   11.83  Ratio:    0.00       (C.S.Area)

[1]  met1:
  PAR:    1.18  Ratio:    0.00       (Area)
  PAR:    6.67  Ratio:  400.00       (S.Area)
  CAR:    1.29  Ratio:    0.00       (C.Area)
  CAR:    6.80  Ratio:    0.00       (C.S.Area)

[1]  li1:
  PAR:    0.11  Ratio:    0.00       (Area)
  PAR:    0.13  Ratio:   75.00       (S.Area)
  CAR:    0.11  Ratio:    0.00       (C.Area)
  CAR:    0.13  Ratio:    0.00       (C.S.Area)

[1]  M1M2_PR:
  PAR:    0.18  Ratio:    6.00       (Area)
  CAR:    0.41  Ratio:    0.00       (C.Area)

[1]  L1M1_PR:
  PAR:    0.23  Ratio:    3.00       (Area)
  CAR:    0.23  Ratio:    0.00       (C.Area)


Net - _09_
  _34_  (sky130_fd_sc_hd__xnor2_1)  A
[1]  met2:
  PAR:    0.47  Ratio:    0.00       (Area)
  PAR:    2.41  Ratio: 2896.80       (S.Area)
  CAR:    2.63  Ratio:    0.00       (C.Area)
  CAR:   13.87  Ratio:    0.00       (C.S.Area)

[1]  met1:
  PAR:    2.13  Ratio:    0.00       (Area)
  PAR:   11.43  Ratio:  400.00       (S.Area)
  CAR:    2.16  Ratio:    0.00       (C.Area)
  CAR:   11.46  Ratio:    0.00       (C.S.Area)

[1]  li1:
  PAR:    0.03  Ratio:    0.00       (Area)
  PAR:    0.03  Ratio:   75.00       (S.Area)
  CAR:    0.03  Ratio:    0.00       (C.Area)
  CAR:    0.03  Ratio:    0.00       (C.S.Area)

[1]  M1M2_PR:
  PAR:    0.03  Ratio:    6.00       (Area)
  CAR:    0.09  Ratio:    0.00       (C.Area)

[1]  L1M1_PR:
  PAR:    0.06  Ratio:    3.00       (Area)
  CAR:    0.06  Ratio:    0.00       (C.Area)

  _26_  (sky130_fd_sc_hd__a21bo_1)  A2
[1]  met2:
  PAR:    0.47  Ratio:    0.00       (Area)
  PAR:    2.41  Ratio: 2896.80       (S.Area)
  CAR:    2.66  Ratio:    0.00       (C.Area)
  CAR:   13.90  Ratio:    0.00       (C.S.Area)

[1]  met1:
  PAR:    2.13  Ratio:    0.00       (Area)
  PAR:   11.43  Ratio:  400.00       (S.Area)
  CAR:    2.19  Ratio:    0.00       (C.Area)
  CAR:   11.49  Ratio:    0.00       (C.S.Area)

[1]  li1:
  PAR:    0.06  Ratio:    0.00       (Area)
  PAR:    0.07  Ratio:   75.00       (S.Area)
  CAR:    0.06  Ratio:    0.00       (C.Area)
  CAR:    0.07  Ratio:    0.00       (C.S.Area)

[1]  M1M2_PR:
  PAR:    0.03  Ratio:    6.00       (Area)
  CAR:    0.15  Ratio:    0.00       (C.Area)

[1]  L1M1_PR:
  PAR:    0.12  Ratio:    3.00       (Area)
  CAR:    0.12  Ratio:    0.00       (C.Area)


Net - _10_
  _33_  (sky130_fd_sc_hd__nand2_1)  B
[1]  met2:
  PAR:    0.58  Ratio:    0.00       (Area)
  PAR:    3.01  Ratio: 2775.60       (S.Area)
  CAR:    2.50  Ratio:    0.00       (C.Area)
  CAR:   13.72  Ratio:    0.00       (C.S.Area)

[1]  met1:
  PAR:    1.87  Ratio:    0.00       (Area)
  PAR:   10.65  Ratio:  400.00       (S.Area)
  CAR:    1.93  Ratio:    0.00       (C.Area)
  CAR:   10.71  Ratio:    0.00       (C.S.Area)

[1]  li1:
  PAR:    0.06  Ratio:    0.00       (Area)
  PAR:    0.07  Ratio:   75.00       (S.Area)
  CAR:    0.06  Ratio:    0.00       (C.Area)
  CAR:    0.07  Ratio:    0.00       (C.S.Area)

[1]  M1M2_PR:
  PAR:    0.06  Ratio:    6.00       (Area)
  CAR:    0.18  Ratio:    0.00       (C.Area)

[1]  L1M1_PR:
  PAR:    0.12  Ratio:    3.00       (Area)
  CAR:    0.12  Ratio:    0.00       (C.Area)

  _26_  (sky130_fd_sc_hd__a21bo_1)  B1_N
[1]  met2:
  PAR:    0.58  Ratio:    0.00       (Area)
  PAR:    3.01  Ratio: 2775.60       (S.Area)
  CAR:    2.56  Ratio:    0.00       (C.Area)
  CAR:   13.79  Ratio:    0.00       (C.S.Area)

[1]  met1:
  PAR:    1.87  Ratio:    0.00       (Area)
  PAR:   10.65  Ratio:  400.00       (S.Area)
  CAR:    1.98  Ratio:    0.00       (C.Area)
  CAR:   10.78  Ratio:    0.00       (C.S.Area)

[1]  li1:
  PAR:    0.11  Ratio:    0.00       (Area)
  PAR:    0.13  Ratio:   75.00       (S.Area)
  CAR:    0.11  Ratio:    0.00       (C.Area)
  CAR:    0.13  Ratio:    0.00       (C.S.Area)

[1]  M1M2_PR:
  PAR:    0.06  Ratio:    6.00       (Area)
  CAR:    0.29  Ratio:    0.00       (C.Area)

[1]  L1M1_PR:
  PAR:    0.23  Ratio:    3.00       (Area)
  CAR:    0.23  Ratio:    0.00       (C.Area)


Net - _11_
  _28_  (sky130_fd_sc_hd__xnor2_1)  B
[1]  met2:
  PAR:    0.71  Ratio:    0.00       (Area)
  PAR:    3.61  Ratio: 2775.60       (S.Area)
  CAR:    1.29  Ratio:    0.00       (C.Area)
  CAR:    6.64  Ratio:    0.00       (C.S.Area)

[1]  met1:
  PAR:    0.56  Ratio:    0.00       (Area)
  PAR:    3.00  Ratio:  400.00       (S.Area)
  CAR:    0.59  Ratio:    0.00       (C.Area)
  CAR:    3.03  Ratio:    0.00       (C.S.Area)

[1]  li1:
  PAR:    0.03  Ratio:    0.00       (Area)
  PAR:    0.03  Ratio:   75.00       (S.Area)
  CAR:    0.03  Ratio:    0.00       (C.Area)
  CAR:    0.03  Ratio:    0.00       (C.S.Area)

[1]  M1M2_PR:
  PAR:    0.05  Ratio:    6.00       (Area)
  CAR:    0.10  Ratio:    0.00       (C.Area)

[1]  L1M1_PR:
  PAR:    0.06  Ratio:    3.00       (Area)
  CAR:    0.06  Ratio:    0.00       (C.Area)


Net - _12_
  _30_  (sky130_fd_sc_hd__xnor2_1)  B
[1]  met1:
  PAR:    1.69  Ratio:    0.00       (Area)
  PAR:    8.94  Ratio: 2774.20       (S.Area)
  CAR:    1.72  Ratio:    0.00       (C.Area)
  CAR:    8.98  Ratio:    0.00       (C.S.Area)

[1]  li1:
  PAR:    0.03  Ratio:    0.00       (Area)
  PAR:    0.03  Ratio:   75.00       (S.Area)
  CAR:    0.03  Ratio:    0.00       (C.Area)
  CAR:    0.03  Ratio:    0.00       (C.S.Area)

[1]  L1M1_PR:
  PAR:    0.06  Ratio:    3.00       (Area)
  CAR:    0.06  Ratio:    0.00       (C.Area)


Net - _13_
  _32_  (sky130_fd_sc_hd__xnor2_1)  B
[1]  met1:
  PAR:    0.59  Ratio:    0.00       (Area)
  PAR:    3.03  Ratio: 2771.60       (S.Area)
  CAR:    0.62  Ratio:    0.00       (C.Area)
  CAR:    3.07  Ratio:    0.00       (C.S.Area)

[1]  li1:
  PAR:    0.03  Ratio:    0.00       (Area)
  PAR:    0.03  Ratio:   75.00       (S.Area)
  CAR:    0.03  Ratio:    0.00       (C.Area)
  CAR:    0.03  Ratio:    0.00       (C.S.Area)

[1]  L1M1_PR:
  PAR:    0.06  Ratio:    3.00       (Area)
  CAR:    0.06  Ratio:    0.00       (C.Area)


Net - _14_
  _34_  (sky130_fd_sc_hd__xnor2_1)  B
[1]  met1:
  PAR:    1.17  Ratio:    0.00       (Area)
  PAR:    6.54  Ratio: 2775.60       (S.Area)
  CAR:    1.20  Ratio:    0.00       (C.Area)
  CAR:    6.57  Ratio:    0.00       (C.S.Area)

[1]  li1:
  PAR:    0.03  Ratio:    0.00       (Area)
  PAR:    0.03  Ratio:   75.00       (S.Area)
  CAR:    0.03  Ratio:    0.00       (C.Area)
  CAR:    0.03  Ratio:    0.00       (C.S.Area)

[1]  L1M1_PR:
  PAR:    0.06  Ratio:    3.00       (Area)
  CAR:    0.06  Ratio:    0.00       (C.Area)


Net - net1
  _18_  (sky130_fd_sc_hd__nand2_1)  A
[1]  met1:
  PAR:    3.88  Ratio:    0.00       (Area)
  PAR:   21.14  Ratio: 2736.24       (S.Area)
  CAR:    3.93  Ratio:    0.00       (C.Area)
  CAR:   21.21  Ratio:    0.00       (C.S.Area)

[1]  li1:
  PAR:    0.06  Ratio:    0.00       (Area)
  PAR:    0.07  Ratio:   75.00       (S.Area)
  CAR:    0.06  Ratio:    0.00       (C.Area)
  CAR:    0.07  Ratio:    0.00       (C.S.Area)

[1]  met2:
  PAR:    0.96  Ratio:    0.00       (Area)
  PAR:    4.92  Ratio: 2736.24       (S.Area)
  CAR:    4.90  Ratio:    0.00       (C.Area)
  CAR:   26.13  Ratio:    0.00       (C.S.Area)

[1]  M1M2_PR:
  PAR:    0.09  Ratio:    6.00       (Area)
  CAR:    0.21  Ratio:    0.00       (C.Area)

[1]  L1M1_PR:
  PAR:    0.12  Ratio:    3.00       (Area)
  CAR:    0.12  Ratio:    0.00       (C.Area)

  _17_  (sky130_fd_sc_hd__or2_1)  A
[1]  met2:
  PAR:    0.96  Ratio:    0.00       (Area)
  PAR:    4.92  Ratio: 2736.24       (S.Area)
  CAR:    1.74  Ratio:    0.00       (C.Area)
  CAR:    9.16  Ratio:    0.00       (C.S.Area)

[1]  met1:
  PAR:    0.67  Ratio:    0.00       (Area)
  PAR:    4.11  Ratio:  400.00       (S.Area)
  CAR:    0.78  Ratio:    0.00       (C.Area)
  CAR:    4.25  Ratio:    0.00       (C.S.Area)

[1]  li1:
  PAR:    0.11  Ratio:    0.00       (Area)
  PAR:    0.13  Ratio:   75.00       (S.Area)
  CAR:    0.11  Ratio:    0.00       (C.Area)
  CAR:    0.13  Ratio:    0.00       (C.S.Area)

[1]  M1M2_PR:
  PAR:    0.18  Ratio:    6.00       (Area)
  CAR:    0.41  Ratio:    0.00       (C.Area)

[1]  L1M1_PR:
  PAR:    0.23  Ratio:    3.00       (Area)
  CAR:    0.23  Ratio:    0.00       (C.Area)


Net - net10
  output10  (sky130_fd_sc_hd__buf_6)  A
[1]  met2:
  PAR:    0.71  Ratio:    0.00       (Area)
  PAR:    3.61  Ratio: 2771.60       (S.Area)
  CAR:    1.03  Ratio:    0.00       (C.Area)
  CAR:    5.34  Ratio:    0.00       (C.S.Area)

[1]  met1:
  PAR:    0.30  Ratio:    0.00       (Area)
  PAR:    1.70  Ratio:  400.00       (S.Area)
  CAR:    0.33  Ratio:    0.00       (C.Area)
  CAR:    1.73  Ratio:    0.00       (C.S.Area)

[1]  li1:
  PAR:    0.03  Ratio:    0.00       (Area)
  PAR:    0.03  Ratio:   75.00       (S.Area)
  CAR:    0.03  Ratio:    0.00       (C.Area)
  CAR:    0.03  Ratio:    0.00       (C.S.Area)

[1]  M1M2_PR:
  PAR:    0.05  Ratio:    6.00       (Area)
  CAR:    0.10  Ratio:    0.00       (C.Area)

[1]  L1M1_PR:
  PAR:    0.06  Ratio:    3.00       (Area)
  CAR:    0.06  Ratio:    0.00       (C.Area)


Net - net11
  output11  (sky130_fd_sc_hd__buf_2)  A
[1]  met2:
  PAR:    2.20  Ratio:    0.00       (Area)
  PAR:   11.25  Ratio: 2810.00       (S.Area)
  CAR:    7.57  Ratio:    0.00       (C.Area)
  CAR:   39.00  Ratio:    0.00       (C.S.Area)

[1]  met1:
  PAR:    5.28  Ratio:    0.00       (Area)
  PAR:   27.65  Ratio:  400.00       (S.Area)
  CAR:    5.37  Ratio:    0.00       (C.Area)
  CAR:   27.75  Ratio:    0.00       (C.S.Area)

[1]  li1:
  PAR:    0.09  Ratio:    0.00       (Area)
  PAR:    0.11  Ratio:   75.00       (S.Area)
  CAR:    0.09  Ratio:    0.00       (C.Area)
  CAR:    0.11  Ratio:    0.00       (C.S.Area)

[1]  M1M2_PR:
  PAR:    0.14  Ratio:    6.00       (Area)
  CAR:    0.32  Ratio:    0.00       (C.Area)

[1]  L1M1_PR:
  PAR:    0.18  Ratio:    3.00       (Area)
  CAR:    0.18  Ratio:    0.00       (C.Area)


Net - net12
  output12  (sky130_fd_sc_hd__buf_2)  A
[1]  met2:
  PAR:    7.39  Ratio:    0.00       (Area)
  PAR:   38.45  Ratio: 2810.00       (S.Area)
  CAR:    7.60  Ratio:    0.00       (C.Area)
  CAR:   39.18  Ratio:    0.00       (C.S.Area)

[1]  met1:
  PAR:    0.12  Ratio:    0.00       (Area)
  PAR:    0.62  Ratio:  400.00       (S.Area)
  CAR:    0.21  Ratio:    0.00       (C.Area)
  CAR:    0.72  Ratio:    0.00       (C.S.Area)

[1]  li1:
  PAR:    0.09  Ratio:    0.00       (Area)
  PAR:    0.11  Ratio:   75.00       (S.Area)
  CAR:    0.09  Ratio:    0.00       (C.Area)
  CAR:    0.11  Ratio:    0.00       (C.S.Area)

[1]  M1M2_PR:
  PAR:    0.14  Ratio:    6.00       (Area)
  CAR:    0.32  Ratio:    0.00       (C.Area)

[1]  L1M1_PR:
  PAR:    0.18  Ratio:    3.00       (Area)
  CAR:    0.18  Ratio:    0.00       (C.Area)


Net - net13
  output13  (sky130_fd_sc_hd__buf_4)  A
[1]  met2:
  PAR:    1.41  Ratio:    0.00       (Area)
  PAR:    7.22  Ratio: 2810.00       (S.Area)
  CAR:    1.55  Ratio:    0.00       (C.Area)
  CAR:    7.69  Ratio:    0.00       (C.S.Area)

[1]  met1:
  PAR:    0.08  Ratio:    0.00       (Area)
  PAR:    0.40  Ratio:  400.00       (S.Area)
  CAR:    0.14  Ratio:    0.00       (C.Area)
  CAR:    0.46  Ratio:    0.00       (C.S.Area)

[1]  li1:
  PAR:    0.06  Ratio:    0.00       (Area)
  PAR:    0.07  Ratio:   75.00       (S.Area)
  CAR:    0.06  Ratio:    0.00       (C.Area)
  CAR:    0.07  Ratio:    0.00       (C.S.Area)

[1]  M1M2_PR:
  PAR:    0.09  Ratio:    6.00       (Area)
  CAR:    0.21  Ratio:    0.00       (C.Area)

[1]  L1M1_PR:
  PAR:    0.12  Ratio:    3.00       (Area)
  CAR:    0.12  Ratio:    0.00       (C.Area)


Net - net14
  output14  (sky130_fd_sc_hd__buf_4)  A
[1]  met2:
  PAR:    1.60  Ratio:    0.00       (Area)
  PAR:    8.19  Ratio: 2810.00       (S.Area)
  CAR:    3.49  Ratio:    0.00       (C.Area)
  CAR:   18.21  Ratio:    0.00       (C.S.Area)

[1]  met1:
  PAR:    1.83  Ratio:    0.00       (Area)
  PAR:    9.96  Ratio:  400.00       (S.Area)
  CAR:    1.89  Ratio:    0.00       (C.Area)
  CAR:   10.02  Ratio:    0.00       (C.S.Area)

[1]  li1:
  PAR:    0.06  Ratio:    0.00       (Area)
  PAR:    0.07  Ratio:   75.00       (S.Area)
  CAR:    0.06  Ratio:    0.00       (C.Area)
  CAR:    0.07  Ratio:    0.00       (C.S.Area)

[1]  M1M2_PR:
  PAR:    0.09  Ratio:    6.00       (Area)
  CAR:    0.21  Ratio:    0.00       (C.Area)

[1]  L1M1_PR:
  PAR:    0.12  Ratio:    3.00       (Area)
  CAR:    0.12  Ratio:    0.00       (C.Area)


Net - net15
  _32_  (sky130_fd_sc_hd__xnor2_1)  A
[1]  met2:
  PAR:    0.61  Ratio:    0.00       (Area)
  PAR:    3.13  Ratio: 2778.20       (S.Area)
  CAR:    0.68  Ratio:    0.00       (C.Area)
  CAR:    3.36  Ratio:    0.00       (C.S.Area)

[1]  met1:
  PAR:    0.04  Ratio:    0.00       (Area)
  PAR:    0.20  Ratio:  400.00       (S.Area)
  CAR:    0.07  Ratio:    0.00       (C.Area)
  CAR:    0.23  Ratio:    0.00       (C.S.Area)

[1]  li1:
  PAR:    0.03  Ratio:    0.00       (Area)
  PAR:    0.03  Ratio:   75.00       (S.Area)
  CAR:    0.03  Ratio:    0.00       (C.Area)
  CAR:    0.03  Ratio:    0.00       (C.S.Area)

[1]  M1M2_PR:
  PAR:    0.05  Ratio:    6.00       (Area)
  CAR:    0.10  Ratio:    0.00       (C.Area)

[1]  L1M1_PR:
  PAR:    0.06  Ratio:    3.00       (Area)
  CAR:    0.06  Ratio:    0.00       (C.Area)


Net - net16
  _30_  (sky130_fd_sc_hd__xnor2_1)  A
[1]  met1:
  PAR:    1.04  Ratio:    0.00       (Area)
  PAR:    5.49  Ratio: 2771.60       (S.Area)
  CAR:    1.07  Ratio:    0.00       (C.Area)
  CAR:    5.53  Ratio:    0.00       (C.S.Area)

[1]  li1:
  PAR:    0.03  Ratio:    0.00       (Area)
  PAR:    0.03  Ratio:   75.00       (S.Area)
  CAR:    0.03  Ratio:    0.00       (C.Area)
  CAR:    0.03  Ratio:    0.00       (C.S.Area)

[1]  L1M1_PR:
  PAR:    0.06  Ratio:    3.00       (Area)
  CAR:    0.06  Ratio:    0.00       (C.Area)


Net - net17
  _27_  (sky130_fd_sc_hd__nand2_1)  B
[1]  met1:
  PAR:    1.82  Ratio:    0.00       (Area)
  PAR:    9.68  Ratio: 2771.60       (S.Area)
  CAR:    1.88  Ratio:    0.00       (C.Area)
  CAR:    9.75  Ratio:    0.00       (C.S.Area)

[1]  li1:
  PAR:    0.06  Ratio:    0.00       (Area)
  PAR:    0.07  Ratio:   75.00       (S.Area)
  CAR:    0.06  Ratio:    0.00       (C.Area)
  CAR:    0.07  Ratio:    0.00       (C.S.Area)

[1]  L1M1_PR:
  PAR:    0.12  Ratio:    3.00       (Area)
  CAR:    0.12  Ratio:    0.00       (C.Area)


Net - net2
  _21_  (sky130_fd_sc_hd__and2_1)  A
[1]  met3:
  PAR:    9.14  Ratio:    0.00       (Area)
  PAR:   52.37  Ratio: 2736.24       (S.Area)
  CAR:   12.30  Ratio:    0.00       (C.Area)
  CAR:   69.58  Ratio:    0.00       (C.S.Area)

[1]  met2:
  PAR:    1.36  Ratio:    0.00       (Area)
  PAR:    7.85  Ratio:  400.00       (S.Area)
  CAR:    3.16  Ratio:    0.00       (C.Area)
  CAR:   17.21  Ratio:    0.00       (C.S.Area)

[1]  met1:
  PAR:    1.69  Ratio:    0.00       (Area)
  PAR:    9.22  Ratio:  400.00       (S.Area)
  CAR:    1.80  Ratio:    0.00       (C.Area)
  CAR:    9.36  Ratio:    0.00       (C.S.Area)

[1]  li1:
  PAR:    0.11  Ratio:    0.00       (Area)
  PAR:    0.13  Ratio:   75.00       (S.Area)
  CAR:    0.11  Ratio:    0.00       (C.Area)
  CAR:    0.13  Ratio:    0.00       (C.S.Area)

[1]  M2M3_PR:
  PAR:    0.11  Ratio:    6.00       (Area)
  CAR:    0.52  Ratio:    0.00       (C.Area)

[1]  M1M2_PR:
  PAR:    0.18  Ratio:    6.00       (Area)
  CAR:    0.41  Ratio:    0.00       (C.Area)

[1]  L1M1_PR:
  PAR:    0.23  Ratio:    3.00       (Area)
  CAR:    0.23  Ratio:    0.00       (C.Area)

  _20_  (sky130_fd_sc_hd__nor2_1)  A
[1]  met3:
  PAR:    9.14  Ratio:    0.00       (Area)
  PAR:   52.37  Ratio: 2736.24       (S.Area)
  CAR:   10.64  Ratio:    0.00       (C.Area)
  CAR:   60.69  Ratio:    0.00       (C.S.Area)

[1]  met2:
  PAR:    1.36  Ratio:    0.00       (Area)
  PAR:    7.85  Ratio:  400.00       (S.Area)
  CAR:    1.50  Ratio:    0.00       (C.Area)
  CAR:    8.32  Ratio:    0.00       (C.S.Area)

[1]  met1:
  PAR:    0.08  Ratio:    0.00       (Area)
  PAR:    0.40  Ratio:  400.00       (S.Area)
  CAR:    0.14  Ratio:    0.00       (C.Area)
  CAR:    0.46  Ratio:    0.00       (C.S.Area)

[1]  li1:
  PAR:    0.06  Ratio:    0.00       (Area)
  PAR:    0.07  Ratio:   75.00       (S.Area)
  CAR:    0.06  Ratio:    0.00       (C.Area)
  CAR:    0.07  Ratio:    0.00       (C.S.Area)

[1]  M2M3_PR:
  PAR:    0.11  Ratio:    6.00       (Area)
  CAR:    0.31  Ratio:    0.00       (C.Area)

[1]  M1M2_PR:
  PAR:    0.09  Ratio:    6.00       (Area)
  CAR:    0.21  Ratio:    0.00       (C.Area)

[1]  L1M1_PR:
  PAR:    0.12  Ratio:    3.00       (Area)
  CAR:    0.12  Ratio:    0.00       (C.Area)


Net - net3
  _16_  (sky130_fd_sc_hd__nor2_1)  A
[1]  met2:
  PAR:    3.92  Ratio:    0.00       (Area)
  PAR:   19.87  Ratio: 2736.24       (S.Area)
  CAR:    9.38  Ratio:    0.00       (C.Area)
  CAR:   48.96  Ratio:    0.00       (C.S.Area)

[1]  met1:
  PAR:    5.41  Ratio:    0.00       (Area)
  PAR:   29.02  Ratio:  400.00       (S.Area)
  CAR:    5.47  Ratio:    0.00       (C.Area)
  CAR:   29.09  Ratio:    0.00       (C.S.Area)

[1]  li1:
  PAR:    0.06  Ratio:    0.00       (Area)
  PAR:    0.07  Ratio:   75.00       (S.Area)
  CAR:    0.06  Ratio:    0.00       (C.Area)
  CAR:    0.07  Ratio:    0.00       (C.S.Area)

[1]  M1M2_PR:
  PAR:    0.18  Ratio:    6.00       (Area)
  CAR:    0.30  Ratio:    0.00       (C.Area)

[1]  L1M1_PR:
  PAR:    0.12  Ratio:    3.00       (Area)
  CAR:    0.12  Ratio:    0.00       (C.Area)

  _23_  (sky130_fd_sc_hd__nand2_1)  A
[1]  met2:
  PAR:    3.92  Ratio:    0.00       (Area)
  PAR:   19.87  Ratio: 2736.24       (S.Area)
  CAR:   10.76  Ratio:    0.00       (C.Area)
  CAR:   56.26  Ratio:    0.00       (C.S.Area)

[1]  met1:
  PAR:    1.38  Ratio:    0.00       (Area)
  PAR:    7.30  Ratio:  400.00       (S.Area)
  CAR:    1.44  Ratio:    0.00       (C.Area)
  CAR:    7.37  Ratio:    0.00       (C.S.Area)

[1]  li1:
  PAR:    0.06  Ratio:    0.00       (Area)
  PAR:    0.07  Ratio:   75.00       (S.Area)
  CAR:    0.06  Ratio:    0.00       (C.Area)
  CAR:    0.07  Ratio:    0.00       (C.S.Area)

[1]  M1M2_PR:
  PAR:    0.09  Ratio:    6.00       (Area)
  CAR:    0.21  Ratio:    0.00       (C.Area)

[1]  L1M1_PR:
  PAR:    0.12  Ratio:    3.00       (Area)
  CAR:    0.12  Ratio:    0.00       (C.Area)


Net - net4
  _15_  (sky130_fd_sc_hd__or2_1)  A
[1]  met2:
  PAR:    1.19  Ratio:    0.00       (Area)
  PAR:    6.06  Ratio: 2736.24       (S.Area)
  CAR:    1.87  Ratio:    0.00       (C.Area)
  CAR:    9.31  Ratio:    0.00       (C.S.Area)

[1]  met1:
  PAR:    0.57  Ratio:    0.00       (Area)
  PAR:    3.11  Ratio:  400.00       (S.Area)
  CAR:    0.68  Ratio:    0.00       (C.Area)
  CAR:    3.25  Ratio:    0.00       (C.S.Area)

[1]  li1:
  PAR:    0.11  Ratio:    0.00       (Area)
  PAR:    0.13  Ratio:   75.00       (S.Area)
  CAR:    0.11  Ratio:    0.00       (C.Area)
  CAR:    0.13  Ratio:    0.00       (C.S.Area)

[1]  M1M2_PR:
  PAR:    0.06  Ratio:    6.00       (Area)
  CAR:    0.29  Ratio:    0.00       (C.Area)

[1]  L1M1_PR:
  PAR:    0.23  Ratio:    3.00       (Area)
  CAR:    0.23  Ratio:    0.00       (C.Area)

  _25_  (sky130_fd_sc_hd__nand2_1)  A
[1]  met2:
  PAR:    1.19  Ratio:    0.00       (Area)
  PAR:    6.06  Ratio: 2736.24       (S.Area)
  CAR:    1.82  Ratio:    0.00       (C.Area)
  CAR:    9.24  Ratio:    0.00       (C.S.Area)

[1]  met1:
  PAR:    0.57  Ratio:    0.00       (Area)
  PAR:    3.11  Ratio:  400.00       (S.Area)
  CAR:    0.63  Ratio:    0.00       (C.Area)
  CAR:    3.18  Ratio:    0.00       (C.S.Area)

[1]  li1:
  PAR:    0.06  Ratio:    0.00       (Area)
  PAR:    0.07  Ratio:   75.00       (S.Area)
  CAR:    0.06  Ratio:    0.00       (C.Area)
  CAR:    0.07  Ratio:    0.00       (C.S.Area)

[1]  M1M2_PR:
  PAR:    0.06  Ratio:    6.00       (Area)
  CAR:    0.18  Ratio:    0.00       (C.Area)

[1]  L1M1_PR:
  PAR:    0.12  Ratio:    3.00       (Area)
  CAR:    0.12  Ratio:    0.00       (C.Area)


Net - net5
  _18_  (sky130_fd_sc_hd__nand2_1)  B
[1]  met1:
  PAR:    2.08  Ratio:    0.00       (Area)
  PAR:   11.38  Ratio: 2736.24       (S.Area)
  CAR:    2.14  Ratio:    0.00       (C.Area)
  CAR:   11.45  Ratio:    0.00       (C.S.Area)

[1]  li1:
  PAR:    0.06  Ratio:    0.00       (Area)
  PAR:    0.07  Ratio:   75.00       (S.Area)
  CAR:    0.06  Ratio:    0.00       (C.Area)
  CAR:    0.07  Ratio:    0.00       (C.S.Area)

[1]  met2:
  PAR:    1.37  Ratio:    0.00       (Area)
  PAR:    7.22  Ratio: 2736.24       (S.Area)
  CAR:    3.51  Ratio:    0.00       (C.Area)
  CAR:   18.67  Ratio:    0.00       (C.S.Area)

[1]  M1M2_PR:
  PAR:    0.09  Ratio:    6.00       (Area)
  CAR:    0.21  Ratio:    0.00       (C.Area)

[1]  L1M1_PR:
  PAR:    0.12  Ratio:    3.00       (Area)
  CAR:    0.12  Ratio:    0.00       (C.Area)

  _17_  (sky130_fd_sc_hd__or2_1)  B
[1]  met2:
  PAR:    1.37  Ratio:    0.00       (Area)
  PAR:    7.22  Ratio: 2736.24       (S.Area)
  CAR:    7.77  Ratio:    0.00       (C.Area)
  CAR:   39.58  Ratio:    0.00       (C.S.Area)

[1]  met1:
  PAR:    6.29  Ratio:    0.00       (Area)
  PAR:   32.22  Ratio:  400.00       (S.Area)
  CAR:    6.40  Ratio:    0.00       (C.Area)
  CAR:   32.36  Ratio:    0.00       (C.S.Area)

[1]  li1:
  PAR:    0.11  Ratio:    0.00       (Area)
  PAR:    0.13  Ratio:   75.00       (S.Area)
  CAR:    0.11  Ratio:    0.00       (C.Area)
  CAR:    0.13  Ratio:    0.00       (C.S.Area)

[1]  M1M2_PR:
  PAR:    0.18  Ratio:    6.00       (Area)
  CAR:    0.41  Ratio:    0.00       (C.Area)

[1]  L1M1_PR:
  PAR:    0.23  Ratio:    3.00       (Area)
  CAR:    0.23  Ratio:    0.00       (C.Area)


Net - net6
  _21_  (sky130_fd_sc_hd__and2_1)  B
[1]  met1:
  PAR:    6.14  Ratio:    0.00       (Area)
  PAR:   32.58  Ratio: 2736.24       (S.Area)
  CAR:    6.25  Ratio:    0.00       (C.Area)
  CAR:   32.71  Ratio:    0.00       (C.S.Area)

[1]  li1:
  PAR:    0.11  Ratio:    0.00       (Area)
  PAR:    0.13  Ratio:   75.00       (S.Area)
  CAR:    0.11  Ratio:    0.00       (C.Area)
  CAR:    0.13  Ratio:    0.00       (C.S.Area)

[1]  met2:
  PAR:    1.06  Ratio:    0.00       (Area)
  PAR:    5.42  Ratio: 2736.24       (S.Area)
  CAR:    7.31  Ratio:    0.00       (C.Area)
  CAR:   38.14  Ratio:    0.00       (C.S.Area)

[1]  M1M2_PR:
  PAR:    0.18  Ratio:    6.00       (Area)
  CAR:    0.41  Ratio:    0.00       (C.Area)

[1]  L1M1_PR:
  PAR:    0.23  Ratio:    3.00       (Area)
  CAR:    0.23  Ratio:    0.00       (C.Area)

  _20_  (sky130_fd_sc_hd__nor2_1)  B
[1]  met2:
  PAR:    1.06  Ratio:    0.00       (Area)
  PAR:    5.42  Ratio: 2736.24       (S.Area)
  CAR:    1.20  Ratio:    0.00       (C.Area)
  CAR:    5.89  Ratio:    0.00       (C.S.Area)

[1]  met1:
  PAR:    0.08  Ratio:    0.00       (Area)
  PAR:    0.40  Ratio:  400.00       (S.Area)
  CAR:    0.14  Ratio:    0.00       (C.Area)
  CAR:    0.46  Ratio:    0.00       (C.S.Area)

[1]  li1:
  PAR:    0.06  Ratio:    0.00       (Area)
  PAR:    0.07  Ratio:   75.00       (S.Area)
  CAR:    0.06  Ratio:    0.00       (C.Area)
  CAR:    0.07  Ratio:    0.00       (C.S.Area)

[1]  M1M2_PR:
  PAR:    0.09  Ratio:    6.00       (Area)
  CAR:    0.21  Ratio:    0.00       (C.Area)

[1]  L1M1_PR:
  PAR:    0.12  Ratio:    3.00       (Area)
  CAR:    0.12  Ratio:    0.00       (C.Area)


Net - net7
  _23_  (sky130_fd_sc_hd__nand2_1)  B
[1]  met2:
  PAR:    1.67  Ratio:    0.00       (Area)
  PAR:    8.42  Ratio: 2736.24       (S.Area)
  CAR:    1.80  Ratio:    0.00       (C.Area)
  CAR:    8.88  Ratio:    0.00       (C.S.Area)

[1]  met1:
  PAR:    0.08  Ratio:    0.00       (Area)
  PAR:    0.40  Ratio:  400.00       (S.Area)
  CAR:    0.14  Ratio:    0.00       (C.Area)
  CAR:    0.46  Ratio:    0.00       (C.S.Area)

[1]  li1:
  PAR:    0.06  Ratio:    0.00       (Area)
  PAR:    0.07  Ratio:   75.00       (S.Area)
  CAR:    0.06  Ratio:    0.00       (C.Area)
  CAR:    0.07  Ratio:    0.00       (C.S.Area)

[1]  M1M2_PR:
  PAR:    0.09  Ratio:    6.00       (Area)
  CAR:    0.21  Ratio:    0.00       (C.Area)

[1]  L1M1_PR:
  PAR:    0.12  Ratio:    3.00       (Area)
  CAR:    0.12  Ratio:    0.00       (C.Area)

  _16_  (sky130_fd_sc_hd__nor2_1)  B
[1]  met1:
  PAR:    1.56  Ratio:    0.00       (Area)
  PAR:    8.78  Ratio: 2736.24       (S.Area)
  CAR:    1.62  Ratio:    0.00       (C.Area)
  CAR:    8.85  Ratio:    0.00       (C.S.Area)

[1]  met2:
  PAR:    1.67  Ratio:    0.00       (Area)
  PAR:    8.42  Ratio: 2736.24       (S.Area)
  CAR:    3.29  Ratio:    0.00       (C.Area)
  CAR:   17.27  Ratio:    0.00       (C.S.Area)

[1]  li1:
  PAR:    0.06  Ratio:    0.00       (Area)
  PAR:    0.07  Ratio:   75.00       (S.Area)
  CAR:    0.06  Ratio:    0.00       (C.Area)
  CAR:    0.07  Ratio:    0.00       (C.S.Area)

[1]  M1M2_PR:
  PAR:    0.09  Ratio:    6.00       (Area)
  CAR:    0.21  Ratio:    0.00       (C.Area)

[1]  L1M1_PR:
  PAR:    0.12  Ratio:    3.00       (Area)
  CAR:    0.12  Ratio:    0.00       (C.Area)


Net - net8
  _15_  (sky130_fd_sc_hd__or2_1)  B
[1]  met1:
  PAR:    1.73  Ratio:    0.00       (Area)
  PAR:    9.79  Ratio: 2736.24       (S.Area)
  CAR:    1.84  Ratio:    0.00       (C.Area)
  CAR:    9.93  Ratio:    0.00       (C.S.Area)

[1]  li1:
  PAR:    0.11  Ratio:    0.00       (Area)
  PAR:    0.13  Ratio:   75.00       (S.Area)
  CAR:    0.11  Ratio:    0.00       (C.Area)
  CAR:    0.13  Ratio:    0.00       (C.S.Area)

[1]  L1M1_PR:
  PAR:    0.23  Ratio:    3.00       (Area)
  CAR:    0.23  Ratio:    0.00       (C.Area)

  _25_  (sky130_fd_sc_hd__nand2_1)  B
[1]  met1:
  PAR:    1.73  Ratio:    0.00       (Area)
  PAR:    9.79  Ratio: 2736.24       (S.Area)
  CAR:    1.78  Ratio:    0.00       (C.Area)
  CAR:    9.86  Ratio:    0.00       (C.S.Area)

[1]  li1:
  PAR:    0.06  Ratio:    0.00       (Area)
  PAR:    0.07  Ratio:   75.00       (S.Area)
  CAR:    0.06  Ratio:    0.00       (C.Area)
  CAR:    0.07  Ratio:    0.00       (C.S.Area)

[1]  L1M1_PR:
  PAR:    0.12  Ratio:    3.00       (Area)
  CAR:    0.12  Ratio:    0.00       (C.Area)


Net - net9
  _19_  (sky130_fd_sc_hd__a21boi_2)  A1
[1]  met2:
  PAR:    0.36  Ratio:    0.00       (Area)
  PAR:    1.86  Ratio: 2736.24       (S.Area)
  CAR:    0.88  Ratio:    0.00       (C.Area)
  CAR:    4.51  Ratio:    0.00       (C.S.Area)

[1]  met1:
  PAR:    0.49  Ratio:    0.00       (Area)
  PAR:    2.62  Ratio:  400.00       (S.Area)
  CAR:    0.51  Ratio:    0.00       (C.Area)
  CAR:    2.66  Ratio:    0.00       (C.S.Area)

[1]  li1:
  PAR:    0.03  Ratio:    0.00       (Area)
  PAR:    0.03  Ratio:   75.00       (S.Area)
  CAR:    0.03  Ratio:    0.00       (C.Area)
  CAR:    0.03  Ratio:    0.00       (C.S.Area)

[1]  M1M2_PR:
  PAR:    0.02  Ratio:    6.00       (Area)
  CAR:    0.08  Ratio:    0.00       (C.Area)

[1]  L1M1_PR:
  PAR:    0.06  Ratio:    3.00       (Area)
  CAR:    0.06  Ratio:    0.00       (C.Area)

  _28_  (sky130_fd_sc_hd__xnor2_1)  A
[1]  met2:
  PAR:    0.36  Ratio:    0.00       (Area)
  PAR:    1.86  Ratio: 2736.24       (S.Area)
  CAR:    0.88  Ratio:    0.00       (C.Area)
  CAR:    4.51  Ratio:    0.00       (C.S.Area)

[1]  met1:
  PAR:    0.49  Ratio:    0.00       (Area)
  PAR:    2.62  Ratio:  400.00       (S.Area)
  CAR:    0.51  Ratio:    0.00       (C.Area)
  CAR:    2.66  Ratio:    0.00       (C.S.Area)

[1]  li1:
  PAR:    0.03  Ratio:    0.00       (Area)
  PAR:    0.03  Ratio:   75.00       (S.Area)
  CAR:    0.03  Ratio:    0.00       (C.Area)
  CAR:    0.03  Ratio:    0.00       (C.S.Area)

[1]  M1M2_PR:
  PAR:    0.02  Ratio:    6.00       (Area)
  CAR:    0.08  Ratio:    0.00       (C.Area)

[1]  L1M1_PR:
  PAR:    0.06  Ratio:    3.00       (Area)
  CAR:    0.06  Ratio:    0.00       (C.Area)

Number of pins violated: 0
Number of nets violated: 0
Total number of unspecial nets: 46
