
===========================================================================
report_checks -unconstrained
============================================================================
Startpoint: b[0] (input port clocked by clk)
Endpoint: sum[6] (output port clocked by clk)
Path Group: clk
Path Type: max

Fanout     Cap    Slew   Delay    Time   Description
-----------------------------------------------------------------------------
                  0.00    0.00    0.00   clock clk (rise edge)
                          0.00    0.00   clock network delay (ideal)
                          0.00    0.00 v input external delay
                  0.04    0.03    0.03 v b[0] (in)
     2    0.02                           b[0] (net)
                  0.04    0.00    0.03 v _33_/A (sky130_fd_sc_hs__xor2_2)
                  0.06    0.17    0.20 v _33_/X (sky130_fd_sc_hs__xor2_2)
     2    0.01                           _06_ (net)
                  0.06    0.00    0.20 v _35_/A2 (sky130_fd_sc_hs__a21o_2)
                  0.04    0.19    0.39 v _35_/X (sky130_fd_sc_hs__a21o_2)
     2    0.01                           _08_ (net)
                  0.04    0.00    0.39 v _38_/A1 (sky130_fd_sc_hs__a21o_2)
                  0.06    0.19    0.58 v _38_/X (sky130_fd_sc_hs__a21o_2)
     3    0.02                           _11_ (net)
                  0.06    0.00    0.58 v _40_/B2 (sky130_fd_sc_hs__a221o_2)
                  0.06    0.31    0.89 v _40_/X (sky130_fd_sc_hs__a221o_2)
     3    0.01                           _13_ (net)
                  0.06    0.00    0.89 v _42_/A3 (sky130_fd_sc_hs__a31o_2)
                  0.05    0.23    1.12 v _42_/X (sky130_fd_sc_hs__a31o_2)
     2    0.01                           _15_ (net)
                  0.05    0.00    1.12 v _58_/B (sky130_fd_sc_hs__and2_2)
                  0.03    0.11    1.24 v _58_/X (sky130_fd_sc_hs__and2_2)
     1    0.01                           _24_ (net)
                  0.03    0.00    1.24 v _60_/A (sky130_fd_sc_hs__xor2_2)
                  0.47    0.40    1.64 ^ _60_/X (sky130_fd_sc_hs__xor2_2)
     1    0.04                           sum[6] (net)
                  0.47    0.00    1.64 ^ sum[6] (out)
                                  1.64   data arrival time

                  0.00    0.75    0.75   clock clk (rise edge)
                          0.00    0.75   clock network delay (ideal)
                         -0.25    0.50   clock uncertainty
                          0.00    0.50   clock reconvergence pessimism
                          0.00    0.50   output external delay
                                  0.50   data required time
-----------------------------------------------------------------------------
                                  0.50   data required time
                                 -1.64   data arrival time
-----------------------------------------------------------------------------
                                 -1.14   slack (VIOLATED)



===========================================================================
report_checks --slack_max -0.01
============================================================================
Startpoint: b[0] (input port clocked by clk)
Endpoint: sum[6] (output port clocked by clk)
Path Group: clk
Path Type: max

Fanout     Cap    Slew   Delay    Time   Description
-----------------------------------------------------------------------------
                  0.00    0.00    0.00   clock clk (rise edge)
                          0.00    0.00   clock network delay (ideal)
                          0.00    0.00 v input external delay
                  0.04    0.03    0.03 v b[0] (in)
     2    0.02                           b[0] (net)
                  0.04    0.00    0.03 v _33_/A (sky130_fd_sc_hs__xor2_2)
                  0.06    0.17    0.20 v _33_/X (sky130_fd_sc_hs__xor2_2)
     2    0.01                           _06_ (net)
                  0.06    0.00    0.20 v _35_/A2 (sky130_fd_sc_hs__a21o_2)
                  0.04    0.19    0.39 v _35_/X (sky130_fd_sc_hs__a21o_2)
     2    0.01                           _08_ (net)
                  0.04    0.00    0.39 v _38_/A1 (sky130_fd_sc_hs__a21o_2)
                  0.06    0.19    0.58 v _38_/X (sky130_fd_sc_hs__a21o_2)
     3    0.02                           _11_ (net)
                  0.06    0.00    0.58 v _40_/B2 (sky130_fd_sc_hs__a221o_2)
                  0.06    0.31    0.89 v _40_/X (sky130_fd_sc_hs__a221o_2)
     3    0.01                           _13_ (net)
                  0.06    0.00    0.89 v _42_/A3 (sky130_fd_sc_hs__a31o_2)
                  0.05    0.23    1.12 v _42_/X (sky130_fd_sc_hs__a31o_2)
     2    0.01                           _15_ (net)
                  0.05    0.00    1.12 v _58_/B (sky130_fd_sc_hs__and2_2)
                  0.03    0.11    1.24 v _58_/X (sky130_fd_sc_hs__and2_2)
     1    0.01                           _24_ (net)
                  0.03    0.00    1.24 v _60_/A (sky130_fd_sc_hs__xor2_2)
                  0.47    0.40    1.64 ^ _60_/X (sky130_fd_sc_hs__xor2_2)
     1    0.04                           sum[6] (net)
                  0.47    0.00    1.64 ^ sum[6] (out)
                                  1.64   data arrival time

                  0.00    0.75    0.75   clock clk (rise edge)
                          0.00    0.75   clock network delay (ideal)
                         -0.25    0.50   clock uncertainty
                          0.00    0.50   clock reconvergence pessimism
                          0.00    0.50   output external delay
                                  0.50   data required time
-----------------------------------------------------------------------------
                                  0.50   data required time
                                 -1.64   data arrival time
-----------------------------------------------------------------------------
                                 -1.14   slack (VIOLATED)


