
===========================================================================
report_checks -unconstrained
============================================================================
Startpoint: b[0] (input port clocked by clk)
Endpoint: sum[7] (output port clocked by clk)
Path Group: clk
Path Type: max

Fanout     Cap    Slew   Delay    Time   Description
-----------------------------------------------------------------------------
                  0.00    0.00    0.00   clock clk (rise edge)
                          0.00    0.00   clock network delay (ideal)
                          0.00    0.00 v input external delay
                  0.01    0.01    0.01 v b[0] (in)
     1    0.01                           b[0] (net)
                  0.01    0.00    0.01 v input9/A (sky130_fd_sc_hs__buf_1)
                  0.07    0.11    0.12 v input9/X (sky130_fd_sc_hs__buf_1)
     2    0.02                           net9 (net)
                  0.07    0.00    0.12 v _33_/A (sky130_fd_sc_hs__xor2_2)
                  0.07    0.19    0.31 v _33_/X (sky130_fd_sc_hs__xor2_2)
     2    0.01                           _06_ (net)
                  0.07    0.00    0.31 v _35_/A2 (sky130_fd_sc_hs__a21o_1)
                  0.06    0.18    0.49 v _35_/X (sky130_fd_sc_hs__a21o_1)
     2    0.01                           _08_ (net)
                  0.06    0.00    0.49 v _38_/A1 (sky130_fd_sc_hs__a21o_1)
                  0.08    0.18    0.67 v _38_/X (sky130_fd_sc_hs__a21o_1)
     3    0.02                           _11_ (net)
                  0.08    0.00    0.67 v _40_/B2 (sky130_fd_sc_hs__a221o_1)
                  0.07    0.28    0.96 v _40_/X (sky130_fd_sc_hs__a221o_1)
     3    0.01                           _13_ (net)
                  0.07    0.00    0.96 v _42_/A3 (sky130_fd_sc_hs__a31o_1)
                  0.05    0.20    1.16 v _42_/X (sky130_fd_sc_hs__a31o_1)
     2    0.01                           _15_ (net)
                  0.05    0.00    1.16 v _44_/A3 (sky130_fd_sc_hs__a31o_1)
                  0.06    0.20    1.35 v _44_/X (sky130_fd_sc_hs__a31o_1)
     2    0.01                           _17_ (net)
                  0.06    0.00    1.35 v _62_/A (sky130_fd_sc_hs__xor2_1)
                  0.13    0.16    1.51 ^ _62_/X (sky130_fd_sc_hs__xor2_1)
     1    0.01                           net26 (net)
                  0.13    0.00    1.51 ^ output26/A (sky130_fd_sc_hs__clkbuf_4)
                  0.10    0.19    1.71 ^ output26/X (sky130_fd_sc_hs__clkbuf_4)
     1    0.04                           sum[7] (net)
                  0.10    0.00    1.71 ^ sum[7] (out)
                                  1.71   data arrival time

                  0.00    0.75    0.75   clock clk (rise edge)
                          0.00    0.75   clock network delay (ideal)
                         -0.25    0.50   clock uncertainty
                          0.00    0.50   clock reconvergence pessimism
                          0.00    0.50   output external delay
                                  0.50   data required time
-----------------------------------------------------------------------------
                                  0.50   data required time
                                 -1.71   data arrival time
-----------------------------------------------------------------------------
                                 -1.21   slack (VIOLATED)



===========================================================================
report_checks --slack_max -0.01
============================================================================
Startpoint: b[0] (input port clocked by clk)
Endpoint: sum[7] (output port clocked by clk)
Path Group: clk
Path Type: max

Fanout     Cap    Slew   Delay    Time   Description
-----------------------------------------------------------------------------
                  0.00    0.00    0.00   clock clk (rise edge)
                          0.00    0.00   clock network delay (ideal)
                          0.00    0.00 v input external delay
                  0.01    0.01    0.01 v b[0] (in)
     1    0.01                           b[0] (net)
                  0.01    0.00    0.01 v input9/A (sky130_fd_sc_hs__buf_1)
                  0.07    0.11    0.12 v input9/X (sky130_fd_sc_hs__buf_1)
     2    0.02                           net9 (net)
                  0.07    0.00    0.12 v _33_/A (sky130_fd_sc_hs__xor2_2)
                  0.07    0.19    0.31 v _33_/X (sky130_fd_sc_hs__xor2_2)
     2    0.01                           _06_ (net)
                  0.07    0.00    0.31 v _35_/A2 (sky130_fd_sc_hs__a21o_1)
                  0.06    0.18    0.49 v _35_/X (sky130_fd_sc_hs__a21o_1)
     2    0.01                           _08_ (net)
                  0.06    0.00    0.49 v _38_/A1 (sky130_fd_sc_hs__a21o_1)
                  0.08    0.18    0.67 v _38_/X (sky130_fd_sc_hs__a21o_1)
     3    0.02                           _11_ (net)
                  0.08    0.00    0.67 v _40_/B2 (sky130_fd_sc_hs__a221o_1)
                  0.07    0.28    0.96 v _40_/X (sky130_fd_sc_hs__a221o_1)
     3    0.01                           _13_ (net)
                  0.07    0.00    0.96 v _42_/A3 (sky130_fd_sc_hs__a31o_1)
                  0.05    0.20    1.16 v _42_/X (sky130_fd_sc_hs__a31o_1)
     2    0.01                           _15_ (net)
                  0.05    0.00    1.16 v _44_/A3 (sky130_fd_sc_hs__a31o_1)
                  0.06    0.20    1.35 v _44_/X (sky130_fd_sc_hs__a31o_1)
     2    0.01                           _17_ (net)
                  0.06    0.00    1.35 v _62_/A (sky130_fd_sc_hs__xor2_1)
                  0.13    0.16    1.51 ^ _62_/X (sky130_fd_sc_hs__xor2_1)
     1    0.01                           net26 (net)
                  0.13    0.00    1.51 ^ output26/A (sky130_fd_sc_hs__clkbuf_4)
                  0.10    0.19    1.71 ^ output26/X (sky130_fd_sc_hs__clkbuf_4)
     1    0.04                           sum[7] (net)
                  0.10    0.00    1.71 ^ sum[7] (out)
                                  1.71   data arrival time

                  0.00    0.75    0.75   clock clk (rise edge)
                          0.00    0.75   clock network delay (ideal)
                         -0.25    0.50   clock uncertainty
                          0.00    0.50   clock reconvergence pessimism
                          0.00    0.50   output external delay
                                  0.50   data required time
-----------------------------------------------------------------------------
                                  0.50   data required time
                                 -1.71   data arrival time
-----------------------------------------------------------------------------
                                 -1.21   slack (VIOLATED)


