
===========================================================================
report_checks -path_delay max (Setup)
============================================================================
Startpoint: a[7] (input port clocked by clk)
Endpoint: sum[15] (output port clocked by clk)
Path Group: clk
Path Type: max

Fanout     Cap    Slew   Delay    Time   Description
-----------------------------------------------------------------------------
                  0.00    0.00    0.00   clock clk (rise edge)
                          0.00    0.00   clock network delay (ideal)
                          0.00    0.00 ^ input external delay
                  0.04    0.03    0.03 ^ a[7] (in)
     1    0.01                           a[7] (net)
                  0.04    0.00    0.03 ^ input14/A (sky130_fd_sc_hd__clkbuf_1)
                  0.12    0.13    0.16 ^ input14/X (sky130_fd_sc_hd__clkbuf_1)
     3    0.01                           net14 (net)
                  0.12    0.00    0.17 ^ _082_/B (sky130_fd_sc_hd__or2_1)
                  0.06    0.13    0.30 ^ _082_/X (sky130_fd_sc_hd__or2_1)
     1    0.00                           _033_ (net)
                  0.06    0.00    0.30 ^ _083_/B (sky130_fd_sc_hd__nand2_1)
                  0.08    0.09    0.39 v _083_/Y (sky130_fd_sc_hd__nand2_1)
     2    0.01                           _034_ (net)
                  0.08    0.00    0.39 v _086_/A (sky130_fd_sc_hd__or3_1)
                  0.11    0.45    0.84 v _086_/X (sky130_fd_sc_hd__or3_1)
     2    0.01                           _037_ (net)
                  0.11    0.01    0.85 v _105_/B (sky130_fd_sc_hd__or4b_2)
                  0.14    0.75    1.60 v _105_/X (sky130_fd_sc_hd__or4b_2)
     3    0.01                           _056_ (net)
                  0.14    0.00    1.60 v _119_/A1 (sky130_fd_sc_hd__a2111o_1)
                  0.09    0.45    2.05 v _119_/X (sky130_fd_sc_hd__a2111o_1)
     2    0.01                           _070_ (net)
                  0.09    0.00    2.06 v _125_/A1 (sky130_fd_sc_hd__a21bo_1)
                  0.06    0.21    2.27 v _125_/X (sky130_fd_sc_hd__a21bo_1)
     2    0.01                           _001_ (net)
                  0.06    0.00    2.27 v _128_/A2 (sky130_fd_sc_hd__a31o_1)
                  0.07    0.25    2.52 v _128_/X (sky130_fd_sc_hd__a31o_1)
     2    0.01                           _004_ (net)
                  0.07    0.00    2.53 v _129_/A2 (sky130_fd_sc_hd__o21a_1)
                  0.09    0.24    2.76 v _129_/X (sky130_fd_sc_hd__o21a_1)
     2    0.02                           _005_ (net)
                  0.09    0.01    2.77 v _166_/A (sky130_fd_sc_hd__xnor2_2)
                  0.23    0.26    3.03 ^ _166_/Y (sky130_fd_sc_hd__xnor2_2)
     1    0.01                           net41 (net)
                  0.23    0.01    3.04 ^ output41/A (sky130_fd_sc_hd__buf_2)
                  0.19    0.27    3.31 ^ output41/X (sky130_fd_sc_hd__buf_2)
     1    0.03                           sum[15] (net)
                  0.19    0.01    3.32 ^ sum[15] (out)
                                  3.32   data arrival time

                  0.00    4.50    4.50   clock clk (rise edge)
                          0.00    4.50   clock network delay (ideal)
                         -0.25    4.25   clock uncertainty
                          0.00    4.25   clock reconvergence pessimism
                          0.00    4.25   output external delay
                                  4.25   data required time
-----------------------------------------------------------------------------
                                  4.25   data required time
                                 -3.32   data arrival time
-----------------------------------------------------------------------------
                                  0.93   slack (MET)


Startpoint: a[7] (input port clocked by clk)
Endpoint: cout (output port clocked by clk)
Path Group: clk
Path Type: max

Fanout     Cap    Slew   Delay    Time   Description
-----------------------------------------------------------------------------
                  0.00    0.00    0.00   clock clk (rise edge)
                          0.00    0.00   clock network delay (ideal)
                          0.00    0.00 ^ input external delay
                  0.04    0.03    0.03 ^ a[7] (in)
     1    0.01                           a[7] (net)
                  0.04    0.00    0.03 ^ input14/A (sky130_fd_sc_hd__clkbuf_1)
                  0.12    0.13    0.16 ^ input14/X (sky130_fd_sc_hd__clkbuf_1)
     3    0.01                           net14 (net)
                  0.12    0.00    0.17 ^ _082_/B (sky130_fd_sc_hd__or2_1)
                  0.06    0.13    0.30 ^ _082_/X (sky130_fd_sc_hd__or2_1)
     1    0.00                           _033_ (net)
                  0.06    0.00    0.30 ^ _083_/B (sky130_fd_sc_hd__nand2_1)
                  0.08    0.09    0.39 v _083_/Y (sky130_fd_sc_hd__nand2_1)
     2    0.01                           _034_ (net)
                  0.08    0.00    0.39 v _086_/A (sky130_fd_sc_hd__or3_1)
                  0.11    0.45    0.84 v _086_/X (sky130_fd_sc_hd__or3_1)
     2    0.01                           _037_ (net)
                  0.11    0.01    0.85 v _105_/B (sky130_fd_sc_hd__or4b_2)
                  0.14    0.75    1.60 v _105_/X (sky130_fd_sc_hd__or4b_2)
     3    0.01                           _056_ (net)
                  0.14    0.00    1.60 v _119_/A1 (sky130_fd_sc_hd__a2111o_1)
                  0.09    0.45    2.05 v _119_/X (sky130_fd_sc_hd__a2111o_1)
     2    0.01                           _070_ (net)
                  0.09    0.00    2.06 v _125_/A1 (sky130_fd_sc_hd__a21bo_1)
                  0.06    0.21    2.27 v _125_/X (sky130_fd_sc_hd__a21bo_1)
     2    0.01                           _001_ (net)
                  0.06    0.00    2.27 v _128_/A2 (sky130_fd_sc_hd__a31o_1)
                  0.07    0.25    2.52 v _128_/X (sky130_fd_sc_hd__a31o_1)
     2    0.01                           _004_ (net)
                  0.07    0.00    2.53 v _129_/A2 (sky130_fd_sc_hd__o21a_1)
                  0.09    0.24    2.76 v _129_/X (sky130_fd_sc_hd__o21a_1)
     2    0.02                           _005_ (net)
                  0.09    0.00    2.77 v _131_/A2 (sky130_fd_sc_hd__o21ai_1)
                  0.16    0.19    2.95 ^ _131_/Y (sky130_fd_sc_hd__o21ai_1)
     1    0.01                           net34 (net)
                  0.16    0.00    2.95 ^ output34/A (sky130_fd_sc_hd__buf_2)
                  0.17    0.25    3.20 ^ output34/X (sky130_fd_sc_hd__buf_2)
     1    0.03                           cout (net)
                  0.18    0.01    3.21 ^ cout (out)
                                  3.21   data arrival time

                  0.00    4.50    4.50   clock clk (rise edge)
                          0.00    4.50   clock network delay (ideal)
                         -0.25    4.25   clock uncertainty
                          0.00    4.25   clock reconvergence pessimism
                          0.00    4.25   output external delay
                                  4.25   data required time
-----------------------------------------------------------------------------
                                  4.25   data required time
                                 -3.21   data arrival time
-----------------------------------------------------------------------------
                                  1.04   slack (MET)


Startpoint: a[7] (input port clocked by clk)
Endpoint: sum[14] (output port clocked by clk)
Path Group: clk
Path Type: max

Fanout     Cap    Slew   Delay    Time   Description
-----------------------------------------------------------------------------
                  0.00    0.00    0.00   clock clk (rise edge)
                          0.00    0.00   clock network delay (ideal)
                          0.00    0.00 ^ input external delay
                  0.04    0.03    0.03 ^ a[7] (in)
     1    0.01                           a[7] (net)
                  0.04    0.00    0.03 ^ input14/A (sky130_fd_sc_hd__clkbuf_1)
                  0.12    0.13    0.16 ^ input14/X (sky130_fd_sc_hd__clkbuf_1)
     3    0.01                           net14 (net)
                  0.12    0.00    0.17 ^ _082_/B (sky130_fd_sc_hd__or2_1)
                  0.06    0.13    0.30 ^ _082_/X (sky130_fd_sc_hd__or2_1)
     1    0.00                           _033_ (net)
                  0.06    0.00    0.30 ^ _083_/B (sky130_fd_sc_hd__nand2_1)
                  0.08    0.09    0.39 v _083_/Y (sky130_fd_sc_hd__nand2_1)
     2    0.01                           _034_ (net)
                  0.08    0.00    0.39 v _086_/A (sky130_fd_sc_hd__or3_1)
                  0.11    0.45    0.84 v _086_/X (sky130_fd_sc_hd__or3_1)
     2    0.01                           _037_ (net)
                  0.11    0.01    0.85 v _105_/B (sky130_fd_sc_hd__or4b_2)
                  0.14    0.75    1.60 v _105_/X (sky130_fd_sc_hd__or4b_2)
     3    0.01                           _056_ (net)
                  0.14    0.00    1.60 v _119_/A1 (sky130_fd_sc_hd__a2111o_1)
                  0.09    0.45    2.05 v _119_/X (sky130_fd_sc_hd__a2111o_1)
     2    0.01                           _070_ (net)
                  0.09    0.00    2.06 v _125_/A1 (sky130_fd_sc_hd__a21bo_1)
                  0.06    0.21    2.27 v _125_/X (sky130_fd_sc_hd__a21bo_1)
     2    0.01                           _001_ (net)
                  0.06    0.00    2.27 v _128_/A2 (sky130_fd_sc_hd__a31o_1)
                  0.07    0.25    2.52 v _128_/X (sky130_fd_sc_hd__a31o_1)
     2    0.01                           _004_ (net)
                  0.07    0.00    2.53 v _164_/B (sky130_fd_sc_hd__xor2_1)
                  0.17    0.19    2.71 ^ _164_/X (sky130_fd_sc_hd__xor2_1)
     1    0.01                           net40 (net)
                  0.17    0.00    2.71 ^ output40/A (sky130_fd_sc_hd__buf_2)
                  0.19    0.26    2.97 ^ output40/X (sky130_fd_sc_hd__buf_2)
     1    0.03                           sum[14] (net)
                  0.19    0.01    2.98 ^ sum[14] (out)
                                  2.98   data arrival time

                  0.00    4.50    4.50   clock clk (rise edge)
                          0.00    4.50   clock network delay (ideal)
                         -0.25    4.25   clock uncertainty
                          0.00    4.25   clock reconvergence pessimism
                          0.00    4.25   output external delay
                                  4.25   data required time
-----------------------------------------------------------------------------
                                  4.25   data required time
                                 -2.98   data arrival time
-----------------------------------------------------------------------------
                                  1.27   slack (MET)


Startpoint: a[7] (input port clocked by clk)
Endpoint: sum[13] (output port clocked by clk)
Path Group: clk
Path Type: max

Fanout     Cap    Slew   Delay    Time   Description
-----------------------------------------------------------------------------
                  0.00    0.00    0.00   clock clk (rise edge)
                          0.00    0.00   clock network delay (ideal)
                          0.00    0.00 ^ input external delay
                  0.04    0.03    0.03 ^ a[7] (in)
     1    0.01                           a[7] (net)
                  0.04    0.00    0.03 ^ input14/A (sky130_fd_sc_hd__clkbuf_1)
                  0.12    0.13    0.16 ^ input14/X (sky130_fd_sc_hd__clkbuf_1)
     3    0.01                           net14 (net)
                  0.12    0.00    0.17 ^ _082_/B (sky130_fd_sc_hd__or2_1)
                  0.06    0.13    0.30 ^ _082_/X (sky130_fd_sc_hd__or2_1)
     1    0.00                           _033_ (net)
                  0.06    0.00    0.30 ^ _083_/B (sky130_fd_sc_hd__nand2_1)
                  0.08    0.09    0.39 v _083_/Y (sky130_fd_sc_hd__nand2_1)
     2    0.01                           _034_ (net)
                  0.08    0.00    0.39 v _086_/A (sky130_fd_sc_hd__or3_1)
                  0.11    0.45    0.84 v _086_/X (sky130_fd_sc_hd__or3_1)
     2    0.01                           _037_ (net)
                  0.11    0.01    0.85 v _105_/B (sky130_fd_sc_hd__or4b_2)
                  0.14    0.75    1.60 v _105_/X (sky130_fd_sc_hd__or4b_2)
     3    0.01                           _056_ (net)
                  0.14    0.00    1.60 v _119_/A1 (sky130_fd_sc_hd__a2111o_1)
                  0.09    0.45    2.05 v _119_/X (sky130_fd_sc_hd__a2111o_1)
     2    0.01                           _070_ (net)
                  0.09    0.00    2.06 v _125_/A1 (sky130_fd_sc_hd__a21bo_1)
                  0.06    0.21    2.27 v _125_/X (sky130_fd_sc_hd__a21bo_1)
     2    0.01                           _001_ (net)
                  0.06    0.00    2.27 v _162_/B (sky130_fd_sc_hd__nand2_1)
                  0.07    0.09    2.36 ^ _162_/Y (sky130_fd_sc_hd__nand2_1)
     1    0.01                           _024_ (net)
                  0.07    0.00    2.37 ^ _163_/B (sky130_fd_sc_hd__xnor2_1)
                  0.26    0.18    2.54 ^ _163_/Y (sky130_fd_sc_hd__xnor2_1)
     1    0.01                           net39 (net)
                  0.26    0.00    2.54 ^ output39/A (sky130_fd_sc_hd__buf_2)
                  0.19    0.28    2.83 ^ output39/X (sky130_fd_sc_hd__buf_2)
     1    0.03                           sum[13] (net)
                  0.19    0.01    2.84 ^ sum[13] (out)
                                  2.84   data arrival time

                  0.00    4.50    4.50   clock clk (rise edge)
                          0.00    4.50   clock network delay (ideal)
                         -0.25    4.25   clock uncertainty
                          0.00    4.25   clock reconvergence pessimism
                          0.00    4.25   output external delay
                                  4.25   data required time
-----------------------------------------------------------------------------
                                  4.25   data required time
                                 -2.84   data arrival time
-----------------------------------------------------------------------------
                                  1.41   slack (MET)


Startpoint: a[7] (input port clocked by clk)
Endpoint: sum[11] (output port clocked by clk)
Path Group: clk
Path Type: max

Fanout     Cap    Slew   Delay    Time   Description
-----------------------------------------------------------------------------
                  0.00    0.00    0.00   clock clk (rise edge)
                          0.00    0.00   clock network delay (ideal)
                          0.00    0.00 ^ input external delay
                  0.04    0.03    0.03 ^ a[7] (in)
     1    0.01                           a[7] (net)
                  0.04    0.00    0.03 ^ input14/A (sky130_fd_sc_hd__clkbuf_1)
                  0.12    0.13    0.16 ^ input14/X (sky130_fd_sc_hd__clkbuf_1)
     3    0.01                           net14 (net)
                  0.12    0.00    0.17 ^ _082_/B (sky130_fd_sc_hd__or2_1)
                  0.06    0.13    0.30 ^ _082_/X (sky130_fd_sc_hd__or2_1)
     1    0.00                           _033_ (net)
                  0.06    0.00    0.30 ^ _083_/B (sky130_fd_sc_hd__nand2_1)
                  0.08    0.09    0.39 v _083_/Y (sky130_fd_sc_hd__nand2_1)
     2    0.01                           _034_ (net)
                  0.08    0.00    0.39 v _086_/A (sky130_fd_sc_hd__or3_1)
                  0.11    0.45    0.84 v _086_/X (sky130_fd_sc_hd__or3_1)
     2    0.01                           _037_ (net)
                  0.11    0.01    0.85 v _105_/B (sky130_fd_sc_hd__or4b_2)
                  0.14    0.75    1.60 v _105_/X (sky130_fd_sc_hd__or4b_2)
     3    0.01                           _056_ (net)
                  0.14    0.00    1.60 v _150_/A1 (sky130_fd_sc_hd__a21oi_1)
                  0.28    0.30    1.90 ^ _150_/Y (sky130_fd_sc_hd__a21oi_1)
     3    0.01                           _017_ (net)
                  0.28    0.00    1.90 ^ _155_/B2 (sky130_fd_sc_hd__o22a_1)
                  0.13    0.24    2.15 ^ _155_/X (sky130_fd_sc_hd__o22a_1)
     2    0.01                           _020_ (net)
                  0.13    0.01    2.15 ^ _157_/A2 (sky130_fd_sc_hd__a21bo_1)
                  0.06    0.15    2.30 ^ _157_/X (sky130_fd_sc_hd__a21bo_1)
     1    0.01                           _021_ (net)
                  0.06    0.00    2.31 ^ _158_/B (sky130_fd_sc_hd__xnor2_1)
                  0.27    0.18    2.48 ^ _158_/Y (sky130_fd_sc_hd__xnor2_1)
     1    0.01                           net37 (net)
                  0.27    0.00    2.49 ^ output37/A (sky130_fd_sc_hd__buf_2)
                  0.20    0.29    2.78 ^ output37/X (sky130_fd_sc_hd__buf_2)
     1    0.03                           sum[11] (net)
                  0.20    0.01    2.79 ^ sum[11] (out)
                                  2.79   data arrival time

                  0.00    4.50    4.50   clock clk (rise edge)
                          0.00    4.50   clock network delay (ideal)
                         -0.25    4.25   clock uncertainty
                          0.00    4.25   clock reconvergence pessimism
                          0.00    4.25   output external delay
                                  4.25   data required time
-----------------------------------------------------------------------------
                                  4.25   data required time
                                 -2.79   data arrival time
-----------------------------------------------------------------------------
                                  1.46   slack (MET)


