
===========================================================================
report_checks -unconstrained
============================================================================

======================= Slowest Corner ===================================

Startpoint: a[9] (input port clocked by clk)
Endpoint: sum[31] (output port clocked by clk)
Path Group: clk
Path Type: max
Corner: ss

Fanout     Cap    Slew   Delay    Time   Description
-----------------------------------------------------------------------------
                  0.00    0.00    0.00   clock clk (rise edge)
                          0.00    0.00   clock network delay (ideal)
                          0.00    0.00 v input external delay
                  0.02    0.01    0.01 v a[9] (in)
     1    0.00                           a[9] (net)
                  0.02    0.00    0.01 v input32/A (sky130_fd_sc_hd__dlymetal6s2s_1)
                  0.18    0.38    0.39 v input32/X (sky130_fd_sc_hd__dlymetal6s2s_1)
     3    0.02                           net32 (net)
                  0.18    0.00    0.39 v _217_/B (sky130_fd_sc_hd__xnor2_1)
                  0.22    0.37    0.76 v _217_/Y (sky130_fd_sc_hd__xnor2_1)
     3    0.01                           _041_ (net)
                  0.22    0.00    0.76 v _228_/A (sky130_fd_sc_hd__or2_1)
                  0.10    0.58    1.34 v _228_/X (sky130_fd_sc_hd__or2_1)
     1    0.00                           _050_ (net)
                  0.10    0.00    1.34 v _229_/C (sky130_fd_sc_hd__or4b_1)
                  0.23    1.25    2.59 v _229_/X (sky130_fd_sc_hd__or4b_1)
     2    0.01                           _051_ (net)
                  0.23    0.00    2.59 v _259_/A2 (sky130_fd_sc_hd__o31a_2)
                  0.18    0.85    3.44 v _259_/X (sky130_fd_sc_hd__o31a_2)
     4    0.02                           _077_ (net)
                  0.18    0.00    3.44 v _310_/A1 (sky130_fd_sc_hd__o31a_2)
                  0.16    0.83    4.27 v _310_/X (sky130_fd_sc_hd__o31a_2)
     3    0.02                           _120_ (net)
                  0.16    0.00    4.27 v _331_/A (sky130_fd_sc_hd__or4_1)
                  0.23    1.39    5.66 v _331_/X (sky130_fd_sc_hd__or4_1)
     2    0.01                           _137_ (net)
                  0.23    0.00    5.66 v _339_/A1 (sky130_fd_sc_hd__a21o_1)
                  0.17    0.49    6.15 v _339_/X (sky130_fd_sc_hd__a21o_1)
     4    0.02                           _145_ (net)
                  0.17    0.00    6.15 v _351_/A2 (sky130_fd_sc_hd__a311oi_4)
                  0.41    0.56    6.71 ^ _351_/Y (sky130_fd_sc_hd__a311oi_4)
     3    0.01                           _155_ (net)
                  0.41    0.00    6.71 ^ _362_/A1 (sky130_fd_sc_hd__o21a_1)
                  0.22    0.50    7.20 ^ _362_/X (sky130_fd_sc_hd__o21a_1)
     2    0.01                           _164_ (net)
                  0.22    0.00    7.20 ^ _363_/B (sky130_fd_sc_hd__xnor2_1)
                  0.37    0.33    7.54 ^ _363_/Y (sky130_fd_sc_hd__xnor2_1)
     1    0.01                           net91 (net)
                  0.37    0.00    7.54 ^ output91/A (sky130_fd_sc_hd__buf_2)
                  0.28    0.50    8.04 ^ output91/X (sky130_fd_sc_hd__buf_2)
     1    0.03                           sum[31] (net)
                  0.28    0.00    8.04 ^ sum[31] (out)
                                  8.04   data arrival time

                  0.00    5.50    5.50   clock clk (rise edge)
                          0.00    5.50   clock network delay (ideal)
                         -0.25    5.25   clock uncertainty
                          0.00    5.25   clock reconvergence pessimism
                          0.00    5.25   output external delay
                                  5.25   data required time
-----------------------------------------------------------------------------
                                  5.25   data required time
                                 -8.04   data arrival time
-----------------------------------------------------------------------------
                                 -2.79   slack (VIOLATED)



======================= Typical Corner ===================================

Startpoint: a[9] (input port clocked by clk)
Endpoint: sum[31] (output port clocked by clk)
Path Group: clk
Path Type: max
Corner: tt

Fanout     Cap    Slew   Delay    Time   Description
-----------------------------------------------------------------------------
                  0.00    0.00    0.00   clock clk (rise edge)
                          0.00    0.00   clock network delay (ideal)
                          0.00    0.00 v input external delay
                  0.01    0.00    0.00 v a[9] (in)
     1    0.00                           a[9] (net)
                  0.01    0.00    0.00 v input32/A (sky130_fd_sc_hd__dlymetal6s2s_1)
                  0.10    0.18    0.19 v input32/X (sky130_fd_sc_hd__dlymetal6s2s_1)
     3    0.02                           net32 (net)
                  0.10    0.00    0.19 v _217_/B (sky130_fd_sc_hd__xnor2_1)
                  0.11    0.20    0.38 v _217_/Y (sky130_fd_sc_hd__xnor2_1)
     3    0.01                           _041_ (net)
                  0.11    0.00    0.38 v _228_/A (sky130_fd_sc_hd__or2_1)
                  0.05    0.25    0.64 v _228_/X (sky130_fd_sc_hd__or2_1)
     1    0.00                           _050_ (net)
                  0.05    0.00    0.64 v _229_/C (sky130_fd_sc_hd__or4b_1)
                  0.11    0.53    1.17 v _229_/X (sky130_fd_sc_hd__or4b_1)
     2    0.01                           _051_ (net)
                  0.11    0.00    1.17 v _259_/A2 (sky130_fd_sc_hd__o31a_2)
                  0.10    0.43    1.60 v _259_/X (sky130_fd_sc_hd__o31a_2)
     4    0.02                           _077_ (net)
                  0.10    0.00    1.60 v _310_/A1 (sky130_fd_sc_hd__o31a_2)
                  0.09    0.43    2.03 v _310_/X (sky130_fd_sc_hd__o31a_2)
     3    0.02                           _120_ (net)
                  0.09    0.00    2.03 v _331_/A (sky130_fd_sc_hd__or4_1)
                  0.11    0.60    2.62 v _331_/X (sky130_fd_sc_hd__or4_1)
     2    0.01                           _137_ (net)
                  0.11    0.00    2.62 v _339_/A1 (sky130_fd_sc_hd__a21o_1)
                  0.09    0.25    2.87 v _339_/X (sky130_fd_sc_hd__a21o_1)
     4    0.02                           _145_ (net)
                  0.09    0.00    2.88 v _351_/A2 (sky130_fd_sc_hd__a311oi_4)
                  0.27    0.33    3.20 ^ _351_/Y (sky130_fd_sc_hd__a311oi_4)
     3    0.01                           _155_ (net)
                  0.27    0.00    3.20 ^ _362_/A1 (sky130_fd_sc_hd__o21a_1)
                  0.14    0.25    3.46 ^ _362_/X (sky130_fd_sc_hd__o21a_1)
     2    0.01                           _164_ (net)
                  0.14    0.00    3.46 ^ _363_/B (sky130_fd_sc_hd__xnor2_1)
                  0.23    0.18    3.64 ^ _363_/Y (sky130_fd_sc_hd__xnor2_1)
     1    0.01                           net91 (net)
                  0.23    0.00    3.64 ^ output91/A (sky130_fd_sc_hd__buf_2)
                  0.17    0.27    3.91 ^ output91/X (sky130_fd_sc_hd__buf_2)
     1    0.03                           sum[31] (net)
                  0.17    0.00    3.91 ^ sum[31] (out)
                                  3.91   data arrival time

                  0.00    5.50    5.50   clock clk (rise edge)
                          0.00    5.50   clock network delay (ideal)
                         -0.25    5.25   clock uncertainty
                          0.00    5.25   clock reconvergence pessimism
                          0.00    5.25   output external delay
                                  5.25   data required time
-----------------------------------------------------------------------------
                                  5.25   data required time
                                 -3.91   data arrival time
-----------------------------------------------------------------------------
                                  1.34   slack (MET)



======================= Fastest Corner ===================================

Startpoint: a[9] (input port clocked by clk)
Endpoint: sum[31] (output port clocked by clk)
Path Group: clk
Path Type: max
Corner: ff

Fanout     Cap    Slew   Delay    Time   Description
-----------------------------------------------------------------------------
                  0.00    0.00    0.00   clock clk (rise edge)
                          0.00    0.00   clock network delay (ideal)
                          0.00    0.00 v input external delay
                  0.00    0.00    0.00 v a[9] (in)
     1    0.00                           a[9] (net)
                  0.00    0.00    0.00 v input32/A (sky130_fd_sc_hd__dlymetal6s2s_1)
                  0.07    0.12    0.12 v input32/X (sky130_fd_sc_hd__dlymetal6s2s_1)
     3    0.02                           net32 (net)
                  0.07    0.00    0.12 v _217_/B (sky130_fd_sc_hd__xnor2_1)
                  0.07    0.13    0.25 v _217_/Y (sky130_fd_sc_hd__xnor2_1)
     3    0.01                           _041_ (net)
                  0.07    0.00    0.25 v _228_/A (sky130_fd_sc_hd__or2_1)
                  0.03    0.15    0.40 v _228_/X (sky130_fd_sc_hd__or2_1)
     1    0.00                           _050_ (net)
                  0.03    0.00    0.40 v _229_/C (sky130_fd_sc_hd__or4b_1)
                  0.07    0.30    0.70 v _229_/X (sky130_fd_sc_hd__or4b_1)
     2    0.01                           _051_ (net)
                  0.07    0.00    0.70 v _259_/A2 (sky130_fd_sc_hd__o31a_2)
                  0.07    0.27    0.96 v _259_/X (sky130_fd_sc_hd__o31a_2)
     4    0.02                           _077_ (net)
                  0.07    0.00    0.96 v _310_/A1 (sky130_fd_sc_hd__o31a_2)
                  0.06    0.27    1.23 v _310_/X (sky130_fd_sc_hd__o31a_2)
     3    0.02                           _120_ (net)
                  0.06    0.00    1.23 v _331_/A (sky130_fd_sc_hd__or4_1)
                  0.07    0.34    1.57 v _331_/X (sky130_fd_sc_hd__or4_1)
     2    0.01                           _137_ (net)
                  0.07    0.00    1.57 v _339_/A1 (sky130_fd_sc_hd__a21o_1)
                  0.07    0.16    1.73 v _339_/X (sky130_fd_sc_hd__a21o_1)
     4    0.02                           _145_ (net)
                  0.07    0.00    1.73 v _351_/A2 (sky130_fd_sc_hd__a311oi_4)
                  0.20    0.23    1.96 ^ _351_/Y (sky130_fd_sc_hd__a311oi_4)
     3    0.01                           _155_ (net)
                  0.20    0.00    1.96 ^ _362_/A1 (sky130_fd_sc_hd__o21a_1)
                  0.10    0.15    2.11 ^ _362_/X (sky130_fd_sc_hd__o21a_1)
     2    0.01                           _164_ (net)
                  0.10    0.00    2.11 ^ _363_/B (sky130_fd_sc_hd__xnor2_1)
                  0.16    0.11    2.23 ^ _363_/Y (sky130_fd_sc_hd__xnor2_1)
     1    0.01                           net91 (net)
                  0.16    0.00    2.23 ^ output91/A (sky130_fd_sc_hd__buf_2)
                  0.13    0.17    2.40 ^ output91/X (sky130_fd_sc_hd__buf_2)
     1    0.03                           sum[31] (net)
                  0.13    0.00    2.40 ^ sum[31] (out)
                                  2.40   data arrival time

                  0.00    5.50    5.50   clock clk (rise edge)
                          0.00    5.50   clock network delay (ideal)
                         -0.25    5.25   clock uncertainty
                          0.00    5.25   clock reconvergence pessimism
                          0.00    5.25   output external delay
                                  5.25   data required time
-----------------------------------------------------------------------------
                                  5.25   data required time
                                 -2.40   data arrival time
-----------------------------------------------------------------------------
                                  2.85   slack (MET)



===========================================================================
report_checks --slack_max -0.01
============================================================================

======================= Slowest Corner ===================================

Startpoint: a[9] (input port clocked by clk)
Endpoint: sum[31] (output port clocked by clk)
Path Group: clk
Path Type: max
Corner: ss

Fanout     Cap    Slew   Delay    Time   Description
-----------------------------------------------------------------------------
                  0.00    0.00    0.00   clock clk (rise edge)
                          0.00    0.00   clock network delay (ideal)
                          0.00    0.00 v input external delay
                  0.02    0.01    0.01 v a[9] (in)
     1    0.00                           a[9] (net)
                  0.02    0.00    0.01 v input32/A (sky130_fd_sc_hd__dlymetal6s2s_1)
                  0.18    0.38    0.39 v input32/X (sky130_fd_sc_hd__dlymetal6s2s_1)
     3    0.02                           net32 (net)
                  0.18    0.00    0.39 v _217_/B (sky130_fd_sc_hd__xnor2_1)
                  0.22    0.37    0.76 v _217_/Y (sky130_fd_sc_hd__xnor2_1)
     3    0.01                           _041_ (net)
                  0.22    0.00    0.76 v _228_/A (sky130_fd_sc_hd__or2_1)
                  0.10    0.58    1.34 v _228_/X (sky130_fd_sc_hd__or2_1)
     1    0.00                           _050_ (net)
                  0.10    0.00    1.34 v _229_/C (sky130_fd_sc_hd__or4b_1)
                  0.23    1.25    2.59 v _229_/X (sky130_fd_sc_hd__or4b_1)
     2    0.01                           _051_ (net)
                  0.23    0.00    2.59 v _259_/A2 (sky130_fd_sc_hd__o31a_2)
                  0.18    0.85    3.44 v _259_/X (sky130_fd_sc_hd__o31a_2)
     4    0.02                           _077_ (net)
                  0.18    0.00    3.44 v _310_/A1 (sky130_fd_sc_hd__o31a_2)
                  0.16    0.83    4.27 v _310_/X (sky130_fd_sc_hd__o31a_2)
     3    0.02                           _120_ (net)
                  0.16    0.00    4.27 v _331_/A (sky130_fd_sc_hd__or4_1)
                  0.23    1.39    5.66 v _331_/X (sky130_fd_sc_hd__or4_1)
     2    0.01                           _137_ (net)
                  0.23    0.00    5.66 v _339_/A1 (sky130_fd_sc_hd__a21o_1)
                  0.17    0.49    6.15 v _339_/X (sky130_fd_sc_hd__a21o_1)
     4    0.02                           _145_ (net)
                  0.17    0.00    6.15 v _351_/A2 (sky130_fd_sc_hd__a311oi_4)
                  0.41    0.56    6.71 ^ _351_/Y (sky130_fd_sc_hd__a311oi_4)
     3    0.01                           _155_ (net)
                  0.41    0.00    6.71 ^ _362_/A1 (sky130_fd_sc_hd__o21a_1)
                  0.22    0.50    7.20 ^ _362_/X (sky130_fd_sc_hd__o21a_1)
     2    0.01                           _164_ (net)
                  0.22    0.00    7.20 ^ _363_/B (sky130_fd_sc_hd__xnor2_1)
                  0.37    0.33    7.54 ^ _363_/Y (sky130_fd_sc_hd__xnor2_1)
     1    0.01                           net91 (net)
                  0.37    0.00    7.54 ^ output91/A (sky130_fd_sc_hd__buf_2)
                  0.28    0.50    8.04 ^ output91/X (sky130_fd_sc_hd__buf_2)
     1    0.03                           sum[31] (net)
                  0.28    0.00    8.04 ^ sum[31] (out)
                                  8.04   data arrival time

                  0.00    5.50    5.50   clock clk (rise edge)
                          0.00    5.50   clock network delay (ideal)
                         -0.25    5.25   clock uncertainty
                          0.00    5.25   clock reconvergence pessimism
                          0.00    5.25   output external delay
                                  5.25   data required time
-----------------------------------------------------------------------------
                                  5.25   data required time
                                 -8.04   data arrival time
-----------------------------------------------------------------------------
                                 -2.79   slack (VIOLATED)



======================= Typical Corner ===================================

No paths found.

======================= Fastest Corner ===================================

No paths found.
