
===========================================================================
report_checks -unconstrained
============================================================================
Startpoint: b[0] (input port clocked by clk)
Endpoint: sum[7] (output port clocked by clk)
Path Group: clk
Path Type: max

Fanout     Cap    Slew   Delay    Time   Description
-----------------------------------------------------------------------------
                  0.00    0.00    0.00   clock clk (rise edge)
                          0.00    0.00   clock network delay (ideal)
                          0.00    0.00 ^ input external delay
                  0.03    0.02    0.02 ^ b[0] (in)
     1    0.01                           b[0] (net)
                  0.03    0.00    0.02 ^ input9/A (sky130_fd_sc_hs__clkbuf_1)
                  0.08    0.11    0.13 ^ input9/X (sky130_fd_sc_hs__clkbuf_1)
     2    0.01                           net9 (net)
                  0.08    0.00    0.13 ^ ppa_pre_1_0.U1.xor2/B (sky130_fd_sc_hs__xor2_1)
                  0.21    0.22    0.35 ^ ppa_pre_1_0.U1.xor2/X (sky130_fd_sc_hs__xor2_1)
     2    0.01                           ppa_grey_1_1.U1.A1 (net)
                  0.21    0.00    0.35 ^ ppa_grey_1_1.U1.ao21/A2 (sky130_fd_sc_hs__a21o_1)
                  0.07    0.15    0.50 ^ ppa_grey_1_1.U1.ao21/X (sky130_fd_sc_hs__a21o_1)
     3    0.01                           ppa_grey_1_1.U1.Y (net)
                  0.07    0.00    0.50 ^ ppa_grey_3_2.U1.ao21/A1 (sky130_fd_sc_hs__a21o_1)
                  0.12    0.16    0.66 ^ ppa_grey_3_2.U1.ao21/X (sky130_fd_sc_hs__a21o_1)
     5    0.02                           ppa_grey_3_2.U1.Y (net)
                  0.12    0.00    0.66 ^ ppa_grey_7_3.U1.ao21/A1 (sky130_fd_sc_hs__a21o_1)
                  0.07    0.14    0.80 ^ ppa_grey_7_3.U1.ao21/X (sky130_fd_sc_hs__a21o_1)
     2    0.01                           ppa_grey_7_3.U1.Y (net)
                  0.07    0.00    0.80 ^ ppa_post_7_4.U1.xor2/B (sky130_fd_sc_hs__xor2_1)
                  0.12    0.14    0.95 ^ ppa_post_7_4.U1.xor2/X (sky130_fd_sc_hs__xor2_1)
     1    0.00                           ppa_post_7_4.U1.Y (net)
                  0.12    0.00    0.95 ^ _7_/A (sky130_fd_sc_hs__clkbuf_1)
                  0.05    0.11    1.05 ^ _7_/X (sky130_fd_sc_hs__clkbuf_1)
     1    0.01                           net26 (net)
                  0.05    0.00    1.06 ^ output26/A (sky130_fd_sc_hs__buf_4)
                  0.11    0.15    1.21 ^ output26/X (sky130_fd_sc_hs__buf_4)
     1    0.04                           sum[7] (net)
                  0.11    0.00    1.21 ^ sum[7] (out)
                                  1.21   data arrival time

                  0.00    1.00    1.00   clock clk (rise edge)
                          0.00    1.00   clock network delay (ideal)
                         -0.25    0.75   clock uncertainty
                          0.00    0.75   clock reconvergence pessimism
                          0.00    0.75   output external delay
                                  0.75   data required time
-----------------------------------------------------------------------------
                                  0.75   data required time
                                 -1.21   data arrival time
-----------------------------------------------------------------------------
                                 -0.46   slack (VIOLATED)



===========================================================================
report_checks --slack_max -0.01
============================================================================
Startpoint: b[0] (input port clocked by clk)
Endpoint: sum[7] (output port clocked by clk)
Path Group: clk
Path Type: max

Fanout     Cap    Slew   Delay    Time   Description
-----------------------------------------------------------------------------
                  0.00    0.00    0.00   clock clk (rise edge)
                          0.00    0.00   clock network delay (ideal)
                          0.00    0.00 ^ input external delay
                  0.03    0.02    0.02 ^ b[0] (in)
     1    0.01                           b[0] (net)
                  0.03    0.00    0.02 ^ input9/A (sky130_fd_sc_hs__clkbuf_1)
                  0.08    0.11    0.13 ^ input9/X (sky130_fd_sc_hs__clkbuf_1)
     2    0.01                           net9 (net)
                  0.08    0.00    0.13 ^ ppa_pre_1_0.U1.xor2/B (sky130_fd_sc_hs__xor2_1)
                  0.21    0.22    0.35 ^ ppa_pre_1_0.U1.xor2/X (sky130_fd_sc_hs__xor2_1)
     2    0.01                           ppa_grey_1_1.U1.A1 (net)
                  0.21    0.00    0.35 ^ ppa_grey_1_1.U1.ao21/A2 (sky130_fd_sc_hs__a21o_1)
                  0.07    0.15    0.50 ^ ppa_grey_1_1.U1.ao21/X (sky130_fd_sc_hs__a21o_1)
     3    0.01                           ppa_grey_1_1.U1.Y (net)
                  0.07    0.00    0.50 ^ ppa_grey_3_2.U1.ao21/A1 (sky130_fd_sc_hs__a21o_1)
                  0.12    0.16    0.66 ^ ppa_grey_3_2.U1.ao21/X (sky130_fd_sc_hs__a21o_1)
     5    0.02                           ppa_grey_3_2.U1.Y (net)
                  0.12    0.00    0.66 ^ ppa_grey_7_3.U1.ao21/A1 (sky130_fd_sc_hs__a21o_1)
                  0.07    0.14    0.80 ^ ppa_grey_7_3.U1.ao21/X (sky130_fd_sc_hs__a21o_1)
     2    0.01                           ppa_grey_7_3.U1.Y (net)
                  0.07    0.00    0.80 ^ ppa_post_7_4.U1.xor2/B (sky130_fd_sc_hs__xor2_1)
                  0.12    0.14    0.95 ^ ppa_post_7_4.U1.xor2/X (sky130_fd_sc_hs__xor2_1)
     1    0.00                           ppa_post_7_4.U1.Y (net)
                  0.12    0.00    0.95 ^ _7_/A (sky130_fd_sc_hs__clkbuf_1)
                  0.05    0.11    1.05 ^ _7_/X (sky130_fd_sc_hs__clkbuf_1)
     1    0.01                           net26 (net)
                  0.05    0.00    1.06 ^ output26/A (sky130_fd_sc_hs__buf_4)
                  0.11    0.15    1.21 ^ output26/X (sky130_fd_sc_hs__buf_4)
     1    0.04                           sum[7] (net)
                  0.11    0.00    1.21 ^ sum[7] (out)
                                  1.21   data arrival time

                  0.00    1.00    1.00   clock clk (rise edge)
                          0.00    1.00   clock network delay (ideal)
                         -0.25    0.75   clock uncertainty
                          0.00    0.75   clock reconvergence pessimism
                          0.00    0.75   output external delay
                                  0.75   data required time
-----------------------------------------------------------------------------
                                  0.75   data required time
                                 -1.21   data arrival time
-----------------------------------------------------------------------------
                                 -0.46   slack (VIOLATED)


