
===========================================================================
report_checks -path_delay max (Setup)
============================================================================
Startpoint: b[1] (input port clocked by clk)
Endpoint: sum[4] (output port clocked by clk)
Path Group: clk
Path Type: max

Fanout     Cap    Slew   Delay    Time   Description
-----------------------------------------------------------------------------
                  0.00    0.00    0.00   clock clk (rise edge)
                          0.00    0.00   clock network delay (ideal)
                          0.00    0.00 v input external delay
                  0.02    0.01    0.01 v b[1] (in)
     1    0.01                           b[1] (net)
                  0.02    0.00    0.01 v input10/A (sky130_fd_sc_hs__clkbuf_1)
                  0.10    0.13    0.14 v input10/X (sky130_fd_sc_hs__clkbuf_1)
     2    0.02                           net10 (net)
                  0.10    0.00    0.14 v ppa_pre_2_0.U1.xor2/B (sky130_fd_sc_hs__xor2_2)
                  0.06    0.18    0.32 v ppa_pre_2_0.U1.xor2/X (sky130_fd_sc_hs__xor2_2)
     3    0.01                           ppa_black_3_1.U1.B (net)
                  0.06    0.00    0.32 v ppa_black_3_1.U1.and2/B (sky130_fd_sc_hs__and2_1)
                  0.03    0.11    0.43 v ppa_black_3_1.U1.and2/X (sky130_fd_sc_hs__and2_1)
     1    0.01                           ppa_black_3_1.U1.Y (net)
                  0.03    0.00    0.43 v ppa_grey_3_2.U1.ao21/A2 (sky130_fd_sc_hs__a21o_1)
                  0.10    0.21    0.64 v ppa_grey_3_2.U1.ao21/X (sky130_fd_sc_hs__a21o_1)
     5    0.02                           ppa_grey_3_2.U1.Y (net)
                  0.10    0.00    0.64 v ppa_grey_4_3.U1.ao21/A1 (sky130_fd_sc_hs__a21o_1)
                  0.04    0.16    0.80 v ppa_grey_4_3.U1.ao21/X (sky130_fd_sc_hs__a21o_1)
     1    0.01                           ppa_grey_4_3.U1.Y (net)
                  0.04    0.00    0.80 v ppa_post_4_4.U1.xor2/B (sky130_fd_sc_hs__xor2_1)
                  0.13    0.13    0.93 ^ ppa_post_4_4.U1.xor2/X (sky130_fd_sc_hs__xor2_1)
     1    0.01                           ppa_post_4_4.U1.Y (net)
                  0.13    0.00    0.93 ^ _4_/A (sky130_fd_sc_hs__clkbuf_1)
                  0.06    0.11    1.04 ^ _4_/X (sky130_fd_sc_hs__clkbuf_1)
     1    0.01                           net23 (net)
                  0.06    0.00    1.04 ^ output23/A (sky130_fd_sc_hs__buf_4)
                  0.10    0.15    1.19 ^ output23/X (sky130_fd_sc_hs__buf_4)
     1    0.04                           sum[4] (net)
                  0.10    0.00    1.20 ^ sum[4] (out)
                                  1.20   data arrival time

                  0.00    0.75    0.75   clock clk (rise edge)
                          0.00    0.75   clock network delay (ideal)
                         -0.25    0.50   clock uncertainty
                          0.00    0.50   clock reconvergence pessimism
                          0.00    0.50   output external delay
                                  0.50   data required time
-----------------------------------------------------------------------------
                                  0.50   data required time
                                 -1.20   data arrival time
-----------------------------------------------------------------------------
                                 -0.70   slack (VIOLATED)


Startpoint: b[1] (input port clocked by clk)
Endpoint: sum[5] (output port clocked by clk)
Path Group: clk
Path Type: max

Fanout     Cap    Slew   Delay    Time   Description
-----------------------------------------------------------------------------
                  0.00    0.00    0.00   clock clk (rise edge)
                          0.00    0.00   clock network delay (ideal)
                          0.00    0.00 v input external delay
                  0.02    0.01    0.01 v b[1] (in)
     1    0.01                           b[1] (net)
                  0.02    0.00    0.01 v input10/A (sky130_fd_sc_hs__clkbuf_1)
                  0.10    0.13    0.14 v input10/X (sky130_fd_sc_hs__clkbuf_1)
     2    0.02                           net10 (net)
                  0.10    0.00    0.14 v ppa_pre_2_0.U1.xor2/B (sky130_fd_sc_hs__xor2_2)
                  0.06    0.18    0.32 v ppa_pre_2_0.U1.xor2/X (sky130_fd_sc_hs__xor2_2)
     3    0.01                           ppa_black_3_1.U1.B (net)
                  0.06    0.00    0.32 v ppa_black_3_1.U1.and2/B (sky130_fd_sc_hs__and2_1)
                  0.03    0.11    0.43 v ppa_black_3_1.U1.and2/X (sky130_fd_sc_hs__and2_1)
     1    0.01                           ppa_black_3_1.U1.Y (net)
                  0.03    0.00    0.43 v ppa_grey_3_2.U1.ao21/A2 (sky130_fd_sc_hs__a21o_1)
                  0.10    0.21    0.64 v ppa_grey_3_2.U1.ao21/X (sky130_fd_sc_hs__a21o_1)
     5    0.02                           ppa_grey_3_2.U1.Y (net)
                  0.10    0.00    0.64 v ppa_grey_5_3.U1.ao21/A1 (sky130_fd_sc_hs__a21o_1)
                  0.05    0.17    0.81 v ppa_grey_5_3.U1.ao21/X (sky130_fd_sc_hs__a21o_1)
     1    0.01                           ppa_grey_5_3.U1.Y (net)
                  0.05    0.00    0.81 v ppa_post_5_4.U1.xor2/B (sky130_fd_sc_hs__xor2_1)
                  0.12    0.12    0.93 ^ ppa_post_5_4.U1.xor2/X (sky130_fd_sc_hs__xor2_1)
     1    0.00                           ppa_post_5_4.U1.Y (net)
                  0.12    0.00    0.93 ^ _5_/A (sky130_fd_sc_hs__clkbuf_1)
                  0.04    0.09    1.02 ^ _5_/X (sky130_fd_sc_hs__clkbuf_1)
     1    0.00                           net24 (net)
                  0.04    0.00    1.02 ^ output24/A (sky130_fd_sc_hs__clkbuf_4)
                  0.10    0.17    1.19 ^ output24/X (sky130_fd_sc_hs__clkbuf_4)
     1    0.04                           sum[5] (net)
                  0.10    0.00    1.19 ^ sum[5] (out)
                                  1.19   data arrival time

                  0.00    0.75    0.75   clock clk (rise edge)
                          0.00    0.75   clock network delay (ideal)
                         -0.25    0.50   clock uncertainty
                          0.00    0.50   clock reconvergence pessimism
                          0.00    0.50   output external delay
                                  0.50   data required time
-----------------------------------------------------------------------------
                                  0.50   data required time
                                 -1.19   data arrival time
-----------------------------------------------------------------------------
                                 -0.69   slack (VIOLATED)


Startpoint: b[1] (input port clocked by clk)
Endpoint: sum[6] (output port clocked by clk)
Path Group: clk
Path Type: max

Fanout     Cap    Slew   Delay    Time   Description
-----------------------------------------------------------------------------
                  0.00    0.00    0.00   clock clk (rise edge)
                          0.00    0.00   clock network delay (ideal)
                          0.00    0.00 v input external delay
                  0.02    0.01    0.01 v b[1] (in)
     1    0.01                           b[1] (net)
                  0.02    0.00    0.01 v input10/A (sky130_fd_sc_hs__clkbuf_1)
                  0.10    0.13    0.14 v input10/X (sky130_fd_sc_hs__clkbuf_1)
     2    0.02                           net10 (net)
                  0.10    0.00    0.14 v ppa_pre_2_0.U1.xor2/B (sky130_fd_sc_hs__xor2_2)
                  0.06    0.18    0.32 v ppa_pre_2_0.U1.xor2/X (sky130_fd_sc_hs__xor2_2)
     3    0.01                           ppa_black_3_1.U1.B (net)
                  0.06    0.00    0.32 v ppa_black_3_1.U1.and2/B (sky130_fd_sc_hs__and2_1)
                  0.03    0.11    0.43 v ppa_black_3_1.U1.and2/X (sky130_fd_sc_hs__and2_1)
     1    0.01                           ppa_black_3_1.U1.Y (net)
                  0.03    0.00    0.43 v ppa_grey_3_2.U1.ao21/A2 (sky130_fd_sc_hs__a21o_1)
                  0.10    0.21    0.64 v ppa_grey_3_2.U1.ao21/X (sky130_fd_sc_hs__a21o_1)
     5    0.02                           ppa_grey_3_2.U1.Y (net)
                  0.10    0.00    0.64 v ppa_grey_6_3.U1.ao21/A1 (sky130_fd_sc_hs__a21o_1)
                  0.05    0.17    0.81 v ppa_grey_6_3.U1.ao21/X (sky130_fd_sc_hs__a21o_1)
     1    0.01                           ppa_grey_6_3.U1.Y (net)
                  0.05    0.00    0.81 v ppa_post_6_4.U1.xor2/B (sky130_fd_sc_hs__xor2_1)
                  0.12    0.12    0.93 ^ ppa_post_6_4.U1.xor2/X (sky130_fd_sc_hs__xor2_1)
     1    0.00                           ppa_post_6_4.U1.Y (net)
                  0.12    0.00    0.93 ^ _6_/A (sky130_fd_sc_hs__clkbuf_1)
                  0.05    0.10    1.04 ^ _6_/X (sky130_fd_sc_hs__clkbuf_1)
     1    0.01                           net25 (net)
                  0.05    0.00    1.04 ^ output25/A (sky130_fd_sc_hs__buf_4)
                  0.10    0.15    1.19 ^ output25/X (sky130_fd_sc_hs__buf_4)
     1    0.04                           sum[6] (net)
                  0.10    0.00    1.19 ^ sum[6] (out)
                                  1.19   data arrival time

                  0.00    0.75    0.75   clock clk (rise edge)
                          0.00    0.75   clock network delay (ideal)
                         -0.25    0.50   clock uncertainty
                          0.00    0.50   clock reconvergence pessimism
                          0.00    0.50   output external delay
                                  0.50   data required time
-----------------------------------------------------------------------------
                                  0.50   data required time
                                 -1.19   data arrival time
-----------------------------------------------------------------------------
                                 -0.69   slack (VIOLATED)


Startpoint: b[1] (input port clocked by clk)
Endpoint: sum[7] (output port clocked by clk)
Path Group: clk
Path Type: max

Fanout     Cap    Slew   Delay    Time   Description
-----------------------------------------------------------------------------
                  0.00    0.00    0.00   clock clk (rise edge)
                          0.00    0.00   clock network delay (ideal)
                          0.00    0.00 v input external delay
                  0.02    0.01    0.01 v b[1] (in)
     1    0.01                           b[1] (net)
                  0.02    0.00    0.01 v input10/A (sky130_fd_sc_hs__clkbuf_1)
                  0.10    0.13    0.14 v input10/X (sky130_fd_sc_hs__clkbuf_1)
     2    0.02                           net10 (net)
                  0.10    0.00    0.14 v ppa_pre_2_0.U1.xor2/B (sky130_fd_sc_hs__xor2_2)
                  0.06    0.18    0.32 v ppa_pre_2_0.U1.xor2/X (sky130_fd_sc_hs__xor2_2)
     3    0.01                           ppa_black_3_1.U1.B (net)
                  0.06    0.00    0.32 v ppa_black_3_1.U1.and2/B (sky130_fd_sc_hs__and2_1)
                  0.03    0.11    0.43 v ppa_black_3_1.U1.and2/X (sky130_fd_sc_hs__and2_1)
     1    0.01                           ppa_black_3_1.U1.Y (net)
                  0.03    0.00    0.43 v ppa_grey_3_2.U1.ao21/A2 (sky130_fd_sc_hs__a21o_1)
                  0.10    0.21    0.64 v ppa_grey_3_2.U1.ao21/X (sky130_fd_sc_hs__a21o_1)
     5    0.02                           ppa_grey_3_2.U1.Y (net)
                  0.10    0.00    0.64 v ppa_grey_7_3.U1.ao21/A1 (sky130_fd_sc_hs__a21o_1)
                  0.06    0.18    0.82 v ppa_grey_7_3.U1.ao21/X (sky130_fd_sc_hs__a21o_1)
     2    0.01                           ppa_grey_7_3.U1.Y (net)
                  0.06    0.00    0.82 v ppa_post_7_4.U1.xor2/B (sky130_fd_sc_hs__xor2_1)
                  0.12    0.13    0.95 ^ ppa_post_7_4.U1.xor2/X (sky130_fd_sc_hs__xor2_1)
     1    0.00                           ppa_post_7_4.U1.Y (net)
                  0.12    0.00    0.95 ^ _7_/A (sky130_fd_sc_hs__buf_2)
                  0.07    0.12    1.07 ^ _7_/X (sky130_fd_sc_hs__buf_2)
     1    0.01                           net26 (net)
                  0.07    0.00    1.07 ^ output26/A (sky130_fd_sc_hs__buf_8)
                  0.06    0.11    1.18 ^ output26/X (sky130_fd_sc_hs__buf_8)
     1    0.04                           sum[7] (net)
                  0.06    0.00    1.19 ^ sum[7] (out)
                                  1.19   data arrival time

                  0.00    0.75    0.75   clock clk (rise edge)
                          0.00    0.75   clock network delay (ideal)
                         -0.25    0.50   clock uncertainty
                          0.00    0.50   clock reconvergence pessimism
                          0.00    0.50   output external delay
                                  0.50   data required time
-----------------------------------------------------------------------------
                                  0.50   data required time
                                 -1.19   data arrival time
-----------------------------------------------------------------------------
                                 -0.69   slack (VIOLATED)


Startpoint: a[0] (input port clocked by clk)
Endpoint: sum[2] (output port clocked by clk)
Path Group: clk
Path Type: max

Fanout     Cap    Slew   Delay    Time   Description
-----------------------------------------------------------------------------
                  0.00    0.00    0.00   clock clk (rise edge)
                          0.00    0.00   clock network delay (ideal)
                          0.00    0.00 v input external delay
                  0.02    0.01    0.01 v a[0] (in)
     1    0.01                           a[0] (net)
                  0.02    0.00    0.01 v input1/A (sky130_fd_sc_hs__buf_4)
                  0.03    0.10    0.11 v input1/X (sky130_fd_sc_hs__buf_4)
     2    0.02                           net1 (net)
                  0.03    0.00    0.11 v ppa_pre_1_0.U1.xor2/A (sky130_fd_sc_hs__xor2_2)
                  0.05    0.17    0.28 v ppa_pre_1_0.U1.xor2/X (sky130_fd_sc_hs__xor2_2)
     2    0.01                           ppa_grey_1_1.U1.A1 (net)
                  0.05    0.00    0.28 v ppa_grey_1_1.U1.ao21/A2 (sky130_fd_sc_hs__a21o_1)
                  0.05    0.16    0.44 v ppa_grey_1_1.U1.ao21/X (sky130_fd_sc_hs__a21o_1)
     2    0.01                           ppa_grey_1_1.U1.Y (net)
                  0.05    0.00    0.44 v rebuffer2/A (sky130_fd_sc_hs__dlymetal6s2s_1)
                  0.05    0.13    0.57 v rebuffer2/X (sky130_fd_sc_hs__dlymetal6s2s_1)
     2    0.01                           net28 (net)
                  0.05    0.00    0.57 v ppa_grey_2_2.U1.ao21/A1 (sky130_fd_sc_hs__a21o_1)
                  0.05    0.15    0.72 v ppa_grey_2_2.U1.ao21/X (sky130_fd_sc_hs__a21o_1)
     1    0.01                           ppa_grey_2_2.U1.Y (net)
                  0.05    0.00    0.72 v ppa_post_2_4.U1.xor2/B (sky130_fd_sc_hs__xor2_1)
                  0.16    0.16    0.87 ^ ppa_post_2_4.U1.xor2/X (sky130_fd_sc_hs__xor2_1)
     1    0.01                           ppa_post_2_4.U1.Y (net)
                  0.16    0.00    0.87 ^ _2_/A (sky130_fd_sc_hs__clkbuf_1)
                  0.07    0.13    1.00 ^ _2_/X (sky130_fd_sc_hs__clkbuf_1)
     1    0.01                           net21 (net)
                  0.07    0.00    1.00 ^ output21/A (sky130_fd_sc_hs__clkbuf_4)
                  0.11    0.18    1.18 ^ output21/X (sky130_fd_sc_hs__clkbuf_4)
     1    0.04                           sum[2] (net)
                  0.11    0.00    1.18 ^ sum[2] (out)
                                  1.18   data arrival time

                  0.00    0.75    0.75   clock clk (rise edge)
                          0.00    0.75   clock network delay (ideal)
                         -0.25    0.50   clock uncertainty
                          0.00    0.50   clock reconvergence pessimism
                          0.00    0.50   output external delay
                                  0.50   data required time
-----------------------------------------------------------------------------
                                  0.50   data required time
                                 -1.18   data arrival time
-----------------------------------------------------------------------------
                                 -0.68   slack (VIOLATED)


