
===========================================================================
report_checks -unconstrained
============================================================================
Startpoint: a[4] (input port clocked by clk)
Endpoint: sum[7] (output port clocked by clk)
Path Group: clk
Path Type: max

Fanout     Cap    Slew   Delay    Time   Description
-----------------------------------------------------------------------------
                  0.00    0.00    0.00   clock clk (rise edge)
                          0.00    0.00   clock network delay (ideal)
                          0.00    0.00 v input external delay
                  0.01    0.00    0.00 v a[4] (in)
     1    0.00                           a[4] (net)
                  0.01    0.00    0.00 v input5/A (sky130_fd_sc_hs__dlymetal6s2s_1)
                  0.06    0.12    0.13 v input5/X (sky130_fd_sc_hs__dlymetal6s2s_1)
     2    0.01                           net5 (net)
                  0.06    0.00    0.13 v ppa_pre_5_0.U1.xor2/A (sky130_fd_sc_hs__xor2_2)
                  0.07    0.19    0.32 v ppa_pre_5_0.U1.xor2/X (sky130_fd_sc_hs__xor2_2)
     3    0.01                           ppa_black_5_1.U1.A (net)
                  0.07    0.00    0.32 v ppa_black_5_1.U2.ao21/A2 (sky130_fd_sc_hs__a21o_1)
                  0.05    0.18    0.49 v ppa_black_5_1.U2.ao21/X (sky130_fd_sc_hs__a21o_1)
     3    0.01                           ppa_black_5_1.U2.Y (net)
                  0.05    0.00    0.49 v ppa_black_7_2.U2.ao21/A1 (sky130_fd_sc_hs__a21o_1)
                  0.03    0.13    0.62 v ppa_black_7_2.U2.ao21/X (sky130_fd_sc_hs__a21o_1)
     1    0.00                           ppa_black_7_2.U2.Y (net)
                  0.03    0.00    0.62 v ppa_grey_7_3.U1.ao21/B1 (sky130_fd_sc_hs__a21o_1)
                  0.05    0.14    0.76 v ppa_grey_7_3.U1.ao21/X (sky130_fd_sc_hs__a21o_1)
     2    0.01                           ppa_grey_7_3.U1.Y (net)
                  0.05    0.00    0.76 v ppa_post_7_4.U1.xor2/B (sky130_fd_sc_hs__xor2_1)
                  0.10    0.11    0.87 ^ ppa_post_7_4.U1.xor2/X (sky130_fd_sc_hs__xor2_1)
     1    0.00                           ppa_post_7_4.U1.Y (net)
                  0.10    0.00    0.87 ^ _7_/A (sky130_fd_sc_hs__clkbuf_1)
                  0.05    0.10    0.97 ^ _7_/X (sky130_fd_sc_hs__clkbuf_1)
     1    0.01                           net26 (net)
                  0.05    0.00    0.97 ^ output26/A (sky130_fd_sc_hs__buf_4)
                  0.10    0.14    1.11 ^ output26/X (sky130_fd_sc_hs__buf_4)
     1    0.04                           sum[7] (net)
                  0.10    0.00    1.11 ^ sum[7] (out)
                                  1.11   data arrival time

                  0.00    1.00    1.00   clock clk (rise edge)
                          0.00    1.00   clock network delay (ideal)
                         -0.25    0.75   clock uncertainty
                          0.00    0.75   clock reconvergence pessimism
                          0.00    0.75   output external delay
                                  0.75   data required time
-----------------------------------------------------------------------------
                                  0.75   data required time
                                 -1.11   data arrival time
-----------------------------------------------------------------------------
                                 -0.36   slack (VIOLATED)



===========================================================================
report_checks --slack_max -0.01
============================================================================
Startpoint: a[4] (input port clocked by clk)
Endpoint: sum[7] (output port clocked by clk)
Path Group: clk
Path Type: max

Fanout     Cap    Slew   Delay    Time   Description
-----------------------------------------------------------------------------
                  0.00    0.00    0.00   clock clk (rise edge)
                          0.00    0.00   clock network delay (ideal)
                          0.00    0.00 v input external delay
                  0.01    0.00    0.00 v a[4] (in)
     1    0.00                           a[4] (net)
                  0.01    0.00    0.00 v input5/A (sky130_fd_sc_hs__dlymetal6s2s_1)
                  0.06    0.12    0.13 v input5/X (sky130_fd_sc_hs__dlymetal6s2s_1)
     2    0.01                           net5 (net)
                  0.06    0.00    0.13 v ppa_pre_5_0.U1.xor2/A (sky130_fd_sc_hs__xor2_2)
                  0.07    0.19    0.32 v ppa_pre_5_0.U1.xor2/X (sky130_fd_sc_hs__xor2_2)
     3    0.01                           ppa_black_5_1.U1.A (net)
                  0.07    0.00    0.32 v ppa_black_5_1.U2.ao21/A2 (sky130_fd_sc_hs__a21o_1)
                  0.05    0.18    0.49 v ppa_black_5_1.U2.ao21/X (sky130_fd_sc_hs__a21o_1)
     3    0.01                           ppa_black_5_1.U2.Y (net)
                  0.05    0.00    0.49 v ppa_black_7_2.U2.ao21/A1 (sky130_fd_sc_hs__a21o_1)
                  0.03    0.13    0.62 v ppa_black_7_2.U2.ao21/X (sky130_fd_sc_hs__a21o_1)
     1    0.00                           ppa_black_7_2.U2.Y (net)
                  0.03    0.00    0.62 v ppa_grey_7_3.U1.ao21/B1 (sky130_fd_sc_hs__a21o_1)
                  0.05    0.14    0.76 v ppa_grey_7_3.U1.ao21/X (sky130_fd_sc_hs__a21o_1)
     2    0.01                           ppa_grey_7_3.U1.Y (net)
                  0.05    0.00    0.76 v ppa_post_7_4.U1.xor2/B (sky130_fd_sc_hs__xor2_1)
                  0.10    0.11    0.87 ^ ppa_post_7_4.U1.xor2/X (sky130_fd_sc_hs__xor2_1)
     1    0.00                           ppa_post_7_4.U1.Y (net)
                  0.10    0.00    0.87 ^ _7_/A (sky130_fd_sc_hs__clkbuf_1)
                  0.05    0.10    0.97 ^ _7_/X (sky130_fd_sc_hs__clkbuf_1)
     1    0.01                           net26 (net)
                  0.05    0.00    0.97 ^ output26/A (sky130_fd_sc_hs__buf_4)
                  0.10    0.14    1.11 ^ output26/X (sky130_fd_sc_hs__buf_4)
     1    0.04                           sum[7] (net)
                  0.10    0.00    1.11 ^ sum[7] (out)
                                  1.11   data arrival time

                  0.00    1.00    1.00   clock clk (rise edge)
                          0.00    1.00   clock network delay (ideal)
                         -0.25    0.75   clock uncertainty
                          0.00    0.75   clock reconvergence pessimism
                          0.00    0.75   output external delay
                                  0.75   data required time
-----------------------------------------------------------------------------
                                  0.75   data required time
                                 -1.11   data arrival time
-----------------------------------------------------------------------------
                                 -0.36   slack (VIOLATED)


