
===========================================================================
report_checks -path_delay max (Setup)
============================================================================

======================= Slowest Corner ===================================

Startpoint: b[0] (input port clocked by clk)
Endpoint: sum[2] (output port clocked by clk)
Path Group: clk
Path Type: max
Corner: ss

Fanout     Cap    Slew   Delay    Time   Description
-----------------------------------------------------------------------------
                  0.00    0.00    0.00   clock clk (rise edge)
                          0.00    0.00   clock network delay (ideal)
                          0.00    0.00 v input external delay
                  0.02    0.02    0.02 v b[0] (in)
     1    0.01                           b[0] (net)
                  0.02    0.00    0.02 v input9/A (sky130_fd_sc_hs__clkbuf_1)
                  0.11    0.17    0.18 v input9/X (sky130_fd_sc_hs__clkbuf_1)
     2    0.01                           net9 (net)
                  0.11    0.00    0.18 v ppa_pre_1_0.U1.xor2/B (sky130_fd_sc_hs__xor2_1)
                  0.12    0.25    0.43 v ppa_pre_1_0.U1.xor2/X (sky130_fd_sc_hs__xor2_1)
     2    0.01                           ppa_grey_1_1.U1.A1 (net)
                  0.12    0.00    0.43 v ppa_grey_1_1.U1.ao21/A2 (sky130_fd_sc_hs__a21o_1)
                  0.08    0.30    0.72 v ppa_grey_1_1.U1.ao21/X (sky130_fd_sc_hs__a21o_1)
     3    0.01                           ppa_grey_1_1.U1.Y (net)
                  0.08    0.00    0.73 v rebuffer3/A (sky130_fd_sc_hs__dlygate4sd2_1)
                  0.04    0.42    1.15 v rebuffer3/X (sky130_fd_sc_hs__dlygate4sd2_1)
     1    0.00                           net29 (net)
                  0.04    0.00    1.15 v ppa_grey_2_2.U1.ao21/A1 (sky130_fd_sc_hs__a21o_1)
                  0.06    0.23    1.38 v ppa_grey_2_2.U1.ao21/X (sky130_fd_sc_hs__a21o_1)
     1    0.01                           ppa_grey_2_2.U1.Y (net)
                  0.06    0.00    1.38 v ppa_post_2_4.U1.xor2/B (sky130_fd_sc_hs__xor2_1)
                  0.19    0.20    1.58 ^ ppa_post_2_4.U1.xor2/X (sky130_fd_sc_hs__xor2_1)
     1    0.00                           ppa_post_2_4.U1.Y (net)
                  0.19    0.00    1.58 ^ _2_/A (sky130_fd_sc_hs__buf_1)
                  0.11    0.21    1.79 ^ _2_/X (sky130_fd_sc_hs__buf_1)
     1    0.01                           net21 (net)
                  0.11    0.00    1.79 ^ output21/A (sky130_fd_sc_hs__buf_8)
                  0.09    0.19    1.98 ^ output21/X (sky130_fd_sc_hs__buf_8)
     1    0.04                           sum[2] (net)
                  0.09    0.00    1.98 ^ sum[2] (out)
                                  1.98   data arrival time

                  0.00    1.00    1.00   clock clk (rise edge)
                          0.00    1.00   clock network delay (ideal)
                         -0.25    0.75   clock uncertainty
                          0.00    0.75   clock reconvergence pessimism
                          0.00    0.75   output external delay
                                  0.75   data required time
-----------------------------------------------------------------------------
                                  0.75   data required time
                                 -1.98   data arrival time
-----------------------------------------------------------------------------
                                 -1.23   slack (VIOLATED)


Startpoint: b[0] (input port clocked by clk)
Endpoint: sum[7] (output port clocked by clk)
Path Group: clk
Path Type: max
Corner: ss

Fanout     Cap    Slew   Delay    Time   Description
-----------------------------------------------------------------------------
                  0.00    0.00    0.00   clock clk (rise edge)
                          0.00    0.00   clock network delay (ideal)
                          0.00    0.00 ^ input external delay
                  0.05    0.03    0.03 ^ b[0] (in)
     1    0.01                           b[0] (net)
                  0.05    0.00    0.03 ^ input9/A (sky130_fd_sc_hs__clkbuf_1)
                  0.12    0.17    0.20 ^ input9/X (sky130_fd_sc_hs__clkbuf_1)
     2    0.01                           net9 (net)
                  0.12    0.00    0.20 ^ ppa_pre_1_0.U1.xor2/B (sky130_fd_sc_hs__xor2_1)
                  0.30    0.34    0.54 ^ ppa_pre_1_0.U1.xor2/X (sky130_fd_sc_hs__xor2_1)
     2    0.01                           ppa_grey_1_1.U1.A1 (net)
                  0.30    0.00    0.54 ^ ppa_grey_1_1.U1.ao21/A2 (sky130_fd_sc_hs__a21o_1)
                  0.10    0.28    0.82 ^ ppa_grey_1_1.U1.ao21/X (sky130_fd_sc_hs__a21o_1)
     3    0.01                           ppa_grey_1_1.U1.Y (net)
                  0.10    0.00    0.82 ^ ppa_grey_3_2.U1.ao21/A1 (sky130_fd_sc_hs__a21o_1)
                  0.17    0.26    1.08 ^ ppa_grey_3_2.U1.ao21/X (sky130_fd_sc_hs__a21o_1)
     5    0.02                           ppa_grey_3_2.U1.Y (net)
                  0.17    0.00    1.08 ^ ppa_grey_7_3.U1.ao21/A1 (sky130_fd_sc_hs__a21o_1)
                  0.10    0.24    1.33 ^ ppa_grey_7_3.U1.ao21/X (sky130_fd_sc_hs__a21o_1)
     2    0.01                           ppa_grey_7_3.U1.Y (net)
                  0.10    0.00    1.33 ^ ppa_post_7_4.U1.xor2/B (sky130_fd_sc_hs__xor2_1)
                  0.15    0.22    1.55 ^ ppa_post_7_4.U1.xor2/X (sky130_fd_sc_hs__xor2_1)
     1    0.00                           ppa_post_7_4.U1.Y (net)
                  0.15    0.00    1.55 ^ _7_/A (sky130_fd_sc_hs__clkbuf_1)
                  0.07    0.18    1.73 ^ _7_/X (sky130_fd_sc_hs__clkbuf_1)
     1    0.01                           net26 (net)
                  0.07    0.00    1.73 ^ output26/A (sky130_fd_sc_hs__buf_4)
                  0.15    0.24    1.97 ^ output26/X (sky130_fd_sc_hs__buf_4)
     1    0.04                           sum[7] (net)
                  0.15    0.00    1.97 ^ sum[7] (out)
                                  1.97   data arrival time

                  0.00    1.00    1.00   clock clk (rise edge)
                          0.00    1.00   clock network delay (ideal)
                         -0.25    0.75   clock uncertainty
                          0.00    0.75   clock reconvergence pessimism
                          0.00    0.75   output external delay
                                  0.75   data required time
-----------------------------------------------------------------------------
                                  0.75   data required time
                                 -1.97   data arrival time
-----------------------------------------------------------------------------
                                 -1.22   slack (VIOLATED)


Startpoint: b[0] (input port clocked by clk)
Endpoint: sum[5] (output port clocked by clk)
Path Group: clk
Path Type: max
Corner: ss

Fanout     Cap    Slew   Delay    Time   Description
-----------------------------------------------------------------------------
                  0.00    0.00    0.00   clock clk (rise edge)
                          0.00    0.00   clock network delay (ideal)
                          0.00    0.00 ^ input external delay
                  0.05    0.03    0.03 ^ b[0] (in)
     1    0.01                           b[0] (net)
                  0.05    0.00    0.03 ^ input9/A (sky130_fd_sc_hs__clkbuf_1)
                  0.12    0.17    0.20 ^ input9/X (sky130_fd_sc_hs__clkbuf_1)
     2    0.01                           net9 (net)
                  0.12    0.00    0.20 ^ ppa_pre_1_0.U1.xor2/B (sky130_fd_sc_hs__xor2_1)
                  0.30    0.34    0.54 ^ ppa_pre_1_0.U1.xor2/X (sky130_fd_sc_hs__xor2_1)
     2    0.01                           ppa_grey_1_1.U1.A1 (net)
                  0.30    0.00    0.54 ^ ppa_grey_1_1.U1.ao21/A2 (sky130_fd_sc_hs__a21o_1)
                  0.10    0.28    0.82 ^ ppa_grey_1_1.U1.ao21/X (sky130_fd_sc_hs__a21o_1)
     3    0.01                           ppa_grey_1_1.U1.Y (net)
                  0.10    0.00    0.82 ^ ppa_grey_3_2.U1.ao21/A1 (sky130_fd_sc_hs__a21o_1)
                  0.17    0.26    1.08 ^ ppa_grey_3_2.U1.ao21/X (sky130_fd_sc_hs__a21o_1)
     5    0.02                           ppa_grey_3_2.U1.Y (net)
                  0.17    0.00    1.08 ^ ppa_grey_5_3.U1.ao21/A1 (sky130_fd_sc_hs__a21o_1)
                  0.08    0.22    1.31 ^ ppa_grey_5_3.U1.ao21/X (sky130_fd_sc_hs__a21o_1)
     1    0.01                           ppa_grey_5_3.U1.Y (net)
                  0.08    0.00    1.31 ^ ppa_post_5_4.U1.xor2/B (sky130_fd_sc_hs__xor2_1)
                  0.20    0.25    1.56 ^ ppa_post_5_4.U1.xor2/X (sky130_fd_sc_hs__xor2_1)
     1    0.01                           ppa_post_5_4.U1.Y (net)
                  0.20    0.00    1.56 ^ _5_/A (sky130_fd_sc_hs__buf_1)
                  0.11    0.21    1.78 ^ _5_/X (sky130_fd_sc_hs__buf_1)
     1    0.01                           net24 (net)
                  0.11    0.00    1.78 ^ output24/A (sky130_fd_sc_hs__buf_8)
                  0.09    0.19    1.96 ^ output24/X (sky130_fd_sc_hs__buf_8)
     1    0.04                           sum[5] (net)
                  0.09    0.00    1.97 ^ sum[5] (out)
                                  1.97   data arrival time

                  0.00    1.00    1.00   clock clk (rise edge)
                          0.00    1.00   clock network delay (ideal)
                         -0.25    0.75   clock uncertainty
                          0.00    0.75   clock reconvergence pessimism
                          0.00    0.75   output external delay
                                  0.75   data required time
-----------------------------------------------------------------------------
                                  0.75   data required time
                                 -1.97   data arrival time
-----------------------------------------------------------------------------
                                 -1.22   slack (VIOLATED)


Startpoint: b[0] (input port clocked by clk)
Endpoint: sum[6] (output port clocked by clk)
Path Group: clk
Path Type: max
Corner: ss

Fanout     Cap    Slew   Delay    Time   Description
-----------------------------------------------------------------------------
                  0.00    0.00    0.00   clock clk (rise edge)
                          0.00    0.00   clock network delay (ideal)
                          0.00    0.00 ^ input external delay
                  0.05    0.03    0.03 ^ b[0] (in)
     1    0.01                           b[0] (net)
                  0.05    0.00    0.03 ^ input9/A (sky130_fd_sc_hs__clkbuf_1)
                  0.12    0.17    0.20 ^ input9/X (sky130_fd_sc_hs__clkbuf_1)
     2    0.01                           net9 (net)
                  0.12    0.00    0.20 ^ ppa_pre_1_0.U1.xor2/B (sky130_fd_sc_hs__xor2_1)
                  0.30    0.34    0.54 ^ ppa_pre_1_0.U1.xor2/X (sky130_fd_sc_hs__xor2_1)
     2    0.01                           ppa_grey_1_1.U1.A1 (net)
                  0.30    0.00    0.54 ^ ppa_grey_1_1.U1.ao21/A2 (sky130_fd_sc_hs__a21o_1)
                  0.10    0.28    0.82 ^ ppa_grey_1_1.U1.ao21/X (sky130_fd_sc_hs__a21o_1)
     3    0.01                           ppa_grey_1_1.U1.Y (net)
                  0.10    0.00    0.82 ^ ppa_grey_3_2.U1.ao21/A1 (sky130_fd_sc_hs__a21o_1)
                  0.17    0.26    1.08 ^ ppa_grey_3_2.U1.ao21/X (sky130_fd_sc_hs__a21o_1)
     5    0.02                           ppa_grey_3_2.U1.Y (net)
                  0.17    0.00    1.08 ^ ppa_grey_6_3.U1.ao21/A1 (sky130_fd_sc_hs__a21o_1)
                  0.08    0.22    1.30 ^ ppa_grey_6_3.U1.ao21/X (sky130_fd_sc_hs__a21o_1)
     1    0.01                           ppa_grey_6_3.U1.Y (net)
                  0.08    0.00    1.30 ^ ppa_post_6_4.U1.xor2/B (sky130_fd_sc_hs__xor2_1)
                  0.16    0.22    1.52 ^ ppa_post_6_4.U1.xor2/X (sky130_fd_sc_hs__xor2_1)
     1    0.00                           ppa_post_6_4.U1.Y (net)
                  0.16    0.00    1.52 ^ _6_/A (sky130_fd_sc_hs__clkbuf_1)
                  0.06    0.16    1.69 ^ _6_/X (sky130_fd_sc_hs__clkbuf_1)
     1    0.00                           net25 (net)
                  0.06    0.00    1.69 ^ output25/A (sky130_fd_sc_hs__clkbuf_4)
                  0.16    0.27    1.96 ^ output25/X (sky130_fd_sc_hs__clkbuf_4)
     1    0.04                           sum[6] (net)
                  0.16    0.00    1.96 ^ sum[6] (out)
                                  1.96   data arrival time

                  0.00    1.00    1.00   clock clk (rise edge)
                          0.00    1.00   clock network delay (ideal)
                         -0.25    0.75   clock uncertainty
                          0.00    0.75   clock reconvergence pessimism
                          0.00    0.75   output external delay
                                  0.75   data required time
-----------------------------------------------------------------------------
                                  0.75   data required time
                                 -1.96   data arrival time
-----------------------------------------------------------------------------
                                 -1.21   slack (VIOLATED)


Startpoint: b[0] (input port clocked by clk)
Endpoint: sum[4] (output port clocked by clk)
Path Group: clk
Path Type: max
Corner: ss

Fanout     Cap    Slew   Delay    Time   Description
-----------------------------------------------------------------------------
                  0.00    0.00    0.00   clock clk (rise edge)
                          0.00    0.00   clock network delay (ideal)
                          0.00    0.00 ^ input external delay
                  0.05    0.03    0.03 ^ b[0] (in)
     1    0.01                           b[0] (net)
                  0.05    0.00    0.03 ^ input9/A (sky130_fd_sc_hs__clkbuf_1)
                  0.12    0.17    0.20 ^ input9/X (sky130_fd_sc_hs__clkbuf_1)
     2    0.01                           net9 (net)
                  0.12    0.00    0.20 ^ ppa_pre_1_0.U1.xor2/B (sky130_fd_sc_hs__xor2_1)
                  0.30    0.34    0.54 ^ ppa_pre_1_0.U1.xor2/X (sky130_fd_sc_hs__xor2_1)
     2    0.01                           ppa_grey_1_1.U1.A1 (net)
                  0.30    0.00    0.54 ^ ppa_grey_1_1.U1.ao21/A2 (sky130_fd_sc_hs__a21o_1)
                  0.10    0.28    0.82 ^ ppa_grey_1_1.U1.ao21/X (sky130_fd_sc_hs__a21o_1)
     3    0.01                           ppa_grey_1_1.U1.Y (net)
                  0.10    0.00    0.82 ^ ppa_grey_3_2.U1.ao21/A1 (sky130_fd_sc_hs__a21o_1)
                  0.17    0.26    1.08 ^ ppa_grey_3_2.U1.ao21/X (sky130_fd_sc_hs__a21o_1)
     5    0.02                           ppa_grey_3_2.U1.Y (net)
                  0.17    0.00    1.08 ^ ppa_grey_4_3.U1.ao21/A1 (sky130_fd_sc_hs__a21o_1)
                  0.09    0.23    1.31 ^ ppa_grey_4_3.U1.ao21/X (sky130_fd_sc_hs__a21o_1)
     1    0.01                           ppa_grey_4_3.U1.Y (net)
                  0.09    0.00    1.31 ^ ppa_post_4_4.U1.xor2/B (sky130_fd_sc_hs__xor2_1)
                  0.15    0.22    1.53 ^ ppa_post_4_4.U1.xor2/X (sky130_fd_sc_hs__xor2_1)
     1    0.00                           ppa_post_4_4.U1.Y (net)
                  0.15    0.00    1.53 ^ _4_/A (sky130_fd_sc_hs__clkbuf_1)
                  0.08    0.18    1.71 ^ _4_/X (sky130_fd_sc_hs__clkbuf_1)
     1    0.01                           net23 (net)
                  0.08    0.00    1.71 ^ output23/A (sky130_fd_sc_hs__buf_4)
                  0.15    0.25    1.96 ^ output23/X (sky130_fd_sc_hs__buf_4)
     1    0.04                           sum[4] (net)
                  0.15    0.00    1.96 ^ sum[4] (out)
                                  1.96   data arrival time

                  0.00    1.00    1.00   clock clk (rise edge)
                          0.00    1.00   clock network delay (ideal)
                         -0.25    0.75   clock uncertainty
                          0.00    0.75   clock reconvergence pessimism
                          0.00    0.75   output external delay
                                  0.75   data required time
-----------------------------------------------------------------------------
                                  0.75   data required time
                                 -1.96   data arrival time
-----------------------------------------------------------------------------
                                 -1.21   slack (VIOLATED)


Startpoint: b[0] (input port clocked by clk)
Endpoint: sum[3] (output port clocked by clk)
Path Group: clk
Path Type: max
Corner: ss

Fanout     Cap    Slew   Delay    Time   Description
-----------------------------------------------------------------------------
                  0.00    0.00    0.00   clock clk (rise edge)
                          0.00    0.00   clock network delay (ideal)
                          0.00    0.00 ^ input external delay
                  0.05    0.03    0.03 ^ b[0] (in)
     1    0.01                           b[0] (net)
                  0.05    0.00    0.03 ^ input9/A (sky130_fd_sc_hs__clkbuf_1)
                  0.12    0.17    0.20 ^ input9/X (sky130_fd_sc_hs__clkbuf_1)
     2    0.01                           net9 (net)
                  0.12    0.00    0.20 ^ ppa_pre_1_0.U1.xor2/B (sky130_fd_sc_hs__xor2_1)
                  0.30    0.34    0.54 ^ ppa_pre_1_0.U1.xor2/X (sky130_fd_sc_hs__xor2_1)
     2    0.01                           ppa_grey_1_1.U1.A1 (net)
                  0.30    0.00    0.54 ^ ppa_grey_1_1.U1.ao21/A2 (sky130_fd_sc_hs__a21o_1)
                  0.10    0.28    0.82 ^ ppa_grey_1_1.U1.ao21/X (sky130_fd_sc_hs__a21o_1)
     3    0.01                           ppa_grey_1_1.U1.Y (net)
                  0.10    0.00    0.82 ^ ppa_grey_3_2.U1.ao21/A1 (sky130_fd_sc_hs__a21o_1)
                  0.17    0.26    1.08 ^ ppa_grey_3_2.U1.ao21/X (sky130_fd_sc_hs__a21o_1)
     5    0.02                           ppa_grey_3_2.U1.Y (net)
                  0.17    0.00    1.08 ^ rebuffer1/A (sky130_fd_sc_hs__dlymetal6s2s_1)
                  0.09    0.19    1.27 ^ rebuffer1/X (sky130_fd_sc_hs__dlymetal6s2s_1)
     1    0.01                           net27 (net)
                  0.09    0.00    1.27 ^ ppa_post_3_4.U1.xor2/B (sky130_fd_sc_hs__xor2_1)
                  0.16    0.23    1.50 ^ ppa_post_3_4.U1.xor2/X (sky130_fd_sc_hs__xor2_1)
     1    0.00                           ppa_post_3_4.U1.Y (net)
                  0.16    0.00    1.50 ^ _3_/A (sky130_fd_sc_hs__buf_2)
                  0.08    0.20    1.70 ^ _3_/X (sky130_fd_sc_hs__buf_2)
     1    0.01                           net22 (net)
                  0.08    0.00    1.70 ^ output22/A (sky130_fd_sc_hs__buf_8)
                  0.09    0.18    1.88 ^ output22/X (sky130_fd_sc_hs__buf_8)
     1    0.04                           sum[3] (net)
                  0.09    0.00    1.88 ^ sum[3] (out)
                                  1.88   data arrival time

                  0.00    1.00    1.00   clock clk (rise edge)
                          0.00    1.00   clock network delay (ideal)
                         -0.25    0.75   clock uncertainty
                          0.00    0.75   clock reconvergence pessimism
                          0.00    0.75   output external delay
                                  0.75   data required time
-----------------------------------------------------------------------------
                                  0.75   data required time
                                 -1.88   data arrival time
-----------------------------------------------------------------------------
                                 -1.13   slack (VIOLATED)


Startpoint: a[4] (input port clocked by clk)
Endpoint: cout (output port clocked by clk)
Path Group: clk
Path Type: max
Corner: ss

Fanout     Cap    Slew   Delay    Time   Description
-----------------------------------------------------------------------------
                  0.00    0.00    0.00   clock clk (rise edge)
                          0.00    0.00   clock network delay (ideal)
                          0.00    0.00 v input external delay
                  0.01    0.01    0.01 v a[4] (in)
     1    0.00                           a[4] (net)
                  0.01    0.00    0.01 v input5/A (sky130_fd_sc_hs__dlymetal6s2s_1)
                  0.11    0.23    0.24 v input5/X (sky130_fd_sc_hs__dlymetal6s2s_1)
     2    0.01                           net5 (net)
                  0.11    0.00    0.24 v ppa_pre_5_0.U1.xor2/A (sky130_fd_sc_hs__xor2_2)
                  0.11    0.33    0.57 v ppa_pre_5_0.U1.xor2/X (sky130_fd_sc_hs__xor2_2)
     3    0.01                           ppa_black_5_1.U1.A (net)
                  0.11    0.00    0.57 v ppa_black_5_1.U2.ao21/A2 (sky130_fd_sc_hs__a21o_1)
                  0.09    0.30    0.87 v ppa_black_5_1.U2.ao21/X (sky130_fd_sc_hs__a21o_1)
     3    0.01                           ppa_black_5_1.U2.Y (net)
                  0.09    0.00    0.87 v ppa_black_7_2.U2.ao21/A1 (sky130_fd_sc_hs__a21o_1)
                  0.05    0.23    1.10 v ppa_black_7_2.U2.ao21/X (sky130_fd_sc_hs__a21o_1)
     1    0.00                           ppa_black_7_2.U2.Y (net)
                  0.05    0.00    1.10 v ppa_grey_7_3.U1.ao21/B1 (sky130_fd_sc_hs__a21o_1)
                  0.08    0.24    1.34 v ppa_grey_7_3.U1.ao21/X (sky130_fd_sc_hs__a21o_1)
     2    0.01                           ppa_grey_7_3.U1.Y (net)
                  0.08    0.00    1.34 v ppa_grey_cout.U1.ao21/A1 (sky130_fd_sc_hs__a21o_1)
                  0.07    0.25    1.59 v ppa_grey_cout.U1.ao21/X (sky130_fd_sc_hs__a21o_1)
     1    0.01                           net18 (net)
                  0.07    0.00    1.59 v output18/A (sky130_fd_sc_hs__clkbuf_4)
                  0.13    0.27    1.86 v output18/X (sky130_fd_sc_hs__clkbuf_4)
     1    0.04                           cout (net)
                  0.13    0.00    1.87 v cout (out)
                                  1.87   data arrival time

                  0.00    1.00    1.00   clock clk (rise edge)
                          0.00    1.00   clock network delay (ideal)
                         -0.25    0.75   clock uncertainty
                          0.00    0.75   clock reconvergence pessimism
                          0.00    0.75   output external delay
                                  0.75   data required time
-----------------------------------------------------------------------------
                                  0.75   data required time
                                 -1.87   data arrival time
-----------------------------------------------------------------------------
                                 -1.12   slack (VIOLATED)


Startpoint: b[0] (input port clocked by clk)
Endpoint: sum[1] (output port clocked by clk)
Path Group: clk
Path Type: max
Corner: ss

Fanout     Cap    Slew   Delay    Time   Description
-----------------------------------------------------------------------------
                  0.00    0.00    0.00   clock clk (rise edge)
                          0.00    0.00   clock network delay (ideal)
                          0.00    0.00 ^ input external delay
                  0.05    0.03    0.03 ^ b[0] (in)
     1    0.01                           b[0] (net)
                  0.05    0.00    0.03 ^ input9/A (sky130_fd_sc_hs__clkbuf_1)
                  0.12    0.17    0.20 ^ input9/X (sky130_fd_sc_hs__clkbuf_1)
     2    0.01                           net9 (net)
                  0.12    0.00    0.20 ^ ppa_pre_1_0.U1.xor2/B (sky130_fd_sc_hs__xor2_1)
                  0.30    0.34    0.54 ^ ppa_pre_1_0.U1.xor2/X (sky130_fd_sc_hs__xor2_1)
     2    0.01                           ppa_grey_1_1.U1.A1 (net)
                  0.30    0.00    0.54 ^ ppa_grey_1_1.U1.ao21/A2 (sky130_fd_sc_hs__a21o_1)
                  0.10    0.28    0.82 ^ ppa_grey_1_1.U1.ao21/X (sky130_fd_sc_hs__a21o_1)
     3    0.01                           ppa_grey_1_1.U1.Y (net)
                  0.10    0.00    0.82 ^ rebuffer2/A (sky130_fd_sc_hs__dlygate4sd2_1)
                  0.08    0.36    1.18 ^ rebuffer2/X (sky130_fd_sc_hs__dlygate4sd2_1)
     1    0.01                           net28 (net)
                  0.08    0.00    1.18 ^ ppa_post_1_4.U1.xor2/B (sky130_fd_sc_hs__xor2_1)
                  0.15    0.21    1.39 ^ ppa_post_1_4.U1.xor2/X (sky130_fd_sc_hs__xor2_1)
     1    0.00                           ppa_post_1_4.U1.Y (net)
                  0.15    0.00    1.39 ^ _1_/A (sky130_fd_sc_hs__clkbuf_1)
                  0.05    0.15    1.54 ^ _1_/X (sky130_fd_sc_hs__clkbuf_1)
     1    0.00                           net20 (net)
                  0.05    0.00    1.54 ^ output20/A (sky130_fd_sc_hs__clkbuf_4)
                  0.15    0.26    1.80 ^ output20/X (sky130_fd_sc_hs__clkbuf_4)
     1    0.04                           sum[1] (net)
                  0.15    0.00    1.80 ^ sum[1] (out)
                                  1.80   data arrival time

                  0.00    1.00    1.00   clock clk (rise edge)
                          0.00    1.00   clock network delay (ideal)
                         -0.25    0.75   clock uncertainty
                          0.00    0.75   clock reconvergence pessimism
                          0.00    0.75   output external delay
                                  0.75   data required time
-----------------------------------------------------------------------------
                                  0.75   data required time
                                 -1.80   data arrival time
-----------------------------------------------------------------------------
                                 -1.05   slack (VIOLATED)


Startpoint: b[0] (input port clocked by clk)
Endpoint: sum[0] (output port clocked by clk)
Path Group: clk
Path Type: max
Corner: ss

Fanout     Cap    Slew   Delay    Time   Description
-----------------------------------------------------------------------------
                  0.00    0.00    0.00   clock clk (rise edge)
                          0.00    0.00   clock network delay (ideal)
                          0.00    0.00 ^ input external delay
                  0.05    0.03    0.03 ^ b[0] (in)
     1    0.01                           b[0] (net)
                  0.05    0.00    0.03 ^ input9/A (sky130_fd_sc_hs__clkbuf_1)
                  0.12    0.17    0.20 ^ input9/X (sky130_fd_sc_hs__clkbuf_1)
     2    0.01                           net9 (net)
                  0.12    0.00    0.20 ^ ppa_pre_1_0.U1.xor2/B (sky130_fd_sc_hs__xor2_1)
                  0.30    0.34    0.54 ^ ppa_pre_1_0.U1.xor2/X (sky130_fd_sc_hs__xor2_1)
     2    0.01                           ppa_grey_1_1.U1.A1 (net)
                  0.30    0.00    0.54 ^ ppa_post_0_4.U1.xor2/A (sky130_fd_sc_hs__xor2_1)
                  0.17    0.29    0.83 ^ ppa_post_0_4.U1.xor2/X (sky130_fd_sc_hs__xor2_1)
     1    0.00                           ppa_post_0_4.U1.Y (net)
                  0.17    0.00    0.83 ^ _0_/A (sky130_fd_sc_hs__clkbuf_1)
                  0.09    0.19    1.02 ^ _0_/X (sky130_fd_sc_hs__clkbuf_1)
     1    0.01                           net19 (net)
                  0.09    0.00    1.02 ^ output19/A (sky130_fd_sc_hs__clkbuf_4)
                  0.15    0.28    1.30 ^ output19/X (sky130_fd_sc_hs__clkbuf_4)
     1    0.04                           sum[0] (net)
                  0.15    0.00    1.30 ^ sum[0] (out)
                                  1.30   data arrival time

                  0.00    1.00    1.00   clock clk (rise edge)
                          0.00    1.00   clock network delay (ideal)
                         -0.25    0.75   clock uncertainty
                          0.00    0.75   clock reconvergence pessimism
                          0.00    0.75   output external delay
                                  0.75   data required time
-----------------------------------------------------------------------------
                                  0.75   data required time
                                 -1.30   data arrival time
-----------------------------------------------------------------------------
                                 -0.55   slack (VIOLATED)



======================= Typical Corner ===================================

Startpoint: a[4] (input port clocked by clk)
Endpoint: sum[7] (output port clocked by clk)
Path Group: clk
Path Type: max
Corner: tt

Fanout     Cap    Slew   Delay    Time   Description
-----------------------------------------------------------------------------
                  0.00    0.00    0.00   clock clk (rise edge)
                          0.00    0.00   clock network delay (ideal)
                          0.00    0.00 v input external delay
                  0.01    0.00    0.00 v a[4] (in)
     1    0.00                           a[4] (net)
                  0.01    0.00    0.00 v input5/A (sky130_fd_sc_hs__dlymetal6s2s_1)
                  0.06    0.12    0.13 v input5/X (sky130_fd_sc_hs__dlymetal6s2s_1)
     2    0.01                           net5 (net)
                  0.06    0.00    0.13 v ppa_pre_5_0.U1.xor2/A (sky130_fd_sc_hs__xor2_2)
                  0.07    0.19    0.32 v ppa_pre_5_0.U1.xor2/X (sky130_fd_sc_hs__xor2_2)
     3    0.01                           ppa_black_5_1.U1.A (net)
                  0.07    0.00    0.32 v ppa_black_5_1.U2.ao21/A2 (sky130_fd_sc_hs__a21o_1)
                  0.05    0.18    0.49 v ppa_black_5_1.U2.ao21/X (sky130_fd_sc_hs__a21o_1)
     3    0.01                           ppa_black_5_1.U2.Y (net)
                  0.05    0.00    0.49 v ppa_black_7_2.U2.ao21/A1 (sky130_fd_sc_hs__a21o_1)
                  0.03    0.13    0.62 v ppa_black_7_2.U2.ao21/X (sky130_fd_sc_hs__a21o_1)
     1    0.00                           ppa_black_7_2.U2.Y (net)
                  0.03    0.00    0.62 v ppa_grey_7_3.U1.ao21/B1 (sky130_fd_sc_hs__a21o_1)
                  0.05    0.14    0.76 v ppa_grey_7_3.U1.ao21/X (sky130_fd_sc_hs__a21o_1)
     2    0.01                           ppa_grey_7_3.U1.Y (net)
                  0.05    0.00    0.76 v ppa_post_7_4.U1.xor2/B (sky130_fd_sc_hs__xor2_1)
                  0.10    0.11    0.87 ^ ppa_post_7_4.U1.xor2/X (sky130_fd_sc_hs__xor2_1)
     1    0.00                           ppa_post_7_4.U1.Y (net)
                  0.10    0.00    0.87 ^ _7_/A (sky130_fd_sc_hs__clkbuf_1)
                  0.05    0.10    0.97 ^ _7_/X (sky130_fd_sc_hs__clkbuf_1)
     1    0.01                           net26 (net)
                  0.05    0.00    0.97 ^ output26/A (sky130_fd_sc_hs__buf_4)
                  0.10    0.14    1.11 ^ output26/X (sky130_fd_sc_hs__buf_4)
     1    0.04                           sum[7] (net)
                  0.10    0.00    1.11 ^ sum[7] (out)
                                  1.11   data arrival time

                  0.00    1.00    1.00   clock clk (rise edge)
                          0.00    1.00   clock network delay (ideal)
                         -0.25    0.75   clock uncertainty
                          0.00    0.75   clock reconvergence pessimism
                          0.00    0.75   output external delay
                                  0.75   data required time
-----------------------------------------------------------------------------
                                  0.75   data required time
                                 -1.11   data arrival time
-----------------------------------------------------------------------------
                                 -0.36   slack (VIOLATED)


Startpoint: b[0] (input port clocked by clk)
Endpoint: sum[2] (output port clocked by clk)
Path Group: clk
Path Type: max
Corner: tt

Fanout     Cap    Slew   Delay    Time   Description
-----------------------------------------------------------------------------
                  0.00    0.00    0.00   clock clk (rise edge)
                          0.00    0.00   clock network delay (ideal)
                          0.00    0.00 v input external delay
                  0.01    0.01    0.01 v b[0] (in)
     1    0.01                           b[0] (net)
                  0.01    0.00    0.01 v input9/A (sky130_fd_sc_hs__clkbuf_1)
                  0.07    0.10    0.11 v input9/X (sky130_fd_sc_hs__clkbuf_1)
     2    0.01                           net9 (net)
                  0.07    0.00    0.11 v ppa_pre_1_0.U1.xor2/B (sky130_fd_sc_hs__xor2_1)
                  0.07    0.14    0.25 v ppa_pre_1_0.U1.xor2/X (sky130_fd_sc_hs__xor2_1)
     2    0.01                           ppa_grey_1_1.U1.A1 (net)
                  0.07    0.00    0.25 v ppa_grey_1_1.U1.ao21/A2 (sky130_fd_sc_hs__a21o_1)
                  0.05    0.17    0.42 v ppa_grey_1_1.U1.ao21/X (sky130_fd_sc_hs__a21o_1)
     3    0.01                           ppa_grey_1_1.U1.Y (net)
                  0.05    0.00    0.42 v rebuffer3/A (sky130_fd_sc_hs__dlygate4sd2_1)
                  0.03    0.23    0.65 v rebuffer3/X (sky130_fd_sc_hs__dlygate4sd2_1)
     1    0.00                           net29 (net)
                  0.03    0.00    0.65 v ppa_grey_2_2.U1.ao21/A1 (sky130_fd_sc_hs__a21o_1)
                  0.04    0.13    0.77 v ppa_grey_2_2.U1.ao21/X (sky130_fd_sc_hs__a21o_1)
     1    0.01                           ppa_grey_2_2.U1.Y (net)
                  0.04    0.00    0.77 v ppa_post_2_4.U1.xor2/B (sky130_fd_sc_hs__xor2_1)
                  0.12    0.12    0.89 ^ ppa_post_2_4.U1.xor2/X (sky130_fd_sc_hs__xor2_1)
     1    0.00                           ppa_post_2_4.U1.Y (net)
                  0.12    0.00    0.89 ^ _2_/A (sky130_fd_sc_hs__buf_1)
                  0.07    0.11    1.00 ^ _2_/X (sky130_fd_sc_hs__buf_1)
     1    0.01                           net21 (net)
                  0.07    0.00    1.00 ^ output21/A (sky130_fd_sc_hs__buf_8)
                  0.06    0.11    1.11 ^ output21/X (sky130_fd_sc_hs__buf_8)
     1    0.04                           sum[2] (net)
                  0.06    0.00    1.11 ^ sum[2] (out)
                                  1.11   data arrival time

                  0.00    1.00    1.00   clock clk (rise edge)
                          0.00    1.00   clock network delay (ideal)
                         -0.25    0.75   clock uncertainty
                          0.00    0.75   clock reconvergence pessimism
                          0.00    0.75   output external delay
                                  0.75   data required time
-----------------------------------------------------------------------------
                                  0.75   data required time
                                 -1.11   data arrival time
-----------------------------------------------------------------------------
                                 -0.36   slack (VIOLATED)


Startpoint: a[4] (input port clocked by clk)
Endpoint: sum[6] (output port clocked by clk)
Path Group: clk
Path Type: max
Corner: tt

Fanout     Cap    Slew   Delay    Time   Description
-----------------------------------------------------------------------------
                  0.00    0.00    0.00   clock clk (rise edge)
                          0.00    0.00   clock network delay (ideal)
                          0.00    0.00 v input external delay
                  0.01    0.00    0.00 v a[4] (in)
     1    0.00                           a[4] (net)
                  0.01    0.00    0.00 v input5/A (sky130_fd_sc_hs__dlymetal6s2s_1)
                  0.06    0.12    0.13 v input5/X (sky130_fd_sc_hs__dlymetal6s2s_1)
     2    0.01                           net5 (net)
                  0.06    0.00    0.13 v ppa_pre_5_0.U1.xor2/A (sky130_fd_sc_hs__xor2_2)
                  0.07    0.19    0.32 v ppa_pre_5_0.U1.xor2/X (sky130_fd_sc_hs__xor2_2)
     3    0.01                           ppa_black_5_1.U1.A (net)
                  0.07    0.00    0.32 v ppa_black_5_1.U2.ao21/A2 (sky130_fd_sc_hs__a21o_1)
                  0.05    0.18    0.49 v ppa_black_5_1.U2.ao21/X (sky130_fd_sc_hs__a21o_1)
     3    0.01                           ppa_black_5_1.U2.Y (net)
                  0.05    0.00    0.49 v ppa_black_6_2.U2.ao21/A1 (sky130_fd_sc_hs__a21o_1)
                  0.03    0.13    0.62 v ppa_black_6_2.U2.ao21/X (sky130_fd_sc_hs__a21o_1)
     1    0.00                           ppa_black_6_2.U2.Y (net)
                  0.03    0.00    0.62 v ppa_grey_6_3.U1.ao21/B1 (sky130_fd_sc_hs__a21o_1)
                  0.04    0.13    0.75 v ppa_grey_6_3.U1.ao21/X (sky130_fd_sc_hs__a21o_1)
     1    0.01                           ppa_grey_6_3.U1.Y (net)
                  0.04    0.00    0.75 v ppa_post_6_4.U1.xor2/B (sky130_fd_sc_hs__xor2_1)
                  0.11    0.11    0.85 ^ ppa_post_6_4.U1.xor2/X (sky130_fd_sc_hs__xor2_1)
     1    0.00                           ppa_post_6_4.U1.Y (net)
                  0.11    0.00    0.85 ^ _6_/A (sky130_fd_sc_hs__clkbuf_1)
                  0.04    0.09    0.95 ^ _6_/X (sky130_fd_sc_hs__clkbuf_1)
     1    0.00                           net25 (net)
                  0.04    0.00    0.95 ^ output25/A (sky130_fd_sc_hs__clkbuf_4)
                  0.10    0.16    1.11 ^ output25/X (sky130_fd_sc_hs__clkbuf_4)
     1    0.04                           sum[6] (net)
                  0.10    0.00    1.11 ^ sum[6] (out)
                                  1.11   data arrival time

                  0.00    1.00    1.00   clock clk (rise edge)
                          0.00    1.00   clock network delay (ideal)
                         -0.25    0.75   clock uncertainty
                          0.00    0.75   clock reconvergence pessimism
                          0.00    0.75   output external delay
                                  0.75   data required time
-----------------------------------------------------------------------------
                                  0.75   data required time
                                 -1.11   data arrival time
-----------------------------------------------------------------------------
                                 -0.36   slack (VIOLATED)


Startpoint: b[0] (input port clocked by clk)
Endpoint: sum[4] (output port clocked by clk)
Path Group: clk
Path Type: max
Corner: tt

Fanout     Cap    Slew   Delay    Time   Description
-----------------------------------------------------------------------------
                  0.00    0.00    0.00   clock clk (rise edge)
                          0.00    0.00   clock network delay (ideal)
                          0.00    0.00 ^ input external delay
                  0.03    0.02    0.02 ^ b[0] (in)
     1    0.01                           b[0] (net)
                  0.03    0.00    0.02 ^ input9/A (sky130_fd_sc_hs__clkbuf_1)
                  0.07    0.10    0.12 ^ input9/X (sky130_fd_sc_hs__clkbuf_1)
     2    0.01                           net9 (net)
                  0.07    0.00    0.12 ^ ppa_pre_1_0.U1.xor2/B (sky130_fd_sc_hs__xor2_1)
                  0.19    0.20    0.32 ^ ppa_pre_1_0.U1.xor2/X (sky130_fd_sc_hs__xor2_1)
     2    0.01                           ppa_grey_1_1.U1.A1 (net)
                  0.19    0.00    0.32 ^ ppa_grey_1_1.U1.ao21/A2 (sky130_fd_sc_hs__a21o_1)
                  0.06    0.14    0.46 ^ ppa_grey_1_1.U1.ao21/X (sky130_fd_sc_hs__a21o_1)
     3    0.01                           ppa_grey_1_1.U1.Y (net)
                  0.06    0.00    0.46 ^ ppa_grey_3_2.U1.ao21/A1 (sky130_fd_sc_hs__a21o_1)
                  0.10    0.15    0.61 ^ ppa_grey_3_2.U1.ao21/X (sky130_fd_sc_hs__a21o_1)
     5    0.02                           ppa_grey_3_2.U1.Y (net)
                  0.10    0.00    0.61 ^ ppa_grey_4_3.U1.ao21/A1 (sky130_fd_sc_hs__a21o_1)
                  0.05    0.12    0.73 ^ ppa_grey_4_3.U1.ao21/X (sky130_fd_sc_hs__a21o_1)
     1    0.01                           ppa_grey_4_3.U1.Y (net)
                  0.05    0.00    0.73 ^ ppa_post_4_4.U1.xor2/B (sky130_fd_sc_hs__xor2_1)
                  0.10    0.13    0.86 ^ ppa_post_4_4.U1.xor2/X (sky130_fd_sc_hs__xor2_1)
     1    0.00                           ppa_post_4_4.U1.Y (net)
                  0.10    0.00    0.86 ^ _4_/A (sky130_fd_sc_hs__clkbuf_1)
                  0.05    0.10    0.96 ^ _4_/X (sky130_fd_sc_hs__clkbuf_1)
     1    0.01                           net23 (net)
                  0.05    0.00    0.96 ^ output23/A (sky130_fd_sc_hs__buf_4)
                  0.10    0.15    1.10 ^ output23/X (sky130_fd_sc_hs__buf_4)
     1    0.04                           sum[4] (net)
                  0.10    0.00    1.11 ^ sum[4] (out)
                                  1.11   data arrival time

                  0.00    1.00    1.00   clock clk (rise edge)
                          0.00    1.00   clock network delay (ideal)
                         -0.25    0.75   clock uncertainty
                          0.00    0.75   clock reconvergence pessimism
                          0.00    0.75   output external delay
                                  0.75   data required time
-----------------------------------------------------------------------------
                                  0.75   data required time
                                 -1.11   data arrival time
-----------------------------------------------------------------------------
                                 -0.36   slack (VIOLATED)


Startpoint: b[0] (input port clocked by clk)
Endpoint: sum[5] (output port clocked by clk)
Path Group: clk
Path Type: max
Corner: tt

Fanout     Cap    Slew   Delay    Time   Description
-----------------------------------------------------------------------------
                  0.00    0.00    0.00   clock clk (rise edge)
                          0.00    0.00   clock network delay (ideal)
                          0.00    0.00 ^ input external delay
                  0.03    0.02    0.02 ^ b[0] (in)
     1    0.01                           b[0] (net)
                  0.03    0.00    0.02 ^ input9/A (sky130_fd_sc_hs__clkbuf_1)
                  0.07    0.10    0.12 ^ input9/X (sky130_fd_sc_hs__clkbuf_1)
     2    0.01                           net9 (net)
                  0.07    0.00    0.12 ^ ppa_pre_1_0.U1.xor2/B (sky130_fd_sc_hs__xor2_1)
                  0.19    0.20    0.32 ^ ppa_pre_1_0.U1.xor2/X (sky130_fd_sc_hs__xor2_1)
     2    0.01                           ppa_grey_1_1.U1.A1 (net)
                  0.19    0.00    0.32 ^ ppa_grey_1_1.U1.ao21/A2 (sky130_fd_sc_hs__a21o_1)
                  0.06    0.14    0.46 ^ ppa_grey_1_1.U1.ao21/X (sky130_fd_sc_hs__a21o_1)
     3    0.01                           ppa_grey_1_1.U1.Y (net)
                  0.06    0.00    0.46 ^ ppa_grey_3_2.U1.ao21/A1 (sky130_fd_sc_hs__a21o_1)
                  0.10    0.15    0.61 ^ ppa_grey_3_2.U1.ao21/X (sky130_fd_sc_hs__a21o_1)
     5    0.02                           ppa_grey_3_2.U1.Y (net)
                  0.10    0.00    0.61 ^ ppa_grey_5_3.U1.ao21/A1 (sky130_fd_sc_hs__a21o_1)
                  0.05    0.12    0.72 ^ ppa_grey_5_3.U1.ao21/X (sky130_fd_sc_hs__a21o_1)
     1    0.01                           ppa_grey_5_3.U1.Y (net)
                  0.05    0.00    0.72 ^ ppa_post_5_4.U1.xor2/B (sky130_fd_sc_hs__xor2_1)
                  0.13    0.15    0.87 ^ ppa_post_5_4.U1.xor2/X (sky130_fd_sc_hs__xor2_1)
     1    0.01                           ppa_post_5_4.U1.Y (net)
                  0.13    0.00    0.87 ^ _5_/A (sky130_fd_sc_hs__buf_1)
                  0.07    0.12    0.99 ^ _5_/X (sky130_fd_sc_hs__buf_1)
     1    0.01                           net24 (net)
                  0.07    0.00    0.99 ^ output24/A (sky130_fd_sc_hs__buf_8)
                  0.06    0.11    1.10 ^ output24/X (sky130_fd_sc_hs__buf_8)
     1    0.04                           sum[5] (net)
                  0.06    0.00    1.10 ^ sum[5] (out)
                                  1.10   data arrival time

                  0.00    1.00    1.00   clock clk (rise edge)
                          0.00    1.00   clock network delay (ideal)
                         -0.25    0.75   clock uncertainty
                          0.00    0.75   clock reconvergence pessimism
                          0.00    0.75   output external delay
                                  0.75   data required time
-----------------------------------------------------------------------------
                                  0.75   data required time
                                 -1.10   data arrival time
-----------------------------------------------------------------------------
                                 -0.35   slack (VIOLATED)


Startpoint: a[4] (input port clocked by clk)
Endpoint: cout (output port clocked by clk)
Path Group: clk
Path Type: max
Corner: tt

Fanout     Cap    Slew   Delay    Time   Description
-----------------------------------------------------------------------------
                  0.00    0.00    0.00   clock clk (rise edge)
                          0.00    0.00   clock network delay (ideal)
                          0.00    0.00 v input external delay
                  0.01    0.00    0.00 v a[4] (in)
     1    0.00                           a[4] (net)
                  0.01    0.00    0.00 v input5/A (sky130_fd_sc_hs__dlymetal6s2s_1)
                  0.06    0.12    0.13 v input5/X (sky130_fd_sc_hs__dlymetal6s2s_1)
     2    0.01                           net5 (net)
                  0.06    0.00    0.13 v ppa_pre_5_0.U1.xor2/A (sky130_fd_sc_hs__xor2_2)
                  0.07    0.19    0.32 v ppa_pre_5_0.U1.xor2/X (sky130_fd_sc_hs__xor2_2)
     3    0.01                           ppa_black_5_1.U1.A (net)
                  0.07    0.00    0.32 v ppa_black_5_1.U2.ao21/A2 (sky130_fd_sc_hs__a21o_1)
                  0.05    0.18    0.49 v ppa_black_5_1.U2.ao21/X (sky130_fd_sc_hs__a21o_1)
     3    0.01                           ppa_black_5_1.U2.Y (net)
                  0.05    0.00    0.49 v ppa_black_7_2.U2.ao21/A1 (sky130_fd_sc_hs__a21o_1)
                  0.03    0.13    0.62 v ppa_black_7_2.U2.ao21/X (sky130_fd_sc_hs__a21o_1)
     1    0.00                           ppa_black_7_2.U2.Y (net)
                  0.03    0.00    0.62 v ppa_grey_7_3.U1.ao21/B1 (sky130_fd_sc_hs__a21o_1)
                  0.05    0.14    0.76 v ppa_grey_7_3.U1.ao21/X (sky130_fd_sc_hs__a21o_1)
     2    0.01                           ppa_grey_7_3.U1.Y (net)
                  0.05    0.00    0.76 v ppa_grey_cout.U1.ao21/A1 (sky130_fd_sc_hs__a21o_1)
                  0.04    0.14    0.90 v ppa_grey_cout.U1.ao21/X (sky130_fd_sc_hs__a21o_1)
     1    0.01                           net18 (net)
                  0.04    0.00    0.90 v output18/A (sky130_fd_sc_hs__clkbuf_4)
                  0.08    0.16    1.06 v output18/X (sky130_fd_sc_hs__clkbuf_4)
     1    0.04                           cout (net)
                  0.08    0.00    1.06 v cout (out)
                                  1.06   data arrival time

                  0.00    1.00    1.00   clock clk (rise edge)
                          0.00    1.00   clock network delay (ideal)
                         -0.25    0.75   clock uncertainty
                          0.00    0.75   clock reconvergence pessimism
                          0.00    0.75   output external delay
                                  0.75   data required time
-----------------------------------------------------------------------------
                                  0.75   data required time
                                 -1.06   data arrival time
-----------------------------------------------------------------------------
                                 -0.31   slack (VIOLATED)


Startpoint: b[0] (input port clocked by clk)
Endpoint: sum[3] (output port clocked by clk)
Path Group: clk
Path Type: max
Corner: tt

Fanout     Cap    Slew   Delay    Time   Description
-----------------------------------------------------------------------------
                  0.00    0.00    0.00   clock clk (rise edge)
                          0.00    0.00   clock network delay (ideal)
                          0.00    0.00 ^ input external delay
                  0.03    0.02    0.02 ^ b[0] (in)
     1    0.01                           b[0] (net)
                  0.03    0.00    0.02 ^ input9/A (sky130_fd_sc_hs__clkbuf_1)
                  0.07    0.10    0.12 ^ input9/X (sky130_fd_sc_hs__clkbuf_1)
     2    0.01                           net9 (net)
                  0.07    0.00    0.12 ^ ppa_pre_1_0.U1.xor2/B (sky130_fd_sc_hs__xor2_1)
                  0.19    0.20    0.32 ^ ppa_pre_1_0.U1.xor2/X (sky130_fd_sc_hs__xor2_1)
     2    0.01                           ppa_grey_1_1.U1.A1 (net)
                  0.19    0.00    0.32 ^ ppa_grey_1_1.U1.ao21/A2 (sky130_fd_sc_hs__a21o_1)
                  0.06    0.14    0.46 ^ ppa_grey_1_1.U1.ao21/X (sky130_fd_sc_hs__a21o_1)
     3    0.01                           ppa_grey_1_1.U1.Y (net)
                  0.06    0.00    0.46 ^ ppa_grey_3_2.U1.ao21/A1 (sky130_fd_sc_hs__a21o_1)
                  0.10    0.15    0.61 ^ ppa_grey_3_2.U1.ao21/X (sky130_fd_sc_hs__a21o_1)
     5    0.02                           ppa_grey_3_2.U1.Y (net)
                  0.10    0.00    0.61 ^ rebuffer1/A (sky130_fd_sc_hs__dlymetal6s2s_1)
                  0.06    0.10    0.71 ^ rebuffer1/X (sky130_fd_sc_hs__dlymetal6s2s_1)
     1    0.01                           net27 (net)
                  0.06    0.00    0.71 ^ ppa_post_3_4.U1.xor2/B (sky130_fd_sc_hs__xor2_1)
                  0.10    0.13    0.84 ^ ppa_post_3_4.U1.xor2/X (sky130_fd_sc_hs__xor2_1)
     1    0.00                           ppa_post_3_4.U1.Y (net)
                  0.10    0.00    0.84 ^ _3_/A (sky130_fd_sc_hs__buf_2)
                  0.05    0.11    0.95 ^ _3_/X (sky130_fd_sc_hs__buf_2)
     1    0.01                           net22 (net)
                  0.05    0.00    0.95 ^ output22/A (sky130_fd_sc_hs__buf_8)
                  0.06    0.11    1.06 ^ output22/X (sky130_fd_sc_hs__buf_8)
     1    0.04                           sum[3] (net)
                  0.06    0.00    1.06 ^ sum[3] (out)
                                  1.06   data arrival time

                  0.00    1.00    1.00   clock clk (rise edge)
                          0.00    1.00   clock network delay (ideal)
                         -0.25    0.75   clock uncertainty
                          0.00    0.75   clock reconvergence pessimism
                          0.00    0.75   output external delay
                                  0.75   data required time
-----------------------------------------------------------------------------
                                  0.75   data required time
                                 -1.06   data arrival time
-----------------------------------------------------------------------------
                                 -0.31   slack (VIOLATED)


Startpoint: b[0] (input port clocked by clk)
Endpoint: sum[1] (output port clocked by clk)
Path Group: clk
Path Type: max
Corner: tt

Fanout     Cap    Slew   Delay    Time   Description
-----------------------------------------------------------------------------
                  0.00    0.00    0.00   clock clk (rise edge)
                          0.00    0.00   clock network delay (ideal)
                          0.00    0.00 ^ input external delay
                  0.03    0.02    0.02 ^ b[0] (in)
     1    0.01                           b[0] (net)
                  0.03    0.00    0.02 ^ input9/A (sky130_fd_sc_hs__clkbuf_1)
                  0.07    0.10    0.12 ^ input9/X (sky130_fd_sc_hs__clkbuf_1)
     2    0.01                           net9 (net)
                  0.07    0.00    0.12 ^ ppa_pre_1_0.U1.xor2/B (sky130_fd_sc_hs__xor2_1)
                  0.19    0.20    0.32 ^ ppa_pre_1_0.U1.xor2/X (sky130_fd_sc_hs__xor2_1)
     2    0.01                           ppa_grey_1_1.U1.A1 (net)
                  0.19    0.00    0.32 ^ ppa_grey_1_1.U1.ao21/A2 (sky130_fd_sc_hs__a21o_1)
                  0.06    0.14    0.46 ^ ppa_grey_1_1.U1.ao21/X (sky130_fd_sc_hs__a21o_1)
     3    0.01                           ppa_grey_1_1.U1.Y (net)
                  0.06    0.00    0.46 ^ rebuffer2/A (sky130_fd_sc_hs__dlygate4sd2_1)
                  0.05    0.20    0.66 ^ rebuffer2/X (sky130_fd_sc_hs__dlygate4sd2_1)
     1    0.00                           net28 (net)
                  0.05    0.00    0.66 ^ ppa_post_1_4.U1.xor2/B (sky130_fd_sc_hs__xor2_1)
                  0.10    0.13    0.79 ^ ppa_post_1_4.U1.xor2/X (sky130_fd_sc_hs__xor2_1)
     1    0.00                           ppa_post_1_4.U1.Y (net)
                  0.10    0.00    0.79 ^ _1_/A (sky130_fd_sc_hs__clkbuf_1)
                  0.03    0.08    0.87 ^ _1_/X (sky130_fd_sc_hs__clkbuf_1)
     1    0.00                           net20 (net)
                  0.03    0.00    0.87 ^ output20/A (sky130_fd_sc_hs__clkbuf_4)
                  0.10    0.16    1.03 ^ output20/X (sky130_fd_sc_hs__clkbuf_4)
     1    0.04                           sum[1] (net)
                  0.10    0.00    1.03 ^ sum[1] (out)
                                  1.03   data arrival time

                  0.00    1.00    1.00   clock clk (rise edge)
                          0.00    1.00   clock network delay (ideal)
                         -0.25    0.75   clock uncertainty
                          0.00    0.75   clock reconvergence pessimism
                          0.00    0.75   output external delay
                                  0.75   data required time
-----------------------------------------------------------------------------
                                  0.75   data required time
                                 -1.03   data arrival time
-----------------------------------------------------------------------------
                                 -0.28   slack (VIOLATED)


Startpoint: b[0] (input port clocked by clk)
Endpoint: sum[0] (output port clocked by clk)
Path Group: clk
Path Type: max
Corner: tt

Fanout     Cap    Slew   Delay    Time   Description
-----------------------------------------------------------------------------
                  0.00    0.00    0.00   clock clk (rise edge)
                          0.00    0.00   clock network delay (ideal)
                          0.00    0.00 ^ input external delay
                  0.03    0.02    0.02 ^ b[0] (in)
     1    0.01                           b[0] (net)
                  0.03    0.00    0.02 ^ input9/A (sky130_fd_sc_hs__clkbuf_1)
                  0.07    0.10    0.12 ^ input9/X (sky130_fd_sc_hs__clkbuf_1)
     2    0.01                           net9 (net)
                  0.07    0.00    0.12 ^ ppa_pre_1_0.U1.xor2/B (sky130_fd_sc_hs__xor2_1)
                  0.19    0.20    0.32 ^ ppa_pre_1_0.U1.xor2/X (sky130_fd_sc_hs__xor2_1)
     2    0.01                           ppa_grey_1_1.U1.A1 (net)
                  0.19    0.00    0.32 ^ ppa_post_0_4.U1.xor2/A (sky130_fd_sc_hs__xor2_1)
                  0.11    0.15    0.47 ^ ppa_post_0_4.U1.xor2/X (sky130_fd_sc_hs__xor2_1)
     1    0.00                           ppa_post_0_4.U1.Y (net)
                  0.11    0.00    0.47 ^ _0_/A (sky130_fd_sc_hs__clkbuf_1)
                  0.06    0.11    0.58 ^ _0_/X (sky130_fd_sc_hs__clkbuf_1)
     1    0.01                           net19 (net)
                  0.06    0.00    0.58 ^ output19/A (sky130_fd_sc_hs__clkbuf_4)
                  0.10    0.17    0.75 ^ output19/X (sky130_fd_sc_hs__clkbuf_4)
     1    0.04                           sum[0] (net)
                  0.10    0.00    0.75 ^ sum[0] (out)
                                  0.75   data arrival time

                  0.00    1.00    1.00   clock clk (rise edge)
                          0.00    1.00   clock network delay (ideal)
                         -0.25    0.75   clock uncertainty
                          0.00    0.75   clock reconvergence pessimism
                          0.00    0.75   output external delay
                                  0.75   data required time
-----------------------------------------------------------------------------
                                  0.75   data required time
                                 -0.75   data arrival time
-----------------------------------------------------------------------------
                                  0.00   slack (VIOLATED)



======================= Fastest Corner ===================================

Startpoint: a[1] (input port clocked by clk)
Endpoint: sum[7] (output port clocked by clk)
Path Group: clk
Path Type: max
Corner: ff

Fanout     Cap    Slew   Delay    Time   Description
-----------------------------------------------------------------------------
                  0.00    0.00    0.00   clock clk (rise edge)
                          0.00    0.00   clock network delay (ideal)
                          0.00    0.00 v input external delay
                  0.01    0.00    0.00 v a[1] (in)
     1    0.00                           a[1] (net)
                  0.01    0.00    0.00 v input2/A (sky130_fd_sc_hs__clkbuf_2)
                  0.05    0.08    0.08 v input2/X (sky130_fd_sc_hs__clkbuf_2)
     2    0.02                           net2 (net)
                  0.05    0.00    0.08 v ppa_pre_2_0.U1.xor2/A (sky130_fd_sc_hs__xor2_4)
                  0.05    0.13    0.21 v ppa_pre_2_0.U1.xor2/X (sky130_fd_sc_hs__xor2_4)
     3    0.01                           ppa_black_3_1.U1.B (net)
                  0.05    0.00    0.21 v ppa_black_3_1.U1.and2/B (sky130_fd_sc_hs__and2_1)
                  0.02    0.06    0.27 v ppa_black_3_1.U1.and2/X (sky130_fd_sc_hs__and2_1)
     1    0.00                           ppa_black_3_1.U1.Y (net)
                  0.02    0.00    0.27 v ppa_grey_3_2.U1.ao21/A2 (sky130_fd_sc_hs__a21o_1)
                  0.05    0.12    0.40 v ppa_grey_3_2.U1.ao21/X (sky130_fd_sc_hs__a21o_1)
     5    0.02                           ppa_grey_3_2.U1.Y (net)
                  0.05    0.00    0.40 v ppa_grey_7_3.U1.ao21/A1 (sky130_fd_sc_hs__a21o_1)
                  0.04    0.10    0.50 v ppa_grey_7_3.U1.ao21/X (sky130_fd_sc_hs__a21o_1)
     2    0.01                           ppa_grey_7_3.U1.Y (net)
                  0.04    0.00    0.50 v ppa_post_7_4.U1.xor2/B (sky130_fd_sc_hs__xor2_1)
                  0.07    0.07    0.57 ^ ppa_post_7_4.U1.xor2/X (sky130_fd_sc_hs__xor2_1)
     1    0.00                           ppa_post_7_4.U1.Y (net)
                  0.07    0.00    0.57 ^ _7_/A (sky130_fd_sc_hs__clkbuf_1)
                  0.03    0.06    0.63 ^ _7_/X (sky130_fd_sc_hs__clkbuf_1)
     1    0.01                           net26 (net)
                  0.03    0.00    0.63 ^ output26/A (sky130_fd_sc_hs__buf_4)
                  0.07    0.10    0.73 ^ output26/X (sky130_fd_sc_hs__buf_4)
     1    0.04                           sum[7] (net)
                  0.07    0.00    0.73 ^ sum[7] (out)
                                  0.73   data arrival time

                  0.00    1.00    1.00   clock clk (rise edge)
                          0.00    1.00   clock network delay (ideal)
                         -0.25    0.75   clock uncertainty
                          0.00    0.75   clock reconvergence pessimism
                          0.00    0.75   output external delay
                                  0.75   data required time
-----------------------------------------------------------------------------
                                  0.75   data required time
                                 -0.73   data arrival time
-----------------------------------------------------------------------------
                                  0.02   slack (MET)


Startpoint: b[0] (input port clocked by clk)
Endpoint: sum[2] (output port clocked by clk)
Path Group: clk
Path Type: max
Corner: ff

Fanout     Cap    Slew   Delay    Time   Description
-----------------------------------------------------------------------------
                  0.00    0.00    0.00   clock clk (rise edge)
                          0.00    0.00   clock network delay (ideal)
                          0.00    0.00 v input external delay
                  0.01    0.01    0.01 v b[0] (in)
     1    0.01                           b[0] (net)
                  0.01    0.00    0.01 v input9/A (sky130_fd_sc_hs__clkbuf_1)
                  0.05    0.07    0.07 v input9/X (sky130_fd_sc_hs__clkbuf_1)
     2    0.01                           net9 (net)
                  0.05    0.00    0.07 v ppa_pre_1_0.U1.xor2/B (sky130_fd_sc_hs__xor2_1)
                  0.04    0.09    0.16 v ppa_pre_1_0.U1.xor2/X (sky130_fd_sc_hs__xor2_1)
     2    0.01                           ppa_grey_1_1.U1.A1 (net)
                  0.04    0.00    0.16 v ppa_grey_1_1.U1.ao21/A2 (sky130_fd_sc_hs__a21o_1)
                  0.04    0.11    0.27 v ppa_grey_1_1.U1.ao21/X (sky130_fd_sc_hs__a21o_1)
     3    0.01                           ppa_grey_1_1.U1.Y (net)
                  0.04    0.00    0.27 v rebuffer3/A (sky130_fd_sc_hs__dlygate4sd2_1)
                  0.02    0.15    0.43 v rebuffer3/X (sky130_fd_sc_hs__dlygate4sd2_1)
     1    0.00                           net29 (net)
                  0.02    0.00    0.43 v ppa_grey_2_2.U1.ao21/A1 (sky130_fd_sc_hs__a21o_1)
                  0.03    0.08    0.51 v ppa_grey_2_2.U1.ao21/X (sky130_fd_sc_hs__a21o_1)
     1    0.01                           ppa_grey_2_2.U1.Y (net)
                  0.03    0.00    0.51 v ppa_post_2_4.U1.xor2/B (sky130_fd_sc_hs__xor2_1)
                  0.08    0.08    0.59 ^ ppa_post_2_4.U1.xor2/X (sky130_fd_sc_hs__xor2_1)
     1    0.00                           ppa_post_2_4.U1.Y (net)
                  0.08    0.00    0.59 ^ _2_/A (sky130_fd_sc_hs__buf_1)
                  0.05    0.07    0.65 ^ _2_/X (sky130_fd_sc_hs__buf_1)
     1    0.01                           net21 (net)
                  0.05    0.00    0.65 ^ output21/A (sky130_fd_sc_hs__buf_8)
                  0.04    0.07    0.73 ^ output21/X (sky130_fd_sc_hs__buf_8)
     1    0.04                           sum[2] (net)
                  0.04    0.00    0.73 ^ sum[2] (out)
                                  0.73   data arrival time

                  0.00    1.00    1.00   clock clk (rise edge)
                          0.00    1.00   clock network delay (ideal)
                         -0.25    0.75   clock uncertainty
                          0.00    0.75   clock reconvergence pessimism
                          0.00    0.75   output external delay
                                  0.75   data required time
-----------------------------------------------------------------------------
                                  0.75   data required time
                                 -0.73   data arrival time
-----------------------------------------------------------------------------
                                  0.02   slack (MET)


Startpoint: a[1] (input port clocked by clk)
Endpoint: sum[6] (output port clocked by clk)
Path Group: clk
Path Type: max
Corner: ff

Fanout     Cap    Slew   Delay    Time   Description
-----------------------------------------------------------------------------
                  0.00    0.00    0.00   clock clk (rise edge)
                          0.00    0.00   clock network delay (ideal)
                          0.00    0.00 v input external delay
                  0.01    0.00    0.00 v a[1] (in)
     1    0.00                           a[1] (net)
                  0.01    0.00    0.00 v input2/A (sky130_fd_sc_hs__clkbuf_2)
                  0.05    0.08    0.08 v input2/X (sky130_fd_sc_hs__clkbuf_2)
     2    0.02                           net2 (net)
                  0.05    0.00    0.08 v ppa_pre_2_0.U1.xor2/A (sky130_fd_sc_hs__xor2_4)
                  0.05    0.13    0.21 v ppa_pre_2_0.U1.xor2/X (sky130_fd_sc_hs__xor2_4)
     3    0.01                           ppa_black_3_1.U1.B (net)
                  0.05    0.00    0.21 v ppa_black_3_1.U1.and2/B (sky130_fd_sc_hs__and2_1)
                  0.02    0.06    0.27 v ppa_black_3_1.U1.and2/X (sky130_fd_sc_hs__and2_1)
     1    0.00                           ppa_black_3_1.U1.Y (net)
                  0.02    0.00    0.27 v ppa_grey_3_2.U1.ao21/A2 (sky130_fd_sc_hs__a21o_1)
                  0.05    0.12    0.40 v ppa_grey_3_2.U1.ao21/X (sky130_fd_sc_hs__a21o_1)
     5    0.02                           ppa_grey_3_2.U1.Y (net)
                  0.05    0.00    0.40 v ppa_grey_6_3.U1.ao21/A1 (sky130_fd_sc_hs__a21o_1)
                  0.03    0.09    0.49 v ppa_grey_6_3.U1.ao21/X (sky130_fd_sc_hs__a21o_1)
     1    0.01                           ppa_grey_6_3.U1.Y (net)
                  0.03    0.00    0.49 v ppa_post_6_4.U1.xor2/B (sky130_fd_sc_hs__xor2_1)
                  0.07    0.07    0.56 ^ ppa_post_6_4.U1.xor2/X (sky130_fd_sc_hs__xor2_1)
     1    0.00                           ppa_post_6_4.U1.Y (net)
                  0.07    0.00    0.56 ^ _6_/A (sky130_fd_sc_hs__clkbuf_1)
                  0.03    0.06    0.61 ^ _6_/X (sky130_fd_sc_hs__clkbuf_1)
     1    0.00                           net25 (net)
                  0.03    0.00    0.61 ^ output25/A (sky130_fd_sc_hs__clkbuf_4)
                  0.08    0.11    0.72 ^ output25/X (sky130_fd_sc_hs__clkbuf_4)
     1    0.04                           sum[6] (net)
                  0.08    0.00    0.73 ^ sum[6] (out)
                                  0.73   data arrival time

                  0.00    1.00    1.00   clock clk (rise edge)
                          0.00    1.00   clock network delay (ideal)
                         -0.25    0.75   clock uncertainty
                          0.00    0.75   clock reconvergence pessimism
                          0.00    0.75   output external delay
                                  0.75   data required time
-----------------------------------------------------------------------------
                                  0.75   data required time
                                 -0.73   data arrival time
-----------------------------------------------------------------------------
                                  0.02   slack (MET)


Startpoint: a[1] (input port clocked by clk)
Endpoint: sum[4] (output port clocked by clk)
Path Group: clk
Path Type: max
Corner: ff

Fanout     Cap    Slew   Delay    Time   Description
-----------------------------------------------------------------------------
                  0.00    0.00    0.00   clock clk (rise edge)
                          0.00    0.00   clock network delay (ideal)
                          0.00    0.00 v input external delay
                  0.01    0.00    0.00 v a[1] (in)
     1    0.00                           a[1] (net)
                  0.01    0.00    0.00 v input2/A (sky130_fd_sc_hs__clkbuf_2)
                  0.05    0.08    0.08 v input2/X (sky130_fd_sc_hs__clkbuf_2)
     2    0.02                           net2 (net)
                  0.05    0.00    0.08 v ppa_pre_2_0.U1.xor2/A (sky130_fd_sc_hs__xor2_4)
                  0.05    0.13    0.21 v ppa_pre_2_0.U1.xor2/X (sky130_fd_sc_hs__xor2_4)
     3    0.01                           ppa_black_3_1.U1.B (net)
                  0.05    0.00    0.21 v ppa_black_3_1.U1.and2/B (sky130_fd_sc_hs__and2_1)
                  0.02    0.06    0.27 v ppa_black_3_1.U1.and2/X (sky130_fd_sc_hs__and2_1)
     1    0.00                           ppa_black_3_1.U1.Y (net)
                  0.02    0.00    0.27 v ppa_grey_3_2.U1.ao21/A2 (sky130_fd_sc_hs__a21o_1)
                  0.05    0.12    0.40 v ppa_grey_3_2.U1.ao21/X (sky130_fd_sc_hs__a21o_1)
     5    0.02                           ppa_grey_3_2.U1.Y (net)
                  0.05    0.00    0.40 v ppa_grey_4_3.U1.ao21/A1 (sky130_fd_sc_hs__a21o_1)
                  0.03    0.10    0.49 v ppa_grey_4_3.U1.ao21/X (sky130_fd_sc_hs__a21o_1)
     1    0.01                           ppa_grey_4_3.U1.Y (net)
                  0.03    0.00    0.49 v ppa_post_4_4.U1.xor2/B (sky130_fd_sc_hs__xor2_1)
                  0.07    0.07    0.56 ^ ppa_post_4_4.U1.xor2/X (sky130_fd_sc_hs__xor2_1)
     1    0.00                           ppa_post_4_4.U1.Y (net)
                  0.07    0.00    0.56 ^ _4_/A (sky130_fd_sc_hs__clkbuf_1)
                  0.04    0.06    0.62 ^ _4_/X (sky130_fd_sc_hs__clkbuf_1)
     1    0.01                           net23 (net)
                  0.04    0.00    0.62 ^ output23/A (sky130_fd_sc_hs__buf_4)
                  0.07    0.10    0.72 ^ output23/X (sky130_fd_sc_hs__buf_4)
     1    0.04                           sum[4] (net)
                  0.07    0.00    0.72 ^ sum[4] (out)
                                  0.72   data arrival time

                  0.00    1.00    1.00   clock clk (rise edge)
                          0.00    1.00   clock network delay (ideal)
                         -0.25    0.75   clock uncertainty
                          0.00    0.75   clock reconvergence pessimism
                          0.00    0.75   output external delay
                                  0.75   data required time
-----------------------------------------------------------------------------
                                  0.75   data required time
                                 -0.72   data arrival time
-----------------------------------------------------------------------------
                                  0.03   slack (MET)


Startpoint: a[1] (input port clocked by clk)
Endpoint: sum[5] (output port clocked by clk)
Path Group: clk
Path Type: max
Corner: ff

Fanout     Cap    Slew   Delay    Time   Description
-----------------------------------------------------------------------------
                  0.00    0.00    0.00   clock clk (rise edge)
                          0.00    0.00   clock network delay (ideal)
                          0.00    0.00 v input external delay
                  0.01    0.00    0.00 v a[1] (in)
     1    0.00                           a[1] (net)
                  0.01    0.00    0.00 v input2/A (sky130_fd_sc_hs__clkbuf_2)
                  0.05    0.08    0.08 v input2/X (sky130_fd_sc_hs__clkbuf_2)
     2    0.02                           net2 (net)
                  0.05    0.00    0.08 v ppa_pre_2_0.U1.xor2/A (sky130_fd_sc_hs__xor2_4)
                  0.05    0.13    0.21 v ppa_pre_2_0.U1.xor2/X (sky130_fd_sc_hs__xor2_4)
     3    0.01                           ppa_black_3_1.U1.B (net)
                  0.05    0.00    0.21 v ppa_black_3_1.U1.and2/B (sky130_fd_sc_hs__and2_1)
                  0.02    0.06    0.27 v ppa_black_3_1.U1.and2/X (sky130_fd_sc_hs__and2_1)
     1    0.00                           ppa_black_3_1.U1.Y (net)
                  0.02    0.00    0.27 v ppa_grey_3_2.U1.ao21/A2 (sky130_fd_sc_hs__a21o_1)
                  0.05    0.12    0.40 v ppa_grey_3_2.U1.ao21/X (sky130_fd_sc_hs__a21o_1)
     5    0.02                           ppa_grey_3_2.U1.Y (net)
                  0.05    0.00    0.40 v ppa_grey_5_3.U1.ao21/A1 (sky130_fd_sc_hs__a21o_1)
                  0.03    0.09    0.49 v ppa_grey_5_3.U1.ao21/X (sky130_fd_sc_hs__a21o_1)
     1    0.01                           ppa_grey_5_3.U1.Y (net)
                  0.03    0.00    0.49 v ppa_post_5_4.U1.xor2/B (sky130_fd_sc_hs__xor2_1)
                  0.09    0.08    0.57 ^ ppa_post_5_4.U1.xor2/X (sky130_fd_sc_hs__xor2_1)
     1    0.01                           ppa_post_5_4.U1.Y (net)
                  0.09    0.00    0.57 ^ _5_/A (sky130_fd_sc_hs__buf_1)
                  0.05    0.07    0.64 ^ _5_/X (sky130_fd_sc_hs__buf_1)
     1    0.01                           net24 (net)
                  0.05    0.00    0.64 ^ output24/A (sky130_fd_sc_hs__buf_8)
                  0.04    0.07    0.71 ^ output24/X (sky130_fd_sc_hs__buf_8)
     1    0.04                           sum[5] (net)
                  0.05    0.00    0.72 ^ sum[5] (out)
                                  0.72   data arrival time

                  0.00    1.00    1.00   clock clk (rise edge)
                          0.00    1.00   clock network delay (ideal)
                         -0.25    0.75   clock uncertainty
                          0.00    0.75   clock reconvergence pessimism
                          0.00    0.75   output external delay
                                  0.75   data required time
-----------------------------------------------------------------------------
                                  0.75   data required time
                                 -0.72   data arrival time
-----------------------------------------------------------------------------
                                  0.03   slack (MET)


Startpoint: a[1] (input port clocked by clk)
Endpoint: cout (output port clocked by clk)
Path Group: clk
Path Type: max
Corner: ff

Fanout     Cap    Slew   Delay    Time   Description
-----------------------------------------------------------------------------
                  0.00    0.00    0.00   clock clk (rise edge)
                          0.00    0.00   clock network delay (ideal)
                          0.00    0.00 v input external delay
                  0.01    0.00    0.00 v a[1] (in)
     1    0.00                           a[1] (net)
                  0.01    0.00    0.00 v input2/A (sky130_fd_sc_hs__clkbuf_2)
                  0.05    0.08    0.08 v input2/X (sky130_fd_sc_hs__clkbuf_2)
     2    0.02                           net2 (net)
                  0.05    0.00    0.08 v ppa_pre_2_0.U1.xor2/A (sky130_fd_sc_hs__xor2_4)
                  0.05    0.13    0.21 v ppa_pre_2_0.U1.xor2/X (sky130_fd_sc_hs__xor2_4)
     3    0.01                           ppa_black_3_1.U1.B (net)
                  0.05    0.00    0.21 v ppa_black_3_1.U1.and2/B (sky130_fd_sc_hs__and2_1)
                  0.02    0.06    0.27 v ppa_black_3_1.U1.and2/X (sky130_fd_sc_hs__and2_1)
     1    0.00                           ppa_black_3_1.U1.Y (net)
                  0.02    0.00    0.27 v ppa_grey_3_2.U1.ao21/A2 (sky130_fd_sc_hs__a21o_1)
                  0.05    0.12    0.40 v ppa_grey_3_2.U1.ao21/X (sky130_fd_sc_hs__a21o_1)
     5    0.02                           ppa_grey_3_2.U1.Y (net)
                  0.05    0.00    0.40 v ppa_grey_7_3.U1.ao21/A1 (sky130_fd_sc_hs__a21o_1)
                  0.04    0.10    0.50 v ppa_grey_7_3.U1.ao21/X (sky130_fd_sc_hs__a21o_1)
     2    0.01                           ppa_grey_7_3.U1.Y (net)
                  0.04    0.00    0.50 v ppa_grey_cout.U1.ao21/A1 (sky130_fd_sc_hs__a21o_1)
                  0.03    0.09    0.59 v ppa_grey_cout.U1.ao21/X (sky130_fd_sc_hs__a21o_1)
     1    0.01                           net18 (net)
                  0.03    0.00    0.59 v output18/A (sky130_fd_sc_hs__clkbuf_4)
                  0.06    0.11    0.70 v output18/X (sky130_fd_sc_hs__clkbuf_4)
     1    0.04                           cout (net)
                  0.06    0.00    0.70 v cout (out)
                                  0.70   data arrival time

                  0.00    1.00    1.00   clock clk (rise edge)
                          0.00    1.00   clock network delay (ideal)
                         -0.25    0.75   clock uncertainty
                          0.00    0.75   clock reconvergence pessimism
                          0.00    0.75   output external delay
                                  0.75   data required time
-----------------------------------------------------------------------------
                                  0.75   data required time
                                 -0.70   data arrival time
-----------------------------------------------------------------------------
                                  0.05   slack (MET)


Startpoint: a[1] (input port clocked by clk)
Endpoint: sum[3] (output port clocked by clk)
Path Group: clk
Path Type: max
Corner: ff

Fanout     Cap    Slew   Delay    Time   Description
-----------------------------------------------------------------------------
                  0.00    0.00    0.00   clock clk (rise edge)
                          0.00    0.00   clock network delay (ideal)
                          0.00    0.00 v input external delay
                  0.01    0.00    0.00 v a[1] (in)
     1    0.00                           a[1] (net)
                  0.01    0.00    0.00 v input2/A (sky130_fd_sc_hs__clkbuf_2)
                  0.05    0.08    0.08 v input2/X (sky130_fd_sc_hs__clkbuf_2)
     2    0.02                           net2 (net)
                  0.05    0.00    0.08 v ppa_pre_2_0.U1.xor2/A (sky130_fd_sc_hs__xor2_4)
                  0.05    0.13    0.21 v ppa_pre_2_0.U1.xor2/X (sky130_fd_sc_hs__xor2_4)
     3    0.01                           ppa_black_3_1.U1.B (net)
                  0.05    0.00    0.21 v ppa_black_3_1.U1.and2/B (sky130_fd_sc_hs__and2_1)
                  0.02    0.06    0.27 v ppa_black_3_1.U1.and2/X (sky130_fd_sc_hs__and2_1)
     1    0.00                           ppa_black_3_1.U1.Y (net)
                  0.02    0.00    0.27 v ppa_grey_3_2.U1.ao21/A2 (sky130_fd_sc_hs__a21o_1)
                  0.05    0.12    0.40 v ppa_grey_3_2.U1.ao21/X (sky130_fd_sc_hs__a21o_1)
     5    0.02                           ppa_grey_3_2.U1.Y (net)
                  0.05    0.00    0.40 v rebuffer1/A (sky130_fd_sc_hs__dlymetal6s2s_1)
                  0.03    0.09    0.48 v rebuffer1/X (sky130_fd_sc_hs__dlymetal6s2s_1)
     1    0.01                           net27 (net)
                  0.03    0.00    0.48 v ppa_post_3_4.U1.xor2/B (sky130_fd_sc_hs__xor2_1)
                  0.04    0.07    0.55 v ppa_post_3_4.U1.xor2/X (sky130_fd_sc_hs__xor2_1)
     1    0.00                           ppa_post_3_4.U1.Y (net)
                  0.04    0.00    0.55 v _3_/A (sky130_fd_sc_hs__buf_2)
                  0.02    0.07    0.62 v _3_/X (sky130_fd_sc_hs__buf_2)
     1    0.01                           net22 (net)
                  0.02    0.00    0.62 v output22/A (sky130_fd_sc_hs__buf_8)
                  0.03    0.07    0.69 v output22/X (sky130_fd_sc_hs__buf_8)
     1    0.04                           sum[3] (net)
                  0.03    0.00    0.69 v sum[3] (out)
                                  0.69   data arrival time

                  0.00    1.00    1.00   clock clk (rise edge)
                          0.00    1.00   clock network delay (ideal)
                         -0.25    0.75   clock uncertainty
                          0.00    0.75   clock reconvergence pessimism
                          0.00    0.75   output external delay
                                  0.75   data required time
-----------------------------------------------------------------------------
                                  0.75   data required time
                                 -0.69   data arrival time
-----------------------------------------------------------------------------
                                  0.06   slack (MET)


Startpoint: b[0] (input port clocked by clk)
Endpoint: sum[1] (output port clocked by clk)
Path Group: clk
Path Type: max
Corner: ff

Fanout     Cap    Slew   Delay    Time   Description
-----------------------------------------------------------------------------
                  0.00    0.00    0.00   clock clk (rise edge)
                          0.00    0.00   clock network delay (ideal)
                          0.00    0.00 ^ input external delay
                  0.02    0.01    0.01 ^ b[0] (in)
     1    0.01                           b[0] (net)
                  0.02    0.00    0.01 ^ input9/A (sky130_fd_sc_hs__clkbuf_1)
                  0.05    0.07    0.08 ^ input9/X (sky130_fd_sc_hs__clkbuf_1)
     2    0.01                           net9 (net)
                  0.05    0.00    0.08 ^ ppa_pre_1_0.U1.xor2/B (sky130_fd_sc_hs__xor2_1)
                  0.13    0.13    0.21 ^ ppa_pre_1_0.U1.xor2/X (sky130_fd_sc_hs__xor2_1)
     2    0.01                           ppa_grey_1_1.U1.A1 (net)
                  0.13    0.00    0.21 ^ ppa_grey_1_1.U1.ao21/A2 (sky130_fd_sc_hs__a21o_1)
                  0.04    0.09    0.29 ^ ppa_grey_1_1.U1.ao21/X (sky130_fd_sc_hs__a21o_1)
     3    0.01                           ppa_grey_1_1.U1.Y (net)
                  0.04    0.00    0.29 ^ rebuffer2/A (sky130_fd_sc_hs__dlygate4sd2_1)
                  0.03    0.13    0.43 ^ rebuffer2/X (sky130_fd_sc_hs__dlygate4sd2_1)
     1    0.00                           net28 (net)
                  0.03    0.00    0.43 ^ ppa_post_1_4.U1.xor2/B (sky130_fd_sc_hs__xor2_1)
                  0.07    0.08    0.51 ^ ppa_post_1_4.U1.xor2/X (sky130_fd_sc_hs__xor2_1)
     1    0.00                           ppa_post_1_4.U1.Y (net)
                  0.07    0.00    0.51 ^ _1_/A (sky130_fd_sc_hs__clkbuf_1)
                  0.02    0.05    0.56 ^ _1_/X (sky130_fd_sc_hs__clkbuf_1)
     1    0.00                           net20 (net)
                  0.02    0.00    0.56 ^ output20/A (sky130_fd_sc_hs__clkbuf_4)
                  0.07    0.11    0.67 ^ output20/X (sky130_fd_sc_hs__clkbuf_4)
     1    0.04                           sum[1] (net)
                  0.07    0.00    0.67 ^ sum[1] (out)
                                  0.67   data arrival time

                  0.00    1.00    1.00   clock clk (rise edge)
                          0.00    1.00   clock network delay (ideal)
                         -0.25    0.75   clock uncertainty
                          0.00    0.75   clock reconvergence pessimism
                          0.00    0.75   output external delay
                                  0.75   data required time
-----------------------------------------------------------------------------
                                  0.75   data required time
                                 -0.67   data arrival time
-----------------------------------------------------------------------------
                                  0.08   slack (MET)


Startpoint: b[0] (input port clocked by clk)
Endpoint: sum[0] (output port clocked by clk)
Path Group: clk
Path Type: max
Corner: ff

Fanout     Cap    Slew   Delay    Time   Description
-----------------------------------------------------------------------------
                  0.00    0.00    0.00   clock clk (rise edge)
                          0.00    0.00   clock network delay (ideal)
                          0.00    0.00 ^ input external delay
                  0.02    0.01    0.01 ^ b[0] (in)
     1    0.01                           b[0] (net)
                  0.02    0.00    0.01 ^ input9/A (sky130_fd_sc_hs__clkbuf_1)
                  0.05    0.07    0.08 ^ input9/X (sky130_fd_sc_hs__clkbuf_1)
     2    0.01                           net9 (net)
                  0.05    0.00    0.08 ^ ppa_pre_1_0.U1.xor2/B (sky130_fd_sc_hs__xor2_1)
                  0.13    0.13    0.21 ^ ppa_pre_1_0.U1.xor2/X (sky130_fd_sc_hs__xor2_1)
     2    0.01                           ppa_grey_1_1.U1.A1 (net)
                  0.13    0.00    0.21 ^ ppa_post_0_4.U1.xor2/A (sky130_fd_sc_hs__xor2_1)
                  0.07    0.09    0.30 ^ ppa_post_0_4.U1.xor2/X (sky130_fd_sc_hs__xor2_1)
     1    0.00                           ppa_post_0_4.U1.Y (net)
                  0.07    0.00    0.30 ^ _0_/A (sky130_fd_sc_hs__clkbuf_1)
                  0.04    0.07    0.37 ^ _0_/X (sky130_fd_sc_hs__clkbuf_1)
     1    0.01                           net19 (net)
                  0.04    0.00    0.37 ^ output19/A (sky130_fd_sc_hs__clkbuf_4)
                  0.07    0.11    0.48 ^ output19/X (sky130_fd_sc_hs__clkbuf_4)
     1    0.04                           sum[0] (net)
                  0.07    0.00    0.48 ^ sum[0] (out)
                                  0.48   data arrival time

                  0.00    1.00    1.00   clock clk (rise edge)
                          0.00    1.00   clock network delay (ideal)
                         -0.25    0.75   clock uncertainty
                          0.00    0.75   clock reconvergence pessimism
                          0.00    0.75   output external delay
                                  0.75   data required time
-----------------------------------------------------------------------------
                                  0.75   data required time
                                 -0.48   data arrival time
-----------------------------------------------------------------------------
                                  0.27   slack (MET)


