
===========================================================================
report_checks -path_delay max (Setup)
============================================================================
Startpoint: b[7] (input port clocked by clk)
Endpoint: sum[15] (output port clocked by clk)
Path Group: clk
Path Type: max

Fanout     Cap    Slew   Delay    Time   Description
-----------------------------------------------------------------------------
                  0.00    0.00    0.00   clock clk (rise edge)
                          0.00    0.00   clock network delay (ideal)
                          0.00    0.00 ^ input external delay
                  0.07    0.05    0.05 ^ b[7] (in)
     3    0.02                           b[7] (net)
                  0.07    0.00    0.05 ^ _082_/A (sky130_fd_sc_hd__or2_2)
                  0.04    0.12    0.18 ^ _082_/X (sky130_fd_sc_hd__or2_2)
     1    0.01                           _033_ (net)
                  0.04    0.00    0.18 ^ _083_/B (sky130_fd_sc_hd__nand2_2)
                  0.06    0.07    0.25 v _083_/Y (sky130_fd_sc_hd__nand2_2)
     2    0.01                           _034_ (net)
                  0.06    0.00    0.25 v _086_/A (sky130_fd_sc_hd__or3_2)
                  0.10    0.53    0.78 v _086_/X (sky130_fd_sc_hd__or3_2)
     2    0.01                           _037_ (net)
                  0.10    0.00    0.78 v _105_/B (sky130_fd_sc_hd__or4b_2)
                  0.14    0.75    1.54 v _105_/X (sky130_fd_sc_hd__or4b_2)
     3    0.01                           _056_ (net)
                  0.14    0.00    1.54 v _119_/A1 (sky130_fd_sc_hd__a2111o_2)
                  0.08    0.50    2.03 v _119_/X (sky130_fd_sc_hd__a2111o_2)
     2    0.01                           _070_ (net)
                  0.08    0.00    2.03 v _125_/A1 (sky130_fd_sc_hd__a21bo_2)
                  0.05    0.23    2.27 v _125_/X (sky130_fd_sc_hd__a21bo_2)
     2    0.01                           _001_ (net)
                  0.05    0.00    2.27 v _128_/A2 (sky130_fd_sc_hd__a31o_2)
                  0.06    0.28    2.54 v _128_/X (sky130_fd_sc_hd__a31o_2)
     2    0.01                           _004_ (net)
                  0.06    0.00    2.54 v _129_/A2 (sky130_fd_sc_hd__o21a_2)
                  0.06    0.24    2.79 v _129_/X (sky130_fd_sc_hd__o21a_2)
     2    0.01                           _005_ (net)
                  0.06    0.00    2.79 v _166_/A (sky130_fd_sc_hd__xnor2_2)
                  0.61    0.54    3.32 ^ _166_/Y (sky130_fd_sc_hd__xnor2_2)
     1    0.03                           sum[15] (net)
                  0.61    0.00    3.33 ^ sum[15] (out)
                                  3.33   data arrival time

                  0.00    4.50    4.50   clock clk (rise edge)
                          0.00    4.50   clock network delay (ideal)
                         -0.25    4.25   clock uncertainty
                          0.00    4.25   clock reconvergence pessimism
                          0.00    4.25   output external delay
                                  4.25   data required time
-----------------------------------------------------------------------------
                                  4.25   data required time
                                 -3.33   data arrival time
-----------------------------------------------------------------------------
                                  0.92   slack (MET)


Startpoint: b[7] (input port clocked by clk)
Endpoint: cout (output port clocked by clk)
Path Group: clk
Path Type: max

Fanout     Cap    Slew   Delay    Time   Description
-----------------------------------------------------------------------------
                  0.00    0.00    0.00   clock clk (rise edge)
                          0.00    0.00   clock network delay (ideal)
                          0.00    0.00 ^ input external delay
                  0.07    0.05    0.05 ^ b[7] (in)
     3    0.02                           b[7] (net)
                  0.07    0.00    0.05 ^ _082_/A (sky130_fd_sc_hd__or2_2)
                  0.04    0.12    0.18 ^ _082_/X (sky130_fd_sc_hd__or2_2)
     1    0.01                           _033_ (net)
                  0.04    0.00    0.18 ^ _083_/B (sky130_fd_sc_hd__nand2_2)
                  0.06    0.07    0.25 v _083_/Y (sky130_fd_sc_hd__nand2_2)
     2    0.01                           _034_ (net)
                  0.06    0.00    0.25 v _086_/A (sky130_fd_sc_hd__or3_2)
                  0.10    0.53    0.78 v _086_/X (sky130_fd_sc_hd__or3_2)
     2    0.01                           _037_ (net)
                  0.10    0.00    0.78 v _105_/B (sky130_fd_sc_hd__or4b_2)
                  0.14    0.75    1.54 v _105_/X (sky130_fd_sc_hd__or4b_2)
     3    0.01                           _056_ (net)
                  0.14    0.00    1.54 v _119_/A1 (sky130_fd_sc_hd__a2111o_2)
                  0.08    0.50    2.03 v _119_/X (sky130_fd_sc_hd__a2111o_2)
     2    0.01                           _070_ (net)
                  0.08    0.00    2.03 v _125_/A1 (sky130_fd_sc_hd__a21bo_2)
                  0.05    0.23    2.27 v _125_/X (sky130_fd_sc_hd__a21bo_2)
     2    0.01                           _001_ (net)
                  0.05    0.00    2.27 v _128_/A2 (sky130_fd_sc_hd__a31o_2)
                  0.06    0.28    2.54 v _128_/X (sky130_fd_sc_hd__a31o_2)
     2    0.01                           _004_ (net)
                  0.06    0.00    2.54 v _129_/A2 (sky130_fd_sc_hd__o21a_2)
                  0.06    0.24    2.79 v _129_/X (sky130_fd_sc_hd__o21a_2)
     2    0.01                           _005_ (net)
                  0.06    0.00    2.79 v _131_/A2 (sky130_fd_sc_hd__o21ai_2)
                  0.43    0.38    3.17 ^ _131_/Y (sky130_fd_sc_hd__o21ai_2)
     1    0.03                           cout (net)
                  0.43    0.00    3.17 ^ cout (out)
                                  3.17   data arrival time

                  0.00    4.50    4.50   clock clk (rise edge)
                          0.00    4.50   clock network delay (ideal)
                         -0.25    4.25   clock uncertainty
                          0.00    4.25   clock reconvergence pessimism
                          0.00    4.25   output external delay
                                  4.25   data required time
-----------------------------------------------------------------------------
                                  4.25   data required time
                                 -3.17   data arrival time
-----------------------------------------------------------------------------
                                  1.08   slack (MET)


Startpoint: b[7] (input port clocked by clk)
Endpoint: sum[14] (output port clocked by clk)
Path Group: clk
Path Type: max

Fanout     Cap    Slew   Delay    Time   Description
-----------------------------------------------------------------------------
                  0.00    0.00    0.00   clock clk (rise edge)
                          0.00    0.00   clock network delay (ideal)
                          0.00    0.00 ^ input external delay
                  0.07    0.05    0.05 ^ b[7] (in)
     3    0.02                           b[7] (net)
                  0.07    0.00    0.05 ^ _082_/A (sky130_fd_sc_hd__or2_2)
                  0.04    0.12    0.18 ^ _082_/X (sky130_fd_sc_hd__or2_2)
     1    0.01                           _033_ (net)
                  0.04    0.00    0.18 ^ _083_/B (sky130_fd_sc_hd__nand2_2)
                  0.06    0.07    0.25 v _083_/Y (sky130_fd_sc_hd__nand2_2)
     2    0.01                           _034_ (net)
                  0.06    0.00    0.25 v _086_/A (sky130_fd_sc_hd__or3_2)
                  0.10    0.53    0.78 v _086_/X (sky130_fd_sc_hd__or3_2)
     2    0.01                           _037_ (net)
                  0.10    0.00    0.78 v _105_/B (sky130_fd_sc_hd__or4b_2)
                  0.14    0.75    1.54 v _105_/X (sky130_fd_sc_hd__or4b_2)
     3    0.01                           _056_ (net)
                  0.14    0.00    1.54 v _119_/A1 (sky130_fd_sc_hd__a2111o_2)
                  0.08    0.50    2.03 v _119_/X (sky130_fd_sc_hd__a2111o_2)
     2    0.01                           _070_ (net)
                  0.08    0.00    2.03 v _125_/A1 (sky130_fd_sc_hd__a21bo_2)
                  0.05    0.23    2.27 v _125_/X (sky130_fd_sc_hd__a21bo_2)
     2    0.01                           _001_ (net)
                  0.05    0.00    2.27 v _128_/A2 (sky130_fd_sc_hd__a31o_2)
                  0.06    0.28    2.54 v _128_/X (sky130_fd_sc_hd__a31o_2)
     2    0.01                           _004_ (net)
                  0.06    0.00    2.54 v _164_/B (sky130_fd_sc_hd__xor2_2)
                  0.48    0.43    2.97 ^ _164_/X (sky130_fd_sc_hd__xor2_2)
     1    0.03                           sum[14] (net)
                  0.48    0.00    2.97 ^ sum[14] (out)
                                  2.97   data arrival time

                  0.00    4.50    4.50   clock clk (rise edge)
                          0.00    4.50   clock network delay (ideal)
                         -0.25    4.25   clock uncertainty
                          0.00    4.25   clock reconvergence pessimism
                          0.00    4.25   output external delay
                                  4.25   data required time
-----------------------------------------------------------------------------
                                  4.25   data required time
                                 -2.97   data arrival time
-----------------------------------------------------------------------------
                                  1.28   slack (MET)


Startpoint: b[7] (input port clocked by clk)
Endpoint: sum[13] (output port clocked by clk)
Path Group: clk
Path Type: max

Fanout     Cap    Slew   Delay    Time   Description
-----------------------------------------------------------------------------
                  0.00    0.00    0.00   clock clk (rise edge)
                          0.00    0.00   clock network delay (ideal)
                          0.00    0.00 ^ input external delay
                  0.07    0.05    0.05 ^ b[7] (in)
     3    0.02                           b[7] (net)
                  0.07    0.00    0.05 ^ _082_/A (sky130_fd_sc_hd__or2_2)
                  0.04    0.12    0.18 ^ _082_/X (sky130_fd_sc_hd__or2_2)
     1    0.01                           _033_ (net)
                  0.04    0.00    0.18 ^ _083_/B (sky130_fd_sc_hd__nand2_2)
                  0.06    0.07    0.25 v _083_/Y (sky130_fd_sc_hd__nand2_2)
     2    0.01                           _034_ (net)
                  0.06    0.00    0.25 v _086_/A (sky130_fd_sc_hd__or3_2)
                  0.10    0.53    0.78 v _086_/X (sky130_fd_sc_hd__or3_2)
     2    0.01                           _037_ (net)
                  0.10    0.00    0.78 v _105_/B (sky130_fd_sc_hd__or4b_2)
                  0.14    0.75    1.54 v _105_/X (sky130_fd_sc_hd__or4b_2)
     3    0.01                           _056_ (net)
                  0.14    0.00    1.54 v _119_/A1 (sky130_fd_sc_hd__a2111o_2)
                  0.08    0.50    2.03 v _119_/X (sky130_fd_sc_hd__a2111o_2)
     2    0.01                           _070_ (net)
                  0.08    0.00    2.03 v _125_/A1 (sky130_fd_sc_hd__a21bo_2)
                  0.05    0.23    2.27 v _125_/X (sky130_fd_sc_hd__a21bo_2)
     2    0.01                           _001_ (net)
                  0.05    0.00    2.27 v _162_/B (sky130_fd_sc_hd__nand2_2)
                  0.07    0.08    2.35 ^ _162_/Y (sky130_fd_sc_hd__nand2_2)
     1    0.01                           _024_ (net)
                  0.07    0.00    2.35 ^ _163_/B (sky130_fd_sc_hd__xnor2_2)
                  0.55    0.25    2.60 ^ _163_/Y (sky130_fd_sc_hd__xnor2_2)
     1    0.03                           sum[13] (net)
                  0.55    0.00    2.60 ^ sum[13] (out)
                                  2.60   data arrival time

                  0.00    4.50    4.50   clock clk (rise edge)
                          0.00    4.50   clock network delay (ideal)
                         -0.25    4.25   clock uncertainty
                          0.00    4.25   clock reconvergence pessimism
                          0.00    4.25   output external delay
                                  4.25   data required time
-----------------------------------------------------------------------------
                                  4.25   data required time
                                 -2.60   data arrival time
-----------------------------------------------------------------------------
                                  1.65   slack (MET)


Startpoint: b[7] (input port clocked by clk)
Endpoint: sum[12] (output port clocked by clk)
Path Group: clk
Path Type: max

Fanout     Cap    Slew   Delay    Time   Description
-----------------------------------------------------------------------------
                  0.00    0.00    0.00   clock clk (rise edge)
                          0.00    0.00   clock network delay (ideal)
                          0.00    0.00 ^ input external delay
                  0.07    0.05    0.05 ^ b[7] (in)
     3    0.02                           b[7] (net)
                  0.07    0.00    0.05 ^ _082_/A (sky130_fd_sc_hd__or2_2)
                  0.04    0.12    0.18 ^ _082_/X (sky130_fd_sc_hd__or2_2)
     1    0.01                           _033_ (net)
                  0.04    0.00    0.18 ^ _083_/B (sky130_fd_sc_hd__nand2_2)
                  0.06    0.07    0.25 v _083_/Y (sky130_fd_sc_hd__nand2_2)
     2    0.01                           _034_ (net)
                  0.06    0.00    0.25 v _086_/A (sky130_fd_sc_hd__or3_2)
                  0.10    0.53    0.78 v _086_/X (sky130_fd_sc_hd__or3_2)
     2    0.01                           _037_ (net)
                  0.10    0.00    0.78 v _105_/B (sky130_fd_sc_hd__or4b_2)
                  0.14    0.75    1.54 v _105_/X (sky130_fd_sc_hd__or4b_2)
     3    0.01                           _056_ (net)
                  0.14    0.00    1.54 v _119_/A1 (sky130_fd_sc_hd__a2111o_2)
                  0.08    0.50    2.03 v _119_/X (sky130_fd_sc_hd__a2111o_2)
     2    0.01                           _070_ (net)
                  0.08    0.00    2.03 v _159_/A (sky130_fd_sc_hd__nand2_2)
                  0.06    0.09    2.12 ^ _159_/Y (sky130_fd_sc_hd__nand2_2)
     1    0.01                           _022_ (net)
                  0.06    0.00    2.12 ^ _160_/B (sky130_fd_sc_hd__xor2_2)
                  0.49    0.44    2.56 ^ _160_/X (sky130_fd_sc_hd__xor2_2)
     1    0.03                           sum[12] (net)
                  0.49    0.00    2.56 ^ sum[12] (out)
                                  2.56   data arrival time

                  0.00    4.50    4.50   clock clk (rise edge)
                          0.00    4.50   clock network delay (ideal)
                         -0.25    4.25   clock uncertainty
                          0.00    4.25   clock reconvergence pessimism
                          0.00    4.25   output external delay
                                  4.25   data required time
-----------------------------------------------------------------------------
                                  4.25   data required time
                                 -2.56   data arrival time
-----------------------------------------------------------------------------
                                  1.69   slack (MET)


