
===========================================================================
report_checks -unconstrained
============================================================================
Startpoint: a[0] (input port clocked by clk)
Endpoint: sum[15] (output port clocked by clk)
Path Group: clk
Path Type: max

Fanout     Cap    Slew   Delay    Time   Description
-----------------------------------------------------------------------------
                  0.00    0.00    0.00   clock clk (rise edge)
                          0.00    0.00   clock network delay (ideal)
                          0.00    0.00 v input external delay
                  0.02    0.01    0.01 v a[0] (in)
     1    0.01                           a[0] (net)
                  0.02    0.00    0.01 v input1/A (sky130_fd_sc_hd__buf_6)
                  0.02    0.10    0.11 v input1/X (sky130_fd_sc_hd__buf_6)
     2    0.01                           net1 (net)
                  0.02    0.00    0.11 v ppa_pre_1_0.U1.xor2/A (sky130_fd_sc_hd__xor2_1)
                  0.06    0.16    0.28 v ppa_pre_1_0.U1.xor2/X (sky130_fd_sc_hd__xor2_1)
     2    0.01                           ppa_grey_1_1.U1.A1 (net)
                  0.06    0.00    0.28 v ppa_grey_1_1.U1.ao21/A2 (sky130_fd_sc_hd__a21o_1)
                  0.09    0.24    0.52 v ppa_grey_1_1.U1.ao21/X (sky130_fd_sc_hd__a21o_1)
     3    0.02                           ppa_grey_1_1.U1.Y (net)
                  0.09    0.00    0.52 v ppa_grey_3_2.U1.ao21/A1 (sky130_fd_sc_hd__a21o_1)
                  0.10    0.24    0.77 v ppa_grey_3_2.U1.ao21/X (sky130_fd_sc_hd__a21o_1)
     4    0.02                           ppa_grey_3_2.U1.Y (net)
                  0.10    0.00    0.77 v ppa_grey_7_3.U1.ao21/A1 (sky130_fd_sc_hd__a21o_4)
                  0.06    0.27    1.03 v ppa_grey_7_3.U1.ao21/X (sky130_fd_sc_hd__a21o_4)
     6    0.03                           ppa_grey_10_4.U1.A0 (net)
                  0.06    0.00    1.03 v rebuffer12/A (sky130_fd_sc_hd__buf_2)
                  0.03    0.13    1.16 v rebuffer12/X (sky130_fd_sc_hd__buf_2)
     1    0.00                           net62 (net)
                  0.03    0.00    1.16 v ppa_grey_15_4.U1.ao21/A1 (sky130_fd_sc_hd__a21o_1)
                  0.06    0.18    1.35 v ppa_grey_15_4.U1.ao21/X (sky130_fd_sc_hd__a21o_1)
     2    0.01                           ppa_grey_15_4.U1.Y (net)
                  0.06    0.00    1.35 v ppa_post_15_5.U1.xor2/B (sky130_fd_sc_hd__xor2_1)
                  0.13    0.15    1.49 ^ ppa_post_15_5.U1.xor2/X (sky130_fd_sc_hd__xor2_1)
     1    0.00                           ppa_post_15_5.U1.Y (net)
                  0.13    0.00    1.49 ^ _15_/A (sky130_fd_sc_hd__clkbuf_2)
                  0.08    0.17    1.66 ^ _15_/X (sky130_fd_sc_hd__clkbuf_2)
     1    0.01                           net41 (net)
                  0.08    0.00    1.67 ^ output41/A (sky130_fd_sc_hd__buf_6)
                  0.08    0.15    1.81 ^ output41/X (sky130_fd_sc_hd__buf_6)
     1    0.03                           sum[15] (net)
                  0.08    0.00    1.81 ^ sum[15] (out)
                                  1.81   data arrival time

                  0.00    1.25    1.25   clock clk (rise edge)
                          0.00    1.25   clock network delay (ideal)
                         -0.25    1.00   clock uncertainty
                          0.00    1.00   clock reconvergence pessimism
                          0.00    1.00   output external delay
                                  1.00   data required time
-----------------------------------------------------------------------------
                                  1.00   data required time
                                 -1.81   data arrival time
-----------------------------------------------------------------------------
                                 -0.81   slack (VIOLATED)



===========================================================================
report_checks --slack_max -0.01
============================================================================
Startpoint: a[0] (input port clocked by clk)
Endpoint: sum[15] (output port clocked by clk)
Path Group: clk
Path Type: max

Fanout     Cap    Slew   Delay    Time   Description
-----------------------------------------------------------------------------
                  0.00    0.00    0.00   clock clk (rise edge)
                          0.00    0.00   clock network delay (ideal)
                          0.00    0.00 v input external delay
                  0.02    0.01    0.01 v a[0] (in)
     1    0.01                           a[0] (net)
                  0.02    0.00    0.01 v input1/A (sky130_fd_sc_hd__buf_6)
                  0.02    0.10    0.11 v input1/X (sky130_fd_sc_hd__buf_6)
     2    0.01                           net1 (net)
                  0.02    0.00    0.11 v ppa_pre_1_0.U1.xor2/A (sky130_fd_sc_hd__xor2_1)
                  0.06    0.16    0.28 v ppa_pre_1_0.U1.xor2/X (sky130_fd_sc_hd__xor2_1)
     2    0.01                           ppa_grey_1_1.U1.A1 (net)
                  0.06    0.00    0.28 v ppa_grey_1_1.U1.ao21/A2 (sky130_fd_sc_hd__a21o_1)
                  0.09    0.24    0.52 v ppa_grey_1_1.U1.ao21/X (sky130_fd_sc_hd__a21o_1)
     3    0.02                           ppa_grey_1_1.U1.Y (net)
                  0.09    0.00    0.52 v ppa_grey_3_2.U1.ao21/A1 (sky130_fd_sc_hd__a21o_1)
                  0.10    0.24    0.77 v ppa_grey_3_2.U1.ao21/X (sky130_fd_sc_hd__a21o_1)
     4    0.02                           ppa_grey_3_2.U1.Y (net)
                  0.10    0.00    0.77 v ppa_grey_7_3.U1.ao21/A1 (sky130_fd_sc_hd__a21o_4)
                  0.06    0.27    1.03 v ppa_grey_7_3.U1.ao21/X (sky130_fd_sc_hd__a21o_4)
     6    0.03                           ppa_grey_10_4.U1.A0 (net)
                  0.06    0.00    1.03 v rebuffer12/A (sky130_fd_sc_hd__buf_2)
                  0.03    0.13    1.16 v rebuffer12/X (sky130_fd_sc_hd__buf_2)
     1    0.00                           net62 (net)
                  0.03    0.00    1.16 v ppa_grey_15_4.U1.ao21/A1 (sky130_fd_sc_hd__a21o_1)
                  0.06    0.18    1.35 v ppa_grey_15_4.U1.ao21/X (sky130_fd_sc_hd__a21o_1)
     2    0.01                           ppa_grey_15_4.U1.Y (net)
                  0.06    0.00    1.35 v ppa_post_15_5.U1.xor2/B (sky130_fd_sc_hd__xor2_1)
                  0.13    0.15    1.49 ^ ppa_post_15_5.U1.xor2/X (sky130_fd_sc_hd__xor2_1)
     1    0.00                           ppa_post_15_5.U1.Y (net)
                  0.13    0.00    1.49 ^ _15_/A (sky130_fd_sc_hd__clkbuf_2)
                  0.08    0.17    1.66 ^ _15_/X (sky130_fd_sc_hd__clkbuf_2)
     1    0.01                           net41 (net)
                  0.08    0.00    1.67 ^ output41/A (sky130_fd_sc_hd__buf_6)
                  0.08    0.15    1.81 ^ output41/X (sky130_fd_sc_hd__buf_6)
     1    0.03                           sum[15] (net)
                  0.08    0.00    1.81 ^ sum[15] (out)
                                  1.81   data arrival time

                  0.00    1.25    1.25   clock clk (rise edge)
                          0.00    1.25   clock network delay (ideal)
                         -0.25    1.00   clock uncertainty
                          0.00    1.00   clock reconvergence pessimism
                          0.00    1.00   output external delay
                                  1.00   data required time
-----------------------------------------------------------------------------
                                  1.00   data required time
                                 -1.81   data arrival time
-----------------------------------------------------------------------------
                                 -0.81   slack (VIOLATED)


