
===========================================================================
report_checks -path_delay max (Setup)
============================================================================
Startpoint: b[0] (input port clocked by clk)
Endpoint: sum[17] (output port clocked by clk)
Path Group: clk
Path Type: max

Fanout     Cap    Slew   Delay    Time   Description
-----------------------------------------------------------------------------
                  0.00    0.00    0.00   clock clk (rise edge)
                          0.00    0.00   clock network delay (ideal)
                          0.00    0.00 ^ input external delay
                  0.08    0.05    0.05 ^ b[0] (in)
     2    0.02                           b[0] (net)
                  0.08    0.00    0.05 ^ ppa_pre_1_0.U1.xor2/B (sky130_fd_sc_hd__xor2_1)
                  0.20    0.21    0.27 ^ ppa_pre_1_0.U1.xor2/X (sky130_fd_sc_hd__xor2_1)
     2    0.01                           ppa_grey_1_1.U1.A1 (net)
                  0.20    0.00    0.27 ^ ppa_grey_1_1.U1.ao21/A2 (sky130_fd_sc_hd__a21o_1)
                  0.13    0.22    0.49 ^ ppa_grey_1_1.U1.ao21/X (sky130_fd_sc_hd__a21o_1)
     3    0.01                           ppa_grey_1_1.U1.Y (net)
                  0.13    0.00    0.49 ^ ppa_grey_3_2.U1.ao21/A1 (sky130_fd_sc_hd__a21o_1)
                  0.19    0.25    0.74 ^ ppa_grey_3_2.U1.ao21/X (sky130_fd_sc_hd__a21o_1)
     5    0.02                           ppa_grey_3_2.U1.Y (net)
                  0.19    0.00    0.74 ^ ppa_grey_7_3.U1.ao21/A1 (sky130_fd_sc_hd__a21o_1)
                  0.29    0.34    1.08 ^ ppa_grey_7_3.U1.ao21/X (sky130_fd_sc_hd__a21o_1)
     9    0.03                           ppa_grey_10_4.U1.A0 (net)
                  0.29    0.00    1.08 ^ ppa_grey_15_4.U1.ao21/A1 (sky130_fd_sc_hd__a21o_1)
                  0.53    0.53    1.61 ^ ppa_grey_15_4.U1.ao21/X (sky130_fd_sc_hd__a21o_1)
    17    0.06                           ppa_grey_15_4.U1.Y (net)
                  0.53    0.00    1.61 ^ ppa_grey_17_5.U1.ao21/A1 (sky130_fd_sc_hd__a21o_1)
                  0.06    0.20    1.81 ^ ppa_grey_17_5.U1.ao21/X (sky130_fd_sc_hd__a21o_1)
     1    0.00                           ppa_grey_17_5.U1.Y (net)
                  0.06    0.00    1.81 ^ ppa_post_17_6.U1.xor2/B (sky130_fd_sc_hd__xor2_1)
                  0.26    0.26    2.08 ^ ppa_post_17_6.U1.xor2/X (sky130_fd_sc_hd__xor2_1)
     1    0.01                           ppa_post_17_6.U1.Y (net)
                  0.26    0.00    2.08 ^ _26_/A (sky130_fd_sc_hd__buf_2)
                  0.17    0.28    2.36 ^ _26_/X (sky130_fd_sc_hd__buf_2)
     1    0.03                           sum[17] (net)
                  0.17    0.00    2.36 ^ sum[17] (out)
                                  2.36   data arrival time

                  0.00    2.00    2.00   clock clk (rise edge)
                          0.00    2.00   clock network delay (ideal)
                         -0.25    1.75   clock uncertainty
                          0.00    1.75   clock reconvergence pessimism
                          0.00    1.75   output external delay
                                  1.75   data required time
-----------------------------------------------------------------------------
                                  1.75   data required time
                                 -2.36   data arrival time
-----------------------------------------------------------------------------
                                 -0.61   slack (VIOLATED)


Startpoint: b[0] (input port clocked by clk)
Endpoint: sum[24] (output port clocked by clk)
Path Group: clk
Path Type: max

Fanout     Cap    Slew   Delay    Time   Description
-----------------------------------------------------------------------------
                  0.00    0.00    0.00   clock clk (rise edge)
                          0.00    0.00   clock network delay (ideal)
                          0.00    0.00 ^ input external delay
                  0.08    0.05    0.05 ^ b[0] (in)
     2    0.02                           b[0] (net)
                  0.08    0.00    0.05 ^ ppa_pre_1_0.U1.xor2/B (sky130_fd_sc_hd__xor2_1)
                  0.20    0.21    0.27 ^ ppa_pre_1_0.U1.xor2/X (sky130_fd_sc_hd__xor2_1)
     2    0.01                           ppa_grey_1_1.U1.A1 (net)
                  0.20    0.00    0.27 ^ ppa_grey_1_1.U1.ao21/A2 (sky130_fd_sc_hd__a21o_1)
                  0.13    0.22    0.49 ^ ppa_grey_1_1.U1.ao21/X (sky130_fd_sc_hd__a21o_1)
     3    0.01                           ppa_grey_1_1.U1.Y (net)
                  0.13    0.00    0.49 ^ ppa_grey_3_2.U1.ao21/A1 (sky130_fd_sc_hd__a21o_1)
                  0.19    0.25    0.74 ^ ppa_grey_3_2.U1.ao21/X (sky130_fd_sc_hd__a21o_1)
     5    0.02                           ppa_grey_3_2.U1.Y (net)
                  0.19    0.00    0.74 ^ ppa_grey_7_3.U1.ao21/A1 (sky130_fd_sc_hd__a21o_1)
                  0.29    0.34    1.08 ^ ppa_grey_7_3.U1.ao21/X (sky130_fd_sc_hd__a21o_1)
     9    0.03                           ppa_grey_10_4.U1.A0 (net)
                  0.29    0.00    1.08 ^ ppa_grey_15_4.U1.ao21/A1 (sky130_fd_sc_hd__a21o_1)
                  0.53    0.53    1.61 ^ ppa_grey_15_4.U1.ao21/X (sky130_fd_sc_hd__a21o_1)
    17    0.06                           ppa_grey_15_4.U1.Y (net)
                  0.53    0.00    1.61 ^ ppa_grey_24_5.U1.ao21/A1 (sky130_fd_sc_hd__a21o_1)
                  0.06    0.20    1.81 ^ ppa_grey_24_5.U1.ao21/X (sky130_fd_sc_hd__a21o_1)
     1    0.00                           ppa_grey_24_5.U1.Y (net)
                  0.06    0.00    1.81 ^ ppa_post_24_6.U1.xor2/B (sky130_fd_sc_hd__xor2_1)
                  0.22    0.23    2.05 ^ ppa_post_24_6.U1.xor2/X (sky130_fd_sc_hd__xor2_1)
     1    0.01                           ppa_post_24_6.U1.Y (net)
                  0.22    0.00    2.05 ^ _01_/A (sky130_fd_sc_hd__buf_2)
                  0.20    0.29    2.34 ^ _01_/X (sky130_fd_sc_hd__buf_2)
     1    0.03                           sum[24] (net)
                  0.20    0.00    2.34 ^ sum[24] (out)
                                  2.34   data arrival time

                  0.00    2.00    2.00   clock clk (rise edge)
                          0.00    2.00   clock network delay (ideal)
                         -0.25    1.75   clock uncertainty
                          0.00    1.75   clock reconvergence pessimism
                          0.00    1.75   output external delay
                                  1.75   data required time
-----------------------------------------------------------------------------
                                  1.75   data required time
                                 -2.34   data arrival time
-----------------------------------------------------------------------------
                                 -0.59   slack (VIOLATED)


Startpoint: b[0] (input port clocked by clk)
Endpoint: sum[31] (output port clocked by clk)
Path Group: clk
Path Type: max

Fanout     Cap    Slew   Delay    Time   Description
-----------------------------------------------------------------------------
                  0.00    0.00    0.00   clock clk (rise edge)
                          0.00    0.00   clock network delay (ideal)
                          0.00    0.00 ^ input external delay
                  0.08    0.05    0.05 ^ b[0] (in)
     2    0.02                           b[0] (net)
                  0.08    0.00    0.05 ^ ppa_pre_1_0.U1.xor2/B (sky130_fd_sc_hd__xor2_1)
                  0.20    0.21    0.27 ^ ppa_pre_1_0.U1.xor2/X (sky130_fd_sc_hd__xor2_1)
     2    0.01                           ppa_grey_1_1.U1.A1 (net)
                  0.20    0.00    0.27 ^ ppa_grey_1_1.U1.ao21/A2 (sky130_fd_sc_hd__a21o_1)
                  0.13    0.22    0.49 ^ ppa_grey_1_1.U1.ao21/X (sky130_fd_sc_hd__a21o_1)
     3    0.01                           ppa_grey_1_1.U1.Y (net)
                  0.13    0.00    0.49 ^ ppa_grey_3_2.U1.ao21/A1 (sky130_fd_sc_hd__a21o_1)
                  0.19    0.25    0.74 ^ ppa_grey_3_2.U1.ao21/X (sky130_fd_sc_hd__a21o_1)
     5    0.02                           ppa_grey_3_2.U1.Y (net)
                  0.19    0.00    0.74 ^ ppa_grey_7_3.U1.ao21/A1 (sky130_fd_sc_hd__a21o_1)
                  0.29    0.34    1.08 ^ ppa_grey_7_3.U1.ao21/X (sky130_fd_sc_hd__a21o_1)
     9    0.03                           ppa_grey_10_4.U1.A0 (net)
                  0.29    0.00    1.08 ^ ppa_grey_15_4.U1.ao21/A1 (sky130_fd_sc_hd__a21o_1)
                  0.53    0.53    1.61 ^ ppa_grey_15_4.U1.ao21/X (sky130_fd_sc_hd__a21o_1)
    17    0.06                           ppa_grey_15_4.U1.Y (net)
                  0.53    0.00    1.61 ^ ppa_grey_31_5.U1.ao21/A1 (sky130_fd_sc_hd__a21o_1)
                  0.14    0.27    1.88 ^ ppa_grey_31_5.U1.ao21/X (sky130_fd_sc_hd__a21o_1)
     2    0.01                           ppa_grey_31_5.U1.Y (net)
                  0.14    0.00    1.88 ^ ppa_post_31_6.U1.xor2/B (sky130_fd_sc_hd__xor2_1)
                  0.11    0.16    2.04 ^ ppa_post_31_6.U1.xor2/X (sky130_fd_sc_hd__xor2_1)
     1    0.00                           ppa_post_31_6.U1.Y (net)
                  0.11    0.00    2.04 ^ _08_/A (sky130_fd_sc_hd__buf_2)
                  0.21    0.26    2.30 ^ _08_/X (sky130_fd_sc_hd__buf_2)
     1    0.03                           sum[31] (net)
                  0.21    0.00    2.30 ^ sum[31] (out)
                                  2.30   data arrival time

                  0.00    2.00    2.00   clock clk (rise edge)
                          0.00    2.00   clock network delay (ideal)
                         -0.25    1.75   clock uncertainty
                          0.00    1.75   clock reconvergence pessimism
                          0.00    1.75   output external delay
                                  1.75   data required time
-----------------------------------------------------------------------------
                                  1.75   data required time
                                 -2.30   data arrival time
-----------------------------------------------------------------------------
                                 -0.55   slack (VIOLATED)


Startpoint: b[0] (input port clocked by clk)
Endpoint: sum[19] (output port clocked by clk)
Path Group: clk
Path Type: max

Fanout     Cap    Slew   Delay    Time   Description
-----------------------------------------------------------------------------
                  0.00    0.00    0.00   clock clk (rise edge)
                          0.00    0.00   clock network delay (ideal)
                          0.00    0.00 ^ input external delay
                  0.08    0.05    0.05 ^ b[0] (in)
     2    0.02                           b[0] (net)
                  0.08    0.00    0.05 ^ ppa_pre_1_0.U1.xor2/B (sky130_fd_sc_hd__xor2_1)
                  0.20    0.21    0.27 ^ ppa_pre_1_0.U1.xor2/X (sky130_fd_sc_hd__xor2_1)
     2    0.01                           ppa_grey_1_1.U1.A1 (net)
                  0.20    0.00    0.27 ^ ppa_grey_1_1.U1.ao21/A2 (sky130_fd_sc_hd__a21o_1)
                  0.13    0.22    0.49 ^ ppa_grey_1_1.U1.ao21/X (sky130_fd_sc_hd__a21o_1)
     3    0.01                           ppa_grey_1_1.U1.Y (net)
                  0.13    0.00    0.49 ^ ppa_grey_3_2.U1.ao21/A1 (sky130_fd_sc_hd__a21o_1)
                  0.19    0.25    0.74 ^ ppa_grey_3_2.U1.ao21/X (sky130_fd_sc_hd__a21o_1)
     5    0.02                           ppa_grey_3_2.U1.Y (net)
                  0.19    0.00    0.74 ^ ppa_grey_7_3.U1.ao21/A1 (sky130_fd_sc_hd__a21o_1)
                  0.29    0.34    1.08 ^ ppa_grey_7_3.U1.ao21/X (sky130_fd_sc_hd__a21o_1)
     9    0.03                           ppa_grey_10_4.U1.A0 (net)
                  0.29    0.00    1.08 ^ ppa_grey_15_4.U1.ao21/A1 (sky130_fd_sc_hd__a21o_1)
                  0.53    0.53    1.61 ^ ppa_grey_15_4.U1.ao21/X (sky130_fd_sc_hd__a21o_1)
    17    0.06                           ppa_grey_15_4.U1.Y (net)
                  0.53    0.00    1.61 ^ ppa_grey_19_5.U1.ao21/A1 (sky130_fd_sc_hd__a21o_1)
                  0.06    0.20    1.81 ^ ppa_grey_19_5.U1.ao21/X (sky130_fd_sc_hd__a21o_1)
     1    0.00                           ppa_grey_19_5.U1.Y (net)
                  0.06    0.00    1.81 ^ ppa_post_19_6.U1.xor2/B (sky130_fd_sc_hd__xor2_1)
                  0.19    0.21    2.02 ^ ppa_post_19_6.U1.xor2/X (sky130_fd_sc_hd__xor2_1)
     1    0.01                           ppa_post_19_6.U1.Y (net)
                  0.19    0.00    2.02 ^ _28_/A (sky130_fd_sc_hd__buf_2)
                  0.18    0.27    2.29 ^ _28_/X (sky130_fd_sc_hd__buf_2)
     1    0.03                           sum[19] (net)
                  0.18    0.00    2.29 ^ sum[19] (out)
                                  2.29   data arrival time

                  0.00    2.00    2.00   clock clk (rise edge)
                          0.00    2.00   clock network delay (ideal)
                         -0.25    1.75   clock uncertainty
                          0.00    1.75   clock reconvergence pessimism
                          0.00    1.75   output external delay
                                  1.75   data required time
-----------------------------------------------------------------------------
                                  1.75   data required time
                                 -2.29   data arrival time
-----------------------------------------------------------------------------
                                 -0.54   slack (VIOLATED)


Startpoint: b[0] (input port clocked by clk)
Endpoint: sum[25] (output port clocked by clk)
Path Group: clk
Path Type: max

Fanout     Cap    Slew   Delay    Time   Description
-----------------------------------------------------------------------------
                  0.00    0.00    0.00   clock clk (rise edge)
                          0.00    0.00   clock network delay (ideal)
                          0.00    0.00 ^ input external delay
                  0.08    0.05    0.05 ^ b[0] (in)
     2    0.02                           b[0] (net)
                  0.08    0.00    0.05 ^ ppa_pre_1_0.U1.xor2/B (sky130_fd_sc_hd__xor2_1)
                  0.20    0.21    0.27 ^ ppa_pre_1_0.U1.xor2/X (sky130_fd_sc_hd__xor2_1)
     2    0.01                           ppa_grey_1_1.U1.A1 (net)
                  0.20    0.00    0.27 ^ ppa_grey_1_1.U1.ao21/A2 (sky130_fd_sc_hd__a21o_1)
                  0.13    0.22    0.49 ^ ppa_grey_1_1.U1.ao21/X (sky130_fd_sc_hd__a21o_1)
     3    0.01                           ppa_grey_1_1.U1.Y (net)
                  0.13    0.00    0.49 ^ ppa_grey_3_2.U1.ao21/A1 (sky130_fd_sc_hd__a21o_1)
                  0.19    0.25    0.74 ^ ppa_grey_3_2.U1.ao21/X (sky130_fd_sc_hd__a21o_1)
     5    0.02                           ppa_grey_3_2.U1.Y (net)
                  0.19    0.00    0.74 ^ ppa_grey_7_3.U1.ao21/A1 (sky130_fd_sc_hd__a21o_1)
                  0.29    0.34    1.08 ^ ppa_grey_7_3.U1.ao21/X (sky130_fd_sc_hd__a21o_1)
     9    0.03                           ppa_grey_10_4.U1.A0 (net)
                  0.29    0.00    1.08 ^ ppa_grey_15_4.U1.ao21/A1 (sky130_fd_sc_hd__a21o_1)
                  0.53    0.53    1.61 ^ ppa_grey_15_4.U1.ao21/X (sky130_fd_sc_hd__a21o_1)
    17    0.06                           ppa_grey_15_4.U1.Y (net)
                  0.53    0.00    1.61 ^ ppa_grey_25_5.U1.ao21/A1 (sky130_fd_sc_hd__a21o_1)
                  0.06    0.20    1.81 ^ ppa_grey_25_5.U1.ao21/X (sky130_fd_sc_hd__a21o_1)
     1    0.00                           ppa_grey_25_5.U1.Y (net)
                  0.06    0.00    1.81 ^ ppa_post_25_6.U1.xor2/B (sky130_fd_sc_hd__xor2_1)
                  0.18    0.21    2.02 ^ ppa_post_25_6.U1.xor2/X (sky130_fd_sc_hd__xor2_1)
     1    0.01                           ppa_post_25_6.U1.Y (net)
                  0.18    0.00    2.02 ^ _02_/A (sky130_fd_sc_hd__buf_2)
                  0.18    0.26    2.28 ^ _02_/X (sky130_fd_sc_hd__buf_2)
     1    0.03                           sum[25] (net)
                  0.18    0.00    2.28 ^ sum[25] (out)
                                  2.28   data arrival time

                  0.00    2.00    2.00   clock clk (rise edge)
                          0.00    2.00   clock network delay (ideal)
                         -0.25    1.75   clock uncertainty
                          0.00    1.75   clock reconvergence pessimism
                          0.00    1.75   output external delay
                                  1.75   data required time
-----------------------------------------------------------------------------
                                  1.75   data required time
                                 -2.28   data arrival time
-----------------------------------------------------------------------------
                                 -0.53   slack (VIOLATED)


