
===========================================================================
report_checks -unconstrained
============================================================================
Startpoint: b[0] (input port clocked by clk)
Endpoint: sum[31] (output port clocked by clk)
Path Group: clk
Path Type: max

Fanout     Cap    Slew   Delay    Time   Description
-----------------------------------------------------------------------------
                  0.00    0.00    0.00   clock clk (rise edge)
                          0.00    0.00   clock network delay (ideal)
                          0.00    0.00 ^ input external delay
                  0.09    0.06    0.06 ^ b[0] (in)
     2    0.02                           b[0] (net)
                  0.09    0.00    0.06 ^ ppa_pre_1_0.U1.xor2/B (sky130_fd_sc_hd__xor2_1)
                  0.20    0.22    0.28 ^ ppa_pre_1_0.U1.xor2/X (sky130_fd_sc_hd__xor2_1)
     2    0.01                           ppa_grey_1_1.U1.A1 (net)
                  0.20    0.00    0.28 ^ ppa_grey_1_1.U1.ao21/A2 (sky130_fd_sc_hd__a21o_1)
                  0.10    0.20    0.48 ^ ppa_grey_1_1.U1.ao21/X (sky130_fd_sc_hd__a21o_1)
     3    0.01                           ppa_grey_1_1.U1.Y (net)
                  0.10    0.00    0.48 ^ ppa_grey_3_2.U1.ao21/A1 (sky130_fd_sc_hd__a21o_1)
                  0.16    0.22    0.70 ^ ppa_grey_3_2.U1.ao21/X (sky130_fd_sc_hd__a21o_1)
     5    0.02                           ppa_grey_3_2.U1.Y (net)
                  0.16    0.00    0.70 ^ ppa_grey_7_3.U1.ao21/A1 (sky130_fd_sc_hd__a21o_1)
                  0.30    0.34    1.04 ^ ppa_grey_7_3.U1.ao21/X (sky130_fd_sc_hd__a21o_1)
     9    0.04                           ppa_grey_10_4.U1.A0 (net)
                  0.30    0.00    1.04 ^ ppa_grey_15_4.U1.ao21/A1 (sky130_fd_sc_hd__a21o_1)
                  0.57    0.56    1.60 ^ ppa_grey_15_4.U1.ao21/X (sky130_fd_sc_hd__a21o_1)
    17    0.07                           ppa_grey_15_4.U1.Y (net)
                  0.57    0.00    1.60 ^ ppa_grey_31_5.U1.ao21/A1 (sky130_fd_sc_hd__a21o_1)
                  0.11    0.25    1.85 ^ ppa_grey_31_5.U1.ao21/X (sky130_fd_sc_hd__a21o_1)
     2    0.01                           ppa_grey_31_5.U1.Y (net)
                  0.11    0.00    1.85 ^ ppa_post_31_6.U1.xor2/B (sky130_fd_sc_hd__xor2_1)
                  0.24    0.26    2.12 ^ ppa_post_31_6.U1.xor2/X (sky130_fd_sc_hd__xor2_1)
     1    0.01                           ppa_post_31_6.U1.Y (net)
                  0.24    0.00    2.12 ^ _08_/A (sky130_fd_sc_hd__buf_2)
                  0.18    0.28    2.39 ^ _08_/X (sky130_fd_sc_hd__buf_2)
     1    0.03                           sum[31] (net)
                  0.18    0.00    2.39 ^ sum[31] (out)
                                  2.39   data arrival time

                  0.00    1.00    1.00   clock clk (rise edge)
                          0.00    1.00   clock network delay (ideal)
                         -0.25    0.75   clock uncertainty
                          0.00    0.75   clock reconvergence pessimism
                          0.00    0.75   output external delay
                                  0.75   data required time
-----------------------------------------------------------------------------
                                  0.75   data required time
                                 -2.39   data arrival time
-----------------------------------------------------------------------------
                                 -1.64   slack (VIOLATED)



===========================================================================
report_checks --slack_max -0.01
============================================================================
Startpoint: b[0] (input port clocked by clk)
Endpoint: sum[31] (output port clocked by clk)
Path Group: clk
Path Type: max

Fanout     Cap    Slew   Delay    Time   Description
-----------------------------------------------------------------------------
                  0.00    0.00    0.00   clock clk (rise edge)
                          0.00    0.00   clock network delay (ideal)
                          0.00    0.00 ^ input external delay
                  0.09    0.06    0.06 ^ b[0] (in)
     2    0.02                           b[0] (net)
                  0.09    0.00    0.06 ^ ppa_pre_1_0.U1.xor2/B (sky130_fd_sc_hd__xor2_1)
                  0.20    0.22    0.28 ^ ppa_pre_1_0.U1.xor2/X (sky130_fd_sc_hd__xor2_1)
     2    0.01                           ppa_grey_1_1.U1.A1 (net)
                  0.20    0.00    0.28 ^ ppa_grey_1_1.U1.ao21/A2 (sky130_fd_sc_hd__a21o_1)
                  0.10    0.20    0.48 ^ ppa_grey_1_1.U1.ao21/X (sky130_fd_sc_hd__a21o_1)
     3    0.01                           ppa_grey_1_1.U1.Y (net)
                  0.10    0.00    0.48 ^ ppa_grey_3_2.U1.ao21/A1 (sky130_fd_sc_hd__a21o_1)
                  0.16    0.22    0.70 ^ ppa_grey_3_2.U1.ao21/X (sky130_fd_sc_hd__a21o_1)
     5    0.02                           ppa_grey_3_2.U1.Y (net)
                  0.16    0.00    0.70 ^ ppa_grey_7_3.U1.ao21/A1 (sky130_fd_sc_hd__a21o_1)
                  0.30    0.34    1.04 ^ ppa_grey_7_3.U1.ao21/X (sky130_fd_sc_hd__a21o_1)
     9    0.04                           ppa_grey_10_4.U1.A0 (net)
                  0.30    0.00    1.04 ^ ppa_grey_15_4.U1.ao21/A1 (sky130_fd_sc_hd__a21o_1)
                  0.57    0.56    1.60 ^ ppa_grey_15_4.U1.ao21/X (sky130_fd_sc_hd__a21o_1)
    17    0.07                           ppa_grey_15_4.U1.Y (net)
                  0.57    0.00    1.60 ^ ppa_grey_31_5.U1.ao21/A1 (sky130_fd_sc_hd__a21o_1)
                  0.11    0.25    1.85 ^ ppa_grey_31_5.U1.ao21/X (sky130_fd_sc_hd__a21o_1)
     2    0.01                           ppa_grey_31_5.U1.Y (net)
                  0.11    0.00    1.85 ^ ppa_post_31_6.U1.xor2/B (sky130_fd_sc_hd__xor2_1)
                  0.24    0.26    2.12 ^ ppa_post_31_6.U1.xor2/X (sky130_fd_sc_hd__xor2_1)
     1    0.01                           ppa_post_31_6.U1.Y (net)
                  0.24    0.00    2.12 ^ _08_/A (sky130_fd_sc_hd__buf_2)
                  0.18    0.28    2.39 ^ _08_/X (sky130_fd_sc_hd__buf_2)
     1    0.03                           sum[31] (net)
                  0.18    0.00    2.39 ^ sum[31] (out)
                                  2.39   data arrival time

                  0.00    1.00    1.00   clock clk (rise edge)
                          0.00    1.00   clock network delay (ideal)
                         -0.25    0.75   clock uncertainty
                          0.00    0.75   clock reconvergence pessimism
                          0.00    0.75   output external delay
                                  0.75   data required time
-----------------------------------------------------------------------------
                                  0.75   data required time
                                 -2.39   data arrival time
-----------------------------------------------------------------------------
                                 -1.64   slack (VIOLATED)


