
===========================================================================
report_checks -unconstrained
============================================================================
Startpoint: b[0] (input port clocked by clk)
Endpoint: sum[31] (output port clocked by clk)
Path Group: clk
Path Type: max

Fanout     Cap    Slew   Delay    Time   Description
-----------------------------------------------------------------------------
                  0.00    0.00    0.00   clock clk (rise edge)
                          0.00    0.00   clock network delay (ideal)
                          0.00    0.00 v input external delay
                  0.01    0.01    0.01 v b[0] (in)
     1    0.00                           b[0] (net)
                  0.01    0.00    0.01 v input33/A (sky130_fd_sc_hd__dlymetal6s2s_1)
                  0.09    0.18    0.19 v input33/X (sky130_fd_sc_hd__dlymetal6s2s_1)
     2    0.02                           net33 (net)
                  0.09    0.00    0.19 v ppa_pre_1_0.U1.xor2/B (sky130_fd_sc_hd__xor2_1)
                  0.09    0.18    0.37 v ppa_pre_1_0.U1.xor2/X (sky130_fd_sc_hd__xor2_1)
     2    0.01                           ppa_grey_1_1.U1.A1 (net)
                  0.09    0.00    0.37 v ppa_grey_1_1.U1.ao21/A2 (sky130_fd_sc_hd__a21o_1)
                  0.06    0.23    0.60 v ppa_grey_1_1.U1.ao21/X (sky130_fd_sc_hd__a21o_1)
     3    0.01                           ppa_grey_1_1.U1.Y (net)
                  0.06    0.00    0.60 v ppa_grey_3_2.U1.ao21/A1 (sky130_fd_sc_hd__a21o_1)
                  0.09    0.23    0.83 v ppa_grey_3_2.U1.ao21/X (sky130_fd_sc_hd__a21o_1)
     5    0.02                           ppa_grey_3_2.U1.Y (net)
                  0.09    0.00    0.83 v ppa_grey_7_3.U1.ao21/A1 (sky130_fd_sc_hd__a21o_2)
                  0.11    0.30    1.13 v ppa_grey_7_3.U1.ao21/X (sky130_fd_sc_hd__a21o_2)
     9    0.04                           ppa_grey_10_4.U1.A0 (net)
                  0.11    0.00    1.13 v ppa_grey_15_4.U1.ao21/A1 (sky130_fd_sc_hd__a21o_4)
                  0.10    0.32    1.45 v ppa_grey_15_4.U1.ao21/X (sky130_fd_sc_hd__a21o_4)
    17    0.07                           ppa_grey_15_4.U1.Y (net)
                  0.10    0.00    1.45 v ppa_grey_31_5.U1.ao21/A1 (sky130_fd_sc_hd__a21o_1)
                  0.07    0.22    1.68 v ppa_grey_31_5.U1.ao21/X (sky130_fd_sc_hd__a21o_1)
     2    0.01                           ppa_grey_31_5.U1.Y (net)
                  0.07    0.00    1.68 v ppa_post_31_6.U1.xor2/B (sky130_fd_sc_hd__xor2_1)
                  0.24    0.24    1.92 ^ ppa_post_31_6.U1.xor2/X (sky130_fd_sc_hd__xor2_1)
     1    0.01                           ppa_post_31_6.U1.Y (net)
                  0.24    0.00    1.92 ^ _08_/A (sky130_fd_sc_hd__clkbuf_1)
                  0.04    0.12    2.04 ^ _08_/X (sky130_fd_sc_hd__clkbuf_1)
     1    0.00                           net91 (net)
                  0.04    0.00    2.04 ^ output91/A (sky130_fd_sc_hd__buf_2)
                  0.18    0.21    2.25 ^ output91/X (sky130_fd_sc_hd__buf_2)
     1    0.03                           sum[31] (net)
                  0.18    0.00    2.26 ^ sum[31] (out)
                                  2.26   data arrival time

                  0.00    1.00    1.00   clock clk (rise edge)
                          0.00    1.00   clock network delay (ideal)
                         -0.25    0.75   clock uncertainty
                          0.00    0.75   clock reconvergence pessimism
                          0.00    0.75   output external delay
                                  0.75   data required time
-----------------------------------------------------------------------------
                                  0.75   data required time
                                 -2.26   data arrival time
-----------------------------------------------------------------------------
                                 -1.51   slack (VIOLATED)



===========================================================================
report_checks --slack_max -0.01
============================================================================
Startpoint: b[0] (input port clocked by clk)
Endpoint: sum[31] (output port clocked by clk)
Path Group: clk
Path Type: max

Fanout     Cap    Slew   Delay    Time   Description
-----------------------------------------------------------------------------
                  0.00    0.00    0.00   clock clk (rise edge)
                          0.00    0.00   clock network delay (ideal)
                          0.00    0.00 v input external delay
                  0.01    0.01    0.01 v b[0] (in)
     1    0.00                           b[0] (net)
                  0.01    0.00    0.01 v input33/A (sky130_fd_sc_hd__dlymetal6s2s_1)
                  0.09    0.18    0.19 v input33/X (sky130_fd_sc_hd__dlymetal6s2s_1)
     2    0.02                           net33 (net)
                  0.09    0.00    0.19 v ppa_pre_1_0.U1.xor2/B (sky130_fd_sc_hd__xor2_1)
                  0.09    0.18    0.37 v ppa_pre_1_0.U1.xor2/X (sky130_fd_sc_hd__xor2_1)
     2    0.01                           ppa_grey_1_1.U1.A1 (net)
                  0.09    0.00    0.37 v ppa_grey_1_1.U1.ao21/A2 (sky130_fd_sc_hd__a21o_1)
                  0.06    0.23    0.60 v ppa_grey_1_1.U1.ao21/X (sky130_fd_sc_hd__a21o_1)
     3    0.01                           ppa_grey_1_1.U1.Y (net)
                  0.06    0.00    0.60 v ppa_grey_3_2.U1.ao21/A1 (sky130_fd_sc_hd__a21o_1)
                  0.09    0.23    0.83 v ppa_grey_3_2.U1.ao21/X (sky130_fd_sc_hd__a21o_1)
     5    0.02                           ppa_grey_3_2.U1.Y (net)
                  0.09    0.00    0.83 v ppa_grey_7_3.U1.ao21/A1 (sky130_fd_sc_hd__a21o_2)
                  0.11    0.30    1.13 v ppa_grey_7_3.U1.ao21/X (sky130_fd_sc_hd__a21o_2)
     9    0.04                           ppa_grey_10_4.U1.A0 (net)
                  0.11    0.00    1.13 v ppa_grey_15_4.U1.ao21/A1 (sky130_fd_sc_hd__a21o_4)
                  0.10    0.32    1.45 v ppa_grey_15_4.U1.ao21/X (sky130_fd_sc_hd__a21o_4)
    17    0.07                           ppa_grey_15_4.U1.Y (net)
                  0.10    0.00    1.45 v ppa_grey_31_5.U1.ao21/A1 (sky130_fd_sc_hd__a21o_1)
                  0.07    0.22    1.68 v ppa_grey_31_5.U1.ao21/X (sky130_fd_sc_hd__a21o_1)
     2    0.01                           ppa_grey_31_5.U1.Y (net)
                  0.07    0.00    1.68 v ppa_post_31_6.U1.xor2/B (sky130_fd_sc_hd__xor2_1)
                  0.24    0.24    1.92 ^ ppa_post_31_6.U1.xor2/X (sky130_fd_sc_hd__xor2_1)
     1    0.01                           ppa_post_31_6.U1.Y (net)
                  0.24    0.00    1.92 ^ _08_/A (sky130_fd_sc_hd__clkbuf_1)
                  0.04    0.12    2.04 ^ _08_/X (sky130_fd_sc_hd__clkbuf_1)
     1    0.00                           net91 (net)
                  0.04    0.00    2.04 ^ output91/A (sky130_fd_sc_hd__buf_2)
                  0.18    0.21    2.25 ^ output91/X (sky130_fd_sc_hd__buf_2)
     1    0.03                           sum[31] (net)
                  0.18    0.00    2.26 ^ sum[31] (out)
                                  2.26   data arrival time

                  0.00    1.00    1.00   clock clk (rise edge)
                          0.00    1.00   clock network delay (ideal)
                         -0.25    0.75   clock uncertainty
                          0.00    0.75   clock reconvergence pessimism
                          0.00    0.75   output external delay
                                  0.75   data required time
-----------------------------------------------------------------------------
                                  0.75   data required time
                                 -2.26   data arrival time
-----------------------------------------------------------------------------
                                 -1.51   slack (VIOLATED)


