
===========================================================================
report_checks -unconstrained
============================================================================
Startpoint: b[0] (input port clocked by clk)
Endpoint: sum[4] (output port clocked by clk)
Path Group: clk
Path Type: max

Fanout     Cap    Slew   Delay    Time   Description
-----------------------------------------------------------------------------
                  0.00    0.00    0.00   clock clk (rise edge)
                          0.00    0.00   clock network delay (ideal)
                          0.00    0.00 ^ input external delay
                  0.04    0.03    0.03 ^ b[0] (in)
     1    0.01                           b[0] (net)
                  0.04    0.00    0.03 ^ input17/A (sky130_fd_sc_hd__clkbuf_1)
                  0.12    0.14    0.17 ^ input17/X (sky130_fd_sc_hd__clkbuf_1)
     2    0.01                           net17 (net)
                  0.12    0.00    0.17 ^ ppa_pre_1_0.U1.xor2/B (sky130_fd_sc_hd__xor2_1)
                  0.17    0.21    0.37 ^ ppa_pre_1_0.U1.xor2/X (sky130_fd_sc_hd__xor2_1)
     2    0.01                           ppa_grey_1_1.U1.A1 (net)
                  0.17    0.00    0.37 ^ ppa_grey_1_1.U1.ao21/A2 (sky130_fd_sc_hd__a21o_1)
                  0.12    0.21    0.58 ^ ppa_grey_1_1.U1.ao21/X (sky130_fd_sc_hd__a21o_1)
     2    0.01                           ppa_buffer_1_4.U2.A (net)
                  0.12    0.00    0.58 ^ ppa_grey_3_2.U1.ao21/A1 (sky130_fd_sc_hd__a21o_1)
                  0.06    0.15    0.73 ^ ppa_grey_3_2.U1.ao21/X (sky130_fd_sc_hd__a21o_1)
     2    0.01                           ppa_buffer_3_4.U2.A (net)
                  0.06    0.00    0.73 ^ rebuffer7/A (sky130_fd_sc_hd__dlygate4sd1_1)
                  0.07    0.23    0.96 ^ rebuffer7/X (sky130_fd_sc_hd__dlygate4sd1_1)
     1    0.01                           net57 (net)
                  0.07    0.00    0.96 ^ ppa_buffer_3_4.U2.buffer/A (sky130_fd_sc_hd__clkbuf_1)
                  0.13    0.16    1.12 ^ ppa_buffer_3_4.U2.buffer/X (sky130_fd_sc_hd__clkbuf_1)
     2    0.01                           ppa_buffer_3_4.U2.Y (net)
                  0.13    0.00    1.12 ^ ppa_buffer_3_5.U2.buffer/A (sky130_fd_sc_hd__clkbuf_1)
                  0.21    0.23    1.36 ^ ppa_buffer_3_5.U2.buffer/X (sky130_fd_sc_hd__clkbuf_1)
     2    0.02                           ppa_buffer_3_5.U2.Y (net)
                  0.21    0.00    1.36 ^ ppa_grey_4_6.U1.ao21/A1 (sky130_fd_sc_hd__a21o_1)
                  0.07    0.17    1.53 ^ ppa_grey_4_6.U1.ao21/X (sky130_fd_sc_hd__a21o_1)
     1    0.01                           ppa_grey_4_6.U1.Y (net)
                  0.07    0.00    1.53 ^ ppa_post_4_8.U1.xor2/B (sky130_fd_sc_hd__xor2_1)
                  0.15    0.18    1.71 ^ ppa_post_4_8.U1.xor2/X (sky130_fd_sc_hd__xor2_1)
     1    0.00                           ppa_post_4_8.U1.Y (net)
                  0.15    0.00    1.71 ^ _04_/A (sky130_fd_sc_hd__clkbuf_2)
                  0.06    0.16    1.87 ^ _04_/X (sky130_fd_sc_hd__clkbuf_2)
     1    0.01                           net45 (net)
                  0.06    0.00    1.87 ^ output45/A (sky130_fd_sc_hd__buf_2)
                  0.17    0.21    2.08 ^ output45/X (sky130_fd_sc_hd__buf_2)
     1    0.03                           sum[4] (net)
                  0.17    0.00    2.08 ^ sum[4] (out)
                                  2.08   data arrival time

                  0.00    1.25    1.25   clock clk (rise edge)
                          0.00    1.25   clock network delay (ideal)
                         -0.25    1.00   clock uncertainty
                          0.00    1.00   clock reconvergence pessimism
                          0.00    1.00   output external delay
                                  1.00   data required time
-----------------------------------------------------------------------------
                                  1.00   data required time
                                 -2.08   data arrival time
-----------------------------------------------------------------------------
                                 -1.08   slack (VIOLATED)



===========================================================================
report_checks --slack_max -0.01
============================================================================
Startpoint: b[0] (input port clocked by clk)
Endpoint: sum[4] (output port clocked by clk)
Path Group: clk
Path Type: max

Fanout     Cap    Slew   Delay    Time   Description
-----------------------------------------------------------------------------
                  0.00    0.00    0.00   clock clk (rise edge)
                          0.00    0.00   clock network delay (ideal)
                          0.00    0.00 ^ input external delay
                  0.04    0.03    0.03 ^ b[0] (in)
     1    0.01                           b[0] (net)
                  0.04    0.00    0.03 ^ input17/A (sky130_fd_sc_hd__clkbuf_1)
                  0.12    0.14    0.17 ^ input17/X (sky130_fd_sc_hd__clkbuf_1)
     2    0.01                           net17 (net)
                  0.12    0.00    0.17 ^ ppa_pre_1_0.U1.xor2/B (sky130_fd_sc_hd__xor2_1)
                  0.17    0.21    0.37 ^ ppa_pre_1_0.U1.xor2/X (sky130_fd_sc_hd__xor2_1)
     2    0.01                           ppa_grey_1_1.U1.A1 (net)
                  0.17    0.00    0.37 ^ ppa_grey_1_1.U1.ao21/A2 (sky130_fd_sc_hd__a21o_1)
                  0.12    0.21    0.58 ^ ppa_grey_1_1.U1.ao21/X (sky130_fd_sc_hd__a21o_1)
     2    0.01                           ppa_buffer_1_4.U2.A (net)
                  0.12    0.00    0.58 ^ ppa_grey_3_2.U1.ao21/A1 (sky130_fd_sc_hd__a21o_1)
                  0.06    0.15    0.73 ^ ppa_grey_3_2.U1.ao21/X (sky130_fd_sc_hd__a21o_1)
     2    0.01                           ppa_buffer_3_4.U2.A (net)
                  0.06    0.00    0.73 ^ rebuffer7/A (sky130_fd_sc_hd__dlygate4sd1_1)
                  0.07    0.23    0.96 ^ rebuffer7/X (sky130_fd_sc_hd__dlygate4sd1_1)
     1    0.01                           net57 (net)
                  0.07    0.00    0.96 ^ ppa_buffer_3_4.U2.buffer/A (sky130_fd_sc_hd__clkbuf_1)
                  0.13    0.16    1.12 ^ ppa_buffer_3_4.U2.buffer/X (sky130_fd_sc_hd__clkbuf_1)
     2    0.01                           ppa_buffer_3_4.U2.Y (net)
                  0.13    0.00    1.12 ^ ppa_buffer_3_5.U2.buffer/A (sky130_fd_sc_hd__clkbuf_1)
                  0.21    0.23    1.36 ^ ppa_buffer_3_5.U2.buffer/X (sky130_fd_sc_hd__clkbuf_1)
     2    0.02                           ppa_buffer_3_5.U2.Y (net)
                  0.21    0.00    1.36 ^ ppa_grey_4_6.U1.ao21/A1 (sky130_fd_sc_hd__a21o_1)
                  0.07    0.17    1.53 ^ ppa_grey_4_6.U1.ao21/X (sky130_fd_sc_hd__a21o_1)
     1    0.01                           ppa_grey_4_6.U1.Y (net)
                  0.07    0.00    1.53 ^ ppa_post_4_8.U1.xor2/B (sky130_fd_sc_hd__xor2_1)
                  0.15    0.18    1.71 ^ ppa_post_4_8.U1.xor2/X (sky130_fd_sc_hd__xor2_1)
     1    0.00                           ppa_post_4_8.U1.Y (net)
                  0.15    0.00    1.71 ^ _04_/A (sky130_fd_sc_hd__clkbuf_2)
                  0.06    0.16    1.87 ^ _04_/X (sky130_fd_sc_hd__clkbuf_2)
     1    0.01                           net45 (net)
                  0.06    0.00    1.87 ^ output45/A (sky130_fd_sc_hd__buf_2)
                  0.17    0.21    2.08 ^ output45/X (sky130_fd_sc_hd__buf_2)
     1    0.03                           sum[4] (net)
                  0.17    0.00    2.08 ^ sum[4] (out)
                                  2.08   data arrival time

                  0.00    1.25    1.25   clock clk (rise edge)
                          0.00    1.25   clock network delay (ideal)
                         -0.25    1.00   clock uncertainty
                          0.00    1.00   clock reconvergence pessimism
                          0.00    1.00   output external delay
                                  1.00   data required time
-----------------------------------------------------------------------------
                                  1.00   data required time
                                 -2.08   data arrival time
-----------------------------------------------------------------------------
                                 -1.08   slack (VIOLATED)


