
===========================================================================
report_checks -path_delay max (Setup)
============================================================================
Startpoint: a[0] (input port clocked by clk)
Endpoint: sum[15] (output port clocked by clk)
Path Group: clk
Path Type: max

Fanout     Cap    Slew   Delay    Time   Description
-----------------------------------------------------------------------------
                  0.00    0.00    0.00   clock clk (rise edge)
                          0.00    0.00   clock network delay (ideal)
                          0.00    0.00 ^ input external delay
                  0.04    0.03    0.03 ^ a[0] (in)
     2    0.01                           a[0] (net)
                  0.04    0.00    0.03 ^ _106_/B (sky130_fd_sc_hd__nand2_2)
                  0.04    0.06    0.08 v _106_/Y (sky130_fd_sc_hd__nand2_2)
     3    0.01                           _064_ (net)
                  0.04    0.00    0.09 v _111_/B1_N (sky130_fd_sc_hd__a21boi_2)
                  0.08    0.19    0.28 v _111_/Y (sky130_fd_sc_hd__a21boi_2)
     4    0.02                           _068_ (net)
                  0.08    0.00    0.28 v _123_/A1 (sky130_fd_sc_hd__o41a_2)
                  0.09    0.55    0.82 v _123_/X (sky130_fd_sc_hd__o41a_2)
     2    0.01                           _078_ (net)
                  0.09    0.00    0.83 v _138_/A2 (sky130_fd_sc_hd__o31a_2)
                  0.08    0.39    1.22 v _138_/X (sky130_fd_sc_hd__o31a_2)
     3    0.02                           _091_ (net)
                  0.08    0.00    1.22 v _154_/A1 (sky130_fd_sc_hd__o21a_2)
                  0.06    0.26    1.49 v _154_/X (sky130_fd_sc_hd__o21a_2)
     3    0.01                           _105_ (net)
                  0.06    0.00    1.49 v _226_/A1 (sky130_fd_sc_hd__o41a_2)
                  0.09    0.55    2.04 v _226_/X (sky130_fd_sc_hd__o41a_2)
     2    0.01                           _063_ (net)
                  0.09    0.01    2.05 v _227_/B (sky130_fd_sc_hd__xnor2_2)
                  0.48    0.39    2.44 ^ _227_/Y (sky130_fd_sc_hd__xnor2_2)
     1    0.03                           sum[15] (net)
                  0.48    0.00    2.44 ^ sum[15] (out)
                                  2.44   data arrival time

                  0.00    4.50    4.50   clock clk (rise edge)
                          0.00    4.50   clock network delay (ideal)
                         -0.25    4.25   clock uncertainty
                          0.00    4.25   clock reconvergence pessimism
                          0.00    4.25   output external delay
                                  4.25   data required time
-----------------------------------------------------------------------------
                                  4.25   data required time
                                 -2.44   data arrival time
-----------------------------------------------------------------------------
                                  1.81   slack (MET)


Startpoint: a[0] (input port clocked by clk)
Endpoint: cout (output port clocked by clk)
Path Group: clk
Path Type: max

Fanout     Cap    Slew   Delay    Time   Description
-----------------------------------------------------------------------------
                  0.00    0.00    0.00   clock clk (rise edge)
                          0.00    0.00   clock network delay (ideal)
                          0.00    0.00 ^ input external delay
                  0.04    0.03    0.03 ^ a[0] (in)
     2    0.01                           a[0] (net)
                  0.04    0.00    0.03 ^ _106_/B (sky130_fd_sc_hd__nand2_2)
                  0.04    0.06    0.08 v _106_/Y (sky130_fd_sc_hd__nand2_2)
     3    0.01                           _064_ (net)
                  0.04    0.00    0.09 v _111_/B1_N (sky130_fd_sc_hd__a21boi_2)
                  0.08    0.19    0.28 v _111_/Y (sky130_fd_sc_hd__a21boi_2)
     4    0.02                           _068_ (net)
                  0.08    0.00    0.28 v _123_/A1 (sky130_fd_sc_hd__o41a_2)
                  0.09    0.55    0.82 v _123_/X (sky130_fd_sc_hd__o41a_2)
     2    0.01                           _078_ (net)
                  0.09    0.00    0.83 v _138_/A2 (sky130_fd_sc_hd__o31a_2)
                  0.08    0.39    1.22 v _138_/X (sky130_fd_sc_hd__o31a_2)
     3    0.02                           _091_ (net)
                  0.08    0.00    1.22 v _154_/A1 (sky130_fd_sc_hd__o21a_2)
                  0.06    0.26    1.49 v _154_/X (sky130_fd_sc_hd__o21a_2)
     3    0.01                           _105_ (net)
                  0.06    0.00    1.49 v _226_/A1 (sky130_fd_sc_hd__o41a_2)
                  0.09    0.55    2.04 v _226_/X (sky130_fd_sc_hd__o41a_2)
     2    0.01                           _063_ (net)
                  0.09    0.01    2.04 v _228_/A2 (sky130_fd_sc_hd__o21ai_2)
                  0.43    0.35    2.40 ^ _228_/Y (sky130_fd_sc_hd__o21ai_2)
     1    0.03                           cout (net)
                  0.43    0.00    2.40 ^ cout (out)
                                  2.40   data arrival time

                  0.00    4.50    4.50   clock clk (rise edge)
                          0.00    4.50   clock network delay (ideal)
                         -0.25    4.25   clock uncertainty
                          0.00    4.25   clock reconvergence pessimism
                          0.00    4.25   output external delay
                                  4.25   data required time
-----------------------------------------------------------------------------
                                  4.25   data required time
                                 -2.40   data arrival time
-----------------------------------------------------------------------------
                                  1.85   slack (MET)


Startpoint: a[0] (input port clocked by clk)
Endpoint: sum[11] (output port clocked by clk)
Path Group: clk
Path Type: max

Fanout     Cap    Slew   Delay    Time   Description
-----------------------------------------------------------------------------
                  0.00    0.00    0.00   clock clk (rise edge)
                          0.00    0.00   clock network delay (ideal)
                          0.00    0.00 ^ input external delay
                  0.04    0.03    0.03 ^ a[0] (in)
     2    0.01                           a[0] (net)
                  0.04    0.00    0.03 ^ _106_/B (sky130_fd_sc_hd__nand2_2)
                  0.04    0.06    0.08 v _106_/Y (sky130_fd_sc_hd__nand2_2)
     3    0.01                           _064_ (net)
                  0.04    0.00    0.09 v _111_/B1_N (sky130_fd_sc_hd__a21boi_2)
                  0.08    0.19    0.28 v _111_/Y (sky130_fd_sc_hd__a21boi_2)
     4    0.02                           _068_ (net)
                  0.08    0.00    0.28 v _123_/A1 (sky130_fd_sc_hd__o41a_2)
                  0.09    0.55    0.82 v _123_/X (sky130_fd_sc_hd__o41a_2)
     2    0.01                           _078_ (net)
                  0.09    0.00    0.83 v _138_/A2 (sky130_fd_sc_hd__o31a_2)
                  0.08    0.39    1.22 v _138_/X (sky130_fd_sc_hd__o31a_2)
     3    0.02                           _091_ (net)
                  0.08    0.00    1.22 v _154_/A1 (sky130_fd_sc_hd__o21a_2)
                  0.06    0.26    1.49 v _154_/X (sky130_fd_sc_hd__o21a_2)
     3    0.01                           _105_ (net)
                  0.06    0.00    1.49 v _192_/A1 (sky130_fd_sc_hd__o31a_2)
                  0.07    0.38    1.87 v _192_/X (sky130_fd_sc_hd__o31a_2)
     1    0.01                           _033_ (net)
                  0.07    0.01    1.88 v _193_/B (sky130_fd_sc_hd__xor2_2)
                  0.46    0.37    2.25 ^ _193_/X (sky130_fd_sc_hd__xor2_2)
     1    0.03                           sum[11] (net)
                  0.46    0.00    2.25 ^ sum[11] (out)
                                  2.25   data arrival time

                  0.00    4.50    4.50   clock clk (rise edge)
                          0.00    4.50   clock network delay (ideal)
                         -0.25    4.25   clock uncertainty
                          0.00    4.25   clock reconvergence pessimism
                          0.00    4.25   output external delay
                                  4.25   data required time
-----------------------------------------------------------------------------
                                  4.25   data required time
                                 -2.25   data arrival time
-----------------------------------------------------------------------------
                                  2.00   slack (MET)


Startpoint: b[0] (input port clocked by clk)
Endpoint: sum[14] (output port clocked by clk)
Path Group: clk
Path Type: max

Fanout     Cap    Slew   Delay    Time   Description
-----------------------------------------------------------------------------
                  0.00    0.00    0.00   clock clk (rise edge)
                          0.00    0.00   clock network delay (ideal)
                          0.00    0.00 v input external delay
                  0.02    0.01    0.01 v b[0] (in)
     2    0.01                           b[0] (net)
                  0.02    0.00    0.01 v _107_/A (sky130_fd_sc_hd__or2_2)
                  0.08    0.33    0.34 v _107_/X (sky130_fd_sc_hd__or2_2)
     3    0.01                           _065_ (net)
                  0.08    0.01    0.34 v _111_/A2 (sky130_fd_sc_hd__a21boi_2)
                  0.26    0.28    0.62 ^ _111_/Y (sky130_fd_sc_hd__a21boi_2)
     4    0.02                           _068_ (net)
                  0.26    0.01    0.63 ^ _118_/A1 (sky130_fd_sc_hd__o21ai_2)
                  0.08    0.13    0.75 v _118_/Y (sky130_fd_sc_hd__o21ai_2)
     2    0.01                           _074_ (net)
                  0.08    0.00    0.76 v _149_/A1 (sky130_fd_sc_hd__a211o_2)
                  0.07    0.34    1.10 v _149_/X (sky130_fd_sc_hd__a211o_2)
     2    0.01                           _101_ (net)
                  0.07    0.00    1.10 v _182_/A1 (sky130_fd_sc_hd__a21o_2)
                  0.06    0.22    1.33 v _182_/X (sky130_fd_sc_hd__a21o_2)
     2    0.01                           _024_ (net)
                  0.06    0.00    1.33 v _218_/A1 (sky130_fd_sc_hd__a22o_2)
                  0.06    0.26    1.59 v _218_/X (sky130_fd_sc_hd__a22o_2)
     1    0.01                           _056_ (net)
                  0.06    0.01    1.61 v _219_/B (sky130_fd_sc_hd__xnor2_2)
                  0.48    0.38    1.99 ^ _219_/Y (sky130_fd_sc_hd__xnor2_2)
     1    0.03                           sum[14] (net)
                  0.48    0.00    1.99 ^ sum[14] (out)
                                  1.99   data arrival time

                  0.00    4.50    4.50   clock clk (rise edge)
                          0.00    4.50   clock network delay (ideal)
                         -0.25    4.25   clock uncertainty
                          0.00    4.25   clock reconvergence pessimism
                          0.00    4.25   output external delay
                                  4.25   data required time
-----------------------------------------------------------------------------
                                  4.25   data required time
                                 -1.99   data arrival time
-----------------------------------------------------------------------------
                                  2.26   slack (MET)


Startpoint: a[0] (input port clocked by clk)
Endpoint: sum[7] (output port clocked by clk)
Path Group: clk
Path Type: max

Fanout     Cap    Slew   Delay    Time   Description
-----------------------------------------------------------------------------
                  0.00    0.00    0.00   clock clk (rise edge)
                          0.00    0.00   clock network delay (ideal)
                          0.00    0.00 ^ input external delay
                  0.04    0.03    0.03 ^ a[0] (in)
     2    0.01                           a[0] (net)
                  0.04    0.00    0.03 ^ _106_/B (sky130_fd_sc_hd__nand2_2)
                  0.04    0.06    0.08 v _106_/Y (sky130_fd_sc_hd__nand2_2)
     3    0.01                           _064_ (net)
                  0.04    0.00    0.09 v _111_/B1_N (sky130_fd_sc_hd__a21boi_2)
                  0.08    0.19    0.28 v _111_/Y (sky130_fd_sc_hd__a21boi_2)
     4    0.02                           _068_ (net)
                  0.08    0.00    0.28 v _123_/A1 (sky130_fd_sc_hd__o41a_2)
                  0.09    0.55    0.82 v _123_/X (sky130_fd_sc_hd__o41a_2)
     2    0.01                           _078_ (net)
                  0.09    0.00    0.83 v _138_/A2 (sky130_fd_sc_hd__o31a_2)
                  0.08    0.39    1.22 v _138_/X (sky130_fd_sc_hd__o31a_2)
     3    0.02                           _091_ (net)
                  0.08    0.00    1.22 v _154_/A1 (sky130_fd_sc_hd__o21a_2)
                  0.06    0.26    1.49 v _154_/X (sky130_fd_sc_hd__o21a_2)
     3    0.01                           _105_ (net)
                  0.06    0.01    1.50 v _156_/A (sky130_fd_sc_hd__xor2_2)
                  0.46    0.40    1.89 ^ _156_/X (sky130_fd_sc_hd__xor2_2)
     1    0.03                           sum[7] (net)
                  0.46    0.00    1.89 ^ sum[7] (out)
                                  1.89   data arrival time

                  0.00    4.50    4.50   clock clk (rise edge)
                          0.00    4.50   clock network delay (ideal)
                         -0.25    4.25   clock uncertainty
                          0.00    4.25   clock reconvergence pessimism
                          0.00    4.25   output external delay
                                  4.25   data required time
-----------------------------------------------------------------------------
                                  4.25   data required time
                                 -1.89   data arrival time
-----------------------------------------------------------------------------
                                  2.36   slack (MET)


