
===========================================================================
report_checks -path_delay max (Setup)
============================================================================
Startpoint: b[9] (input port clocked by clk)
Endpoint: cout (output port clocked by clk)
Path Group: clk
Path Type: max

Fanout     Cap    Slew   Delay    Time   Description
-----------------------------------------------------------------------------
                  0.00    0.00    0.00   clock clk (rise edge)
                          0.00    0.00   clock network delay (ideal)
                          0.00    0.00 v input external delay
                  0.04    0.03    0.03 v b[9] (in)
     3    0.01                           b[9] (net)
                  0.04    0.00    0.03 v _217_/A (sky130_fd_sc_hd__xnor2_2)
                  0.08    0.16    0.19 v _217_/Y (sky130_fd_sc_hd__xnor2_2)
     3    0.01                           _041_ (net)
                  0.08    0.00    0.19 v _228_/A (sky130_fd_sc_hd__or2_2)
                  0.05    0.31    0.50 v _228_/X (sky130_fd_sc_hd__or2_2)
     1    0.00                           _050_ (net)
                  0.05    0.00    0.50 v _229_/C (sky130_fd_sc_hd__or4b_2)
                  0.11    0.65    1.15 v _229_/X (sky130_fd_sc_hd__or4b_2)
     2    0.00                           _051_ (net)
                  0.11    0.00    1.15 v _259_/A2 (sky130_fd_sc_hd__o31a_2)
                  0.08    0.40    1.55 v _259_/X (sky130_fd_sc_hd__o31a_2)
     4    0.01                           _077_ (net)
                  0.08    0.00    1.56 v _310_/A1 (sky130_fd_sc_hd__o31a_2)
                  0.08    0.41    1.97 v _310_/X (sky130_fd_sc_hd__o31a_2)
     3    0.01                           _120_ (net)
                  0.08    0.00    1.97 v _331_/A (sky130_fd_sc_hd__or4_2)
                  0.11    0.71    2.68 v _331_/X (sky130_fd_sc_hd__or4_2)
     2    0.00                           _137_ (net)
                  0.11    0.00    2.68 v _339_/A1 (sky130_fd_sc_hd__a21o_2)
                  0.06    0.25    2.93 v _339_/X (sky130_fd_sc_hd__a21o_2)
     4    0.01                           _145_ (net)
                  0.06    0.01    2.93 v _351_/A2 (sky130_fd_sc_hd__a311oi_2)
                  0.30    0.33    3.27 ^ _351_/Y (sky130_fd_sc_hd__a311oi_2)
     3    0.01                           _155_ (net)
                  0.30    0.00    3.27 ^ _362_/A1 (sky130_fd_sc_hd__o21a_2)
                  0.08    0.22    3.50 ^ _362_/X (sky130_fd_sc_hd__o21a_2)
     2    0.01                           _164_ (net)
                  0.08    0.00    3.50 ^ _364_/A2 (sky130_fd_sc_hd__a21bo_2)
                  0.22    0.24    3.74 ^ _364_/X (sky130_fd_sc_hd__a21bo_2)
     1    0.03                           cout (net)
                  0.22    0.00    3.74 ^ cout (out)
                                  3.74   data arrival time

                  0.00    5.50    5.50   clock clk (rise edge)
                          0.00    5.50   clock network delay (ideal)
                         -0.25    5.25   clock uncertainty
                          0.00    5.25   clock reconvergence pessimism
                          0.00    5.25   output external delay
                                  5.25   data required time
-----------------------------------------------------------------------------
                                  5.25   data required time
                                 -3.74   data arrival time
-----------------------------------------------------------------------------
                                  1.51   slack (MET)


Startpoint: b[9] (input port clocked by clk)
Endpoint: sum[31] (output port clocked by clk)
Path Group: clk
Path Type: max

Fanout     Cap    Slew   Delay    Time   Description
-----------------------------------------------------------------------------
                  0.00    0.00    0.00   clock clk (rise edge)
                          0.00    0.00   clock network delay (ideal)
                          0.00    0.00 v input external delay
                  0.04    0.03    0.03 v b[9] (in)
     3    0.01                           b[9] (net)
                  0.04    0.00    0.03 v _217_/A (sky130_fd_sc_hd__xnor2_2)
                  0.08    0.16    0.19 v _217_/Y (sky130_fd_sc_hd__xnor2_2)
     3    0.01                           _041_ (net)
                  0.08    0.00    0.19 v _228_/A (sky130_fd_sc_hd__or2_2)
                  0.05    0.31    0.50 v _228_/X (sky130_fd_sc_hd__or2_2)
     1    0.00                           _050_ (net)
                  0.05    0.00    0.50 v _229_/C (sky130_fd_sc_hd__or4b_2)
                  0.11    0.65    1.15 v _229_/X (sky130_fd_sc_hd__or4b_2)
     2    0.00                           _051_ (net)
                  0.11    0.00    1.15 v _259_/A2 (sky130_fd_sc_hd__o31a_2)
                  0.08    0.40    1.55 v _259_/X (sky130_fd_sc_hd__o31a_2)
     4    0.01                           _077_ (net)
                  0.08    0.00    1.56 v _310_/A1 (sky130_fd_sc_hd__o31a_2)
                  0.08    0.41    1.97 v _310_/X (sky130_fd_sc_hd__o31a_2)
     3    0.01                           _120_ (net)
                  0.08    0.00    1.97 v _331_/A (sky130_fd_sc_hd__or4_2)
                  0.11    0.71    2.68 v _331_/X (sky130_fd_sc_hd__or4_2)
     2    0.00                           _137_ (net)
                  0.11    0.00    2.68 v _339_/A1 (sky130_fd_sc_hd__a21o_2)
                  0.06    0.25    2.93 v _339_/X (sky130_fd_sc_hd__a21o_2)
     4    0.01                           _145_ (net)
                  0.06    0.01    2.93 v _351_/A2 (sky130_fd_sc_hd__a311oi_2)
                  0.30    0.33    3.27 ^ _351_/Y (sky130_fd_sc_hd__a311oi_2)
     3    0.01                           _155_ (net)
                  0.30    0.00    3.27 ^ _362_/A1 (sky130_fd_sc_hd__o21a_2)
                  0.08    0.22    3.50 ^ _362_/X (sky130_fd_sc_hd__o21a_2)
     2    0.01                           _164_ (net)
                  0.08    0.01    3.51 ^ _363_/B (sky130_fd_sc_hd__xnor2_2)
                  0.48    0.21    3.71 ^ _363_/Y (sky130_fd_sc_hd__xnor2_2)
     1    0.03                           sum[31] (net)
                  0.48    0.00    3.71 ^ sum[31] (out)
                                  3.71   data arrival time

                  0.00    5.50    5.50   clock clk (rise edge)
                          0.00    5.50   clock network delay (ideal)
                         -0.25    5.25   clock uncertainty
                          0.00    5.25   clock reconvergence pessimism
                          0.00    5.25   output external delay
                                  5.25   data required time
-----------------------------------------------------------------------------
                                  5.25   data required time
                                 -3.71   data arrival time
-----------------------------------------------------------------------------
                                  1.54   slack (MET)


Startpoint: b[9] (input port clocked by clk)
Endpoint: sum[29] (output port clocked by clk)
Path Group: clk
Path Type: max

Fanout     Cap    Slew   Delay    Time   Description
-----------------------------------------------------------------------------
                  0.00    0.00    0.00   clock clk (rise edge)
                          0.00    0.00   clock network delay (ideal)
                          0.00    0.00 v input external delay
                  0.04    0.03    0.03 v b[9] (in)
     3    0.01                           b[9] (net)
                  0.04    0.00    0.03 v _217_/A (sky130_fd_sc_hd__xnor2_2)
                  0.08    0.16    0.19 v _217_/Y (sky130_fd_sc_hd__xnor2_2)
     3    0.01                           _041_ (net)
                  0.08    0.00    0.19 v _228_/A (sky130_fd_sc_hd__or2_2)
                  0.05    0.31    0.50 v _228_/X (sky130_fd_sc_hd__or2_2)
     1    0.00                           _050_ (net)
                  0.05    0.00    0.50 v _229_/C (sky130_fd_sc_hd__or4b_2)
                  0.11    0.65    1.15 v _229_/X (sky130_fd_sc_hd__or4b_2)
     2    0.00                           _051_ (net)
                  0.11    0.00    1.15 v _259_/A2 (sky130_fd_sc_hd__o31a_2)
                  0.08    0.40    1.55 v _259_/X (sky130_fd_sc_hd__o31a_2)
     4    0.01                           _077_ (net)
                  0.08    0.00    1.56 v _310_/A1 (sky130_fd_sc_hd__o31a_2)
                  0.08    0.41    1.97 v _310_/X (sky130_fd_sc_hd__o31a_2)
     3    0.01                           _120_ (net)
                  0.08    0.00    1.97 v _331_/A (sky130_fd_sc_hd__or4_2)
                  0.11    0.71    2.68 v _331_/X (sky130_fd_sc_hd__or4_2)
     2    0.00                           _137_ (net)
                  0.11    0.00    2.68 v _339_/A1 (sky130_fd_sc_hd__a21o_2)
                  0.06    0.25    2.93 v _339_/X (sky130_fd_sc_hd__a21o_2)
     4    0.01                           _145_ (net)
                  0.06    0.00    2.93 v _349_/A2 (sky130_fd_sc_hd__a31o_2)
                  0.03    0.23    3.17 v _349_/X (sky130_fd_sc_hd__a31o_2)
     1    0.00                           _153_ (net)
                  0.03    0.00    3.17 v _350_/B (sky130_fd_sc_hd__and2_2)
                  0.04    0.19    3.36 v _350_/X (sky130_fd_sc_hd__and2_2)
     1    0.00                           _154_ (net)
                  0.04    0.01    3.37 v _352_/A (sky130_fd_sc_hd__nor2_2)
                  0.41    0.32    3.69 ^ _352_/Y (sky130_fd_sc_hd__nor2_2)
     1    0.03                           sum[29] (net)
                  0.41    0.00    3.69 ^ sum[29] (out)
                                  3.69   data arrival time

                  0.00    5.50    5.50   clock clk (rise edge)
                          0.00    5.50   clock network delay (ideal)
                         -0.25    5.25   clock uncertainty
                          0.00    5.25   clock reconvergence pessimism
                          0.00    5.25   output external delay
                                  5.25   data required time
-----------------------------------------------------------------------------
                                  5.25   data required time
                                 -3.69   data arrival time
-----------------------------------------------------------------------------
                                  1.56   slack (MET)


Startpoint: b[9] (input port clocked by clk)
Endpoint: sum[30] (output port clocked by clk)
Path Group: clk
Path Type: max

Fanout     Cap    Slew   Delay    Time   Description
-----------------------------------------------------------------------------
                  0.00    0.00    0.00   clock clk (rise edge)
                          0.00    0.00   clock network delay (ideal)
                          0.00    0.00 v input external delay
                  0.04    0.03    0.03 v b[9] (in)
     3    0.01                           b[9] (net)
                  0.04    0.00    0.03 v _217_/A (sky130_fd_sc_hd__xnor2_2)
                  0.08    0.16    0.19 v _217_/Y (sky130_fd_sc_hd__xnor2_2)
     3    0.01                           _041_ (net)
                  0.08    0.00    0.19 v _228_/A (sky130_fd_sc_hd__or2_2)
                  0.05    0.31    0.50 v _228_/X (sky130_fd_sc_hd__or2_2)
     1    0.00                           _050_ (net)
                  0.05    0.00    0.50 v _229_/C (sky130_fd_sc_hd__or4b_2)
                  0.11    0.65    1.15 v _229_/X (sky130_fd_sc_hd__or4b_2)
     2    0.00                           _051_ (net)
                  0.11    0.00    1.15 v _259_/A2 (sky130_fd_sc_hd__o31a_2)
                  0.08    0.40    1.55 v _259_/X (sky130_fd_sc_hd__o31a_2)
     4    0.01                           _077_ (net)
                  0.08    0.00    1.56 v _310_/A1 (sky130_fd_sc_hd__o31a_2)
                  0.08    0.41    1.97 v _310_/X (sky130_fd_sc_hd__o31a_2)
     3    0.01                           _120_ (net)
                  0.08    0.00    1.97 v _331_/A (sky130_fd_sc_hd__or4_2)
                  0.11    0.71    2.68 v _331_/X (sky130_fd_sc_hd__or4_2)
     2    0.00                           _137_ (net)
                  0.11    0.00    2.68 v _339_/A1 (sky130_fd_sc_hd__a21o_2)
                  0.06    0.25    2.93 v _339_/X (sky130_fd_sc_hd__a21o_2)
     4    0.01                           _145_ (net)
                  0.06    0.01    2.93 v _351_/A2 (sky130_fd_sc_hd__a311oi_2)
                  0.30    0.33    3.27 ^ _351_/Y (sky130_fd_sc_hd__a311oi_2)
     3    0.01                           _155_ (net)
                  0.30    0.00    3.27 ^ _356_/B1 (sky130_fd_sc_hd__a21o_2)
                  0.06    0.16    3.44 ^ _356_/X (sky130_fd_sc_hd__a21o_2)
     1    0.01                           _159_ (net)
                  0.07    0.02    3.45 ^ _357_/B (sky130_fd_sc_hd__xnor2_2)
                  0.48    0.20    3.65 ^ _357_/Y (sky130_fd_sc_hd__xnor2_2)
     1    0.03                           sum[30] (net)
                  0.48    0.00    3.66 ^ sum[30] (out)
                                  3.66   data arrival time

                  0.00    5.50    5.50   clock clk (rise edge)
                          0.00    5.50   clock network delay (ideal)
                         -0.25    5.25   clock uncertainty
                          0.00    5.25   clock reconvergence pessimism
                          0.00    5.25   output external delay
                                  5.25   data required time
-----------------------------------------------------------------------------
                                  5.25   data required time
                                 -3.66   data arrival time
-----------------------------------------------------------------------------
                                  1.59   slack (MET)


Startpoint: b[9] (input port clocked by clk)
Endpoint: sum[27] (output port clocked by clk)
Path Group: clk
Path Type: max

Fanout     Cap    Slew   Delay    Time   Description
-----------------------------------------------------------------------------
                  0.00    0.00    0.00   clock clk (rise edge)
                          0.00    0.00   clock network delay (ideal)
                          0.00    0.00 v input external delay
                  0.04    0.03    0.03 v b[9] (in)
     3    0.01                           b[9] (net)
                  0.04    0.00    0.03 v _217_/A (sky130_fd_sc_hd__xnor2_2)
                  0.08    0.16    0.19 v _217_/Y (sky130_fd_sc_hd__xnor2_2)
     3    0.01                           _041_ (net)
                  0.08    0.00    0.19 v _228_/A (sky130_fd_sc_hd__or2_2)
                  0.05    0.31    0.50 v _228_/X (sky130_fd_sc_hd__or2_2)
     1    0.00                           _050_ (net)
                  0.05    0.00    0.50 v _229_/C (sky130_fd_sc_hd__or4b_2)
                  0.11    0.65    1.15 v _229_/X (sky130_fd_sc_hd__or4b_2)
     2    0.00                           _051_ (net)
                  0.11    0.00    1.15 v _259_/A2 (sky130_fd_sc_hd__o31a_2)
                  0.08    0.40    1.55 v _259_/X (sky130_fd_sc_hd__o31a_2)
     4    0.01                           _077_ (net)
                  0.08    0.00    1.56 v _310_/A1 (sky130_fd_sc_hd__o31a_2)
                  0.08    0.41    1.97 v _310_/X (sky130_fd_sc_hd__o31a_2)
     3    0.01                           _120_ (net)
                  0.08    0.00    1.97 v _331_/A (sky130_fd_sc_hd__or4_2)
                  0.11    0.71    2.68 v _331_/X (sky130_fd_sc_hd__or4_2)
     2    0.00                           _137_ (net)
                  0.11    0.00    2.68 v _338_/A (sky130_fd_sc_hd__and3_2)
                  0.04    0.20    2.88 v _338_/X (sky130_fd_sc_hd__and3_2)
     1    0.00                           _144_ (net)
                  0.04    0.00    2.88 v _340_/A_N (sky130_fd_sc_hd__and2b_2)
                  0.03    0.20    3.08 ^ _340_/X (sky130_fd_sc_hd__and2b_2)
     1    0.00                           _146_ (net)
                  0.04    0.00    3.09 ^ _341_/A (sky130_fd_sc_hd__buf_1)
                  0.43    0.32    3.41 ^ _341_/X (sky130_fd_sc_hd__buf_1)
     1    0.03                           sum[27] (net)
                  0.43    0.00    3.41 ^ sum[27] (out)
                                  3.41   data arrival time

                  0.00    5.50    5.50   clock clk (rise edge)
                          0.00    5.50   clock network delay (ideal)
                         -0.25    5.25   clock uncertainty
                          0.00    5.25   clock reconvergence pessimism
                          0.00    5.25   output external delay
                                  5.25   data required time
-----------------------------------------------------------------------------
                                  5.25   data required time
                                 -3.41   data arrival time
-----------------------------------------------------------------------------
                                  1.84   slack (MET)


