
===========================================================================
report_checks -path_delay max (Setup)
============================================================================
Startpoint: a[0] (input port clocked by clk)
Endpoint: sum[7] (output port clocked by clk)
Path Group: clk
Path Type: max

Fanout     Cap    Slew   Delay    Time   Description
-----------------------------------------------------------------------------
                  0.00    0.00    0.00   clock clk (rise edge)
                          0.00    0.00   clock network delay (ideal)
                          0.00    0.00 v input external delay
                  0.03    0.02    0.02 v a[0] (in)
     2    0.01                           a[0] (net)
                  0.03    0.00    0.02 v ppa_pre_1_0.U1.xor2/A (sky130_fd_sc_hd__xor2_1)
                  0.07    0.17    0.19 v ppa_pre_1_0.U1.xor2/X (sky130_fd_sc_hd__xor2_1)
     2    0.01                           ppa_grey_1_1.U1.A1 (net)
                  0.07    0.00    0.19 v ppa_grey_1_1.U1.ao21/A2 (sky130_fd_sc_hd__a21o_1)
                  0.05    0.21    0.40 v ppa_grey_1_1.U1.ao21/X (sky130_fd_sc_hd__a21o_1)
     2    0.01                           ppa_grey_1_1.U1.Y (net)
                  0.05    0.00    0.40 v ppa_grey_2_2.U1.ao21/A1 (sky130_fd_sc_hd__a21o_1)
                  0.07    0.20    0.60 v ppa_grey_2_2.U1.ao21/X (sky130_fd_sc_hd__a21o_1)
     2    0.01                           ppa_grey_2_2.U1.Y (net)
                  0.07    0.00    0.60 v ppa_grey_3_3.U1.ao21/A1 (sky130_fd_sc_hd__a21o_1)
                  0.05    0.19    0.79 v ppa_grey_3_3.U1.ao21/X (sky130_fd_sc_hd__a21o_1)
     2    0.01                           ppa_grey_3_3.U1.Y (net)
                  0.05    0.00    0.79 v ppa_grey_4_4.U1.ao21/A1 (sky130_fd_sc_hd__a21o_1)
                  0.05    0.18    0.97 v ppa_grey_4_4.U1.ao21/X (sky130_fd_sc_hd__a21o_1)
     2    0.01                           ppa_grey_4_4.U1.Y (net)
                  0.05    0.00    0.97 v ppa_grey_5_5.U1.ao21/A1 (sky130_fd_sc_hd__a21o_1)
                  0.06    0.19    1.16 v ppa_grey_5_5.U1.ao21/X (sky130_fd_sc_hd__a21o_1)
     2    0.01                           ppa_grey_5_5.U1.Y (net)
                  0.06    0.00    1.16 v ppa_grey_6_6.U1.ao21/A1 (sky130_fd_sc_hd__a21o_1)
                  0.05    0.18    1.35 v ppa_grey_6_6.U1.ao21/X (sky130_fd_sc_hd__a21o_1)
     2    0.01                           ppa_grey_6_6.U1.Y (net)
                  0.05    0.00    1.35 v ppa_grey_7_7.U1.ao21/A1 (sky130_fd_sc_hd__a21o_1)
                  0.06    0.19    1.53 v ppa_grey_7_7.U1.ao21/X (sky130_fd_sc_hd__a21o_1)
     2    0.01                           ppa_grey_7_7.U1.Y (net)
                  0.06    0.00    1.53 v ppa_post_7_8.U1.xor2/B (sky130_fd_sc_hd__xor2_1)
                  0.11    0.13    1.66 ^ ppa_post_7_8.U1.xor2/X (sky130_fd_sc_hd__xor2_1)
     1    0.00                           ppa_post_7_8.U1.Y (net)
                  0.11    0.00    1.66 ^ _7_/A (sky130_fd_sc_hd__buf_2)
                  0.18    0.24    1.90 ^ _7_/X (sky130_fd_sc_hd__buf_2)
     1    0.03                           sum[7] (net)
                  0.18    0.00    1.90 ^ sum[7] (out)
                                  1.90   data arrival time

                  0.00    1.50    1.50   clock clk (rise edge)
                          0.00    1.50   clock network delay (ideal)
                         -0.25    1.25   clock uncertainty
                          0.00    1.25   clock reconvergence pessimism
                          0.00    1.25   output external delay
                                  1.25   data required time
-----------------------------------------------------------------------------
                                  1.25   data required time
                                 -1.90   data arrival time
-----------------------------------------------------------------------------
                                 -0.65   slack (VIOLATED)


Startpoint: a[0] (input port clocked by clk)
Endpoint: cout (output port clocked by clk)
Path Group: clk
Path Type: max

Fanout     Cap    Slew   Delay    Time   Description
-----------------------------------------------------------------------------
                  0.00    0.00    0.00   clock clk (rise edge)
                          0.00    0.00   clock network delay (ideal)
                          0.00    0.00 v input external delay
                  0.03    0.02    0.02 v a[0] (in)
     2    0.01                           a[0] (net)
                  0.03    0.00    0.02 v ppa_pre_1_0.U1.xor2/A (sky130_fd_sc_hd__xor2_1)
                  0.07    0.17    0.19 v ppa_pre_1_0.U1.xor2/X (sky130_fd_sc_hd__xor2_1)
     2    0.01                           ppa_grey_1_1.U1.A1 (net)
                  0.07    0.00    0.19 v ppa_grey_1_1.U1.ao21/A2 (sky130_fd_sc_hd__a21o_1)
                  0.05    0.21    0.40 v ppa_grey_1_1.U1.ao21/X (sky130_fd_sc_hd__a21o_1)
     2    0.01                           ppa_grey_1_1.U1.Y (net)
                  0.05    0.00    0.40 v ppa_grey_2_2.U1.ao21/A1 (sky130_fd_sc_hd__a21o_1)
                  0.07    0.20    0.60 v ppa_grey_2_2.U1.ao21/X (sky130_fd_sc_hd__a21o_1)
     2    0.01                           ppa_grey_2_2.U1.Y (net)
                  0.07    0.00    0.60 v ppa_grey_3_3.U1.ao21/A1 (sky130_fd_sc_hd__a21o_1)
                  0.05    0.19    0.79 v ppa_grey_3_3.U1.ao21/X (sky130_fd_sc_hd__a21o_1)
     2    0.01                           ppa_grey_3_3.U1.Y (net)
                  0.05    0.00    0.79 v ppa_grey_4_4.U1.ao21/A1 (sky130_fd_sc_hd__a21o_1)
                  0.05    0.18    0.97 v ppa_grey_4_4.U1.ao21/X (sky130_fd_sc_hd__a21o_1)
     2    0.01                           ppa_grey_4_4.U1.Y (net)
                  0.05    0.00    0.97 v ppa_grey_5_5.U1.ao21/A1 (sky130_fd_sc_hd__a21o_1)
                  0.06    0.19    1.16 v ppa_grey_5_5.U1.ao21/X (sky130_fd_sc_hd__a21o_1)
     2    0.01                           ppa_grey_5_5.U1.Y (net)
                  0.06    0.00    1.16 v ppa_grey_6_6.U1.ao21/A1 (sky130_fd_sc_hd__a21o_1)
                  0.05    0.18    1.35 v ppa_grey_6_6.U1.ao21/X (sky130_fd_sc_hd__a21o_1)
     2    0.01                           ppa_grey_6_6.U1.Y (net)
                  0.05    0.00    1.35 v ppa_grey_7_7.U1.ao21/A1 (sky130_fd_sc_hd__a21o_1)
                  0.06    0.19    1.53 v ppa_grey_7_7.U1.ao21/X (sky130_fd_sc_hd__a21o_1)
     2    0.01                           ppa_grey_7_7.U1.Y (net)
                  0.06    0.00    1.53 v ppa_grey_cout.U1.ao21/A1 (sky130_fd_sc_hd__a21o_1)
                  0.17    0.29    1.83 v ppa_grey_cout.U1.ao21/X (sky130_fd_sc_hd__a21o_1)
     1    0.03                           cout (net)
                  0.17    0.00    1.83 v cout (out)
                                  1.83   data arrival time

                  0.00    1.50    1.50   clock clk (rise edge)
                          0.00    1.50   clock network delay (ideal)
                         -0.25    1.25   clock uncertainty
                          0.00    1.25   clock reconvergence pessimism
                          0.00    1.25   output external delay
                                  1.25   data required time
-----------------------------------------------------------------------------
                                  1.25   data required time
                                 -1.83   data arrival time
-----------------------------------------------------------------------------
                                 -0.58   slack (VIOLATED)


Startpoint: a[0] (input port clocked by clk)
Endpoint: sum[6] (output port clocked by clk)
Path Group: clk
Path Type: max

Fanout     Cap    Slew   Delay    Time   Description
-----------------------------------------------------------------------------
                  0.00    0.00    0.00   clock clk (rise edge)
                          0.00    0.00   clock network delay (ideal)
                          0.00    0.00 v input external delay
                  0.03    0.02    0.02 v a[0] (in)
     2    0.01                           a[0] (net)
                  0.03    0.00    0.02 v ppa_pre_1_0.U1.xor2/A (sky130_fd_sc_hd__xor2_1)
                  0.07    0.17    0.19 v ppa_pre_1_0.U1.xor2/X (sky130_fd_sc_hd__xor2_1)
     2    0.01                           ppa_grey_1_1.U1.A1 (net)
                  0.07    0.00    0.19 v ppa_grey_1_1.U1.ao21/A2 (sky130_fd_sc_hd__a21o_1)
                  0.05    0.21    0.40 v ppa_grey_1_1.U1.ao21/X (sky130_fd_sc_hd__a21o_1)
     2    0.01                           ppa_grey_1_1.U1.Y (net)
                  0.05    0.00    0.40 v ppa_grey_2_2.U1.ao21/A1 (sky130_fd_sc_hd__a21o_1)
                  0.07    0.20    0.60 v ppa_grey_2_2.U1.ao21/X (sky130_fd_sc_hd__a21o_1)
     2    0.01                           ppa_grey_2_2.U1.Y (net)
                  0.07    0.00    0.60 v ppa_grey_3_3.U1.ao21/A1 (sky130_fd_sc_hd__a21o_1)
                  0.05    0.19    0.79 v ppa_grey_3_3.U1.ao21/X (sky130_fd_sc_hd__a21o_1)
     2    0.01                           ppa_grey_3_3.U1.Y (net)
                  0.05    0.00    0.79 v ppa_grey_4_4.U1.ao21/A1 (sky130_fd_sc_hd__a21o_1)
                  0.05    0.18    0.97 v ppa_grey_4_4.U1.ao21/X (sky130_fd_sc_hd__a21o_1)
     2    0.01                           ppa_grey_4_4.U1.Y (net)
                  0.05    0.00    0.97 v ppa_grey_5_5.U1.ao21/A1 (sky130_fd_sc_hd__a21o_1)
                  0.06    0.19    1.16 v ppa_grey_5_5.U1.ao21/X (sky130_fd_sc_hd__a21o_1)
     2    0.01                           ppa_grey_5_5.U1.Y (net)
                  0.06    0.00    1.16 v ppa_grey_6_6.U1.ao21/A1 (sky130_fd_sc_hd__a21o_1)
                  0.05    0.18    1.35 v ppa_grey_6_6.U1.ao21/X (sky130_fd_sc_hd__a21o_1)
     2    0.01                           ppa_grey_6_6.U1.Y (net)
                  0.05    0.00    1.35 v ppa_post_6_8.U1.xor2/B (sky130_fd_sc_hd__xor2_1)
                  0.11    0.13    1.48 ^ ppa_post_6_8.U1.xor2/X (sky130_fd_sc_hd__xor2_1)
     1    0.00                           ppa_post_6_8.U1.Y (net)
                  0.11    0.00    1.48 ^ _6_/A (sky130_fd_sc_hd__buf_2)
                  0.19    0.25    1.72 ^ _6_/X (sky130_fd_sc_hd__buf_2)
     1    0.03                           sum[6] (net)
                  0.19    0.00    1.72 ^ sum[6] (out)
                                  1.72   data arrival time

                  0.00    1.50    1.50   clock clk (rise edge)
                          0.00    1.50   clock network delay (ideal)
                         -0.25    1.25   clock uncertainty
                          0.00    1.25   clock reconvergence pessimism
                          0.00    1.25   output external delay
                                  1.25   data required time
-----------------------------------------------------------------------------
                                  1.25   data required time
                                 -1.72   data arrival time
-----------------------------------------------------------------------------
                                 -0.47   slack (VIOLATED)


Startpoint: a[0] (input port clocked by clk)
Endpoint: sum[5] (output port clocked by clk)
Path Group: clk
Path Type: max

Fanout     Cap    Slew   Delay    Time   Description
-----------------------------------------------------------------------------
                  0.00    0.00    0.00   clock clk (rise edge)
                          0.00    0.00   clock network delay (ideal)
                          0.00    0.00 v input external delay
                  0.03    0.02    0.02 v a[0] (in)
     2    0.01                           a[0] (net)
                  0.03    0.00    0.02 v ppa_pre_1_0.U1.xor2/A (sky130_fd_sc_hd__xor2_1)
                  0.07    0.17    0.19 v ppa_pre_1_0.U1.xor2/X (sky130_fd_sc_hd__xor2_1)
     2    0.01                           ppa_grey_1_1.U1.A1 (net)
                  0.07    0.00    0.19 v ppa_grey_1_1.U1.ao21/A2 (sky130_fd_sc_hd__a21o_1)
                  0.05    0.21    0.40 v ppa_grey_1_1.U1.ao21/X (sky130_fd_sc_hd__a21o_1)
     2    0.01                           ppa_grey_1_1.U1.Y (net)
                  0.05    0.00    0.40 v ppa_grey_2_2.U1.ao21/A1 (sky130_fd_sc_hd__a21o_1)
                  0.07    0.20    0.60 v ppa_grey_2_2.U1.ao21/X (sky130_fd_sc_hd__a21o_1)
     2    0.01                           ppa_grey_2_2.U1.Y (net)
                  0.07    0.00    0.60 v ppa_grey_3_3.U1.ao21/A1 (sky130_fd_sc_hd__a21o_1)
                  0.05    0.19    0.79 v ppa_grey_3_3.U1.ao21/X (sky130_fd_sc_hd__a21o_1)
     2    0.01                           ppa_grey_3_3.U1.Y (net)
                  0.05    0.00    0.79 v ppa_grey_4_4.U1.ao21/A1 (sky130_fd_sc_hd__a21o_1)
                  0.05    0.18    0.97 v ppa_grey_4_4.U1.ao21/X (sky130_fd_sc_hd__a21o_1)
     2    0.01                           ppa_grey_4_4.U1.Y (net)
                  0.05    0.00    0.97 v ppa_grey_5_5.U1.ao21/A1 (sky130_fd_sc_hd__a21o_1)
                  0.06    0.19    1.16 v ppa_grey_5_5.U1.ao21/X (sky130_fd_sc_hd__a21o_1)
     2    0.01                           ppa_grey_5_5.U1.Y (net)
                  0.06    0.00    1.16 v ppa_post_5_8.U1.xor2/B (sky130_fd_sc_hd__xor2_1)
                  0.11    0.13    1.29 ^ ppa_post_5_8.U1.xor2/X (sky130_fd_sc_hd__xor2_1)
     1    0.00                           ppa_post_5_8.U1.Y (net)
                  0.11    0.00    1.29 ^ _5_/A (sky130_fd_sc_hd__buf_2)
                  0.17    0.23    1.52 ^ _5_/X (sky130_fd_sc_hd__buf_2)
     1    0.03                           sum[5] (net)
                  0.17    0.00    1.52 ^ sum[5] (out)
                                  1.52   data arrival time

                  0.00    1.50    1.50   clock clk (rise edge)
                          0.00    1.50   clock network delay (ideal)
                         -0.25    1.25   clock uncertainty
                          0.00    1.25   clock reconvergence pessimism
                          0.00    1.25   output external delay
                                  1.25   data required time
-----------------------------------------------------------------------------
                                  1.25   data required time
                                 -1.52   data arrival time
-----------------------------------------------------------------------------
                                 -0.27   slack (VIOLATED)


Startpoint: a[0] (input port clocked by clk)
Endpoint: sum[4] (output port clocked by clk)
Path Group: clk
Path Type: max

Fanout     Cap    Slew   Delay    Time   Description
-----------------------------------------------------------------------------
                  0.00    0.00    0.00   clock clk (rise edge)
                          0.00    0.00   clock network delay (ideal)
                          0.00    0.00 v input external delay
                  0.03    0.02    0.02 v a[0] (in)
     2    0.01                           a[0] (net)
                  0.03    0.00    0.02 v ppa_pre_1_0.U1.xor2/A (sky130_fd_sc_hd__xor2_1)
                  0.07    0.17    0.19 v ppa_pre_1_0.U1.xor2/X (sky130_fd_sc_hd__xor2_1)
     2    0.01                           ppa_grey_1_1.U1.A1 (net)
                  0.07    0.00    0.19 v ppa_grey_1_1.U1.ao21/A2 (sky130_fd_sc_hd__a21o_1)
                  0.05    0.21    0.40 v ppa_grey_1_1.U1.ao21/X (sky130_fd_sc_hd__a21o_1)
     2    0.01                           ppa_grey_1_1.U1.Y (net)
                  0.05    0.00    0.40 v ppa_grey_2_2.U1.ao21/A1 (sky130_fd_sc_hd__a21o_1)
                  0.07    0.20    0.60 v ppa_grey_2_2.U1.ao21/X (sky130_fd_sc_hd__a21o_1)
     2    0.01                           ppa_grey_2_2.U1.Y (net)
                  0.07    0.00    0.60 v ppa_grey_3_3.U1.ao21/A1 (sky130_fd_sc_hd__a21o_1)
                  0.05    0.19    0.79 v ppa_grey_3_3.U1.ao21/X (sky130_fd_sc_hd__a21o_1)
     2    0.01                           ppa_grey_3_3.U1.Y (net)
                  0.05    0.00    0.79 v ppa_grey_4_4.U1.ao21/A1 (sky130_fd_sc_hd__a21o_1)
                  0.05    0.18    0.97 v ppa_grey_4_4.U1.ao21/X (sky130_fd_sc_hd__a21o_1)
     2    0.01                           ppa_grey_4_4.U1.Y (net)
                  0.05    0.00    0.97 v ppa_post_4_8.U1.xor2/B (sky130_fd_sc_hd__xor2_1)
                  0.11    0.13    1.10 ^ ppa_post_4_8.U1.xor2/X (sky130_fd_sc_hd__xor2_1)
     1    0.00                           ppa_post_4_8.U1.Y (net)
                  0.11    0.00    1.10 ^ _4_/A (sky130_fd_sc_hd__buf_2)
                  0.19    0.24    1.35 ^ _4_/X (sky130_fd_sc_hd__buf_2)
     1    0.03                           sum[4] (net)
                  0.19    0.00    1.35 ^ sum[4] (out)
                                  1.35   data arrival time

                  0.00    1.50    1.50   clock clk (rise edge)
                          0.00    1.50   clock network delay (ideal)
                         -0.25    1.25   clock uncertainty
                          0.00    1.25   clock reconvergence pessimism
                          0.00    1.25   output external delay
                                  1.25   data required time
-----------------------------------------------------------------------------
                                  1.25   data required time
                                 -1.35   data arrival time
-----------------------------------------------------------------------------
                                 -0.10   slack (VIOLATED)


