
===========================================================================
report_checks -unconstrained
============================================================================
Startpoint: a[0] (input port clocked by clk)
Endpoint: sum[15] (output port clocked by clk)
Path Group: clk
Path Type: max

Fanout     Cap    Slew   Delay    Time   Description
-----------------------------------------------------------------------------
                  0.00    0.00    0.00   clock clk (rise edge)
                          0.00    0.00   clock network delay (ideal)
                          0.00    0.00 ^ input external delay
                  0.02    0.01    0.01 ^ a[0] (in)
     1    0.00                           a[0] (net)
                  0.02    0.00    0.01 ^ input1/A (sky130_fd_sc_hd__clkbuf_1)
                  0.10    0.12    0.13 ^ input1/X (sky130_fd_sc_hd__clkbuf_1)
     2    0.01                           net1 (net)
                  0.10    0.00    0.14 ^ _107_/B (sky130_fd_sc_hd__or2_1)
                  0.17    0.21    0.35 ^ _107_/X (sky130_fd_sc_hd__or2_1)
     3    0.02                           _065_ (net)
                  0.17    0.01    0.35 ^ _111_/A2 (sky130_fd_sc_hd__a21boi_4)
                  0.08    0.11    0.46 v _111_/Y (sky130_fd_sc_hd__a21boi_4)
     4    0.02                           _068_ (net)
                  0.08    0.00    0.47 v _123_/A1 (sky130_fd_sc_hd__o41a_1)
                  0.10    0.49    0.96 v _123_/X (sky130_fd_sc_hd__o41a_1)
     2    0.01                           _078_ (net)
                  0.10    0.00    0.96 v _138_/A2 (sky130_fd_sc_hd__o31a_1)
                  0.11    0.38    1.33 v _138_/X (sky130_fd_sc_hd__o31a_1)
     3    0.02                           _091_ (net)
                  0.12    0.01    1.34 v _154_/A1 (sky130_fd_sc_hd__o21a_1)
                  0.09    0.27    1.61 v _154_/X (sky130_fd_sc_hd__o21a_1)
     3    0.01                           _105_ (net)
                  0.09    0.00    1.62 v _226_/A1 (sky130_fd_sc_hd__o41a_2)
                  0.10    0.58    2.19 v _226_/X (sky130_fd_sc_hd__o41a_2)
     2    0.02                           _063_ (net)
                  0.10    0.01    2.20 v _227_/B (sky130_fd_sc_hd__xnor2_2)
                  0.19    0.21    2.41 ^ _227_/Y (sky130_fd_sc_hd__xnor2_2)
     1    0.01                           net41 (net)
                  0.19    0.00    2.41 ^ output41/A (sky130_fd_sc_hd__buf_2)
                  0.19    0.27    2.68 ^ output41/X (sky130_fd_sc_hd__buf_2)
     1    0.03                           sum[15] (net)
                  0.19    0.01    2.69 ^ sum[15] (out)
                                  2.69   data arrival time

                  0.00    4.50    4.50   clock clk (rise edge)
                          0.00    4.50   clock network delay (ideal)
                         -0.25    4.25   clock uncertainty
                          0.00    4.25   clock reconvergence pessimism
                          0.00    4.25   output external delay
                                  4.25   data required time
-----------------------------------------------------------------------------
                                  4.25   data required time
                                 -2.69   data arrival time
-----------------------------------------------------------------------------
                                  1.56   slack (MET)



===========================================================================
report_checks --slack_max -0.01
============================================================================
No paths found.
