
===========================================================================
report_checks -path_delay max (Setup)
============================================================================
Startpoint: a[0] (input port clocked by clk)
Endpoint: sum[13] (output port clocked by clk)
Path Group: clk
Path Type: max

Fanout     Cap    Slew   Delay    Time   Description
-----------------------------------------------------------------------------
                  0.00    0.00    0.00   clock clk (rise edge)
                          0.00    0.00   clock network delay (ideal)
                          0.00    0.00 ^ input external delay
                  0.04    0.03    0.03 ^ a[0] (in)
     1    0.01                           a[0] (net)
                  0.04    0.00    0.03 ^ input1/A (sky130_fd_sc_hd__clkbuf_1)
                  0.13    0.14    0.17 ^ input1/X (sky130_fd_sc_hd__clkbuf_1)
     2    0.01                           net1 (net)
                  0.13    0.00    0.17 ^ ppa_pre_1_0.U1.xor2/A (sky130_fd_sc_hd__xor2_1)
                  0.30    0.31    0.48 ^ ppa_pre_1_0.U1.xor2/X (sky130_fd_sc_hd__xor2_1)
     3    0.01                           ppa_black_2_1.U1.B (net)
                  0.30    0.00    0.48 ^ ppa_grey_1_1.U1.ao21/A2 (sky130_fd_sc_hd__a21o_1)
                  0.10    0.22    0.70 ^ ppa_grey_1_1.U1.ao21/X (sky130_fd_sc_hd__a21o_1)
     2    0.01                           ppa_buffer_1_2.U2.A (net)
                  0.10    0.00    0.70 ^ ppa_buffer_1_2.U2.buffer/A (sky130_fd_sc_hd__clkbuf_1)
                  0.12    0.16    0.86 ^ ppa_buffer_1_2.U2.buffer/X (sky130_fd_sc_hd__clkbuf_1)
     2    0.01                           ppa_buffer_1_2.U2.Y (net)
                  0.12    0.00    0.86 ^ ppa_grey_5_3.U1.ao21/A1 (sky130_fd_sc_hd__a21o_1)
                  0.08    0.16    1.03 ^ ppa_grey_5_3.U1.ao21/X (sky130_fd_sc_hd__a21o_1)
     2    0.01                           ppa_grey_13_4.U1.A0 (net)
                  0.08    0.00    1.03 ^ ppa_grey_13_4.U1.ao21/A1 (sky130_fd_sc_hd__a21o_1)
                  0.07    0.15    1.17 ^ ppa_grey_13_4.U1.ao21/X (sky130_fd_sc_hd__a21o_1)
     1    0.01                           ppa_grey_13_4.U1.Y (net)
                  0.07    0.00    1.17 ^ ppa_post_13_5.U1.xor2/B (sky130_fd_sc_hd__xor2_1)
                  0.21    0.23    1.40 ^ ppa_post_13_5.U1.xor2/X (sky130_fd_sc_hd__xor2_1)
     1    0.01                           ppa_post_13_5.U1.Y (net)
                  0.21    0.00    1.40 ^ _13_/A (sky130_fd_sc_hd__clkbuf_1)
                  0.08    0.14    1.55 ^ _13_/X (sky130_fd_sc_hd__clkbuf_1)
     1    0.01                           net39 (net)
                  0.08    0.00    1.55 ^ output39/A (sky130_fd_sc_hd__buf_6)
                  0.08    0.12    1.67 ^ output39/X (sky130_fd_sc_hd__buf_6)
     1    0.03                           sum[13] (net)
                  0.12    0.05    1.71 ^ sum[13] (out)
                                  1.71   data arrival time

                  0.00    1.00    1.00   clock clk (rise edge)
                          0.00    1.00   clock network delay (ideal)
                         -0.25    0.75   clock uncertainty
                          0.00    0.75   clock reconvergence pessimism
                          0.00    0.75   output external delay
                                  0.75   data required time
-----------------------------------------------------------------------------
                                  0.75   data required time
                                 -1.71   data arrival time
-----------------------------------------------------------------------------
                                 -0.96   slack (VIOLATED)


Startpoint: a[0] (input port clocked by clk)
Endpoint: sum[9] (output port clocked by clk)
Path Group: clk
Path Type: max

Fanout     Cap    Slew   Delay    Time   Description
-----------------------------------------------------------------------------
                  0.00    0.00    0.00   clock clk (rise edge)
                          0.00    0.00   clock network delay (ideal)
                          0.00    0.00 ^ input external delay
                  0.04    0.03    0.03 ^ a[0] (in)
     1    0.01                           a[0] (net)
                  0.04    0.00    0.03 ^ input1/A (sky130_fd_sc_hd__clkbuf_1)
                  0.13    0.14    0.17 ^ input1/X (sky130_fd_sc_hd__clkbuf_1)
     2    0.01                           net1 (net)
                  0.13    0.00    0.17 ^ ppa_pre_1_0.U1.xor2/A (sky130_fd_sc_hd__xor2_1)
                  0.30    0.31    0.48 ^ ppa_pre_1_0.U1.xor2/X (sky130_fd_sc_hd__xor2_1)
     3    0.01                           ppa_black_2_1.U1.B (net)
                  0.30    0.00    0.48 ^ ppa_grey_1_1.U1.ao21/A2 (sky130_fd_sc_hd__a21o_1)
                  0.10    0.22    0.70 ^ ppa_grey_1_1.U1.ao21/X (sky130_fd_sc_hd__a21o_1)
     2    0.01                           ppa_buffer_1_2.U2.A (net)
                  0.10    0.00    0.70 ^ ppa_buffer_1_2.U2.buffer/A (sky130_fd_sc_hd__clkbuf_1)
                  0.12    0.16    0.86 ^ ppa_buffer_1_2.U2.buffer/X (sky130_fd_sc_hd__clkbuf_1)
     2    0.01                           ppa_buffer_1_2.U2.Y (net)
                  0.12    0.00    0.86 ^ ppa_buffer_1_3.U2.buffer/A (sky130_fd_sc_hd__clkbuf_1)
                  0.16    0.19    1.06 ^ ppa_buffer_1_3.U2.buffer/X (sky130_fd_sc_hd__clkbuf_1)
     2    0.01                           ppa_buffer_1_3.U2.Y (net)
                  0.16    0.00    1.06 ^ ppa_grey_9_4.U1.ao21/A1 (sky130_fd_sc_hd__a21o_1)
                  0.08    0.17    1.23 ^ ppa_grey_9_4.U1.ao21/X (sky130_fd_sc_hd__a21o_1)
     1    0.01                           ppa_grey_9_4.U1.Y (net)
                  0.08    0.00    1.23 ^ ppa_post_9_5.U1.xor2/B (sky130_fd_sc_hd__xor2_1)
                  0.14    0.17    1.40 ^ ppa_post_9_5.U1.xor2/X (sky130_fd_sc_hd__xor2_1)
     1    0.00                           ppa_post_9_5.U1.Y (net)
                  0.14    0.00    1.40 ^ _09_/A (sky130_fd_sc_hd__clkbuf_1)
                  0.05    0.11    1.51 ^ _09_/X (sky130_fd_sc_hd__clkbuf_1)
     1    0.00                           net50 (net)
                  0.05    0.00    1.51 ^ output50/A (sky130_fd_sc_hd__clkbuf_4)
                  0.12    0.20    1.71 ^ output50/X (sky130_fd_sc_hd__clkbuf_4)
     1    0.03                           sum[9] (net)
                  0.12    0.00    1.71 ^ sum[9] (out)
                                  1.71   data arrival time

                  0.00    1.00    1.00   clock clk (rise edge)
                          0.00    1.00   clock network delay (ideal)
                         -0.25    0.75   clock uncertainty
                          0.00    0.75   clock reconvergence pessimism
                          0.00    0.75   output external delay
                                  0.75   data required time
-----------------------------------------------------------------------------
                                  0.75   data required time
                                 -1.71   data arrival time
-----------------------------------------------------------------------------
                                 -0.96   slack (VIOLATED)


Startpoint: a[0] (input port clocked by clk)
Endpoint: sum[15] (output port clocked by clk)
Path Group: clk
Path Type: max

Fanout     Cap    Slew   Delay    Time   Description
-----------------------------------------------------------------------------
                  0.00    0.00    0.00   clock clk (rise edge)
                          0.00    0.00   clock network delay (ideal)
                          0.00    0.00 ^ input external delay
                  0.04    0.03    0.03 ^ a[0] (in)
     1    0.01                           a[0] (net)
                  0.04    0.00    0.03 ^ input1/A (sky130_fd_sc_hd__clkbuf_1)
                  0.13    0.14    0.17 ^ input1/X (sky130_fd_sc_hd__clkbuf_1)
     2    0.01                           net1 (net)
                  0.13    0.00    0.17 ^ ppa_pre_1_0.U1.xor2/A (sky130_fd_sc_hd__xor2_1)
                  0.30    0.31    0.48 ^ ppa_pre_1_0.U1.xor2/X (sky130_fd_sc_hd__xor2_1)
     3    0.01                           ppa_black_2_1.U1.B (net)
                  0.30    0.00    0.48 ^ ppa_grey_1_1.U1.ao21/A2 (sky130_fd_sc_hd__a21o_1)
                  0.10    0.22    0.70 ^ ppa_grey_1_1.U1.ao21/X (sky130_fd_sc_hd__a21o_1)
     2    0.01                           ppa_buffer_1_2.U2.A (net)
                  0.10    0.00    0.70 ^ ppa_grey_3_2.U1.ao21/A1 (sky130_fd_sc_hd__a21o_1)
                  0.07    0.15    0.85 ^ ppa_grey_3_2.U1.ao21/X (sky130_fd_sc_hd__a21o_1)
     2    0.01                           ppa_buffer_3_3.U2.A (net)
                  0.07    0.00    0.85 ^ ppa_grey_7_3.U1.ao21/A1 (sky130_fd_sc_hd__a21o_1)
                  0.11    0.17    1.02 ^ ppa_grey_7_3.U1.ao21/X (sky130_fd_sc_hd__a21o_1)
     2    0.01                           ppa_grey_15_4.U1.A0 (net)
                  0.11    0.00    1.02 ^ ppa_grey_15_4.U1.ao21/A1 (sky130_fd_sc_hd__a21o_1)
                  0.11    0.18    1.20 ^ ppa_grey_15_4.U1.ao21/X (sky130_fd_sc_hd__a21o_1)
     2    0.01                           ppa_grey_15_4.U1.Y (net)
                  0.11    0.00    1.20 ^ ppa_post_15_5.U1.xor2/B (sky130_fd_sc_hd__xor2_1)
                  0.14    0.18    1.38 ^ ppa_post_15_5.U1.xor2/X (sky130_fd_sc_hd__xor2_1)
     1    0.00                           ppa_post_15_5.U1.Y (net)
                  0.14    0.00    1.38 ^ _15_/A (sky130_fd_sc_hd__clkbuf_1)
                  0.09    0.14    1.52 ^ _15_/X (sky130_fd_sc_hd__clkbuf_1)
     1    0.01                           net41 (net)
                  0.09    0.00    1.52 ^ output41/A (sky130_fd_sc_hd__buf_6)
                  0.08    0.15    1.68 ^ output41/X (sky130_fd_sc_hd__buf_6)
     1    0.03                           sum[15] (net)
                  0.08    0.00    1.68 ^ sum[15] (out)
                                  1.68   data arrival time

                  0.00    1.00    1.00   clock clk (rise edge)
                          0.00    1.00   clock network delay (ideal)
                         -0.25    0.75   clock uncertainty
                          0.00    0.75   clock reconvergence pessimism
                          0.00    0.75   output external delay
                                  0.75   data required time
-----------------------------------------------------------------------------
                                  0.75   data required time
                                 -1.68   data arrival time
-----------------------------------------------------------------------------
                                 -0.93   slack (VIOLATED)


Startpoint: a[0] (input port clocked by clk)
Endpoint: sum[14] (output port clocked by clk)
Path Group: clk
Path Type: max

Fanout     Cap    Slew   Delay    Time   Description
-----------------------------------------------------------------------------
                  0.00    0.00    0.00   clock clk (rise edge)
                          0.00    0.00   clock network delay (ideal)
                          0.00    0.00 ^ input external delay
                  0.04    0.03    0.03 ^ a[0] (in)
     1    0.01                           a[0] (net)
                  0.04    0.00    0.03 ^ input1/A (sky130_fd_sc_hd__clkbuf_1)
                  0.13    0.14    0.17 ^ input1/X (sky130_fd_sc_hd__clkbuf_1)
     2    0.01                           net1 (net)
                  0.13    0.00    0.17 ^ ppa_pre_1_0.U1.xor2/A (sky130_fd_sc_hd__xor2_1)
                  0.30    0.31    0.48 ^ ppa_pre_1_0.U1.xor2/X (sky130_fd_sc_hd__xor2_1)
     3    0.01                           ppa_black_2_1.U1.B (net)
                  0.30    0.00    0.48 ^ ppa_black_2_1.U1.and2/B (sky130_fd_sc_hd__and2_1)
                  0.10    0.23    0.71 ^ ppa_black_2_1.U1.and2/X (sky130_fd_sc_hd__and2_1)
     2    0.01                           ppa_black_2_1.U1.Y (net)
                  0.10    0.00    0.71 ^ ppa_grey_2_2.U1.ao21/A2 (sky130_fd_sc_hd__a21o_1)
                  0.08    0.16    0.87 ^ ppa_grey_2_2.U1.ao21/X (sky130_fd_sc_hd__a21o_1)
     2    0.01                           ppa_buffer_2_3.U2.A (net)
                  0.08    0.00    0.87 ^ ppa_grey_6_3.U1.ao21/A1 (sky130_fd_sc_hd__a21o_1)
                  0.09    0.16    1.03 ^ ppa_grey_6_3.U1.ao21/X (sky130_fd_sc_hd__a21o_1)
     2    0.01                           ppa_grey_14_4.U1.A0 (net)
                  0.09    0.00    1.03 ^ ppa_grey_14_4.U1.ao21/A1 (sky130_fd_sc_hd__a21o_1)
                  0.07    0.14    1.17 ^ ppa_grey_14_4.U1.ao21/X (sky130_fd_sc_hd__a21o_1)
     1    0.01                           ppa_grey_14_4.U1.Y (net)
                  0.07    0.00    1.17 ^ ppa_post_14_5.U1.xor2/B (sky130_fd_sc_hd__xor2_1)
                  0.16    0.19    1.36 ^ ppa_post_14_5.U1.xor2/X (sky130_fd_sc_hd__xor2_1)
     1    0.01                           ppa_post_14_5.U1.Y (net)
                  0.16    0.00    1.36 ^ _14_/A (sky130_fd_sc_hd__clkbuf_1)
                  0.08    0.14    1.49 ^ _14_/X (sky130_fd_sc_hd__clkbuf_1)
     1    0.01                           net40 (net)
                  0.08    0.00    1.49 ^ output40/A (sky130_fd_sc_hd__buf_4)
                  0.11    0.18    1.67 ^ output40/X (sky130_fd_sc_hd__buf_4)
     1    0.03                           sum[14] (net)
                  0.11    0.00    1.68 ^ sum[14] (out)
                                  1.68   data arrival time

                  0.00    1.00    1.00   clock clk (rise edge)
                          0.00    1.00   clock network delay (ideal)
                         -0.25    0.75   clock uncertainty
                          0.00    0.75   clock reconvergence pessimism
                          0.00    0.75   output external delay
                                  0.75   data required time
-----------------------------------------------------------------------------
                                  0.75   data required time
                                 -1.68   data arrival time
-----------------------------------------------------------------------------
                                 -0.93   slack (VIOLATED)


Startpoint: a[0] (input port clocked by clk)
Endpoint: sum[12] (output port clocked by clk)
Path Group: clk
Path Type: max

Fanout     Cap    Slew   Delay    Time   Description
-----------------------------------------------------------------------------
                  0.00    0.00    0.00   clock clk (rise edge)
                          0.00    0.00   clock network delay (ideal)
                          0.00    0.00 ^ input external delay
                  0.04    0.03    0.03 ^ a[0] (in)
     1    0.01                           a[0] (net)
                  0.04    0.00    0.03 ^ input1/A (sky130_fd_sc_hd__clkbuf_1)
                  0.13    0.14    0.17 ^ input1/X (sky130_fd_sc_hd__clkbuf_1)
     2    0.01                           net1 (net)
                  0.13    0.00    0.17 ^ ppa_pre_1_0.U1.xor2/A (sky130_fd_sc_hd__xor2_1)
                  0.30    0.31    0.48 ^ ppa_pre_1_0.U1.xor2/X (sky130_fd_sc_hd__xor2_1)
     3    0.01                           ppa_black_2_1.U1.B (net)
                  0.30    0.00    0.48 ^ ppa_black_2_1.U1.and2/B (sky130_fd_sc_hd__and2_1)
                  0.10    0.23    0.71 ^ ppa_black_2_1.U1.and2/X (sky130_fd_sc_hd__and2_1)
     2    0.01                           ppa_black_2_1.U1.Y (net)
                  0.10    0.00    0.71 ^ ppa_black_4_2.U1.and2/B (sky130_fd_sc_hd__and2_1)
                  0.08    0.17    0.87 ^ ppa_black_4_2.U1.and2/X (sky130_fd_sc_hd__and2_1)
     2    0.01                           ppa_black_4_2.U1.Y (net)
                  0.08    0.00    0.87 ^ ppa_grey_4_3.U1.ao21/A2 (sky130_fd_sc_hd__a21o_1)
                  0.10    0.17    1.04 ^ ppa_grey_4_3.U1.ao21/X (sky130_fd_sc_hd__a21o_1)
     2    0.01                           ppa_grey_12_4.U1.A0 (net)
                  0.10    0.00    1.04 ^ ppa_grey_12_4.U1.ao21/A1 (sky130_fd_sc_hd__a21o_1)
                  0.06    0.14    1.18 ^ ppa_grey_12_4.U1.ao21/X (sky130_fd_sc_hd__a21o_1)
     1    0.01                           ppa_grey_12_4.U1.Y (net)
                  0.06    0.00    1.18 ^ ppa_post_12_5.U1.xor2/B (sky130_fd_sc_hd__xor2_1)
                  0.14    0.17    1.34 ^ ppa_post_12_5.U1.xor2/X (sky130_fd_sc_hd__xor2_1)
     1    0.00                           ppa_post_12_5.U1.Y (net)
                  0.14    0.00    1.34 ^ _12_/A (sky130_fd_sc_hd__clkbuf_1)
                  0.07    0.13    1.47 ^ _12_/X (sky130_fd_sc_hd__clkbuf_1)
     1    0.00                           net38 (net)
                  0.07    0.00    1.47 ^ output38/A (sky130_fd_sc_hd__buf_4)
                  0.11    0.15    1.62 ^ output38/X (sky130_fd_sc_hd__buf_4)
     1    0.03                           sum[12] (net)
                  0.14    0.05    1.67 ^ sum[12] (out)
                                  1.67   data arrival time

                  0.00    1.00    1.00   clock clk (rise edge)
                          0.00    1.00   clock network delay (ideal)
                         -0.25    0.75   clock uncertainty
                          0.00    0.75   clock reconvergence pessimism
                          0.00    0.75   output external delay
                                  0.75   data required time
-----------------------------------------------------------------------------
                                  0.75   data required time
                                 -1.67   data arrival time
-----------------------------------------------------------------------------
                                 -0.92   slack (VIOLATED)


