
===========================================================================
report_checks -unconstrained
============================================================================
Startpoint: a[2] (input port clocked by clk)
Endpoint: sum[15] (output port clocked by clk)
Path Group: clk
Path Type: max

Fanout     Cap    Slew   Delay    Time   Description
-----------------------------------------------------------------------------
                  0.00    0.00    0.00   clock clk (rise edge)
                          0.00    0.00   clock network delay (ideal)
                          0.00    0.00 v input external delay
                  0.02    0.01    0.01 v a[2] (in)
     1    0.01                           a[2] (net)
                  0.02    0.00    0.01 v input9/A (sky130_fd_sc_hd__clkbuf_1)
                  0.08    0.13    0.14 v input9/X (sky130_fd_sc_hd__clkbuf_1)
     2    0.01                           net9 (net)
                  0.08    0.00    0.14 v _094_/A (sky130_fd_sc_hd__and2_1)
                  0.07    0.19    0.34 v _094_/X (sky130_fd_sc_hd__and2_1)
     3    0.01                           _045_ (net)
                  0.07    0.00    0.34 v _096_/A (sky130_fd_sc_hd__nor2_1)
                  0.26    0.26    0.59 ^ _096_/Y (sky130_fd_sc_hd__nor2_1)
     3    0.01                           _047_ (net)
                  0.26    0.00    0.59 ^ _104_/A1 (sky130_fd_sc_hd__a211o_1)
                  0.09    0.22    0.81 ^ _104_/X (sky130_fd_sc_hd__a211o_1)
     2    0.01                           _055_ (net)
                  0.09    0.00    0.81 ^ _105_/D_N (sky130_fd_sc_hd__or4b_4)
                  0.09    0.50    1.31 v _105_/X (sky130_fd_sc_hd__or4b_4)
     2    0.01                           _056_ (net)
                  0.09    0.00    1.31 v _119_/A1 (sky130_fd_sc_hd__a2111o_1)
                  0.09    0.43    1.75 v _119_/X (sky130_fd_sc_hd__a2111o_1)
     2    0.01                           _070_ (net)
                  0.09    0.00    1.75 v _125_/A1 (sky130_fd_sc_hd__a21bo_1)
                  0.05    0.21    1.96 v _125_/X (sky130_fd_sc_hd__a21bo_1)
     2    0.01                           _001_ (net)
                  0.05    0.00    1.96 v _128_/A2 (sky130_fd_sc_hd__a31o_1)
                  0.06    0.24    2.20 v _128_/X (sky130_fd_sc_hd__a31o_1)
     2    0.01                           _004_ (net)
                  0.06    0.00    2.20 v _129_/A2 (sky130_fd_sc_hd__o21a_1)
                  0.10    0.25    2.44 v _129_/X (sky130_fd_sc_hd__o21a_1)
     2    0.02                           _005_ (net)
                  0.10    0.00    2.44 v _166_/A (sky130_fd_sc_hd__xnor2_2)
                  0.24    0.28    2.72 ^ _166_/Y (sky130_fd_sc_hd__xnor2_2)
     1    0.02                           net41 (net)
                  0.24    0.00    2.72 ^ output41/A (sky130_fd_sc_hd__buf_6)
                  0.09    0.19    2.92 ^ output41/X (sky130_fd_sc_hd__buf_6)
     1    0.03                           sum[15] (net)
                  0.09    0.00    2.92 ^ sum[15] (out)
                                  2.92   data arrival time

                  0.00    1.25    1.25   clock clk (rise edge)
                          0.00    1.25   clock network delay (ideal)
                         -0.25    1.00   clock uncertainty
                          0.00    1.00   clock reconvergence pessimism
                          0.00    1.00   output external delay
                                  1.00   data required time
-----------------------------------------------------------------------------
                                  1.00   data required time
                                 -2.92   data arrival time
-----------------------------------------------------------------------------
                                 -1.92   slack (VIOLATED)



===========================================================================
report_checks --slack_max -0.01
============================================================================
Startpoint: a[2] (input port clocked by clk)
Endpoint: sum[15] (output port clocked by clk)
Path Group: clk
Path Type: max

Fanout     Cap    Slew   Delay    Time   Description
-----------------------------------------------------------------------------
                  0.00    0.00    0.00   clock clk (rise edge)
                          0.00    0.00   clock network delay (ideal)
                          0.00    0.00 v input external delay
                  0.02    0.01    0.01 v a[2] (in)
     1    0.01                           a[2] (net)
                  0.02    0.00    0.01 v input9/A (sky130_fd_sc_hd__clkbuf_1)
                  0.08    0.13    0.14 v input9/X (sky130_fd_sc_hd__clkbuf_1)
     2    0.01                           net9 (net)
                  0.08    0.00    0.14 v _094_/A (sky130_fd_sc_hd__and2_1)
                  0.07    0.19    0.34 v _094_/X (sky130_fd_sc_hd__and2_1)
     3    0.01                           _045_ (net)
                  0.07    0.00    0.34 v _096_/A (sky130_fd_sc_hd__nor2_1)
                  0.26    0.26    0.59 ^ _096_/Y (sky130_fd_sc_hd__nor2_1)
     3    0.01                           _047_ (net)
                  0.26    0.00    0.59 ^ _104_/A1 (sky130_fd_sc_hd__a211o_1)
                  0.09    0.22    0.81 ^ _104_/X (sky130_fd_sc_hd__a211o_1)
     2    0.01                           _055_ (net)
                  0.09    0.00    0.81 ^ _105_/D_N (sky130_fd_sc_hd__or4b_4)
                  0.09    0.50    1.31 v _105_/X (sky130_fd_sc_hd__or4b_4)
     2    0.01                           _056_ (net)
                  0.09    0.00    1.31 v _119_/A1 (sky130_fd_sc_hd__a2111o_1)
                  0.09    0.43    1.75 v _119_/X (sky130_fd_sc_hd__a2111o_1)
     2    0.01                           _070_ (net)
                  0.09    0.00    1.75 v _125_/A1 (sky130_fd_sc_hd__a21bo_1)
                  0.05    0.21    1.96 v _125_/X (sky130_fd_sc_hd__a21bo_1)
     2    0.01                           _001_ (net)
                  0.05    0.00    1.96 v _128_/A2 (sky130_fd_sc_hd__a31o_1)
                  0.06    0.24    2.20 v _128_/X (sky130_fd_sc_hd__a31o_1)
     2    0.01                           _004_ (net)
                  0.06    0.00    2.20 v _129_/A2 (sky130_fd_sc_hd__o21a_1)
                  0.10    0.25    2.44 v _129_/X (sky130_fd_sc_hd__o21a_1)
     2    0.02                           _005_ (net)
                  0.10    0.00    2.44 v _166_/A (sky130_fd_sc_hd__xnor2_2)
                  0.24    0.28    2.72 ^ _166_/Y (sky130_fd_sc_hd__xnor2_2)
     1    0.02                           net41 (net)
                  0.24    0.00    2.72 ^ output41/A (sky130_fd_sc_hd__buf_6)
                  0.09    0.19    2.92 ^ output41/X (sky130_fd_sc_hd__buf_6)
     1    0.03                           sum[15] (net)
                  0.09    0.00    2.92 ^ sum[15] (out)
                                  2.92   data arrival time

                  0.00    1.25    1.25   clock clk (rise edge)
                          0.00    1.25   clock network delay (ideal)
                         -0.25    1.00   clock uncertainty
                          0.00    1.00   clock reconvergence pessimism
                          0.00    1.00   output external delay
                                  1.00   data required time
-----------------------------------------------------------------------------
                                  1.00   data required time
                                 -2.92   data arrival time
-----------------------------------------------------------------------------
                                 -1.92   slack (VIOLATED)


