
===========================================================================
report_checks -unconstrained
============================================================================

======================= Slowest Corner ===================================

Startpoint: b[6] (input port clocked by clk)
Endpoint: sum[15] (output port clocked by clk)
Path Group: clk
Path Type: max
Corner: ss

Fanout     Cap    Slew   Delay    Time   Description
-----------------------------------------------------------------------------
                  0.00    0.00    0.00   clock clk (rise edge)
                          0.00    0.00   clock network delay (ideal)
                          0.00    0.00 v input external delay
                  0.04    0.03    0.03 v b[6] (in)
     1    0.01                           b[6] (net)
                  0.04    0.00    0.03 v input29/A (sky130_fd_sc_hd__clkbuf_1)
                  0.12    0.21    0.24 v input29/X (sky130_fd_sc_hd__clkbuf_1)
     3    0.01                           net29 (net)
                  0.12    0.00    0.24 v _084_/B (sky130_fd_sc_hd__and2_1)
                  0.10    0.39    0.63 v _084_/X (sky130_fd_sc_hd__and2_1)
     2    0.01                           _035_ (net)
                  0.10    0.00    0.63 v _086_/B (sky130_fd_sc_hd__or3_4)
                  0.13    0.77    1.41 v _086_/X (sky130_fd_sc_hd__or3_4)
     2    0.01                           _037_ (net)
                  0.13    0.00    1.41 v _105_/B (sky130_fd_sc_hd__or4b_4)
                  0.17    1.12    2.53 v _105_/X (sky130_fd_sc_hd__or4b_4)
     3    0.01                           _056_ (net)
                  0.17    0.00    2.53 v _119_/A1 (sky130_fd_sc_hd__a2111o_1)
                  0.13    0.82    3.35 v _119_/X (sky130_fd_sc_hd__a2111o_1)
     2    0.01                           _070_ (net)
                  0.13    0.00    3.35 v _125_/A1 (sky130_fd_sc_hd__a21bo_1)
                  0.09    0.38    3.73 v _125_/X (sky130_fd_sc_hd__a21bo_1)
     2    0.01                           _001_ (net)
                  0.09    0.00    3.73 v _128_/A2 (sky130_fd_sc_hd__a31o_1)
                  0.09    0.42    4.15 v _128_/X (sky130_fd_sc_hd__a31o_1)
     2    0.01                           _004_ (net)
                  0.09    0.00    4.15 v _129_/A2 (sky130_fd_sc_hd__o21a_1)
                  0.12    0.39    4.54 v _129_/X (sky130_fd_sc_hd__o21a_1)
     2    0.01                           _005_ (net)
                  0.12    0.00    4.54 v _166_/A (sky130_fd_sc_hd__xnor2_1)
                  0.24    0.32    4.85 ^ _166_/Y (sky130_fd_sc_hd__xnor2_1)
     1    0.00                           net41 (net)
                  0.24    0.00    4.85 ^ output41/A (sky130_fd_sc_hd__buf_4)
                  0.17    0.38    5.23 ^ output41/X (sky130_fd_sc_hd__buf_4)
     1    0.03                           sum[15] (net)
                  0.17    0.00    5.23 ^ sum[15] (out)
                                  5.23   data arrival time

                  0.00    1.00    1.00   clock clk (rise edge)
                          0.00    1.00   clock network delay (ideal)
                         -0.25    0.75   clock uncertainty
                          0.00    0.75   clock reconvergence pessimism
                          0.00    0.75   output external delay
                                  0.75   data required time
-----------------------------------------------------------------------------
                                  0.75   data required time
                                 -5.23   data arrival time
-----------------------------------------------------------------------------
                                 -4.48   slack (VIOLATED)



======================= Typical Corner ===================================

Startpoint: b[6] (input port clocked by clk)
Endpoint: sum[15] (output port clocked by clk)
Path Group: clk
Path Type: max
Corner: tt

Fanout     Cap    Slew   Delay    Time   Description
-----------------------------------------------------------------------------
                  0.00    0.00    0.00   clock clk (rise edge)
                          0.00    0.00   clock network delay (ideal)
                          0.00    0.00 v input external delay
                  0.02    0.01    0.01 v b[6] (in)
     1    0.01                           b[6] (net)
                  0.02    0.00    0.01 v input29/A (sky130_fd_sc_hd__clkbuf_1)
                  0.06    0.11    0.13 v input29/X (sky130_fd_sc_hd__clkbuf_1)
     3    0.01                           net29 (net)
                  0.06    0.00    0.13 v _084_/B (sky130_fd_sc_hd__and2_1)
                  0.05    0.18    0.31 v _084_/X (sky130_fd_sc_hd__and2_1)
     2    0.01                           _035_ (net)
                  0.05    0.00    0.31 v _086_/B (sky130_fd_sc_hd__or3_4)
                  0.07    0.39    0.70 v _086_/X (sky130_fd_sc_hd__or3_4)
     2    0.01                           _037_ (net)
                  0.07    0.00    0.70 v _105_/B (sky130_fd_sc_hd__or4b_4)
                  0.09    0.56    1.26 v _105_/X (sky130_fd_sc_hd__or4b_4)
     3    0.01                           _056_ (net)
                  0.09    0.00    1.26 v _119_/A1 (sky130_fd_sc_hd__a2111o_1)
                  0.07    0.41    1.67 v _119_/X (sky130_fd_sc_hd__a2111o_1)
     2    0.01                           _070_ (net)
                  0.07    0.00    1.67 v _125_/A1 (sky130_fd_sc_hd__a21bo_1)
                  0.05    0.20    1.87 v _125_/X (sky130_fd_sc_hd__a21bo_1)
     2    0.01                           _001_ (net)
                  0.05    0.00    1.87 v _128_/A2 (sky130_fd_sc_hd__a31o_1)
                  0.05    0.23    2.09 v _128_/X (sky130_fd_sc_hd__a31o_1)
     2    0.01                           _004_ (net)
                  0.05    0.00    2.09 v _129_/A2 (sky130_fd_sc_hd__o21a_1)
                  0.06    0.21    2.30 v _129_/X (sky130_fd_sc_hd__o21a_1)
     2    0.01                           _005_ (net)
                  0.06    0.00    2.30 v _166_/A (sky130_fd_sc_hd__xnor2_1)
                  0.15    0.18    2.48 ^ _166_/Y (sky130_fd_sc_hd__xnor2_1)
     1    0.00                           net41 (net)
                  0.15    0.00    2.48 ^ output41/A (sky130_fd_sc_hd__buf_4)
                  0.11    0.20    2.68 ^ output41/X (sky130_fd_sc_hd__buf_4)
     1    0.03                           sum[15] (net)
                  0.11    0.00    2.69 ^ sum[15] (out)
                                  2.69   data arrival time

                  0.00    1.00    1.00   clock clk (rise edge)
                          0.00    1.00   clock network delay (ideal)
                         -0.25    0.75   clock uncertainty
                          0.00    0.75   clock reconvergence pessimism
                          0.00    0.75   output external delay
                                  0.75   data required time
-----------------------------------------------------------------------------
                                  0.75   data required time
                                 -2.69   data arrival time
-----------------------------------------------------------------------------
                                 -1.94   slack (VIOLATED)



======================= Fastest Corner ===================================

Startpoint: b[0] (input port clocked by clk)
Endpoint: cout (output port clocked by clk)
Path Group: clk
Path Type: max
Corner: ff

Fanout     Cap    Slew   Delay    Time   Description
-----------------------------------------------------------------------------
                  0.00    0.00    0.00   clock clk (rise edge)
                          0.00    0.00   clock network delay (ideal)
                          0.00    0.00 ^ input external delay
                  0.02    0.01    0.01 ^ b[0] (in)
     1    0.00                           b[0] (net)
                  0.02    0.00    0.01 ^ input17/A (sky130_fd_sc_hd__clkbuf_1)
                  0.07    0.08    0.09 ^ input17/X (sky130_fd_sc_hd__clkbuf_1)
     2    0.01                           net17 (net)
                  0.07    0.00    0.09 ^ _097_/B (sky130_fd_sc_hd__or2_1)
                  0.05    0.09    0.18 ^ _097_/X (sky130_fd_sc_hd__or2_1)
     2    0.01                           _048_ (net)
                  0.05    0.00    0.18 ^ _099_/A2 (sky130_fd_sc_hd__a21bo_1)
                  0.06    0.10    0.28 ^ _099_/X (sky130_fd_sc_hd__a21bo_1)
     2    0.01                           _050_ (net)
                  0.06    0.00    0.28 ^ _102_/A1 (sky130_fd_sc_hd__a21bo_1)
                  0.09    0.12    0.39 ^ _102_/X (sky130_fd_sc_hd__a21bo_1)
     3    0.01                           _053_ (net)
                  0.09    0.00    0.39 ^ _104_/A2 (sky130_fd_sc_hd__a211o_1)
                  0.04    0.09    0.49 ^ _104_/X (sky130_fd_sc_hd__a211o_1)
     2    0.00                           _055_ (net)
                  0.04    0.00    0.49 ^ _105_/D_N (sky130_fd_sc_hd__or4b_4)
                  0.06    0.29    0.78 v _105_/X (sky130_fd_sc_hd__or4b_4)
     3    0.01                           _056_ (net)
                  0.06    0.00    0.78 v _119_/A1 (sky130_fd_sc_hd__a2111o_1)
                  0.05    0.25    1.03 v _119_/X (sky130_fd_sc_hd__a2111o_1)
     2    0.01                           _070_ (net)
                  0.05    0.00    1.03 v _125_/A1 (sky130_fd_sc_hd__a21bo_1)
                  0.04    0.13    1.15 v _125_/X (sky130_fd_sc_hd__a21bo_1)
     2    0.01                           _001_ (net)
                  0.04    0.00    1.15 v _128_/A2 (sky130_fd_sc_hd__a31o_1)
                  0.04    0.15    1.30 v _128_/X (sky130_fd_sc_hd__a31o_1)
     2    0.01                           _004_ (net)
                  0.04    0.00    1.30 v _129_/A2 (sky130_fd_sc_hd__o21a_1)
                  0.05    0.13    1.43 v _129_/X (sky130_fd_sc_hd__o21a_1)
     2    0.01                           _005_ (net)
                  0.05    0.00    1.43 v _131_/A2 (sky130_fd_sc_hd__o21ai_1)
                  0.09    0.10    1.53 ^ _131_/Y (sky130_fd_sc_hd__o21ai_1)
     1    0.00                           net34 (net)
                  0.09    0.00    1.53 ^ output34/A (sky130_fd_sc_hd__buf_2)
                  0.13    0.16    1.69 ^ output34/X (sky130_fd_sc_hd__buf_2)
     1    0.03                           cout (net)
                  0.13    0.00    1.69 ^ cout (out)
                                  1.69   data arrival time

                  0.00    1.00    1.00   clock clk (rise edge)
                          0.00    1.00   clock network delay (ideal)
                         -0.25    0.75   clock uncertainty
                          0.00    0.75   clock reconvergence pessimism
                          0.00    0.75   output external delay
                                  0.75   data required time
-----------------------------------------------------------------------------
                                  0.75   data required time
                                 -1.69   data arrival time
-----------------------------------------------------------------------------
                                 -0.94   slack (VIOLATED)



===========================================================================
report_checks --slack_max -0.01
============================================================================

======================= Slowest Corner ===================================

Startpoint: b[6] (input port clocked by clk)
Endpoint: sum[15] (output port clocked by clk)
Path Group: clk
Path Type: max
Corner: ss

Fanout     Cap    Slew   Delay    Time   Description
-----------------------------------------------------------------------------
                  0.00    0.00    0.00   clock clk (rise edge)
                          0.00    0.00   clock network delay (ideal)
                          0.00    0.00 v input external delay
                  0.04    0.03    0.03 v b[6] (in)
     1    0.01                           b[6] (net)
                  0.04    0.00    0.03 v input29/A (sky130_fd_sc_hd__clkbuf_1)
                  0.12    0.21    0.24 v input29/X (sky130_fd_sc_hd__clkbuf_1)
     3    0.01                           net29 (net)
                  0.12    0.00    0.24 v _084_/B (sky130_fd_sc_hd__and2_1)
                  0.10    0.39    0.63 v _084_/X (sky130_fd_sc_hd__and2_1)
     2    0.01                           _035_ (net)
                  0.10    0.00    0.63 v _086_/B (sky130_fd_sc_hd__or3_4)
                  0.13    0.77    1.41 v _086_/X (sky130_fd_sc_hd__or3_4)
     2    0.01                           _037_ (net)
                  0.13    0.00    1.41 v _105_/B (sky130_fd_sc_hd__or4b_4)
                  0.17    1.12    2.53 v _105_/X (sky130_fd_sc_hd__or4b_4)
     3    0.01                           _056_ (net)
                  0.17    0.00    2.53 v _119_/A1 (sky130_fd_sc_hd__a2111o_1)
                  0.13    0.82    3.35 v _119_/X (sky130_fd_sc_hd__a2111o_1)
     2    0.01                           _070_ (net)
                  0.13    0.00    3.35 v _125_/A1 (sky130_fd_sc_hd__a21bo_1)
                  0.09    0.38    3.73 v _125_/X (sky130_fd_sc_hd__a21bo_1)
     2    0.01                           _001_ (net)
                  0.09    0.00    3.73 v _128_/A2 (sky130_fd_sc_hd__a31o_1)
                  0.09    0.42    4.15 v _128_/X (sky130_fd_sc_hd__a31o_1)
     2    0.01                           _004_ (net)
                  0.09    0.00    4.15 v _129_/A2 (sky130_fd_sc_hd__o21a_1)
                  0.12    0.39    4.54 v _129_/X (sky130_fd_sc_hd__o21a_1)
     2    0.01                           _005_ (net)
                  0.12    0.00    4.54 v _166_/A (sky130_fd_sc_hd__xnor2_1)
                  0.24    0.32    4.85 ^ _166_/Y (sky130_fd_sc_hd__xnor2_1)
     1    0.00                           net41 (net)
                  0.24    0.00    4.85 ^ output41/A (sky130_fd_sc_hd__buf_4)
                  0.17    0.38    5.23 ^ output41/X (sky130_fd_sc_hd__buf_4)
     1    0.03                           sum[15] (net)
                  0.17    0.00    5.23 ^ sum[15] (out)
                                  5.23   data arrival time

                  0.00    1.00    1.00   clock clk (rise edge)
                          0.00    1.00   clock network delay (ideal)
                         -0.25    0.75   clock uncertainty
                          0.00    0.75   clock reconvergence pessimism
                          0.00    0.75   output external delay
                                  0.75   data required time
-----------------------------------------------------------------------------
                                  0.75   data required time
                                 -5.23   data arrival time
-----------------------------------------------------------------------------
                                 -4.48   slack (VIOLATED)



======================= Typical Corner ===================================

Startpoint: b[6] (input port clocked by clk)
Endpoint: sum[15] (output port clocked by clk)
Path Group: clk
Path Type: max
Corner: tt

Fanout     Cap    Slew   Delay    Time   Description
-----------------------------------------------------------------------------
                  0.00    0.00    0.00   clock clk (rise edge)
                          0.00    0.00   clock network delay (ideal)
                          0.00    0.00 v input external delay
                  0.02    0.01    0.01 v b[6] (in)
     1    0.01                           b[6] (net)
                  0.02    0.00    0.01 v input29/A (sky130_fd_sc_hd__clkbuf_1)
                  0.06    0.11    0.13 v input29/X (sky130_fd_sc_hd__clkbuf_1)
     3    0.01                           net29 (net)
                  0.06    0.00    0.13 v _084_/B (sky130_fd_sc_hd__and2_1)
                  0.05    0.18    0.31 v _084_/X (sky130_fd_sc_hd__and2_1)
     2    0.01                           _035_ (net)
                  0.05    0.00    0.31 v _086_/B (sky130_fd_sc_hd__or3_4)
                  0.07    0.39    0.70 v _086_/X (sky130_fd_sc_hd__or3_4)
     2    0.01                           _037_ (net)
                  0.07    0.00    0.70 v _105_/B (sky130_fd_sc_hd__or4b_4)
                  0.09    0.56    1.26 v _105_/X (sky130_fd_sc_hd__or4b_4)
     3    0.01                           _056_ (net)
                  0.09    0.00    1.26 v _119_/A1 (sky130_fd_sc_hd__a2111o_1)
                  0.07    0.41    1.67 v _119_/X (sky130_fd_sc_hd__a2111o_1)
     2    0.01                           _070_ (net)
                  0.07    0.00    1.67 v _125_/A1 (sky130_fd_sc_hd__a21bo_1)
                  0.05    0.20    1.87 v _125_/X (sky130_fd_sc_hd__a21bo_1)
     2    0.01                           _001_ (net)
                  0.05    0.00    1.87 v _128_/A2 (sky130_fd_sc_hd__a31o_1)
                  0.05    0.23    2.09 v _128_/X (sky130_fd_sc_hd__a31o_1)
     2    0.01                           _004_ (net)
                  0.05    0.00    2.09 v _129_/A2 (sky130_fd_sc_hd__o21a_1)
                  0.06    0.21    2.30 v _129_/X (sky130_fd_sc_hd__o21a_1)
     2    0.01                           _005_ (net)
                  0.06    0.00    2.30 v _166_/A (sky130_fd_sc_hd__xnor2_1)
                  0.15    0.18    2.48 ^ _166_/Y (sky130_fd_sc_hd__xnor2_1)
     1    0.00                           net41 (net)
                  0.15    0.00    2.48 ^ output41/A (sky130_fd_sc_hd__buf_4)
                  0.11    0.20    2.68 ^ output41/X (sky130_fd_sc_hd__buf_4)
     1    0.03                           sum[15] (net)
                  0.11    0.00    2.69 ^ sum[15] (out)
                                  2.69   data arrival time

                  0.00    1.00    1.00   clock clk (rise edge)
                          0.00    1.00   clock network delay (ideal)
                         -0.25    0.75   clock uncertainty
                          0.00    0.75   clock reconvergence pessimism
                          0.00    0.75   output external delay
                                  0.75   data required time
-----------------------------------------------------------------------------
                                  0.75   data required time
                                 -2.69   data arrival time
-----------------------------------------------------------------------------
                                 -1.94   slack (VIOLATED)



======================= Fastest Corner ===================================

Startpoint: b[0] (input port clocked by clk)
Endpoint: cout (output port clocked by clk)
Path Group: clk
Path Type: max
Corner: ff

Fanout     Cap    Slew   Delay    Time   Description
-----------------------------------------------------------------------------
                  0.00    0.00    0.00   clock clk (rise edge)
                          0.00    0.00   clock network delay (ideal)
                          0.00    0.00 ^ input external delay
                  0.02    0.01    0.01 ^ b[0] (in)
     1    0.00                           b[0] (net)
                  0.02    0.00    0.01 ^ input17/A (sky130_fd_sc_hd__clkbuf_1)
                  0.07    0.08    0.09 ^ input17/X (sky130_fd_sc_hd__clkbuf_1)
     2    0.01                           net17 (net)
                  0.07    0.00    0.09 ^ _097_/B (sky130_fd_sc_hd__or2_1)
                  0.05    0.09    0.18 ^ _097_/X (sky130_fd_sc_hd__or2_1)
     2    0.01                           _048_ (net)
                  0.05    0.00    0.18 ^ _099_/A2 (sky130_fd_sc_hd__a21bo_1)
                  0.06    0.10    0.28 ^ _099_/X (sky130_fd_sc_hd__a21bo_1)
     2    0.01                           _050_ (net)
                  0.06    0.00    0.28 ^ _102_/A1 (sky130_fd_sc_hd__a21bo_1)
                  0.09    0.12    0.39 ^ _102_/X (sky130_fd_sc_hd__a21bo_1)
     3    0.01                           _053_ (net)
                  0.09    0.00    0.39 ^ _104_/A2 (sky130_fd_sc_hd__a211o_1)
                  0.04    0.09    0.49 ^ _104_/X (sky130_fd_sc_hd__a211o_1)
     2    0.00                           _055_ (net)
                  0.04    0.00    0.49 ^ _105_/D_N (sky130_fd_sc_hd__or4b_4)
                  0.06    0.29    0.78 v _105_/X (sky130_fd_sc_hd__or4b_4)
     3    0.01                           _056_ (net)
                  0.06    0.00    0.78 v _119_/A1 (sky130_fd_sc_hd__a2111o_1)
                  0.05    0.25    1.03 v _119_/X (sky130_fd_sc_hd__a2111o_1)
     2    0.01                           _070_ (net)
                  0.05    0.00    1.03 v _125_/A1 (sky130_fd_sc_hd__a21bo_1)
                  0.04    0.13    1.15 v _125_/X (sky130_fd_sc_hd__a21bo_1)
     2    0.01                           _001_ (net)
                  0.04    0.00    1.15 v _128_/A2 (sky130_fd_sc_hd__a31o_1)
                  0.04    0.15    1.30 v _128_/X (sky130_fd_sc_hd__a31o_1)
     2    0.01                           _004_ (net)
                  0.04    0.00    1.30 v _129_/A2 (sky130_fd_sc_hd__o21a_1)
                  0.05    0.13    1.43 v _129_/X (sky130_fd_sc_hd__o21a_1)
     2    0.01                           _005_ (net)
                  0.05    0.00    1.43 v _131_/A2 (sky130_fd_sc_hd__o21ai_1)
                  0.09    0.10    1.53 ^ _131_/Y (sky130_fd_sc_hd__o21ai_1)
     1    0.00                           net34 (net)
                  0.09    0.00    1.53 ^ output34/A (sky130_fd_sc_hd__buf_2)
                  0.13    0.16    1.69 ^ output34/X (sky130_fd_sc_hd__buf_2)
     1    0.03                           cout (net)
                  0.13    0.00    1.69 ^ cout (out)
                                  1.69   data arrival time

                  0.00    1.00    1.00   clock clk (rise edge)
                          0.00    1.00   clock network delay (ideal)
                         -0.25    0.75   clock uncertainty
                          0.00    0.75   clock reconvergence pessimism
                          0.00    0.75   output external delay
                                  0.75   data required time
-----------------------------------------------------------------------------
                                  0.75   data required time
                                 -1.69   data arrival time
-----------------------------------------------------------------------------
                                 -0.94   slack (VIOLATED)


