
===========================================================================
report_checks -path_delay max (Setup)
============================================================================
Startpoint: b[0] (input port clocked by clk)
Endpoint: sum[5] (output port clocked by clk)
Path Group: clk
Path Type: max

Fanout     Cap    Slew   Delay    Time   Description
-----------------------------------------------------------------------------
                  0.00    0.00    0.00   clock clk (rise edge)
                          0.00    0.00   clock network delay (ideal)
                          0.00    0.00 ^ input external delay
                  0.03    0.02    0.02 ^ b[0] (in)
     1    0.01                           b[0] (net)
                  0.03    0.00    0.02 ^ input9/A (sky130_fd_sc_hd__clkbuf_1)
                  0.11    0.13    0.15 ^ input9/X (sky130_fd_sc_hd__clkbuf_1)
     2    0.01                           net9 (net)
                  0.11    0.00    0.15 ^ ppa_pre_1_0.U1.xor2/B (sky130_fd_sc_hd__xor2_1)
                  0.17    0.20    0.35 ^ ppa_pre_1_0.U1.xor2/X (sky130_fd_sc_hd__xor2_1)
     2    0.01                           ppa_grey_1_1.U1.A1 (net)
                  0.17    0.00    0.35 ^ ppa_grey_1_1.U1.ao21/A2 (sky130_fd_sc_hd__a21o_1)
                  0.08    0.18    0.53 ^ ppa_grey_1_1.U1.ao21/X (sky130_fd_sc_hd__a21o_1)
     3    0.01                           ppa_grey_1_1.U1.Y (net)
                  0.08    0.00    0.53 ^ ppa_grey_3_2.U1.ao21/A1 (sky130_fd_sc_hd__a21o_1)
                  0.16    0.21    0.75 ^ ppa_grey_3_2.U1.ao21/X (sky130_fd_sc_hd__a21o_1)
     5    0.02                           ppa_grey_3_2.U1.Y (net)
                  0.16    0.00    0.75 ^ ppa_grey_5_3.U1.ao21/A1 (sky130_fd_sc_hd__a21o_1)
                  0.06    0.15    0.90 ^ ppa_grey_5_3.U1.ao21/X (sky130_fd_sc_hd__a21o_1)
     1    0.01                           ppa_grey_5_3.U1.Y (net)
                  0.06    0.00    0.90 ^ ppa_post_5_4.U1.xor2/B (sky130_fd_sc_hd__xor2_1)
                  0.15    0.17    1.07 ^ ppa_post_5_4.U1.xor2/X (sky130_fd_sc_hd__xor2_1)
     1    0.00                           ppa_post_5_4.U1.Y (net)
                  0.15    0.00    1.07 ^ _5_/A (sky130_fd_sc_hd__clkbuf_1)
                  0.08    0.14    1.21 ^ _5_/X (sky130_fd_sc_hd__clkbuf_1)
     1    0.01                           net24 (net)
                  0.08    0.00    1.21 ^ output24/A (sky130_fd_sc_hd__buf_6)
                  0.08    0.15    1.36 ^ output24/X (sky130_fd_sc_hd__buf_6)
     1    0.03                           sum[5] (net)
                  0.08    0.00    1.36 ^ sum[5] (out)
                                  1.36   data arrival time

                  0.00    1.00    1.00   clock clk (rise edge)
                          0.00    1.00   clock network delay (ideal)
                         -0.25    0.75   clock uncertainty
                          0.00    0.75   clock reconvergence pessimism
                          0.00    0.75   output external delay
                                  0.75   data required time
-----------------------------------------------------------------------------
                                  0.75   data required time
                                 -1.36   data arrival time
-----------------------------------------------------------------------------
                                 -0.61   slack (VIOLATED)


Startpoint: b[0] (input port clocked by clk)
Endpoint: sum[7] (output port clocked by clk)
Path Group: clk
Path Type: max

Fanout     Cap    Slew   Delay    Time   Description
-----------------------------------------------------------------------------
                  0.00    0.00    0.00   clock clk (rise edge)
                          0.00    0.00   clock network delay (ideal)
                          0.00    0.00 ^ input external delay
                  0.03    0.02    0.02 ^ b[0] (in)
     1    0.01                           b[0] (net)
                  0.03    0.00    0.02 ^ input9/A (sky130_fd_sc_hd__clkbuf_1)
                  0.11    0.13    0.15 ^ input9/X (sky130_fd_sc_hd__clkbuf_1)
     2    0.01                           net9 (net)
                  0.11    0.00    0.15 ^ ppa_pre_1_0.U1.xor2/B (sky130_fd_sc_hd__xor2_1)
                  0.17    0.20    0.35 ^ ppa_pre_1_0.U1.xor2/X (sky130_fd_sc_hd__xor2_1)
     2    0.01                           ppa_grey_1_1.U1.A1 (net)
                  0.17    0.00    0.35 ^ ppa_grey_1_1.U1.ao21/A2 (sky130_fd_sc_hd__a21o_1)
                  0.08    0.18    0.53 ^ ppa_grey_1_1.U1.ao21/X (sky130_fd_sc_hd__a21o_1)
     3    0.01                           ppa_grey_1_1.U1.Y (net)
                  0.08    0.00    0.53 ^ ppa_grey_3_2.U1.ao21/A1 (sky130_fd_sc_hd__a21o_1)
                  0.16    0.21    0.75 ^ ppa_grey_3_2.U1.ao21/X (sky130_fd_sc_hd__a21o_1)
     5    0.02                           ppa_grey_3_2.U1.Y (net)
                  0.16    0.00    0.75 ^ ppa_grey_7_3.U1.ao21/A1 (sky130_fd_sc_hd__a21o_1)
                  0.09    0.18    0.92 ^ ppa_grey_7_3.U1.ao21/X (sky130_fd_sc_hd__a21o_1)
     2    0.01                           ppa_grey_7_3.U1.Y (net)
                  0.09    0.00    0.92 ^ ppa_post_7_4.U1.xor2/B (sky130_fd_sc_hd__xor2_1)
                  0.12    0.16    1.08 ^ ppa_post_7_4.U1.xor2/X (sky130_fd_sc_hd__xor2_1)
     1    0.00                           ppa_post_7_4.U1.Y (net)
                  0.12    0.00    1.08 ^ _7_/A (sky130_fd_sc_hd__clkbuf_1)
                  0.07    0.13    1.21 ^ _7_/X (sky130_fd_sc_hd__clkbuf_1)
     1    0.01                           net26 (net)
                  0.07    0.00    1.21 ^ output26/A (sky130_fd_sc_hd__buf_6)
                  0.08    0.14    1.36 ^ output26/X (sky130_fd_sc_hd__buf_6)
     1    0.03                           sum[7] (net)
                  0.08    0.00    1.36 ^ sum[7] (out)
                                  1.36   data arrival time

                  0.00    1.00    1.00   clock clk (rise edge)
                          0.00    1.00   clock network delay (ideal)
                         -0.25    0.75   clock uncertainty
                          0.00    0.75   clock reconvergence pessimism
                          0.00    0.75   output external delay
                                  0.75   data required time
-----------------------------------------------------------------------------
                                  0.75   data required time
                                 -1.36   data arrival time
-----------------------------------------------------------------------------
                                 -0.61   slack (VIOLATED)


Startpoint: b[0] (input port clocked by clk)
Endpoint: sum[3] (output port clocked by clk)
Path Group: clk
Path Type: max

Fanout     Cap    Slew   Delay    Time   Description
-----------------------------------------------------------------------------
                  0.00    0.00    0.00   clock clk (rise edge)
                          0.00    0.00   clock network delay (ideal)
                          0.00    0.00 ^ input external delay
                  0.03    0.02    0.02 ^ b[0] (in)
     1    0.01                           b[0] (net)
                  0.03    0.00    0.02 ^ input9/A (sky130_fd_sc_hd__clkbuf_1)
                  0.11    0.13    0.15 ^ input9/X (sky130_fd_sc_hd__clkbuf_1)
     2    0.01                           net9 (net)
                  0.11    0.00    0.15 ^ ppa_pre_1_0.U1.xor2/B (sky130_fd_sc_hd__xor2_1)
                  0.17    0.20    0.35 ^ ppa_pre_1_0.U1.xor2/X (sky130_fd_sc_hd__xor2_1)
     2    0.01                           ppa_grey_1_1.U1.A1 (net)
                  0.17    0.00    0.35 ^ ppa_grey_1_1.U1.ao21/A2 (sky130_fd_sc_hd__a21o_1)
                  0.08    0.18    0.53 ^ ppa_grey_1_1.U1.ao21/X (sky130_fd_sc_hd__a21o_1)
     3    0.01                           ppa_grey_1_1.U1.Y (net)
                  0.08    0.00    0.53 ^ ppa_grey_3_2.U1.ao21/A1 (sky130_fd_sc_hd__a21o_1)
                  0.16    0.21    0.75 ^ ppa_grey_3_2.U1.ao21/X (sky130_fd_sc_hd__a21o_1)
     5    0.02                           ppa_grey_3_2.U1.Y (net)
                  0.16    0.00    0.75 ^ rebuffer1/A (sky130_fd_sc_hd__dlymetal6s2s_1)
                  0.08    0.15    0.90 ^ rebuffer1/X (sky130_fd_sc_hd__dlymetal6s2s_1)
     1    0.01                           net27 (net)
                  0.08    0.00    0.90 ^ ppa_post_3_4.U1.xor2/B (sky130_fd_sc_hd__xor2_1)
                  0.13    0.16    1.06 ^ ppa_post_3_4.U1.xor2/X (sky130_fd_sc_hd__xor2_1)
     1    0.00                           ppa_post_3_4.U1.Y (net)
                  0.13    0.00    1.06 ^ _3_/A (sky130_fd_sc_hd__clkbuf_1)
                  0.06    0.12    1.18 ^ _3_/X (sky130_fd_sc_hd__clkbuf_1)
     1    0.00                           net22 (net)
                  0.06    0.00    1.18 ^ output22/A (sky130_fd_sc_hd__buf_4)
                  0.11    0.17    1.35 ^ output22/X (sky130_fd_sc_hd__buf_4)
     1    0.03                           sum[3] (net)
                  0.11    0.00    1.35 ^ sum[3] (out)
                                  1.35   data arrival time

                  0.00    1.00    1.00   clock clk (rise edge)
                          0.00    1.00   clock network delay (ideal)
                         -0.25    0.75   clock uncertainty
                          0.00    0.75   clock reconvergence pessimism
                          0.00    0.75   output external delay
                                  0.75   data required time
-----------------------------------------------------------------------------
                                  0.75   data required time
                                 -1.35   data arrival time
-----------------------------------------------------------------------------
                                 -0.60   slack (VIOLATED)


Startpoint: b[0] (input port clocked by clk)
Endpoint: sum[4] (output port clocked by clk)
Path Group: clk
Path Type: max

Fanout     Cap    Slew   Delay    Time   Description
-----------------------------------------------------------------------------
                  0.00    0.00    0.00   clock clk (rise edge)
                          0.00    0.00   clock network delay (ideal)
                          0.00    0.00 ^ input external delay
                  0.03    0.02    0.02 ^ b[0] (in)
     1    0.01                           b[0] (net)
                  0.03    0.00    0.02 ^ input9/A (sky130_fd_sc_hd__clkbuf_1)
                  0.11    0.13    0.15 ^ input9/X (sky130_fd_sc_hd__clkbuf_1)
     2    0.01                           net9 (net)
                  0.11    0.00    0.15 ^ ppa_pre_1_0.U1.xor2/B (sky130_fd_sc_hd__xor2_1)
                  0.17    0.20    0.35 ^ ppa_pre_1_0.U1.xor2/X (sky130_fd_sc_hd__xor2_1)
     2    0.01                           ppa_grey_1_1.U1.A1 (net)
                  0.17    0.00    0.35 ^ ppa_grey_1_1.U1.ao21/A2 (sky130_fd_sc_hd__a21o_1)
                  0.08    0.18    0.53 ^ ppa_grey_1_1.U1.ao21/X (sky130_fd_sc_hd__a21o_1)
     3    0.01                           ppa_grey_1_1.U1.Y (net)
                  0.08    0.00    0.53 ^ ppa_grey_3_2.U1.ao21/A1 (sky130_fd_sc_hd__a21o_1)
                  0.16    0.21    0.75 ^ ppa_grey_3_2.U1.ao21/X (sky130_fd_sc_hd__a21o_1)
     5    0.02                           ppa_grey_3_2.U1.Y (net)
                  0.16    0.00    0.75 ^ ppa_grey_4_3.U1.ao21/A1 (sky130_fd_sc_hd__a21o_1)
                  0.06    0.16    0.91 ^ ppa_grey_4_3.U1.ao21/X (sky130_fd_sc_hd__a21o_1)
     1    0.01                           ppa_grey_4_3.U1.Y (net)
                  0.06    0.00    0.91 ^ ppa_post_4_4.U1.xor2/B (sky130_fd_sc_hd__xor2_1)
                  0.11    0.15    1.05 ^ ppa_post_4_4.U1.xor2/X (sky130_fd_sc_hd__xor2_1)
     1    0.00                           ppa_post_4_4.U1.Y (net)
                  0.11    0.00    1.05 ^ _4_/A (sky130_fd_sc_hd__clkbuf_1)
                  0.06    0.12    1.17 ^ _4_/X (sky130_fd_sc_hd__clkbuf_1)
     1    0.00                           net23 (net)
                  0.06    0.00    1.17 ^ output23/A (sky130_fd_sc_hd__buf_4)
                  0.11    0.17    1.35 ^ output23/X (sky130_fd_sc_hd__buf_4)
     1    0.03                           sum[4] (net)
                  0.11    0.00    1.35 ^ sum[4] (out)
                                  1.35   data arrival time

                  0.00    1.00    1.00   clock clk (rise edge)
                          0.00    1.00   clock network delay (ideal)
                         -0.25    0.75   clock uncertainty
                          0.00    0.75   clock reconvergence pessimism
                          0.00    0.75   output external delay
                                  0.75   data required time
-----------------------------------------------------------------------------
                                  0.75   data required time
                                 -1.35   data arrival time
-----------------------------------------------------------------------------
                                 -0.60   slack (VIOLATED)


Startpoint: b[0] (input port clocked by clk)
Endpoint: sum[6] (output port clocked by clk)
Path Group: clk
Path Type: max

Fanout     Cap    Slew   Delay    Time   Description
-----------------------------------------------------------------------------
                  0.00    0.00    0.00   clock clk (rise edge)
                          0.00    0.00   clock network delay (ideal)
                          0.00    0.00 ^ input external delay
                  0.03    0.02    0.02 ^ b[0] (in)
     1    0.01                           b[0] (net)
                  0.03    0.00    0.02 ^ input9/A (sky130_fd_sc_hd__clkbuf_1)
                  0.11    0.13    0.15 ^ input9/X (sky130_fd_sc_hd__clkbuf_1)
     2    0.01                           net9 (net)
                  0.11    0.00    0.15 ^ ppa_pre_1_0.U1.xor2/B (sky130_fd_sc_hd__xor2_1)
                  0.17    0.20    0.35 ^ ppa_pre_1_0.U1.xor2/X (sky130_fd_sc_hd__xor2_1)
     2    0.01                           ppa_grey_1_1.U1.A1 (net)
                  0.17    0.00    0.35 ^ ppa_grey_1_1.U1.ao21/A2 (sky130_fd_sc_hd__a21o_1)
                  0.08    0.18    0.53 ^ ppa_grey_1_1.U1.ao21/X (sky130_fd_sc_hd__a21o_1)
     3    0.01                           ppa_grey_1_1.U1.Y (net)
                  0.08    0.00    0.53 ^ ppa_grey_3_2.U1.ao21/A1 (sky130_fd_sc_hd__a21o_1)
                  0.16    0.21    0.75 ^ ppa_grey_3_2.U1.ao21/X (sky130_fd_sc_hd__a21o_1)
     5    0.02                           ppa_grey_3_2.U1.Y (net)
                  0.16    0.00    0.75 ^ ppa_grey_6_3.U1.ao21/A1 (sky130_fd_sc_hd__a21o_1)
                  0.06    0.15    0.90 ^ ppa_grey_6_3.U1.ao21/X (sky130_fd_sc_hd__a21o_1)
     1    0.01                           ppa_grey_6_3.U1.Y (net)
                  0.06    0.00    0.90 ^ ppa_post_6_4.U1.xor2/B (sky130_fd_sc_hd__xor2_1)
                  0.11    0.14    1.04 ^ ppa_post_6_4.U1.xor2/X (sky130_fd_sc_hd__xor2_1)
     1    0.00                           ppa_post_6_4.U1.Y (net)
                  0.11    0.00    1.04 ^ _6_/A (sky130_fd_sc_hd__clkbuf_1)
                  0.04    0.10    1.14 ^ _6_/X (sky130_fd_sc_hd__clkbuf_1)
     1    0.00                           net25 (net)
                  0.04    0.00    1.14 ^ output25/A (sky130_fd_sc_hd__buf_2)
                  0.17    0.21    1.35 ^ output25/X (sky130_fd_sc_hd__buf_2)
     1    0.03                           sum[6] (net)
                  0.17    0.00    1.35 ^ sum[6] (out)
                                  1.35   data arrival time

                  0.00    1.00    1.00   clock clk (rise edge)
                          0.00    1.00   clock network delay (ideal)
                         -0.25    0.75   clock uncertainty
                          0.00    0.75   clock reconvergence pessimism
                          0.00    0.75   output external delay
                                  0.75   data required time
-----------------------------------------------------------------------------
                                  0.75   data required time
                                 -1.35   data arrival time
-----------------------------------------------------------------------------
                                 -0.60   slack (VIOLATED)


