
===========================================================================
report_checks -unconstrained
============================================================================
Startpoint: b[0] (input port clocked by clk)
Endpoint: sum[6] (output port clocked by clk)
Path Group: clk
Path Type: max

Fanout     Cap    Slew   Delay    Time   Description
-----------------------------------------------------------------------------
                  0.00    0.00    0.00   clock clk (rise edge)
                          0.00    0.00   clock network delay (ideal)
                          0.00    0.00 ^ input external delay
                  0.07    0.05    0.05 ^ b[0] (in)
     2    0.01                           b[0] (net)
                  0.07    0.00    0.05 ^ _43_/A (sky130_fd_sc_hd__or2_2)
                  0.05    0.13    0.18 ^ _43_/X (sky130_fd_sc_hd__or2_2)
     2    0.01                           _08_ (net)
                  0.05    0.00    0.18 ^ _45_/A2 (sky130_fd_sc_hd__a21bo_2)
                  0.08    0.17    0.35 ^ _45_/X (sky130_fd_sc_hd__a21bo_2)
     2    0.01                           _10_ (net)
                  0.08    0.00    0.35 ^ _48_/A1 (sky130_fd_sc_hd__a21bo_2)
                  0.12    0.20    0.55 ^ _48_/X (sky130_fd_sc_hd__a21bo_2)
     3    0.02                           _13_ (net)
                  0.12    0.00    0.55 ^ _49_/B (sky130_fd_sc_hd__nand2_2)
                  0.07    0.08    0.63 v _49_/Y (sky130_fd_sc_hd__nand2_2)
     2    0.01                           _14_ (net)
                  0.07    0.00    0.63 v _57_/A1 (sky130_fd_sc_hd__a2111o_2)
                  0.08    0.46    1.09 v _57_/X (sky130_fd_sc_hd__a2111o_2)
     2    0.01                           _22_ (net)
                  0.08    0.00    1.09 v _74_/C (sky130_fd_sc_hd__and3_2)
                  0.06    0.25    1.34 v _74_/X (sky130_fd_sc_hd__and3_2)
     1    0.01                           _32_ (net)
                  0.06    0.00    1.34 v _76_/A (sky130_fd_sc_hd__xnor2_2)
                  0.50    0.45    1.80 ^ _76_/Y (sky130_fd_sc_hd__xnor2_2)
     1    0.03                           sum[6] (net)
                  0.50    0.00    1.80 ^ sum[6] (out)
                                  1.80   data arrival time

                  0.00    3.50    3.50   clock clk (rise edge)
                          0.00    3.50   clock network delay (ideal)
                         -0.25    3.25   clock uncertainty
                          0.00    3.25   clock reconvergence pessimism
                          0.00    3.25   output external delay
                                  3.25   data required time
-----------------------------------------------------------------------------
                                  3.25   data required time
                                 -1.80   data arrival time
-----------------------------------------------------------------------------
                                  1.45   slack (MET)



===========================================================================
report_checks --slack_max -0.01
============================================================================
No paths found.
