
===========================================================================
report_checks -path_delay max (Setup)
============================================================================
Startpoint: b[0] (input port clocked by clk)
Endpoint: sum[6] (output port clocked by clk)
Path Group: clk
Path Type: max

Fanout     Cap    Slew   Delay    Time   Description
-----------------------------------------------------------------------------
                  0.00    0.00    0.00   clock clk (rise edge)
                          0.00    0.00   clock network delay (ideal)
                          0.00    0.00 ^ input external delay
                  0.07    0.05    0.05 ^ b[0] (in)
     2    0.01                           b[0] (net)
                  0.07    0.00    0.05 ^ _43_/A (sky130_fd_sc_hd__or2_2)
                  0.05    0.13    0.18 ^ _43_/X (sky130_fd_sc_hd__or2_2)
     2    0.01                           _08_ (net)
                  0.05    0.00    0.18 ^ _45_/A2 (sky130_fd_sc_hd__a21bo_2)
                  0.08    0.17    0.35 ^ _45_/X (sky130_fd_sc_hd__a21bo_2)
     2    0.01                           _10_ (net)
                  0.08    0.00    0.35 ^ _48_/A1 (sky130_fd_sc_hd__a21bo_2)
                  0.12    0.20    0.55 ^ _48_/X (sky130_fd_sc_hd__a21bo_2)
     3    0.02                           _13_ (net)
                  0.12    0.00    0.55 ^ _49_/B (sky130_fd_sc_hd__nand2_2)
                  0.07    0.08    0.63 v _49_/Y (sky130_fd_sc_hd__nand2_2)
     2    0.01                           _14_ (net)
                  0.07    0.00    0.63 v _57_/A1 (sky130_fd_sc_hd__a2111o_2)
                  0.08    0.46    1.09 v _57_/X (sky130_fd_sc_hd__a2111o_2)
     2    0.01                           _22_ (net)
                  0.08    0.00    1.09 v _74_/C (sky130_fd_sc_hd__and3_2)
                  0.06    0.25    1.34 v _74_/X (sky130_fd_sc_hd__and3_2)
     1    0.01                           _32_ (net)
                  0.06    0.00    1.34 v _76_/A (sky130_fd_sc_hd__xnor2_2)
                  0.50    0.45    1.80 ^ _76_/Y (sky130_fd_sc_hd__xnor2_2)
     1    0.03                           sum[6] (net)
                  0.50    0.00    1.80 ^ sum[6] (out)
                                  1.80   data arrival time

                  0.00    3.50    3.50   clock clk (rise edge)
                          0.00    3.50   clock network delay (ideal)
                         -0.25    3.25   clock uncertainty
                          0.00    3.25   clock reconvergence pessimism
                          0.00    3.25   output external delay
                                  3.25   data required time
-----------------------------------------------------------------------------
                                  3.25   data required time
                                 -1.80   data arrival time
-----------------------------------------------------------------------------
                                  1.45   slack (MET)


Startpoint: b[0] (input port clocked by clk)
Endpoint: sum[7] (output port clocked by clk)
Path Group: clk
Path Type: max

Fanout     Cap    Slew   Delay    Time   Description
-----------------------------------------------------------------------------
                  0.00    0.00    0.00   clock clk (rise edge)
                          0.00    0.00   clock network delay (ideal)
                          0.00    0.00 v input external delay
                  0.03    0.02    0.02 v b[0] (in)
     2    0.01                           b[0] (net)
                  0.03    0.00    0.02 v _43_/A (sky130_fd_sc_hd__or2_2)
                  0.07    0.32    0.34 v _43_/X (sky130_fd_sc_hd__or2_2)
     2    0.01                           _08_ (net)
                  0.07    0.00    0.34 v _45_/A2 (sky130_fd_sc_hd__a21bo_2)
                  0.06    0.26    0.60 v _45_/X (sky130_fd_sc_hd__a21bo_2)
     2    0.01                           _10_ (net)
                  0.06    0.00    0.60 v _48_/A1 (sky130_fd_sc_hd__a21bo_2)
                  0.07    0.25    0.85 v _48_/X (sky130_fd_sc_hd__a21bo_2)
     3    0.02                           _13_ (net)
                  0.07    0.00    0.85 v _49_/B (sky130_fd_sc_hd__nand2_2)
                  0.06    0.09    0.94 ^ _49_/Y (sky130_fd_sc_hd__nand2_2)
     2    0.01                           _14_ (net)
                  0.06    0.00    0.94 ^ _57_/A1 (sky130_fd_sc_hd__a2111o_2)
                  0.05    0.15    1.09 ^ _57_/X (sky130_fd_sc_hd__a2111o_2)
     2    0.01                           _22_ (net)
                  0.05    0.00    1.09 ^ _59_/A4 (sky130_fd_sc_hd__a41oi_2)
                  0.16    0.18    1.28 v _59_/Y (sky130_fd_sc_hd__a41oi_2)
     2    0.02                           _24_ (net)
                  0.16    0.00    1.28 v _78_/A (sky130_fd_sc_hd__xnor2_2)
                  0.47    0.48    1.75 ^ _78_/Y (sky130_fd_sc_hd__xnor2_2)
     1    0.03                           sum[7] (net)
                  0.47    0.00    1.76 ^ sum[7] (out)
                                  1.76   data arrival time

                  0.00    3.50    3.50   clock clk (rise edge)
                          0.00    3.50   clock network delay (ideal)
                         -0.25    3.25   clock uncertainty
                          0.00    3.25   clock reconvergence pessimism
                          0.00    3.25   output external delay
                                  3.25   data required time
-----------------------------------------------------------------------------
                                  3.25   data required time
                                 -1.76   data arrival time
-----------------------------------------------------------------------------
                                  1.49   slack (MET)


Startpoint: b[0] (input port clocked by clk)
Endpoint: cout (output port clocked by clk)
Path Group: clk
Path Type: max

Fanout     Cap    Slew   Delay    Time   Description
-----------------------------------------------------------------------------
                  0.00    0.00    0.00   clock clk (rise edge)
                          0.00    0.00   clock network delay (ideal)
                          0.00    0.00 ^ input external delay
                  0.07    0.05    0.05 ^ b[0] (in)
     2    0.01                           b[0] (net)
                  0.07    0.00    0.05 ^ _43_/A (sky130_fd_sc_hd__or2_2)
                  0.05    0.13    0.18 ^ _43_/X (sky130_fd_sc_hd__or2_2)
     2    0.01                           _08_ (net)
                  0.05    0.00    0.18 ^ _45_/A2 (sky130_fd_sc_hd__a21bo_2)
                  0.08    0.17    0.35 ^ _45_/X (sky130_fd_sc_hd__a21bo_2)
     2    0.01                           _10_ (net)
                  0.08    0.00    0.35 ^ _48_/A1 (sky130_fd_sc_hd__a21bo_2)
                  0.12    0.20    0.55 ^ _48_/X (sky130_fd_sc_hd__a21bo_2)
     3    0.02                           _13_ (net)
                  0.12    0.00    0.55 ^ _49_/B (sky130_fd_sc_hd__nand2_2)
                  0.07    0.08    0.63 v _49_/Y (sky130_fd_sc_hd__nand2_2)
     2    0.01                           _14_ (net)
                  0.07    0.00    0.63 v _57_/A1 (sky130_fd_sc_hd__a2111o_2)
                  0.08    0.46    1.09 v _57_/X (sky130_fd_sc_hd__a2111o_2)
     2    0.01                           _22_ (net)
                  0.08    0.00    1.09 v _59_/A4 (sky130_fd_sc_hd__a41oi_2)
                  0.27    0.32    1.40 ^ _59_/Y (sky130_fd_sc_hd__a41oi_2)
     2    0.02                           _24_ (net)
                  0.27    0.00    1.40 ^ _61_/A2 (sky130_fd_sc_hd__a21bo_2)
                  0.23    0.34    1.74 ^ _61_/X (sky130_fd_sc_hd__a21bo_2)
     1    0.03                           cout (net)
                  0.23    0.00    1.75 ^ cout (out)
                                  1.75   data arrival time

                  0.00    3.50    3.50   clock clk (rise edge)
                          0.00    3.50   clock network delay (ideal)
                         -0.25    3.25   clock uncertainty
                          0.00    3.25   clock reconvergence pessimism
                          0.00    3.25   output external delay
                                  3.25   data required time
-----------------------------------------------------------------------------
                                  3.25   data required time
                                 -1.75   data arrival time
-----------------------------------------------------------------------------
                                  1.50   slack (MET)


Startpoint: b[0] (input port clocked by clk)
Endpoint: sum[5] (output port clocked by clk)
Path Group: clk
Path Type: max

Fanout     Cap    Slew   Delay    Time   Description
-----------------------------------------------------------------------------
                  0.00    0.00    0.00   clock clk (rise edge)
                          0.00    0.00   clock network delay (ideal)
                          0.00    0.00 v input external delay
                  0.03    0.02    0.02 v b[0] (in)
     2    0.01                           b[0] (net)
                  0.03    0.00    0.02 v _43_/A (sky130_fd_sc_hd__or2_2)
                  0.07    0.32    0.34 v _43_/X (sky130_fd_sc_hd__or2_2)
     2    0.01                           _08_ (net)
                  0.07    0.00    0.34 v _45_/A2 (sky130_fd_sc_hd__a21bo_2)
                  0.06    0.26    0.60 v _45_/X (sky130_fd_sc_hd__a21bo_2)
     2    0.01                           _10_ (net)
                  0.06    0.00    0.60 v _48_/A1 (sky130_fd_sc_hd__a21bo_2)
                  0.07    0.25    0.85 v _48_/X (sky130_fd_sc_hd__a21bo_2)
     3    0.02                           _13_ (net)
                  0.07    0.00    0.85 v _49_/B (sky130_fd_sc_hd__nand2_2)
                  0.06    0.09    0.94 ^ _49_/Y (sky130_fd_sc_hd__nand2_2)
     2    0.01                           _14_ (net)
                  0.06    0.00    0.94 ^ _70_/A1 (sky130_fd_sc_hd__a21oi_2)
                  0.07    0.08    1.02 v _70_/Y (sky130_fd_sc_hd__a21oi_2)
     2    0.01                           _30_ (net)
                  0.07    0.00    1.03 v _72_/A2 (sky130_fd_sc_hd__a21bo_2)
                  0.05    0.25    1.27 v _72_/X (sky130_fd_sc_hd__a21bo_2)
     1    0.01                           _31_ (net)
                  0.05    0.00    1.28 v _73_/B (sky130_fd_sc_hd__xnor2_2)
                  0.48    0.42    1.69 ^ _73_/Y (sky130_fd_sc_hd__xnor2_2)
     1    0.03                           sum[5] (net)
                  0.48    0.00    1.69 ^ sum[5] (out)
                                  1.69   data arrival time

                  0.00    3.50    3.50   clock clk (rise edge)
                          0.00    3.50   clock network delay (ideal)
                         -0.25    3.25   clock uncertainty
                          0.00    3.25   clock reconvergence pessimism
                          0.00    3.25   output external delay
                                  3.25   data required time
-----------------------------------------------------------------------------
                                  3.25   data required time
                                 -1.69   data arrival time
-----------------------------------------------------------------------------
                                  1.56   slack (MET)


Startpoint: b[0] (input port clocked by clk)
Endpoint: sum[3] (output port clocked by clk)
Path Group: clk
Path Type: max

Fanout     Cap    Slew   Delay    Time   Description
-----------------------------------------------------------------------------
                  0.00    0.00    0.00   clock clk (rise edge)
                          0.00    0.00   clock network delay (ideal)
                          0.00    0.00 v input external delay
                  0.03    0.02    0.02 v b[0] (in)
     2    0.01                           b[0] (net)
                  0.03    0.00    0.02 v _43_/A (sky130_fd_sc_hd__or2_2)
                  0.07    0.32    0.34 v _43_/X (sky130_fd_sc_hd__or2_2)
     2    0.01                           _08_ (net)
                  0.07    0.00    0.34 v _45_/A2 (sky130_fd_sc_hd__a21bo_2)
                  0.06    0.26    0.60 v _45_/X (sky130_fd_sc_hd__a21bo_2)
     2    0.01                           _10_ (net)
                  0.06    0.00    0.60 v _48_/A1 (sky130_fd_sc_hd__a21bo_2)
                  0.07    0.25    0.85 v _48_/X (sky130_fd_sc_hd__a21bo_2)
     3    0.02                           _13_ (net)
                  0.07    0.00    0.85 v _68_/A2 (sky130_fd_sc_hd__a21o_2)
                  0.05    0.25    1.10 v _68_/X (sky130_fd_sc_hd__a21o_2)
     1    0.01                           _29_ (net)
                  0.05    0.00    1.10 v _69_/B (sky130_fd_sc_hd__xnor2_2)
                  0.47    0.41    1.50 ^ _69_/Y (sky130_fd_sc_hd__xnor2_2)
     1    0.03                           sum[3] (net)
                  0.47    0.00    1.50 ^ sum[3] (out)
                                  1.50   data arrival time

                  0.00    3.50    3.50   clock clk (rise edge)
                          0.00    3.50   clock network delay (ideal)
                         -0.25    3.25   clock uncertainty
                          0.00    3.25   clock reconvergence pessimism
                          0.00    3.25   output external delay
                                  3.25   data required time
-----------------------------------------------------------------------------
                                  3.25   data required time
                                 -1.50   data arrival time
-----------------------------------------------------------------------------
                                  1.75   slack (MET)


