
===========================================================================
report_checks -path_delay max (Setup)
============================================================================

======================= Slowest Corner ===================================

Startpoint: a[0] (input port clocked by clk)
Endpoint: cout (output port clocked by clk)
Path Group: clk
Path Type: max
Corner: ss

Fanout     Cap    Slew   Delay    Time   Description
-----------------------------------------------------------------------------
                  0.00    0.00    0.00   clock clk (rise edge)
                          0.00    0.00   clock network delay (ideal)
                          0.00    0.00 v input external delay
                  0.02    0.01    0.01 v a[0] (in)
     1    0.00                           a[0] (net)
                  0.02    0.00    0.01 v input1/A (sky130_fd_sc_hd__clkbuf_1)
                  0.07    0.17    0.18 v input1/X (sky130_fd_sc_hd__clkbuf_1)
     2    0.01                           net1 (net)
                  0.07    0.00    0.18 v _17_/A (sky130_fd_sc_hd__or2_1)
                  0.14    0.58    0.76 v _17_/X (sky130_fd_sc_hd__or2_1)
     2    0.01                           _02_ (net)
                  0.14    0.00    0.76 v _19_/A2 (sky130_fd_sc_hd__a21boi_2)
                  0.17    0.28    1.04 ^ _19_/Y (sky130_fd_sc_hd__a21boi_2)
     2    0.01                           _04_ (net)
                  0.17    0.00    1.04 ^ _22_/A1 (sky130_fd_sc_hd__o21ba_1)
                  0.14    0.36    1.40 ^ _22_/X (sky130_fd_sc_hd__o21ba_1)
     2    0.01                           _07_ (net)
                  0.14    0.00    1.40 ^ _24_/A2 (sky130_fd_sc_hd__o21ai_2)
                  0.11    0.16    1.56 v _24_/Y (sky130_fd_sc_hd__o21ai_2)
     2    0.01                           _09_ (net)
                  0.11    0.00    1.56 v _26_/A2 (sky130_fd_sc_hd__a21bo_1)
                  0.08    0.39    1.96 v _26_/X (sky130_fd_sc_hd__a21bo_1)
     1    0.01                           net10 (net)
                  0.08    0.00    1.96 v output10/A (sky130_fd_sc_hd__buf_6)
                  0.08    0.27    2.22 v output10/X (sky130_fd_sc_hd__buf_6)
     1    0.03                           cout (net)
                  0.08    0.00    2.23 v cout (out)
                                  2.23   data arrival time

                  0.00    1.00    1.00   clock clk (rise edge)
                          0.00    1.00   clock network delay (ideal)
                         -0.25    0.75   clock uncertainty
                          0.00    0.75   clock reconvergence pessimism
                          0.00    0.75   output external delay
                                  0.75   data required time
-----------------------------------------------------------------------------
                                  0.75   data required time
                                 -2.23   data arrival time
-----------------------------------------------------------------------------
                                 -1.48   slack (VIOLATED)


Startpoint: a[0] (input port clocked by clk)
Endpoint: sum[3] (output port clocked by clk)
Path Group: clk
Path Type: max
Corner: ss

Fanout     Cap    Slew   Delay    Time   Description
-----------------------------------------------------------------------------
                  0.00    0.00    0.00   clock clk (rise edge)
                          0.00    0.00   clock network delay (ideal)
                          0.00    0.00 v input external delay
                  0.02    0.01    0.01 v a[0] (in)
     1    0.00                           a[0] (net)
                  0.02    0.00    0.01 v input1/A (sky130_fd_sc_hd__clkbuf_1)
                  0.07    0.17    0.18 v input1/X (sky130_fd_sc_hd__clkbuf_1)
     2    0.01                           net1 (net)
                  0.07    0.00    0.18 v _17_/A (sky130_fd_sc_hd__or2_1)
                  0.14    0.58    0.76 v _17_/X (sky130_fd_sc_hd__or2_1)
     2    0.01                           _02_ (net)
                  0.14    0.00    0.76 v _19_/A2 (sky130_fd_sc_hd__a21boi_2)
                  0.17    0.28    1.04 ^ _19_/Y (sky130_fd_sc_hd__a21boi_2)
     2    0.01                           _04_ (net)
                  0.17    0.00    1.04 ^ _22_/A1 (sky130_fd_sc_hd__o21ba_1)
                  0.14    0.36    1.40 ^ _22_/X (sky130_fd_sc_hd__o21ba_1)
     2    0.01                           _07_ (net)
                  0.14    0.00    1.40 ^ _24_/A2 (sky130_fd_sc_hd__o21ai_2)
                  0.11    0.16    1.56 v _24_/Y (sky130_fd_sc_hd__o21ai_2)
     2    0.01                           _09_ (net)
                  0.11    0.00    1.56 v _34_/A (sky130_fd_sc_hd__xnor2_1)
                  0.21    0.29    1.85 ^ _34_/Y (sky130_fd_sc_hd__xnor2_1)
     1    0.00                           net14 (net)
                  0.21    0.00    1.85 ^ output14/A (sky130_fd_sc_hd__buf_4)
                  0.17    0.36    2.21 ^ output14/X (sky130_fd_sc_hd__buf_4)
     1    0.03                           sum[3] (net)
                  0.17    0.00    2.21 ^ sum[3] (out)
                                  2.21   data arrival time

                  0.00    1.00    1.00   clock clk (rise edge)
                          0.00    1.00   clock network delay (ideal)
                         -0.25    0.75   clock uncertainty
                          0.00    0.75   clock reconvergence pessimism
                          0.00    0.75   output external delay
                                  0.75   data required time
-----------------------------------------------------------------------------
                                  0.75   data required time
                                 -2.21   data arrival time
-----------------------------------------------------------------------------
                                 -1.46   slack (VIOLATED)


Startpoint: a[0] (input port clocked by clk)
Endpoint: sum[2] (output port clocked by clk)
Path Group: clk
Path Type: max
Corner: ss

Fanout     Cap    Slew   Delay    Time   Description
-----------------------------------------------------------------------------
                  0.00    0.00    0.00   clock clk (rise edge)
                          0.00    0.00   clock network delay (ideal)
                          0.00    0.00 v input external delay
                  0.02    0.01    0.01 v a[0] (in)
     1    0.00                           a[0] (net)
                  0.02    0.00    0.01 v input1/A (sky130_fd_sc_hd__clkbuf_1)
                  0.07    0.17    0.18 v input1/X (sky130_fd_sc_hd__clkbuf_1)
     2    0.01                           net1 (net)
                  0.07    0.00    0.18 v _17_/A (sky130_fd_sc_hd__or2_1)
                  0.14    0.58    0.76 v _17_/X (sky130_fd_sc_hd__or2_1)
     2    0.01                           _02_ (net)
                  0.14    0.00    0.76 v _19_/A2 (sky130_fd_sc_hd__a21boi_2)
                  0.17    0.28    1.04 ^ _19_/Y (sky130_fd_sc_hd__a21boi_2)
     2    0.01                           _04_ (net)
                  0.17    0.00    1.04 ^ _22_/A1 (sky130_fd_sc_hd__o21ba_1)
                  0.14    0.36    1.40 ^ _22_/X (sky130_fd_sc_hd__o21ba_1)
     2    0.01                           _07_ (net)
                  0.14    0.00    1.40 ^ rebuffer1/A (sky130_fd_sc_hd__buf_2)
                  0.06    0.23    1.63 ^ rebuffer1/X (sky130_fd_sc_hd__buf_2)
     1    0.01                           net15 (net)
                  0.06    0.00    1.63 ^ _32_/A (sky130_fd_sc_hd__xnor2_1)
                  0.19    0.21    1.84 ^ _32_/Y (sky130_fd_sc_hd__xnor2_1)
     1    0.00                           net13 (net)
                  0.19    0.00    1.84 ^ output13/A (sky130_fd_sc_hd__buf_4)
                  0.17    0.36    2.20 ^ output13/X (sky130_fd_sc_hd__buf_4)
     1    0.03                           sum[2] (net)
                  0.17    0.00    2.20 ^ sum[2] (out)
                                  2.20   data arrival time

                  0.00    1.00    1.00   clock clk (rise edge)
                          0.00    1.00   clock network delay (ideal)
                         -0.25    0.75   clock uncertainty
                          0.00    0.75   clock reconvergence pessimism
                          0.00    0.75   output external delay
                                  0.75   data required time
-----------------------------------------------------------------------------
                                  0.75   data required time
                                 -2.20   data arrival time
-----------------------------------------------------------------------------
                                 -1.45   slack (VIOLATED)


Startpoint: a[0] (input port clocked by clk)
Endpoint: sum[1] (output port clocked by clk)
Path Group: clk
Path Type: max
Corner: ss

Fanout     Cap    Slew   Delay    Time   Description
-----------------------------------------------------------------------------
                  0.00    0.00    0.00   clock clk (rise edge)
                          0.00    0.00   clock network delay (ideal)
                          0.00    0.00 v input external delay
                  0.02    0.01    0.01 v a[0] (in)
     1    0.00                           a[0] (net)
                  0.02    0.00    0.01 v input1/A (sky130_fd_sc_hd__clkbuf_1)
                  0.07    0.17    0.18 v input1/X (sky130_fd_sc_hd__clkbuf_1)
     2    0.01                           net1 (net)
                  0.07    0.00    0.18 v _17_/A (sky130_fd_sc_hd__or2_1)
                  0.14    0.58    0.76 v _17_/X (sky130_fd_sc_hd__or2_1)
     2    0.01                           _02_ (net)
                  0.14    0.00    0.76 v _19_/A2 (sky130_fd_sc_hd__a21boi_2)
                  0.17    0.28    1.04 ^ _19_/Y (sky130_fd_sc_hd__a21boi_2)
     2    0.01                           _04_ (net)
                  0.17    0.00    1.04 ^ rebuffer2/A (sky130_fd_sc_hd__dlygate4sd1_1)
                  0.10    0.46    1.50 ^ rebuffer2/X (sky130_fd_sc_hd__dlygate4sd1_1)
     1    0.01                           net16 (net)
                  0.10    0.00    1.50 ^ _30_/A (sky130_fd_sc_hd__xnor2_1)
                  0.19    0.22    1.72 ^ _30_/Y (sky130_fd_sc_hd__xnor2_1)
     1    0.00                           net12 (net)
                  0.19    0.00    1.72 ^ output12/A (sky130_fd_sc_hd__buf_2)
                  0.28    0.43    2.15 ^ output12/X (sky130_fd_sc_hd__buf_2)
     1    0.03                           sum[1] (net)
                  0.28    0.00    2.15 ^ sum[1] (out)
                                  2.15   data arrival time

                  0.00    1.00    1.00   clock clk (rise edge)
                          0.00    1.00   clock network delay (ideal)
                         -0.25    0.75   clock uncertainty
                          0.00    0.75   clock reconvergence pessimism
                          0.00    0.75   output external delay
                                  0.75   data required time
-----------------------------------------------------------------------------
                                  0.75   data required time
                                 -2.15   data arrival time
-----------------------------------------------------------------------------
                                 -1.40   slack (VIOLATED)


Startpoint: a[0] (input port clocked by clk)
Endpoint: sum[0] (output port clocked by clk)
Path Group: clk
Path Type: max
Corner: ss

Fanout     Cap    Slew   Delay    Time   Description
-----------------------------------------------------------------------------
                  0.00    0.00    0.00   clock clk (rise edge)
                          0.00    0.00   clock network delay (ideal)
                          0.00    0.00 v input external delay
                  0.02    0.01    0.01 v a[0] (in)
     1    0.00                           a[0] (net)
                  0.02    0.00    0.01 v input1/A (sky130_fd_sc_hd__clkbuf_1)
                  0.07    0.17    0.18 v input1/X (sky130_fd_sc_hd__clkbuf_1)
     2    0.01                           net1 (net)
                  0.07    0.00    0.18 v _17_/A (sky130_fd_sc_hd__or2_1)
                  0.14    0.58    0.76 v _17_/X (sky130_fd_sc_hd__or2_1)
     2    0.01                           _02_ (net)
                  0.14    0.00    0.76 v rebuffer3/A (sky130_fd_sc_hd__dlygate4sd1_1)
                  0.06    0.53    1.29 v rebuffer3/X (sky130_fd_sc_hd__dlygate4sd1_1)
     1    0.00                           net17 (net)
                  0.06    0.00    1.29 v _27_/B (sky130_fd_sc_hd__nand2_1)
                  0.10    0.13    1.41 ^ _27_/Y (sky130_fd_sc_hd__nand2_1)
     1    0.01                           _11_ (net)
                  0.10    0.00    1.41 ^ _28_/B (sky130_fd_sc_hd__xnor2_1)
                  0.20    0.22    1.63 ^ _28_/Y (sky130_fd_sc_hd__xnor2_1)
     1    0.00                           net11 (net)
                  0.20    0.00    1.63 ^ output11/A (sky130_fd_sc_hd__buf_2)
                  0.27    0.42    2.05 ^ output11/X (sky130_fd_sc_hd__buf_2)
     1    0.03                           sum[0] (net)
                  0.27    0.00    2.05 ^ sum[0] (out)
                                  2.05   data arrival time

                  0.00    1.00    1.00   clock clk (rise edge)
                          0.00    1.00   clock network delay (ideal)
                         -0.25    0.75   clock uncertainty
                          0.00    0.75   clock reconvergence pessimism
                          0.00    0.75   output external delay
                                  0.75   data required time
-----------------------------------------------------------------------------
                                  0.75   data required time
                                 -2.05   data arrival time
-----------------------------------------------------------------------------
                                 -1.30   slack (VIOLATED)



======================= Typical Corner ===================================

Startpoint: a[0] (input port clocked by clk)
Endpoint: sum[3] (output port clocked by clk)
Path Group: clk
Path Type: max
Corner: tt

Fanout     Cap    Slew   Delay    Time   Description
-----------------------------------------------------------------------------
                  0.00    0.00    0.00   clock clk (rise edge)
                          0.00    0.00   clock network delay (ideal)
                          0.00    0.00 v input external delay
                  0.01    0.00    0.00 v a[0] (in)
     1    0.00                           a[0] (net)
                  0.01    0.00    0.00 v input1/A (sky130_fd_sc_hd__clkbuf_1)
                  0.04    0.09    0.09 v input1/X (sky130_fd_sc_hd__clkbuf_1)
     2    0.01                           net1 (net)
                  0.04    0.00    0.09 v _17_/A (sky130_fd_sc_hd__or2_1)
                  0.07    0.26    0.35 v _17_/X (sky130_fd_sc_hd__or2_1)
     2    0.01                           _02_ (net)
                  0.07    0.00    0.35 v _19_/A2 (sky130_fd_sc_hd__a21boi_2)
                  0.10    0.16    0.51 ^ _19_/Y (sky130_fd_sc_hd__a21boi_2)
     2    0.01                           _04_ (net)
                  0.10    0.00    0.51 ^ _22_/A1 (sky130_fd_sc_hd__o21ba_1)
                  0.09    0.18    0.70 ^ _22_/X (sky130_fd_sc_hd__o21ba_1)
     2    0.01                           _07_ (net)
                  0.09    0.00    0.70 ^ _24_/A2 (sky130_fd_sc_hd__o21ai_2)
                  0.06    0.08    0.77 v _24_/Y (sky130_fd_sc_hd__o21ai_2)
     2    0.01                           _09_ (net)
                  0.06    0.00    0.77 v _34_/A (sky130_fd_sc_hd__xnor2_1)
                  0.13    0.17    0.94 ^ _34_/Y (sky130_fd_sc_hd__xnor2_1)
     1    0.00                           net14 (net)
                  0.13    0.00    0.94 ^ output14/A (sky130_fd_sc_hd__buf_4)
                  0.10    0.20    1.14 ^ output14/X (sky130_fd_sc_hd__buf_4)
     1    0.03                           sum[3] (net)
                  0.10    0.00    1.14 ^ sum[3] (out)
                                  1.14   data arrival time

                  0.00    1.00    1.00   clock clk (rise edge)
                          0.00    1.00   clock network delay (ideal)
                         -0.25    0.75   clock uncertainty
                          0.00    0.75   clock reconvergence pessimism
                          0.00    0.75   output external delay
                                  0.75   data required time
-----------------------------------------------------------------------------
                                  0.75   data required time
                                 -1.14   data arrival time
-----------------------------------------------------------------------------
                                 -0.39   slack (VIOLATED)


Startpoint: a[0] (input port clocked by clk)
Endpoint: cout (output port clocked by clk)
Path Group: clk
Path Type: max
Corner: tt

Fanout     Cap    Slew   Delay    Time   Description
-----------------------------------------------------------------------------
                  0.00    0.00    0.00   clock clk (rise edge)
                          0.00    0.00   clock network delay (ideal)
                          0.00    0.00 v input external delay
                  0.01    0.00    0.00 v a[0] (in)
     1    0.00                           a[0] (net)
                  0.01    0.00    0.00 v input1/A (sky130_fd_sc_hd__clkbuf_1)
                  0.04    0.09    0.09 v input1/X (sky130_fd_sc_hd__clkbuf_1)
     2    0.01                           net1 (net)
                  0.04    0.00    0.09 v _17_/A (sky130_fd_sc_hd__or2_1)
                  0.07    0.26    0.35 v _17_/X (sky130_fd_sc_hd__or2_1)
     2    0.01                           _02_ (net)
                  0.07    0.00    0.35 v _19_/A2 (sky130_fd_sc_hd__a21boi_2)
                  0.10    0.16    0.51 ^ _19_/Y (sky130_fd_sc_hd__a21boi_2)
     2    0.01                           _04_ (net)
                  0.10    0.00    0.51 ^ _22_/A1 (sky130_fd_sc_hd__o21ba_1)
                  0.09    0.18    0.70 ^ _22_/X (sky130_fd_sc_hd__o21ba_1)
     2    0.01                           _07_ (net)
                  0.09    0.00    0.70 ^ _24_/A2 (sky130_fd_sc_hd__o21ai_2)
                  0.06    0.08    0.77 v _24_/Y (sky130_fd_sc_hd__o21ai_2)
     2    0.01                           _09_ (net)
                  0.06    0.00    0.77 v _26_/A2 (sky130_fd_sc_hd__a21bo_1)
                  0.04    0.21    0.98 v _26_/X (sky130_fd_sc_hd__a21bo_1)
     1    0.01                           net10 (net)
                  0.04    0.00    0.99 v output10/A (sky130_fd_sc_hd__buf_6)
                  0.05    0.14    1.13 v output10/X (sky130_fd_sc_hd__buf_6)
     1    0.03                           cout (net)
                  0.05    0.00    1.13 v cout (out)
                                  1.13   data arrival time

                  0.00    1.00    1.00   clock clk (rise edge)
                          0.00    1.00   clock network delay (ideal)
                         -0.25    0.75   clock uncertainty
                          0.00    0.75   clock reconvergence pessimism
                          0.00    0.75   output external delay
                                  0.75   data required time
-----------------------------------------------------------------------------
                                  0.75   data required time
                                 -1.13   data arrival time
-----------------------------------------------------------------------------
                                 -0.38   slack (VIOLATED)


Startpoint: a[0] (input port clocked by clk)
Endpoint: sum[2] (output port clocked by clk)
Path Group: clk
Path Type: max
Corner: tt

Fanout     Cap    Slew   Delay    Time   Description
-----------------------------------------------------------------------------
                  0.00    0.00    0.00   clock clk (rise edge)
                          0.00    0.00   clock network delay (ideal)
                          0.00    0.00 v input external delay
                  0.01    0.00    0.00 v a[0] (in)
     1    0.00                           a[0] (net)
                  0.01    0.00    0.00 v input1/A (sky130_fd_sc_hd__clkbuf_1)
                  0.04    0.09    0.09 v input1/X (sky130_fd_sc_hd__clkbuf_1)
     2    0.01                           net1 (net)
                  0.04    0.00    0.09 v _17_/A (sky130_fd_sc_hd__or2_1)
                  0.07    0.26    0.35 v _17_/X (sky130_fd_sc_hd__or2_1)
     2    0.01                           _02_ (net)
                  0.07    0.00    0.35 v _19_/A2 (sky130_fd_sc_hd__a21boi_2)
                  0.10    0.16    0.51 ^ _19_/Y (sky130_fd_sc_hd__a21boi_2)
     2    0.01                           _04_ (net)
                  0.10    0.00    0.51 ^ _22_/A1 (sky130_fd_sc_hd__o21ba_1)
                  0.09    0.18    0.70 ^ _22_/X (sky130_fd_sc_hd__o21ba_1)
     2    0.01                           _07_ (net)
                  0.09    0.00    0.70 ^ rebuffer1/A (sky130_fd_sc_hd__buf_2)
                  0.04    0.12    0.82 ^ rebuffer1/X (sky130_fd_sc_hd__buf_2)
     1    0.01                           net15 (net)
                  0.04    0.00    0.82 ^ _32_/A (sky130_fd_sc_hd__xnor2_1)
                  0.12    0.11    0.93 ^ _32_/Y (sky130_fd_sc_hd__xnor2_1)
     1    0.00                           net13 (net)
                  0.12    0.00    0.93 ^ output13/A (sky130_fd_sc_hd__buf_4)
                  0.10    0.19    1.12 ^ output13/X (sky130_fd_sc_hd__buf_4)
     1    0.03                           sum[2] (net)
                  0.10    0.00    1.13 ^ sum[2] (out)
                                  1.13   data arrival time

                  0.00    1.00    1.00   clock clk (rise edge)
                          0.00    1.00   clock network delay (ideal)
                         -0.25    0.75   clock uncertainty
                          0.00    0.75   clock reconvergence pessimism
                          0.00    0.75   output external delay
                                  0.75   data required time
-----------------------------------------------------------------------------
                                  0.75   data required time
                                 -1.13   data arrival time
-----------------------------------------------------------------------------
                                 -0.38   slack (VIOLATED)


Startpoint: a[0] (input port clocked by clk)
Endpoint: sum[1] (output port clocked by clk)
Path Group: clk
Path Type: max
Corner: tt

Fanout     Cap    Slew   Delay    Time   Description
-----------------------------------------------------------------------------
                  0.00    0.00    0.00   clock clk (rise edge)
                          0.00    0.00   clock network delay (ideal)
                          0.00    0.00 v input external delay
                  0.01    0.00    0.00 v a[0] (in)
     1    0.00                           a[0] (net)
                  0.01    0.00    0.00 v input1/A (sky130_fd_sc_hd__clkbuf_1)
                  0.04    0.09    0.09 v input1/X (sky130_fd_sc_hd__clkbuf_1)
     2    0.01                           net1 (net)
                  0.04    0.00    0.09 v _17_/A (sky130_fd_sc_hd__or2_1)
                  0.07    0.26    0.35 v _17_/X (sky130_fd_sc_hd__or2_1)
     2    0.01                           _02_ (net)
                  0.07    0.00    0.35 v _19_/A2 (sky130_fd_sc_hd__a21boi_2)
                  0.10    0.16    0.51 ^ _19_/Y (sky130_fd_sc_hd__a21boi_2)
     2    0.01                           _04_ (net)
                  0.10    0.00    0.51 ^ rebuffer2/A (sky130_fd_sc_hd__dlygate4sd1_1)
                  0.06    0.24    0.75 ^ rebuffer2/X (sky130_fd_sc_hd__dlygate4sd1_1)
     1    0.01                           net16 (net)
                  0.06    0.00    0.75 ^ _30_/A (sky130_fd_sc_hd__xnor2_1)
                  0.12    0.12    0.87 ^ _30_/Y (sky130_fd_sc_hd__xnor2_1)
     1    0.00                           net12 (net)
                  0.12    0.00    0.87 ^ output12/A (sky130_fd_sc_hd__buf_2)
                  0.17    0.24    1.11 ^ output12/X (sky130_fd_sc_hd__buf_2)
     1    0.03                           sum[1] (net)
                  0.17    0.00    1.11 ^ sum[1] (out)
                                  1.11   data arrival time

                  0.00    1.00    1.00   clock clk (rise edge)
                          0.00    1.00   clock network delay (ideal)
                         -0.25    0.75   clock uncertainty
                          0.00    0.75   clock reconvergence pessimism
                          0.00    0.75   output external delay
                                  0.75   data required time
-----------------------------------------------------------------------------
                                  0.75   data required time
                                 -1.11   data arrival time
-----------------------------------------------------------------------------
                                 -0.36   slack (VIOLATED)


Startpoint: a[0] (input port clocked by clk)
Endpoint: sum[0] (output port clocked by clk)
Path Group: clk
Path Type: max
Corner: tt

Fanout     Cap    Slew   Delay    Time   Description
-----------------------------------------------------------------------------
                  0.00    0.00    0.00   clock clk (rise edge)
                          0.00    0.00   clock network delay (ideal)
                          0.00    0.00 v input external delay
                  0.01    0.00    0.00 v a[0] (in)
     1    0.00                           a[0] (net)
                  0.01    0.00    0.00 v input1/A (sky130_fd_sc_hd__clkbuf_1)
                  0.04    0.09    0.09 v input1/X (sky130_fd_sc_hd__clkbuf_1)
     2    0.01                           net1 (net)
                  0.04    0.00    0.09 v _17_/A (sky130_fd_sc_hd__or2_1)
                  0.07    0.26    0.35 v _17_/X (sky130_fd_sc_hd__or2_1)
     2    0.01                           _02_ (net)
                  0.07    0.00    0.35 v rebuffer3/A (sky130_fd_sc_hd__dlygate4sd1_1)
                  0.03    0.25    0.60 v rebuffer3/X (sky130_fd_sc_hd__dlygate4sd1_1)
     1    0.00                           net17 (net)
                  0.03    0.00    0.60 v _27_/B (sky130_fd_sc_hd__nand2_1)
                  0.06    0.07    0.68 ^ _27_/Y (sky130_fd_sc_hd__nand2_1)
     1    0.01                           _11_ (net)
                  0.06    0.00    0.68 ^ _28_/B (sky130_fd_sc_hd__xnor2_1)
                  0.12    0.12    0.80 ^ _28_/Y (sky130_fd_sc_hd__xnor2_1)
     1    0.00                           net11 (net)
                  0.12    0.00    0.80 ^ output11/A (sky130_fd_sc_hd__buf_2)
                  0.17    0.24    1.03 ^ output11/X (sky130_fd_sc_hd__buf_2)
     1    0.03                           sum[0] (net)
                  0.17    0.00    1.03 ^ sum[0] (out)
                                  1.03   data arrival time

                  0.00    1.00    1.00   clock clk (rise edge)
                          0.00    1.00   clock network delay (ideal)
                         -0.25    0.75   clock uncertainty
                          0.00    0.75   clock reconvergence pessimism
                          0.00    0.75   output external delay
                                  0.75   data required time
-----------------------------------------------------------------------------
                                  0.75   data required time
                                 -1.03   data arrival time
-----------------------------------------------------------------------------
                                 -0.28   slack (VIOLATED)



======================= Fastest Corner ===================================

Startpoint: a[0] (input port clocked by clk)
Endpoint: sum[3] (output port clocked by clk)
Path Group: clk
Path Type: max
Corner: ff

Fanout     Cap    Slew   Delay    Time   Description
-----------------------------------------------------------------------------
                  0.00    0.00    0.00   clock clk (rise edge)
                          0.00    0.00   clock network delay (ideal)
                          0.00    0.00 v input external delay
                  0.00    0.00    0.00 v a[0] (in)
     1    0.00                           a[0] (net)
                  0.00    0.00    0.00 v input1/A (sky130_fd_sc_hd__clkbuf_1)
                  0.03    0.06    0.06 v input1/X (sky130_fd_sc_hd__clkbuf_1)
     2    0.01                           net1 (net)
                  0.03    0.00    0.06 v _17_/A (sky130_fd_sc_hd__or2_1)
                  0.05    0.16    0.22 v _17_/X (sky130_fd_sc_hd__or2_1)
     2    0.01                           _02_ (net)
                  0.05    0.00    0.22 v _19_/A2 (sky130_fd_sc_hd__a21boi_2)
                  0.08    0.11    0.33 ^ _19_/Y (sky130_fd_sc_hd__a21boi_2)
     2    0.01                           _04_ (net)
                  0.08    0.00    0.33 ^ _22_/A1 (sky130_fd_sc_hd__o21ba_1)
                  0.07    0.12    0.44 ^ _22_/X (sky130_fd_sc_hd__o21ba_1)
     2    0.01                           _07_ (net)
                  0.07    0.00    0.45 ^ _24_/A2 (sky130_fd_sc_hd__o21ai_2)
                  0.04    0.04    0.49 v _24_/Y (sky130_fd_sc_hd__o21ai_2)
     2    0.01                           _09_ (net)
                  0.04    0.00    0.49 v _34_/A (sky130_fd_sc_hd__xnor2_1)
                  0.09    0.11    0.60 ^ _34_/Y (sky130_fd_sc_hd__xnor2_1)
     1    0.00                           net14 (net)
                  0.09    0.00    0.60 ^ output14/A (sky130_fd_sc_hd__buf_4)
                  0.08    0.13    0.73 ^ output14/X (sky130_fd_sc_hd__buf_4)
     1    0.03                           sum[3] (net)
                  0.08    0.00    0.73 ^ sum[3] (out)
                                  0.73   data arrival time

                  0.00    1.00    1.00   clock clk (rise edge)
                          0.00    1.00   clock network delay (ideal)
                         -0.25    0.75   clock uncertainty
                          0.00    0.75   clock reconvergence pessimism
                          0.00    0.75   output external delay
                                  0.75   data required time
-----------------------------------------------------------------------------
                                  0.75   data required time
                                 -0.73   data arrival time
-----------------------------------------------------------------------------
                                  0.02   slack (MET)


Startpoint: a[0] (input port clocked by clk)
Endpoint: cout (output port clocked by clk)
Path Group: clk
Path Type: max
Corner: ff

Fanout     Cap    Slew   Delay    Time   Description
-----------------------------------------------------------------------------
                  0.00    0.00    0.00   clock clk (rise edge)
                          0.00    0.00   clock network delay (ideal)
                          0.00    0.00 v input external delay
                  0.00    0.00    0.00 v a[0] (in)
     1    0.00                           a[0] (net)
                  0.00    0.00    0.00 v input1/A (sky130_fd_sc_hd__clkbuf_1)
                  0.03    0.06    0.06 v input1/X (sky130_fd_sc_hd__clkbuf_1)
     2    0.01                           net1 (net)
                  0.03    0.00    0.06 v _17_/A (sky130_fd_sc_hd__or2_1)
                  0.05    0.16    0.22 v _17_/X (sky130_fd_sc_hd__or2_1)
     2    0.01                           _02_ (net)
                  0.05    0.00    0.22 v _19_/A2 (sky130_fd_sc_hd__a21boi_2)
                  0.08    0.11    0.33 ^ _19_/Y (sky130_fd_sc_hd__a21boi_2)
     2    0.01                           _04_ (net)
                  0.08    0.00    0.33 ^ _22_/A1 (sky130_fd_sc_hd__o21ba_1)
                  0.07    0.12    0.44 ^ _22_/X (sky130_fd_sc_hd__o21ba_1)
     2    0.01                           _07_ (net)
                  0.07    0.00    0.45 ^ _24_/A2 (sky130_fd_sc_hd__o21ai_2)
                  0.04    0.04    0.49 v _24_/Y (sky130_fd_sc_hd__o21ai_2)
     2    0.01                           _09_ (net)
                  0.04    0.00    0.49 v _26_/A2 (sky130_fd_sc_hd__a21bo_1)
                  0.03    0.14    0.63 v _26_/X (sky130_fd_sc_hd__a21bo_1)
     1    0.01                           net10 (net)
                  0.03    0.00    0.63 v output10/A (sky130_fd_sc_hd__buf_6)
                  0.03    0.10    0.72 v output10/X (sky130_fd_sc_hd__buf_6)
     1    0.03                           cout (net)
                  0.03    0.00    0.73 v cout (out)
                                  0.73   data arrival time

                  0.00    1.00    1.00   clock clk (rise edge)
                          0.00    1.00   clock network delay (ideal)
                         -0.25    0.75   clock uncertainty
                          0.00    0.75   clock reconvergence pessimism
                          0.00    0.75   output external delay
                                  0.75   data required time
-----------------------------------------------------------------------------
                                  0.75   data required time
                                 -0.73   data arrival time
-----------------------------------------------------------------------------
                                  0.02   slack (MET)


Startpoint: a[0] (input port clocked by clk)
Endpoint: sum[2] (output port clocked by clk)
Path Group: clk
Path Type: max
Corner: ff

Fanout     Cap    Slew   Delay    Time   Description
-----------------------------------------------------------------------------
                  0.00    0.00    0.00   clock clk (rise edge)
                          0.00    0.00   clock network delay (ideal)
                          0.00    0.00 v input external delay
                  0.00    0.00    0.00 v a[0] (in)
     1    0.00                           a[0] (net)
                  0.00    0.00    0.00 v input1/A (sky130_fd_sc_hd__clkbuf_1)
                  0.03    0.06    0.06 v input1/X (sky130_fd_sc_hd__clkbuf_1)
     2    0.01                           net1 (net)
                  0.03    0.00    0.06 v _17_/A (sky130_fd_sc_hd__or2_1)
                  0.05    0.16    0.22 v _17_/X (sky130_fd_sc_hd__or2_1)
     2    0.01                           _02_ (net)
                  0.05    0.00    0.22 v _19_/A2 (sky130_fd_sc_hd__a21boi_2)
                  0.08    0.11    0.33 ^ _19_/Y (sky130_fd_sc_hd__a21boi_2)
     2    0.01                           _04_ (net)
                  0.08    0.00    0.33 ^ _22_/A1 (sky130_fd_sc_hd__o21ba_1)
                  0.07    0.12    0.44 ^ _22_/X (sky130_fd_sc_hd__o21ba_1)
     2    0.01                           _07_ (net)
                  0.07    0.00    0.45 ^ rebuffer1/A (sky130_fd_sc_hd__buf_2)
                  0.03    0.08    0.53 ^ rebuffer1/X (sky130_fd_sc_hd__buf_2)
     1    0.01                           net15 (net)
                  0.03    0.00    0.53 ^ _32_/A (sky130_fd_sc_hd__xnor2_1)
                  0.08    0.07    0.60 ^ _32_/Y (sky130_fd_sc_hd__xnor2_1)
     1    0.00                           net13 (net)
                  0.08    0.00    0.60 ^ output13/A (sky130_fd_sc_hd__buf_4)
                  0.08    0.13    0.72 ^ output13/X (sky130_fd_sc_hd__buf_4)
     1    0.03                           sum[2] (net)
                  0.08    0.00    0.72 ^ sum[2] (out)
                                  0.72   data arrival time

                  0.00    1.00    1.00   clock clk (rise edge)
                          0.00    1.00   clock network delay (ideal)
                         -0.25    0.75   clock uncertainty
                          0.00    0.75   clock reconvergence pessimism
                          0.00    0.75   output external delay
                                  0.75   data required time
-----------------------------------------------------------------------------
                                  0.75   data required time
                                 -0.72   data arrival time
-----------------------------------------------------------------------------
                                  0.03   slack (MET)


Startpoint: a[0] (input port clocked by clk)
Endpoint: sum[1] (output port clocked by clk)
Path Group: clk
Path Type: max
Corner: ff

Fanout     Cap    Slew   Delay    Time   Description
-----------------------------------------------------------------------------
                  0.00    0.00    0.00   clock clk (rise edge)
                          0.00    0.00   clock network delay (ideal)
                          0.00    0.00 v input external delay
                  0.00    0.00    0.00 v a[0] (in)
     1    0.00                           a[0] (net)
                  0.00    0.00    0.00 v input1/A (sky130_fd_sc_hd__clkbuf_1)
                  0.03    0.06    0.06 v input1/X (sky130_fd_sc_hd__clkbuf_1)
     2    0.01                           net1 (net)
                  0.03    0.00    0.06 v _17_/A (sky130_fd_sc_hd__or2_1)
                  0.05    0.16    0.22 v _17_/X (sky130_fd_sc_hd__or2_1)
     2    0.01                           _02_ (net)
                  0.05    0.00    0.22 v _19_/A2 (sky130_fd_sc_hd__a21boi_2)
                  0.08    0.11    0.33 ^ _19_/Y (sky130_fd_sc_hd__a21boi_2)
     2    0.01                           _04_ (net)
                  0.08    0.00    0.33 ^ rebuffer2/A (sky130_fd_sc_hd__dlygate4sd1_1)
                  0.05    0.15    0.48 ^ rebuffer2/X (sky130_fd_sc_hd__dlygate4sd1_1)
     1    0.01                           net16 (net)
                  0.05    0.00    0.48 ^ _30_/A (sky130_fd_sc_hd__xnor2_1)
                  0.09    0.08    0.55 ^ _30_/Y (sky130_fd_sc_hd__xnor2_1)
     1    0.00                           net12 (net)
                  0.09    0.00    0.55 ^ output12/A (sky130_fd_sc_hd__buf_2)
                  0.13    0.16    0.72 ^ output12/X (sky130_fd_sc_hd__buf_2)
     1    0.03                           sum[1] (net)
                  0.13    0.00    0.72 ^ sum[1] (out)
                                  0.72   data arrival time

                  0.00    1.00    1.00   clock clk (rise edge)
                          0.00    1.00   clock network delay (ideal)
                         -0.25    0.75   clock uncertainty
                          0.00    0.75   clock reconvergence pessimism
                          0.00    0.75   output external delay
                                  0.75   data required time
-----------------------------------------------------------------------------
                                  0.75   data required time
                                 -0.72   data arrival time
-----------------------------------------------------------------------------
                                  0.03   slack (MET)


Startpoint: a[0] (input port clocked by clk)
Endpoint: sum[0] (output port clocked by clk)
Path Group: clk
Path Type: max
Corner: ff

Fanout     Cap    Slew   Delay    Time   Description
-----------------------------------------------------------------------------
                  0.00    0.00    0.00   clock clk (rise edge)
                          0.00    0.00   clock network delay (ideal)
                          0.00    0.00 v input external delay
                  0.00    0.00    0.00 v a[0] (in)
     1    0.00                           a[0] (net)
                  0.00    0.00    0.00 v input1/A (sky130_fd_sc_hd__clkbuf_1)
                  0.03    0.06    0.06 v input1/X (sky130_fd_sc_hd__clkbuf_1)
     2    0.01                           net1 (net)
                  0.03    0.00    0.06 v _17_/A (sky130_fd_sc_hd__or2_1)
                  0.05    0.16    0.22 v _17_/X (sky130_fd_sc_hd__or2_1)
     2    0.01                           _02_ (net)
                  0.05    0.00    0.22 v rebuffer3/A (sky130_fd_sc_hd__dlygate4sd1_1)
                  0.02    0.16    0.38 v rebuffer3/X (sky130_fd_sc_hd__dlygate4sd1_1)
     1    0.00                           net17 (net)
                  0.02    0.00    0.38 v _27_/B (sky130_fd_sc_hd__nand2_1)
                  0.05    0.05    0.43 ^ _27_/Y (sky130_fd_sc_hd__nand2_1)
     1    0.01                           _11_ (net)
                  0.05    0.00    0.43 ^ _28_/B (sky130_fd_sc_hd__xnor2_1)
                  0.09    0.08    0.50 ^ _28_/Y (sky130_fd_sc_hd__xnor2_1)
     1    0.00                           net11 (net)
                  0.09    0.00    0.50 ^ output11/A (sky130_fd_sc_hd__buf_2)
                  0.13    0.16    0.66 ^ output11/X (sky130_fd_sc_hd__buf_2)
     1    0.03                           sum[0] (net)
                  0.13    0.00    0.66 ^ sum[0] (out)
                                  0.66   data arrival time

                  0.00    1.00    1.00   clock clk (rise edge)
                          0.00    1.00   clock network delay (ideal)
                         -0.25    0.75   clock uncertainty
                          0.00    0.75   clock reconvergence pessimism
                          0.00    0.75   output external delay
                                  0.75   data required time
-----------------------------------------------------------------------------
                                  0.75   data required time
                                 -0.66   data arrival time
-----------------------------------------------------------------------------
                                  0.09   slack (MET)


