
===========================================================================
report_checks -path_delay max (Setup)
============================================================================
Startpoint: b[1] (input port clocked by clk)
Endpoint: sum[3] (output port clocked by clk)
Path Group: clk
Path Type: max

Fanout     Cap    Slew   Delay    Time   Description
-----------------------------------------------------------------------------
                  0.00    0.00    0.00   clock clk (rise edge)
                          0.00    0.00   clock network delay (ideal)
                          0.00    0.00 ^ input external delay
                  0.04    0.03    0.03 ^ b[1] (in)
     1    0.01                           b[1] (net)
                  0.04    0.00    0.03 ^ input10/A (sky130_fd_sc_hd__clkbuf_1)
                  0.16    0.17    0.20 ^ input10/X (sky130_fd_sc_hd__clkbuf_1)
     2    0.01                           net10 (net)
                  0.16    0.00    0.20 ^ ppa_pre_2_0.U1.xor2/B (sky130_fd_sc_hd__xor2_2)
                  0.19    0.22    0.42 ^ ppa_pre_2_0.U1.xor2/X (sky130_fd_sc_hd__xor2_2)
     4    0.01                           ppa_black_2_1.U1.A (net)
                  0.19    0.00    0.42 ^ ppa_black_3_1.U1.and2/B (sky130_fd_sc_hd__and2_1)
                  0.09    0.19    0.61 ^ ppa_black_3_1.U1.and2/X (sky130_fd_sc_hd__and2_1)
     2    0.01                           ppa_black_3_1.U1.Y (net)
                  0.09    0.00    0.61 ^ ppa_grey_3_2.U1.ao21/A2 (sky130_fd_sc_hd__a21o_1)
                  0.08    0.16    0.77 ^ ppa_grey_3_2.U1.ao21/X (sky130_fd_sc_hd__a21o_1)
     2    0.01                           ppa_grey_3_2.U1.Y (net)
                  0.08    0.00    0.77 ^ rebuffer4/A (sky130_fd_sc_hd__buf_2)
                  0.04    0.12    0.89 ^ rebuffer4/X (sky130_fd_sc_hd__buf_2)
     1    0.01                           net30 (net)
                  0.04    0.00    0.89 ^ ppa_post_3_4.U1.xor2/B (sky130_fd_sc_hd__xor2_1)
                  0.14    0.16    1.05 ^ ppa_post_3_4.U1.xor2/X (sky130_fd_sc_hd__xor2_1)
     1    0.00                           ppa_post_3_4.U1.Y (net)
                  0.14    0.00    1.05 ^ _3_/A (sky130_fd_sc_hd__clkbuf_1)
                  0.04    0.11    1.16 ^ _3_/X (sky130_fd_sc_hd__clkbuf_1)
     1    0.00                           net22 (net)
                  0.04    0.00    1.16 ^ output22/A (sky130_fd_sc_hd__buf_2)
                  0.19    0.22    1.38 ^ output22/X (sky130_fd_sc_hd__buf_2)
     1    0.03                           sum[3] (net)
                  0.19    0.00    1.38 ^ sum[3] (out)
                                  1.38   data arrival time

                  0.00    1.00    1.00   clock clk (rise edge)
                          0.00    1.00   clock network delay (ideal)
                         -0.25    0.75   clock uncertainty
                          0.00    0.75   clock reconvergence pessimism
                          0.00    0.75   output external delay
                                  0.75   data required time
-----------------------------------------------------------------------------
                                  0.75   data required time
                                 -1.38   data arrival time
-----------------------------------------------------------------------------
                                 -0.63   slack (VIOLATED)


Startpoint: a[5] (input port clocked by clk)
Endpoint: sum[6] (output port clocked by clk)
Path Group: clk
Path Type: max

Fanout     Cap    Slew   Delay    Time   Description
-----------------------------------------------------------------------------
                  0.00    0.00    0.00   clock clk (rise edge)
                          0.00    0.00   clock network delay (ideal)
                          0.00    0.00 ^ input external delay
                  0.04    0.03    0.03 ^ a[5] (in)
     1    0.01                           a[5] (net)
                  0.04    0.00    0.03 ^ input6/A (sky130_fd_sc_hd__clkbuf_2)
                  0.09    0.15    0.18 ^ input6/X (sky130_fd_sc_hd__clkbuf_2)
     2    0.02                           net6 (net)
                  0.09    0.00    0.18 ^ ppa_pre_6_0.U1.xor2/A (sky130_fd_sc_hd__xor2_2)
                  0.22    0.23    0.41 ^ ppa_pre_6_0.U1.xor2/X (sky130_fd_sc_hd__xor2_2)
     4    0.01                           ppa_black_6_1.U1.A (net)
                  0.22    0.00    0.41 ^ ppa_black_6_1.U1.and2/A (sky130_fd_sc_hd__and2_1)
                  0.09    0.20    0.61 ^ ppa_black_6_1.U1.and2/X (sky130_fd_sc_hd__and2_1)
     2    0.01                           ppa_black_6_1.U1.Y (net)
                  0.09    0.00    0.61 ^ ppa_black_6_2.U1.and2/A (sky130_fd_sc_hd__and2_1)
                  0.08    0.16    0.76 ^ ppa_black_6_2.U1.and2/X (sky130_fd_sc_hd__and2_1)
     1    0.01                           ppa_black_6_2.U1.Y (net)
                  0.08    0.00    0.76 ^ ppa_grey_6_3.U1.ao21/A2 (sky130_fd_sc_hd__a21o_1)
                  0.09    0.16    0.92 ^ ppa_grey_6_3.U1.ao21/X (sky130_fd_sc_hd__a21o_1)
     1    0.01                           ppa_grey_6_3.U1.Y (net)
                  0.09    0.00    0.92 ^ ppa_post_6_4.U1.xor2/B (sky130_fd_sc_hd__xor2_1)
                  0.13    0.16    1.09 ^ ppa_post_6_4.U1.xor2/X (sky130_fd_sc_hd__xor2_1)
     1    0.00                           ppa_post_6_4.U1.Y (net)
                  0.13    0.00    1.09 ^ _6_/A (sky130_fd_sc_hd__clkbuf_1)
                  0.09    0.14    1.23 ^ _6_/X (sky130_fd_sc_hd__clkbuf_1)
     1    0.01                           net25 (net)
                  0.09    0.00    1.23 ^ output25/A (sky130_fd_sc_hd__buf_6)
                  0.09    0.15    1.38 ^ output25/X (sky130_fd_sc_hd__buf_6)
     1    0.03                           sum[6] (net)
                  0.09    0.00    1.38 ^ sum[6] (out)
                                  1.38   data arrival time

                  0.00    1.00    1.00   clock clk (rise edge)
                          0.00    1.00   clock network delay (ideal)
                         -0.25    0.75   clock uncertainty
                          0.00    0.75   clock reconvergence pessimism
                          0.00    0.75   output external delay
                                  0.75   data required time
-----------------------------------------------------------------------------
                                  0.75   data required time
                                 -1.38   data arrival time
-----------------------------------------------------------------------------
                                 -0.63   slack (VIOLATED)


Startpoint: b[1] (input port clocked by clk)
Endpoint: sum[7] (output port clocked by clk)
Path Group: clk
Path Type: max

Fanout     Cap    Slew   Delay    Time   Description
-----------------------------------------------------------------------------
                  0.00    0.00    0.00   clock clk (rise edge)
                          0.00    0.00   clock network delay (ideal)
                          0.00    0.00 ^ input external delay
                  0.04    0.03    0.03 ^ b[1] (in)
     1    0.01                           b[1] (net)
                  0.04    0.00    0.03 ^ input10/A (sky130_fd_sc_hd__clkbuf_1)
                  0.16    0.17    0.20 ^ input10/X (sky130_fd_sc_hd__clkbuf_1)
     2    0.01                           net10 (net)
                  0.16    0.00    0.20 ^ ppa_pre_2_0.U1.xor2/B (sky130_fd_sc_hd__xor2_2)
                  0.19    0.22    0.42 ^ ppa_pre_2_0.U1.xor2/X (sky130_fd_sc_hd__xor2_2)
     4    0.01                           ppa_black_2_1.U1.A (net)
                  0.19    0.00    0.42 ^ ppa_black_3_1.U1.and2/B (sky130_fd_sc_hd__and2_1)
                  0.09    0.19    0.61 ^ ppa_black_3_1.U1.and2/X (sky130_fd_sc_hd__and2_1)
     2    0.01                           ppa_black_3_1.U1.Y (net)
                  0.09    0.00    0.61 ^ ppa_grey_3_2.U1.ao21/A2 (sky130_fd_sc_hd__a21o_1)
                  0.08    0.16    0.77 ^ ppa_grey_3_2.U1.ao21/X (sky130_fd_sc_hd__a21o_1)
     2    0.01                           ppa_grey_3_2.U1.Y (net)
                  0.08    0.00    0.77 ^ ppa_grey_7_3.U1.ao21/A1 (sky130_fd_sc_hd__a21o_1)
                  0.10    0.16    0.93 ^ ppa_grey_7_3.U1.ao21/X (sky130_fd_sc_hd__a21o_1)
     2    0.01                           ppa_grey_7_3.U1.Y (net)
                  0.10    0.00    0.93 ^ ppa_post_7_4.U1.xor2/B (sky130_fd_sc_hd__xor2_1)
                  0.12    0.16    1.09 ^ ppa_post_7_4.U1.xor2/X (sky130_fd_sc_hd__xor2_1)
     1    0.00                           ppa_post_7_4.U1.Y (net)
                  0.12    0.00    1.09 ^ _7_/A (sky130_fd_sc_hd__clkbuf_1)
                  0.09    0.14    1.23 ^ _7_/X (sky130_fd_sc_hd__clkbuf_1)
     1    0.01                           net26 (net)
                  0.09    0.00    1.23 ^ output26/A (sky130_fd_sc_hd__buf_6)
                  0.09    0.15    1.38 ^ output26/X (sky130_fd_sc_hd__buf_6)
     1    0.03                           sum[7] (net)
                  0.09    0.00    1.38 ^ sum[7] (out)
                                  1.38   data arrival time

                  0.00    1.00    1.00   clock clk (rise edge)
                          0.00    1.00   clock network delay (ideal)
                         -0.25    0.75   clock uncertainty
                          0.00    0.75   clock reconvergence pessimism
                          0.00    0.75   output external delay
                                  0.75   data required time
-----------------------------------------------------------------------------
                                  0.75   data required time
                                 -1.38   data arrival time
-----------------------------------------------------------------------------
                                 -0.63   slack (VIOLATED)


Startpoint: b[1] (input port clocked by clk)
Endpoint: sum[5] (output port clocked by clk)
Path Group: clk
Path Type: max

Fanout     Cap    Slew   Delay    Time   Description
-----------------------------------------------------------------------------
                  0.00    0.00    0.00   clock clk (rise edge)
                          0.00    0.00   clock network delay (ideal)
                          0.00    0.00 ^ input external delay
                  0.04    0.03    0.03 ^ b[1] (in)
     1    0.01                           b[1] (net)
                  0.04    0.00    0.03 ^ input10/A (sky130_fd_sc_hd__clkbuf_1)
                  0.16    0.17    0.20 ^ input10/X (sky130_fd_sc_hd__clkbuf_1)
     2    0.01                           net10 (net)
                  0.16    0.00    0.20 ^ ppa_pre_2_0.U1.xor2/B (sky130_fd_sc_hd__xor2_2)
                  0.19    0.22    0.42 ^ ppa_pre_2_0.U1.xor2/X (sky130_fd_sc_hd__xor2_2)
     4    0.01                           ppa_black_2_1.U1.A (net)
                  0.19    0.00    0.42 ^ ppa_black_3_1.U1.and2/B (sky130_fd_sc_hd__and2_1)
                  0.09    0.19    0.61 ^ ppa_black_3_1.U1.and2/X (sky130_fd_sc_hd__and2_1)
     2    0.01                           ppa_black_3_1.U1.Y (net)
                  0.09    0.00    0.61 ^ ppa_black_5_2.U1.and2/B (sky130_fd_sc_hd__and2_1)
                  0.06    0.15    0.76 ^ ppa_black_5_2.U1.and2/X (sky130_fd_sc_hd__and2_1)
     1    0.00                           ppa_black_5_2.U1.Y (net)
                  0.06    0.00    0.76 ^ ppa_grey_5_3.U1.ao21/A2 (sky130_fd_sc_hd__a21o_1)
                  0.09    0.16    0.92 ^ ppa_grey_5_3.U1.ao21/X (sky130_fd_sc_hd__a21o_1)
     1    0.01                           ppa_grey_5_3.U1.Y (net)
                  0.09    0.00    0.92 ^ ppa_post_5_4.U1.xor2/B (sky130_fd_sc_hd__xor2_1)
                  0.13    0.17    1.09 ^ ppa_post_5_4.U1.xor2/X (sky130_fd_sc_hd__xor2_1)
     1    0.00                           ppa_post_5_4.U1.Y (net)
                  0.13    0.00    1.09 ^ _5_/A (sky130_fd_sc_hd__buf_2)
                  0.05    0.15    1.23 ^ _5_/X (sky130_fd_sc_hd__buf_2)
     1    0.01                           net24 (net)
                  0.05    0.00    1.23 ^ output24/A (sky130_fd_sc_hd__buf_6)
                  0.08    0.14    1.37 ^ output24/X (sky130_fd_sc_hd__buf_6)
     1    0.03                           sum[5] (net)
                  0.08    0.00    1.37 ^ sum[5] (out)
                                  1.37   data arrival time

                  0.00    1.00    1.00   clock clk (rise edge)
                          0.00    1.00   clock network delay (ideal)
                         -0.25    0.75   clock uncertainty
                          0.00    0.75   clock reconvergence pessimism
                          0.00    0.75   output external delay
                                  0.75   data required time
-----------------------------------------------------------------------------
                                  0.75   data required time
                                 -1.37   data arrival time
-----------------------------------------------------------------------------
                                 -0.62   slack (VIOLATED)


Startpoint: b[1] (input port clocked by clk)
Endpoint: sum[2] (output port clocked by clk)
Path Group: clk
Path Type: max

Fanout     Cap    Slew   Delay    Time   Description
-----------------------------------------------------------------------------
                  0.00    0.00    0.00   clock clk (rise edge)
                          0.00    0.00   clock network delay (ideal)
                          0.00    0.00 ^ input external delay
                  0.04    0.03    0.03 ^ b[1] (in)
     1    0.01                           b[1] (net)
                  0.04    0.00    0.03 ^ input10/A (sky130_fd_sc_hd__clkbuf_1)
                  0.16    0.17    0.20 ^ input10/X (sky130_fd_sc_hd__clkbuf_1)
     2    0.01                           net10 (net)
                  0.16    0.00    0.20 ^ ppa_pre_2_0.U1.xor2/B (sky130_fd_sc_hd__xor2_2)
                  0.19    0.22    0.42 ^ ppa_pre_2_0.U1.xor2/X (sky130_fd_sc_hd__xor2_2)
     4    0.01                           ppa_black_2_1.U1.A (net)
                  0.19    0.00    0.42 ^ ppa_black_2_1.U1.and2/A (sky130_fd_sc_hd__and2_1)
                  0.08    0.19    0.61 ^ ppa_black_2_1.U1.and2/X (sky130_fd_sc_hd__and2_1)
     2    0.01                           ppa_black_2_1.U1.Y (net)
                  0.08    0.00    0.61 ^ ppa_grey_2_2.U1.ao21/A2 (sky130_fd_sc_hd__a21o_1)
                  0.07    0.15    0.76 ^ ppa_grey_2_2.U1.ao21/X (sky130_fd_sc_hd__a21o_1)
     2    0.01                           ppa_grey_2_2.U1.Y (net)
                  0.07    0.00    0.76 ^ rebuffer6/A (sky130_fd_sc_hd__buf_2)
                  0.05    0.13    0.88 ^ rebuffer6/X (sky130_fd_sc_hd__buf_2)
     1    0.01                           net32 (net)
                  0.05    0.00    0.88 ^ ppa_post_2_4.U1.xor2/B (sky130_fd_sc_hd__xor2_1)
                  0.12    0.15    1.03 ^ ppa_post_2_4.U1.xor2/X (sky130_fd_sc_hd__xor2_1)
     1    0.00                           ppa_post_2_4.U1.Y (net)
                  0.12    0.00    1.03 ^ _2_/A (sky130_fd_sc_hd__clkbuf_1)
                  0.04    0.10    1.13 ^ _2_/X (sky130_fd_sc_hd__clkbuf_1)
     1    0.00                           net21 (net)
                  0.04    0.00    1.13 ^ output21/A (sky130_fd_sc_hd__buf_2)
                  0.19    0.22    1.35 ^ output21/X (sky130_fd_sc_hd__buf_2)
     1    0.03                           sum[2] (net)
                  0.19    0.00    1.36 ^ sum[2] (out)
                                  1.36   data arrival time

                  0.00    1.00    1.00   clock clk (rise edge)
                          0.00    1.00   clock network delay (ideal)
                         -0.25    0.75   clock uncertainty
                          0.00    0.75   clock reconvergence pessimism
                          0.00    0.75   output external delay
                                  0.75   data required time
-----------------------------------------------------------------------------
                                  0.75   data required time
                                 -1.36   data arrival time
-----------------------------------------------------------------------------
                                 -0.61   slack (VIOLATED)


