
===========================================================================
report_checks -unconstrained
============================================================================
Startpoint: b[1] (input port clocked by clk)
Endpoint: sum[3] (output port clocked by clk)
Path Group: clk
Path Type: max

Fanout     Cap    Slew   Delay    Time   Description
-----------------------------------------------------------------------------
                  0.00    0.00    0.00   clock clk (rise edge)
                          0.00    0.00   clock network delay (ideal)
                          0.00    0.00 ^ input external delay
                  0.04    0.03    0.03 ^ b[1] (in)
     1    0.01                           b[1] (net)
                  0.04    0.00    0.03 ^ input10/A (sky130_fd_sc_hd__clkbuf_1)
                  0.16    0.17    0.20 ^ input10/X (sky130_fd_sc_hd__clkbuf_1)
     2    0.01                           net10 (net)
                  0.16    0.00    0.20 ^ ppa_pre_2_0.U1.xor2/B (sky130_fd_sc_hd__xor2_2)
                  0.19    0.22    0.42 ^ ppa_pre_2_0.U1.xor2/X (sky130_fd_sc_hd__xor2_2)
     4    0.01                           ppa_black_2_1.U1.A (net)
                  0.19    0.00    0.42 ^ ppa_black_3_1.U1.and2/B (sky130_fd_sc_hd__and2_1)
                  0.09    0.19    0.61 ^ ppa_black_3_1.U1.and2/X (sky130_fd_sc_hd__and2_1)
     2    0.01                           ppa_black_3_1.U1.Y (net)
                  0.09    0.00    0.61 ^ ppa_grey_3_2.U1.ao21/A2 (sky130_fd_sc_hd__a21o_1)
                  0.08    0.16    0.77 ^ ppa_grey_3_2.U1.ao21/X (sky130_fd_sc_hd__a21o_1)
     2    0.01                           ppa_grey_3_2.U1.Y (net)
                  0.08    0.00    0.77 ^ rebuffer4/A (sky130_fd_sc_hd__buf_2)
                  0.04    0.12    0.89 ^ rebuffer4/X (sky130_fd_sc_hd__buf_2)
     1    0.01                           net30 (net)
                  0.04    0.00    0.89 ^ ppa_post_3_4.U1.xor2/B (sky130_fd_sc_hd__xor2_1)
                  0.14    0.16    1.05 ^ ppa_post_3_4.U1.xor2/X (sky130_fd_sc_hd__xor2_1)
     1    0.00                           ppa_post_3_4.U1.Y (net)
                  0.14    0.00    1.05 ^ _3_/A (sky130_fd_sc_hd__clkbuf_1)
                  0.04    0.11    1.16 ^ _3_/X (sky130_fd_sc_hd__clkbuf_1)
     1    0.00                           net22 (net)
                  0.04    0.00    1.16 ^ output22/A (sky130_fd_sc_hd__buf_2)
                  0.19    0.22    1.38 ^ output22/X (sky130_fd_sc_hd__buf_2)
     1    0.03                           sum[3] (net)
                  0.19    0.00    1.38 ^ sum[3] (out)
                                  1.38   data arrival time

                  0.00    1.00    1.00   clock clk (rise edge)
                          0.00    1.00   clock network delay (ideal)
                         -0.25    0.75   clock uncertainty
                          0.00    0.75   clock reconvergence pessimism
                          0.00    0.75   output external delay
                                  0.75   data required time
-----------------------------------------------------------------------------
                                  0.75   data required time
                                 -1.38   data arrival time
-----------------------------------------------------------------------------
                                 -0.63   slack (VIOLATED)



===========================================================================
report_checks --slack_max -0.01
============================================================================
Startpoint: b[1] (input port clocked by clk)
Endpoint: sum[3] (output port clocked by clk)
Path Group: clk
Path Type: max

Fanout     Cap    Slew   Delay    Time   Description
-----------------------------------------------------------------------------
                  0.00    0.00    0.00   clock clk (rise edge)
                          0.00    0.00   clock network delay (ideal)
                          0.00    0.00 ^ input external delay
                  0.04    0.03    0.03 ^ b[1] (in)
     1    0.01                           b[1] (net)
                  0.04    0.00    0.03 ^ input10/A (sky130_fd_sc_hd__clkbuf_1)
                  0.16    0.17    0.20 ^ input10/X (sky130_fd_sc_hd__clkbuf_1)
     2    0.01                           net10 (net)
                  0.16    0.00    0.20 ^ ppa_pre_2_0.U1.xor2/B (sky130_fd_sc_hd__xor2_2)
                  0.19    0.22    0.42 ^ ppa_pre_2_0.U1.xor2/X (sky130_fd_sc_hd__xor2_2)
     4    0.01                           ppa_black_2_1.U1.A (net)
                  0.19    0.00    0.42 ^ ppa_black_3_1.U1.and2/B (sky130_fd_sc_hd__and2_1)
                  0.09    0.19    0.61 ^ ppa_black_3_1.U1.and2/X (sky130_fd_sc_hd__and2_1)
     2    0.01                           ppa_black_3_1.U1.Y (net)
                  0.09    0.00    0.61 ^ ppa_grey_3_2.U1.ao21/A2 (sky130_fd_sc_hd__a21o_1)
                  0.08    0.16    0.77 ^ ppa_grey_3_2.U1.ao21/X (sky130_fd_sc_hd__a21o_1)
     2    0.01                           ppa_grey_3_2.U1.Y (net)
                  0.08    0.00    0.77 ^ rebuffer4/A (sky130_fd_sc_hd__buf_2)
                  0.04    0.12    0.89 ^ rebuffer4/X (sky130_fd_sc_hd__buf_2)
     1    0.01                           net30 (net)
                  0.04    0.00    0.89 ^ ppa_post_3_4.U1.xor2/B (sky130_fd_sc_hd__xor2_1)
                  0.14    0.16    1.05 ^ ppa_post_3_4.U1.xor2/X (sky130_fd_sc_hd__xor2_1)
     1    0.00                           ppa_post_3_4.U1.Y (net)
                  0.14    0.00    1.05 ^ _3_/A (sky130_fd_sc_hd__clkbuf_1)
                  0.04    0.11    1.16 ^ _3_/X (sky130_fd_sc_hd__clkbuf_1)
     1    0.00                           net22 (net)
                  0.04    0.00    1.16 ^ output22/A (sky130_fd_sc_hd__buf_2)
                  0.19    0.22    1.38 ^ output22/X (sky130_fd_sc_hd__buf_2)
     1    0.03                           sum[3] (net)
                  0.19    0.00    1.38 ^ sum[3] (out)
                                  1.38   data arrival time

                  0.00    1.00    1.00   clock clk (rise edge)
                          0.00    1.00   clock network delay (ideal)
                         -0.25    0.75   clock uncertainty
                          0.00    0.75   clock reconvergence pessimism
                          0.00    0.75   output external delay
                                  0.75   data required time
-----------------------------------------------------------------------------
                                  0.75   data required time
                                 -1.38   data arrival time
-----------------------------------------------------------------------------
                                 -0.63   slack (VIOLATED)


