
===========================================================================
report_checks -unconstrained
============================================================================
Startpoint: b[4] (input port clocked by clk)
Endpoint: sum[6] (output port clocked by clk)
Path Group: clk
Path Type: max

Fanout     Cap    Slew   Delay    Time   Description
-----------------------------------------------------------------------------
                  0.00    0.00    0.00   clock clk (rise edge)
                          0.00    0.00   clock network delay (ideal)
                          0.00    0.00 ^ input external delay
                  0.03    0.02    0.02 ^ b[4] (in)
     1    0.00                           b[4] (net)
                  0.03    0.00    0.02 ^ input13/A (sky130_fd_sc_hd__clkbuf_2)
                  0.10    0.15    0.16 ^ input13/X (sky130_fd_sc_hd__clkbuf_2)
     2    0.02                           net13 (net)
                  0.10    0.00    0.16 ^ ppa_pre_5_0.U1.xor2/B (sky130_fd_sc_hd__xor2_2)
                  0.19    0.21    0.38 ^ ppa_pre_5_0.U1.xor2/X (sky130_fd_sc_hd__xor2_2)
     4    0.01                           ppa_black_5_1.U1.A (net)
                  0.19    0.00    0.38 ^ ppa_black_6_1.U1.and2/B (sky130_fd_sc_hd__and2_1)
                  0.09    0.19    0.57 ^ ppa_black_6_1.U1.and2/X (sky130_fd_sc_hd__and2_1)
     2    0.01                           ppa_black_6_1.U1.Y (net)
                  0.09    0.00    0.57 ^ ppa_black_6_2.U1.and2/A (sky130_fd_sc_hd__and2_1)
                  0.08    0.16    0.73 ^ ppa_black_6_2.U1.and2/X (sky130_fd_sc_hd__and2_1)
     1    0.01                           ppa_black_6_2.U1.Y (net)
                  0.08    0.00    0.73 ^ ppa_grey_6_3.U1.ao21/A2 (sky130_fd_sc_hd__a21o_1)
                  0.10    0.17    0.90 ^ ppa_grey_6_3.U1.ao21/X (sky130_fd_sc_hd__a21o_1)
     1    0.01                           ppa_grey_6_3.U1.Y (net)
                  0.10    0.00    0.90 ^ ppa_post_6_4.U1.xor2/B (sky130_fd_sc_hd__xor2_1)
                  0.11    0.15    1.05 ^ ppa_post_6_4.U1.xor2/X (sky130_fd_sc_hd__xor2_1)
     1    0.00                           ppa_post_6_4.U1.Y (net)
                  0.11    0.00    1.05 ^ _6_/A (sky130_fd_sc_hd__clkbuf_1)
                  0.07    0.13    1.18 ^ _6_/X (sky130_fd_sc_hd__clkbuf_1)
     1    0.01                           net25 (net)
                  0.07    0.00    1.18 ^ output25/A (sky130_fd_sc_hd__buf_6)
                  0.08    0.14    1.33 ^ output25/X (sky130_fd_sc_hd__buf_6)
     1    0.03                           sum[6] (net)
                  0.08    0.00    1.33 ^ sum[6] (out)
                                  1.33   data arrival time

                  0.00    1.00    1.00   clock clk (rise edge)
                          0.00    1.00   clock network delay (ideal)
                         -0.25    0.75   clock uncertainty
                          0.00    0.75   clock reconvergence pessimism
                          0.00    0.75   output external delay
                                  0.75   data required time
-----------------------------------------------------------------------------
                                  0.75   data required time
                                 -1.33   data arrival time
-----------------------------------------------------------------------------
                                 -0.58   slack (VIOLATED)



===========================================================================
report_checks --slack_max -0.01
============================================================================
Startpoint: b[4] (input port clocked by clk)
Endpoint: sum[6] (output port clocked by clk)
Path Group: clk
Path Type: max

Fanout     Cap    Slew   Delay    Time   Description
-----------------------------------------------------------------------------
                  0.00    0.00    0.00   clock clk (rise edge)
                          0.00    0.00   clock network delay (ideal)
                          0.00    0.00 ^ input external delay
                  0.03    0.02    0.02 ^ b[4] (in)
     1    0.00                           b[4] (net)
                  0.03    0.00    0.02 ^ input13/A (sky130_fd_sc_hd__clkbuf_2)
                  0.10    0.15    0.16 ^ input13/X (sky130_fd_sc_hd__clkbuf_2)
     2    0.02                           net13 (net)
                  0.10    0.00    0.16 ^ ppa_pre_5_0.U1.xor2/B (sky130_fd_sc_hd__xor2_2)
                  0.19    0.21    0.38 ^ ppa_pre_5_0.U1.xor2/X (sky130_fd_sc_hd__xor2_2)
     4    0.01                           ppa_black_5_1.U1.A (net)
                  0.19    0.00    0.38 ^ ppa_black_6_1.U1.and2/B (sky130_fd_sc_hd__and2_1)
                  0.09    0.19    0.57 ^ ppa_black_6_1.U1.and2/X (sky130_fd_sc_hd__and2_1)
     2    0.01                           ppa_black_6_1.U1.Y (net)
                  0.09    0.00    0.57 ^ ppa_black_6_2.U1.and2/A (sky130_fd_sc_hd__and2_1)
                  0.08    0.16    0.73 ^ ppa_black_6_2.U1.and2/X (sky130_fd_sc_hd__and2_1)
     1    0.01                           ppa_black_6_2.U1.Y (net)
                  0.08    0.00    0.73 ^ ppa_grey_6_3.U1.ao21/A2 (sky130_fd_sc_hd__a21o_1)
                  0.10    0.17    0.90 ^ ppa_grey_6_3.U1.ao21/X (sky130_fd_sc_hd__a21o_1)
     1    0.01                           ppa_grey_6_3.U1.Y (net)
                  0.10    0.00    0.90 ^ ppa_post_6_4.U1.xor2/B (sky130_fd_sc_hd__xor2_1)
                  0.11    0.15    1.05 ^ ppa_post_6_4.U1.xor2/X (sky130_fd_sc_hd__xor2_1)
     1    0.00                           ppa_post_6_4.U1.Y (net)
                  0.11    0.00    1.05 ^ _6_/A (sky130_fd_sc_hd__clkbuf_1)
                  0.07    0.13    1.18 ^ _6_/X (sky130_fd_sc_hd__clkbuf_1)
     1    0.01                           net25 (net)
                  0.07    0.00    1.18 ^ output25/A (sky130_fd_sc_hd__buf_6)
                  0.08    0.14    1.33 ^ output25/X (sky130_fd_sc_hd__buf_6)
     1    0.03                           sum[6] (net)
                  0.08    0.00    1.33 ^ sum[6] (out)
                                  1.33   data arrival time

                  0.00    1.00    1.00   clock clk (rise edge)
                          0.00    1.00   clock network delay (ideal)
                         -0.25    0.75   clock uncertainty
                          0.00    0.75   clock reconvergence pessimism
                          0.00    0.75   output external delay
                                  0.75   data required time
-----------------------------------------------------------------------------
                                  0.75   data required time
                                 -1.33   data arrival time
-----------------------------------------------------------------------------
                                 -0.58   slack (VIOLATED)


