
===========================================================================
report_checks -path_delay min (Hold)
============================================================================

======================= Slowest Corner ===================================

Startpoint: a[7] (input port clocked by clk)
Endpoint: cout (output port clocked by clk)
Path Group: clk
Path Type: min
Corner: ss

Fanout     Cap    Slew   Delay    Time   Description
-----------------------------------------------------------------------------
                  0.00    0.00    0.00   clock clk (rise edge)
                          0.00    0.00   clock network delay (ideal)
                          0.00    0.00 ^ input external delay
                  0.04    0.02    0.02 ^ a[7] (in)
     1    0.00                           a[7] (net)
                  0.04    0.00    0.02 ^ input8/A (sky130_fd_sc_hd__clkbuf_1)
                  0.15    0.18    0.20 ^ input8/X (sky130_fd_sc_hd__clkbuf_1)
     2    0.01                           net8 (net)
                  0.15    0.00    0.20 ^ ppa_pre_cout.U2.and2/A (sky130_fd_sc_hd__and2_1)
                  0.11    0.26    0.46 ^ ppa_pre_cout.U2.and2/X (sky130_fd_sc_hd__and2_1)
     1    0.00                           ppa_grey_cout.U1.B0 (net)
                  0.11    0.00    0.46 ^ ppa_grey_cout.U1.ao21/B1 (sky130_fd_sc_hd__a21o_1)
                  0.08    0.16    0.62 ^ ppa_grey_cout.U1.ao21/X (sky130_fd_sc_hd__a21o_1)
     1    0.00                           net18 (net)
                  0.08    0.00    0.62 ^ output18/A (sky130_fd_sc_hd__buf_2)
                  0.28    0.33    0.96 ^ output18/X (sky130_fd_sc_hd__buf_2)
     1    0.03                           cout (net)
                  0.28    0.00    0.96 ^ cout (out)
                                  0.96   data arrival time

                  0.00    0.00    0.00   clock clk (rise edge)
                          0.00    0.00   clock network delay (ideal)
                          0.25    0.25   clock uncertainty
                          0.00    0.25   clock reconvergence pessimism
                          0.00    0.25   output external delay
                                  0.25   data required time
-----------------------------------------------------------------------------
                                  0.25   data required time
                                 -0.96   data arrival time
-----------------------------------------------------------------------------
                                  0.71   slack (MET)


Startpoint: a[7] (input port clocked by clk)
Endpoint: sum[7] (output port clocked by clk)
Path Group: clk
Path Type: min
Corner: ss

Fanout     Cap    Slew   Delay    Time   Description
-----------------------------------------------------------------------------
                  0.00    0.00    0.00   clock clk (rise edge)
                          0.00    0.00   clock network delay (ideal)
                          0.00    0.00 ^ input external delay
                  0.04    0.02    0.02 ^ a[7] (in)
     1    0.00                           a[7] (net)
                  0.04    0.00    0.02 ^ input8/A (sky130_fd_sc_hd__clkbuf_1)
                  0.15    0.18    0.20 ^ input8/X (sky130_fd_sc_hd__clkbuf_1)
     2    0.01                           net8 (net)
                  0.15    0.00    0.20 ^ ppa_pre_cout.U1.xor2/A (sky130_fd_sc_hd__xor2_1)
                  0.11    0.20    0.41 v ppa_pre_cout.U1.xor2/X (sky130_fd_sc_hd__xor2_1)
     2    0.01                           ppa_grey_cout.U1.A1 (net)
                  0.11    0.00    0.41 v ppa_post_7_4.U1.xor2/A (sky130_fd_sc_hd__xor2_1)
                  0.07    0.29    0.70 v ppa_post_7_4.U1.xor2/X (sky130_fd_sc_hd__xor2_1)
     1    0.00                           ppa_post_7_4.U1.Y (net)
                  0.07    0.00    0.70 v _7_/A (sky130_fd_sc_hd__clkbuf_1)
                  0.08    0.18    0.88 v _7_/X (sky130_fd_sc_hd__clkbuf_1)
     1    0.01                           net26 (net)
                  0.08    0.00    0.88 v output26/A (sky130_fd_sc_hd__buf_6)
                  0.08    0.24    1.11 v output26/X (sky130_fd_sc_hd__buf_6)
     1    0.03                           sum[7] (net)
                  0.08    0.00    1.12 v sum[7] (out)
                                  1.12   data arrival time

                  0.00    0.00    0.00   clock clk (rise edge)
                          0.00    0.00   clock network delay (ideal)
                          0.25    0.25   clock uncertainty
                          0.00    0.25   clock reconvergence pessimism
                          0.00    0.25   output external delay
                                  0.25   data required time
-----------------------------------------------------------------------------
                                  0.25   data required time
                                 -1.12   data arrival time
-----------------------------------------------------------------------------
                                  0.87   slack (MET)


Startpoint: cin (input port clocked by clk)
Endpoint: sum[0] (output port clocked by clk)
Path Group: clk
Path Type: min
Corner: ss

Fanout     Cap    Slew   Delay    Time   Description
-----------------------------------------------------------------------------
                  0.00    0.00    0.00   clock clk (rise edge)
                          0.00    0.00   clock network delay (ideal)
                          0.00    0.00 v input external delay
                  0.03    0.02    0.02 v cin (in)
     1    0.00                           cin (net)
                  0.03    0.00    0.02 v input17/A (sky130_fd_sc_hd__clkbuf_1)
                  0.09    0.17    0.18 v input17/X (sky130_fd_sc_hd__clkbuf_1)
     2    0.01                           net17 (net)
                  0.09    0.00    0.18 v ppa_buffer_0_1.U2.buffer/A (sky130_fd_sc_hd__clkbuf_1)
                  0.10    0.20    0.39 v ppa_buffer_0_1.U2.buffer/X (sky130_fd_sc_hd__clkbuf_1)
     2    0.01                           ppa_buffer_0_1.U2.Y (net)
                  0.10    0.00    0.39 v ppa_buffer_0_2.U2.buffer/A (sky130_fd_sc_hd__clkbuf_1)
                  0.11    0.21    0.60 v ppa_buffer_0_2.U2.buffer/X (sky130_fd_sc_hd__clkbuf_1)
     2    0.01                           ppa_buffer_0_2.U2.Y (net)
                  0.11    0.00    0.60 v ppa_post_0_4.U1.xor2/B (sky130_fd_sc_hd__xor2_1)
                  0.08    0.28    0.87 v ppa_post_0_4.U1.xor2/X (sky130_fd_sc_hd__xor2_1)
     1    0.00                           ppa_post_0_4.U1.Y (net)
                  0.08    0.00    0.87 v _0_/A (sky130_fd_sc_hd__clkbuf_1)
                  0.07    0.17    1.04 v _0_/X (sky130_fd_sc_hd__clkbuf_1)
     1    0.00                           net19 (net)
                  0.07    0.00    1.04 v output19/A (sky130_fd_sc_hd__buf_2)
                  0.17    0.33    1.37 v output19/X (sky130_fd_sc_hd__buf_2)
     1    0.03                           sum[0] (net)
                  0.17    0.00    1.37 v sum[0] (out)
                                  1.37   data arrival time

                  0.00    0.00    0.00   clock clk (rise edge)
                          0.00    0.00   clock network delay (ideal)
                          0.25    0.25   clock uncertainty
                          0.00    0.25   clock reconvergence pessimism
                          0.00    0.25   output external delay
                                  0.25   data required time
-----------------------------------------------------------------------------
                                  0.25   data required time
                                 -1.37   data arrival time
-----------------------------------------------------------------------------
                                  1.12   slack (MET)


Startpoint: cin (input port clocked by clk)
Endpoint: sum[2] (output port clocked by clk)
Path Group: clk
Path Type: min
Corner: ss

Fanout     Cap    Slew   Delay    Time   Description
-----------------------------------------------------------------------------
                  0.00    0.00    0.00   clock clk (rise edge)
                          0.00    0.00   clock network delay (ideal)
                          0.00    0.00 ^ input external delay
                  0.05    0.03    0.03 ^ cin (in)
     1    0.01                           cin (net)
                  0.05    0.00    0.03 ^ input17/A (sky130_fd_sc_hd__clkbuf_1)
                  0.15    0.19    0.21 ^ input17/X (sky130_fd_sc_hd__clkbuf_1)
     2    0.01                           net17 (net)
                  0.15    0.00    0.21 ^ ppa_buffer_0_1.U2.buffer/A (sky130_fd_sc_hd__clkbuf_1)
                  0.17    0.24    0.45 ^ ppa_buffer_0_1.U2.buffer/X (sky130_fd_sc_hd__clkbuf_1)
     2    0.01                           ppa_buffer_0_1.U2.Y (net)
                  0.17    0.00    0.46 ^ ppa_grey_2_2.U1.ao21/A1 (sky130_fd_sc_hd__a21o_1)
                  0.09    0.26    0.71 ^ ppa_grey_2_2.U1.ao21/X (sky130_fd_sc_hd__a21o_1)
     2    0.01                           ppa_grey_2_2.U1.Y (net)
                  0.09    0.00    0.71 ^ rebuffer6/A (sky130_fd_sc_hd__buf_2)
                  0.08    0.20    0.91 ^ rebuffer6/X (sky130_fd_sc_hd__buf_2)
     1    0.01                           net32 (net)
                  0.08    0.00    0.91 ^ ppa_post_2_4.U1.xor2/B (sky130_fd_sc_hd__xor2_1)
                  0.06    0.11    1.02 v ppa_post_2_4.U1.xor2/X (sky130_fd_sc_hd__xor2_1)
     1    0.00                           ppa_post_2_4.U1.Y (net)
                  0.06    0.00    1.02 v _2_/A (sky130_fd_sc_hd__clkbuf_1)
                  0.04    0.14    1.16 v _2_/X (sky130_fd_sc_hd__clkbuf_1)
     1    0.00                           net21 (net)
                  0.04    0.00    1.16 v output21/A (sky130_fd_sc_hd__buf_2)
                  0.17    0.32    1.48 v output21/X (sky130_fd_sc_hd__buf_2)
     1    0.03                           sum[2] (net)
                  0.17    0.00    1.48 v sum[2] (out)
                                  1.48   data arrival time

                  0.00    0.00    0.00   clock clk (rise edge)
                          0.00    0.00   clock network delay (ideal)
                          0.25    0.25   clock uncertainty
                          0.00    0.25   clock reconvergence pessimism
                          0.00    0.25   output external delay
                                  0.25   data required time
-----------------------------------------------------------------------------
                                  0.25   data required time
                                 -1.48   data arrival time
-----------------------------------------------------------------------------
                                  1.23   slack (MET)


Startpoint: a[4] (input port clocked by clk)
Endpoint: sum[4] (output port clocked by clk)
Path Group: clk
Path Type: min
Corner: ss

Fanout     Cap    Slew   Delay    Time   Description
-----------------------------------------------------------------------------
                  0.00    0.00    0.00   clock clk (rise edge)
                          0.00    0.00   clock network delay (ideal)
                          0.00    0.00 ^ input external delay
                  0.05    0.03    0.03 ^ a[4] (in)
     1    0.01                           a[4] (net)
                  0.05    0.00    0.03 ^ input5/A (sky130_fd_sc_hd__buf_6)
                  0.07    0.16    0.19 ^ input5/X (sky130_fd_sc_hd__buf_6)
     2    0.01                           net5 (net)
                  0.07    0.00    0.19 ^ ppa_pre_5_0.U1.xor2/A (sky130_fd_sc_hd__xor2_2)
                  0.26    0.29    0.47 ^ ppa_pre_5_0.U1.xor2/X (sky130_fd_sc_hd__xor2_2)
     4    0.01                           ppa_black_5_1.U1.A (net)
                  0.26    0.00    0.48 ^ rebuffer5/A (sky130_fd_sc_hd__dlygate4sd1_1)
                  0.10    0.45    0.93 ^ rebuffer5/X (sky130_fd_sc_hd__dlygate4sd1_1)
     1    0.01                           net31 (net)
                  0.10    0.00    0.93 ^ ppa_post_4_4.U1.xor2/A (sky130_fd_sc_hd__xor2_1)
                  0.07    0.13    1.06 v ppa_post_4_4.U1.xor2/X (sky130_fd_sc_hd__xor2_1)
     1    0.00                           ppa_post_4_4.U1.Y (net)
                  0.07    0.00    1.06 v _4_/A (sky130_fd_sc_hd__clkbuf_1)
                  0.05    0.15    1.21 v _4_/X (sky130_fd_sc_hd__clkbuf_1)
     1    0.00                           net23 (net)
                  0.05    0.00    1.21 v output23/A (sky130_fd_sc_hd__buf_4)
                  0.10    0.28    1.50 v output23/X (sky130_fd_sc_hd__buf_4)
     1    0.03                           sum[4] (net)
                  0.10    0.00    1.50 v sum[4] (out)
                                  1.50   data arrival time

                  0.00    0.00    0.00   clock clk (rise edge)
                          0.00    0.00   clock network delay (ideal)
                          0.25    0.25   clock uncertainty
                          0.00    0.25   clock reconvergence pessimism
                          0.00    0.25   output external delay
                                  0.25   data required time
-----------------------------------------------------------------------------
                                  0.25   data required time
                                 -1.50   data arrival time
-----------------------------------------------------------------------------
                                  1.25   slack (MET)


Startpoint: cin (input port clocked by clk)
Endpoint: sum[1] (output port clocked by clk)
Path Group: clk
Path Type: min
Corner: ss

Fanout     Cap    Slew   Delay    Time   Description
-----------------------------------------------------------------------------
                  0.00    0.00    0.00   clock clk (rise edge)
                          0.00    0.00   clock network delay (ideal)
                          0.00    0.00 ^ input external delay
                  0.05    0.03    0.03 ^ cin (in)
     1    0.01                           cin (net)
                  0.05    0.00    0.03 ^ input17/A (sky130_fd_sc_hd__clkbuf_1)
                  0.15    0.19    0.21 ^ input17/X (sky130_fd_sc_hd__clkbuf_1)
     2    0.01                           net17 (net)
                  0.15    0.00    0.21 ^ ppa_grey_1_1.U1.ao21/A1 (sky130_fd_sc_hd__a21o_1)
                  0.14    0.28    0.50 ^ ppa_grey_1_1.U1.ao21/X (sky130_fd_sc_hd__a21o_1)
     2    0.01                           ppa_buffer_1_2.U2.A (net)
                  0.14    0.00    0.50 ^ ppa_buffer_1_2.U2.buffer/A (sky130_fd_sc_hd__clkbuf_1)
                  0.23    0.28    0.78 ^ ppa_buffer_1_2.U2.buffer/X (sky130_fd_sc_hd__clkbuf_1)
     2    0.01                           ppa_buffer_1_2.U2.Y (net)
                  0.23    0.00    0.78 ^ ppa_post_1_4.U1.xor2/B (sky130_fd_sc_hd__xor2_1)
                  0.08    0.19    0.97 v ppa_post_1_4.U1.xor2/X (sky130_fd_sc_hd__xor2_1)
     1    0.00                           ppa_post_1_4.U1.Y (net)
                  0.08    0.00    0.97 v _1_/A (sky130_fd_sc_hd__clkbuf_1)
                  0.09    0.19    1.16 v _1_/X (sky130_fd_sc_hd__clkbuf_1)
     1    0.01                           net20 (net)
                  0.09    0.00    1.16 v output20/A (sky130_fd_sc_hd__buf_2)
                  0.18    0.35    1.51 v output20/X (sky130_fd_sc_hd__buf_2)
     1    0.03                           sum[1] (net)
                  0.18    0.00    1.51 v sum[1] (out)
                                  1.51   data arrival time

                  0.00    0.00    0.00   clock clk (rise edge)
                          0.00    0.00   clock network delay (ideal)
                          0.25    0.25   clock uncertainty
                          0.00    0.25   clock reconvergence pessimism
                          0.00    0.25   output external delay
                                  0.25   data required time
-----------------------------------------------------------------------------
                                  0.25   data required time
                                 -1.51   data arrival time
-----------------------------------------------------------------------------
                                  1.26   slack (MET)


Startpoint: a[6] (input port clocked by clk)
Endpoint: sum[6] (output port clocked by clk)
Path Group: clk
Path Type: min
Corner: ss

Fanout     Cap    Slew   Delay    Time   Description
-----------------------------------------------------------------------------
                  0.00    0.00    0.00   clock clk (rise edge)
                          0.00    0.00   clock network delay (ideal)
                          0.00    0.00 v input external delay
                  0.03    0.01    0.01 v a[6] (in)
     1    0.00                           a[6] (net)
                  0.03    0.00    0.01 v input7/A (sky130_fd_sc_hd__clkbuf_1)
                  0.10    0.17    0.18 v input7/X (sky130_fd_sc_hd__clkbuf_1)
     2    0.01                           net7 (net)
                  0.10    0.00    0.18 v ppa_pre_7_0.U1.xor2/A (sky130_fd_sc_hd__xor2_1)
                  0.30    0.34    0.53 ^ ppa_pre_7_0.U1.xor2/X (sky130_fd_sc_hd__xor2_1)
     3    0.01                           ppa_black_7_1.U1.A (net)
                  0.30    0.00    0.53 ^ rebuffer8/A (sky130_fd_sc_hd__dlygate4sd1_1)
                  0.10    0.46    0.98 ^ rebuffer8/X (sky130_fd_sc_hd__dlygate4sd1_1)
     1    0.01                           net34 (net)
                  0.10    0.00    0.98 ^ ppa_post_6_4.U1.xor2/A (sky130_fd_sc_hd__xor2_1)
                  0.07    0.13    1.11 v ppa_post_6_4.U1.xor2/X (sky130_fd_sc_hd__xor2_1)
     1    0.00                           ppa_post_6_4.U1.Y (net)
                  0.07    0.00    1.11 v _6_/A (sky130_fd_sc_hd__clkbuf_1)
                  0.07    0.17    1.28 v _6_/X (sky130_fd_sc_hd__clkbuf_1)
     1    0.01                           net25 (net)
                  0.07    0.00    1.28 v output25/A (sky130_fd_sc_hd__buf_6)
                  0.08    0.24    1.52 v output25/X (sky130_fd_sc_hd__buf_6)
     1    0.03                           sum[6] (net)
                  0.08    0.00    1.52 v sum[6] (out)
                                  1.52   data arrival time

                  0.00    0.00    0.00   clock clk (rise edge)
                          0.00    0.00   clock network delay (ideal)
                          0.25    0.25   clock uncertainty
                          0.00    0.25   clock reconvergence pessimism
                          0.00    0.25   output external delay
                                  0.25   data required time
-----------------------------------------------------------------------------
                                  0.25   data required time
                                 -1.52   data arrival time
-----------------------------------------------------------------------------
                                  1.27   slack (MET)


Startpoint: b[5] (input port clocked by clk)
Endpoint: sum[5] (output port clocked by clk)
Path Group: clk
Path Type: min
Corner: ss

Fanout     Cap    Slew   Delay    Time   Description
-----------------------------------------------------------------------------
                  0.00    0.00    0.00   clock clk (rise edge)
                          0.00    0.00   clock network delay (ideal)
                          0.00    0.00 v input external delay
                  0.02    0.01    0.01 v b[5] (in)
     1    0.00                           b[5] (net)
                  0.02    0.00    0.01 v input14/A (sky130_fd_sc_hd__clkbuf_2)
                  0.10    0.19    0.21 v input14/X (sky130_fd_sc_hd__clkbuf_2)
     2    0.01                           net14 (net)
                  0.10    0.00    0.21 v ppa_pre_6_0.U1.xor2/B (sky130_fd_sc_hd__xor2_2)
                  0.24    0.28    0.49 ^ ppa_pre_6_0.U1.xor2/X (sky130_fd_sc_hd__xor2_2)
     4    0.01                           ppa_black_6_1.U1.A (net)
                  0.24    0.00    0.49 ^ rebuffer3/A (sky130_fd_sc_hd__dlygate4sd1_1)
                  0.10    0.45    0.94 ^ rebuffer3/X (sky130_fd_sc_hd__dlygate4sd1_1)
     1    0.01                           net29 (net)
                  0.10    0.00    0.94 ^ ppa_post_5_4.U1.xor2/A (sky130_fd_sc_hd__xor2_1)
                  0.06    0.13    1.06 v ppa_post_5_4.U1.xor2/X (sky130_fd_sc_hd__xor2_1)
     1    0.00                           ppa_post_5_4.U1.Y (net)
                  0.06    0.00    1.06 v _5_/A (sky130_fd_sc_hd__buf_2)
                  0.06    0.23    1.29 v _5_/X (sky130_fd_sc_hd__buf_2)
     1    0.01                           net24 (net)
                  0.06    0.00    1.29 v output24/A (sky130_fd_sc_hd__buf_6)
                  0.08    0.23    1.52 v output24/X (sky130_fd_sc_hd__buf_6)
     1    0.03                           sum[5] (net)
                  0.08    0.00    1.52 v sum[5] (out)
                                  1.52   data arrival time

                  0.00    0.00    0.00   clock clk (rise edge)
                          0.00    0.00   clock network delay (ideal)
                          0.25    0.25   clock uncertainty
                          0.00    0.25   clock reconvergence pessimism
                          0.00    0.25   output external delay
                                  0.25   data required time
-----------------------------------------------------------------------------
                                  0.25   data required time
                                 -1.52   data arrival time
-----------------------------------------------------------------------------
                                  1.27   slack (MET)


Startpoint: cin (input port clocked by clk)
Endpoint: sum[3] (output port clocked by clk)
Path Group: clk
Path Type: min
Corner: ss

Fanout     Cap    Slew   Delay    Time   Description
-----------------------------------------------------------------------------
                  0.00    0.00    0.00   clock clk (rise edge)
                          0.00    0.00   clock network delay (ideal)
                          0.00    0.00 ^ input external delay
                  0.05    0.03    0.03 ^ cin (in)
     1    0.01                           cin (net)
                  0.05    0.00    0.03 ^ input17/A (sky130_fd_sc_hd__clkbuf_1)
                  0.15    0.19    0.21 ^ input17/X (sky130_fd_sc_hd__clkbuf_1)
     2    0.01                           net17 (net)
                  0.15    0.00    0.21 ^ ppa_grey_1_1.U1.ao21/A1 (sky130_fd_sc_hd__a21o_1)
                  0.14    0.28    0.50 ^ ppa_grey_1_1.U1.ao21/X (sky130_fd_sc_hd__a21o_1)
     2    0.01                           ppa_buffer_1_2.U2.A (net)
                  0.14    0.00    0.50 ^ ppa_grey_3_2.U1.ao21/A1 (sky130_fd_sc_hd__a21o_1)
                  0.12    0.26    0.76 ^ ppa_grey_3_2.U1.ao21/X (sky130_fd_sc_hd__a21o_1)
     2    0.01                           ppa_grey_3_2.U1.Y (net)
                  0.12    0.00    0.76 ^ rebuffer4/A (sky130_fd_sc_hd__buf_2)
                  0.06    0.20    0.96 ^ rebuffer4/X (sky130_fd_sc_hd__buf_2)
     1    0.01                           net30 (net)
                  0.06    0.00    0.96 ^ ppa_post_3_4.U1.xor2/B (sky130_fd_sc_hd__xor2_1)
                  0.08    0.12    1.09 v ppa_post_3_4.U1.xor2/X (sky130_fd_sc_hd__xor2_1)
     1    0.00                           ppa_post_3_4.U1.Y (net)
                  0.08    0.00    1.09 v _3_/A (sky130_fd_sc_hd__clkbuf_1)
                  0.04    0.15    1.23 v _3_/X (sky130_fd_sc_hd__clkbuf_1)
     1    0.00                           net22 (net)
                  0.04    0.00    1.23 v output22/A (sky130_fd_sc_hd__buf_2)
                  0.17    0.32    1.55 v output22/X (sky130_fd_sc_hd__buf_2)
     1    0.03                           sum[3] (net)
                  0.17    0.00    1.55 v sum[3] (out)
                                  1.55   data arrival time

                  0.00    0.00    0.00   clock clk (rise edge)
                          0.00    0.00   clock network delay (ideal)
                          0.25    0.25   clock uncertainty
                          0.00    0.25   clock reconvergence pessimism
                          0.00    0.25   output external delay
                                  0.25   data required time
-----------------------------------------------------------------------------
                                  0.25   data required time
                                 -1.55   data arrival time
-----------------------------------------------------------------------------
                                  1.30   slack (MET)



======================= Typical Corner ===================================

Startpoint: a[7] (input port clocked by clk)
Endpoint: cout (output port clocked by clk)
Path Group: clk
Path Type: min
Corner: tt

Fanout     Cap    Slew   Delay    Time   Description
-----------------------------------------------------------------------------
                  0.00    0.00    0.00   clock clk (rise edge)
                          0.00    0.00   clock network delay (ideal)
                          0.00    0.00 ^ input external delay
                  0.03    0.01    0.01 ^ a[7] (in)
     1    0.00                           a[7] (net)
                  0.03    0.00    0.01 ^ input8/A (sky130_fd_sc_hd__clkbuf_1)
                  0.09    0.10    0.12 ^ input8/X (sky130_fd_sc_hd__clkbuf_1)
     2    0.01                           net8 (net)
                  0.09    0.00    0.12 ^ ppa_pre_cout.U2.and2/A (sky130_fd_sc_hd__and2_1)
                  0.06    0.13    0.25 ^ ppa_pre_cout.U2.and2/X (sky130_fd_sc_hd__and2_1)
     1    0.00                           ppa_grey_cout.U1.B0 (net)
                  0.06    0.00    0.25 ^ ppa_grey_cout.U1.ao21/B1 (sky130_fd_sc_hd__a21o_1)
                  0.05    0.09    0.34 ^ ppa_grey_cout.U1.ao21/X (sky130_fd_sc_hd__a21o_1)
     1    0.00                           net18 (net)
                  0.05    0.00    0.34 ^ output18/A (sky130_fd_sc_hd__buf_2)
                  0.18    0.19    0.53 ^ output18/X (sky130_fd_sc_hd__buf_2)
     1    0.03                           cout (net)
                  0.18    0.00    0.53 ^ cout (out)
                                  0.53   data arrival time

                  0.00    0.00    0.00   clock clk (rise edge)
                          0.00    0.00   clock network delay (ideal)
                          0.25    0.25   clock uncertainty
                          0.00    0.25   clock reconvergence pessimism
                          0.00    0.25   output external delay
                                  0.25   data required time
-----------------------------------------------------------------------------
                                  0.25   data required time
                                 -0.53   data arrival time
-----------------------------------------------------------------------------
                                  0.28   slack (MET)


Startpoint: a[7] (input port clocked by clk)
Endpoint: sum[7] (output port clocked by clk)
Path Group: clk
Path Type: min
Corner: tt

Fanout     Cap    Slew   Delay    Time   Description
-----------------------------------------------------------------------------
                  0.00    0.00    0.00   clock clk (rise edge)
                          0.00    0.00   clock network delay (ideal)
                          0.00    0.00 ^ input external delay
                  0.03    0.01    0.01 ^ a[7] (in)
     1    0.00                           a[7] (net)
                  0.03    0.00    0.01 ^ input8/A (sky130_fd_sc_hd__clkbuf_1)
                  0.09    0.10    0.12 ^ input8/X (sky130_fd_sc_hd__clkbuf_1)
     2    0.01                           net8 (net)
                  0.09    0.00    0.12 ^ ppa_pre_cout.U1.xor2/A (sky130_fd_sc_hd__xor2_1)
                  0.06    0.09    0.21 v ppa_pre_cout.U1.xor2/X (sky130_fd_sc_hd__xor2_1)
     2    0.01                           ppa_grey_cout.U1.A1 (net)
                  0.06    0.00    0.21 v ppa_post_7_4.U1.xor2/A (sky130_fd_sc_hd__xor2_1)
                  0.04    0.15    0.36 v ppa_post_7_4.U1.xor2/X (sky130_fd_sc_hd__xor2_1)
     1    0.00                           ppa_post_7_4.U1.Y (net)
                  0.04    0.00    0.36 v _7_/A (sky130_fd_sc_hd__clkbuf_1)
                  0.04    0.09    0.45 v _7_/X (sky130_fd_sc_hd__clkbuf_1)
     1    0.01                           net26 (net)
                  0.04    0.00    0.45 v output26/A (sky130_fd_sc_hd__buf_6)
                  0.04    0.13    0.58 v output26/X (sky130_fd_sc_hd__buf_6)
     1    0.03                           sum[7] (net)
                  0.04    0.00    0.58 v sum[7] (out)
                                  0.58   data arrival time

                  0.00    0.00    0.00   clock clk (rise edge)
                          0.00    0.00   clock network delay (ideal)
                          0.25    0.25   clock uncertainty
                          0.00    0.25   clock reconvergence pessimism
                          0.00    0.25   output external delay
                                  0.25   data required time
-----------------------------------------------------------------------------
                                  0.25   data required time
                                 -0.58   data arrival time
-----------------------------------------------------------------------------
                                  0.33   slack (MET)


Startpoint: cin (input port clocked by clk)
Endpoint: sum[0] (output port clocked by clk)
Path Group: clk
Path Type: min
Corner: tt

Fanout     Cap    Slew   Delay    Time   Description
-----------------------------------------------------------------------------
                  0.00    0.00    0.00   clock clk (rise edge)
                          0.00    0.00   clock network delay (ideal)
                          0.00    0.00 v input external delay
                  0.01    0.01    0.01 v cin (in)
     1    0.00                           cin (net)
                  0.01    0.00    0.01 v input17/A (sky130_fd_sc_hd__clkbuf_1)
                  0.05    0.09    0.10 v input17/X (sky130_fd_sc_hd__clkbuf_1)
     2    0.01                           net17 (net)
                  0.05    0.00    0.10 v ppa_buffer_0_1.U2.buffer/A (sky130_fd_sc_hd__clkbuf_1)
                  0.05    0.11    0.20 v ppa_buffer_0_1.U2.buffer/X (sky130_fd_sc_hd__clkbuf_1)
     2    0.01                           ppa_buffer_0_1.U2.Y (net)
                  0.05    0.00    0.20 v ppa_buffer_0_2.U2.buffer/A (sky130_fd_sc_hd__clkbuf_1)
                  0.05    0.11    0.31 v ppa_buffer_0_2.U2.buffer/X (sky130_fd_sc_hd__clkbuf_1)
     2    0.01                           ppa_buffer_0_2.U2.Y (net)
                  0.05    0.00    0.31 v ppa_post_0_4.U1.xor2/B (sky130_fd_sc_hd__xor2_1)
                  0.04    0.14    0.45 v ppa_post_0_4.U1.xor2/X (sky130_fd_sc_hd__xor2_1)
     1    0.00                           ppa_post_0_4.U1.Y (net)
                  0.04    0.00    0.45 v _0_/A (sky130_fd_sc_hd__clkbuf_1)
                  0.03    0.09    0.54 v _0_/X (sky130_fd_sc_hd__clkbuf_1)
     1    0.00                           net19 (net)
                  0.03    0.00    0.54 v output19/A (sky130_fd_sc_hd__buf_2)
                  0.09    0.17    0.71 v output19/X (sky130_fd_sc_hd__buf_2)
     1    0.03                           sum[0] (net)
                  0.09    0.00    0.71 v sum[0] (out)
                                  0.71   data arrival time

                  0.00    0.00    0.00   clock clk (rise edge)
                          0.00    0.00   clock network delay (ideal)
                          0.25    0.25   clock uncertainty
                          0.00    0.25   clock reconvergence pessimism
                          0.00    0.25   output external delay
                                  0.25   data required time
-----------------------------------------------------------------------------
                                  0.25   data required time
                                 -0.71   data arrival time
-----------------------------------------------------------------------------
                                  0.46   slack (MET)


Startpoint: cin (input port clocked by clk)
Endpoint: sum[2] (output port clocked by clk)
Path Group: clk
Path Type: min
Corner: tt

Fanout     Cap    Slew   Delay    Time   Description
-----------------------------------------------------------------------------
                  0.00    0.00    0.00   clock clk (rise edge)
                          0.00    0.00   clock network delay (ideal)
                          0.00    0.00 ^ input external delay
                  0.03    0.02    0.02 ^ cin (in)
     1    0.01                           cin (net)
                  0.03    0.00    0.02 ^ input17/A (sky130_fd_sc_hd__clkbuf_1)
                  0.09    0.11    0.12 ^ input17/X (sky130_fd_sc_hd__clkbuf_1)
     2    0.01                           net17 (net)
                  0.09    0.00    0.12 ^ ppa_buffer_0_1.U2.buffer/A (sky130_fd_sc_hd__clkbuf_1)
                  0.10    0.13    0.25 ^ ppa_buffer_0_1.U2.buffer/X (sky130_fd_sc_hd__clkbuf_1)
     2    0.01                           ppa_buffer_0_1.U2.Y (net)
                  0.10    0.00    0.25 ^ ppa_grey_2_2.U1.ao21/A1 (sky130_fd_sc_hd__a21o_1)
                  0.06    0.13    0.38 ^ ppa_grey_2_2.U1.ao21/X (sky130_fd_sc_hd__a21o_1)
     2    0.01                           ppa_grey_2_2.U1.Y (net)
                  0.06    0.00    0.38 ^ rebuffer6/A (sky130_fd_sc_hd__buf_2)
                  0.05    0.11    0.49 ^ rebuffer6/X (sky130_fd_sc_hd__buf_2)
     1    0.01                           net32 (net)
                  0.05    0.00    0.49 ^ ppa_post_2_4.U1.xor2/B (sky130_fd_sc_hd__xor2_1)
                  0.03    0.05    0.54 v ppa_post_2_4.U1.xor2/X (sky130_fd_sc_hd__xor2_1)
     1    0.00                           ppa_post_2_4.U1.Y (net)
                  0.03    0.00    0.54 v _2_/A (sky130_fd_sc_hd__clkbuf_1)
                  0.02    0.07    0.61 v _2_/X (sky130_fd_sc_hd__clkbuf_1)
     1    0.00                           net21 (net)
                  0.02    0.00    0.61 v output21/A (sky130_fd_sc_hd__buf_2)
                  0.09    0.16    0.78 v output21/X (sky130_fd_sc_hd__buf_2)
     1    0.03                           sum[2] (net)
                  0.09    0.00    0.78 v sum[2] (out)
                                  0.78   data arrival time

                  0.00    0.00    0.00   clock clk (rise edge)
                          0.00    0.00   clock network delay (ideal)
                          0.25    0.25   clock uncertainty
                          0.00    0.25   clock reconvergence pessimism
                          0.00    0.25   output external delay
                                  0.25   data required time
-----------------------------------------------------------------------------
                                  0.25   data required time
                                 -0.78   data arrival time
-----------------------------------------------------------------------------
                                  0.53   slack (MET)


Startpoint: a[4] (input port clocked by clk)
Endpoint: sum[4] (output port clocked by clk)
Path Group: clk
Path Type: min
Corner: tt

Fanout     Cap    Slew   Delay    Time   Description
-----------------------------------------------------------------------------
                  0.00    0.00    0.00   clock clk (rise edge)
                          0.00    0.00   clock network delay (ideal)
                          0.00    0.00 ^ input external delay
                  0.03    0.02    0.02 ^ a[4] (in)
     1    0.01                           a[4] (net)
                  0.03    0.00    0.02 ^ input5/A (sky130_fd_sc_hd__buf_6)
                  0.04    0.09    0.11 ^ input5/X (sky130_fd_sc_hd__buf_6)
     2    0.01                           net5 (net)
                  0.04    0.00    0.11 ^ ppa_pre_5_0.U1.xor2/A (sky130_fd_sc_hd__xor2_2)
                  0.05    0.08    0.18 v ppa_pre_5_0.U1.xor2/X (sky130_fd_sc_hd__xor2_2)
     4    0.01                           ppa_black_5_1.U1.A (net)
                  0.05    0.00    0.18 v rebuffer5/A (sky130_fd_sc_hd__dlygate4sd1_1)
                  0.04    0.23    0.41 v rebuffer5/X (sky130_fd_sc_hd__dlygate4sd1_1)
     1    0.01                           net31 (net)
                  0.04    0.00    0.41 v ppa_post_4_4.U1.xor2/A (sky130_fd_sc_hd__xor2_1)
                  0.04    0.14    0.56 v ppa_post_4_4.U1.xor2/X (sky130_fd_sc_hd__xor2_1)
     1    0.00                           ppa_post_4_4.U1.Y (net)
                  0.04    0.00    0.56 v _4_/A (sky130_fd_sc_hd__clkbuf_1)
                  0.03    0.08    0.64 v _4_/X (sky130_fd_sc_hd__clkbuf_1)
     1    0.00                           net23 (net)
                  0.03    0.00    0.64 v output23/A (sky130_fd_sc_hd__buf_4)
                  0.06    0.15    0.79 v output23/X (sky130_fd_sc_hd__buf_4)
     1    0.03                           sum[4] (net)
                  0.06    0.00    0.79 v sum[4] (out)
                                  0.79   data arrival time

                  0.00    0.00    0.00   clock clk (rise edge)
                          0.00    0.00   clock network delay (ideal)
                          0.25    0.25   clock uncertainty
                          0.00    0.25   clock reconvergence pessimism
                          0.00    0.25   output external delay
                                  0.25   data required time
-----------------------------------------------------------------------------
                                  0.25   data required time
                                 -0.79   data arrival time
-----------------------------------------------------------------------------
                                  0.54   slack (MET)


Startpoint: cin (input port clocked by clk)
Endpoint: sum[1] (output port clocked by clk)
Path Group: clk
Path Type: min
Corner: tt

Fanout     Cap    Slew   Delay    Time   Description
-----------------------------------------------------------------------------
                  0.00    0.00    0.00   clock clk (rise edge)
                          0.00    0.00   clock network delay (ideal)
                          0.00    0.00 ^ input external delay
                  0.03    0.02    0.02 ^ cin (in)
     1    0.01                           cin (net)
                  0.03    0.00    0.02 ^ input17/A (sky130_fd_sc_hd__clkbuf_1)
                  0.09    0.11    0.12 ^ input17/X (sky130_fd_sc_hd__clkbuf_1)
     2    0.01                           net17 (net)
                  0.09    0.00    0.12 ^ ppa_grey_1_1.U1.ao21/A1 (sky130_fd_sc_hd__a21o_1)
                  0.09    0.15    0.27 ^ ppa_grey_1_1.U1.ao21/X (sky130_fd_sc_hd__a21o_1)
     2    0.01                           ppa_buffer_1_2.U2.A (net)
                  0.09    0.00    0.27 ^ ppa_buffer_1_2.U2.buffer/A (sky130_fd_sc_hd__clkbuf_1)
                  0.14    0.15    0.42 ^ ppa_buffer_1_2.U2.buffer/X (sky130_fd_sc_hd__clkbuf_1)
     2    0.01                           ppa_buffer_1_2.U2.Y (net)
                  0.14    0.00    0.42 ^ ppa_post_1_4.U1.xor2/B (sky130_fd_sc_hd__xor2_1)
                  0.04    0.09    0.51 v ppa_post_1_4.U1.xor2/X (sky130_fd_sc_hd__xor2_1)
     1    0.00                           ppa_post_1_4.U1.Y (net)
                  0.04    0.00    0.51 v _1_/A (sky130_fd_sc_hd__clkbuf_1)
                  0.05    0.10    0.61 v _1_/X (sky130_fd_sc_hd__clkbuf_1)
     1    0.01                           net20 (net)
                  0.05    0.00    0.61 v output20/A (sky130_fd_sc_hd__buf_2)
                  0.09    0.18    0.79 v output20/X (sky130_fd_sc_hd__buf_2)
     1    0.03                           sum[1] (net)
                  0.09    0.00    0.79 v sum[1] (out)
                                  0.79   data arrival time

                  0.00    0.00    0.00   clock clk (rise edge)
                          0.00    0.00   clock network delay (ideal)
                          0.25    0.25   clock uncertainty
                          0.00    0.25   clock reconvergence pessimism
                          0.00    0.25   output external delay
                                  0.25   data required time
-----------------------------------------------------------------------------
                                  0.25   data required time
                                 -0.79   data arrival time
-----------------------------------------------------------------------------
                                  0.54   slack (MET)


Startpoint: a[6] (input port clocked by clk)
Endpoint: sum[6] (output port clocked by clk)
Path Group: clk
Path Type: min
Corner: tt

Fanout     Cap    Slew   Delay    Time   Description
-----------------------------------------------------------------------------
                  0.00    0.00    0.00   clock clk (rise edge)
                          0.00    0.00   clock network delay (ideal)
                          0.00    0.00 v input external delay
                  0.01    0.01    0.01 v a[6] (in)
     1    0.00                           a[6] (net)
                  0.01    0.00    0.01 v input7/A (sky130_fd_sc_hd__clkbuf_1)
                  0.05    0.09    0.10 v input7/X (sky130_fd_sc_hd__clkbuf_1)
     2    0.01                           net7 (net)
                  0.05    0.00    0.10 v ppa_pre_7_0.U1.xor2/A (sky130_fd_sc_hd__xor2_1)
                  0.19    0.20    0.30 ^ ppa_pre_7_0.U1.xor2/X (sky130_fd_sc_hd__xor2_1)
     3    0.01                           ppa_black_7_1.U1.A (net)
                  0.19    0.00    0.30 ^ rebuffer8/A (sky130_fd_sc_hd__dlygate4sd1_1)
                  0.06    0.23    0.52 ^ rebuffer8/X (sky130_fd_sc_hd__dlygate4sd1_1)
     1    0.01                           net34 (net)
                  0.06    0.00    0.52 ^ ppa_post_6_4.U1.xor2/A (sky130_fd_sc_hd__xor2_1)
                  0.04    0.06    0.58 v ppa_post_6_4.U1.xor2/X (sky130_fd_sc_hd__xor2_1)
     1    0.00                           ppa_post_6_4.U1.Y (net)
                  0.04    0.00    0.58 v _6_/A (sky130_fd_sc_hd__clkbuf_1)
                  0.04    0.09    0.67 v _6_/X (sky130_fd_sc_hd__clkbuf_1)
     1    0.00                           net25 (net)
                  0.04    0.00    0.67 v output25/A (sky130_fd_sc_hd__buf_6)
                  0.05    0.13    0.80 v output25/X (sky130_fd_sc_hd__buf_6)
     1    0.03                           sum[6] (net)
                  0.05    0.00    0.80 v sum[6] (out)
                                  0.80   data arrival time

                  0.00    0.00    0.00   clock clk (rise edge)
                          0.00    0.00   clock network delay (ideal)
                          0.25    0.25   clock uncertainty
                          0.00    0.25   clock reconvergence pessimism
                          0.00    0.25   output external delay
                                  0.25   data required time
-----------------------------------------------------------------------------
                                  0.25   data required time
                                 -0.80   data arrival time
-----------------------------------------------------------------------------
                                  0.55   slack (MET)


Startpoint: b[5] (input port clocked by clk)
Endpoint: sum[5] (output port clocked by clk)
Path Group: clk
Path Type: min
Corner: tt

Fanout     Cap    Slew   Delay    Time   Description
-----------------------------------------------------------------------------
                  0.00    0.00    0.00   clock clk (rise edge)
                          0.00    0.00   clock network delay (ideal)
                          0.00    0.00 ^ input external delay
                  0.03    0.02    0.02 ^ b[5] (in)
     1    0.00                           b[5] (net)
                  0.03    0.00    0.02 ^ input14/A (sky130_fd_sc_hd__clkbuf_2)
                  0.08    0.12    0.13 ^ input14/X (sky130_fd_sc_hd__clkbuf_2)
     2    0.01                           net14 (net)
                  0.08    0.00    0.13 ^ ppa_pre_6_0.U1.xor2/B (sky130_fd_sc_hd__xor2_2)
                  0.05    0.08    0.21 v ppa_pre_6_0.U1.xor2/X (sky130_fd_sc_hd__xor2_2)
     4    0.01                           ppa_black_6_1.U1.A (net)
                  0.05    0.00    0.21 v rebuffer3/A (sky130_fd_sc_hd__dlygate4sd1_1)
                  0.04    0.23    0.44 v rebuffer3/X (sky130_fd_sc_hd__dlygate4sd1_1)
     1    0.01                           net29 (net)
                  0.04    0.00    0.44 v ppa_post_5_4.U1.xor2/A (sky130_fd_sc_hd__xor2_1)
                  0.09    0.13    0.57 ^ ppa_post_5_4.U1.xor2/X (sky130_fd_sc_hd__xor2_1)
     1    0.00                           ppa_post_5_4.U1.Y (net)
                  0.09    0.00    0.57 ^ _5_/A (sky130_fd_sc_hd__buf_2)
                  0.04    0.12    0.68 ^ _5_/X (sky130_fd_sc_hd__buf_2)
     1    0.01                           net24 (net)
                  0.04    0.00    0.68 ^ output24/A (sky130_fd_sc_hd__buf_6)
                  0.08    0.12    0.80 ^ output24/X (sky130_fd_sc_hd__buf_6)
     1    0.03                           sum[5] (net)
                  0.08    0.00    0.80 ^ sum[5] (out)
                                  0.80   data arrival time

                  0.00    0.00    0.00   clock clk (rise edge)
                          0.00    0.00   clock network delay (ideal)
                          0.25    0.25   clock uncertainty
                          0.00    0.25   clock reconvergence pessimism
                          0.00    0.25   output external delay
                                  0.25   data required time
-----------------------------------------------------------------------------
                                  0.25   data required time
                                 -0.80   data arrival time
-----------------------------------------------------------------------------
                                  0.55   slack (MET)


Startpoint: cin (input port clocked by clk)
Endpoint: sum[3] (output port clocked by clk)
Path Group: clk
Path Type: min
Corner: tt

Fanout     Cap    Slew   Delay    Time   Description
-----------------------------------------------------------------------------
                  0.00    0.00    0.00   clock clk (rise edge)
                          0.00    0.00   clock network delay (ideal)
                          0.00    0.00 ^ input external delay
                  0.03    0.02    0.02 ^ cin (in)
     1    0.01                           cin (net)
                  0.03    0.00    0.02 ^ input17/A (sky130_fd_sc_hd__clkbuf_1)
                  0.09    0.11    0.12 ^ input17/X (sky130_fd_sc_hd__clkbuf_1)
     2    0.01                           net17 (net)
                  0.09    0.00    0.12 ^ ppa_grey_1_1.U1.ao21/A1 (sky130_fd_sc_hd__a21o_1)
                  0.09    0.15    0.27 ^ ppa_grey_1_1.U1.ao21/X (sky130_fd_sc_hd__a21o_1)
     2    0.01                           ppa_buffer_1_2.U2.A (net)
                  0.09    0.00    0.27 ^ ppa_grey_3_2.U1.ao21/A1 (sky130_fd_sc_hd__a21o_1)
                  0.08    0.14    0.41 ^ ppa_grey_3_2.U1.ao21/X (sky130_fd_sc_hd__a21o_1)
     2    0.01                           ppa_grey_3_2.U1.Y (net)
                  0.08    0.00    0.41 ^ rebuffer4/A (sky130_fd_sc_hd__buf_2)
                  0.04    0.11    0.51 ^ rebuffer4/X (sky130_fd_sc_hd__buf_2)
     1    0.01                           net30 (net)
                  0.04    0.00    0.51 ^ ppa_post_3_4.U1.xor2/B (sky130_fd_sc_hd__xor2_1)
                  0.04    0.06    0.57 v ppa_post_3_4.U1.xor2/X (sky130_fd_sc_hd__xor2_1)
     1    0.00                           ppa_post_3_4.U1.Y (net)
                  0.04    0.00    0.57 v _3_/A (sky130_fd_sc_hd__clkbuf_1)
                  0.02    0.08    0.64 v _3_/X (sky130_fd_sc_hd__clkbuf_1)
     1    0.00                           net22 (net)
                  0.02    0.00    0.65 v output22/A (sky130_fd_sc_hd__buf_2)
                  0.09    0.16    0.81 v output22/X (sky130_fd_sc_hd__buf_2)
     1    0.03                           sum[3] (net)
                  0.09    0.00    0.81 v sum[3] (out)
                                  0.81   data arrival time

                  0.00    0.00    0.00   clock clk (rise edge)
                          0.00    0.00   clock network delay (ideal)
                          0.25    0.25   clock uncertainty
                          0.00    0.25   clock reconvergence pessimism
                          0.00    0.25   output external delay
                                  0.25   data required time
-----------------------------------------------------------------------------
                                  0.25   data required time
                                 -0.81   data arrival time
-----------------------------------------------------------------------------
                                  0.56   slack (MET)



======================= Fastest Corner ===================================

Startpoint: a[7] (input port clocked by clk)
Endpoint: cout (output port clocked by clk)
Path Group: clk
Path Type: min
Corner: ff

Fanout     Cap    Slew   Delay    Time   Description
-----------------------------------------------------------------------------
                  0.00    0.00    0.00   clock clk (rise edge)
                          0.00    0.00   clock network delay (ideal)
                          0.00    0.00 v input external delay
                  0.01    0.00    0.00 v a[7] (in)
     1    0.00                           a[7] (net)
                  0.01    0.00    0.00 v input8/A (sky130_fd_sc_hd__clkbuf_1)
                  0.03    0.06    0.06 v input8/X (sky130_fd_sc_hd__clkbuf_1)
     2    0.01                           net8 (net)
                  0.03    0.00    0.06 v ppa_pre_cout.U2.and2/A (sky130_fd_sc_hd__and2_1)
                  0.03    0.09    0.15 v ppa_pre_cout.U2.and2/X (sky130_fd_sc_hd__and2_1)
     1    0.00                           ppa_grey_cout.U1.B0 (net)
                  0.03    0.00    0.15 v ppa_grey_cout.U1.ao21/B1 (sky130_fd_sc_hd__a21o_1)
                  0.02    0.07    0.21 v ppa_grey_cout.U1.ao21/X (sky130_fd_sc_hd__a21o_1)
     1    0.00                           net18 (net)
                  0.02    0.00    0.21 v output18/A (sky130_fd_sc_hd__buf_2)
                  0.06    0.11    0.32 v output18/X (sky130_fd_sc_hd__buf_2)
     1    0.03                           cout (net)
                  0.06    0.00    0.32 v cout (out)
                                  0.32   data arrival time

                  0.00    0.00    0.00   clock clk (rise edge)
                          0.00    0.00   clock network delay (ideal)
                          0.25    0.25   clock uncertainty
                          0.00    0.25   clock reconvergence pessimism
                          0.00    0.25   output external delay
                                  0.25   data required time
-----------------------------------------------------------------------------
                                  0.25   data required time
                                 -0.32   data arrival time
-----------------------------------------------------------------------------
                                  0.07   slack (MET)


Startpoint: b[7] (input port clocked by clk)
Endpoint: sum[7] (output port clocked by clk)
Path Group: clk
Path Type: min
Corner: ff

Fanout     Cap    Slew   Delay    Time   Description
-----------------------------------------------------------------------------
                  0.00    0.00    0.00   clock clk (rise edge)
                          0.00    0.00   clock network delay (ideal)
                          0.00    0.00 ^ input external delay
                  0.02    0.01    0.01 ^ b[7] (in)
     1    0.00                           b[7] (net)
                  0.02    0.00    0.01 ^ input16/A (sky130_fd_sc_hd__clkbuf_1)
                  0.07    0.07    0.08 ^ input16/X (sky130_fd_sc_hd__clkbuf_1)
     2    0.01                           net16 (net)
                  0.07    0.00    0.08 ^ ppa_pre_cout.U1.xor2/B (sky130_fd_sc_hd__xor2_1)
                  0.04    0.05    0.14 v ppa_pre_cout.U1.xor2/X (sky130_fd_sc_hd__xor2_1)
     2    0.01                           ppa_grey_cout.U1.A1 (net)
                  0.04    0.00    0.14 v ppa_post_7_4.U1.xor2/A (sky130_fd_sc_hd__xor2_1)
                  0.03    0.10    0.23 v ppa_post_7_4.U1.xor2/X (sky130_fd_sc_hd__xor2_1)
     1    0.00                           ppa_post_7_4.U1.Y (net)
                  0.03    0.00    0.23 v _7_/A (sky130_fd_sc_hd__clkbuf_1)
                  0.03    0.06    0.29 v _7_/X (sky130_fd_sc_hd__clkbuf_1)
     1    0.01                           net26 (net)
                  0.03    0.00    0.29 v output26/A (sky130_fd_sc_hd__buf_6)
                  0.03    0.08    0.38 v output26/X (sky130_fd_sc_hd__buf_6)
     1    0.03                           sum[7] (net)
                  0.03    0.00    0.38 v sum[7] (out)
                                  0.38   data arrival time

                  0.00    0.00    0.00   clock clk (rise edge)
                          0.00    0.00   clock network delay (ideal)
                          0.25    0.25   clock uncertainty
                          0.00    0.25   clock reconvergence pessimism
                          0.00    0.25   output external delay
                                  0.25   data required time
-----------------------------------------------------------------------------
                                  0.25   data required time
                                 -0.38   data arrival time
-----------------------------------------------------------------------------
                                  0.13   slack (MET)


Startpoint: cin (input port clocked by clk)
Endpoint: sum[0] (output port clocked by clk)
Path Group: clk
Path Type: min
Corner: ff

Fanout     Cap    Slew   Delay    Time   Description
-----------------------------------------------------------------------------
                  0.00    0.00    0.00   clock clk (rise edge)
                          0.00    0.00   clock network delay (ideal)
                          0.00    0.00 v input external delay
                  0.01    0.00    0.00 v cin (in)
     1    0.01                           cin (net)
                  0.01    0.00    0.00 v input17/A (sky130_fd_sc_hd__clkbuf_1)
                  0.03    0.06    0.06 v input17/X (sky130_fd_sc_hd__clkbuf_1)
     2    0.01                           net17 (net)
                  0.03    0.00    0.06 v ppa_buffer_0_1.U2.buffer/A (sky130_fd_sc_hd__clkbuf_1)
                  0.04    0.07    0.13 v ppa_buffer_0_1.U2.buffer/X (sky130_fd_sc_hd__clkbuf_1)
     2    0.01                           ppa_buffer_0_1.U2.Y (net)
                  0.04    0.00    0.13 v ppa_buffer_0_2.U2.buffer/A (sky130_fd_sc_hd__clkbuf_1)
                  0.04    0.07    0.20 v ppa_buffer_0_2.U2.buffer/X (sky130_fd_sc_hd__clkbuf_1)
     2    0.01                           ppa_buffer_0_2.U2.Y (net)
                  0.04    0.00    0.21 v ppa_post_0_4.U1.xor2/B (sky130_fd_sc_hd__xor2_1)
                  0.03    0.09    0.29 v ppa_post_0_4.U1.xor2/X (sky130_fd_sc_hd__xor2_1)
     1    0.00                           ppa_post_0_4.U1.Y (net)
                  0.03    0.00    0.29 v _0_/A (sky130_fd_sc_hd__clkbuf_1)
                  0.02    0.06    0.35 v _0_/X (sky130_fd_sc_hd__clkbuf_1)
     1    0.00                           net19 (net)
                  0.02    0.00    0.35 v output19/A (sky130_fd_sc_hd__buf_2)
                  0.06    0.11    0.46 v output19/X (sky130_fd_sc_hd__buf_2)
     1    0.03                           sum[0] (net)
                  0.06    0.00    0.46 v sum[0] (out)
                                  0.46   data arrival time

                  0.00    0.00    0.00   clock clk (rise edge)
                          0.00    0.00   clock network delay (ideal)
                          0.25    0.25   clock uncertainty
                          0.00    0.25   clock reconvergence pessimism
                          0.00    0.25   output external delay
                                  0.25   data required time
-----------------------------------------------------------------------------
                                  0.25   data required time
                                 -0.46   data arrival time
-----------------------------------------------------------------------------
                                  0.21   slack (MET)


Startpoint: cin (input port clocked by clk)
Endpoint: sum[2] (output port clocked by clk)
Path Group: clk
Path Type: min
Corner: ff

Fanout     Cap    Slew   Delay    Time   Description
-----------------------------------------------------------------------------
                  0.00    0.00    0.00   clock clk (rise edge)
                          0.00    0.00   clock network delay (ideal)
                          0.00    0.00 ^ input external delay
                  0.02    0.01    0.01 ^ cin (in)
     1    0.01                           cin (net)
                  0.02    0.00    0.01 ^ input17/A (sky130_fd_sc_hd__clkbuf_1)
                  0.07    0.07    0.09 ^ input17/X (sky130_fd_sc_hd__clkbuf_1)
     2    0.01                           net17 (net)
                  0.07    0.00    0.09 ^ ppa_buffer_0_1.U2.buffer/A (sky130_fd_sc_hd__clkbuf_1)
                  0.08    0.08    0.17 ^ ppa_buffer_0_1.U2.buffer/X (sky130_fd_sc_hd__clkbuf_1)
     2    0.01                           ppa_buffer_0_1.U2.Y (net)
                  0.08    0.00    0.17 ^ ppa_grey_2_2.U1.ao21/A1 (sky130_fd_sc_hd__a21o_1)
                  0.04    0.08    0.25 ^ ppa_grey_2_2.U1.ao21/X (sky130_fd_sc_hd__a21o_1)
     2    0.01                           ppa_grey_2_2.U1.Y (net)
                  0.04    0.00    0.25 ^ rebuffer6/A (sky130_fd_sc_hd__buf_2)
                  0.03    0.07    0.32 ^ rebuffer6/X (sky130_fd_sc_hd__buf_2)
     1    0.01                           net32 (net)
                  0.03    0.00    0.32 ^ ppa_post_2_4.U1.xor2/B (sky130_fd_sc_hd__xor2_1)
                  0.02    0.03    0.35 v ppa_post_2_4.U1.xor2/X (sky130_fd_sc_hd__xor2_1)
     1    0.00                           ppa_post_2_4.U1.Y (net)
                  0.02    0.00    0.35 v _2_/A (sky130_fd_sc_hd__clkbuf_1)
                  0.02    0.05    0.40 v _2_/X (sky130_fd_sc_hd__clkbuf_1)
     1    0.00                           net21 (net)
                  0.02    0.00    0.40 v output21/A (sky130_fd_sc_hd__buf_2)
                  0.06    0.11    0.51 v output21/X (sky130_fd_sc_hd__buf_2)
     1    0.03                           sum[2] (net)
                  0.06    0.00    0.51 v sum[2] (out)
                                  0.51   data arrival time

                  0.00    0.00    0.00   clock clk (rise edge)
                          0.00    0.00   clock network delay (ideal)
                          0.25    0.25   clock uncertainty
                          0.00    0.25   clock reconvergence pessimism
                          0.00    0.25   output external delay
                                  0.25   data required time
-----------------------------------------------------------------------------
                                  0.25   data required time
                                 -0.51   data arrival time
-----------------------------------------------------------------------------
                                  0.26   slack (MET)


Startpoint: a[4] (input port clocked by clk)
Endpoint: sum[4] (output port clocked by clk)
Path Group: clk
Path Type: min
Corner: ff

Fanout     Cap    Slew   Delay    Time   Description
-----------------------------------------------------------------------------
                  0.00    0.00    0.00   clock clk (rise edge)
                          0.00    0.00   clock network delay (ideal)
                          0.00    0.00 ^ input external delay
                  0.02    0.01    0.01 ^ a[4] (in)
     1    0.01                           a[4] (net)
                  0.02    0.00    0.01 ^ input5/A (sky130_fd_sc_hd__buf_6)
                  0.03    0.06    0.07 ^ input5/X (sky130_fd_sc_hd__buf_6)
     2    0.01                           net5 (net)
                  0.03    0.00    0.07 ^ ppa_pre_5_0.U1.xor2/A (sky130_fd_sc_hd__xor2_2)
                  0.04    0.05    0.12 v ppa_pre_5_0.U1.xor2/X (sky130_fd_sc_hd__xor2_2)
     4    0.01                           ppa_black_5_1.U1.A (net)
                  0.04    0.00    0.12 v rebuffer5/A (sky130_fd_sc_hd__dlygate4sd1_1)
                  0.03    0.15    0.27 v rebuffer5/X (sky130_fd_sc_hd__dlygate4sd1_1)
     1    0.01                           net31 (net)
                  0.03    0.00    0.27 v ppa_post_4_4.U1.xor2/A (sky130_fd_sc_hd__xor2_1)
                  0.03    0.09    0.36 v ppa_post_4_4.U1.xor2/X (sky130_fd_sc_hd__xor2_1)
     1    0.00                           ppa_post_4_4.U1.Y (net)
                  0.03    0.00    0.36 v _4_/A (sky130_fd_sc_hd__clkbuf_1)
                  0.02    0.05    0.41 v _4_/X (sky130_fd_sc_hd__clkbuf_1)
     1    0.00                           net23 (net)
                  0.02    0.00    0.41 v output23/A (sky130_fd_sc_hd__buf_4)
                  0.04    0.10    0.51 v output23/X (sky130_fd_sc_hd__buf_4)
     1    0.03                           sum[4] (net)
                  0.04    0.00    0.51 v sum[4] (out)
                                  0.51   data arrival time

                  0.00    0.00    0.00   clock clk (rise edge)
                          0.00    0.00   clock network delay (ideal)
                          0.25    0.25   clock uncertainty
                          0.00    0.25   clock reconvergence pessimism
                          0.00    0.25   output external delay
                                  0.25   data required time
-----------------------------------------------------------------------------
                                  0.25   data required time
                                 -0.51   data arrival time
-----------------------------------------------------------------------------
                                  0.26   slack (MET)


Startpoint: cin (input port clocked by clk)
Endpoint: sum[1] (output port clocked by clk)
Path Group: clk
Path Type: min
Corner: ff

Fanout     Cap    Slew   Delay    Time   Description
-----------------------------------------------------------------------------
                  0.00    0.00    0.00   clock clk (rise edge)
                          0.00    0.00   clock network delay (ideal)
                          0.00    0.00 ^ input external delay
                  0.02    0.01    0.01 ^ cin (in)
     1    0.01                           cin (net)
                  0.02    0.00    0.01 ^ input17/A (sky130_fd_sc_hd__clkbuf_1)
                  0.07    0.07    0.09 ^ input17/X (sky130_fd_sc_hd__clkbuf_1)
     2    0.01                           net17 (net)
                  0.07    0.00    0.09 ^ ppa_grey_1_1.U1.ao21/A1 (sky130_fd_sc_hd__a21o_1)
                  0.07    0.09    0.18 ^ ppa_grey_1_1.U1.ao21/X (sky130_fd_sc_hd__a21o_1)
     2    0.01                           ppa_buffer_1_2.U2.A (net)
                  0.07    0.00    0.18 ^ ppa_buffer_1_2.U2.buffer/A (sky130_fd_sc_hd__clkbuf_1)
                  0.10    0.10    0.28 ^ ppa_buffer_1_2.U2.buffer/X (sky130_fd_sc_hd__clkbuf_1)
     2    0.01                           ppa_buffer_1_2.U2.Y (net)
                  0.10    0.00    0.28 ^ ppa_post_1_4.U1.xor2/B (sky130_fd_sc_hd__xor2_1)
                  0.03    0.05    0.33 v ppa_post_1_4.U1.xor2/X (sky130_fd_sc_hd__xor2_1)
     1    0.00                           ppa_post_1_4.U1.Y (net)
                  0.03    0.00    0.33 v _1_/A (sky130_fd_sc_hd__clkbuf_1)
                  0.03    0.07    0.40 v _1_/X (sky130_fd_sc_hd__clkbuf_1)
     1    0.01                           net20 (net)
                  0.03    0.00    0.40 v output20/A (sky130_fd_sc_hd__buf_2)
                  0.07    0.12    0.51 v output20/X (sky130_fd_sc_hd__buf_2)
     1    0.03                           sum[1] (net)
                  0.07    0.00    0.51 v sum[1] (out)
                                  0.51   data arrival time

                  0.00    0.00    0.00   clock clk (rise edge)
                          0.00    0.00   clock network delay (ideal)
                          0.25    0.25   clock uncertainty
                          0.00    0.25   clock reconvergence pessimism
                          0.00    0.25   output external delay
                                  0.25   data required time
-----------------------------------------------------------------------------
                                  0.25   data required time
                                 -0.51   data arrival time
-----------------------------------------------------------------------------
                                  0.26   slack (MET)


Startpoint: a[6] (input port clocked by clk)
Endpoint: sum[6] (output port clocked by clk)
Path Group: clk
Path Type: min
Corner: ff

Fanout     Cap    Slew   Delay    Time   Description
-----------------------------------------------------------------------------
                  0.00    0.00    0.00   clock clk (rise edge)
                          0.00    0.00   clock network delay (ideal)
                          0.00    0.00 ^ input external delay
                  0.02    0.01    0.01 ^ a[6] (in)
     1    0.00                           a[6] (net)
                  0.02    0.00    0.01 ^ input7/A (sky130_fd_sc_hd__clkbuf_1)
                  0.07    0.08    0.09 ^ input7/X (sky130_fd_sc_hd__clkbuf_1)
     2    0.01                           net7 (net)
                  0.07    0.00    0.09 ^ ppa_pre_7_0.U1.xor2/A (sky130_fd_sc_hd__xor2_1)
                  0.04    0.06    0.14 v ppa_pre_7_0.U1.xor2/X (sky130_fd_sc_hd__xor2_1)
     3    0.01                           ppa_black_7_1.U1.A (net)
                  0.04    0.00    0.14 v rebuffer8/A (sky130_fd_sc_hd__dlygate4sd1_1)
                  0.03    0.15    0.29 v rebuffer8/X (sky130_fd_sc_hd__dlygate4sd1_1)
     1    0.00                           net34 (net)
                  0.03    0.00    0.29 v ppa_post_6_4.U1.xor2/A (sky130_fd_sc_hd__xor2_1)
                  0.02    0.09    0.38 v ppa_post_6_4.U1.xor2/X (sky130_fd_sc_hd__xor2_1)
     1    0.00                           ppa_post_6_4.U1.Y (net)
                  0.02    0.00    0.38 v _6_/A (sky130_fd_sc_hd__clkbuf_1)
                  0.03    0.06    0.44 v _6_/X (sky130_fd_sc_hd__clkbuf_1)
     1    0.01                           net25 (net)
                  0.03    0.00    0.44 v output25/A (sky130_fd_sc_hd__buf_6)
                  0.03    0.08    0.52 v output25/X (sky130_fd_sc_hd__buf_6)
     1    0.03                           sum[6] (net)
                  0.03    0.00    0.52 v sum[6] (out)
                                  0.52   data arrival time

                  0.00    0.00    0.00   clock clk (rise edge)
                          0.00    0.00   clock network delay (ideal)
                          0.25    0.25   clock uncertainty
                          0.00    0.25   clock reconvergence pessimism
                          0.00    0.25   output external delay
                                  0.25   data required time
-----------------------------------------------------------------------------
                                  0.25   data required time
                                 -0.52   data arrival time
-----------------------------------------------------------------------------
                                  0.27   slack (MET)


Startpoint: cin (input port clocked by clk)
Endpoint: sum[3] (output port clocked by clk)
Path Group: clk
Path Type: min
Corner: ff

Fanout     Cap    Slew   Delay    Time   Description
-----------------------------------------------------------------------------
                  0.00    0.00    0.00   clock clk (rise edge)
                          0.00    0.00   clock network delay (ideal)
                          0.00    0.00 ^ input external delay
                  0.02    0.01    0.01 ^ cin (in)
     1    0.01                           cin (net)
                  0.02    0.00    0.01 ^ input17/A (sky130_fd_sc_hd__clkbuf_1)
                  0.07    0.07    0.09 ^ input17/X (sky130_fd_sc_hd__clkbuf_1)
     2    0.01                           net17 (net)
                  0.07    0.00    0.09 ^ ppa_grey_1_1.U1.ao21/A1 (sky130_fd_sc_hd__a21o_1)
                  0.07    0.09    0.18 ^ ppa_grey_1_1.U1.ao21/X (sky130_fd_sc_hd__a21o_1)
     2    0.01                           ppa_buffer_1_2.U2.A (net)
                  0.07    0.00    0.18 ^ ppa_grey_3_2.U1.ao21/A1 (sky130_fd_sc_hd__a21o_1)
                  0.06    0.09    0.27 ^ ppa_grey_3_2.U1.ao21/X (sky130_fd_sc_hd__a21o_1)
     2    0.01                           ppa_grey_3_2.U1.Y (net)
                  0.06    0.00    0.27 ^ rebuffer4/A (sky130_fd_sc_hd__buf_2)
                  0.03    0.07    0.34 ^ rebuffer4/X (sky130_fd_sc_hd__buf_2)
     1    0.01                           net30 (net)
                  0.03    0.00    0.34 ^ ppa_post_3_4.U1.xor2/B (sky130_fd_sc_hd__xor2_1)
                  0.03    0.03    0.37 v ppa_post_3_4.U1.xor2/X (sky130_fd_sc_hd__xor2_1)
     1    0.00                           ppa_post_3_4.U1.Y (net)
                  0.03    0.00    0.37 v _3_/A (sky130_fd_sc_hd__clkbuf_1)
                  0.02    0.05    0.42 v _3_/X (sky130_fd_sc_hd__clkbuf_1)
     1    0.00                           net22 (net)
                  0.02    0.00    0.42 v output22/A (sky130_fd_sc_hd__buf_2)
                  0.06    0.11    0.53 v output22/X (sky130_fd_sc_hd__buf_2)
     1    0.03                           sum[3] (net)
                  0.06    0.00    0.53 v sum[3] (out)
                                  0.53   data arrival time

                  0.00    0.00    0.00   clock clk (rise edge)
                          0.00    0.00   clock network delay (ideal)
                          0.25    0.25   clock uncertainty
                          0.00    0.25   clock reconvergence pessimism
                          0.00    0.25   output external delay
                                  0.25   data required time
-----------------------------------------------------------------------------
                                  0.25   data required time
                                 -0.53   data arrival time
-----------------------------------------------------------------------------
                                  0.28   slack (MET)


Startpoint: b[5] (input port clocked by clk)
Endpoint: sum[5] (output port clocked by clk)
Path Group: clk
Path Type: min
Corner: ff

Fanout     Cap    Slew   Delay    Time   Description
-----------------------------------------------------------------------------
                  0.00    0.00    0.00   clock clk (rise edge)
                          0.00    0.00   clock network delay (ideal)
                          0.00    0.00 v input external delay
                  0.01    0.00    0.00 v b[5] (in)
     1    0.00                           b[5] (net)
                  0.01    0.00    0.00 v input14/A (sky130_fd_sc_hd__clkbuf_2)
                  0.04    0.07    0.07 v input14/X (sky130_fd_sc_hd__clkbuf_2)
     2    0.01                           net14 (net)
                  0.04    0.00    0.08 v ppa_pre_6_0.U1.xor2/B (sky130_fd_sc_hd__xor2_2)
                  0.12    0.12    0.20 ^ ppa_pre_6_0.U1.xor2/X (sky130_fd_sc_hd__xor2_2)
     4    0.01                           ppa_black_6_1.U1.A (net)
                  0.12    0.00    0.20 ^ rebuffer3/A (sky130_fd_sc_hd__dlygate4sd1_1)
                  0.05    0.14    0.34 ^ rebuffer3/X (sky130_fd_sc_hd__dlygate4sd1_1)
     1    0.01                           net29 (net)
                  0.05    0.00    0.34 ^ ppa_post_5_4.U1.xor2/A (sky130_fd_sc_hd__xor2_1)
                  0.02    0.04    0.37 v ppa_post_5_4.U1.xor2/X (sky130_fd_sc_hd__xor2_1)
     1    0.00                           ppa_post_5_4.U1.Y (net)
                  0.02    0.00    0.37 v _5_/A (sky130_fd_sc_hd__buf_2)
                  0.02    0.07    0.44 v _5_/X (sky130_fd_sc_hd__buf_2)
     1    0.01                           net24 (net)
                  0.02    0.00    0.44 v output24/A (sky130_fd_sc_hd__buf_6)
                  0.03    0.08    0.53 v output24/X (sky130_fd_sc_hd__buf_6)
     1    0.03                           sum[5] (net)
                  0.03    0.00    0.53 v sum[5] (out)
                                  0.53   data arrival time

                  0.00    0.00    0.00   clock clk (rise edge)
                          0.00    0.00   clock network delay (ideal)
                          0.25    0.25   clock uncertainty
                          0.00    0.25   clock reconvergence pessimism
                          0.00    0.25   output external delay
                                  0.25   data required time
-----------------------------------------------------------------------------
                                  0.25   data required time
                                 -0.53   data arrival time
-----------------------------------------------------------------------------
                                  0.28   slack (MET)


