
===========================================================================
report_checks -path_delay max (Setup)
============================================================================

======================= Slowest Corner ===================================

Startpoint: b[0] (input port clocked by clk)
Endpoint: sum[1] (output port clocked by clk)
Path Group: clk
Path Type: max
Corner: ss

Fanout     Cap    Slew   Delay    Time   Description
-----------------------------------------------------------------------------
                  0.00    0.00    0.00   clock clk (rise edge)
                          0.00    0.00   clock network delay (ideal)
                          0.00    0.00 v input external delay
                  0.03    0.02    0.02 v b[0] (in)
     1    0.01                           b[0] (net)
                  0.03    0.00    0.02 v input5/A (sky130_fd_sc_hd__clkbuf_1)
                  0.15    0.24    0.26 v input5/X (sky130_fd_sc_hd__clkbuf_1)
     2    0.01                           net5 (net)
                  0.15    0.00    0.26 v ppa_pre_1_0.U2.and2/B (sky130_fd_sc_hd__and2_1)
                  0.11    0.42    0.68 v ppa_pre_1_0.U2.and2/X (sky130_fd_sc_hd__and2_1)
     2    0.01                           ppa_black_2_1.U2.A0 (net)
                  0.11    0.00    0.68 v ppa_grey_1_1.U1.ao21/B1 (sky130_fd_sc_hd__a21o_1)
                  0.09    0.34    1.02 v ppa_grey_1_1.U1.ao21/X (sky130_fd_sc_hd__a21o_1)
     2    0.01                           ppa_grey_1_1.U1.Y (net)
                  0.09    0.00    1.02 v rebuffer3/A (sky130_fd_sc_hd__dlymetal6s2s_1)
                  0.09    0.32    1.34 v rebuffer3/X (sky130_fd_sc_hd__dlymetal6s2s_1)
     1    0.01                           net17 (net)
                  0.09    0.00    1.34 v ppa_post_1_3.U1.xor2/B (sky130_fd_sc_hd__xor2_1)
                  0.22    0.26    1.60 ^ ppa_post_1_3.U1.xor2/X (sky130_fd_sc_hd__xor2_1)
     1    0.00                           ppa_post_1_3.U1.Y (net)
                  0.22    0.00    1.60 ^ _1_/A (sky130_fd_sc_hd__clkbuf_1)
                  0.08    0.23    1.83 ^ _1_/X (sky130_fd_sc_hd__clkbuf_1)
     1    0.00                           net12 (net)
                  0.08    0.00    1.83 ^ output12/A (sky130_fd_sc_hd__buf_2)
                  0.27    0.36    2.20 ^ output12/X (sky130_fd_sc_hd__buf_2)
     1    0.03                           sum[1] (net)
                  0.27    0.00    2.20 ^ sum[1] (out)
                                  2.20   data arrival time

                  0.00    1.00    1.00   clock clk (rise edge)
                          0.00    1.00   clock network delay (ideal)
                         -0.25    0.75   clock uncertainty
                          0.00    0.75   clock reconvergence pessimism
                          0.00    0.75   output external delay
                                  0.75   data required time
-----------------------------------------------------------------------------
                                  0.75   data required time
                                 -2.20   data arrival time
-----------------------------------------------------------------------------
                                 -1.45   slack (VIOLATED)


Startpoint: a[1] (input port clocked by clk)
Endpoint: sum[3] (output port clocked by clk)
Path Group: clk
Path Type: max
Corner: ss

Fanout     Cap    Slew   Delay    Time   Description
-----------------------------------------------------------------------------
                  0.00    0.00    0.00   clock clk (rise edge)
                          0.00    0.00   clock network delay (ideal)
                          0.00    0.00 v input external delay
                  0.03    0.02    0.02 v a[1] (in)
     1    0.01                           a[1] (net)
                  0.03    0.00    0.02 v input2/A (sky130_fd_sc_hd__buf_6)
                  0.05    0.21    0.22 v input2/X (sky130_fd_sc_hd__buf_6)
     2    0.01                           net2 (net)
                  0.05    0.00    0.22 v ppa_pre_2_0.U1.xor2/A (sky130_fd_sc_hd__xor2_2)
                  0.15    0.36    0.58 v ppa_pre_2_0.U1.xor2/X (sky130_fd_sc_hd__xor2_2)
     4    0.01                           ppa_black_2_1.U1.A (net)
                  0.15    0.00    0.58 v ppa_black_3_1.U1.and2/B (sky130_fd_sc_hd__and2_1)
                  0.10    0.41    0.99 v ppa_black_3_1.U1.and2/X (sky130_fd_sc_hd__and2_1)
     1    0.01                           ppa_black_3_1.U1.Y (net)
                  0.10    0.00    0.99 v ppa_grey_3_2.U1.ao21/A2 (sky130_fd_sc_hd__a21o_1)
                  0.12    0.41    1.40 v ppa_grey_3_2.U1.ao21/X (sky130_fd_sc_hd__a21o_1)
     2    0.01                           ppa_grey_3_2.U1.Y (net)
                  0.12    0.00    1.40 v ppa_post_3_3.U1.xor2/B (sky130_fd_sc_hd__xor2_1)
                  0.12    0.30    1.70 v ppa_post_3_3.U1.xor2/X (sky130_fd_sc_hd__xor2_1)
     1    0.00                           ppa_post_3_3.U1.Y (net)
                  0.12    0.00    1.70 v _3_/A (sky130_fd_sc_hd__clkbuf_1)
                  0.07    0.21    1.91 v _3_/X (sky130_fd_sc_hd__clkbuf_1)
     1    0.00                           net14 (net)
                  0.07    0.00    1.91 v output14/A (sky130_fd_sc_hd__buf_6)
                  0.08    0.26    2.17 v output14/X (sky130_fd_sc_hd__buf_6)
     1    0.03                           sum[3] (net)
                  0.08    0.00    2.18 v sum[3] (out)
                                  2.18   data arrival time

                  0.00    1.00    1.00   clock clk (rise edge)
                          0.00    1.00   clock network delay (ideal)
                         -0.25    0.75   clock uncertainty
                          0.00    0.75   clock reconvergence pessimism
                          0.00    0.75   output external delay
                                  0.75   data required time
-----------------------------------------------------------------------------
                                  0.75   data required time
                                 -2.18   data arrival time
-----------------------------------------------------------------------------
                                 -1.43   slack (VIOLATED)


Startpoint: b[0] (input port clocked by clk)
Endpoint: sum[2] (output port clocked by clk)
Path Group: clk
Path Type: max
Corner: ss

Fanout     Cap    Slew   Delay    Time   Description
-----------------------------------------------------------------------------
                  0.00    0.00    0.00   clock clk (rise edge)
                          0.00    0.00   clock network delay (ideal)
                          0.00    0.00 v input external delay
                  0.03    0.02    0.02 v b[0] (in)
     1    0.01                           b[0] (net)
                  0.03    0.00    0.02 v input5/A (sky130_fd_sc_hd__clkbuf_1)
                  0.15    0.24    0.26 v input5/X (sky130_fd_sc_hd__clkbuf_1)
     2    0.01                           net5 (net)
                  0.15    0.00    0.26 v ppa_pre_1_0.U1.xor2/B (sky130_fd_sc_hd__xor2_2)
                  0.12    0.32    0.58 v ppa_pre_1_0.U1.xor2/X (sky130_fd_sc_hd__xor2_2)
     3    0.01                           ppa_black_2_1.U1.B (net)
                  0.12    0.00    0.58 v ppa_black_2_1.U1.and2/B (sky130_fd_sc_hd__and2_1)
                  0.09    0.38    0.96 v ppa_black_2_1.U1.and2/X (sky130_fd_sc_hd__and2_1)
     1    0.01                           ppa_black_2_1.U1.Y (net)
                  0.09    0.00    0.96 v ppa_grey_2_2.U1.ao21/A2 (sky130_fd_sc_hd__a21o_1)
                  0.08    0.36    1.32 v ppa_grey_2_2.U1.ao21/X (sky130_fd_sc_hd__a21o_1)
     1    0.00                           ppa_grey_2_2.U1.Y (net)
                  0.08    0.00    1.32 v ppa_post_2_3.U1.xor2/B (sky130_fd_sc_hd__xor2_1)
                  0.10    0.28    1.61 v ppa_post_2_3.U1.xor2/X (sky130_fd_sc_hd__xor2_1)
     1    0.00                           ppa_post_2_3.U1.Y (net)
                  0.10    0.00    1.61 v _2_/A (sky130_fd_sc_hd__clkbuf_1)
                  0.05    0.18    1.78 v _2_/X (sky130_fd_sc_hd__clkbuf_1)
     1    0.00                           net13 (net)
                  0.05    0.00    1.78 v output13/A (sky130_fd_sc_hd__buf_2)
                  0.17    0.35    2.14 v output13/X (sky130_fd_sc_hd__buf_2)
     1    0.03                           sum[2] (net)
                  0.17    0.00    2.14 v sum[2] (out)
                                  2.14   data arrival time

                  0.00    1.00    1.00   clock clk (rise edge)
                          0.00    1.00   clock network delay (ideal)
                         -0.25    0.75   clock uncertainty
                          0.00    0.75   clock reconvergence pessimism
                          0.00    0.75   output external delay
                                  0.75   data required time
-----------------------------------------------------------------------------
                                  0.75   data required time
                                 -2.14   data arrival time
-----------------------------------------------------------------------------
                                 -1.39   slack (VIOLATED)


Startpoint: a[1] (input port clocked by clk)
Endpoint: cout (output port clocked by clk)
Path Group: clk
Path Type: max
Corner: ss

Fanout     Cap    Slew   Delay    Time   Description
-----------------------------------------------------------------------------
                  0.00    0.00    0.00   clock clk (rise edge)
                          0.00    0.00   clock network delay (ideal)
                          0.00    0.00 v input external delay
                  0.03    0.02    0.02 v a[1] (in)
     1    0.01                           a[1] (net)
                  0.03    0.00    0.02 v input2/A (sky130_fd_sc_hd__buf_6)
                  0.05    0.21    0.22 v input2/X (sky130_fd_sc_hd__buf_6)
     2    0.01                           net2 (net)
                  0.05    0.00    0.22 v ppa_pre_2_0.U1.xor2/A (sky130_fd_sc_hd__xor2_2)
                  0.15    0.36    0.58 v ppa_pre_2_0.U1.xor2/X (sky130_fd_sc_hd__xor2_2)
     4    0.01                           ppa_black_2_1.U1.A (net)
                  0.15    0.00    0.58 v ppa_black_3_1.U1.and2/B (sky130_fd_sc_hd__and2_1)
                  0.10    0.41    0.99 v ppa_black_3_1.U1.and2/X (sky130_fd_sc_hd__and2_1)
     1    0.01                           ppa_black_3_1.U1.Y (net)
                  0.10    0.00    0.99 v ppa_grey_3_2.U1.ao21/A2 (sky130_fd_sc_hd__a21o_1)
                  0.12    0.41    1.40 v ppa_grey_3_2.U1.ao21/X (sky130_fd_sc_hd__a21o_1)
     2    0.01                           ppa_grey_3_2.U1.Y (net)
                  0.12    0.00    1.40 v ppa_grey_cout.U1.ao21/A1 (sky130_fd_sc_hd__a21o_1)
                  0.05    0.31    1.71 v ppa_grey_cout.U1.ao21/X (sky130_fd_sc_hd__a21o_1)
     1    0.00                           net10 (net)
                  0.05    0.00    1.71 v output10/A (sky130_fd_sc_hd__buf_2)
                  0.17    0.36    2.07 v output10/X (sky130_fd_sc_hd__buf_2)
     1    0.03                           cout (net)
                  0.17    0.00    2.07 v cout (out)
                                  2.07   data arrival time

                  0.00    1.00    1.00   clock clk (rise edge)
                          0.00    1.00   clock network delay (ideal)
                         -0.25    0.75   clock uncertainty
                          0.00    0.75   clock reconvergence pessimism
                          0.00    0.75   output external delay
                                  0.75   data required time
-----------------------------------------------------------------------------
                                  0.75   data required time
                                 -2.07   data arrival time
-----------------------------------------------------------------------------
                                 -1.32   slack (VIOLATED)


Startpoint: b[0] (input port clocked by clk)
Endpoint: sum[0] (output port clocked by clk)
Path Group: clk
Path Type: max
Corner: ss

Fanout     Cap    Slew   Delay    Time   Description
-----------------------------------------------------------------------------
                  0.00    0.00    0.00   clock clk (rise edge)
                          0.00    0.00   clock network delay (ideal)
                          0.00    0.00 ^ input external delay
                  0.06    0.04    0.04 ^ b[0] (in)
     1    0.01                           b[0] (net)
                  0.06    0.00    0.04 ^ input5/A (sky130_fd_sc_hd__clkbuf_1)
                  0.26    0.29    0.33 ^ input5/X (sky130_fd_sc_hd__clkbuf_1)
     2    0.01                           net5 (net)
                  0.26    0.00    0.33 ^ ppa_pre_1_0.U1.xor2/B (sky130_fd_sc_hd__xor2_2)
                  0.21    0.35    0.68 ^ ppa_pre_1_0.U1.xor2/X (sky130_fd_sc_hd__xor2_2)
     3    0.01                           ppa_black_2_1.U1.B (net)
                  0.21    0.00    0.68 ^ rebuffer4/A (sky130_fd_sc_hd__dlygate4sd1_1)
                  0.12    0.50    1.18 ^ rebuffer4/X (sky130_fd_sc_hd__dlygate4sd1_1)
     1    0.01                           net18 (net)
                  0.12    0.00    1.18 ^ ppa_post_0_3.U1.xor2/A (sky130_fd_sc_hd__xor2_1)
                  0.21    0.28    1.46 ^ ppa_post_0_3.U1.xor2/X (sky130_fd_sc_hd__xor2_1)
     1    0.00                           ppa_post_0_3.U1.Y (net)
                  0.21    0.00    1.46 ^ _0_/A (sky130_fd_sc_hd__clkbuf_1)
                  0.06    0.21    1.67 ^ _0_/X (sky130_fd_sc_hd__clkbuf_1)
     1    0.00                           net11 (net)
                  0.06    0.00    1.67 ^ output11/A (sky130_fd_sc_hd__buf_2)
                  0.30    0.37    2.04 ^ output11/X (sky130_fd_sc_hd__buf_2)
     1    0.03                           sum[0] (net)
                  0.30    0.00    2.04 ^ sum[0] (out)
                                  2.04   data arrival time

                  0.00    1.00    1.00   clock clk (rise edge)
                          0.00    1.00   clock network delay (ideal)
                         -0.25    0.75   clock uncertainty
                          0.00    0.75   clock reconvergence pessimism
                          0.00    0.75   output external delay
                                  0.75   data required time
-----------------------------------------------------------------------------
                                  0.75   data required time
                                 -2.04   data arrival time
-----------------------------------------------------------------------------
                                 -1.29   slack (VIOLATED)



======================= Typical Corner ===================================

Startpoint: b[1] (input port clocked by clk)
Endpoint: sum[3] (output port clocked by clk)
Path Group: clk
Path Type: max
Corner: tt

Fanout     Cap    Slew   Delay    Time   Description
-----------------------------------------------------------------------------
                  0.00    0.00    0.00   clock clk (rise edge)
                          0.00    0.00   clock network delay (ideal)
                          0.00    0.00 ^ input external delay
                  0.04    0.02    0.02 ^ b[1] (in)
     1    0.01                           b[1] (net)
                  0.04    0.00    0.02 ^ input6/A (sky130_fd_sc_hd__clkbuf_2)
                  0.07    0.13    0.15 ^ input6/X (sky130_fd_sc_hd__clkbuf_2)
     2    0.01                           net6 (net)
                  0.07    0.00    0.15 ^ ppa_pre_2_0.U1.xor2/B (sky130_fd_sc_hd__xor2_2)
                  0.20    0.22    0.37 ^ ppa_pre_2_0.U1.xor2/X (sky130_fd_sc_hd__xor2_2)
     4    0.01                           ppa_black_2_1.U1.A (net)
                  0.20    0.00    0.37 ^ ppa_black_3_1.U1.and2/B (sky130_fd_sc_hd__and2_1)
                  0.08    0.19    0.57 ^ ppa_black_3_1.U1.and2/X (sky130_fd_sc_hd__and2_1)
     1    0.01                           ppa_black_3_1.U1.Y (net)
                  0.08    0.00    0.57 ^ ppa_grey_3_2.U1.ao21/A2 (sky130_fd_sc_hd__a21o_1)
                  0.11    0.17    0.74 ^ ppa_grey_3_2.U1.ao21/X (sky130_fd_sc_hd__a21o_1)
     2    0.01                           ppa_grey_3_2.U1.Y (net)
                  0.11    0.00    0.74 ^ ppa_post_3_3.U1.xor2/B (sky130_fd_sc_hd__xor2_1)
                  0.12    0.16    0.90 ^ ppa_post_3_3.U1.xor2/X (sky130_fd_sc_hd__xor2_1)
     1    0.00                           ppa_post_3_3.U1.Y (net)
                  0.12    0.00    0.90 ^ _3_/A (sky130_fd_sc_hd__clkbuf_1)
                  0.07    0.13    1.03 ^ _3_/X (sky130_fd_sc_hd__clkbuf_1)
     1    0.01                           net14 (net)
                  0.07    0.00    1.03 ^ output14/A (sky130_fd_sc_hd__buf_6)
                  0.08    0.14    1.17 ^ output14/X (sky130_fd_sc_hd__buf_6)
     1    0.03                           sum[3] (net)
                  0.08    0.00    1.18 ^ sum[3] (out)
                                  1.18   data arrival time

                  0.00    1.00    1.00   clock clk (rise edge)
                          0.00    1.00   clock network delay (ideal)
                         -0.25    0.75   clock uncertainty
                          0.00    0.75   clock reconvergence pessimism
                          0.00    0.75   output external delay
                                  0.75   data required time
-----------------------------------------------------------------------------
                                  0.75   data required time
                                 -1.18   data arrival time
-----------------------------------------------------------------------------
                                 -0.43   slack (VIOLATED)


Startpoint: b[0] (input port clocked by clk)
Endpoint: sum[1] (output port clocked by clk)
Path Group: clk
Path Type: max
Corner: tt

Fanout     Cap    Slew   Delay    Time   Description
-----------------------------------------------------------------------------
                  0.00    0.00    0.00   clock clk (rise edge)
                          0.00    0.00   clock network delay (ideal)
                          0.00    0.00 ^ input external delay
                  0.04    0.03    0.03 ^ b[0] (in)
     1    0.01                           b[0] (net)
                  0.04    0.00    0.03 ^ input5/A (sky130_fd_sc_hd__clkbuf_1)
                  0.16    0.17    0.19 ^ input5/X (sky130_fd_sc_hd__clkbuf_1)
     2    0.01                           net5 (net)
                  0.16    0.00    0.19 ^ ppa_pre_1_0.U1.xor2/B (sky130_fd_sc_hd__xor2_2)
                  0.14    0.18    0.38 ^ ppa_pre_1_0.U1.xor2/X (sky130_fd_sc_hd__xor2_2)
     3    0.01                           ppa_black_2_1.U1.B (net)
                  0.14    0.00    0.38 ^ ppa_grey_1_1.U1.ao21/A2 (sky130_fd_sc_hd__a21o_1)
                  0.07    0.17    0.54 ^ ppa_grey_1_1.U1.ao21/X (sky130_fd_sc_hd__a21o_1)
     2    0.01                           ppa_grey_1_1.U1.Y (net)
                  0.07    0.00    0.54 ^ rebuffer3/A (sky130_fd_sc_hd__dlymetal6s2s_1)
                  0.08    0.13    0.67 ^ rebuffer3/X (sky130_fd_sc_hd__dlymetal6s2s_1)
     1    0.01                           net17 (net)
                  0.08    0.00    0.67 ^ ppa_post_1_3.U1.xor2/B (sky130_fd_sc_hd__xor2_1)
                  0.14    0.17    0.85 ^ ppa_post_1_3.U1.xor2/X (sky130_fd_sc_hd__xor2_1)
     1    0.00                           ppa_post_1_3.U1.Y (net)
                  0.14    0.00    0.85 ^ _1_/A (sky130_fd_sc_hd__clkbuf_1)
                  0.05    0.11    0.96 ^ _1_/X (sky130_fd_sc_hd__clkbuf_1)
     1    0.00                           net12 (net)
                  0.05    0.00    0.96 ^ output12/A (sky130_fd_sc_hd__buf_2)
                  0.17    0.21    1.17 ^ output12/X (sky130_fd_sc_hd__buf_2)
     1    0.03                           sum[1] (net)
                  0.17    0.00    1.17 ^ sum[1] (out)
                                  1.17   data arrival time

                  0.00    1.00    1.00   clock clk (rise edge)
                          0.00    1.00   clock network delay (ideal)
                         -0.25    0.75   clock uncertainty
                          0.00    0.75   clock reconvergence pessimism
                          0.00    0.75   output external delay
                                  0.75   data required time
-----------------------------------------------------------------------------
                                  0.75   data required time
                                 -1.17   data arrival time
-----------------------------------------------------------------------------
                                 -0.42   slack (VIOLATED)


Startpoint: b[1] (input port clocked by clk)
Endpoint: sum[2] (output port clocked by clk)
Path Group: clk
Path Type: max
Corner: tt

Fanout     Cap    Slew   Delay    Time   Description
-----------------------------------------------------------------------------
                  0.00    0.00    0.00   clock clk (rise edge)
                          0.00    0.00   clock network delay (ideal)
                          0.00    0.00 ^ input external delay
                  0.04    0.02    0.02 ^ b[1] (in)
     1    0.01                           b[1] (net)
                  0.04    0.00    0.02 ^ input6/A (sky130_fd_sc_hd__clkbuf_2)
                  0.07    0.13    0.15 ^ input6/X (sky130_fd_sc_hd__clkbuf_2)
     2    0.01                           net6 (net)
                  0.07    0.00    0.15 ^ ppa_pre_2_0.U1.xor2/B (sky130_fd_sc_hd__xor2_2)
                  0.20    0.22    0.37 ^ ppa_pre_2_0.U1.xor2/X (sky130_fd_sc_hd__xor2_2)
     4    0.01                           ppa_black_2_1.U1.A (net)
                  0.20    0.00    0.37 ^ ppa_black_2_1.U1.and2/A (sky130_fd_sc_hd__and2_1)
                  0.08    0.19    0.56 ^ ppa_black_2_1.U1.and2/X (sky130_fd_sc_hd__and2_1)
     1    0.01                           ppa_black_2_1.U1.Y (net)
                  0.08    0.00    0.56 ^ ppa_grey_2_2.U1.ao21/A2 (sky130_fd_sc_hd__a21o_1)
                  0.06    0.13    0.69 ^ ppa_grey_2_2.U1.ao21/X (sky130_fd_sc_hd__a21o_1)
     1    0.01                           ppa_grey_2_2.U1.Y (net)
                  0.06    0.00    0.69 ^ ppa_post_2_3.U1.xor2/B (sky130_fd_sc_hd__xor2_1)
                  0.12    0.15    0.85 ^ ppa_post_2_3.U1.xor2/X (sky130_fd_sc_hd__xor2_1)
     1    0.00                           ppa_post_2_3.U1.Y (net)
                  0.12    0.00    0.85 ^ _2_/A (sky130_fd_sc_hd__clkbuf_1)
                  0.04    0.10    0.95 ^ _2_/X (sky130_fd_sc_hd__clkbuf_1)
     1    0.00                           net13 (net)
                  0.04    0.00    0.95 ^ output13/A (sky130_fd_sc_hd__buf_2)
                  0.17    0.21    1.16 ^ output13/X (sky130_fd_sc_hd__buf_2)
     1    0.03                           sum[2] (net)
                  0.17    0.00    1.16 ^ sum[2] (out)
                                  1.16   data arrival time

                  0.00    1.00    1.00   clock clk (rise edge)
                          0.00    1.00   clock network delay (ideal)
                         -0.25    0.75   clock uncertainty
                          0.00    0.75   clock reconvergence pessimism
                          0.00    0.75   output external delay
                                  0.75   data required time
-----------------------------------------------------------------------------
                                  0.75   data required time
                                 -1.16   data arrival time
-----------------------------------------------------------------------------
                                 -0.41   slack (VIOLATED)


Startpoint: b[0] (input port clocked by clk)
Endpoint: sum[0] (output port clocked by clk)
Path Group: clk
Path Type: max
Corner: tt

Fanout     Cap    Slew   Delay    Time   Description
-----------------------------------------------------------------------------
                  0.00    0.00    0.00   clock clk (rise edge)
                          0.00    0.00   clock network delay (ideal)
                          0.00    0.00 ^ input external delay
                  0.04    0.03    0.03 ^ b[0] (in)
     1    0.01                           b[0] (net)
                  0.04    0.00    0.03 ^ input5/A (sky130_fd_sc_hd__clkbuf_1)
                  0.16    0.17    0.19 ^ input5/X (sky130_fd_sc_hd__clkbuf_1)
     2    0.01                           net5 (net)
                  0.16    0.00    0.19 ^ ppa_pre_1_0.U1.xor2/B (sky130_fd_sc_hd__xor2_2)
                  0.14    0.18    0.38 ^ ppa_pre_1_0.U1.xor2/X (sky130_fd_sc_hd__xor2_2)
     3    0.01                           ppa_black_2_1.U1.B (net)
                  0.14    0.00    0.38 ^ rebuffer4/A (sky130_fd_sc_hd__dlygate4sd1_1)
                  0.08    0.25    0.63 ^ rebuffer4/X (sky130_fd_sc_hd__dlygate4sd1_1)
     1    0.01                           net18 (net)
                  0.08    0.00    0.63 ^ ppa_post_0_3.U1.xor2/A (sky130_fd_sc_hd__xor2_1)
                  0.13    0.16    0.79 ^ ppa_post_0_3.U1.xor2/X (sky130_fd_sc_hd__xor2_1)
     1    0.00                           ppa_post_0_3.U1.Y (net)
                  0.13    0.00    0.79 ^ _0_/A (sky130_fd_sc_hd__clkbuf_1)
                  0.04    0.10    0.89 ^ _0_/X (sky130_fd_sc_hd__clkbuf_1)
     1    0.00                           net11 (net)
                  0.04    0.00    0.89 ^ output11/A (sky130_fd_sc_hd__buf_2)
                  0.18    0.22    1.10 ^ output11/X (sky130_fd_sc_hd__buf_2)
     1    0.03                           sum[0] (net)
                  0.18    0.00    1.11 ^ sum[0] (out)
                                  1.11   data arrival time

                  0.00    1.00    1.00   clock clk (rise edge)
                          0.00    1.00   clock network delay (ideal)
                         -0.25    0.75   clock uncertainty
                          0.00    0.75   clock reconvergence pessimism
                          0.00    0.75   output external delay
                                  0.75   data required time
-----------------------------------------------------------------------------
                                  0.75   data required time
                                 -1.11   data arrival time
-----------------------------------------------------------------------------
                                 -0.36   slack (VIOLATED)


Startpoint: a[1] (input port clocked by clk)
Endpoint: cout (output port clocked by clk)
Path Group: clk
Path Type: max
Corner: tt

Fanout     Cap    Slew   Delay    Time   Description
-----------------------------------------------------------------------------
                  0.00    0.00    0.00   clock clk (rise edge)
                          0.00    0.00   clock network delay (ideal)
                          0.00    0.00 v input external delay
                  0.01    0.01    0.01 v a[1] (in)
     1    0.01                           a[1] (net)
                  0.01    0.00    0.01 v input2/A (sky130_fd_sc_hd__buf_6)
                  0.03    0.11    0.12 v input2/X (sky130_fd_sc_hd__buf_6)
     2    0.01                           net2 (net)
                  0.03    0.00    0.12 v ppa_pre_2_0.U1.xor2/A (sky130_fd_sc_hd__xor2_2)
                  0.07    0.19    0.31 v ppa_pre_2_0.U1.xor2/X (sky130_fd_sc_hd__xor2_2)
     4    0.01                           ppa_black_2_1.U1.A (net)
                  0.07    0.00    0.31 v ppa_black_3_1.U1.and2/B (sky130_fd_sc_hd__and2_1)
                  0.05    0.19    0.50 v ppa_black_3_1.U1.and2/X (sky130_fd_sc_hd__and2_1)
     1    0.01                           ppa_black_3_1.U1.Y (net)
                  0.05    0.00    0.51 v ppa_grey_3_2.U1.ao21/A2 (sky130_fd_sc_hd__a21o_1)
                  0.07    0.22    0.73 v ppa_grey_3_2.U1.ao21/X (sky130_fd_sc_hd__a21o_1)
     2    0.01                           ppa_grey_3_2.U1.Y (net)
                  0.07    0.00    0.73 v ppa_grey_cout.U1.ao21/A1 (sky130_fd_sc_hd__a21o_1)
                  0.03    0.16    0.89 v ppa_grey_cout.U1.ao21/X (sky130_fd_sc_hd__a21o_1)
     1    0.00                           net10 (net)
                  0.03    0.00    0.89 v output10/A (sky130_fd_sc_hd__buf_2)
                  0.09    0.18    1.07 v output10/X (sky130_fd_sc_hd__buf_2)
     1    0.03                           cout (net)
                  0.09    0.00    1.07 v cout (out)
                                  1.07   data arrival time

                  0.00    1.00    1.00   clock clk (rise edge)
                          0.00    1.00   clock network delay (ideal)
                         -0.25    0.75   clock uncertainty
                          0.00    0.75   clock reconvergence pessimism
                          0.00    0.75   output external delay
                                  0.75   data required time
-----------------------------------------------------------------------------
                                  0.75   data required time
                                 -1.07   data arrival time
-----------------------------------------------------------------------------
                                 -0.32   slack (VIOLATED)



======================= Fastest Corner ===================================

Startpoint: b[0] (input port clocked by clk)
Endpoint: sum[1] (output port clocked by clk)
Path Group: clk
Path Type: max
Corner: ff

Fanout     Cap    Slew   Delay    Time   Description
-----------------------------------------------------------------------------
                  0.00    0.00    0.00   clock clk (rise edge)
                          0.00    0.00   clock network delay (ideal)
                          0.00    0.00 ^ input external delay
                  0.03    0.02    0.02 ^ b[0] (in)
     1    0.01                           b[0] (net)
                  0.03    0.00    0.02 ^ input5/A (sky130_fd_sc_hd__clkbuf_1)
                  0.12    0.12    0.14 ^ input5/X (sky130_fd_sc_hd__clkbuf_1)
     2    0.01                           net5 (net)
                  0.12    0.00    0.14 ^ ppa_pre_1_0.U1.xor2/B (sky130_fd_sc_hd__xor2_2)
                  0.11    0.12    0.25 ^ ppa_pre_1_0.U1.xor2/X (sky130_fd_sc_hd__xor2_2)
     3    0.01                           ppa_black_2_1.U1.B (net)
                  0.11    0.00    0.25 ^ ppa_grey_1_1.U1.ao21/A2 (sky130_fd_sc_hd__a21o_1)
                  0.06    0.10    0.36 ^ ppa_grey_1_1.U1.ao21/X (sky130_fd_sc_hd__a21o_1)
     2    0.01                           ppa_grey_1_1.U1.Y (net)
                  0.06    0.00    0.36 ^ rebuffer3/A (sky130_fd_sc_hd__dlymetal6s2s_1)
                  0.06    0.09    0.45 ^ rebuffer3/X (sky130_fd_sc_hd__dlymetal6s2s_1)
     1    0.01                           net17 (net)
                  0.06    0.00    0.45 ^ ppa_post_1_3.U1.xor2/B (sky130_fd_sc_hd__xor2_1)
                  0.10    0.11    0.56 ^ ppa_post_1_3.U1.xor2/X (sky130_fd_sc_hd__xor2_1)
     1    0.00                           ppa_post_1_3.U1.Y (net)
                  0.10    0.00    0.56 ^ _1_/A (sky130_fd_sc_hd__clkbuf_1)
                  0.04    0.07    0.62 ^ _1_/X (sky130_fd_sc_hd__clkbuf_1)
     1    0.00                           net12 (net)
                  0.04    0.00    0.62 ^ output12/A (sky130_fd_sc_hd__buf_2)
                  0.13    0.15    0.77 ^ output12/X (sky130_fd_sc_hd__buf_2)
     1    0.03                           sum[1] (net)
                  0.13    0.00    0.77 ^ sum[1] (out)
                                  0.77   data arrival time

                  0.00    1.00    1.00   clock clk (rise edge)
                          0.00    1.00   clock network delay (ideal)
                         -0.25    0.75   clock uncertainty
                          0.00    0.75   clock reconvergence pessimism
                          0.00    0.75   output external delay
                                  0.75   data required time
-----------------------------------------------------------------------------
                                  0.75   data required time
                                 -0.77   data arrival time
-----------------------------------------------------------------------------
                                 -0.02   slack (VIOLATED)


Startpoint: b[1] (input port clocked by clk)
Endpoint: sum[3] (output port clocked by clk)
Path Group: clk
Path Type: max
Corner: ff

Fanout     Cap    Slew   Delay    Time   Description
-----------------------------------------------------------------------------
                  0.00    0.00    0.00   clock clk (rise edge)
                          0.00    0.00   clock network delay (ideal)
                          0.00    0.00 ^ input external delay
                  0.03    0.02    0.02 ^ b[1] (in)
     1    0.01                           b[1] (net)
                  0.03    0.00    0.02 ^ input6/A (sky130_fd_sc_hd__clkbuf_2)
                  0.05    0.09    0.11 ^ input6/X (sky130_fd_sc_hd__clkbuf_2)
     2    0.01                           net6 (net)
                  0.05    0.00    0.11 ^ ppa_pre_2_0.U1.xor2/B (sky130_fd_sc_hd__xor2_2)
                  0.16    0.15    0.26 ^ ppa_pre_2_0.U1.xor2/X (sky130_fd_sc_hd__xor2_2)
     4    0.01                           ppa_black_2_1.U1.A (net)
                  0.16    0.00    0.26 ^ ppa_black_3_1.U1.and2/B (sky130_fd_sc_hd__and2_1)
                  0.06    0.12    0.38 ^ ppa_black_3_1.U1.and2/X (sky130_fd_sc_hd__and2_1)
     1    0.01                           ppa_black_3_1.U1.Y (net)
                  0.06    0.00    0.38 ^ ppa_grey_3_2.U1.ao21/A2 (sky130_fd_sc_hd__a21o_1)
                  0.08    0.11    0.49 ^ ppa_grey_3_2.U1.ao21/X (sky130_fd_sc_hd__a21o_1)
     2    0.01                           ppa_grey_3_2.U1.Y (net)
                  0.08    0.00    0.49 ^ ppa_post_3_3.U1.xor2/B (sky130_fd_sc_hd__xor2_1)
                  0.09    0.10    0.59 ^ ppa_post_3_3.U1.xor2/X (sky130_fd_sc_hd__xor2_1)
     1    0.00                           ppa_post_3_3.U1.Y (net)
                  0.09    0.00    0.59 ^ _3_/A (sky130_fd_sc_hd__clkbuf_1)
                  0.05    0.08    0.67 ^ _3_/X (sky130_fd_sc_hd__clkbuf_1)
     1    0.01                           net14 (net)
                  0.05    0.00    0.67 ^ output14/A (sky130_fd_sc_hd__buf_6)
                  0.06    0.10    0.77 ^ output14/X (sky130_fd_sc_hd__buf_6)
     1    0.03                           sum[3] (net)
                  0.06    0.00    0.77 ^ sum[3] (out)
                                  0.77   data arrival time

                  0.00    1.00    1.00   clock clk (rise edge)
                          0.00    1.00   clock network delay (ideal)
                         -0.25    0.75   clock uncertainty
                          0.00    0.75   clock reconvergence pessimism
                          0.00    0.75   output external delay
                                  0.75   data required time
-----------------------------------------------------------------------------
                                  0.75   data required time
                                 -0.77   data arrival time
-----------------------------------------------------------------------------
                                 -0.02   slack (VIOLATED)


Startpoint: b[1] (input port clocked by clk)
Endpoint: sum[2] (output port clocked by clk)
Path Group: clk
Path Type: max
Corner: ff

Fanout     Cap    Slew   Delay    Time   Description
-----------------------------------------------------------------------------
                  0.00    0.00    0.00   clock clk (rise edge)
                          0.00    0.00   clock network delay (ideal)
                          0.00    0.00 ^ input external delay
                  0.03    0.02    0.02 ^ b[1] (in)
     1    0.01                           b[1] (net)
                  0.03    0.00    0.02 ^ input6/A (sky130_fd_sc_hd__clkbuf_2)
                  0.05    0.09    0.11 ^ input6/X (sky130_fd_sc_hd__clkbuf_2)
     2    0.01                           net6 (net)
                  0.05    0.00    0.11 ^ ppa_pre_2_0.U1.xor2/B (sky130_fd_sc_hd__xor2_2)
                  0.16    0.15    0.26 ^ ppa_pre_2_0.U1.xor2/X (sky130_fd_sc_hd__xor2_2)
     4    0.01                           ppa_black_2_1.U1.A (net)
                  0.16    0.00    0.26 ^ ppa_black_2_1.U1.and2/A (sky130_fd_sc_hd__and2_1)
                  0.05    0.11    0.37 ^ ppa_black_2_1.U1.and2/X (sky130_fd_sc_hd__and2_1)
     1    0.01                           ppa_black_2_1.U1.Y (net)
                  0.05    0.00    0.37 ^ ppa_grey_2_2.U1.ao21/A2 (sky130_fd_sc_hd__a21o_1)
                  0.04    0.08    0.45 ^ ppa_grey_2_2.U1.ao21/X (sky130_fd_sc_hd__a21o_1)
     1    0.01                           ppa_grey_2_2.U1.Y (net)
                  0.04    0.00    0.46 ^ ppa_post_2_3.U1.xor2/B (sky130_fd_sc_hd__xor2_1)
                  0.09    0.10    0.56 ^ ppa_post_2_3.U1.xor2/X (sky130_fd_sc_hd__xor2_1)
     1    0.00                           ppa_post_2_3.U1.Y (net)
                  0.09    0.00    0.56 ^ _2_/A (sky130_fd_sc_hd__clkbuf_1)
                  0.03    0.06    0.62 ^ _2_/X (sky130_fd_sc_hd__clkbuf_1)
     1    0.00                           net13 (net)
                  0.03    0.00    0.62 ^ output13/A (sky130_fd_sc_hd__buf_2)
                  0.13    0.15    0.76 ^ output13/X (sky130_fd_sc_hd__buf_2)
     1    0.03                           sum[2] (net)
                  0.13    0.00    0.76 ^ sum[2] (out)
                                  0.76   data arrival time

                  0.00    1.00    1.00   clock clk (rise edge)
                          0.00    1.00   clock network delay (ideal)
                         -0.25    0.75   clock uncertainty
                          0.00    0.75   clock reconvergence pessimism
                          0.00    0.75   output external delay
                                  0.75   data required time
-----------------------------------------------------------------------------
                                  0.75   data required time
                                 -0.76   data arrival time
-----------------------------------------------------------------------------
                                 -0.01   slack (VIOLATED)


Startpoint: b[0] (input port clocked by clk)
Endpoint: sum[0] (output port clocked by clk)
Path Group: clk
Path Type: max
Corner: ff

Fanout     Cap    Slew   Delay    Time   Description
-----------------------------------------------------------------------------
                  0.00    0.00    0.00   clock clk (rise edge)
                          0.00    0.00   clock network delay (ideal)
                          0.00    0.00 ^ input external delay
                  0.03    0.02    0.02 ^ b[0] (in)
     1    0.01                           b[0] (net)
                  0.03    0.00    0.02 ^ input5/A (sky130_fd_sc_hd__clkbuf_1)
                  0.12    0.12    0.14 ^ input5/X (sky130_fd_sc_hd__clkbuf_1)
     2    0.01                           net5 (net)
                  0.12    0.00    0.14 ^ ppa_pre_1_0.U1.xor2/B (sky130_fd_sc_hd__xor2_2)
                  0.11    0.12    0.25 ^ ppa_pre_1_0.U1.xor2/X (sky130_fd_sc_hd__xor2_2)
     3    0.01                           ppa_black_2_1.U1.B (net)
                  0.11    0.00    0.25 ^ rebuffer4/A (sky130_fd_sc_hd__dlygate4sd1_1)
                  0.06    0.16    0.41 ^ rebuffer4/X (sky130_fd_sc_hd__dlygate4sd1_1)
     1    0.01                           net18 (net)
                  0.06    0.00    0.41 ^ ppa_post_0_3.U1.xor2/A (sky130_fd_sc_hd__xor2_1)
                  0.09    0.10    0.52 ^ ppa_post_0_3.U1.xor2/X (sky130_fd_sc_hd__xor2_1)
     1    0.00                           ppa_post_0_3.U1.Y (net)
                  0.09    0.00    0.52 ^ _0_/A (sky130_fd_sc_hd__clkbuf_1)
                  0.03    0.06    0.58 ^ _0_/X (sky130_fd_sc_hd__clkbuf_1)
     1    0.00                           net11 (net)
                  0.03    0.00    0.58 ^ output11/A (sky130_fd_sc_hd__buf_2)
                  0.14    0.15    0.73 ^ output11/X (sky130_fd_sc_hd__buf_2)
     1    0.03                           sum[0] (net)
                  0.14    0.00    0.73 ^ sum[0] (out)
                                  0.73   data arrival time

                  0.00    1.00    1.00   clock clk (rise edge)
                          0.00    1.00   clock network delay (ideal)
                         -0.25    0.75   clock uncertainty
                          0.00    0.75   clock reconvergence pessimism
                          0.00    0.75   output external delay
                                  0.75   data required time
-----------------------------------------------------------------------------
                                  0.75   data required time
                                 -0.73   data arrival time
-----------------------------------------------------------------------------
                                  0.02   slack (MET)


Startpoint: b[1] (input port clocked by clk)
Endpoint: cout (output port clocked by clk)
Path Group: clk
Path Type: max
Corner: ff

Fanout     Cap    Slew   Delay    Time   Description
-----------------------------------------------------------------------------
                  0.00    0.00    0.00   clock clk (rise edge)
                          0.00    0.00   clock network delay (ideal)
                          0.00    0.00 ^ input external delay
                  0.03    0.02    0.02 ^ b[1] (in)
     1    0.01                           b[1] (net)
                  0.03    0.00    0.02 ^ input6/A (sky130_fd_sc_hd__clkbuf_2)
                  0.05    0.09    0.11 ^ input6/X (sky130_fd_sc_hd__clkbuf_2)
     2    0.01                           net6 (net)
                  0.05    0.00    0.11 ^ ppa_pre_2_0.U1.xor2/B (sky130_fd_sc_hd__xor2_2)
                  0.16    0.15    0.26 ^ ppa_pre_2_0.U1.xor2/X (sky130_fd_sc_hd__xor2_2)
     4    0.01                           ppa_black_2_1.U1.A (net)
                  0.16    0.00    0.26 ^ ppa_black_3_1.U1.and2/B (sky130_fd_sc_hd__and2_1)
                  0.06    0.12    0.38 ^ ppa_black_3_1.U1.and2/X (sky130_fd_sc_hd__and2_1)
     1    0.01                           ppa_black_3_1.U1.Y (net)
                  0.06    0.00    0.38 ^ ppa_grey_3_2.U1.ao21/A2 (sky130_fd_sc_hd__a21o_1)
                  0.08    0.11    0.49 ^ ppa_grey_3_2.U1.ao21/X (sky130_fd_sc_hd__a21o_1)
     2    0.01                           ppa_grey_3_2.U1.Y (net)
                  0.08    0.00    0.49 ^ ppa_grey_cout.U1.ao21/A1 (sky130_fd_sc_hd__a21o_1)
                  0.02    0.07    0.56 ^ ppa_grey_cout.U1.ao21/X (sky130_fd_sc_hd__a21o_1)
     1    0.00                           net10 (net)
                  0.02    0.00    0.56 ^ output10/A (sky130_fd_sc_hd__buf_2)
                  0.13    0.14    0.70 ^ output10/X (sky130_fd_sc_hd__buf_2)
     1    0.03                           cout (net)
                  0.13    0.00    0.71 ^ cout (out)
                                  0.71   data arrival time

                  0.00    1.00    1.00   clock clk (rise edge)
                          0.00    1.00   clock network delay (ideal)
                         -0.25    0.75   clock uncertainty
                          0.00    0.75   clock reconvergence pessimism
                          0.00    0.75   output external delay
                                  0.75   data required time
-----------------------------------------------------------------------------
                                  0.75   data required time
                                 -0.71   data arrival time
-----------------------------------------------------------------------------
                                  0.04   slack (MET)


