
===========================================================================
report_checks -unconstrained
============================================================================

======================= Slowest Corner ===================================

Startpoint: b[0] (input port clocked by clk)
Endpoint: sum[1] (output port clocked by clk)
Path Group: clk
Path Type: max
Corner: ss

Fanout     Cap    Slew   Delay    Time   Description
-----------------------------------------------------------------------------
                  0.00    0.00    0.00   clock clk (rise edge)
                          0.00    0.00   clock network delay (ideal)
                          0.00    0.00 v input external delay
                  0.03    0.02    0.02 v b[0] (in)
     1    0.01                           b[0] (net)
                  0.03    0.00    0.02 v input5/A (sky130_fd_sc_hd__clkbuf_1)
                  0.15    0.24    0.26 v input5/X (sky130_fd_sc_hd__clkbuf_1)
     2    0.01                           net5 (net)
                  0.15    0.00    0.26 v ppa_pre_1_0.U2.and2/B (sky130_fd_sc_hd__and2_1)
                  0.11    0.42    0.68 v ppa_pre_1_0.U2.and2/X (sky130_fd_sc_hd__and2_1)
     2    0.01                           ppa_black_2_1.U2.A0 (net)
                  0.11    0.00    0.68 v ppa_grey_1_1.U1.ao21/B1 (sky130_fd_sc_hd__a21o_1)
                  0.09    0.34    1.02 v ppa_grey_1_1.U1.ao21/X (sky130_fd_sc_hd__a21o_1)
     2    0.01                           ppa_grey_1_1.U1.Y (net)
                  0.09    0.00    1.02 v rebuffer3/A (sky130_fd_sc_hd__dlymetal6s2s_1)
                  0.09    0.32    1.34 v rebuffer3/X (sky130_fd_sc_hd__dlymetal6s2s_1)
     1    0.01                           net17 (net)
                  0.09    0.00    1.34 v ppa_post_1_3.U1.xor2/B (sky130_fd_sc_hd__xor2_1)
                  0.22    0.26    1.60 ^ ppa_post_1_3.U1.xor2/X (sky130_fd_sc_hd__xor2_1)
     1    0.00                           ppa_post_1_3.U1.Y (net)
                  0.22    0.00    1.60 ^ _1_/A (sky130_fd_sc_hd__clkbuf_1)
                  0.08    0.23    1.83 ^ _1_/X (sky130_fd_sc_hd__clkbuf_1)
     1    0.00                           net12 (net)
                  0.08    0.00    1.83 ^ output12/A (sky130_fd_sc_hd__buf_2)
                  0.27    0.36    2.20 ^ output12/X (sky130_fd_sc_hd__buf_2)
     1    0.03                           sum[1] (net)
                  0.27    0.00    2.20 ^ sum[1] (out)
                                  2.20   data arrival time

                  0.00    1.00    1.00   clock clk (rise edge)
                          0.00    1.00   clock network delay (ideal)
                         -0.25    0.75   clock uncertainty
                          0.00    0.75   clock reconvergence pessimism
                          0.00    0.75   output external delay
                                  0.75   data required time
-----------------------------------------------------------------------------
                                  0.75   data required time
                                 -2.20   data arrival time
-----------------------------------------------------------------------------
                                 -1.45   slack (VIOLATED)



======================= Typical Corner ===================================

Startpoint: b[1] (input port clocked by clk)
Endpoint: sum[3] (output port clocked by clk)
Path Group: clk
Path Type: max
Corner: tt

Fanout     Cap    Slew   Delay    Time   Description
-----------------------------------------------------------------------------
                  0.00    0.00    0.00   clock clk (rise edge)
                          0.00    0.00   clock network delay (ideal)
                          0.00    0.00 ^ input external delay
                  0.04    0.02    0.02 ^ b[1] (in)
     1    0.01                           b[1] (net)
                  0.04    0.00    0.02 ^ input6/A (sky130_fd_sc_hd__clkbuf_2)
                  0.07    0.13    0.15 ^ input6/X (sky130_fd_sc_hd__clkbuf_2)
     2    0.01                           net6 (net)
                  0.07    0.00    0.15 ^ ppa_pre_2_0.U1.xor2/B (sky130_fd_sc_hd__xor2_2)
                  0.20    0.22    0.37 ^ ppa_pre_2_0.U1.xor2/X (sky130_fd_sc_hd__xor2_2)
     4    0.01                           ppa_black_2_1.U1.A (net)
                  0.20    0.00    0.37 ^ ppa_black_3_1.U1.and2/B (sky130_fd_sc_hd__and2_1)
                  0.08    0.19    0.57 ^ ppa_black_3_1.U1.and2/X (sky130_fd_sc_hd__and2_1)
     1    0.01                           ppa_black_3_1.U1.Y (net)
                  0.08    0.00    0.57 ^ ppa_grey_3_2.U1.ao21/A2 (sky130_fd_sc_hd__a21o_1)
                  0.11    0.17    0.74 ^ ppa_grey_3_2.U1.ao21/X (sky130_fd_sc_hd__a21o_1)
     2    0.01                           ppa_grey_3_2.U1.Y (net)
                  0.11    0.00    0.74 ^ ppa_post_3_3.U1.xor2/B (sky130_fd_sc_hd__xor2_1)
                  0.12    0.16    0.90 ^ ppa_post_3_3.U1.xor2/X (sky130_fd_sc_hd__xor2_1)
     1    0.00                           ppa_post_3_3.U1.Y (net)
                  0.12    0.00    0.90 ^ _3_/A (sky130_fd_sc_hd__clkbuf_1)
                  0.07    0.13    1.03 ^ _3_/X (sky130_fd_sc_hd__clkbuf_1)
     1    0.01                           net14 (net)
                  0.07    0.00    1.03 ^ output14/A (sky130_fd_sc_hd__buf_6)
                  0.08    0.14    1.17 ^ output14/X (sky130_fd_sc_hd__buf_6)
     1    0.03                           sum[3] (net)
                  0.08    0.00    1.18 ^ sum[3] (out)
                                  1.18   data arrival time

                  0.00    1.00    1.00   clock clk (rise edge)
                          0.00    1.00   clock network delay (ideal)
                         -0.25    0.75   clock uncertainty
                          0.00    0.75   clock reconvergence pessimism
                          0.00    0.75   output external delay
                                  0.75   data required time
-----------------------------------------------------------------------------
                                  0.75   data required time
                                 -1.18   data arrival time
-----------------------------------------------------------------------------
                                 -0.43   slack (VIOLATED)



======================= Fastest Corner ===================================

Startpoint: b[0] (input port clocked by clk)
Endpoint: sum[1] (output port clocked by clk)
Path Group: clk
Path Type: max
Corner: ff

Fanout     Cap    Slew   Delay    Time   Description
-----------------------------------------------------------------------------
                  0.00    0.00    0.00   clock clk (rise edge)
                          0.00    0.00   clock network delay (ideal)
                          0.00    0.00 ^ input external delay
                  0.03    0.02    0.02 ^ b[0] (in)
     1    0.01                           b[0] (net)
                  0.03    0.00    0.02 ^ input5/A (sky130_fd_sc_hd__clkbuf_1)
                  0.12    0.12    0.14 ^ input5/X (sky130_fd_sc_hd__clkbuf_1)
     2    0.01                           net5 (net)
                  0.12    0.00    0.14 ^ ppa_pre_1_0.U1.xor2/B (sky130_fd_sc_hd__xor2_2)
                  0.11    0.12    0.25 ^ ppa_pre_1_0.U1.xor2/X (sky130_fd_sc_hd__xor2_2)
     3    0.01                           ppa_black_2_1.U1.B (net)
                  0.11    0.00    0.25 ^ ppa_grey_1_1.U1.ao21/A2 (sky130_fd_sc_hd__a21o_1)
                  0.06    0.10    0.36 ^ ppa_grey_1_1.U1.ao21/X (sky130_fd_sc_hd__a21o_1)
     2    0.01                           ppa_grey_1_1.U1.Y (net)
                  0.06    0.00    0.36 ^ rebuffer3/A (sky130_fd_sc_hd__dlymetal6s2s_1)
                  0.06    0.09    0.45 ^ rebuffer3/X (sky130_fd_sc_hd__dlymetal6s2s_1)
     1    0.01                           net17 (net)
                  0.06    0.00    0.45 ^ ppa_post_1_3.U1.xor2/B (sky130_fd_sc_hd__xor2_1)
                  0.10    0.11    0.56 ^ ppa_post_1_3.U1.xor2/X (sky130_fd_sc_hd__xor2_1)
     1    0.00                           ppa_post_1_3.U1.Y (net)
                  0.10    0.00    0.56 ^ _1_/A (sky130_fd_sc_hd__clkbuf_1)
                  0.04    0.07    0.62 ^ _1_/X (sky130_fd_sc_hd__clkbuf_1)
     1    0.00                           net12 (net)
                  0.04    0.00    0.62 ^ output12/A (sky130_fd_sc_hd__buf_2)
                  0.13    0.15    0.77 ^ output12/X (sky130_fd_sc_hd__buf_2)
     1    0.03                           sum[1] (net)
                  0.13    0.00    0.77 ^ sum[1] (out)
                                  0.77   data arrival time

                  0.00    1.00    1.00   clock clk (rise edge)
                          0.00    1.00   clock network delay (ideal)
                         -0.25    0.75   clock uncertainty
                          0.00    0.75   clock reconvergence pessimism
                          0.00    0.75   output external delay
                                  0.75   data required time
-----------------------------------------------------------------------------
                                  0.75   data required time
                                 -0.77   data arrival time
-----------------------------------------------------------------------------
                                 -0.02   slack (VIOLATED)



===========================================================================
report_checks --slack_max -0.01
============================================================================

======================= Slowest Corner ===================================

Startpoint: b[0] (input port clocked by clk)
Endpoint: sum[1] (output port clocked by clk)
Path Group: clk
Path Type: max
Corner: ss

Fanout     Cap    Slew   Delay    Time   Description
-----------------------------------------------------------------------------
                  0.00    0.00    0.00   clock clk (rise edge)
                          0.00    0.00   clock network delay (ideal)
                          0.00    0.00 v input external delay
                  0.03    0.02    0.02 v b[0] (in)
     1    0.01                           b[0] (net)
                  0.03    0.00    0.02 v input5/A (sky130_fd_sc_hd__clkbuf_1)
                  0.15    0.24    0.26 v input5/X (sky130_fd_sc_hd__clkbuf_1)
     2    0.01                           net5 (net)
                  0.15    0.00    0.26 v ppa_pre_1_0.U2.and2/B (sky130_fd_sc_hd__and2_1)
                  0.11    0.42    0.68 v ppa_pre_1_0.U2.and2/X (sky130_fd_sc_hd__and2_1)
     2    0.01                           ppa_black_2_1.U2.A0 (net)
                  0.11    0.00    0.68 v ppa_grey_1_1.U1.ao21/B1 (sky130_fd_sc_hd__a21o_1)
                  0.09    0.34    1.02 v ppa_grey_1_1.U1.ao21/X (sky130_fd_sc_hd__a21o_1)
     2    0.01                           ppa_grey_1_1.U1.Y (net)
                  0.09    0.00    1.02 v rebuffer3/A (sky130_fd_sc_hd__dlymetal6s2s_1)
                  0.09    0.32    1.34 v rebuffer3/X (sky130_fd_sc_hd__dlymetal6s2s_1)
     1    0.01                           net17 (net)
                  0.09    0.00    1.34 v ppa_post_1_3.U1.xor2/B (sky130_fd_sc_hd__xor2_1)
                  0.22    0.26    1.60 ^ ppa_post_1_3.U1.xor2/X (sky130_fd_sc_hd__xor2_1)
     1    0.00                           ppa_post_1_3.U1.Y (net)
                  0.22    0.00    1.60 ^ _1_/A (sky130_fd_sc_hd__clkbuf_1)
                  0.08    0.23    1.83 ^ _1_/X (sky130_fd_sc_hd__clkbuf_1)
     1    0.00                           net12 (net)
                  0.08    0.00    1.83 ^ output12/A (sky130_fd_sc_hd__buf_2)
                  0.27    0.36    2.20 ^ output12/X (sky130_fd_sc_hd__buf_2)
     1    0.03                           sum[1] (net)
                  0.27    0.00    2.20 ^ sum[1] (out)
                                  2.20   data arrival time

                  0.00    1.00    1.00   clock clk (rise edge)
                          0.00    1.00   clock network delay (ideal)
                         -0.25    0.75   clock uncertainty
                          0.00    0.75   clock reconvergence pessimism
                          0.00    0.75   output external delay
                                  0.75   data required time
-----------------------------------------------------------------------------
                                  0.75   data required time
                                 -2.20   data arrival time
-----------------------------------------------------------------------------
                                 -1.45   slack (VIOLATED)



======================= Typical Corner ===================================

Startpoint: b[1] (input port clocked by clk)
Endpoint: sum[3] (output port clocked by clk)
Path Group: clk
Path Type: max
Corner: tt

Fanout     Cap    Slew   Delay    Time   Description
-----------------------------------------------------------------------------
                  0.00    0.00    0.00   clock clk (rise edge)
                          0.00    0.00   clock network delay (ideal)
                          0.00    0.00 ^ input external delay
                  0.04    0.02    0.02 ^ b[1] (in)
     1    0.01                           b[1] (net)
                  0.04    0.00    0.02 ^ input6/A (sky130_fd_sc_hd__clkbuf_2)
                  0.07    0.13    0.15 ^ input6/X (sky130_fd_sc_hd__clkbuf_2)
     2    0.01                           net6 (net)
                  0.07    0.00    0.15 ^ ppa_pre_2_0.U1.xor2/B (sky130_fd_sc_hd__xor2_2)
                  0.20    0.22    0.37 ^ ppa_pre_2_0.U1.xor2/X (sky130_fd_sc_hd__xor2_2)
     4    0.01                           ppa_black_2_1.U1.A (net)
                  0.20    0.00    0.37 ^ ppa_black_3_1.U1.and2/B (sky130_fd_sc_hd__and2_1)
                  0.08    0.19    0.57 ^ ppa_black_3_1.U1.and2/X (sky130_fd_sc_hd__and2_1)
     1    0.01                           ppa_black_3_1.U1.Y (net)
                  0.08    0.00    0.57 ^ ppa_grey_3_2.U1.ao21/A2 (sky130_fd_sc_hd__a21o_1)
                  0.11    0.17    0.74 ^ ppa_grey_3_2.U1.ao21/X (sky130_fd_sc_hd__a21o_1)
     2    0.01                           ppa_grey_3_2.U1.Y (net)
                  0.11    0.00    0.74 ^ ppa_post_3_3.U1.xor2/B (sky130_fd_sc_hd__xor2_1)
                  0.12    0.16    0.90 ^ ppa_post_3_3.U1.xor2/X (sky130_fd_sc_hd__xor2_1)
     1    0.00                           ppa_post_3_3.U1.Y (net)
                  0.12    0.00    0.90 ^ _3_/A (sky130_fd_sc_hd__clkbuf_1)
                  0.07    0.13    1.03 ^ _3_/X (sky130_fd_sc_hd__clkbuf_1)
     1    0.01                           net14 (net)
                  0.07    0.00    1.03 ^ output14/A (sky130_fd_sc_hd__buf_6)
                  0.08    0.14    1.17 ^ output14/X (sky130_fd_sc_hd__buf_6)
     1    0.03                           sum[3] (net)
                  0.08    0.00    1.18 ^ sum[3] (out)
                                  1.18   data arrival time

                  0.00    1.00    1.00   clock clk (rise edge)
                          0.00    1.00   clock network delay (ideal)
                         -0.25    0.75   clock uncertainty
                          0.00    0.75   clock reconvergence pessimism
                          0.00    0.75   output external delay
                                  0.75   data required time
-----------------------------------------------------------------------------
                                  0.75   data required time
                                 -1.18   data arrival time
-----------------------------------------------------------------------------
                                 -0.43   slack (VIOLATED)



======================= Fastest Corner ===================================

Startpoint: b[0] (input port clocked by clk)
Endpoint: sum[1] (output port clocked by clk)
Path Group: clk
Path Type: max
Corner: ff

Fanout     Cap    Slew   Delay    Time   Description
-----------------------------------------------------------------------------
                  0.00    0.00    0.00   clock clk (rise edge)
                          0.00    0.00   clock network delay (ideal)
                          0.00    0.00 ^ input external delay
                  0.03    0.02    0.02 ^ b[0] (in)
     1    0.01                           b[0] (net)
                  0.03    0.00    0.02 ^ input5/A (sky130_fd_sc_hd__clkbuf_1)
                  0.12    0.12    0.14 ^ input5/X (sky130_fd_sc_hd__clkbuf_1)
     2    0.01                           net5 (net)
                  0.12    0.00    0.14 ^ ppa_pre_1_0.U1.xor2/B (sky130_fd_sc_hd__xor2_2)
                  0.11    0.12    0.25 ^ ppa_pre_1_0.U1.xor2/X (sky130_fd_sc_hd__xor2_2)
     3    0.01                           ppa_black_2_1.U1.B (net)
                  0.11    0.00    0.25 ^ ppa_grey_1_1.U1.ao21/A2 (sky130_fd_sc_hd__a21o_1)
                  0.06    0.10    0.36 ^ ppa_grey_1_1.U1.ao21/X (sky130_fd_sc_hd__a21o_1)
     2    0.01                           ppa_grey_1_1.U1.Y (net)
                  0.06    0.00    0.36 ^ rebuffer3/A (sky130_fd_sc_hd__dlymetal6s2s_1)
                  0.06    0.09    0.45 ^ rebuffer3/X (sky130_fd_sc_hd__dlymetal6s2s_1)
     1    0.01                           net17 (net)
                  0.06    0.00    0.45 ^ ppa_post_1_3.U1.xor2/B (sky130_fd_sc_hd__xor2_1)
                  0.10    0.11    0.56 ^ ppa_post_1_3.U1.xor2/X (sky130_fd_sc_hd__xor2_1)
     1    0.00                           ppa_post_1_3.U1.Y (net)
                  0.10    0.00    0.56 ^ _1_/A (sky130_fd_sc_hd__clkbuf_1)
                  0.04    0.07    0.62 ^ _1_/X (sky130_fd_sc_hd__clkbuf_1)
     1    0.00                           net12 (net)
                  0.04    0.00    0.62 ^ output12/A (sky130_fd_sc_hd__buf_2)
                  0.13    0.15    0.77 ^ output12/X (sky130_fd_sc_hd__buf_2)
     1    0.03                           sum[1] (net)
                  0.13    0.00    0.77 ^ sum[1] (out)
                                  0.77   data arrival time

                  0.00    1.00    1.00   clock clk (rise edge)
                          0.00    1.00   clock network delay (ideal)
                         -0.25    0.75   clock uncertainty
                          0.00    0.75   clock reconvergence pessimism
                          0.00    0.75   output external delay
                                  0.75   data required time
-----------------------------------------------------------------------------
                                  0.75   data required time
                                 -0.77   data arrival time
-----------------------------------------------------------------------------
                                 -0.02   slack (VIOLATED)


