
===========================================================================
report_checks -path_delay max (Setup)
============================================================================
Startpoint: b[1] (input port clocked by clk)
Endpoint: sum[3] (output port clocked by clk)
Path Group: clk
Path Type: max

Fanout     Cap    Slew   Delay    Time   Description
-----------------------------------------------------------------------------
                  0.00    0.00    0.00   clock clk (rise edge)
                          0.00    0.00   clock network delay (ideal)
                          0.00    0.00 ^ input external delay
                  0.04    0.03    0.03 ^ b[1] (in)
     2    0.01                           b[1] (net)
                  0.04    0.00    0.03 ^ ppa_pre_2_0.U1.xor2/B (sky130_fd_sc_hd__xor2_1)
                  0.26    0.25    0.28 ^ ppa_pre_2_0.U1.xor2/X (sky130_fd_sc_hd__xor2_1)
     4    0.01                           ppa_black_2_1.U1.A (net)
                  0.26    0.00    0.28 ^ ppa_black_3_1.U1.and2/B (sky130_fd_sc_hd__and2_1)
                  0.05    0.17    0.45 ^ ppa_black_3_1.U1.and2/X (sky130_fd_sc_hd__and2_1)
     1    0.00                           ppa_black_3_1.U1.Y (net)
                  0.05    0.00    0.46 ^ ppa_grey_3_2.U1.ao21/A2 (sky130_fd_sc_hd__a21o_1)
                  0.07    0.14    0.60 ^ ppa_grey_3_2.U1.ao21/X (sky130_fd_sc_hd__a21o_1)
     2    0.01                           ppa_grey_3_2.U1.Y (net)
                  0.08    0.01    0.60 ^ ppa_post_3_3.U1.xor2/B (sky130_fd_sc_hd__xor2_1)
                  0.10    0.14    0.74 ^ ppa_post_3_3.U1.xor2/X (sky130_fd_sc_hd__xor2_1)
     1    0.00                           ppa_post_3_3.U1.Y (net)
                  0.10    0.00    0.75 ^ _3_/A (sky130_fd_sc_hd__buf_2)
                  0.20    0.21    0.96 ^ _3_/X (sky130_fd_sc_hd__buf_2)
     1    0.03                           sum[3] (net)
                  0.20    0.00    0.96 ^ sum[3] (out)
                                  0.96   data arrival time

                  0.00    1.00    1.00   clock clk (rise edge)
                          0.00    1.00   clock network delay (ideal)
                         -0.25    0.75   clock uncertainty
                          0.00    0.75   clock reconvergence pessimism
                          0.00    0.75   output external delay
                                  0.75   data required time
-----------------------------------------------------------------------------
                                  0.75   data required time
                                 -0.96   data arrival time
-----------------------------------------------------------------------------
                                 -0.21   slack (VIOLATED)


Startpoint: b[1] (input port clocked by clk)
Endpoint: sum[2] (output port clocked by clk)
Path Group: clk
Path Type: max

Fanout     Cap    Slew   Delay    Time   Description
-----------------------------------------------------------------------------
                  0.00    0.00    0.00   clock clk (rise edge)
                          0.00    0.00   clock network delay (ideal)
                          0.00    0.00 ^ input external delay
                  0.04    0.03    0.03 ^ b[1] (in)
     2    0.01                           b[1] (net)
                  0.04    0.00    0.03 ^ ppa_pre_2_0.U1.xor2/B (sky130_fd_sc_hd__xor2_1)
                  0.26    0.25    0.28 ^ ppa_pre_2_0.U1.xor2/X (sky130_fd_sc_hd__xor2_1)
     4    0.01                           ppa_black_2_1.U1.A (net)
                  0.26    0.00    0.28 ^ ppa_black_2_1.U1.and2/A (sky130_fd_sc_hd__and2_1)
                  0.05    0.17    0.46 ^ ppa_black_2_1.U1.and2/X (sky130_fd_sc_hd__and2_1)
     1    0.00                           ppa_black_2_1.U1.Y (net)
                  0.05    0.00    0.46 ^ ppa_grey_2_2.U1.ao21/A2 (sky130_fd_sc_hd__a21o_1)
                  0.06    0.12    0.58 ^ ppa_grey_2_2.U1.ao21/X (sky130_fd_sc_hd__a21o_1)
     1    0.00                           ppa_grey_2_2.U1.Y (net)
                  0.06    0.01    0.59 ^ ppa_post_2_3.U1.xor2/B (sky130_fd_sc_hd__xor2_1)
                  0.10    0.14    0.73 ^ ppa_post_2_3.U1.xor2/X (sky130_fd_sc_hd__xor2_1)
     1    0.00                           ppa_post_2_3.U1.Y (net)
                  0.10    0.00    0.73 ^ _2_/A (sky130_fd_sc_hd__buf_2)
                  0.20    0.21    0.94 ^ _2_/X (sky130_fd_sc_hd__buf_2)
     1    0.03                           sum[2] (net)
                  0.20    0.00    0.95 ^ sum[2] (out)
                                  0.95   data arrival time

                  0.00    1.00    1.00   clock clk (rise edge)
                          0.00    1.00   clock network delay (ideal)
                         -0.25    0.75   clock uncertainty
                          0.00    0.75   clock reconvergence pessimism
                          0.00    0.75   output external delay
                                  0.75   data required time
-----------------------------------------------------------------------------
                                  0.75   data required time
                                 -0.95   data arrival time
-----------------------------------------------------------------------------
                                 -0.20   slack (VIOLATED)


Startpoint: b[1] (input port clocked by clk)
Endpoint: cout (output port clocked by clk)
Path Group: clk
Path Type: max

Fanout     Cap    Slew   Delay    Time   Description
-----------------------------------------------------------------------------
                  0.00    0.00    0.00   clock clk (rise edge)
                          0.00    0.00   clock network delay (ideal)
                          0.00    0.00 ^ input external delay
                  0.04    0.03    0.03 ^ b[1] (in)
     2    0.01                           b[1] (net)
                  0.04    0.00    0.03 ^ ppa_pre_2_0.U1.xor2/B (sky130_fd_sc_hd__xor2_1)
                  0.26    0.25    0.28 ^ ppa_pre_2_0.U1.xor2/X (sky130_fd_sc_hd__xor2_1)
     4    0.01                           ppa_black_2_1.U1.A (net)
                  0.26    0.00    0.28 ^ ppa_black_3_1.U1.and2/B (sky130_fd_sc_hd__and2_1)
                  0.05    0.17    0.45 ^ ppa_black_3_1.U1.and2/X (sky130_fd_sc_hd__and2_1)
     1    0.00                           ppa_black_3_1.U1.Y (net)
                  0.05    0.00    0.46 ^ ppa_grey_3_2.U1.ao21/A2 (sky130_fd_sc_hd__a21o_1)
                  0.07    0.14    0.60 ^ ppa_grey_3_2.U1.ao21/X (sky130_fd_sc_hd__a21o_1)
     2    0.01                           ppa_grey_3_2.U1.Y (net)
                  0.07    0.00    0.60 ^ ppa_grey_cout.U1.ao21/A1 (sky130_fd_sc_hd__a21o_1)
                  0.33    0.29    0.89 ^ ppa_grey_cout.U1.ao21/X (sky130_fd_sc_hd__a21o_1)
     1    0.03                           cout (net)
                  0.33    0.00    0.89 ^ cout (out)
                                  0.89   data arrival time

                  0.00    1.00    1.00   clock clk (rise edge)
                          0.00    1.00   clock network delay (ideal)
                         -0.25    0.75   clock uncertainty
                          0.00    0.75   clock reconvergence pessimism
                          0.00    0.75   output external delay
                                  0.75   data required time
-----------------------------------------------------------------------------
                                  0.75   data required time
                                 -0.89   data arrival time
-----------------------------------------------------------------------------
                                 -0.14   slack (VIOLATED)


Startpoint: b[0] (input port clocked by clk)
Endpoint: sum[1] (output port clocked by clk)
Path Group: clk
Path Type: max

Fanout     Cap    Slew   Delay    Time   Description
-----------------------------------------------------------------------------
                  0.00    0.00    0.00   clock clk (rise edge)
                          0.00    0.00   clock network delay (ideal)
                          0.00    0.00 ^ input external delay
                  0.04    0.03    0.03 ^ b[0] (in)
     2    0.01                           b[0] (net)
                  0.04    0.00    0.03 ^ ppa_pre_1_0.U1.xor2/B (sky130_fd_sc_hd__xor2_1)
                  0.22    0.23    0.26 ^ ppa_pre_1_0.U1.xor2/X (sky130_fd_sc_hd__xor2_1)
     3    0.01                           ppa_black_2_1.U1.B (net)
                  0.22    0.00    0.26 ^ ppa_grey_1_1.U1.ao21/A2 (sky130_fd_sc_hd__a21o_1)
                  0.08    0.18    0.44 ^ ppa_grey_1_1.U1.ao21/X (sky130_fd_sc_hd__a21o_1)
     2    0.01                           ppa_grey_1_1.U1.Y (net)
                  0.08    0.01    0.45 ^ ppa_post_1_3.U1.xor2/B (sky130_fd_sc_hd__xor2_1)
                  0.10    0.14    0.59 ^ ppa_post_1_3.U1.xor2/X (sky130_fd_sc_hd__xor2_1)
     1    0.00                           ppa_post_1_3.U1.Y (net)
                  0.10    0.00    0.59 ^ _1_/A (sky130_fd_sc_hd__buf_2)
                  0.20    0.21    0.80 ^ _1_/X (sky130_fd_sc_hd__buf_2)
     1    0.03                           sum[1] (net)
                  0.20    0.00    0.81 ^ sum[1] (out)
                                  0.81   data arrival time

                  0.00    1.00    1.00   clock clk (rise edge)
                          0.00    1.00   clock network delay (ideal)
                         -0.25    0.75   clock uncertainty
                          0.00    0.75   clock reconvergence pessimism
                          0.00    0.75   output external delay
                                  0.75   data required time
-----------------------------------------------------------------------------
                                  0.75   data required time
                                 -0.81   data arrival time
-----------------------------------------------------------------------------
                                 -0.06   slack (VIOLATED)


Startpoint: b[0] (input port clocked by clk)
Endpoint: sum[0] (output port clocked by clk)
Path Group: clk
Path Type: max

Fanout     Cap    Slew   Delay    Time   Description
-----------------------------------------------------------------------------
                  0.00    0.00    0.00   clock clk (rise edge)
                          0.00    0.00   clock network delay (ideal)
                          0.00    0.00 ^ input external delay
                  0.04    0.03    0.03 ^ b[0] (in)
     2    0.01                           b[0] (net)
                  0.04    0.00    0.03 ^ ppa_pre_1_0.U1.xor2/B (sky130_fd_sc_hd__xor2_1)
                  0.22    0.23    0.26 ^ ppa_pre_1_0.U1.xor2/X (sky130_fd_sc_hd__xor2_1)
     3    0.01                           ppa_black_2_1.U1.B (net)
                  0.23    0.01    0.26 ^ ppa_post_0_3.U1.xor2/A (sky130_fd_sc_hd__xor2_1)
                  0.10    0.16    0.42 ^ ppa_post_0_3.U1.xor2/X (sky130_fd_sc_hd__xor2_1)
     1    0.00                           ppa_post_0_3.U1.Y (net)
                  0.10    0.00    0.43 ^ _0_/A (sky130_fd_sc_hd__buf_2)
                  0.20    0.21    0.64 ^ _0_/X (sky130_fd_sc_hd__buf_2)
     1    0.03                           sum[0] (net)
                  0.20    0.00    0.64 ^ sum[0] (out)
                                  0.64   data arrival time

                  0.00    1.00    1.00   clock clk (rise edge)
                          0.00    1.00   clock network delay (ideal)
                         -0.25    0.75   clock uncertainty
                          0.00    0.75   clock reconvergence pessimism
                          0.00    0.75   output external delay
                                  0.75   data required time
-----------------------------------------------------------------------------
                                  0.75   data required time
                                 -0.64   data arrival time
-----------------------------------------------------------------------------
                                  0.11   slack (MET)


