
===========================================================================
report_checks -path_delay max (Setup)
============================================================================
Startpoint: b[0] (input port clocked by clk)
Endpoint: sum[7] (output port clocked by clk)
Path Group: clk
Path Type: max

Fanout     Cap    Slew   Delay    Time   Description
-----------------------------------------------------------------------------
                  0.00    0.00    0.00   clock clk (rise edge)
                          0.00    0.00   clock network delay (ideal)
                          0.00    0.00 v input external delay
                  0.02    0.01    0.01 v b[0] (in)
     2    0.01                           b[0] (net)
                  0.02    0.00    0.01 v _33_/A (sky130_fd_sc_hs__xor2_2)
                  0.06    0.17    0.18 v _33_/X (sky130_fd_sc_hs__xor2_2)
     2    0.01                           _06_ (net)
                  0.06    0.00    0.18 v _35_/A2 (sky130_fd_sc_hs__a21o_2)
                  0.04    0.19    0.37 v _35_/X (sky130_fd_sc_hs__a21o_2)
     2    0.01                           _08_ (net)
                  0.04    0.00    0.37 v _38_/A1 (sky130_fd_sc_hs__a21o_2)
                  0.05    0.17    0.55 v _38_/X (sky130_fd_sc_hs__a21o_2)
     3    0.01                           _11_ (net)
                  0.05    0.00    0.55 v _40_/B2 (sky130_fd_sc_hs__a221o_2)
                  0.06    0.30    0.85 v _40_/X (sky130_fd_sc_hs__a221o_2)
     3    0.01                           _13_ (net)
                  0.06    0.00    0.85 v _42_/A3 (sky130_fd_sc_hs__a31o_2)
                  0.04    0.22    1.07 v _42_/X (sky130_fd_sc_hs__a31o_2)
     2    0.01                           _15_ (net)
                  0.04    0.00    1.07 v _44_/A3 (sky130_fd_sc_hs__a31o_4)
                  0.05    0.23    1.30 v _44_/X (sky130_fd_sc_hs__a31o_4)
     2    0.02                           _17_ (net)
                  0.05    0.00    1.30 v _62_/A (sky130_fd_sc_hs__xor2_4)
                  0.28    0.26    1.56 ^ _62_/X (sky130_fd_sc_hs__xor2_4)
     1    0.04                           sum[7] (net)
                  0.28    0.00    1.56 ^ sum[7] (out)
                                  1.56   data arrival time

                  0.00    0.75    0.75   clock clk (rise edge)
                          0.00    0.75   clock network delay (ideal)
                         -0.25    0.50   clock uncertainty
                          0.00    0.50   clock reconvergence pessimism
                          0.00    0.50   output external delay
                                  0.50   data required time
-----------------------------------------------------------------------------
                                  0.50   data required time
                                 -1.56   data arrival time
-----------------------------------------------------------------------------
                                 -1.06   slack (VIOLATED)


Startpoint: b[0] (input port clocked by clk)
Endpoint: sum[6] (output port clocked by clk)
Path Group: clk
Path Type: max

Fanout     Cap    Slew   Delay    Time   Description
-----------------------------------------------------------------------------
                  0.00    0.00    0.00   clock clk (rise edge)
                          0.00    0.00   clock network delay (ideal)
                          0.00    0.00 v input external delay
                  0.02    0.01    0.01 v b[0] (in)
     2    0.01                           b[0] (net)
                  0.02    0.00    0.01 v _33_/A (sky130_fd_sc_hs__xor2_2)
                  0.06    0.17    0.18 v _33_/X (sky130_fd_sc_hs__xor2_2)
     2    0.01                           _06_ (net)
                  0.06    0.00    0.18 v _35_/A2 (sky130_fd_sc_hs__a21o_2)
                  0.04    0.19    0.37 v _35_/X (sky130_fd_sc_hs__a21o_2)
     2    0.01                           _08_ (net)
                  0.04    0.00    0.37 v _38_/A1 (sky130_fd_sc_hs__a21o_2)
                  0.05    0.17    0.55 v _38_/X (sky130_fd_sc_hs__a21o_2)
     3    0.01                           _11_ (net)
                  0.05    0.00    0.55 v _40_/B2 (sky130_fd_sc_hs__a221o_2)
                  0.06    0.30    0.85 v _40_/X (sky130_fd_sc_hs__a221o_2)
     3    0.01                           _13_ (net)
                  0.06    0.00    0.85 v _42_/A3 (sky130_fd_sc_hs__a31o_2)
                  0.04    0.22    1.07 v _42_/X (sky130_fd_sc_hs__a31o_2)
     2    0.01                           _15_ (net)
                  0.04    0.00    1.07 v _58_/B (sky130_fd_sc_hs__and2_2)
                  0.03    0.11    1.18 v _58_/X (sky130_fd_sc_hs__and2_2)
     1    0.01                           _24_ (net)
                  0.03    0.00    1.18 v _60_/A (sky130_fd_sc_hs__xor2_2)
                  0.43    0.36    1.54 ^ _60_/X (sky130_fd_sc_hs__xor2_2)
     1    0.04                           sum[6] (net)
                  0.43    0.00    1.54 ^ sum[6] (out)
                                  1.54   data arrival time

                  0.00    0.75    0.75   clock clk (rise edge)
                          0.00    0.75   clock network delay (ideal)
                         -0.25    0.50   clock uncertainty
                          0.00    0.50   clock reconvergence pessimism
                          0.00    0.50   output external delay
                                  0.50   data required time
-----------------------------------------------------------------------------
                                  0.50   data required time
                                 -1.54   data arrival time
-----------------------------------------------------------------------------
                                 -1.04   slack (VIOLATED)


Startpoint: b[0] (input port clocked by clk)
Endpoint: cout (output port clocked by clk)
Path Group: clk
Path Type: max

Fanout     Cap    Slew   Delay    Time   Description
-----------------------------------------------------------------------------
                  0.00    0.00    0.00   clock clk (rise edge)
                          0.00    0.00   clock network delay (ideal)
                          0.00    0.00 v input external delay
                  0.02    0.01    0.01 v b[0] (in)
     2    0.01                           b[0] (net)
                  0.02    0.00    0.01 v _33_/A (sky130_fd_sc_hs__xor2_2)
                  0.06    0.17    0.18 v _33_/X (sky130_fd_sc_hs__xor2_2)
     2    0.01                           _06_ (net)
                  0.06    0.00    0.18 v _35_/A2 (sky130_fd_sc_hs__a21o_2)
                  0.04    0.19    0.37 v _35_/X (sky130_fd_sc_hs__a21o_2)
     2    0.01                           _08_ (net)
                  0.04    0.00    0.37 v _38_/A1 (sky130_fd_sc_hs__a21o_2)
                  0.05    0.17    0.55 v _38_/X (sky130_fd_sc_hs__a21o_2)
     3    0.01                           _11_ (net)
                  0.05    0.00    0.55 v _40_/B2 (sky130_fd_sc_hs__a221o_2)
                  0.06    0.30    0.85 v _40_/X (sky130_fd_sc_hs__a221o_2)
     3    0.01                           _13_ (net)
                  0.06    0.00    0.85 v _42_/A3 (sky130_fd_sc_hs__a31o_2)
                  0.04    0.22    1.07 v _42_/X (sky130_fd_sc_hs__a31o_2)
     2    0.01                           _15_ (net)
                  0.04    0.00    1.07 v _44_/A3 (sky130_fd_sc_hs__a31o_4)
                  0.05    0.23    1.30 v _44_/X (sky130_fd_sc_hs__a31o_4)
     2    0.02                           _17_ (net)
                  0.05    0.00    1.30 v _46_/A2 (sky130_fd_sc_hs__a21o_4)
                  0.07    0.23    1.53 v _46_/X (sky130_fd_sc_hs__a21o_4)
     1    0.04                           cout (net)
                  0.07    0.00    1.53 v cout (out)
                                  1.53   data arrival time

                  0.00    0.75    0.75   clock clk (rise edge)
                          0.00    0.75   clock network delay (ideal)
                         -0.25    0.50   clock uncertainty
                          0.00    0.50   clock reconvergence pessimism
                          0.00    0.50   output external delay
                                  0.50   data required time
-----------------------------------------------------------------------------
                                  0.50   data required time
                                 -1.53   data arrival time
-----------------------------------------------------------------------------
                                 -1.03   slack (VIOLATED)


Startpoint: b[0] (input port clocked by clk)
Endpoint: sum[5] (output port clocked by clk)
Path Group: clk
Path Type: max

Fanout     Cap    Slew   Delay    Time   Description
-----------------------------------------------------------------------------
                  0.00    0.00    0.00   clock clk (rise edge)
                          0.00    0.00   clock network delay (ideal)
                          0.00    0.00 v input external delay
                  0.02    0.01    0.01 v b[0] (in)
     2    0.01                           b[0] (net)
                  0.02    0.00    0.01 v _33_/A (sky130_fd_sc_hs__xor2_2)
                  0.06    0.17    0.18 v _33_/X (sky130_fd_sc_hs__xor2_2)
     2    0.01                           _06_ (net)
                  0.06    0.00    0.18 v _35_/A2 (sky130_fd_sc_hs__a21o_2)
                  0.04    0.19    0.37 v _35_/X (sky130_fd_sc_hs__a21o_2)
     2    0.01                           _08_ (net)
                  0.04    0.00    0.37 v _38_/A1 (sky130_fd_sc_hs__a21o_2)
                  0.05    0.17    0.55 v _38_/X (sky130_fd_sc_hs__a21o_2)
     3    0.01                           _11_ (net)
                  0.05    0.00    0.55 v _40_/B2 (sky130_fd_sc_hs__a221o_2)
                  0.06    0.30    0.85 v _40_/X (sky130_fd_sc_hs__a221o_2)
     3    0.01                           _13_ (net)
                  0.06    0.00    0.85 v _56_/A3 (sky130_fd_sc_hs__a32o_2)
                  0.05    0.26    1.11 v _56_/X (sky130_fd_sc_hs__a32o_2)
     1    0.01                           _23_ (net)
                  0.05    0.00    1.11 v _57_/B (sky130_fd_sc_hs__xor2_2)
                  0.42    0.36    1.47 ^ _57_/X (sky130_fd_sc_hs__xor2_2)
     1    0.04                           sum[5] (net)
                  0.42    0.00    1.47 ^ sum[5] (out)
                                  1.47   data arrival time

                  0.00    0.75    0.75   clock clk (rise edge)
                          0.00    0.75   clock network delay (ideal)
                         -0.25    0.50   clock uncertainty
                          0.00    0.50   clock reconvergence pessimism
                          0.00    0.50   output external delay
                                  0.50   data required time
-----------------------------------------------------------------------------
                                  0.50   data required time
                                 -1.47   data arrival time
-----------------------------------------------------------------------------
                                 -0.97   slack (VIOLATED)


Startpoint: b[0] (input port clocked by clk)
Endpoint: sum[4] (output port clocked by clk)
Path Group: clk
Path Type: max

Fanout     Cap    Slew   Delay    Time   Description
-----------------------------------------------------------------------------
                  0.00    0.00    0.00   clock clk (rise edge)
                          0.00    0.00   clock network delay (ideal)
                          0.00    0.00 v input external delay
                  0.02    0.01    0.01 v b[0] (in)
     2    0.01                           b[0] (net)
                  0.02    0.00    0.01 v _33_/A (sky130_fd_sc_hs__xor2_2)
                  0.06    0.17    0.18 v _33_/X (sky130_fd_sc_hs__xor2_2)
     2    0.01                           _06_ (net)
                  0.06    0.00    0.18 v _35_/A2 (sky130_fd_sc_hs__a21o_2)
                  0.04    0.19    0.37 v _35_/X (sky130_fd_sc_hs__a21o_2)
     2    0.01                           _08_ (net)
                  0.04    0.00    0.37 v _38_/A1 (sky130_fd_sc_hs__a21o_2)
                  0.05    0.17    0.55 v _38_/X (sky130_fd_sc_hs__a21o_2)
     3    0.01                           _11_ (net)
                  0.05    0.00    0.55 v _40_/B2 (sky130_fd_sc_hs__a221o_2)
                  0.06    0.30    0.85 v _40_/X (sky130_fd_sc_hs__a221o_2)
     3    0.01                           _13_ (net)
                  0.06    0.00    0.85 v _53_/B (sky130_fd_sc_hs__and2_2)
                  0.03    0.11    0.96 v _53_/X (sky130_fd_sc_hs__and2_2)
     1    0.01                           _21_ (net)
                  0.03    0.00    0.96 v _54_/B (sky130_fd_sc_hs__xor2_2)
                  0.43    0.35    1.31 ^ _54_/X (sky130_fd_sc_hs__xor2_2)
     1    0.04                           sum[4] (net)
                  0.43    0.00    1.31 ^ sum[4] (out)
                                  1.31   data arrival time

                  0.00    0.75    0.75   clock clk (rise edge)
                          0.00    0.75   clock network delay (ideal)
                         -0.25    0.50   clock uncertainty
                          0.00    0.50   clock reconvergence pessimism
                          0.00    0.50   output external delay
                                  0.50   data required time
-----------------------------------------------------------------------------
                                  0.50   data required time
                                 -1.31   data arrival time
-----------------------------------------------------------------------------
                                 -0.81   slack (VIOLATED)


