
===========================================================================
report_checks -unconstrained
============================================================================
Startpoint: b[0] (input port clocked by clk)
Endpoint: sum[31] (output port clocked by clk)
Path Group: clk
Path Type: max

Fanout     Cap    Slew   Delay    Time   Description
-----------------------------------------------------------------------------
                  0.00    0.00    0.00   clock clk (rise edge)
                          0.00    0.00   clock network delay (ideal)
                          0.00    0.00 v input external delay
                  0.04    0.03    0.03 v b[0] (in)
     2    0.02                           b[0] (net)
                  0.04    0.00    0.03 v _127_/A (sky130_fd_sc_hd__or2_4)
                  0.05    0.27    0.30 v _127_/X (sky130_fd_sc_hd__or2_4)
     2    0.01                           _126_ (net)
                  0.05    0.00    0.30 v _131_/A2 (sky130_fd_sc_hd__a21bo_4)
                  0.05    0.25    0.54 v _131_/X (sky130_fd_sc_hd__a21bo_4)
     2    0.02                           _002_ (net)
                  0.05    0.00    0.54 v _136_/A1 (sky130_fd_sc_hd__a21bo_2)
                  0.06    0.23    0.77 v _136_/X (sky130_fd_sc_hd__a21bo_2)
     2    0.01                           _006_ (net)
                  0.06    0.00    0.77 v _144_/A1 (sky130_fd_sc_hd__a21bo_2)
                  0.06    0.24    1.01 v _144_/X (sky130_fd_sc_hd__a21bo_2)
     2    0.02                           _013_ (net)
                  0.06    0.00    1.01 v _149_/A2 (sky130_fd_sc_hd__a21bo_2)
                  0.06    0.26    1.27 v _149_/X (sky130_fd_sc_hd__a21bo_2)
     2    0.01                           _017_ (net)
                  0.06    0.00    1.27 v _154_/A2 (sky130_fd_sc_hd__a21bo_4)
                  0.05    0.25    1.52 v _154_/X (sky130_fd_sc_hd__a21bo_4)
     2    0.01                           _021_ (net)
                  0.05    0.00    1.52 v _159_/A2 (sky130_fd_sc_hd__a21bo_4)
                  0.05    0.25    1.77 v _159_/X (sky130_fd_sc_hd__a21bo_4)
     2    0.02                           _025_ (net)
                  0.05    0.00    1.77 v _164_/A2 (sky130_fd_sc_hd__a21bo_4)
                  0.05    0.24    2.01 v _164_/X (sky130_fd_sc_hd__a21bo_4)
     2    0.02                           _029_ (net)
                  0.05    0.00    2.01 v _169_/A2 (sky130_fd_sc_hd__a21bo_4)
                  0.06    0.25    2.27 v _169_/X (sky130_fd_sc_hd__a21bo_4)
     2    0.02                           _033_ (net)
                  0.06    0.00    2.27 v _174_/A2 (sky130_fd_sc_hd__a21bo_4)
                  0.05    0.24    2.51 v _174_/X (sky130_fd_sc_hd__a21bo_4)
     2    0.01                           _037_ (net)
                  0.05    0.00    2.51 v _179_/A2 (sky130_fd_sc_hd__a21bo_4)
                  0.05    0.25    2.76 v _179_/X (sky130_fd_sc_hd__a21bo_4)
     2    0.02                           _041_ (net)
                  0.05    0.00    2.76 v _184_/A2 (sky130_fd_sc_hd__a21bo_4)
                  0.05    0.25    3.01 v _184_/X (sky130_fd_sc_hd__a21bo_4)
     2    0.02                           _045_ (net)
                  0.05    0.00    3.01 v _189_/A2 (sky130_fd_sc_hd__a21bo_4)
                  0.05    0.25    3.26 v _189_/X (sky130_fd_sc_hd__a21bo_4)
     2    0.02                           _049_ (net)
                  0.05    0.00    3.26 v _194_/A2 (sky130_fd_sc_hd__a21bo_4)
                  0.05    0.25    3.51 v _194_/X (sky130_fd_sc_hd__a21bo_4)
     2    0.02                           _053_ (net)
                  0.05    0.00    3.51 v _199_/A2 (sky130_fd_sc_hd__a21bo_4)
                  0.05    0.24    3.76 v _199_/X (sky130_fd_sc_hd__a21bo_4)
     2    0.01                           _057_ (net)
                  0.05    0.00    3.76 v _204_/A2 (sky130_fd_sc_hd__a21bo_4)
                  0.05    0.25    4.00 v _204_/X (sky130_fd_sc_hd__a21bo_4)
     2    0.02                           _061_ (net)
                  0.05    0.00    4.00 v _209_/A2 (sky130_fd_sc_hd__a21bo_4)
                  0.06    0.25    4.26 v _209_/X (sky130_fd_sc_hd__a21bo_4)
     2    0.02                           _065_ (net)
                  0.06    0.00    4.26 v _214_/A2 (sky130_fd_sc_hd__a21bo_4)
                  0.05    0.24    4.50 v _214_/X (sky130_fd_sc_hd__a21bo_4)
     2    0.01                           _069_ (net)
                  0.05    0.00    4.50 v _219_/A2 (sky130_fd_sc_hd__a21bo_4)
                  0.05    0.24    4.74 v _219_/X (sky130_fd_sc_hd__a21bo_4)
     2    0.02                           _073_ (net)
                  0.05    0.00    4.74 v _224_/A2 (sky130_fd_sc_hd__a21bo_4)
                  0.05    0.25    4.99 v _224_/X (sky130_fd_sc_hd__a21bo_4)
     2    0.02                           _077_ (net)
                  0.05    0.00    4.99 v _229_/A2 (sky130_fd_sc_hd__a21bo_4)
                  0.05    0.24    5.24 v _229_/X (sky130_fd_sc_hd__a21bo_4)
     2    0.01                           _081_ (net)
                  0.05    0.00    5.24 v _234_/A2 (sky130_fd_sc_hd__a21bo_4)
                  0.05    0.24    5.48 v _234_/X (sky130_fd_sc_hd__a21bo_4)
     2    0.02                           _085_ (net)
                  0.05    0.00    5.48 v _239_/A2 (sky130_fd_sc_hd__a21bo_4)
                  0.06    0.25    5.73 v _239_/X (sky130_fd_sc_hd__a21bo_4)
     2    0.02                           _089_ (net)
                  0.06    0.00    5.73 v _244_/A2 (sky130_fd_sc_hd__a21bo_4)
                  0.05    0.25    5.98 v _244_/X (sky130_fd_sc_hd__a21bo_4)
     2    0.02                           _093_ (net)
                  0.05    0.00    5.98 v _249_/A2 (sky130_fd_sc_hd__a21bo_4)
                  0.06    0.25    6.24 v _249_/X (sky130_fd_sc_hd__a21bo_4)
     2    0.02                           _097_ (net)
                  0.06    0.00    6.24 v _254_/A2 (sky130_fd_sc_hd__a21bo_4)
                  0.05    0.24    6.48 v _254_/X (sky130_fd_sc_hd__a21bo_4)
     2    0.01                           _101_ (net)
                  0.05    0.00    6.48 v _259_/A2 (sky130_fd_sc_hd__a21bo_4)
                  0.05    0.24    6.72 v _259_/X (sky130_fd_sc_hd__a21bo_4)
     2    0.02                           _105_ (net)
                  0.05    0.00    6.72 v _264_/A2 (sky130_fd_sc_hd__a21bo_4)
                  0.05    0.25    6.97 v _264_/X (sky130_fd_sc_hd__a21bo_4)
     2    0.02                           _109_ (net)
                  0.05    0.00    6.97 v _269_/A2 (sky130_fd_sc_hd__a21bo_4)
                  0.04    0.24    7.20 v _269_/X (sky130_fd_sc_hd__a21bo_4)
     2    0.01                           _113_ (net)
                  0.04    0.00    7.20 v _274_/A2 (sky130_fd_sc_hd__a21bo_2)
                  0.07    0.26    7.47 v _274_/X (sky130_fd_sc_hd__a21bo_2)
     2    0.02                           _117_ (net)
                  0.07    0.00    7.47 v _279_/A2 (sky130_fd_sc_hd__a21bo_2)
                  0.07    0.28    7.74 v _279_/X (sky130_fd_sc_hd__a21bo_2)
     2    0.02                           _121_ (net)
                  0.07    0.00    7.74 v _284_/A2 (sky130_fd_sc_hd__a21boi_4)
                  0.17    0.22    7.96 ^ _284_/Y (sky130_fd_sc_hd__a21boi_4)
     2    0.02                           _125_ (net)
                  0.17    0.00    7.96 ^ _285_/B (sky130_fd_sc_hd__xnor2_2)
                  0.55    0.28    8.24 ^ _285_/Y (sky130_fd_sc_hd__xnor2_2)
     1    0.03                           sum[31] (net)
                  0.55    0.00    8.24 ^ sum[31] (out)
                                  8.24   data arrival time

                  0.00    5.50    5.50   clock clk (rise edge)
                          0.00    5.50   clock network delay (ideal)
                         -0.25    5.25   clock uncertainty
                          0.00    5.25   clock reconvergence pessimism
                          0.00    5.25   output external delay
                                  5.25   data required time
-----------------------------------------------------------------------------
                                  5.25   data required time
                                 -8.24   data arrival time
-----------------------------------------------------------------------------
                                 -2.99   slack (VIOLATED)



===========================================================================
report_checks --slack_max -0.01
============================================================================
Startpoint: b[0] (input port clocked by clk)
Endpoint: sum[31] (output port clocked by clk)
Path Group: clk
Path Type: max

Fanout     Cap    Slew   Delay    Time   Description
-----------------------------------------------------------------------------
                  0.00    0.00    0.00   clock clk (rise edge)
                          0.00    0.00   clock network delay (ideal)
                          0.00    0.00 v input external delay
                  0.04    0.03    0.03 v b[0] (in)
     2    0.02                           b[0] (net)
                  0.04    0.00    0.03 v _127_/A (sky130_fd_sc_hd__or2_4)
                  0.05    0.27    0.30 v _127_/X (sky130_fd_sc_hd__or2_4)
     2    0.01                           _126_ (net)
                  0.05    0.00    0.30 v _131_/A2 (sky130_fd_sc_hd__a21bo_4)
                  0.05    0.25    0.54 v _131_/X (sky130_fd_sc_hd__a21bo_4)
     2    0.02                           _002_ (net)
                  0.05    0.00    0.54 v _136_/A1 (sky130_fd_sc_hd__a21bo_2)
                  0.06    0.23    0.77 v _136_/X (sky130_fd_sc_hd__a21bo_2)
     2    0.01                           _006_ (net)
                  0.06    0.00    0.77 v _144_/A1 (sky130_fd_sc_hd__a21bo_2)
                  0.06    0.24    1.01 v _144_/X (sky130_fd_sc_hd__a21bo_2)
     2    0.02                           _013_ (net)
                  0.06    0.00    1.01 v _149_/A2 (sky130_fd_sc_hd__a21bo_2)
                  0.06    0.26    1.27 v _149_/X (sky130_fd_sc_hd__a21bo_2)
     2    0.01                           _017_ (net)
                  0.06    0.00    1.27 v _154_/A2 (sky130_fd_sc_hd__a21bo_4)
                  0.05    0.25    1.52 v _154_/X (sky130_fd_sc_hd__a21bo_4)
     2    0.01                           _021_ (net)
                  0.05    0.00    1.52 v _159_/A2 (sky130_fd_sc_hd__a21bo_4)
                  0.05    0.25    1.77 v _159_/X (sky130_fd_sc_hd__a21bo_4)
     2    0.02                           _025_ (net)
                  0.05    0.00    1.77 v _164_/A2 (sky130_fd_sc_hd__a21bo_4)
                  0.05    0.24    2.01 v _164_/X (sky130_fd_sc_hd__a21bo_4)
     2    0.02                           _029_ (net)
                  0.05    0.00    2.01 v _169_/A2 (sky130_fd_sc_hd__a21bo_4)
                  0.06    0.25    2.27 v _169_/X (sky130_fd_sc_hd__a21bo_4)
     2    0.02                           _033_ (net)
                  0.06    0.00    2.27 v _174_/A2 (sky130_fd_sc_hd__a21bo_4)
                  0.05    0.24    2.51 v _174_/X (sky130_fd_sc_hd__a21bo_4)
     2    0.01                           _037_ (net)
                  0.05    0.00    2.51 v _179_/A2 (sky130_fd_sc_hd__a21bo_4)
                  0.05    0.25    2.76 v _179_/X (sky130_fd_sc_hd__a21bo_4)
     2    0.02                           _041_ (net)
                  0.05    0.00    2.76 v _184_/A2 (sky130_fd_sc_hd__a21bo_4)
                  0.05    0.25    3.01 v _184_/X (sky130_fd_sc_hd__a21bo_4)
     2    0.02                           _045_ (net)
                  0.05    0.00    3.01 v _189_/A2 (sky130_fd_sc_hd__a21bo_4)
                  0.05    0.25    3.26 v _189_/X (sky130_fd_sc_hd__a21bo_4)
     2    0.02                           _049_ (net)
                  0.05    0.00    3.26 v _194_/A2 (sky130_fd_sc_hd__a21bo_4)
                  0.05    0.25    3.51 v _194_/X (sky130_fd_sc_hd__a21bo_4)
     2    0.02                           _053_ (net)
                  0.05    0.00    3.51 v _199_/A2 (sky130_fd_sc_hd__a21bo_4)
                  0.05    0.24    3.76 v _199_/X (sky130_fd_sc_hd__a21bo_4)
     2    0.01                           _057_ (net)
                  0.05    0.00    3.76 v _204_/A2 (sky130_fd_sc_hd__a21bo_4)
                  0.05    0.25    4.00 v _204_/X (sky130_fd_sc_hd__a21bo_4)
     2    0.02                           _061_ (net)
                  0.05    0.00    4.00 v _209_/A2 (sky130_fd_sc_hd__a21bo_4)
                  0.06    0.25    4.26 v _209_/X (sky130_fd_sc_hd__a21bo_4)
     2    0.02                           _065_ (net)
                  0.06    0.00    4.26 v _214_/A2 (sky130_fd_sc_hd__a21bo_4)
                  0.05    0.24    4.50 v _214_/X (sky130_fd_sc_hd__a21bo_4)
     2    0.01                           _069_ (net)
                  0.05    0.00    4.50 v _219_/A2 (sky130_fd_sc_hd__a21bo_4)
                  0.05    0.24    4.74 v _219_/X (sky130_fd_sc_hd__a21bo_4)
     2    0.02                           _073_ (net)
                  0.05    0.00    4.74 v _224_/A2 (sky130_fd_sc_hd__a21bo_4)
                  0.05    0.25    4.99 v _224_/X (sky130_fd_sc_hd__a21bo_4)
     2    0.02                           _077_ (net)
                  0.05    0.00    4.99 v _229_/A2 (sky130_fd_sc_hd__a21bo_4)
                  0.05    0.24    5.24 v _229_/X (sky130_fd_sc_hd__a21bo_4)
     2    0.01                           _081_ (net)
                  0.05    0.00    5.24 v _234_/A2 (sky130_fd_sc_hd__a21bo_4)
                  0.05    0.24    5.48 v _234_/X (sky130_fd_sc_hd__a21bo_4)
     2    0.02                           _085_ (net)
                  0.05    0.00    5.48 v _239_/A2 (sky130_fd_sc_hd__a21bo_4)
                  0.06    0.25    5.73 v _239_/X (sky130_fd_sc_hd__a21bo_4)
     2    0.02                           _089_ (net)
                  0.06    0.00    5.73 v _244_/A2 (sky130_fd_sc_hd__a21bo_4)
                  0.05    0.25    5.98 v _244_/X (sky130_fd_sc_hd__a21bo_4)
     2    0.02                           _093_ (net)
                  0.05    0.00    5.98 v _249_/A2 (sky130_fd_sc_hd__a21bo_4)
                  0.06    0.25    6.24 v _249_/X (sky130_fd_sc_hd__a21bo_4)
     2    0.02                           _097_ (net)
                  0.06    0.00    6.24 v _254_/A2 (sky130_fd_sc_hd__a21bo_4)
                  0.05    0.24    6.48 v _254_/X (sky130_fd_sc_hd__a21bo_4)
     2    0.01                           _101_ (net)
                  0.05    0.00    6.48 v _259_/A2 (sky130_fd_sc_hd__a21bo_4)
                  0.05    0.24    6.72 v _259_/X (sky130_fd_sc_hd__a21bo_4)
     2    0.02                           _105_ (net)
                  0.05    0.00    6.72 v _264_/A2 (sky130_fd_sc_hd__a21bo_4)
                  0.05    0.25    6.97 v _264_/X (sky130_fd_sc_hd__a21bo_4)
     2    0.02                           _109_ (net)
                  0.05    0.00    6.97 v _269_/A2 (sky130_fd_sc_hd__a21bo_4)
                  0.04    0.24    7.20 v _269_/X (sky130_fd_sc_hd__a21bo_4)
     2    0.01                           _113_ (net)
                  0.04    0.00    7.20 v _274_/A2 (sky130_fd_sc_hd__a21bo_2)
                  0.07    0.26    7.47 v _274_/X (sky130_fd_sc_hd__a21bo_2)
     2    0.02                           _117_ (net)
                  0.07    0.00    7.47 v _279_/A2 (sky130_fd_sc_hd__a21bo_2)
                  0.07    0.28    7.74 v _279_/X (sky130_fd_sc_hd__a21bo_2)
     2    0.02                           _121_ (net)
                  0.07    0.00    7.74 v _284_/A2 (sky130_fd_sc_hd__a21boi_4)
                  0.17    0.22    7.96 ^ _284_/Y (sky130_fd_sc_hd__a21boi_4)
     2    0.02                           _125_ (net)
                  0.17    0.00    7.96 ^ _285_/B (sky130_fd_sc_hd__xnor2_2)
                  0.55    0.28    8.24 ^ _285_/Y (sky130_fd_sc_hd__xnor2_2)
     1    0.03                           sum[31] (net)
                  0.55    0.00    8.24 ^ sum[31] (out)
                                  8.24   data arrival time

                  0.00    5.50    5.50   clock clk (rise edge)
                          0.00    5.50   clock network delay (ideal)
                         -0.25    5.25   clock uncertainty
                          0.00    5.25   clock reconvergence pessimism
                          0.00    5.25   output external delay
                                  5.25   data required time
-----------------------------------------------------------------------------
                                  5.25   data required time
                                 -8.24   data arrival time
-----------------------------------------------------------------------------
                                 -2.99   slack (VIOLATED)


