
===========================================================================
report_checks -unconstrained
============================================================================
Startpoint: a[0] (input port clocked by clk)
Endpoint: sum[9] (output port clocked by clk)
Path Group: clk
Path Type: max

Fanout     Cap    Slew   Delay    Time   Description
-----------------------------------------------------------------------------
                  0.00    0.00    0.00   clock clk (rise edge)
                          0.00    0.00   clock network delay (ideal)
                          0.00    0.00 ^ input external delay
                  0.03    0.02    0.02 ^ a[0] (in)
     1    0.00                           a[0] (net)
                  0.03    0.00    0.02 ^ input1/A (sky130_fd_sc_hd__clkbuf_1)
                  0.11    0.13    0.14 ^ input1/X (sky130_fd_sc_hd__clkbuf_1)
     2    0.01                           net1 (net)
                  0.11    0.00    0.14 ^ ppa_pre_1_0.U1.xor2/A (sky130_fd_sc_hd__xor2_1)
                  0.24    0.25    0.40 ^ ppa_pre_1_0.U1.xor2/X (sky130_fd_sc_hd__xor2_1)
     3    0.01                           ppa_black_2_1.U1.B (net)
                  0.24    0.00    0.40 ^ ppa_grey_1_1.U1.ao21/A2 (sky130_fd_sc_hd__a21o_1)
                  0.09    0.20    0.60 ^ ppa_grey_1_1.U1.ao21/X (sky130_fd_sc_hd__a21o_1)
     2    0.01                           ppa_buffer_1_2.U2.A (net)
                  0.09    0.00    0.60 ^ ppa_buffer_1_2.U2.buffer/A (sky130_fd_sc_hd__clkbuf_1)
                  0.12    0.15    0.75 ^ ppa_buffer_1_2.U2.buffer/X (sky130_fd_sc_hd__clkbuf_1)
     2    0.01                           ppa_buffer_1_2.U2.Y (net)
                  0.12    0.00    0.75 ^ ppa_buffer_1_3.U2.buffer/A (sky130_fd_sc_hd__clkbuf_1)
                  0.15    0.18    0.93 ^ ppa_buffer_1_3.U2.buffer/X (sky130_fd_sc_hd__clkbuf_1)
     2    0.01                           ppa_buffer_1_3.U2.Y (net)
                  0.15    0.00    0.93 ^ ppa_grey_9_4.U1.ao21/A1 (sky130_fd_sc_hd__a21o_1)
                  0.06    0.16    1.09 ^ ppa_grey_9_4.U1.ao21/X (sky130_fd_sc_hd__a21o_1)
     1    0.01                           ppa_grey_9_4.U1.Y (net)
                  0.06    0.00    1.09 ^ ppa_post_9_5.U1.xor2/B (sky130_fd_sc_hd__xor2_1)
                  0.14    0.17    1.26 ^ ppa_post_9_5.U1.xor2/X (sky130_fd_sc_hd__xor2_1)
     1    0.00                           ppa_post_9_5.U1.Y (net)
                  0.14    0.00    1.26 ^ _09_/A (sky130_fd_sc_hd__clkbuf_1)
                  0.04    0.11    1.36 ^ _09_/X (sky130_fd_sc_hd__clkbuf_1)
     1    0.00                           net50 (net)
                  0.04    0.00    1.36 ^ output50/A (sky130_fd_sc_hd__clkbuf_4)
                  0.12    0.20    1.56 ^ output50/X (sky130_fd_sc_hd__clkbuf_4)
     1    0.03                           sum[9] (net)
                  0.12    0.00    1.56 ^ sum[9] (out)
                                  1.56   data arrival time

                  0.00    1.00    1.00   clock clk (rise edge)
                          0.00    1.00   clock network delay (ideal)
                         -0.25    0.75   clock uncertainty
                          0.00    0.75   clock reconvergence pessimism
                          0.00    0.75   output external delay
                                  0.75   data required time
-----------------------------------------------------------------------------
                                  0.75   data required time
                                 -1.56   data arrival time
-----------------------------------------------------------------------------
                                 -0.81   slack (VIOLATED)



===========================================================================
report_checks --slack_max -0.01
============================================================================
Startpoint: a[0] (input port clocked by clk)
Endpoint: sum[9] (output port clocked by clk)
Path Group: clk
Path Type: max

Fanout     Cap    Slew   Delay    Time   Description
-----------------------------------------------------------------------------
                  0.00    0.00    0.00   clock clk (rise edge)
                          0.00    0.00   clock network delay (ideal)
                          0.00    0.00 ^ input external delay
                  0.03    0.02    0.02 ^ a[0] (in)
     1    0.00                           a[0] (net)
                  0.03    0.00    0.02 ^ input1/A (sky130_fd_sc_hd__clkbuf_1)
                  0.11    0.13    0.14 ^ input1/X (sky130_fd_sc_hd__clkbuf_1)
     2    0.01                           net1 (net)
                  0.11    0.00    0.14 ^ ppa_pre_1_0.U1.xor2/A (sky130_fd_sc_hd__xor2_1)
                  0.24    0.25    0.40 ^ ppa_pre_1_0.U1.xor2/X (sky130_fd_sc_hd__xor2_1)
     3    0.01                           ppa_black_2_1.U1.B (net)
                  0.24    0.00    0.40 ^ ppa_grey_1_1.U1.ao21/A2 (sky130_fd_sc_hd__a21o_1)
                  0.09    0.20    0.60 ^ ppa_grey_1_1.U1.ao21/X (sky130_fd_sc_hd__a21o_1)
     2    0.01                           ppa_buffer_1_2.U2.A (net)
                  0.09    0.00    0.60 ^ ppa_buffer_1_2.U2.buffer/A (sky130_fd_sc_hd__clkbuf_1)
                  0.12    0.15    0.75 ^ ppa_buffer_1_2.U2.buffer/X (sky130_fd_sc_hd__clkbuf_1)
     2    0.01                           ppa_buffer_1_2.U2.Y (net)
                  0.12    0.00    0.75 ^ ppa_buffer_1_3.U2.buffer/A (sky130_fd_sc_hd__clkbuf_1)
                  0.15    0.18    0.93 ^ ppa_buffer_1_3.U2.buffer/X (sky130_fd_sc_hd__clkbuf_1)
     2    0.01                           ppa_buffer_1_3.U2.Y (net)
                  0.15    0.00    0.93 ^ ppa_grey_9_4.U1.ao21/A1 (sky130_fd_sc_hd__a21o_1)
                  0.06    0.16    1.09 ^ ppa_grey_9_4.U1.ao21/X (sky130_fd_sc_hd__a21o_1)
     1    0.01                           ppa_grey_9_4.U1.Y (net)
                  0.06    0.00    1.09 ^ ppa_post_9_5.U1.xor2/B (sky130_fd_sc_hd__xor2_1)
                  0.14    0.17    1.26 ^ ppa_post_9_5.U1.xor2/X (sky130_fd_sc_hd__xor2_1)
     1    0.00                           ppa_post_9_5.U1.Y (net)
                  0.14    0.00    1.26 ^ _09_/A (sky130_fd_sc_hd__clkbuf_1)
                  0.04    0.11    1.36 ^ _09_/X (sky130_fd_sc_hd__clkbuf_1)
     1    0.00                           net50 (net)
                  0.04    0.00    1.36 ^ output50/A (sky130_fd_sc_hd__clkbuf_4)
                  0.12    0.20    1.56 ^ output50/X (sky130_fd_sc_hd__clkbuf_4)
     1    0.03                           sum[9] (net)
                  0.12    0.00    1.56 ^ sum[9] (out)
                                  1.56   data arrival time

                  0.00    1.00    1.00   clock clk (rise edge)
                          0.00    1.00   clock network delay (ideal)
                         -0.25    0.75   clock uncertainty
                          0.00    0.75   clock reconvergence pessimism
                          0.00    0.75   output external delay
                                  0.75   data required time
-----------------------------------------------------------------------------
                                  0.75   data required time
                                 -1.56   data arrival time
-----------------------------------------------------------------------------
                                 -0.81   slack (VIOLATED)


