
===========================================================================
report_checks -path_delay max (Setup)
============================================================================
Startpoint: b[6] (input port clocked by clk)
Endpoint: sum[28] (output port clocked by clk)
Path Group: clk
Path Type: max

Fanout     Cap    Slew   Delay    Time   Description
-----------------------------------------------------------------------------
                  0.00    0.00    0.00   clock clk (rise edge)
                          0.00    0.00   clock network delay (ideal)
                          0.00    0.00 ^ input external delay
                  0.06    0.04    0.04 ^ b[6] (in)
     1    0.01                           b[6] (net)
                  0.06    0.00    0.04 ^ input61/A (sky130_fd_sc_hd__clkbuf_1)
                  0.15    0.17    0.22 ^ input61/X (sky130_fd_sc_hd__clkbuf_1)
     2    0.01                           net61 (net)
                  0.15    0.00    0.22 ^ ppa_pre_7_0.U1.xor2/B (sky130_fd_sc_hd__xor2_1)
                  0.27    0.29    0.51 ^ ppa_pre_7_0.U1.xor2/X (sky130_fd_sc_hd__xor2_1)
     3    0.01                           ppa_black_7_1.U1.A (net)
                  0.27    0.00    0.51 ^ ppa_black_7_1.U1.and2/A (sky130_fd_sc_hd__and2_1)
                  0.15    0.26    0.77 ^ ppa_black_7_1.U1.and2/X (sky130_fd_sc_hd__and2_1)
     2    0.01                           ppa_black_7_1.U1.Y (net)
                  0.15    0.00    0.77 ^ ppa_black_7_2.U1.and2/A (sky130_fd_sc_hd__and2_1)
                  0.11    0.20    0.97 ^ ppa_black_7_2.U1.and2/X (sky130_fd_sc_hd__and2_1)
     1    0.01                           ppa_black_7_2.U1.Y (net)
                  0.11    0.00    0.97 ^ ppa_grey_7_3.U1.ao21/A2 (sky130_fd_sc_hd__a21o_1)
                  0.08    0.16    1.13 ^ ppa_grey_7_3.U1.ao21/X (sky130_fd_sc_hd__a21o_1)
     2    0.01                           ppa_buffer_7_5.U2.A (net)
                  0.08    0.00    1.13 ^ ppa_grey_15_4.U1.ao21/A1 (sky130_fd_sc_hd__a21o_1)
                  0.06    0.14    1.27 ^ ppa_grey_15_4.U1.ao21/X (sky130_fd_sc_hd__a21o_1)
     2    0.01                           ppa_buffer_15_5.U2.A (net)
                  0.06    0.00    1.27 ^ ppa_buffer_15_5.U2.buffer/A (sky130_fd_sc_hd__clkbuf_1)
                  0.09    0.12    1.39 ^ ppa_buffer_15_5.U2.buffer/X (sky130_fd_sc_hd__clkbuf_1)
     2    0.01                           ppa_buffer_15_5.U2.Y (net)
                  0.09    0.00    1.39 ^ ppa_grey_23_6.U1.ao21/A1 (sky130_fd_sc_hd__a21o_1)
                  0.10    0.17    1.56 ^ ppa_grey_23_6.U1.ao21/X (sky130_fd_sc_hd__a21o_1)
     2    0.01                           ppa_buffer_23_7.U2.A (net)
                  0.10    0.00    1.56 ^ ppa_grey_27_7.U1.ao21/A1 (sky130_fd_sc_hd__a21o_1)
                  0.16    0.22    1.78 ^ ppa_grey_27_7.U1.ao21/X (sky130_fd_sc_hd__a21o_1)
     2    0.02                           ppa_buffer_27_8.U2.A (net)
                  0.16    0.00    1.78 ^ ppa_buffer_27_8.U2.buffer/A (sky130_fd_sc_hd__clkbuf_1)
                  0.21    0.24    2.02 ^ ppa_buffer_27_8.U2.buffer/X (sky130_fd_sc_hd__clkbuf_1)
     2    0.02                           ppa_buffer_27_8.U2.Y (net)
                  0.21    0.00    2.02 ^ ppa_grey_28_9.U1.ao21/A1 (sky130_fd_sc_hd__a21o_1)
                  0.06    0.16    2.18 ^ ppa_grey_28_9.U1.ao21/X (sky130_fd_sc_hd__a21o_1)
     1    0.01                           ppa_grey_28_9.U1.Y (net)
                  0.06    0.00    2.18 ^ ppa_post_28_10.U1.xor2/B (sky130_fd_sc_hd__xor2_1)
                  0.23    0.24    2.42 ^ ppa_post_28_10.U1.xor2/X (sky130_fd_sc_hd__xor2_1)
     1    0.01                           ppa_post_28_10.U1.Y (net)
                  0.23    0.00    2.42 ^ _05_/A (sky130_fd_sc_hd__clkbuf_1)
                  0.04    0.12    2.55 ^ _05_/X (sky130_fd_sc_hd__clkbuf_1)
     1    0.00                           net87 (net)
                  0.04    0.00    2.55 ^ output87/A (sky130_fd_sc_hd__clkbuf_4)
                  0.11    0.19    2.74 ^ output87/X (sky130_fd_sc_hd__clkbuf_4)
     1    0.03                           sum[28] (net)
                  0.11    0.00    2.74 ^ sum[28] (out)
                                  2.74   data arrival time

                  0.00    1.00    1.00   clock clk (rise edge)
                          0.00    1.00   clock network delay (ideal)
                         -0.25    0.75   clock uncertainty
                          0.00    0.75   clock reconvergence pessimism
                          0.00    0.75   output external delay
                                  0.75   data required time
-----------------------------------------------------------------------------
                                  0.75   data required time
                                 -2.74   data arrival time
-----------------------------------------------------------------------------
                                 -1.99   slack (VIOLATED)


Startpoint: b[6] (input port clocked by clk)
Endpoint: sum[12] (output port clocked by clk)
Path Group: clk
Path Type: max

Fanout     Cap    Slew   Delay    Time   Description
-----------------------------------------------------------------------------
                  0.00    0.00    0.00   clock clk (rise edge)
                          0.00    0.00   clock network delay (ideal)
                          0.00    0.00 ^ input external delay
                  0.06    0.04    0.04 ^ b[6] (in)
     1    0.01                           b[6] (net)
                  0.06    0.00    0.04 ^ input61/A (sky130_fd_sc_hd__clkbuf_1)
                  0.15    0.17    0.22 ^ input61/X (sky130_fd_sc_hd__clkbuf_1)
     2    0.01                           net61 (net)
                  0.15    0.00    0.22 ^ ppa_pre_7_0.U1.xor2/B (sky130_fd_sc_hd__xor2_1)
                  0.27    0.29    0.51 ^ ppa_pre_7_0.U1.xor2/X (sky130_fd_sc_hd__xor2_1)
     3    0.01                           ppa_black_7_1.U1.A (net)
                  0.27    0.00    0.51 ^ ppa_black_7_1.U1.and2/A (sky130_fd_sc_hd__and2_1)
                  0.15    0.26    0.77 ^ ppa_black_7_1.U1.and2/X (sky130_fd_sc_hd__and2_1)
     2    0.01                           ppa_black_7_1.U1.Y (net)
                  0.15    0.00    0.77 ^ ppa_black_7_2.U1.and2/A (sky130_fd_sc_hd__and2_1)
                  0.11    0.20    0.97 ^ ppa_black_7_2.U1.and2/X (sky130_fd_sc_hd__and2_1)
     1    0.01                           ppa_black_7_2.U1.Y (net)
                  0.11    0.00    0.97 ^ ppa_grey_7_3.U1.ao21/A2 (sky130_fd_sc_hd__a21o_1)
                  0.08    0.16    1.13 ^ ppa_grey_7_3.U1.ao21/X (sky130_fd_sc_hd__a21o_1)
     2    0.01                           ppa_buffer_7_5.U2.A (net)
                  0.08    0.00    1.13 ^ rebuffer3/A (sky130_fd_sc_hd__dlygate4sd1_1)
                  0.07    0.24    1.37 ^ rebuffer3/X (sky130_fd_sc_hd__dlygate4sd1_1)
     1    0.01                           net101 (net)
                  0.07    0.00    1.37 ^ ppa_buffer_7_5.U2.buffer/A (sky130_fd_sc_hd__clkbuf_1)
                  0.14    0.16    1.53 ^ ppa_buffer_7_5.U2.buffer/X (sky130_fd_sc_hd__clkbuf_1)
     2    0.01                           ppa_buffer_7_5.U2.Y (net)
                  0.14    0.00    1.53 ^ ppa_grey_11_6.U1.ao21/A1 (sky130_fd_sc_hd__a21o_1)
                  0.11    0.19    1.72 ^ ppa_grey_11_6.U1.ao21/X (sky130_fd_sc_hd__a21o_1)
     2    0.01                           ppa_buffer_11_7.U2.A (net)
                  0.11    0.00    1.72 ^ ppa_buffer_11_7.U2.buffer/A (sky130_fd_sc_hd__clkbuf_1)
                  0.15    0.18    1.90 ^ ppa_buffer_11_7.U2.buffer/X (sky130_fd_sc_hd__clkbuf_1)
     2    0.01                           ppa_buffer_11_7.U2.Y (net)
                  0.15    0.00    1.90 ^ ppa_grey_12_8.U1.ao21/A1 (sky130_fd_sc_hd__a21o_1)
                  0.06    0.16    2.06 ^ ppa_grey_12_8.U1.ao21/X (sky130_fd_sc_hd__a21o_1)
     1    0.01                           ppa_grey_12_8.U1.Y (net)
                  0.06    0.00    2.06 ^ ppa_post_12_10.U1.xor2/B (sky130_fd_sc_hd__xor2_1)
                  0.11    0.15    2.21 ^ ppa_post_12_10.U1.xor2/X (sky130_fd_sc_hd__xor2_1)
     1    0.00                           ppa_post_12_10.U1.Y (net)
                  0.11    0.00    2.21 ^ _21_/A (sky130_fd_sc_hd__clkbuf_1)
                  0.12    0.16    2.37 ^ _21_/X (sky130_fd_sc_hd__clkbuf_1)
     1    0.01                           net70 (net)
                  0.12    0.00    2.37 ^ output70/A (sky130_fd_sc_hd__buf_2)
                  0.17    0.24    2.61 ^ output70/X (sky130_fd_sc_hd__buf_2)
     1    0.03                           sum[12] (net)
                  0.17    0.00    2.61 ^ sum[12] (out)
                                  2.61   data arrival time

                  0.00    1.00    1.00   clock clk (rise edge)
                          0.00    1.00   clock network delay (ideal)
                         -0.25    0.75   clock uncertainty
                          0.00    0.75   clock reconvergence pessimism
                          0.00    0.75   output external delay
                                  0.75   data required time
-----------------------------------------------------------------------------
                                  0.75   data required time
                                 -2.61   data arrival time
-----------------------------------------------------------------------------
                                 -1.86   slack (VIOLATED)


Startpoint: b[6] (input port clocked by clk)
Endpoint: sum[27] (output port clocked by clk)
Path Group: clk
Path Type: max

Fanout     Cap    Slew   Delay    Time   Description
-----------------------------------------------------------------------------
                  0.00    0.00    0.00   clock clk (rise edge)
                          0.00    0.00   clock network delay (ideal)
                          0.00    0.00 ^ input external delay
                  0.06    0.04    0.04 ^ b[6] (in)
     1    0.01                           b[6] (net)
                  0.06    0.00    0.04 ^ input61/A (sky130_fd_sc_hd__clkbuf_1)
                  0.15    0.17    0.22 ^ input61/X (sky130_fd_sc_hd__clkbuf_1)
     2    0.01                           net61 (net)
                  0.15    0.00    0.22 ^ ppa_pre_7_0.U1.xor2/B (sky130_fd_sc_hd__xor2_1)
                  0.27    0.29    0.51 ^ ppa_pre_7_0.U1.xor2/X (sky130_fd_sc_hd__xor2_1)
     3    0.01                           ppa_black_7_1.U1.A (net)
                  0.27    0.00    0.51 ^ ppa_black_7_1.U1.and2/A (sky130_fd_sc_hd__and2_1)
                  0.15    0.26    0.77 ^ ppa_black_7_1.U1.and2/X (sky130_fd_sc_hd__and2_1)
     2    0.01                           ppa_black_7_1.U1.Y (net)
                  0.15    0.00    0.77 ^ ppa_black_7_2.U1.and2/A (sky130_fd_sc_hd__and2_1)
                  0.11    0.20    0.97 ^ ppa_black_7_2.U1.and2/X (sky130_fd_sc_hd__and2_1)
     1    0.01                           ppa_black_7_2.U1.Y (net)
                  0.11    0.00    0.97 ^ ppa_grey_7_3.U1.ao21/A2 (sky130_fd_sc_hd__a21o_1)
                  0.08    0.16    1.13 ^ ppa_grey_7_3.U1.ao21/X (sky130_fd_sc_hd__a21o_1)
     2    0.01                           ppa_buffer_7_5.U2.A (net)
                  0.08    0.00    1.13 ^ ppa_grey_15_4.U1.ao21/A1 (sky130_fd_sc_hd__a21o_1)
                  0.06    0.14    1.27 ^ ppa_grey_15_4.U1.ao21/X (sky130_fd_sc_hd__a21o_1)
     2    0.01                           ppa_buffer_15_5.U2.A (net)
                  0.06    0.00    1.27 ^ ppa_buffer_15_5.U2.buffer/A (sky130_fd_sc_hd__clkbuf_1)
                  0.09    0.12    1.39 ^ ppa_buffer_15_5.U2.buffer/X (sky130_fd_sc_hd__clkbuf_1)
     2    0.01                           ppa_buffer_15_5.U2.Y (net)
                  0.09    0.00    1.39 ^ ppa_grey_23_6.U1.ao21/A1 (sky130_fd_sc_hd__a21o_1)
                  0.10    0.17    1.56 ^ ppa_grey_23_6.U1.ao21/X (sky130_fd_sc_hd__a21o_1)
     2    0.01                           ppa_buffer_23_7.U2.A (net)
                  0.10    0.00    1.56 ^ ppa_grey_27_7.U1.ao21/A1 (sky130_fd_sc_hd__a21o_1)
                  0.16    0.22    1.78 ^ ppa_grey_27_7.U1.ao21/X (sky130_fd_sc_hd__a21o_1)
     2    0.02                           ppa_buffer_27_8.U2.A (net)
                  0.16    0.00    1.78 ^ ppa_buffer_27_8.U2.buffer/A (sky130_fd_sc_hd__clkbuf_1)
                  0.21    0.24    2.02 ^ ppa_buffer_27_8.U2.buffer/X (sky130_fd_sc_hd__clkbuf_1)
     2    0.02                           ppa_buffer_27_8.U2.Y (net)
                  0.21    0.00    2.02 ^ ppa_post_27_10.U1.xor2/B (sky130_fd_sc_hd__xor2_1)
                  0.14    0.19    2.21 ^ ppa_post_27_10.U1.xor2/X (sky130_fd_sc_hd__xor2_1)
     1    0.00                           ppa_post_27_10.U1.Y (net)
                  0.14    0.00    2.21 ^ _04_/A (sky130_fd_sc_hd__clkbuf_1)
                  0.09    0.15    2.36 ^ _04_/X (sky130_fd_sc_hd__clkbuf_1)
     1    0.01                           net86 (net)
                  0.09    0.00    2.36 ^ output86/A (sky130_fd_sc_hd__buf_2)
                  0.18    0.23    2.60 ^ output86/X (sky130_fd_sc_hd__buf_2)
     1    0.03                           sum[27] (net)
                  0.18    0.00    2.60 ^ sum[27] (out)
                                  2.60   data arrival time

                  0.00    1.00    1.00   clock clk (rise edge)
                          0.00    1.00   clock network delay (ideal)
                         -0.25    0.75   clock uncertainty
                          0.00    0.75   clock reconvergence pessimism
                          0.00    0.75   output external delay
                                  0.75   data required time
-----------------------------------------------------------------------------
                                  0.75   data required time
                                 -2.60   data arrival time
-----------------------------------------------------------------------------
                                 -1.85   slack (VIOLATED)


Startpoint: b[6] (input port clocked by clk)
Endpoint: sum[14] (output port clocked by clk)
Path Group: clk
Path Type: max

Fanout     Cap    Slew   Delay    Time   Description
-----------------------------------------------------------------------------
                  0.00    0.00    0.00   clock clk (rise edge)
                          0.00    0.00   clock network delay (ideal)
                          0.00    0.00 ^ input external delay
                  0.06    0.04    0.04 ^ b[6] (in)
     1    0.01                           b[6] (net)
                  0.06    0.00    0.04 ^ input61/A (sky130_fd_sc_hd__clkbuf_1)
                  0.15    0.17    0.22 ^ input61/X (sky130_fd_sc_hd__clkbuf_1)
     2    0.01                           net61 (net)
                  0.15    0.00    0.22 ^ ppa_pre_7_0.U1.xor2/B (sky130_fd_sc_hd__xor2_1)
                  0.27    0.29    0.51 ^ ppa_pre_7_0.U1.xor2/X (sky130_fd_sc_hd__xor2_1)
     3    0.01                           ppa_black_7_1.U1.A (net)
                  0.27    0.00    0.51 ^ ppa_black_7_1.U1.and2/A (sky130_fd_sc_hd__and2_1)
                  0.15    0.26    0.77 ^ ppa_black_7_1.U1.and2/X (sky130_fd_sc_hd__and2_1)
     2    0.01                           ppa_black_7_1.U1.Y (net)
                  0.15    0.00    0.77 ^ ppa_black_7_2.U1.and2/A (sky130_fd_sc_hd__and2_1)
                  0.11    0.20    0.97 ^ ppa_black_7_2.U1.and2/X (sky130_fd_sc_hd__and2_1)
     1    0.01                           ppa_black_7_2.U1.Y (net)
                  0.11    0.00    0.97 ^ ppa_grey_7_3.U1.ao21/A2 (sky130_fd_sc_hd__a21o_1)
                  0.08    0.16    1.13 ^ ppa_grey_7_3.U1.ao21/X (sky130_fd_sc_hd__a21o_1)
     2    0.01                           ppa_buffer_7_5.U2.A (net)
                  0.08    0.00    1.13 ^ rebuffer3/A (sky130_fd_sc_hd__dlygate4sd1_1)
                  0.07    0.24    1.37 ^ rebuffer3/X (sky130_fd_sc_hd__dlygate4sd1_1)
     1    0.01                           net101 (net)
                  0.07    0.00    1.37 ^ ppa_buffer_7_5.U2.buffer/A (sky130_fd_sc_hd__clkbuf_1)
                  0.14    0.16    1.53 ^ ppa_buffer_7_5.U2.buffer/X (sky130_fd_sc_hd__clkbuf_1)
     2    0.01                           ppa_buffer_7_5.U2.Y (net)
                  0.14    0.00    1.53 ^ ppa_grey_11_6.U1.ao21/A1 (sky130_fd_sc_hd__a21o_1)
                  0.11    0.19    1.72 ^ ppa_grey_11_6.U1.ao21/X (sky130_fd_sc_hd__a21o_1)
     2    0.01                           ppa_buffer_11_7.U2.A (net)
                  0.11    0.00    1.72 ^ ppa_grey_13_7.U1.ao21/A1 (sky130_fd_sc_hd__a21o_1)
                  0.08    0.16    1.88 ^ ppa_grey_13_7.U1.ao21/X (sky130_fd_sc_hd__a21o_1)
     2    0.01                           ppa_grey_13_7.U1.Y (net)
                  0.08    0.00    1.88 ^ ppa_grey_14_8.U1.ao21/A1 (sky130_fd_sc_hd__a21o_1)
                  0.05    0.13    2.01 ^ ppa_grey_14_8.U1.ao21/X (sky130_fd_sc_hd__a21o_1)
     1    0.00                           ppa_grey_14_8.U1.Y (net)
                  0.05    0.00    2.01 ^ ppa_post_14_10.U1.xor2/B (sky130_fd_sc_hd__xor2_1)
                  0.15    0.17    2.18 ^ ppa_post_14_10.U1.xor2/X (sky130_fd_sc_hd__xor2_1)
     1    0.00                           ppa_post_14_10.U1.Y (net)
                  0.15    0.00    2.18 ^ _23_/A (sky130_fd_sc_hd__clkbuf_1)
                  0.13    0.17    2.35 ^ _23_/X (sky130_fd_sc_hd__clkbuf_1)
     1    0.01                           net72 (net)
                  0.13    0.00    2.35 ^ output72/A (sky130_fd_sc_hd__buf_2)
                  0.17    0.24    2.59 ^ output72/X (sky130_fd_sc_hd__buf_2)
     1    0.03                           sum[14] (net)
                  0.17    0.00    2.59 ^ sum[14] (out)
                                  2.59   data arrival time

                  0.00    1.00    1.00   clock clk (rise edge)
                          0.00    1.00   clock network delay (ideal)
                         -0.25    0.75   clock uncertainty
                          0.00    0.75   clock reconvergence pessimism
                          0.00    0.75   output external delay
                                  0.75   data required time
-----------------------------------------------------------------------------
                                  0.75   data required time
                                 -2.59   data arrival time
-----------------------------------------------------------------------------
                                 -1.84   slack (VIOLATED)


Startpoint: b[6] (input port clocked by clk)
Endpoint: sum[29] (output port clocked by clk)
Path Group: clk
Path Type: max

Fanout     Cap    Slew   Delay    Time   Description
-----------------------------------------------------------------------------
                  0.00    0.00    0.00   clock clk (rise edge)
                          0.00    0.00   clock network delay (ideal)
                          0.00    0.00 ^ input external delay
                  0.06    0.04    0.04 ^ b[6] (in)
     1    0.01                           b[6] (net)
                  0.06    0.00    0.04 ^ input61/A (sky130_fd_sc_hd__clkbuf_1)
                  0.15    0.17    0.22 ^ input61/X (sky130_fd_sc_hd__clkbuf_1)
     2    0.01                           net61 (net)
                  0.15    0.00    0.22 ^ ppa_pre_7_0.U1.xor2/B (sky130_fd_sc_hd__xor2_1)
                  0.27    0.29    0.51 ^ ppa_pre_7_0.U1.xor2/X (sky130_fd_sc_hd__xor2_1)
     3    0.01                           ppa_black_7_1.U1.A (net)
                  0.27    0.00    0.51 ^ ppa_black_7_1.U1.and2/A (sky130_fd_sc_hd__and2_1)
                  0.15    0.26    0.77 ^ ppa_black_7_1.U1.and2/X (sky130_fd_sc_hd__and2_1)
     2    0.01                           ppa_black_7_1.U1.Y (net)
                  0.15    0.00    0.77 ^ ppa_black_7_2.U1.and2/A (sky130_fd_sc_hd__and2_1)
                  0.11    0.20    0.97 ^ ppa_black_7_2.U1.and2/X (sky130_fd_sc_hd__and2_1)
     1    0.01                           ppa_black_7_2.U1.Y (net)
                  0.11    0.00    0.97 ^ ppa_grey_7_3.U1.ao21/A2 (sky130_fd_sc_hd__a21o_1)
                  0.08    0.16    1.13 ^ ppa_grey_7_3.U1.ao21/X (sky130_fd_sc_hd__a21o_1)
     2    0.01                           ppa_buffer_7_5.U2.A (net)
                  0.08    0.00    1.13 ^ ppa_grey_15_4.U1.ao21/A1 (sky130_fd_sc_hd__a21o_1)
                  0.06    0.14    1.27 ^ ppa_grey_15_4.U1.ao21/X (sky130_fd_sc_hd__a21o_1)
     2    0.01                           ppa_buffer_15_5.U2.A (net)
                  0.06    0.00    1.27 ^ ppa_buffer_15_5.U2.buffer/A (sky130_fd_sc_hd__clkbuf_1)
                  0.09    0.12    1.39 ^ ppa_buffer_15_5.U2.buffer/X (sky130_fd_sc_hd__clkbuf_1)
     2    0.01                           ppa_buffer_15_5.U2.Y (net)
                  0.09    0.00    1.39 ^ ppa_grey_23_6.U1.ao21/A1 (sky130_fd_sc_hd__a21o_1)
                  0.10    0.17    1.56 ^ ppa_grey_23_6.U1.ao21/X (sky130_fd_sc_hd__a21o_1)
     2    0.01                           ppa_buffer_23_7.U2.A (net)
                  0.10    0.00    1.56 ^ ppa_grey_27_7.U1.ao21/A1 (sky130_fd_sc_hd__a21o_1)
                  0.16    0.22    1.78 ^ ppa_grey_27_7.U1.ao21/X (sky130_fd_sc_hd__a21o_1)
     2    0.02                           ppa_buffer_27_8.U2.A (net)
                  0.16    0.00    1.78 ^ ppa_grey_29_8.U1.ao21/A1 (sky130_fd_sc_hd__a21o_1)
                  0.08    0.17    1.96 ^ ppa_grey_29_8.U1.ao21/X (sky130_fd_sc_hd__a21o_1)
     2    0.01                           ppa_grey_29_8.U1.Y (net)
                  0.08    0.00    1.96 ^ rebuffer2/A (sky130_fd_sc_hd__buf_2)
                  0.04    0.12    2.08 ^ rebuffer2/X (sky130_fd_sc_hd__buf_2)
     1    0.01                           net100 (net)
                  0.04    0.00    2.08 ^ ppa_post_29_10.U1.xor2/B (sky130_fd_sc_hd__xor2_1)
                  0.13    0.16    2.24 ^ ppa_post_29_10.U1.xor2/X (sky130_fd_sc_hd__xor2_1)
     1    0.00                           ppa_post_29_10.U1.Y (net)
                  0.13    0.00    2.24 ^ _06_/A (sky130_fd_sc_hd__clkbuf_1)
                  0.05    0.11    2.35 ^ _06_/X (sky130_fd_sc_hd__clkbuf_1)
     1    0.00                           net88 (net)
                  0.05    0.00    2.35 ^ output88/A (sky130_fd_sc_hd__buf_2)
                  0.19    0.23    2.58 ^ output88/X (sky130_fd_sc_hd__buf_2)
     1    0.03                           sum[29] (net)
                  0.19    0.00    2.58 ^ sum[29] (out)
                                  2.58   data arrival time

                  0.00    1.00    1.00   clock clk (rise edge)
                          0.00    1.00   clock network delay (ideal)
                         -0.25    0.75   clock uncertainty
                          0.00    0.75   clock reconvergence pessimism
                          0.00    0.75   output external delay
                                  0.75   data required time
-----------------------------------------------------------------------------
                                  0.75   data required time
                                 -2.58   data arrival time
-----------------------------------------------------------------------------
                                 -1.83   slack (VIOLATED)


