
===========================================================================
report_checks -unconstrained
============================================================================
Startpoint: b[2] (input port clocked by clk)
Endpoint: sum[7] (output port clocked by clk)
Path Group: clk
Path Type: max

Fanout     Cap    Slew   Delay    Time   Description
-----------------------------------------------------------------------------
                  0.00    0.00    0.00   clock clk (rise edge)
                          0.00    0.00   clock network delay (ideal)
                          0.00    0.00 ^ input external delay
                  0.03    0.02    0.02 ^ b[2] (in)
     2    0.01                           b[2] (net)
                  0.03    0.00    0.02 ^ ppa_pre_3_0.U1.xor2/B (sky130_fd_sc_hs__xor2_1)
                  0.24    0.22    0.24 ^ ppa_pre_3_0.U1.xor2/X (sky130_fd_sc_hs__xor2_1)
     4    0.01                           ppa_black_3_1.U1.A (net)
                  0.24    0.00    0.24 ^ ppa_black_3_1.U1.and2/A (sky130_fd_sc_hs__and2_1)
                  0.05    0.11    0.35 ^ ppa_black_3_1.U1.and2/X (sky130_fd_sc_hs__and2_1)
     2    0.00                           ppa_black_3_1.U1.Y (net)
                  0.05    0.00    0.35 ^ ppa_grey_3_2.U1.ao21/A2 (sky130_fd_sc_hs__a21o_1)
                  0.06    0.11    0.46 ^ ppa_grey_3_2.U1.ao21/X (sky130_fd_sc_hs__a21o_1)
     2    0.01                           ppa_grey_3_2.U1.Y (net)
                  0.06    0.00    0.46 ^ ppa_grey_7_3.U1.ao21/A1 (sky130_fd_sc_hs__a21o_1)
                  0.06    0.11    0.57 ^ ppa_grey_7_3.U1.ao21/X (sky130_fd_sc_hs__a21o_1)
     2    0.01                           ppa_grey_7_3.U1.Y (net)
                  0.06    0.00    0.57 ^ ppa_post_7_4.U1.xor2/B (sky130_fd_sc_hs__xor2_1)
                  0.09    0.12    0.69 ^ ppa_post_7_4.U1.xor2/X (sky130_fd_sc_hs__xor2_1)
     1    0.00                           ppa_post_7_4.U1.Y (net)
                  0.09    0.00    0.69 ^ _7_/A (sky130_fd_sc_hs__buf_2)
                  0.19    0.20    0.89 ^ _7_/X (sky130_fd_sc_hs__buf_2)
     1    0.04                           sum[7] (net)
                  0.19    0.00    0.89 ^ sum[7] (out)
                                  0.89   data arrival time

                  0.00    0.75    0.75   clock clk (rise edge)
                          0.00    0.75   clock network delay (ideal)
                         -0.25    0.50   clock uncertainty
                          0.00    0.50   clock reconvergence pessimism
                          0.00    0.50   output external delay
                                  0.50   data required time
-----------------------------------------------------------------------------
                                  0.50   data required time
                                 -0.89   data arrival time
-----------------------------------------------------------------------------
                                 -0.39   slack (VIOLATED)



===========================================================================
report_checks --slack_max -0.01
============================================================================
Startpoint: b[2] (input port clocked by clk)
Endpoint: sum[7] (output port clocked by clk)
Path Group: clk
Path Type: max

Fanout     Cap    Slew   Delay    Time   Description
-----------------------------------------------------------------------------
                  0.00    0.00    0.00   clock clk (rise edge)
                          0.00    0.00   clock network delay (ideal)
                          0.00    0.00 ^ input external delay
                  0.03    0.02    0.02 ^ b[2] (in)
     2    0.01                           b[2] (net)
                  0.03    0.00    0.02 ^ ppa_pre_3_0.U1.xor2/B (sky130_fd_sc_hs__xor2_1)
                  0.24    0.22    0.24 ^ ppa_pre_3_0.U1.xor2/X (sky130_fd_sc_hs__xor2_1)
     4    0.01                           ppa_black_3_1.U1.A (net)
                  0.24    0.00    0.24 ^ ppa_black_3_1.U1.and2/A (sky130_fd_sc_hs__and2_1)
                  0.05    0.11    0.35 ^ ppa_black_3_1.U1.and2/X (sky130_fd_sc_hs__and2_1)
     2    0.00                           ppa_black_3_1.U1.Y (net)
                  0.05    0.00    0.35 ^ ppa_grey_3_2.U1.ao21/A2 (sky130_fd_sc_hs__a21o_1)
                  0.06    0.11    0.46 ^ ppa_grey_3_2.U1.ao21/X (sky130_fd_sc_hs__a21o_1)
     2    0.01                           ppa_grey_3_2.U1.Y (net)
                  0.06    0.00    0.46 ^ ppa_grey_7_3.U1.ao21/A1 (sky130_fd_sc_hs__a21o_1)
                  0.06    0.11    0.57 ^ ppa_grey_7_3.U1.ao21/X (sky130_fd_sc_hs__a21o_1)
     2    0.01                           ppa_grey_7_3.U1.Y (net)
                  0.06    0.00    0.57 ^ ppa_post_7_4.U1.xor2/B (sky130_fd_sc_hs__xor2_1)
                  0.09    0.12    0.69 ^ ppa_post_7_4.U1.xor2/X (sky130_fd_sc_hs__xor2_1)
     1    0.00                           ppa_post_7_4.U1.Y (net)
                  0.09    0.00    0.69 ^ _7_/A (sky130_fd_sc_hs__buf_2)
                  0.19    0.20    0.89 ^ _7_/X (sky130_fd_sc_hs__buf_2)
     1    0.04                           sum[7] (net)
                  0.19    0.00    0.89 ^ sum[7] (out)
                                  0.89   data arrival time

                  0.00    0.75    0.75   clock clk (rise edge)
                          0.00    0.75   clock network delay (ideal)
                         -0.25    0.50   clock uncertainty
                          0.00    0.50   clock reconvergence pessimism
                          0.00    0.50   output external delay
                                  0.50   data required time
-----------------------------------------------------------------------------
                                  0.50   data required time
                                 -0.89   data arrival time
-----------------------------------------------------------------------------
                                 -0.39   slack (VIOLATED)


