
===========================================================================
report_checks -unconstrained
============================================================================

======================= Slowest Corner ===================================

Startpoint: a[3] (input port clocked by clk)
Endpoint: sum[6] (output port clocked by clk)
Path Group: clk
Path Type: max
Corner: ss

Fanout     Cap    Slew   Delay    Time   Description
-----------------------------------------------------------------------------
                  0.00    0.00    0.00   clock clk (rise edge)
                          0.00    0.00   clock network delay (ideal)
                          0.00    0.00 v input external delay
                  0.03    0.02    0.02 v a[3] (in)
     1    0.01                           a[3] (net)
                  0.03    0.00    0.02 v input4/A (sky130_fd_sc_hd__clkbuf_1)
                  0.16    0.24    0.26 v input4/X (sky130_fd_sc_hd__clkbuf_1)
     2    0.01                           net4 (net)
                  0.16    0.00    0.26 v ppa_pre_4_0.U1.xor2/A (sky130_fd_sc_hd__xor2_2)
                  0.14    0.39    0.65 v ppa_pre_4_0.U1.xor2/X (sky130_fd_sc_hd__xor2_2)
     3    0.01                           ppa_black_5_1.U1.B (net)
                  0.14    0.00    0.65 v ppa_black_5_1.U1.and2/B (sky130_fd_sc_hd__and2_1)
                  0.13    0.43    1.08 v ppa_black_5_1.U1.and2/X (sky130_fd_sc_hd__and2_1)
     3    0.01                           ppa_black_5_1.U1.Y (net)
                  0.13    0.00    1.08 v ppa_black_6_2.U1.and2/B (sky130_fd_sc_hd__and2_1)
                  0.08    0.37    1.46 v ppa_black_6_2.U1.and2/X (sky130_fd_sc_hd__and2_1)
     1    0.00                           ppa_black_6_2.U1.Y (net)
                  0.08    0.00    1.46 v ppa_grey_6_3.U1.ao21/A2 (sky130_fd_sc_hd__a21o_1)
                  0.08    0.36    1.81 v ppa_grey_6_3.U1.ao21/X (sky130_fd_sc_hd__a21o_1)
     1    0.01                           ppa_grey_6_3.U1.Y (net)
                  0.08    0.00    1.81 v ppa_post_6_4.U1.xor2/B (sky130_fd_sc_hd__xor2_1)
                  0.10    0.27    2.09 v ppa_post_6_4.U1.xor2/X (sky130_fd_sc_hd__xor2_1)
     1    0.00                           ppa_post_6_4.U1.Y (net)
                  0.10    0.00    2.09 v _6_/A (sky130_fd_sc_hd__clkbuf_1)
                  0.04    0.17    2.26 v _6_/X (sky130_fd_sc_hd__clkbuf_1)
     1    0.00                           net25 (net)
                  0.04    0.00    2.26 v output25/A (sky130_fd_sc_hd__buf_2)
                  0.17    0.35    2.61 v output25/X (sky130_fd_sc_hd__buf_2)
     1    0.03                           sum[6] (net)
                  0.17    0.00    2.61 v sum[6] (out)
                                  2.61   data arrival time

                  0.00    1.00    1.00   clock clk (rise edge)
                          0.00    1.00   clock network delay (ideal)
                         -0.25    0.75   clock uncertainty
                          0.00    0.75   clock reconvergence pessimism
                          0.00    0.75   output external delay
                                  0.75   data required time
-----------------------------------------------------------------------------
                                  0.75   data required time
                                 -2.61   data arrival time
-----------------------------------------------------------------------------
                                 -1.86   slack (VIOLATED)



======================= Typical Corner ===================================

Startpoint: b[0] (input port clocked by clk)
Endpoint: sum[7] (output port clocked by clk)
Path Group: clk
Path Type: max
Corner: tt

Fanout     Cap    Slew   Delay    Time   Description
-----------------------------------------------------------------------------
                  0.00    0.00    0.00   clock clk (rise edge)
                          0.00    0.00   clock network delay (ideal)
                          0.00    0.00 ^ input external delay
                  0.03    0.02    0.02 ^ b[0] (in)
     1    0.01                           b[0] (net)
                  0.03    0.00    0.02 ^ input9/A (sky130_fd_sc_hd__clkbuf_1)
                  0.12    0.14    0.16 ^ input9/X (sky130_fd_sc_hd__clkbuf_1)
     2    0.01                           net9 (net)
                  0.12    0.00    0.16 ^ ppa_pre_1_0.U1.xor2/B (sky130_fd_sc_hd__xor2_1)
                  0.17    0.20    0.36 ^ ppa_pre_1_0.U1.xor2/X (sky130_fd_sc_hd__xor2_1)
     2    0.01                           ppa_grey_1_1.U1.A1 (net)
                  0.17    0.00    0.36 ^ ppa_grey_1_1.U1.ao21/A2 (sky130_fd_sc_hd__a21o_1)
                  0.08    0.18    0.54 ^ ppa_grey_1_1.U1.ao21/X (sky130_fd_sc_hd__a21o_1)
     3    0.01                           ppa_grey_1_1.U1.Y (net)
                  0.08    0.00    0.54 ^ ppa_grey_3_2.U1.ao21/A1 (sky130_fd_sc_hd__a21o_1)
                  0.16    0.21    0.75 ^ ppa_grey_3_2.U1.ao21/X (sky130_fd_sc_hd__a21o_1)
     5    0.02                           ppa_grey_3_2.U1.Y (net)
                  0.16    0.00    0.76 ^ ppa_grey_7_3.U1.ao21/A1 (sky130_fd_sc_hd__a21o_1)
                  0.09    0.18    0.93 ^ ppa_grey_7_3.U1.ao21/X (sky130_fd_sc_hd__a21o_1)
     2    0.01                           ppa_grey_7_3.U1.Y (net)
                  0.09    0.00    0.93 ^ ppa_post_7_4.U1.xor2/B (sky130_fd_sc_hd__xor2_1)
                  0.12    0.16    1.09 ^ ppa_post_7_4.U1.xor2/X (sky130_fd_sc_hd__xor2_1)
     1    0.00                           ppa_post_7_4.U1.Y (net)
                  0.12    0.00    1.10 ^ _7_/A (sky130_fd_sc_hd__clkbuf_1)
                  0.07    0.13    1.22 ^ _7_/X (sky130_fd_sc_hd__clkbuf_1)
     1    0.01                           net26 (net)
                  0.07    0.00    1.22 ^ output26/A (sky130_fd_sc_hd__buf_6)
                  0.08    0.14    1.37 ^ output26/X (sky130_fd_sc_hd__buf_6)
     1    0.03                           sum[7] (net)
                  0.08    0.00    1.37 ^ sum[7] (out)
                                  1.37   data arrival time

                  0.00    1.00    1.00   clock clk (rise edge)
                          0.00    1.00   clock network delay (ideal)
                         -0.25    0.75   clock uncertainty
                          0.00    0.75   clock reconvergence pessimism
                          0.00    0.75   output external delay
                                  0.75   data required time
-----------------------------------------------------------------------------
                                  0.75   data required time
                                 -1.37   data arrival time
-----------------------------------------------------------------------------
                                 -0.62   slack (VIOLATED)



======================= Fastest Corner ===================================

Startpoint: b[0] (input port clocked by clk)
Endpoint: sum[3] (output port clocked by clk)
Path Group: clk
Path Type: max
Corner: ff

Fanout     Cap    Slew   Delay    Time   Description
-----------------------------------------------------------------------------
                  0.00    0.00    0.00   clock clk (rise edge)
                          0.00    0.00   clock network delay (ideal)
                          0.00    0.00 ^ input external delay
                  0.02    0.02    0.02 ^ b[0] (in)
     1    0.01                           b[0] (net)
                  0.02    0.00    0.02 ^ input9/A (sky130_fd_sc_hd__clkbuf_1)
                  0.09    0.10    0.11 ^ input9/X (sky130_fd_sc_hd__clkbuf_1)
     2    0.01                           net9 (net)
                  0.09    0.00    0.11 ^ ppa_pre_1_0.U1.xor2/B (sky130_fd_sc_hd__xor2_1)
                  0.12    0.13    0.24 ^ ppa_pre_1_0.U1.xor2/X (sky130_fd_sc_hd__xor2_1)
     2    0.01                           ppa_grey_1_1.U1.A1 (net)
                  0.12    0.00    0.24 ^ ppa_grey_1_1.U1.ao21/A2 (sky130_fd_sc_hd__a21o_1)
                  0.07    0.11    0.36 ^ ppa_grey_1_1.U1.ao21/X (sky130_fd_sc_hd__a21o_1)
     3    0.01                           ppa_grey_1_1.U1.Y (net)
                  0.07    0.00    0.36 ^ ppa_grey_3_2.U1.ao21/A1 (sky130_fd_sc_hd__a21o_1)
                  0.12    0.14    0.50 ^ ppa_grey_3_2.U1.ao21/X (sky130_fd_sc_hd__a21o_1)
     5    0.02                           ppa_grey_3_2.U1.Y (net)
                  0.12    0.00    0.50 ^ rebuffer1/A (sky130_fd_sc_hd__dlymetal6s2s_1)
                  0.06    0.10    0.60 ^ rebuffer1/X (sky130_fd_sc_hd__dlymetal6s2s_1)
     1    0.01                           net27 (net)
                  0.06    0.00    0.60 ^ ppa_post_3_4.U1.xor2/B (sky130_fd_sc_hd__xor2_1)
                  0.10    0.11    0.71 ^ ppa_post_3_4.U1.xor2/X (sky130_fd_sc_hd__xor2_1)
     1    0.00                           ppa_post_3_4.U1.Y (net)
                  0.10    0.00    0.71 ^ _3_/A (sky130_fd_sc_hd__clkbuf_1)
                  0.04    0.07    0.77 ^ _3_/X (sky130_fd_sc_hd__clkbuf_1)
     1    0.00                           net22 (net)
                  0.04    0.00    0.77 ^ output22/A (sky130_fd_sc_hd__buf_4)
                  0.08    0.12    0.89 ^ output22/X (sky130_fd_sc_hd__buf_4)
     1    0.03                           sum[3] (net)
                  0.08    0.00    0.89 ^ sum[3] (out)
                                  0.89   data arrival time

                  0.00    1.00    1.00   clock clk (rise edge)
                          0.00    1.00   clock network delay (ideal)
                         -0.25    0.75   clock uncertainty
                          0.00    0.75   clock reconvergence pessimism
                          0.00    0.75   output external delay
                                  0.75   data required time
-----------------------------------------------------------------------------
                                  0.75   data required time
                                 -0.89   data arrival time
-----------------------------------------------------------------------------
                                 -0.14   slack (VIOLATED)



===========================================================================
report_checks --slack_max -0.01
============================================================================

======================= Slowest Corner ===================================

Startpoint: a[3] (input port clocked by clk)
Endpoint: sum[6] (output port clocked by clk)
Path Group: clk
Path Type: max
Corner: ss

Fanout     Cap    Slew   Delay    Time   Description
-----------------------------------------------------------------------------
                  0.00    0.00    0.00   clock clk (rise edge)
                          0.00    0.00   clock network delay (ideal)
                          0.00    0.00 v input external delay
                  0.03    0.02    0.02 v a[3] (in)
     1    0.01                           a[3] (net)
                  0.03    0.00    0.02 v input4/A (sky130_fd_sc_hd__clkbuf_1)
                  0.16    0.24    0.26 v input4/X (sky130_fd_sc_hd__clkbuf_1)
     2    0.01                           net4 (net)
                  0.16    0.00    0.26 v ppa_pre_4_0.U1.xor2/A (sky130_fd_sc_hd__xor2_2)
                  0.14    0.39    0.65 v ppa_pre_4_0.U1.xor2/X (sky130_fd_sc_hd__xor2_2)
     3    0.01                           ppa_black_5_1.U1.B (net)
                  0.14    0.00    0.65 v ppa_black_5_1.U1.and2/B (sky130_fd_sc_hd__and2_1)
                  0.13    0.43    1.08 v ppa_black_5_1.U1.and2/X (sky130_fd_sc_hd__and2_1)
     3    0.01                           ppa_black_5_1.U1.Y (net)
                  0.13    0.00    1.08 v ppa_black_6_2.U1.and2/B (sky130_fd_sc_hd__and2_1)
                  0.08    0.37    1.46 v ppa_black_6_2.U1.and2/X (sky130_fd_sc_hd__and2_1)
     1    0.00                           ppa_black_6_2.U1.Y (net)
                  0.08    0.00    1.46 v ppa_grey_6_3.U1.ao21/A2 (sky130_fd_sc_hd__a21o_1)
                  0.08    0.36    1.81 v ppa_grey_6_3.U1.ao21/X (sky130_fd_sc_hd__a21o_1)
     1    0.01                           ppa_grey_6_3.U1.Y (net)
                  0.08    0.00    1.81 v ppa_post_6_4.U1.xor2/B (sky130_fd_sc_hd__xor2_1)
                  0.10    0.27    2.09 v ppa_post_6_4.U1.xor2/X (sky130_fd_sc_hd__xor2_1)
     1    0.00                           ppa_post_6_4.U1.Y (net)
                  0.10    0.00    2.09 v _6_/A (sky130_fd_sc_hd__clkbuf_1)
                  0.04    0.17    2.26 v _6_/X (sky130_fd_sc_hd__clkbuf_1)
     1    0.00                           net25 (net)
                  0.04    0.00    2.26 v output25/A (sky130_fd_sc_hd__buf_2)
                  0.17    0.35    2.61 v output25/X (sky130_fd_sc_hd__buf_2)
     1    0.03                           sum[6] (net)
                  0.17    0.00    2.61 v sum[6] (out)
                                  2.61   data arrival time

                  0.00    1.00    1.00   clock clk (rise edge)
                          0.00    1.00   clock network delay (ideal)
                         -0.25    0.75   clock uncertainty
                          0.00    0.75   clock reconvergence pessimism
                          0.00    0.75   output external delay
                                  0.75   data required time
-----------------------------------------------------------------------------
                                  0.75   data required time
                                 -2.61   data arrival time
-----------------------------------------------------------------------------
                                 -1.86   slack (VIOLATED)



======================= Typical Corner ===================================

Startpoint: b[0] (input port clocked by clk)
Endpoint: sum[7] (output port clocked by clk)
Path Group: clk
Path Type: max
Corner: tt

Fanout     Cap    Slew   Delay    Time   Description
-----------------------------------------------------------------------------
                  0.00    0.00    0.00   clock clk (rise edge)
                          0.00    0.00   clock network delay (ideal)
                          0.00    0.00 ^ input external delay
                  0.03    0.02    0.02 ^ b[0] (in)
     1    0.01                           b[0] (net)
                  0.03    0.00    0.02 ^ input9/A (sky130_fd_sc_hd__clkbuf_1)
                  0.12    0.14    0.16 ^ input9/X (sky130_fd_sc_hd__clkbuf_1)
     2    0.01                           net9 (net)
                  0.12    0.00    0.16 ^ ppa_pre_1_0.U1.xor2/B (sky130_fd_sc_hd__xor2_1)
                  0.17    0.20    0.36 ^ ppa_pre_1_0.U1.xor2/X (sky130_fd_sc_hd__xor2_1)
     2    0.01                           ppa_grey_1_1.U1.A1 (net)
                  0.17    0.00    0.36 ^ ppa_grey_1_1.U1.ao21/A2 (sky130_fd_sc_hd__a21o_1)
                  0.08    0.18    0.54 ^ ppa_grey_1_1.U1.ao21/X (sky130_fd_sc_hd__a21o_1)
     3    0.01                           ppa_grey_1_1.U1.Y (net)
                  0.08    0.00    0.54 ^ ppa_grey_3_2.U1.ao21/A1 (sky130_fd_sc_hd__a21o_1)
                  0.16    0.21    0.75 ^ ppa_grey_3_2.U1.ao21/X (sky130_fd_sc_hd__a21o_1)
     5    0.02                           ppa_grey_3_2.U1.Y (net)
                  0.16    0.00    0.76 ^ ppa_grey_7_3.U1.ao21/A1 (sky130_fd_sc_hd__a21o_1)
                  0.09    0.18    0.93 ^ ppa_grey_7_3.U1.ao21/X (sky130_fd_sc_hd__a21o_1)
     2    0.01                           ppa_grey_7_3.U1.Y (net)
                  0.09    0.00    0.93 ^ ppa_post_7_4.U1.xor2/B (sky130_fd_sc_hd__xor2_1)
                  0.12    0.16    1.09 ^ ppa_post_7_4.U1.xor2/X (sky130_fd_sc_hd__xor2_1)
     1    0.00                           ppa_post_7_4.U1.Y (net)
                  0.12    0.00    1.10 ^ _7_/A (sky130_fd_sc_hd__clkbuf_1)
                  0.07    0.13    1.22 ^ _7_/X (sky130_fd_sc_hd__clkbuf_1)
     1    0.01                           net26 (net)
                  0.07    0.00    1.22 ^ output26/A (sky130_fd_sc_hd__buf_6)
                  0.08    0.14    1.37 ^ output26/X (sky130_fd_sc_hd__buf_6)
     1    0.03                           sum[7] (net)
                  0.08    0.00    1.37 ^ sum[7] (out)
                                  1.37   data arrival time

                  0.00    1.00    1.00   clock clk (rise edge)
                          0.00    1.00   clock network delay (ideal)
                         -0.25    0.75   clock uncertainty
                          0.00    0.75   clock reconvergence pessimism
                          0.00    0.75   output external delay
                                  0.75   data required time
-----------------------------------------------------------------------------
                                  0.75   data required time
                                 -1.37   data arrival time
-----------------------------------------------------------------------------
                                 -0.62   slack (VIOLATED)



======================= Fastest Corner ===================================

Startpoint: b[0] (input port clocked by clk)
Endpoint: sum[3] (output port clocked by clk)
Path Group: clk
Path Type: max
Corner: ff

Fanout     Cap    Slew   Delay    Time   Description
-----------------------------------------------------------------------------
                  0.00    0.00    0.00   clock clk (rise edge)
                          0.00    0.00   clock network delay (ideal)
                          0.00    0.00 ^ input external delay
                  0.02    0.02    0.02 ^ b[0] (in)
     1    0.01                           b[0] (net)
                  0.02    0.00    0.02 ^ input9/A (sky130_fd_sc_hd__clkbuf_1)
                  0.09    0.10    0.11 ^ input9/X (sky130_fd_sc_hd__clkbuf_1)
     2    0.01                           net9 (net)
                  0.09    0.00    0.11 ^ ppa_pre_1_0.U1.xor2/B (sky130_fd_sc_hd__xor2_1)
                  0.12    0.13    0.24 ^ ppa_pre_1_0.U1.xor2/X (sky130_fd_sc_hd__xor2_1)
     2    0.01                           ppa_grey_1_1.U1.A1 (net)
                  0.12    0.00    0.24 ^ ppa_grey_1_1.U1.ao21/A2 (sky130_fd_sc_hd__a21o_1)
                  0.07    0.11    0.36 ^ ppa_grey_1_1.U1.ao21/X (sky130_fd_sc_hd__a21o_1)
     3    0.01                           ppa_grey_1_1.U1.Y (net)
                  0.07    0.00    0.36 ^ ppa_grey_3_2.U1.ao21/A1 (sky130_fd_sc_hd__a21o_1)
                  0.12    0.14    0.50 ^ ppa_grey_3_2.U1.ao21/X (sky130_fd_sc_hd__a21o_1)
     5    0.02                           ppa_grey_3_2.U1.Y (net)
                  0.12    0.00    0.50 ^ rebuffer1/A (sky130_fd_sc_hd__dlymetal6s2s_1)
                  0.06    0.10    0.60 ^ rebuffer1/X (sky130_fd_sc_hd__dlymetal6s2s_1)
     1    0.01                           net27 (net)
                  0.06    0.00    0.60 ^ ppa_post_3_4.U1.xor2/B (sky130_fd_sc_hd__xor2_1)
                  0.10    0.11    0.71 ^ ppa_post_3_4.U1.xor2/X (sky130_fd_sc_hd__xor2_1)
     1    0.00                           ppa_post_3_4.U1.Y (net)
                  0.10    0.00    0.71 ^ _3_/A (sky130_fd_sc_hd__clkbuf_1)
                  0.04    0.07    0.77 ^ _3_/X (sky130_fd_sc_hd__clkbuf_1)
     1    0.00                           net22 (net)
                  0.04    0.00    0.77 ^ output22/A (sky130_fd_sc_hd__buf_4)
                  0.08    0.12    0.89 ^ output22/X (sky130_fd_sc_hd__buf_4)
     1    0.03                           sum[3] (net)
                  0.08    0.00    0.89 ^ sum[3] (out)
                                  0.89   data arrival time

                  0.00    1.00    1.00   clock clk (rise edge)
                          0.00    1.00   clock network delay (ideal)
                         -0.25    0.75   clock uncertainty
                          0.00    0.75   clock reconvergence pessimism
                          0.00    0.75   output external delay
                                  0.75   data required time
-----------------------------------------------------------------------------
                                  0.75   data required time
                                 -0.89   data arrival time
-----------------------------------------------------------------------------
                                 -0.14   slack (VIOLATED)


