
===========================================================================
report_checks -unconstrained
============================================================================
Startpoint: b[3] (input port clocked by clk)
Endpoint: sum[30] (output port clocked by clk)
Path Group: clk
Path Type: max

Fanout     Cap    Slew   Delay    Time   Description
-----------------------------------------------------------------------------
                  0.00    0.00    0.00   clock clk (rise edge)
                          0.00    0.00   clock network delay (ideal)
                          0.00    0.00 v input external delay
                  0.04    0.04    0.04 v b[3] (in)
     4    0.02                           b[3] (net)
                  0.05    0.00    0.04 v _258_/A (sky130_fd_sc_hd__xnor2_2)
                  0.08    0.16    0.20 v _258_/Y (sky130_fd_sc_hd__xnor2_2)
     3    0.01                           _011_ (net)
                  0.08    0.00    0.20 v _266_/A (sky130_fd_sc_hd__or3b_2)
                  0.07    0.49    0.68 v _266_/X (sky130_fd_sc_hd__or3b_2)
     1    0.00                           _018_ (net)
                  0.07    0.00    0.69 v _269_/A3 (sky130_fd_sc_hd__o31a_2)
                  0.08    0.34    1.03 v _269_/X (sky130_fd_sc_hd__o31a_2)
     3    0.01                           _021_ (net)
                  0.08    0.00    1.03 v _284_/A1 (sky130_fd_sc_hd__o21a_2)
                  0.06    0.26    1.29 v _284_/X (sky130_fd_sc_hd__o21a_2)
     3    0.01                           _034_ (net)
                  0.06    0.00    1.29 v _348_/A1 (sky130_fd_sc_hd__o41a_2)
                  0.09    0.54    1.83 v _348_/X (sky130_fd_sc_hd__o41a_2)
     2    0.01                           _090_ (net)
                  0.09    0.00    1.84 v _425_/A1 (sky130_fd_sc_hd__o311a_2)
                  0.08    0.45    2.29 v _425_/X (sky130_fd_sc_hd__o311a_2)
     2    0.01                           _159_ (net)
                  0.08    0.00    2.29 v _505_/B2 (sky130_fd_sc_hd__o2bb2a_2)
                  0.06    0.29    2.57 v _505_/X (sky130_fd_sc_hd__o2bb2a_2)
     1    0.01                           _231_ (net)
                  0.07    0.01    2.59 v _506_/B (sky130_fd_sc_hd__xor2_2)
                  0.46    0.37    2.96 ^ _506_/X (sky130_fd_sc_hd__xor2_2)
     1    0.03                           sum[30] (net)
                  0.46    0.00    2.96 ^ sum[30] (out)
                                  2.96   data arrival time

                  0.00    5.50    5.50   clock clk (rise edge)
                          0.00    5.50   clock network delay (ideal)
                         -0.25    5.25   clock uncertainty
                          0.00    5.25   clock reconvergence pessimism
                          0.00    5.25   output external delay
                                  5.25   data required time
-----------------------------------------------------------------------------
                                  5.25   data required time
                                 -2.96   data arrival time
-----------------------------------------------------------------------------
                                  2.29   slack (MET)



===========================================================================
report_checks --slack_max -0.01
============================================================================
No paths found.
