
===========================================================================
report_checks -unconstrained
============================================================================
Startpoint: b[0] (input port clocked by clk)
Endpoint: sum[7] (output port clocked by clk)
Path Group: clk
Path Type: max

Fanout     Cap    Slew   Delay    Time   Description
-----------------------------------------------------------------------------
                  0.00    0.00    0.00   clock clk (rise edge)
                          0.00    0.00   clock network delay (ideal)
                          0.00    0.00 v input external delay
                  0.01    0.01    0.01 v b[0] (in)
     1    0.01                           b[0] (net)
                  0.02    0.00    0.01 v input9/A (sky130_fd_sc_hs__buf_1)
                  0.05    0.10    0.11 v input9/X (sky130_fd_sc_hs__buf_1)
     2    0.01                           net9 (net)
                  0.05    0.00    0.11 v ppa_pre_1_0.U1.xor2/B (sky130_fd_sc_hs__xor2_1)
                  0.06    0.13    0.24 v ppa_pre_1_0.U1.xor2/X (sky130_fd_sc_hs__xor2_1)
     2    0.01                           ppa_grey_1_1.U1.A1 (net)
                  0.06    0.00    0.24 v ppa_grey_1_1.U1.ao21/A2 (sky130_fd_sc_hs__a21o_1)
                  0.04    0.16    0.40 v ppa_grey_1_1.U1.ao21/X (sky130_fd_sc_hs__a21o_1)
     2    0.01                           ppa_grey_1_1.U1.Y (net)
                  0.04    0.00    0.40 v ppa_grey_2_2.U1.ao21/A1 (sky130_fd_sc_hs__a21o_1)
                  0.05    0.15    0.55 v ppa_grey_2_2.U1.ao21/X (sky130_fd_sc_hs__a21o_1)
     2    0.01                           ppa_grey_2_2.U1.Y (net)
                  0.05    0.00    0.55 v ppa_grey_3_3.U1.ao21/A1 (sky130_fd_sc_hs__a21o_1)
                  0.05    0.15    0.70 v ppa_grey_3_3.U1.ao21/X (sky130_fd_sc_hs__a21o_1)
     2    0.01                           ppa_grey_3_3.U1.Y (net)
                  0.05    0.00    0.70 v ppa_grey_4_4.U1.ao21/A1 (sky130_fd_sc_hs__a21o_1)
                  0.04    0.14    0.84 v ppa_grey_4_4.U1.ao21/X (sky130_fd_sc_hs__a21o_1)
     2    0.01                           ppa_grey_4_4.U1.Y (net)
                  0.04    0.00    0.84 v ppa_grey_5_5.U1.ao21/A1 (sky130_fd_sc_hs__a21o_1)
                  0.05    0.15    0.98 v ppa_grey_5_5.U1.ao21/X (sky130_fd_sc_hs__a21o_1)
     2    0.01                           ppa_grey_5_5.U1.Y (net)
                  0.05    0.00    0.98 v ppa_grey_6_6.U1.ao21/A1 (sky130_fd_sc_hs__a21o_1)
                  0.05    0.15    1.13 v ppa_grey_6_6.U1.ao21/X (sky130_fd_sc_hs__a21o_1)
     2    0.01                           ppa_grey_6_6.U1.Y (net)
                  0.05    0.00    1.13 v ppa_grey_7_7.U1.ao21/A1 (sky130_fd_sc_hs__a21o_1)
                  0.06    0.16    1.29 v ppa_grey_7_7.U1.ao21/X (sky130_fd_sc_hs__a21o_1)
     2    0.01                           ppa_grey_7_7.U1.Y (net)
                  0.06    0.00    1.29 v ppa_post_7_8.U1.xor2/B (sky130_fd_sc_hs__xor2_1)
                  0.13    0.13    1.43 ^ ppa_post_7_8.U1.xor2/X (sky130_fd_sc_hs__xor2_1)
     1    0.01                           ppa_post_7_8.U1.Y (net)
                  0.13    0.00    1.43 ^ _7_/A (sky130_fd_sc_hs__buf_2)
                  0.05    0.12    1.55 ^ _7_/X (sky130_fd_sc_hs__buf_2)
     1    0.01                           net26 (net)
                  0.05    0.00    1.55 ^ output26/A (sky130_fd_sc_hs__buf_8)
                  0.06    0.11    1.65 ^ output26/X (sky130_fd_sc_hs__buf_8)
     1    0.04                           sum[7] (net)
                  0.06    0.00    1.66 ^ sum[7] (out)
                                  1.66   data arrival time

                  0.00    1.00    1.00   clock clk (rise edge)
                          0.00    1.00   clock network delay (ideal)
                         -0.25    0.75   clock uncertainty
                          0.00    0.75   clock reconvergence pessimism
                          0.00    0.75   output external delay
                                  0.75   data required time
-----------------------------------------------------------------------------
                                  0.75   data required time
                                 -1.66   data arrival time
-----------------------------------------------------------------------------
                                 -0.91   slack (VIOLATED)



===========================================================================
report_checks --slack_max -0.01
============================================================================
Startpoint: b[0] (input port clocked by clk)
Endpoint: sum[7] (output port clocked by clk)
Path Group: clk
Path Type: max

Fanout     Cap    Slew   Delay    Time   Description
-----------------------------------------------------------------------------
                  0.00    0.00    0.00   clock clk (rise edge)
                          0.00    0.00   clock network delay (ideal)
                          0.00    0.00 v input external delay
                  0.01    0.01    0.01 v b[0] (in)
     1    0.01                           b[0] (net)
                  0.02    0.00    0.01 v input9/A (sky130_fd_sc_hs__buf_1)
                  0.05    0.10    0.11 v input9/X (sky130_fd_sc_hs__buf_1)
     2    0.01                           net9 (net)
                  0.05    0.00    0.11 v ppa_pre_1_0.U1.xor2/B (sky130_fd_sc_hs__xor2_1)
                  0.06    0.13    0.24 v ppa_pre_1_0.U1.xor2/X (sky130_fd_sc_hs__xor2_1)
     2    0.01                           ppa_grey_1_1.U1.A1 (net)
                  0.06    0.00    0.24 v ppa_grey_1_1.U1.ao21/A2 (sky130_fd_sc_hs__a21o_1)
                  0.04    0.16    0.40 v ppa_grey_1_1.U1.ao21/X (sky130_fd_sc_hs__a21o_1)
     2    0.01                           ppa_grey_1_1.U1.Y (net)
                  0.04    0.00    0.40 v ppa_grey_2_2.U1.ao21/A1 (sky130_fd_sc_hs__a21o_1)
                  0.05    0.15    0.55 v ppa_grey_2_2.U1.ao21/X (sky130_fd_sc_hs__a21o_1)
     2    0.01                           ppa_grey_2_2.U1.Y (net)
                  0.05    0.00    0.55 v ppa_grey_3_3.U1.ao21/A1 (sky130_fd_sc_hs__a21o_1)
                  0.05    0.15    0.70 v ppa_grey_3_3.U1.ao21/X (sky130_fd_sc_hs__a21o_1)
     2    0.01                           ppa_grey_3_3.U1.Y (net)
                  0.05    0.00    0.70 v ppa_grey_4_4.U1.ao21/A1 (sky130_fd_sc_hs__a21o_1)
                  0.04    0.14    0.84 v ppa_grey_4_4.U1.ao21/X (sky130_fd_sc_hs__a21o_1)
     2    0.01                           ppa_grey_4_4.U1.Y (net)
                  0.04    0.00    0.84 v ppa_grey_5_5.U1.ao21/A1 (sky130_fd_sc_hs__a21o_1)
                  0.05    0.15    0.98 v ppa_grey_5_5.U1.ao21/X (sky130_fd_sc_hs__a21o_1)
     2    0.01                           ppa_grey_5_5.U1.Y (net)
                  0.05    0.00    0.98 v ppa_grey_6_6.U1.ao21/A1 (sky130_fd_sc_hs__a21o_1)
                  0.05    0.15    1.13 v ppa_grey_6_6.U1.ao21/X (sky130_fd_sc_hs__a21o_1)
     2    0.01                           ppa_grey_6_6.U1.Y (net)
                  0.05    0.00    1.13 v ppa_grey_7_7.U1.ao21/A1 (sky130_fd_sc_hs__a21o_1)
                  0.06    0.16    1.29 v ppa_grey_7_7.U1.ao21/X (sky130_fd_sc_hs__a21o_1)
     2    0.01                           ppa_grey_7_7.U1.Y (net)
                  0.06    0.00    1.29 v ppa_post_7_8.U1.xor2/B (sky130_fd_sc_hs__xor2_1)
                  0.13    0.13    1.43 ^ ppa_post_7_8.U1.xor2/X (sky130_fd_sc_hs__xor2_1)
     1    0.01                           ppa_post_7_8.U1.Y (net)
                  0.13    0.00    1.43 ^ _7_/A (sky130_fd_sc_hs__buf_2)
                  0.05    0.12    1.55 ^ _7_/X (sky130_fd_sc_hs__buf_2)
     1    0.01                           net26 (net)
                  0.05    0.00    1.55 ^ output26/A (sky130_fd_sc_hs__buf_8)
                  0.06    0.11    1.65 ^ output26/X (sky130_fd_sc_hs__buf_8)
     1    0.04                           sum[7] (net)
                  0.06    0.00    1.66 ^ sum[7] (out)
                                  1.66   data arrival time

                  0.00    1.00    1.00   clock clk (rise edge)
                          0.00    1.00   clock network delay (ideal)
                         -0.25    0.75   clock uncertainty
                          0.00    0.75   clock reconvergence pessimism
                          0.00    0.75   output external delay
                                  0.75   data required time
-----------------------------------------------------------------------------
                                  0.75   data required time
                                 -1.66   data arrival time
-----------------------------------------------------------------------------
                                 -0.91   slack (VIOLATED)


