
===========================================================================
report_checks -path_delay max (Setup)
============================================================================
Startpoint: b[7] (input port clocked by clk)
Endpoint: sum[31] (output port clocked by clk)
Path Group: clk
Path Type: max

Fanout     Cap    Slew   Delay    Time   Description
-----------------------------------------------------------------------------
                  0.00    0.00    0.00   clock clk (rise edge)
                          0.00    0.00   clock network delay (ideal)
                          0.00    0.00 ^ input external delay
                  0.09    0.06    0.06 ^ b[7] (in)
     3    0.02                           b[7] (net)
                  0.09    0.00    0.06 ^ _215_/A (sky130_fd_sc_hd__or2_2)
                  0.04    0.13    0.19 ^ _215_/X (sky130_fd_sc_hd__or2_2)
     1    0.01                           _033_ (net)
                  0.04    0.00    0.19 ^ _216_/B (sky130_fd_sc_hd__nand2_2)
                  0.05    0.07    0.26 v _216_/Y (sky130_fd_sc_hd__nand2_2)
     2    0.01                           _034_ (net)
                  0.05    0.00    0.26 v _219_/A (sky130_fd_sc_hd__or3_2)
                  0.09    0.52    0.78 v _219_/X (sky130_fd_sc_hd__or3_2)
     2    0.01                           _037_ (net)
                  0.09    0.00    0.78 v _227_/C (sky130_fd_sc_hd__or4_2)
                  0.13    0.71    1.49 v _227_/X (sky130_fd_sc_hd__or4_2)
     2    0.01                           _045_ (net)
                  0.13    0.00    1.49 v _243_/A1 (sky130_fd_sc_hd__a211oi_2)
                  0.28    0.33    1.82 ^ _243_/Y (sky130_fd_sc_hd__a211oi_2)
     2    0.01                           _061_ (net)
                  0.28    0.00    1.82 ^ _268_/A2 (sky130_fd_sc_hd__o21ai_2)
                  0.06    0.09    1.91 v _268_/Y (sky130_fd_sc_hd__o21ai_2)
     2    0.00                           _082_ (net)
                  0.06    0.00    1.91 v _290_/A1 (sky130_fd_sc_hd__a31o_2)
                  0.06    0.24    2.14 v _290_/X (sky130_fd_sc_hd__a31o_2)
     2    0.01                           _100_ (net)
                  0.06    0.00    2.14 v _317_/A1 (sky130_fd_sc_hd__a2111o_2)
                  0.06    0.43    2.58 v _317_/X (sky130_fd_sc_hd__a2111o_2)
     1    0.00                           _123_ (net)
                  0.06    0.00    2.58 v _320_/B (sky130_fd_sc_hd__and4_2)
                  0.08    0.27    2.85 v _320_/X (sky130_fd_sc_hd__and4_2)
     3    0.02                           _126_ (net)
                  0.08    0.00    2.85 v _335_/A1 (sky130_fd_sc_hd__o41a_2)
                  0.11    0.59    3.44 v _335_/X (sky130_fd_sc_hd__o41a_2)
     3    0.02                           _139_ (net)
                  0.11    0.00    3.44 v _340_/A2 (sky130_fd_sc_hd__o21a_2)
                  0.05    0.24    3.68 v _340_/X (sky130_fd_sc_hd__o21a_2)
     1    0.01                           _143_ (net)
                  0.05    0.00    3.68 v _341_/B (sky130_fd_sc_hd__xnor2_2)
                  0.60    0.50    4.19 ^ _341_/Y (sky130_fd_sc_hd__xnor2_2)
     1    0.03                           sum[31] (net)
                  0.60    0.00    4.19 ^ sum[31] (out)
                                  4.19   data arrival time

                  0.00    5.50    5.50   clock clk (rise edge)
                          0.00    5.50   clock network delay (ideal)
                         -0.25    5.25   clock uncertainty
                          0.00    5.25   clock reconvergence pessimism
                          0.00    5.25   output external delay
                                  5.25   data required time
-----------------------------------------------------------------------------
                                  5.25   data required time
                                 -4.19   data arrival time
-----------------------------------------------------------------------------
                                  1.06   slack (MET)


Startpoint: b[7] (input port clocked by clk)
Endpoint: sum[30] (output port clocked by clk)
Path Group: clk
Path Type: max

Fanout     Cap    Slew   Delay    Time   Description
-----------------------------------------------------------------------------
                  0.00    0.00    0.00   clock clk (rise edge)
                          0.00    0.00   clock network delay (ideal)
                          0.00    0.00 ^ input external delay
                  0.09    0.06    0.06 ^ b[7] (in)
     3    0.02                           b[7] (net)
                  0.09    0.00    0.06 ^ _215_/A (sky130_fd_sc_hd__or2_2)
                  0.04    0.13    0.19 ^ _215_/X (sky130_fd_sc_hd__or2_2)
     1    0.01                           _033_ (net)
                  0.04    0.00    0.19 ^ _216_/B (sky130_fd_sc_hd__nand2_2)
                  0.05    0.07    0.26 v _216_/Y (sky130_fd_sc_hd__nand2_2)
     2    0.01                           _034_ (net)
                  0.05    0.00    0.26 v _219_/A (sky130_fd_sc_hd__or3_2)
                  0.09    0.52    0.78 v _219_/X (sky130_fd_sc_hd__or3_2)
     2    0.01                           _037_ (net)
                  0.09    0.00    0.78 v _227_/C (sky130_fd_sc_hd__or4_2)
                  0.13    0.71    1.49 v _227_/X (sky130_fd_sc_hd__or4_2)
     2    0.01                           _045_ (net)
                  0.13    0.00    1.49 v _243_/A1 (sky130_fd_sc_hd__a211oi_2)
                  0.28    0.33    1.82 ^ _243_/Y (sky130_fd_sc_hd__a211oi_2)
     2    0.01                           _061_ (net)
                  0.28    0.00    1.82 ^ _268_/A2 (sky130_fd_sc_hd__o21ai_2)
                  0.06    0.09    1.91 v _268_/Y (sky130_fd_sc_hd__o21ai_2)
     2    0.00                           _082_ (net)
                  0.06    0.00    1.91 v _290_/A1 (sky130_fd_sc_hd__a31o_2)
                  0.06    0.24    2.14 v _290_/X (sky130_fd_sc_hd__a31o_2)
     2    0.01                           _100_ (net)
                  0.06    0.00    2.14 v _317_/A1 (sky130_fd_sc_hd__a2111o_2)
                  0.06    0.43    2.58 v _317_/X (sky130_fd_sc_hd__a2111o_2)
     1    0.00                           _123_ (net)
                  0.06    0.00    2.58 v _320_/B (sky130_fd_sc_hd__and4_2)
                  0.08    0.27    2.85 v _320_/X (sky130_fd_sc_hd__and4_2)
     3    0.02                           _126_ (net)
                  0.08    0.00    2.85 v _335_/A1 (sky130_fd_sc_hd__o41a_2)
                  0.11    0.59    3.44 v _335_/X (sky130_fd_sc_hd__o41a_2)
     3    0.02                           _139_ (net)
                  0.11    0.00    3.44 v _336_/B (sky130_fd_sc_hd__and2_2)
                  0.04    0.23    3.67 v _336_/X (sky130_fd_sc_hd__and2_2)
     1    0.00                           _140_ (net)
                  0.04    0.00    3.67 v _338_/A (sky130_fd_sc_hd__nor2_2)
                  0.43    0.38    4.05 ^ _338_/Y (sky130_fd_sc_hd__nor2_2)
     1    0.03                           sum[30] (net)
                  0.43    0.00    4.05 ^ sum[30] (out)
                                  4.05   data arrival time

                  0.00    5.50    5.50   clock clk (rise edge)
                          0.00    5.50   clock network delay (ideal)
                         -0.25    5.25   clock uncertainty
                          0.00    5.25   clock reconvergence pessimism
                          0.00    5.25   output external delay
                                  5.25   data required time
-----------------------------------------------------------------------------
                                  5.25   data required time
                                 -4.05   data arrival time
-----------------------------------------------------------------------------
                                  1.20   slack (MET)


Startpoint: b[7] (input port clocked by clk)
Endpoint: cout (output port clocked by clk)
Path Group: clk
Path Type: max

Fanout     Cap    Slew   Delay    Time   Description
-----------------------------------------------------------------------------
                  0.00    0.00    0.00   clock clk (rise edge)
                          0.00    0.00   clock network delay (ideal)
                          0.00    0.00 ^ input external delay
                  0.09    0.06    0.06 ^ b[7] (in)
     3    0.02                           b[7] (net)
                  0.09    0.00    0.06 ^ _215_/A (sky130_fd_sc_hd__or2_2)
                  0.04    0.13    0.19 ^ _215_/X (sky130_fd_sc_hd__or2_2)
     1    0.01                           _033_ (net)
                  0.04    0.00    0.19 ^ _216_/B (sky130_fd_sc_hd__nand2_2)
                  0.05    0.07    0.26 v _216_/Y (sky130_fd_sc_hd__nand2_2)
     2    0.01                           _034_ (net)
                  0.05    0.00    0.26 v _219_/A (sky130_fd_sc_hd__or3_2)
                  0.09    0.52    0.78 v _219_/X (sky130_fd_sc_hd__or3_2)
     2    0.01                           _037_ (net)
                  0.09    0.00    0.78 v _227_/C (sky130_fd_sc_hd__or4_2)
                  0.13    0.71    1.49 v _227_/X (sky130_fd_sc_hd__or4_2)
     2    0.01                           _045_ (net)
                  0.13    0.00    1.49 v _243_/A1 (sky130_fd_sc_hd__a211oi_2)
                  0.28    0.33    1.82 ^ _243_/Y (sky130_fd_sc_hd__a211oi_2)
     2    0.01                           _061_ (net)
                  0.28    0.00    1.82 ^ _268_/A2 (sky130_fd_sc_hd__o21ai_2)
                  0.06    0.09    1.91 v _268_/Y (sky130_fd_sc_hd__o21ai_2)
     2    0.00                           _082_ (net)
                  0.06    0.00    1.91 v _290_/A1 (sky130_fd_sc_hd__a31o_2)
                  0.06    0.24    2.14 v _290_/X (sky130_fd_sc_hd__a31o_2)
     2    0.01                           _100_ (net)
                  0.06    0.00    2.14 v _317_/A1 (sky130_fd_sc_hd__a2111o_2)
                  0.06    0.43    2.58 v _317_/X (sky130_fd_sc_hd__a2111o_2)
     1    0.00                           _123_ (net)
                  0.06    0.00    2.58 v _320_/B (sky130_fd_sc_hd__and4_2)
                  0.08    0.27    2.85 v _320_/X (sky130_fd_sc_hd__and4_2)
     3    0.02                           _126_ (net)
                  0.08    0.00    2.85 v _335_/A1 (sky130_fd_sc_hd__o41a_2)
                  0.11    0.59    3.44 v _335_/X (sky130_fd_sc_hd__o41a_2)
     3    0.02                           _139_ (net)
                  0.11    0.00    3.44 v _337_/B (sky130_fd_sc_hd__nor2_2)
                  0.12    0.15    3.59 ^ _337_/Y (sky130_fd_sc_hd__nor2_2)
     2    0.01                           _141_ (net)
                  0.12    0.00    3.59 ^ _343_/B1 (sky130_fd_sc_hd__a221o_2)
                  0.19    0.29    3.88 ^ _343_/X (sky130_fd_sc_hd__a221o_2)
     1    0.03                           cout (net)
                  0.19    0.00    3.88 ^ cout (out)
                                  3.88   data arrival time

                  0.00    5.50    5.50   clock clk (rise edge)
                          0.00    5.50   clock network delay (ideal)
                         -0.25    5.25   clock uncertainty
                          0.00    5.25   clock reconvergence pessimism
                          0.00    5.25   output external delay
                                  5.25   data required time
-----------------------------------------------------------------------------
                                  5.25   data required time
                                 -3.88   data arrival time
-----------------------------------------------------------------------------
                                  1.37   slack (MET)


Startpoint: b[7] (input port clocked by clk)
Endpoint: sum[28] (output port clocked by clk)
Path Group: clk
Path Type: max

Fanout     Cap    Slew   Delay    Time   Description
-----------------------------------------------------------------------------
                  0.00    0.00    0.00   clock clk (rise edge)
                          0.00    0.00   clock network delay (ideal)
                          0.00    0.00 ^ input external delay
                  0.09    0.06    0.06 ^ b[7] (in)
     3    0.02                           b[7] (net)
                  0.09    0.00    0.06 ^ _215_/A (sky130_fd_sc_hd__or2_2)
                  0.04    0.13    0.19 ^ _215_/X (sky130_fd_sc_hd__or2_2)
     1    0.01                           _033_ (net)
                  0.04    0.00    0.19 ^ _216_/B (sky130_fd_sc_hd__nand2_2)
                  0.05    0.07    0.26 v _216_/Y (sky130_fd_sc_hd__nand2_2)
     2    0.01                           _034_ (net)
                  0.05    0.00    0.26 v _219_/A (sky130_fd_sc_hd__or3_2)
                  0.09    0.52    0.78 v _219_/X (sky130_fd_sc_hd__or3_2)
     2    0.01                           _037_ (net)
                  0.09    0.00    0.78 v _227_/C (sky130_fd_sc_hd__or4_2)
                  0.13    0.71    1.49 v _227_/X (sky130_fd_sc_hd__or4_2)
     2    0.01                           _045_ (net)
                  0.13    0.00    1.49 v _243_/A1 (sky130_fd_sc_hd__a211oi_2)
                  0.28    0.33    1.82 ^ _243_/Y (sky130_fd_sc_hd__a211oi_2)
     2    0.01                           _061_ (net)
                  0.28    0.00    1.82 ^ _268_/A2 (sky130_fd_sc_hd__o21ai_2)
                  0.06    0.09    1.91 v _268_/Y (sky130_fd_sc_hd__o21ai_2)
     2    0.00                           _082_ (net)
                  0.06    0.00    1.91 v _290_/A1 (sky130_fd_sc_hd__a31o_2)
                  0.06    0.24    2.14 v _290_/X (sky130_fd_sc_hd__a31o_2)
     2    0.01                           _100_ (net)
                  0.06    0.00    2.14 v _317_/A1 (sky130_fd_sc_hd__a2111o_2)
                  0.06    0.43    2.58 v _317_/X (sky130_fd_sc_hd__a2111o_2)
     1    0.00                           _123_ (net)
                  0.06    0.00    2.58 v _320_/B (sky130_fd_sc_hd__and4_2)
                  0.08    0.27    2.85 v _320_/X (sky130_fd_sc_hd__and4_2)
     3    0.02                           _126_ (net)
                  0.08    0.00    2.85 v _324_/A (sky130_fd_sc_hd__xnor2_2)
                  0.52    0.48    3.33 ^ _324_/Y (sky130_fd_sc_hd__xnor2_2)
     1    0.03                           sum[28] (net)
                  0.52    0.00    3.33 ^ sum[28] (out)
                                  3.33   data arrival time

                  0.00    5.50    5.50   clock clk (rise edge)
                          0.00    5.50   clock network delay (ideal)
                         -0.25    5.25   clock uncertainty
                          0.00    5.25   clock reconvergence pessimism
                          0.00    5.25   output external delay
                                  5.25   data required time
-----------------------------------------------------------------------------
                                  5.25   data required time
                                 -3.33   data arrival time
-----------------------------------------------------------------------------
                                  1.92   slack (MET)


Startpoint: b[7] (input port clocked by clk)
Endpoint: sum[29] (output port clocked by clk)
Path Group: clk
Path Type: max

Fanout     Cap    Slew   Delay    Time   Description
-----------------------------------------------------------------------------
                  0.00    0.00    0.00   clock clk (rise edge)
                          0.00    0.00   clock network delay (ideal)
                          0.00    0.00 ^ input external delay
                  0.09    0.06    0.06 ^ b[7] (in)
     3    0.02                           b[7] (net)
                  0.09    0.00    0.06 ^ _215_/A (sky130_fd_sc_hd__or2_2)
                  0.04    0.13    0.19 ^ _215_/X (sky130_fd_sc_hd__or2_2)
     1    0.01                           _033_ (net)
                  0.04    0.00    0.19 ^ _216_/B (sky130_fd_sc_hd__nand2_2)
                  0.05    0.07    0.26 v _216_/Y (sky130_fd_sc_hd__nand2_2)
     2    0.01                           _034_ (net)
                  0.05    0.00    0.26 v _219_/A (sky130_fd_sc_hd__or3_2)
                  0.09    0.52    0.78 v _219_/X (sky130_fd_sc_hd__or3_2)
     2    0.01                           _037_ (net)
                  0.09    0.00    0.78 v _227_/C (sky130_fd_sc_hd__or4_2)
                  0.13    0.71    1.49 v _227_/X (sky130_fd_sc_hd__or4_2)
     2    0.01                           _045_ (net)
                  0.13    0.00    1.49 v _243_/A1 (sky130_fd_sc_hd__a211oi_2)
                  0.28    0.33    1.82 ^ _243_/Y (sky130_fd_sc_hd__a211oi_2)
     2    0.01                           _061_ (net)
                  0.28    0.00    1.82 ^ _268_/A2 (sky130_fd_sc_hd__o21ai_2)
                  0.06    0.09    1.91 v _268_/Y (sky130_fd_sc_hd__o21ai_2)
     2    0.00                           _082_ (net)
                  0.06    0.00    1.91 v _290_/A1 (sky130_fd_sc_hd__a31o_2)
                  0.06    0.24    2.14 v _290_/X (sky130_fd_sc_hd__a31o_2)
     2    0.01                           _100_ (net)
                  0.06    0.00    2.14 v _317_/A1 (sky130_fd_sc_hd__a2111o_2)
                  0.06    0.43    2.58 v _317_/X (sky130_fd_sc_hd__a2111o_2)
     1    0.00                           _123_ (net)
                  0.06    0.00    2.58 v _320_/B (sky130_fd_sc_hd__and4_2)
                  0.08    0.27    2.85 v _320_/X (sky130_fd_sc_hd__and4_2)
     3    0.02                           _126_ (net)
                  0.08    0.00    2.85 v _329_/A1 (sky130_fd_sc_hd__o21ai_2)
                  0.15    0.19    3.04 ^ _329_/Y (sky130_fd_sc_hd__o21ai_2)
     1    0.01                           _134_ (net)
                  0.15    0.00    3.04 ^ _330_/B (sky130_fd_sc_hd__xnor2_2)
                  0.56    0.27    3.31 ^ _330_/Y (sky130_fd_sc_hd__xnor2_2)
     1    0.03                           sum[29] (net)
                  0.56    0.00    3.32 ^ sum[29] (out)
                                  3.32   data arrival time

                  0.00    5.50    5.50   clock clk (rise edge)
                          0.00    5.50   clock network delay (ideal)
                         -0.25    5.25   clock uncertainty
                          0.00    5.25   clock reconvergence pessimism
                          0.00    5.25   output external delay
                                  5.25   data required time
-----------------------------------------------------------------------------
                                  5.25   data required time
                                 -3.32   data arrival time
-----------------------------------------------------------------------------
                                  1.93   slack (MET)


