
===========================================================================
report_checks -unconstrained
============================================================================
Startpoint: a[0] (input port clocked by clk)
Endpoint: sum[3] (output port clocked by clk)
Path Group: clk
Path Type: max

Fanout     Cap    Slew   Delay    Time   Description
-----------------------------------------------------------------------------
                  0.00    0.00    0.00   clock clk (rise edge)
                          0.00    0.00   clock network delay (ideal)
                          0.00    0.00 v input external delay
                  0.01    0.01    0.01 v a[0] (in)
     1    0.00                           a[0] (net)
                  0.01    0.00    0.01 v input1/A (sky130_fd_sc_hd__clkbuf_1)
                  0.04    0.09    0.09 v input1/X (sky130_fd_sc_hd__clkbuf_1)
     2    0.00                           net1 (net)
                  0.04    0.00    0.09 v _17_/A (sky130_fd_sc_hd__or2_1)
                  0.06    0.25    0.34 v _17_/X (sky130_fd_sc_hd__or2_1)
     2    0.01                           _02_ (net)
                  0.06    0.00    0.34 v _19_/A2 (sky130_fd_sc_hd__a21boi_1)
                  0.21    0.23    0.57 ^ _19_/Y (sky130_fd_sc_hd__a21boi_1)
     2    0.01                           _04_ (net)
                  0.21    0.00    0.57 ^ _22_/A1 (sky130_fd_sc_hd__o21ba_1)
                  0.10    0.21    0.78 ^ _22_/X (sky130_fd_sc_hd__o21ba_1)
     2    0.01                           _07_ (net)
                  0.10    0.00    0.78 ^ _24_/A2 (sky130_fd_sc_hd__o21ai_1)
                  0.09    0.10    0.88 v _24_/Y (sky130_fd_sc_hd__o21ai_1)
     2    0.01                           _09_ (net)
                  0.09    0.00    0.88 v _34_/A (sky130_fd_sc_hd__xnor2_1)
                  0.11    0.17    1.05 ^ _34_/Y (sky130_fd_sc_hd__xnor2_1)
     1    0.00                           net14 (net)
                  0.11    0.00    1.05 ^ output14/A (sky130_fd_sc_hd__buf_2)
                  0.18    0.24    1.29 ^ output14/X (sky130_fd_sc_hd__buf_2)
     1    0.03                           sum[3] (net)
                  0.18    0.00    1.29 ^ sum[3] (out)
                                  1.29   data arrival time

                  0.00    1.00    1.00   clock clk (rise edge)
                          0.00    1.00   clock network delay (ideal)
                         -0.25    0.75   clock uncertainty
                          0.00    0.75   clock reconvergence pessimism
                          0.00    0.75   output external delay
                                  0.75   data required time
-----------------------------------------------------------------------------
                                  0.75   data required time
                                 -1.29   data arrival time
-----------------------------------------------------------------------------
                                 -0.54   slack (VIOLATED)



===========================================================================
report_checks --slack_max -0.01
============================================================================
Startpoint: a[0] (input port clocked by clk)
Endpoint: sum[3] (output port clocked by clk)
Path Group: clk
Path Type: max

Fanout     Cap    Slew   Delay    Time   Description
-----------------------------------------------------------------------------
                  0.00    0.00    0.00   clock clk (rise edge)
                          0.00    0.00   clock network delay (ideal)
                          0.00    0.00 v input external delay
                  0.01    0.01    0.01 v a[0] (in)
     1    0.00                           a[0] (net)
                  0.01    0.00    0.01 v input1/A (sky130_fd_sc_hd__clkbuf_1)
                  0.04    0.09    0.09 v input1/X (sky130_fd_sc_hd__clkbuf_1)
     2    0.00                           net1 (net)
                  0.04    0.00    0.09 v _17_/A (sky130_fd_sc_hd__or2_1)
                  0.06    0.25    0.34 v _17_/X (sky130_fd_sc_hd__or2_1)
     2    0.01                           _02_ (net)
                  0.06    0.00    0.34 v _19_/A2 (sky130_fd_sc_hd__a21boi_1)
                  0.21    0.23    0.57 ^ _19_/Y (sky130_fd_sc_hd__a21boi_1)
     2    0.01                           _04_ (net)
                  0.21    0.00    0.57 ^ _22_/A1 (sky130_fd_sc_hd__o21ba_1)
                  0.10    0.21    0.78 ^ _22_/X (sky130_fd_sc_hd__o21ba_1)
     2    0.01                           _07_ (net)
                  0.10    0.00    0.78 ^ _24_/A2 (sky130_fd_sc_hd__o21ai_1)
                  0.09    0.10    0.88 v _24_/Y (sky130_fd_sc_hd__o21ai_1)
     2    0.01                           _09_ (net)
                  0.09    0.00    0.88 v _34_/A (sky130_fd_sc_hd__xnor2_1)
                  0.11    0.17    1.05 ^ _34_/Y (sky130_fd_sc_hd__xnor2_1)
     1    0.00                           net14 (net)
                  0.11    0.00    1.05 ^ output14/A (sky130_fd_sc_hd__buf_2)
                  0.18    0.24    1.29 ^ output14/X (sky130_fd_sc_hd__buf_2)
     1    0.03                           sum[3] (net)
                  0.18    0.00    1.29 ^ sum[3] (out)
                                  1.29   data arrival time

                  0.00    1.00    1.00   clock clk (rise edge)
                          0.00    1.00   clock network delay (ideal)
                         -0.25    0.75   clock uncertainty
                          0.00    0.75   clock reconvergence pessimism
                          0.00    0.75   output external delay
                                  0.75   data required time
-----------------------------------------------------------------------------
                                  0.75   data required time
                                 -1.29   data arrival time
-----------------------------------------------------------------------------
                                 -0.54   slack (VIOLATED)


