
===========================================================================
report_checks -path_delay max (Setup)
============================================================================

======================= Slowest Corner ===================================

Startpoint: a[0] (input port clocked by clk)
Endpoint: sum[6] (output port clocked by clk)
Path Group: clk
Path Type: max
Corner: ss

Fanout     Cap    Slew   Delay    Time   Description
-----------------------------------------------------------------------------
                  0.00    0.00    0.00   clock clk (rise edge)
                          0.00    0.00   clock network delay (ideal)
                          0.00    0.00 ^ input external delay
                  0.04    0.02    0.02 ^ a[0] (in)
     1    0.00                           a[0] (net)
                  0.04    0.00    0.02 ^ input1/A (sky130_fd_sc_hd__clkbuf_2)
                  0.09    0.20    0.22 ^ input1/X (sky130_fd_sc_hd__clkbuf_2)
     2    0.01                           net1 (net)
                  0.09    0.00    0.22 ^ _44_/A (sky130_fd_sc_hd__nand2_1)
                  0.11    0.14    0.36 v _44_/Y (sky130_fd_sc_hd__nand2_1)
     2    0.01                           _09_ (net)
                  0.11    0.00    0.36 v _45_/B1_N (sky130_fd_sc_hd__a21bo_1)
                  0.11    0.41    0.77 ^ _45_/X (sky130_fd_sc_hd__a21bo_1)
     2    0.01                           _10_ (net)
                  0.11    0.00    0.77 ^ _48_/A1 (sky130_fd_sc_hd__a21bo_1)
                  0.11    0.26    1.03 ^ _48_/X (sky130_fd_sc_hd__a21bo_1)
     3    0.01                           _13_ (net)
                  0.11    0.00    1.03 ^ _49_/B (sky130_fd_sc_hd__nand2_1)
                  0.13    0.17    1.20 v _49_/Y (sky130_fd_sc_hd__nand2_1)
     2    0.01                           _14_ (net)
                  0.13    0.00    1.20 v _57_/A1 (sky130_fd_sc_hd__a2111o_1)
                  0.22    0.91    2.11 v _57_/X (sky130_fd_sc_hd__a2111o_1)
     2    0.01                           _22_ (net)
                  0.22    0.00    2.11 v _74_/C (sky130_fd_sc_hd__and3_1)
                  0.09    0.48    2.59 v _74_/X (sky130_fd_sc_hd__and3_1)
     1    0.01                           _32_ (net)
                  0.09    0.00    2.59 v _76_/A (sky130_fd_sc_hd__xnor2_1)
                  0.21    0.28    2.86 ^ _76_/Y (sky130_fd_sc_hd__xnor2_1)
     1    0.00                           net25 (net)
                  0.21    0.00    2.86 ^ output25/A (sky130_fd_sc_hd__buf_4)
                  0.18    0.37    3.23 ^ output25/X (sky130_fd_sc_hd__buf_4)
     1    0.03                           sum[6] (net)
                  0.18    0.00    3.24 ^ sum[6] (out)
                                  3.24   data arrival time

                  0.00    1.00    1.00   clock clk (rise edge)
                          0.00    1.00   clock network delay (ideal)
                         -0.25    0.75   clock uncertainty
                          0.00    0.75   clock reconvergence pessimism
                          0.00    0.75   output external delay
                                  0.75   data required time
-----------------------------------------------------------------------------
                                  0.75   data required time
                                 -3.24   data arrival time
-----------------------------------------------------------------------------
                                 -2.49   slack (VIOLATED)


Startpoint: a[0] (input port clocked by clk)
Endpoint: cout (output port clocked by clk)
Path Group: clk
Path Type: max
Corner: ss

Fanout     Cap    Slew   Delay    Time   Description
-----------------------------------------------------------------------------
                  0.00    0.00    0.00   clock clk (rise edge)
                          0.00    0.00   clock network delay (ideal)
                          0.00    0.00 v input external delay
                  0.02    0.01    0.01 v a[0] (in)
     1    0.00                           a[0] (net)
                  0.02    0.00    0.01 v input1/A (sky130_fd_sc_hd__clkbuf_2)
                  0.07    0.19    0.21 v input1/X (sky130_fd_sc_hd__clkbuf_2)
     2    0.01                           net1 (net)
                  0.07    0.00    0.21 v _43_/A (sky130_fd_sc_hd__or2_1)
                  0.12    0.55    0.76 v _43_/X (sky130_fd_sc_hd__or2_1)
     2    0.01                           _08_ (net)
                  0.12    0.00    0.76 v _45_/A2 (sky130_fd_sc_hd__a21bo_1)
                  0.09    0.41    1.17 v _45_/X (sky130_fd_sc_hd__a21bo_1)
     2    0.01                           _10_ (net)
                  0.09    0.00    1.17 v _48_/A1 (sky130_fd_sc_hd__a21bo_1)
                  0.09    0.36    1.53 v _48_/X (sky130_fd_sc_hd__a21bo_1)
     3    0.01                           _13_ (net)
                  0.09    0.00    1.53 v _49_/B (sky130_fd_sc_hd__nand2_1)
                  0.12    0.15    1.68 ^ _49_/Y (sky130_fd_sc_hd__nand2_1)
     2    0.01                           _14_ (net)
                  0.12    0.00    1.68 ^ _57_/A1 (sky130_fd_sc_hd__a2111o_1)
                  0.24    0.42    2.10 ^ _57_/X (sky130_fd_sc_hd__a2111o_1)
     2    0.02                           _22_ (net)
                  0.24    0.00    2.10 ^ _59_/A4 (sky130_fd_sc_hd__a41oi_4)
                  0.20    0.35    2.45 v _59_/Y (sky130_fd_sc_hd__a41oi_4)
     2    0.01                           _24_ (net)
                  0.20    0.00    2.45 v _61_/A2 (sky130_fd_sc_hd__a21bo_1)
                  0.08    0.44    2.88 v _61_/X (sky130_fd_sc_hd__a21bo_1)
     1    0.01                           net18 (net)
                  0.08    0.00    2.88 v output18/A (sky130_fd_sc_hd__buf_4)
                  0.10    0.33    3.21 v output18/X (sky130_fd_sc_hd__buf_4)
     1    0.03                           cout (net)
                  0.10    0.00    3.21 v cout (out)
                                  3.21   data arrival time

                  0.00    1.00    1.00   clock clk (rise edge)
                          0.00    1.00   clock network delay (ideal)
                         -0.25    0.75   clock uncertainty
                          0.00    0.75   clock reconvergence pessimism
                          0.00    0.75   output external delay
                                  0.75   data required time
-----------------------------------------------------------------------------
                                  0.75   data required time
                                 -3.21   data arrival time
-----------------------------------------------------------------------------
                                 -2.46   slack (VIOLATED)


Startpoint: a[0] (input port clocked by clk)
Endpoint: sum[7] (output port clocked by clk)
Path Group: clk
Path Type: max
Corner: ss

Fanout     Cap    Slew   Delay    Time   Description
-----------------------------------------------------------------------------
                  0.00    0.00    0.00   clock clk (rise edge)
                          0.00    0.00   clock network delay (ideal)
                          0.00    0.00 ^ input external delay
                  0.04    0.02    0.02 ^ a[0] (in)
     1    0.00                           a[0] (net)
                  0.04    0.00    0.02 ^ input1/A (sky130_fd_sc_hd__clkbuf_2)
                  0.09    0.20    0.22 ^ input1/X (sky130_fd_sc_hd__clkbuf_2)
     2    0.01                           net1 (net)
                  0.09    0.00    0.22 ^ _44_/A (sky130_fd_sc_hd__nand2_1)
                  0.11    0.14    0.36 v _44_/Y (sky130_fd_sc_hd__nand2_1)
     2    0.01                           _09_ (net)
                  0.11    0.00    0.36 v _45_/B1_N (sky130_fd_sc_hd__a21bo_1)
                  0.11    0.41    0.77 ^ _45_/X (sky130_fd_sc_hd__a21bo_1)
     2    0.01                           _10_ (net)
                  0.11    0.00    0.77 ^ _48_/A1 (sky130_fd_sc_hd__a21bo_1)
                  0.11    0.26    1.03 ^ _48_/X (sky130_fd_sc_hd__a21bo_1)
     3    0.01                           _13_ (net)
                  0.11    0.00    1.03 ^ _49_/B (sky130_fd_sc_hd__nand2_1)
                  0.13    0.17    1.20 v _49_/Y (sky130_fd_sc_hd__nand2_1)
     2    0.01                           _14_ (net)
                  0.13    0.00    1.20 v _57_/A1 (sky130_fd_sc_hd__a2111o_1)
                  0.22    0.91    2.11 v _57_/X (sky130_fd_sc_hd__a2111o_1)
     2    0.01                           _22_ (net)
                  0.22    0.00    2.11 v _59_/A4 (sky130_fd_sc_hd__a41oi_4)
                  0.27    0.45    2.56 ^ _59_/Y (sky130_fd_sc_hd__a41oi_4)
     2    0.01                           _24_ (net)
                  0.27    0.00    2.56 ^ _78_/A (sky130_fd_sc_hd__xnor2_1)
                  0.19    0.28    2.84 ^ _78_/Y (sky130_fd_sc_hd__xnor2_1)
     1    0.00                           net26 (net)
                  0.19    0.00    2.84 ^ output26/A (sky130_fd_sc_hd__buf_4)
                  0.17    0.35    3.19 ^ output26/X (sky130_fd_sc_hd__buf_4)
     1    0.03                           sum[7] (net)
                  0.17    0.00    3.19 ^ sum[7] (out)
                                  3.19   data arrival time

                  0.00    1.00    1.00   clock clk (rise edge)
                          0.00    1.00   clock network delay (ideal)
                         -0.25    0.75   clock uncertainty
                          0.00    0.75   clock reconvergence pessimism
                          0.00    0.75   output external delay
                                  0.75   data required time
-----------------------------------------------------------------------------
                                  0.75   data required time
                                 -3.19   data arrival time
-----------------------------------------------------------------------------
                                 -2.44   slack (VIOLATED)


Startpoint: a[0] (input port clocked by clk)
Endpoint: sum[3] (output port clocked by clk)
Path Group: clk
Path Type: max
Corner: ss

Fanout     Cap    Slew   Delay    Time   Description
-----------------------------------------------------------------------------
                  0.00    0.00    0.00   clock clk (rise edge)
                          0.00    0.00   clock network delay (ideal)
                          0.00    0.00 v input external delay
                  0.02    0.01    0.01 v a[0] (in)
     1    0.00                           a[0] (net)
                  0.02    0.00    0.01 v input1/A (sky130_fd_sc_hd__clkbuf_2)
                  0.07    0.19    0.21 v input1/X (sky130_fd_sc_hd__clkbuf_2)
     2    0.01                           net1 (net)
                  0.07    0.00    0.21 v _43_/A (sky130_fd_sc_hd__or2_1)
                  0.12    0.55    0.76 v _43_/X (sky130_fd_sc_hd__or2_1)
     2    0.01                           _08_ (net)
                  0.12    0.00    0.76 v _45_/A2 (sky130_fd_sc_hd__a21bo_1)
                  0.09    0.41    1.17 v _45_/X (sky130_fd_sc_hd__a21bo_1)
     2    0.01                           _10_ (net)
                  0.09    0.00    1.17 v _48_/A1 (sky130_fd_sc_hd__a21bo_1)
                  0.09    0.36    1.53 v _48_/X (sky130_fd_sc_hd__a21bo_1)
     3    0.01                           _13_ (net)
                  0.09    0.00    1.53 v rebuffer1/A (sky130_fd_sc_hd__dlygate4sd1_1)
                  0.06    0.50    2.03 v rebuffer1/X (sky130_fd_sc_hd__dlygate4sd1_1)
     1    0.00                           net27 (net)
                  0.06    0.00    2.03 v _68_/A2 (sky130_fd_sc_hd__a21o_1)
                  0.08    0.35    2.38 v _68_/X (sky130_fd_sc_hd__a21o_1)
     1    0.00                           _29_ (net)
                  0.08    0.00    2.38 v _69_/B (sky130_fd_sc_hd__xnor2_1)
                  0.22    0.25    2.63 ^ _69_/Y (sky130_fd_sc_hd__xnor2_1)
     1    0.00                           net22 (net)
                  0.22    0.00    2.63 ^ output22/A (sky130_fd_sc_hd__buf_2)
                  0.28    0.44    3.07 ^ output22/X (sky130_fd_sc_hd__buf_2)
     1    0.03                           sum[3] (net)
                  0.28    0.00    3.07 ^ sum[3] (out)
                                  3.07   data arrival time

                  0.00    1.00    1.00   clock clk (rise edge)
                          0.00    1.00   clock network delay (ideal)
                         -0.25    0.75   clock uncertainty
                          0.00    0.75   clock reconvergence pessimism
                          0.00    0.75   output external delay
                                  0.75   data required time
-----------------------------------------------------------------------------
                                  0.75   data required time
                                 -3.07   data arrival time
-----------------------------------------------------------------------------
                                 -2.32   slack (VIOLATED)


Startpoint: a[0] (input port clocked by clk)
Endpoint: sum[5] (output port clocked by clk)
Path Group: clk
Path Type: max
Corner: ss

Fanout     Cap    Slew   Delay    Time   Description
-----------------------------------------------------------------------------
                  0.00    0.00    0.00   clock clk (rise edge)
                          0.00    0.00   clock network delay (ideal)
                          0.00    0.00 v input external delay
                  0.02    0.01    0.01 v a[0] (in)
     1    0.00                           a[0] (net)
                  0.02    0.00    0.01 v input1/A (sky130_fd_sc_hd__clkbuf_2)
                  0.07    0.19    0.21 v input1/X (sky130_fd_sc_hd__clkbuf_2)
     2    0.01                           net1 (net)
                  0.07    0.00    0.21 v _43_/A (sky130_fd_sc_hd__or2_1)
                  0.12    0.55    0.76 v _43_/X (sky130_fd_sc_hd__or2_1)
     2    0.01                           _08_ (net)
                  0.12    0.00    0.76 v _45_/A2 (sky130_fd_sc_hd__a21bo_1)
                  0.09    0.41    1.17 v _45_/X (sky130_fd_sc_hd__a21bo_1)
     2    0.01                           _10_ (net)
                  0.09    0.00    1.17 v _48_/A1 (sky130_fd_sc_hd__a21bo_1)
                  0.09    0.36    1.53 v _48_/X (sky130_fd_sc_hd__a21bo_1)
     3    0.01                           _13_ (net)
                  0.09    0.00    1.53 v _49_/B (sky130_fd_sc_hd__nand2_1)
                  0.12    0.15    1.68 ^ _49_/Y (sky130_fd_sc_hd__nand2_1)
     2    0.01                           _14_ (net)
                  0.12    0.00    1.68 ^ rebuffer5/A (sky130_fd_sc_hd__clkbuf_2)
                  0.06    0.21    1.89 ^ rebuffer5/X (sky130_fd_sc_hd__clkbuf_2)
     1    0.00                           net31 (net)
                  0.06    0.00    1.89 ^ _70_/A1 (sky130_fd_sc_hd__a21oi_2)
                  0.12    0.13    2.02 v _70_/Y (sky130_fd_sc_hd__a21oi_2)
     2    0.01                           _30_ (net)
                  0.12    0.00    2.02 v _72_/A2 (sky130_fd_sc_hd__a21bo_1)
                  0.08    0.40    2.42 v _72_/X (sky130_fd_sc_hd__a21bo_1)
     1    0.01                           _31_ (net)
                  0.08    0.00    2.42 v _73_/B (sky130_fd_sc_hd__xnor2_1)
                  0.19    0.23    2.65 ^ _73_/Y (sky130_fd_sc_hd__xnor2_1)
     1    0.00                           net24 (net)
                  0.19    0.00    2.65 ^ output24/A (sky130_fd_sc_hd__buf_4)
                  0.17    0.35    3.01 ^ output24/X (sky130_fd_sc_hd__buf_4)
     1    0.03                           sum[5] (net)
                  0.17    0.00    3.01 ^ sum[5] (out)
                                  3.01   data arrival time

                  0.00    1.00    1.00   clock clk (rise edge)
                          0.00    1.00   clock network delay (ideal)
                         -0.25    0.75   clock uncertainty
                          0.00    0.75   clock reconvergence pessimism
                          0.00    0.75   output external delay
                                  0.75   data required time
-----------------------------------------------------------------------------
                                  0.75   data required time
                                 -3.01   data arrival time
-----------------------------------------------------------------------------
                                 -2.26   slack (VIOLATED)


Startpoint: a[0] (input port clocked by clk)
Endpoint: sum[2] (output port clocked by clk)
Path Group: clk
Path Type: max
Corner: ss

Fanout     Cap    Slew   Delay    Time   Description
-----------------------------------------------------------------------------
                  0.00    0.00    0.00   clock clk (rise edge)
                          0.00    0.00   clock network delay (ideal)
                          0.00    0.00 v input external delay
                  0.02    0.01    0.01 v a[0] (in)
     1    0.00                           a[0] (net)
                  0.02    0.00    0.01 v input1/A (sky130_fd_sc_hd__clkbuf_2)
                  0.07    0.19    0.21 v input1/X (sky130_fd_sc_hd__clkbuf_2)
     2    0.01                           net1 (net)
                  0.07    0.00    0.21 v _43_/A (sky130_fd_sc_hd__or2_1)
                  0.12    0.55    0.76 v _43_/X (sky130_fd_sc_hd__or2_1)
     2    0.01                           _08_ (net)
                  0.12    0.00    0.76 v _45_/A2 (sky130_fd_sc_hd__a21bo_1)
                  0.09    0.41    1.17 v _45_/X (sky130_fd_sc_hd__a21bo_1)
     2    0.01                           _10_ (net)
                  0.09    0.00    1.17 v _48_/A1 (sky130_fd_sc_hd__a21bo_1)
                  0.09    0.36    1.53 v _48_/X (sky130_fd_sc_hd__a21bo_1)
     3    0.01                           _13_ (net)
                  0.09    0.00    1.53 v rebuffer2/A (sky130_fd_sc_hd__dlygate4sd1_1)
                  0.08    0.53    2.06 v rebuffer2/X (sky130_fd_sc_hd__dlygate4sd1_1)
     1    0.01                           net28 (net)
                  0.08    0.00    2.06 v _66_/B (sky130_fd_sc_hd__xor2_1)
                  0.09    0.27    2.33 v _66_/X (sky130_fd_sc_hd__xor2_1)
     1    0.00                           net21 (net)
                  0.09    0.00    2.33 v output21/A (sky130_fd_sc_hd__buf_2)
                  0.16    0.37    2.71 v output21/X (sky130_fd_sc_hd__buf_2)
     1    0.03                           sum[2] (net)
                  0.16    0.00    2.71 v sum[2] (out)
                                  2.71   data arrival time

                  0.00    1.00    1.00   clock clk (rise edge)
                          0.00    1.00   clock network delay (ideal)
                         -0.25    0.75   clock uncertainty
                          0.00    0.75   clock reconvergence pessimism
                          0.00    0.75   output external delay
                                  0.75   data required time
-----------------------------------------------------------------------------
                                  0.75   data required time
                                 -2.71   data arrival time
-----------------------------------------------------------------------------
                                 -1.96   slack (VIOLATED)


Startpoint: a[0] (input port clocked by clk)
Endpoint: sum[4] (output port clocked by clk)
Path Group: clk
Path Type: max
Corner: ss

Fanout     Cap    Slew   Delay    Time   Description
-----------------------------------------------------------------------------
                  0.00    0.00    0.00   clock clk (rise edge)
                          0.00    0.00   clock network delay (ideal)
                          0.00    0.00 v input external delay
                  0.02    0.01    0.01 v a[0] (in)
     1    0.00                           a[0] (net)
                  0.02    0.00    0.01 v input1/A (sky130_fd_sc_hd__clkbuf_2)
                  0.07    0.19    0.21 v input1/X (sky130_fd_sc_hd__clkbuf_2)
     2    0.01                           net1 (net)
                  0.07    0.00    0.21 v _43_/A (sky130_fd_sc_hd__or2_1)
                  0.12    0.55    0.76 v _43_/X (sky130_fd_sc_hd__or2_1)
     2    0.01                           _08_ (net)
                  0.12    0.00    0.76 v _45_/A2 (sky130_fd_sc_hd__a21bo_1)
                  0.09    0.41    1.17 v _45_/X (sky130_fd_sc_hd__a21bo_1)
     2    0.01                           _10_ (net)
                  0.09    0.00    1.17 v _48_/A1 (sky130_fd_sc_hd__a21bo_1)
                  0.09    0.36    1.53 v _48_/X (sky130_fd_sc_hd__a21bo_1)
     3    0.01                           _13_ (net)
                  0.09    0.00    1.53 v _49_/B (sky130_fd_sc_hd__nand2_1)
                  0.12    0.15    1.68 ^ _49_/Y (sky130_fd_sc_hd__nand2_1)
     2    0.01                           _14_ (net)
                  0.12    0.00    1.68 ^ rebuffer5/A (sky130_fd_sc_hd__clkbuf_2)
                  0.06    0.21    1.89 ^ rebuffer5/X (sky130_fd_sc_hd__clkbuf_2)
     1    0.00                           net31 (net)
                  0.06    0.00    1.89 ^ _70_/A1 (sky130_fd_sc_hd__a21oi_2)
                  0.12    0.13    2.02 v _70_/Y (sky130_fd_sc_hd__a21oi_2)
     2    0.01                           _30_ (net)
                  0.12    0.00    2.03 v _71_/B (sky130_fd_sc_hd__xnor2_1)
                  0.18    0.24    2.26 ^ _71_/Y (sky130_fd_sc_hd__xnor2_1)
     1    0.00                           net23 (net)
                  0.18    0.00    2.26 ^ output23/A (sky130_fd_sc_hd__buf_2)
                  0.27    0.42    2.68 ^ output23/X (sky130_fd_sc_hd__buf_2)
     1    0.03                           sum[4] (net)
                  0.27    0.00    2.68 ^ sum[4] (out)
                                  2.68   data arrival time

                  0.00    1.00    1.00   clock clk (rise edge)
                          0.00    1.00   clock network delay (ideal)
                         -0.25    0.75   clock uncertainty
                          0.00    0.75   clock reconvergence pessimism
                          0.00    0.75   output external delay
                                  0.75   data required time
-----------------------------------------------------------------------------
                                  0.75   data required time
                                 -2.68   data arrival time
-----------------------------------------------------------------------------
                                 -1.93   slack (VIOLATED)


Startpoint: a[0] (input port clocked by clk)
Endpoint: sum[1] (output port clocked by clk)
Path Group: clk
Path Type: max
Corner: ss

Fanout     Cap    Slew   Delay    Time   Description
-----------------------------------------------------------------------------
                  0.00    0.00    0.00   clock clk (rise edge)
                          0.00    0.00   clock network delay (ideal)
                          0.00    0.00 v input external delay
                  0.02    0.01    0.01 v a[0] (in)
     1    0.00                           a[0] (net)
                  0.02    0.00    0.01 v input1/A (sky130_fd_sc_hd__clkbuf_2)
                  0.07    0.19    0.21 v input1/X (sky130_fd_sc_hd__clkbuf_2)
     2    0.01                           net1 (net)
                  0.07    0.00    0.21 v _43_/A (sky130_fd_sc_hd__or2_1)
                  0.12    0.55    0.76 v _43_/X (sky130_fd_sc_hd__or2_1)
     2    0.01                           _08_ (net)
                  0.12    0.00    0.76 v _45_/A2 (sky130_fd_sc_hd__a21bo_1)
                  0.09    0.41    1.17 v _45_/X (sky130_fd_sc_hd__a21bo_1)
     2    0.01                           _10_ (net)
                  0.09    0.00    1.17 v rebuffer3/A (sky130_fd_sc_hd__dlygate4sd1_1)
                  0.08    0.53    1.69 v rebuffer3/X (sky130_fd_sc_hd__dlygate4sd1_1)
     1    0.00                           net29 (net)
                  0.08    0.00    1.69 v _65_/A (sky130_fd_sc_hd__xnor2_1)
                  0.18    0.25    1.94 ^ _65_/Y (sky130_fd_sc_hd__xnor2_1)
     1    0.00                           net20 (net)
                  0.18    0.00    1.94 ^ output20/A (sky130_fd_sc_hd__buf_2)
                  0.28    0.42    2.36 ^ output20/X (sky130_fd_sc_hd__buf_2)
     1    0.03                           sum[1] (net)
                  0.28    0.00    2.37 ^ sum[1] (out)
                                  2.37   data arrival time

                  0.00    1.00    1.00   clock clk (rise edge)
                          0.00    1.00   clock network delay (ideal)
                         -0.25    0.75   clock uncertainty
                          0.00    0.75   clock reconvergence pessimism
                          0.00    0.75   output external delay
                                  0.75   data required time
-----------------------------------------------------------------------------
                                  0.75   data required time
                                 -2.37   data arrival time
-----------------------------------------------------------------------------
                                 -1.62   slack (VIOLATED)


Startpoint: a[0] (input port clocked by clk)
Endpoint: sum[0] (output port clocked by clk)
Path Group: clk
Path Type: max
Corner: ss

Fanout     Cap    Slew   Delay    Time   Description
-----------------------------------------------------------------------------
                  0.00    0.00    0.00   clock clk (rise edge)
                          0.00    0.00   clock network delay (ideal)
                          0.00    0.00 v input external delay
                  0.02    0.01    0.01 v a[0] (in)
     1    0.00                           a[0] (net)
                  0.02    0.00    0.01 v input1/A (sky130_fd_sc_hd__clkbuf_2)
                  0.07    0.19    0.21 v input1/X (sky130_fd_sc_hd__clkbuf_2)
     2    0.01                           net1 (net)
                  0.07    0.00    0.21 v _43_/A (sky130_fd_sc_hd__or2_1)
                  0.12    0.55    0.76 v _43_/X (sky130_fd_sc_hd__or2_1)
     2    0.01                           _08_ (net)
                  0.12    0.00    0.76 v rebuffer4/A (sky130_fd_sc_hd__dlygate4sd1_1)
                  0.06    0.52    1.28 v rebuffer4/X (sky130_fd_sc_hd__dlygate4sd1_1)
     1    0.00                           net30 (net)
                  0.06    0.00    1.28 v _62_/B (sky130_fd_sc_hd__nand2_1)
                  0.11    0.13    1.42 ^ _62_/Y (sky130_fd_sc_hd__nand2_1)
     1    0.01                           _26_ (net)
                  0.11    0.00    1.42 ^ _63_/B (sky130_fd_sc_hd__xnor2_1)
                  0.27    0.25    1.66 ^ _63_/Y (sky130_fd_sc_hd__xnor2_1)
     1    0.01                           net19 (net)
                  0.27    0.00    1.66 ^ output19/A (sky130_fd_sc_hd__buf_2)
                  0.27    0.45    2.12 ^ output19/X (sky130_fd_sc_hd__buf_2)
     1    0.03                           sum[0] (net)
                  0.27    0.00    2.12 ^ sum[0] (out)
                                  2.12   data arrival time

                  0.00    1.00    1.00   clock clk (rise edge)
                          0.00    1.00   clock network delay (ideal)
                         -0.25    0.75   clock uncertainty
                          0.00    0.75   clock reconvergence pessimism
                          0.00    0.75   output external delay
                                  0.75   data required time
-----------------------------------------------------------------------------
                                  0.75   data required time
                                 -2.12   data arrival time
-----------------------------------------------------------------------------
                                 -1.37   slack (VIOLATED)



======================= Typical Corner ===================================

Startpoint: a[0] (input port clocked by clk)
Endpoint: sum[7] (output port clocked by clk)
Path Group: clk
Path Type: max
Corner: tt

Fanout     Cap    Slew   Delay    Time   Description
-----------------------------------------------------------------------------
                  0.00    0.00    0.00   clock clk (rise edge)
                          0.00    0.00   clock network delay (ideal)
                          0.00    0.00 ^ input external delay
                  0.02    0.01    0.01 ^ a[0] (in)
     1    0.00                           a[0] (net)
                  0.02    0.00    0.01 ^ input1/A (sky130_fd_sc_hd__clkbuf_2)
                  0.06    0.11    0.13 ^ input1/X (sky130_fd_sc_hd__clkbuf_2)
     2    0.01                           net1 (net)
                  0.06    0.00    0.13 ^ _44_/A (sky130_fd_sc_hd__nand2_1)
                  0.05    0.06    0.19 v _44_/Y (sky130_fd_sc_hd__nand2_1)
     2    0.01                           _09_ (net)
                  0.05    0.00    0.19 v _45_/B1_N (sky130_fd_sc_hd__a21bo_1)
                  0.06    0.20    0.39 ^ _45_/X (sky130_fd_sc_hd__a21bo_1)
     2    0.01                           _10_ (net)
                  0.06    0.00    0.39 ^ _48_/A1 (sky130_fd_sc_hd__a21bo_1)
                  0.07    0.13    0.53 ^ _48_/X (sky130_fd_sc_hd__a21bo_1)
     3    0.01                           _13_ (net)
                  0.07    0.00    0.53 ^ _49_/B (sky130_fd_sc_hd__nand2_1)
                  0.06    0.07    0.60 v _49_/Y (sky130_fd_sc_hd__nand2_1)
     2    0.01                           _14_ (net)
                  0.06    0.00    0.60 v _57_/A1 (sky130_fd_sc_hd__a2111o_1)
                  0.12    0.45    1.06 v _57_/X (sky130_fd_sc_hd__a2111o_1)
     2    0.01                           _22_ (net)
                  0.12    0.00    1.06 v _59_/A4 (sky130_fd_sc_hd__a41oi_4)
                  0.19    0.28    1.33 ^ _59_/Y (sky130_fd_sc_hd__a41oi_4)
     2    0.01                           _24_ (net)
                  0.19    0.00    1.33 ^ _78_/A (sky130_fd_sc_hd__xnor2_1)
                  0.11    0.14    1.48 ^ _78_/Y (sky130_fd_sc_hd__xnor2_1)
     1    0.00                           net26 (net)
                  0.11    0.00    1.48 ^ output26/A (sky130_fd_sc_hd__buf_4)
                  0.10    0.19    1.67 ^ output26/X (sky130_fd_sc_hd__buf_4)
     1    0.03                           sum[7] (net)
                  0.10    0.00    1.67 ^ sum[7] (out)
                                  1.67   data arrival time

                  0.00    1.00    1.00   clock clk (rise edge)
                          0.00    1.00   clock network delay (ideal)
                         -0.25    0.75   clock uncertainty
                          0.00    0.75   clock reconvergence pessimism
                          0.00    0.75   output external delay
                                  0.75   data required time
-----------------------------------------------------------------------------
                                  0.75   data required time
                                 -1.67   data arrival time
-----------------------------------------------------------------------------
                                 -0.92   slack (VIOLATED)


Startpoint: a[0] (input port clocked by clk)
Endpoint: cout (output port clocked by clk)
Path Group: clk
Path Type: max
Corner: tt

Fanout     Cap    Slew   Delay    Time   Description
-----------------------------------------------------------------------------
                  0.00    0.00    0.00   clock clk (rise edge)
                          0.00    0.00   clock network delay (ideal)
                          0.00    0.00 ^ input external delay
                  0.02    0.01    0.01 ^ a[0] (in)
     1    0.00                           a[0] (net)
                  0.02    0.00    0.01 ^ input1/A (sky130_fd_sc_hd__clkbuf_2)
                  0.06    0.11    0.13 ^ input1/X (sky130_fd_sc_hd__clkbuf_2)
     2    0.01                           net1 (net)
                  0.06    0.00    0.13 ^ _44_/A (sky130_fd_sc_hd__nand2_1)
                  0.05    0.06    0.19 v _44_/Y (sky130_fd_sc_hd__nand2_1)
     2    0.01                           _09_ (net)
                  0.05    0.00    0.19 v _45_/B1_N (sky130_fd_sc_hd__a21bo_1)
                  0.06    0.20    0.39 ^ _45_/X (sky130_fd_sc_hd__a21bo_1)
     2    0.01                           _10_ (net)
                  0.06    0.00    0.39 ^ _48_/A1 (sky130_fd_sc_hd__a21bo_1)
                  0.07    0.13    0.53 ^ _48_/X (sky130_fd_sc_hd__a21bo_1)
     3    0.01                           _13_ (net)
                  0.07    0.00    0.53 ^ _49_/B (sky130_fd_sc_hd__nand2_1)
                  0.06    0.07    0.60 v _49_/Y (sky130_fd_sc_hd__nand2_1)
     2    0.01                           _14_ (net)
                  0.06    0.00    0.60 v _57_/A1 (sky130_fd_sc_hd__a2111o_1)
                  0.12    0.45    1.06 v _57_/X (sky130_fd_sc_hd__a2111o_1)
     2    0.01                           _22_ (net)
                  0.12    0.00    1.06 v _59_/A4 (sky130_fd_sc_hd__a41oi_4)
                  0.19    0.28    1.33 ^ _59_/Y (sky130_fd_sc_hd__a41oi_4)
     2    0.01                           _24_ (net)
                  0.19    0.00    1.33 ^ _61_/A2 (sky130_fd_sc_hd__a21bo_1)
                  0.06    0.16    1.49 ^ _61_/X (sky130_fd_sc_hd__a21bo_1)
     1    0.01                           net18 (net)
                  0.06    0.00    1.49 ^ output18/A (sky130_fd_sc_hd__buf_4)
                  0.10    0.17    1.66 ^ output18/X (sky130_fd_sc_hd__buf_4)
     1    0.03                           cout (net)
                  0.10    0.00    1.66 ^ cout (out)
                                  1.66   data arrival time

                  0.00    1.00    1.00   clock clk (rise edge)
                          0.00    1.00   clock network delay (ideal)
                         -0.25    0.75   clock uncertainty
                          0.00    0.75   clock reconvergence pessimism
                          0.00    0.75   output external delay
                                  0.75   data required time
-----------------------------------------------------------------------------
                                  0.75   data required time
                                 -1.66   data arrival time
-----------------------------------------------------------------------------
                                 -0.91   slack (VIOLATED)


Startpoint: a[0] (input port clocked by clk)
Endpoint: sum[6] (output port clocked by clk)
Path Group: clk
Path Type: max
Corner: tt

Fanout     Cap    Slew   Delay    Time   Description
-----------------------------------------------------------------------------
                  0.00    0.00    0.00   clock clk (rise edge)
                          0.00    0.00   clock network delay (ideal)
                          0.00    0.00 ^ input external delay
                  0.02    0.01    0.01 ^ a[0] (in)
     1    0.00                           a[0] (net)
                  0.02    0.00    0.01 ^ input1/A (sky130_fd_sc_hd__clkbuf_2)
                  0.06    0.11    0.13 ^ input1/X (sky130_fd_sc_hd__clkbuf_2)
     2    0.01                           net1 (net)
                  0.06    0.00    0.13 ^ _44_/A (sky130_fd_sc_hd__nand2_1)
                  0.05    0.06    0.19 v _44_/Y (sky130_fd_sc_hd__nand2_1)
     2    0.01                           _09_ (net)
                  0.05    0.00    0.19 v _45_/B1_N (sky130_fd_sc_hd__a21bo_1)
                  0.06    0.20    0.39 ^ _45_/X (sky130_fd_sc_hd__a21bo_1)
     2    0.01                           _10_ (net)
                  0.06    0.00    0.39 ^ _48_/A1 (sky130_fd_sc_hd__a21bo_1)
                  0.07    0.13    0.53 ^ _48_/X (sky130_fd_sc_hd__a21bo_1)
     3    0.01                           _13_ (net)
                  0.07    0.00    0.53 ^ _49_/B (sky130_fd_sc_hd__nand2_1)
                  0.06    0.07    0.60 v _49_/Y (sky130_fd_sc_hd__nand2_1)
     2    0.01                           _14_ (net)
                  0.06    0.00    0.60 v _57_/A1 (sky130_fd_sc_hd__a2111o_1)
                  0.12    0.45    1.06 v _57_/X (sky130_fd_sc_hd__a2111o_1)
     2    0.01                           _22_ (net)
                  0.12    0.00    1.06 v _74_/C (sky130_fd_sc_hd__and3_1)
                  0.05    0.23    1.29 v _74_/X (sky130_fd_sc_hd__and3_1)
     1    0.01                           _32_ (net)
                  0.05    0.00    1.29 v _76_/A (sky130_fd_sc_hd__xnor2_1)
                  0.13    0.16    1.45 ^ _76_/Y (sky130_fd_sc_hd__xnor2_1)
     1    0.00                           net25 (net)
                  0.13    0.00    1.45 ^ output25/A (sky130_fd_sc_hd__buf_4)
                  0.11    0.20    1.65 ^ output25/X (sky130_fd_sc_hd__buf_4)
     1    0.03                           sum[6] (net)
                  0.11    0.00    1.65 ^ sum[6] (out)
                                  1.65   data arrival time

                  0.00    1.00    1.00   clock clk (rise edge)
                          0.00    1.00   clock network delay (ideal)
                         -0.25    0.75   clock uncertainty
                          0.00    0.75   clock reconvergence pessimism
                          0.00    0.75   output external delay
                                  0.75   data required time
-----------------------------------------------------------------------------
                                  0.75   data required time
                                 -1.65   data arrival time
-----------------------------------------------------------------------------
                                 -0.90   slack (VIOLATED)


Startpoint: a[0] (input port clocked by clk)
Endpoint: sum[3] (output port clocked by clk)
Path Group: clk
Path Type: max
Corner: tt

Fanout     Cap    Slew   Delay    Time   Description
-----------------------------------------------------------------------------
                  0.00    0.00    0.00   clock clk (rise edge)
                          0.00    0.00   clock network delay (ideal)
                          0.00    0.00 v input external delay
                  0.01    0.01    0.01 v a[0] (in)
     1    0.00                           a[0] (net)
                  0.01    0.00    0.01 v input1/A (sky130_fd_sc_hd__clkbuf_2)
                  0.04    0.11    0.11 v input1/X (sky130_fd_sc_hd__clkbuf_2)
     2    0.01                           net1 (net)
                  0.04    0.00    0.11 v _43_/A (sky130_fd_sc_hd__or2_1)
                  0.06    0.25    0.36 v _43_/X (sky130_fd_sc_hd__or2_1)
     2    0.01                           _08_ (net)
                  0.06    0.00    0.36 v _45_/A2 (sky130_fd_sc_hd__a21bo_1)
                  0.05    0.22    0.58 v _45_/X (sky130_fd_sc_hd__a21bo_1)
     2    0.01                           _10_ (net)
                  0.05    0.00    0.58 v _48_/A1 (sky130_fd_sc_hd__a21bo_1)
                  0.05    0.19    0.77 v _48_/X (sky130_fd_sc_hd__a21bo_1)
     3    0.01                           _13_ (net)
                  0.05    0.00    0.77 v rebuffer1/A (sky130_fd_sc_hd__dlygate4sd1_1)
                  0.03    0.24    1.01 v rebuffer1/X (sky130_fd_sc_hd__dlygate4sd1_1)
     1    0.00                           net27 (net)
                  0.03    0.00    1.01 v _68_/A2 (sky130_fd_sc_hd__a21o_1)
                  0.04    0.18    1.19 v _68_/X (sky130_fd_sc_hd__a21o_1)
     1    0.00                           _29_ (net)
                  0.04    0.00    1.19 v _69_/B (sky130_fd_sc_hd__xnor2_1)
                  0.14    0.15    1.34 ^ _69_/Y (sky130_fd_sc_hd__xnor2_1)
     1    0.00                           net22 (net)
                  0.14    0.00    1.34 ^ output22/A (sky130_fd_sc_hd__buf_2)
                  0.18    0.25    1.58 ^ output22/X (sky130_fd_sc_hd__buf_2)
     1    0.03                           sum[3] (net)
                  0.18    0.00    1.59 ^ sum[3] (out)
                                  1.59   data arrival time

                  0.00    1.00    1.00   clock clk (rise edge)
                          0.00    1.00   clock network delay (ideal)
                         -0.25    0.75   clock uncertainty
                          0.00    0.75   clock reconvergence pessimism
                          0.00    0.75   output external delay
                                  0.75   data required time
-----------------------------------------------------------------------------
                                  0.75   data required time
                                 -1.59   data arrival time
-----------------------------------------------------------------------------
                                 -0.84   slack (VIOLATED)


Startpoint: a[0] (input port clocked by clk)
Endpoint: sum[5] (output port clocked by clk)
Path Group: clk
Path Type: max
Corner: tt

Fanout     Cap    Slew   Delay    Time   Description
-----------------------------------------------------------------------------
                  0.00    0.00    0.00   clock clk (rise edge)
                          0.00    0.00   clock network delay (ideal)
                          0.00    0.00 v input external delay
                  0.01    0.01    0.01 v a[0] (in)
     1    0.00                           a[0] (net)
                  0.01    0.00    0.01 v input1/A (sky130_fd_sc_hd__clkbuf_2)
                  0.04    0.11    0.11 v input1/X (sky130_fd_sc_hd__clkbuf_2)
     2    0.01                           net1 (net)
                  0.04    0.00    0.11 v _43_/A (sky130_fd_sc_hd__or2_1)
                  0.06    0.25    0.36 v _43_/X (sky130_fd_sc_hd__or2_1)
     2    0.01                           _08_ (net)
                  0.06    0.00    0.36 v _45_/A2 (sky130_fd_sc_hd__a21bo_1)
                  0.05    0.22    0.58 v _45_/X (sky130_fd_sc_hd__a21bo_1)
     2    0.01                           _10_ (net)
                  0.05    0.00    0.58 v _48_/A1 (sky130_fd_sc_hd__a21bo_1)
                  0.05    0.19    0.77 v _48_/X (sky130_fd_sc_hd__a21bo_1)
     3    0.01                           _13_ (net)
                  0.05    0.00    0.77 v _49_/B (sky130_fd_sc_hd__nand2_1)
                  0.07    0.09    0.86 ^ _49_/Y (sky130_fd_sc_hd__nand2_1)
     2    0.01                           _14_ (net)
                  0.07    0.00    0.86 ^ rebuffer5/A (sky130_fd_sc_hd__clkbuf_2)
                  0.04    0.11    0.97 ^ rebuffer5/X (sky130_fd_sc_hd__clkbuf_2)
     1    0.00                           net31 (net)
                  0.04    0.00    0.97 ^ _70_/A1 (sky130_fd_sc_hd__a21oi_2)
                  0.07    0.06    1.03 v _70_/Y (sky130_fd_sc_hd__a21oi_2)
     2    0.01                           _30_ (net)
                  0.07    0.00    1.03 v _72_/A2 (sky130_fd_sc_hd__a21bo_1)
                  0.05    0.22    1.25 v _72_/X (sky130_fd_sc_hd__a21bo_1)
     1    0.01                           _31_ (net)
                  0.05    0.00    1.25 v _73_/B (sky130_fd_sc_hd__xnor2_1)
                  0.12    0.13    1.38 ^ _73_/Y (sky130_fd_sc_hd__xnor2_1)
     1    0.00                           net24 (net)
                  0.12    0.00    1.38 ^ output24/A (sky130_fd_sc_hd__buf_4)
                  0.10    0.19    1.57 ^ output24/X (sky130_fd_sc_hd__buf_4)
     1    0.03                           sum[5] (net)
                  0.10    0.00    1.57 ^ sum[5] (out)
                                  1.57   data arrival time

                  0.00    1.00    1.00   clock clk (rise edge)
                          0.00    1.00   clock network delay (ideal)
                         -0.25    0.75   clock uncertainty
                          0.00    0.75   clock reconvergence pessimism
                          0.00    0.75   output external delay
                                  0.75   data required time
-----------------------------------------------------------------------------
                                  0.75   data required time
                                 -1.57   data arrival time
-----------------------------------------------------------------------------
                                 -0.82   slack (VIOLATED)


Startpoint: a[0] (input port clocked by clk)
Endpoint: sum[4] (output port clocked by clk)
Path Group: clk
Path Type: max
Corner: tt

Fanout     Cap    Slew   Delay    Time   Description
-----------------------------------------------------------------------------
                  0.00    0.00    0.00   clock clk (rise edge)
                          0.00    0.00   clock network delay (ideal)
                          0.00    0.00 v input external delay
                  0.01    0.01    0.01 v a[0] (in)
     1    0.00                           a[0] (net)
                  0.01    0.00    0.01 v input1/A (sky130_fd_sc_hd__clkbuf_2)
                  0.04    0.11    0.11 v input1/X (sky130_fd_sc_hd__clkbuf_2)
     2    0.01                           net1 (net)
                  0.04    0.00    0.11 v _43_/A (sky130_fd_sc_hd__or2_1)
                  0.06    0.25    0.36 v _43_/X (sky130_fd_sc_hd__or2_1)
     2    0.01                           _08_ (net)
                  0.06    0.00    0.36 v _45_/A2 (sky130_fd_sc_hd__a21bo_1)
                  0.05    0.22    0.58 v _45_/X (sky130_fd_sc_hd__a21bo_1)
     2    0.01                           _10_ (net)
                  0.05    0.00    0.58 v _48_/A1 (sky130_fd_sc_hd__a21bo_1)
                  0.05    0.19    0.77 v _48_/X (sky130_fd_sc_hd__a21bo_1)
     3    0.01                           _13_ (net)
                  0.05    0.00    0.77 v _49_/B (sky130_fd_sc_hd__nand2_1)
                  0.07    0.09    0.86 ^ _49_/Y (sky130_fd_sc_hd__nand2_1)
     2    0.01                           _14_ (net)
                  0.07    0.00    0.86 ^ rebuffer5/A (sky130_fd_sc_hd__clkbuf_2)
                  0.04    0.11    0.97 ^ rebuffer5/X (sky130_fd_sc_hd__clkbuf_2)
     1    0.00                           net31 (net)
                  0.04    0.00    0.97 ^ _70_/A1 (sky130_fd_sc_hd__a21oi_2)
                  0.07    0.06    1.03 v _70_/Y (sky130_fd_sc_hd__a21oi_2)
     2    0.01                           _30_ (net)
                  0.07    0.00    1.03 v _71_/B (sky130_fd_sc_hd__xnor2_1)
                  0.11    0.14    1.17 ^ _71_/Y (sky130_fd_sc_hd__xnor2_1)
     1    0.00                           net23 (net)
                  0.11    0.00    1.17 ^ output23/A (sky130_fd_sc_hd__buf_2)
                  0.17    0.23    1.41 ^ output23/X (sky130_fd_sc_hd__buf_2)
     1    0.03                           sum[4] (net)
                  0.17    0.00    1.41 ^ sum[4] (out)
                                  1.41   data arrival time

                  0.00    1.00    1.00   clock clk (rise edge)
                          0.00    1.00   clock network delay (ideal)
                         -0.25    0.75   clock uncertainty
                          0.00    0.75   clock reconvergence pessimism
                          0.00    0.75   output external delay
                                  0.75   data required time
-----------------------------------------------------------------------------
                                  0.75   data required time
                                 -1.41   data arrival time
-----------------------------------------------------------------------------
                                 -0.66   slack (VIOLATED)


Startpoint: a[0] (input port clocked by clk)
Endpoint: sum[2] (output port clocked by clk)
Path Group: clk
Path Type: max
Corner: tt

Fanout     Cap    Slew   Delay    Time   Description
-----------------------------------------------------------------------------
                  0.00    0.00    0.00   clock clk (rise edge)
                          0.00    0.00   clock network delay (ideal)
                          0.00    0.00 v input external delay
                  0.01    0.01    0.01 v a[0] (in)
     1    0.00                           a[0] (net)
                  0.01    0.00    0.01 v input1/A (sky130_fd_sc_hd__clkbuf_2)
                  0.04    0.11    0.11 v input1/X (sky130_fd_sc_hd__clkbuf_2)
     2    0.01                           net1 (net)
                  0.04    0.00    0.11 v _43_/A (sky130_fd_sc_hd__or2_1)
                  0.06    0.25    0.36 v _43_/X (sky130_fd_sc_hd__or2_1)
     2    0.01                           _08_ (net)
                  0.06    0.00    0.36 v _45_/A2 (sky130_fd_sc_hd__a21bo_1)
                  0.05    0.22    0.58 v _45_/X (sky130_fd_sc_hd__a21bo_1)
     2    0.01                           _10_ (net)
                  0.05    0.00    0.58 v _48_/A1 (sky130_fd_sc_hd__a21bo_1)
                  0.05    0.19    0.77 v _48_/X (sky130_fd_sc_hd__a21bo_1)
     3    0.01                           _13_ (net)
                  0.05    0.00    0.77 v rebuffer2/A (sky130_fd_sc_hd__dlygate4sd1_1)
                  0.04    0.25    1.02 v rebuffer2/X (sky130_fd_sc_hd__dlygate4sd1_1)
     1    0.01                           net28 (net)
                  0.04    0.00    1.02 v _66_/B (sky130_fd_sc_hd__xor2_1)
                  0.11    0.12    1.14 ^ _66_/X (sky130_fd_sc_hd__xor2_1)
     1    0.00                           net21 (net)
                  0.11    0.00    1.14 ^ output21/A (sky130_fd_sc_hd__buf_2)
                  0.17    0.23    1.37 ^ output21/X (sky130_fd_sc_hd__buf_2)
     1    0.03                           sum[2] (net)
                  0.17    0.00    1.37 ^ sum[2] (out)
                                  1.37   data arrival time

                  0.00    1.00    1.00   clock clk (rise edge)
                          0.00    1.00   clock network delay (ideal)
                         -0.25    0.75   clock uncertainty
                          0.00    0.75   clock reconvergence pessimism
                          0.00    0.75   output external delay
                                  0.75   data required time
-----------------------------------------------------------------------------
                                  0.75   data required time
                                 -1.37   data arrival time
-----------------------------------------------------------------------------
                                 -0.62   slack (VIOLATED)


Startpoint: a[0] (input port clocked by clk)
Endpoint: sum[1] (output port clocked by clk)
Path Group: clk
Path Type: max
Corner: tt

Fanout     Cap    Slew   Delay    Time   Description
-----------------------------------------------------------------------------
                  0.00    0.00    0.00   clock clk (rise edge)
                          0.00    0.00   clock network delay (ideal)
                          0.00    0.00 v input external delay
                  0.01    0.01    0.01 v a[0] (in)
     1    0.00                           a[0] (net)
                  0.01    0.00    0.01 v input1/A (sky130_fd_sc_hd__clkbuf_2)
                  0.04    0.11    0.11 v input1/X (sky130_fd_sc_hd__clkbuf_2)
     2    0.01                           net1 (net)
                  0.04    0.00    0.11 v _43_/A (sky130_fd_sc_hd__or2_1)
                  0.06    0.25    0.36 v _43_/X (sky130_fd_sc_hd__or2_1)
     2    0.01                           _08_ (net)
                  0.06    0.00    0.36 v _45_/A2 (sky130_fd_sc_hd__a21bo_1)
                  0.05    0.22    0.58 v _45_/X (sky130_fd_sc_hd__a21bo_1)
     2    0.01                           _10_ (net)
                  0.05    0.00    0.58 v rebuffer3/A (sky130_fd_sc_hd__dlygate4sd1_1)
                  0.04    0.25    0.83 v rebuffer3/X (sky130_fd_sc_hd__dlygate4sd1_1)
     1    0.00                           net29 (net)
                  0.04    0.00    0.83 v _65_/A (sky130_fd_sc_hd__xnor2_1)
                  0.11    0.15    0.97 ^ _65_/Y (sky130_fd_sc_hd__xnor2_1)
     1    0.00                           net20 (net)
                  0.11    0.00    0.97 ^ output20/A (sky130_fd_sc_hd__buf_2)
                  0.17    0.24    1.21 ^ output20/X (sky130_fd_sc_hd__buf_2)
     1    0.03                           sum[1] (net)
                  0.17    0.00    1.21 ^ sum[1] (out)
                                  1.21   data arrival time

                  0.00    1.00    1.00   clock clk (rise edge)
                          0.00    1.00   clock network delay (ideal)
                         -0.25    0.75   clock uncertainty
                          0.00    0.75   clock reconvergence pessimism
                          0.00    0.75   output external delay
                                  0.75   data required time
-----------------------------------------------------------------------------
                                  0.75   data required time
                                 -1.21   data arrival time
-----------------------------------------------------------------------------
                                 -0.46   slack (VIOLATED)


Startpoint: a[0] (input port clocked by clk)
Endpoint: sum[0] (output port clocked by clk)
Path Group: clk
Path Type: max
Corner: tt

Fanout     Cap    Slew   Delay    Time   Description
-----------------------------------------------------------------------------
                  0.00    0.00    0.00   clock clk (rise edge)
                          0.00    0.00   clock network delay (ideal)
                          0.00    0.00 v input external delay
                  0.01    0.01    0.01 v a[0] (in)
     1    0.00                           a[0] (net)
                  0.01    0.00    0.01 v input1/A (sky130_fd_sc_hd__clkbuf_2)
                  0.04    0.11    0.11 v input1/X (sky130_fd_sc_hd__clkbuf_2)
     2    0.01                           net1 (net)
                  0.04    0.00    0.11 v _43_/A (sky130_fd_sc_hd__or2_1)
                  0.06    0.25    0.36 v _43_/X (sky130_fd_sc_hd__or2_1)
     2    0.01                           _08_ (net)
                  0.06    0.00    0.36 v rebuffer4/A (sky130_fd_sc_hd__dlygate4sd1_1)
                  0.03    0.24    0.60 v rebuffer4/X (sky130_fd_sc_hd__dlygate4sd1_1)
     1    0.00                           net30 (net)
                  0.03    0.00    0.60 v _62_/B (sky130_fd_sc_hd__nand2_1)
                  0.07    0.08    0.68 ^ _62_/Y (sky130_fd_sc_hd__nand2_1)
     1    0.01                           _26_ (net)
                  0.07    0.00    0.68 ^ _63_/B (sky130_fd_sc_hd__xnor2_1)
                  0.17    0.14    0.82 ^ _63_/Y (sky130_fd_sc_hd__xnor2_1)
     1    0.01                           net19 (net)
                  0.17    0.00    0.82 ^ output19/A (sky130_fd_sc_hd__buf_2)
                  0.17    0.25    1.07 ^ output19/X (sky130_fd_sc_hd__buf_2)
     1    0.03                           sum[0] (net)
                  0.17    0.00    1.07 ^ sum[0] (out)
                                  1.07   data arrival time

                  0.00    1.00    1.00   clock clk (rise edge)
                          0.00    1.00   clock network delay (ideal)
                         -0.25    0.75   clock uncertainty
                          0.00    0.75   clock reconvergence pessimism
                          0.00    0.75   output external delay
                                  0.75   data required time
-----------------------------------------------------------------------------
                                  0.75   data required time
                                 -1.07   data arrival time
-----------------------------------------------------------------------------
                                 -0.32   slack (VIOLATED)



======================= Fastest Corner ===================================

Startpoint: a[0] (input port clocked by clk)
Endpoint: cout (output port clocked by clk)
Path Group: clk
Path Type: max
Corner: ff

Fanout     Cap    Slew   Delay    Time   Description
-----------------------------------------------------------------------------
                  0.00    0.00    0.00   clock clk (rise edge)
                          0.00    0.00   clock network delay (ideal)
                          0.00    0.00 ^ input external delay
                  0.02    0.01    0.01 ^ a[0] (in)
     1    0.00                           a[0] (net)
                  0.02    0.00    0.01 ^ input1/A (sky130_fd_sc_hd__clkbuf_2)
                  0.04    0.08    0.09 ^ input1/X (sky130_fd_sc_hd__clkbuf_2)
     2    0.01                           net1 (net)
                  0.04    0.00    0.09 ^ _43_/A (sky130_fd_sc_hd__or2_1)
                  0.05    0.08    0.17 ^ _43_/X (sky130_fd_sc_hd__or2_1)
     2    0.01                           _08_ (net)
                  0.05    0.00    0.17 ^ _45_/A2 (sky130_fd_sc_hd__a21bo_1)
                  0.05    0.09    0.26 ^ _45_/X (sky130_fd_sc_hd__a21bo_1)
     2    0.01                           _10_ (net)
                  0.05    0.00    0.26 ^ _48_/A1 (sky130_fd_sc_hd__a21bo_1)
                  0.05    0.09    0.34 ^ _48_/X (sky130_fd_sc_hd__a21bo_1)
     3    0.01                           _13_ (net)
                  0.05    0.00    0.34 ^ _49_/B (sky130_fd_sc_hd__nand2_1)
                  0.04    0.05    0.39 v _49_/Y (sky130_fd_sc_hd__nand2_1)
     2    0.01                           _14_ (net)
                  0.04    0.00    0.39 v _57_/A1 (sky130_fd_sc_hd__a2111o_1)
                  0.08    0.28    0.67 v _57_/X (sky130_fd_sc_hd__a2111o_1)
     2    0.01                           _22_ (net)
                  0.08    0.00    0.67 v _59_/A4 (sky130_fd_sc_hd__a41oi_4)
                  0.15    0.19    0.86 ^ _59_/Y (sky130_fd_sc_hd__a41oi_4)
     2    0.01                           _24_ (net)
                  0.15    0.00    0.86 ^ _61_/A2 (sky130_fd_sc_hd__a21bo_1)
                  0.04    0.10    0.96 ^ _61_/X (sky130_fd_sc_hd__a21bo_1)
     1    0.01                           net18 (net)
                  0.04    0.00    0.96 ^ output18/A (sky130_fd_sc_hd__buf_4)
                  0.08    0.11    1.07 ^ output18/X (sky130_fd_sc_hd__buf_4)
     1    0.03                           cout (net)
                  0.08    0.00    1.08 ^ cout (out)
                                  1.08   data arrival time

                  0.00    1.00    1.00   clock clk (rise edge)
                          0.00    1.00   clock network delay (ideal)
                         -0.25    0.75   clock uncertainty
                          0.00    0.75   clock reconvergence pessimism
                          0.00    0.75   output external delay
                                  0.75   data required time
-----------------------------------------------------------------------------
                                  0.75   data required time
                                 -1.08   data arrival time
-----------------------------------------------------------------------------
                                 -0.33   slack (VIOLATED)


Startpoint: a[0] (input port clocked by clk)
Endpoint: sum[7] (output port clocked by clk)
Path Group: clk
Path Type: max
Corner: ff

Fanout     Cap    Slew   Delay    Time   Description
-----------------------------------------------------------------------------
                  0.00    0.00    0.00   clock clk (rise edge)
                          0.00    0.00   clock network delay (ideal)
                          0.00    0.00 ^ input external delay
                  0.02    0.01    0.01 ^ a[0] (in)
     1    0.00                           a[0] (net)
                  0.02    0.00    0.01 ^ input1/A (sky130_fd_sc_hd__clkbuf_2)
                  0.04    0.08    0.09 ^ input1/X (sky130_fd_sc_hd__clkbuf_2)
     2    0.01                           net1 (net)
                  0.04    0.00    0.09 ^ _43_/A (sky130_fd_sc_hd__or2_1)
                  0.05    0.08    0.17 ^ _43_/X (sky130_fd_sc_hd__or2_1)
     2    0.01                           _08_ (net)
                  0.05    0.00    0.17 ^ _45_/A2 (sky130_fd_sc_hd__a21bo_1)
                  0.05    0.09    0.26 ^ _45_/X (sky130_fd_sc_hd__a21bo_1)
     2    0.01                           _10_ (net)
                  0.05    0.00    0.26 ^ _48_/A1 (sky130_fd_sc_hd__a21bo_1)
                  0.05    0.09    0.34 ^ _48_/X (sky130_fd_sc_hd__a21bo_1)
     3    0.01                           _13_ (net)
                  0.05    0.00    0.34 ^ _49_/B (sky130_fd_sc_hd__nand2_1)
                  0.04    0.05    0.39 v _49_/Y (sky130_fd_sc_hd__nand2_1)
     2    0.01                           _14_ (net)
                  0.04    0.00    0.39 v _57_/A1 (sky130_fd_sc_hd__a2111o_1)
                  0.08    0.28    0.67 v _57_/X (sky130_fd_sc_hd__a2111o_1)
     2    0.01                           _22_ (net)
                  0.08    0.00    0.67 v _59_/A4 (sky130_fd_sc_hd__a41oi_4)
                  0.15    0.19    0.86 ^ _59_/Y (sky130_fd_sc_hd__a41oi_4)
     2    0.01                           _24_ (net)
                  0.15    0.00    0.86 ^ _78_/A (sky130_fd_sc_hd__xnor2_1)
                  0.08    0.08    0.95 ^ _78_/Y (sky130_fd_sc_hd__xnor2_1)
     1    0.00                           net26 (net)
                  0.08    0.00    0.95 ^ output26/A (sky130_fd_sc_hd__buf_4)
                  0.08    0.12    1.07 ^ output26/X (sky130_fd_sc_hd__buf_4)
     1    0.03                           sum[7] (net)
                  0.08    0.00    1.07 ^ sum[7] (out)
                                  1.07   data arrival time

                  0.00    1.00    1.00   clock clk (rise edge)
                          0.00    1.00   clock network delay (ideal)
                         -0.25    0.75   clock uncertainty
                          0.00    0.75   clock reconvergence pessimism
                          0.00    0.75   output external delay
                                  0.75   data required time
-----------------------------------------------------------------------------
                                  0.75   data required time
                                 -1.07   data arrival time
-----------------------------------------------------------------------------
                                 -0.32   slack (VIOLATED)


Startpoint: a[0] (input port clocked by clk)
Endpoint: sum[6] (output port clocked by clk)
Path Group: clk
Path Type: max
Corner: ff

Fanout     Cap    Slew   Delay    Time   Description
-----------------------------------------------------------------------------
                  0.00    0.00    0.00   clock clk (rise edge)
                          0.00    0.00   clock network delay (ideal)
                          0.00    0.00 ^ input external delay
                  0.02    0.01    0.01 ^ a[0] (in)
     1    0.00                           a[0] (net)
                  0.02    0.00    0.01 ^ input1/A (sky130_fd_sc_hd__clkbuf_2)
                  0.04    0.08    0.09 ^ input1/X (sky130_fd_sc_hd__clkbuf_2)
     2    0.01                           net1 (net)
                  0.04    0.00    0.09 ^ _43_/A (sky130_fd_sc_hd__or2_1)
                  0.05    0.08    0.17 ^ _43_/X (sky130_fd_sc_hd__or2_1)
     2    0.01                           _08_ (net)
                  0.05    0.00    0.17 ^ _45_/A2 (sky130_fd_sc_hd__a21bo_1)
                  0.05    0.09    0.26 ^ _45_/X (sky130_fd_sc_hd__a21bo_1)
     2    0.01                           _10_ (net)
                  0.05    0.00    0.26 ^ _48_/A1 (sky130_fd_sc_hd__a21bo_1)
                  0.05    0.09    0.34 ^ _48_/X (sky130_fd_sc_hd__a21bo_1)
     3    0.01                           _13_ (net)
                  0.05    0.00    0.34 ^ _49_/B (sky130_fd_sc_hd__nand2_1)
                  0.04    0.05    0.39 v _49_/Y (sky130_fd_sc_hd__nand2_1)
     2    0.01                           _14_ (net)
                  0.04    0.00    0.39 v _57_/A1 (sky130_fd_sc_hd__a2111o_1)
                  0.08    0.28    0.67 v _57_/X (sky130_fd_sc_hd__a2111o_1)
     2    0.01                           _22_ (net)
                  0.08    0.00    0.67 v _74_/C (sky130_fd_sc_hd__and3_1)
                  0.03    0.15    0.81 v _74_/X (sky130_fd_sc_hd__and3_1)
     1    0.01                           _32_ (net)
                  0.03    0.00    0.81 v _76_/A (sky130_fd_sc_hd__xnor2_1)
                  0.09    0.11    0.93 ^ _76_/Y (sky130_fd_sc_hd__xnor2_1)
     1    0.00                           net25 (net)
                  0.09    0.00    0.93 ^ output25/A (sky130_fd_sc_hd__buf_4)
                  0.08    0.13    1.05 ^ output25/X (sky130_fd_sc_hd__buf_4)
     1    0.03                           sum[6] (net)
                  0.08    0.00    1.06 ^ sum[6] (out)
                                  1.06   data arrival time

                  0.00    1.00    1.00   clock clk (rise edge)
                          0.00    1.00   clock network delay (ideal)
                         -0.25    0.75   clock uncertainty
                          0.00    0.75   clock reconvergence pessimism
                          0.00    0.75   output external delay
                                  0.75   data required time
-----------------------------------------------------------------------------
                                  0.75   data required time
                                 -1.06   data arrival time
-----------------------------------------------------------------------------
                                 -0.31   slack (VIOLATED)


Startpoint: a[0] (input port clocked by clk)
Endpoint: sum[3] (output port clocked by clk)
Path Group: clk
Path Type: max
Corner: ff

Fanout     Cap    Slew   Delay    Time   Description
-----------------------------------------------------------------------------
                  0.00    0.00    0.00   clock clk (rise edge)
                          0.00    0.00   clock network delay (ideal)
                          0.00    0.00 v input external delay
                  0.01    0.00    0.00 v a[0] (in)
     1    0.00                           a[0] (net)
                  0.01    0.00    0.00 v input1/A (sky130_fd_sc_hd__clkbuf_2)
                  0.03    0.07    0.07 v input1/X (sky130_fd_sc_hd__clkbuf_2)
     2    0.01                           net1 (net)
                  0.03    0.00    0.07 v _43_/A (sky130_fd_sc_hd__or2_1)
                  0.04    0.15    0.22 v _43_/X (sky130_fd_sc_hd__or2_1)
     2    0.01                           _08_ (net)
                  0.04    0.00    0.22 v _45_/A2 (sky130_fd_sc_hd__a21bo_1)
                  0.04    0.14    0.36 v _45_/X (sky130_fd_sc_hd__a21bo_1)
     2    0.01                           _10_ (net)
                  0.04    0.00    0.36 v _48_/A1 (sky130_fd_sc_hd__a21bo_1)
                  0.04    0.12    0.49 v _48_/X (sky130_fd_sc_hd__a21bo_1)
     3    0.01                           _13_ (net)
                  0.04    0.00    0.49 v rebuffer1/A (sky130_fd_sc_hd__dlygate4sd1_1)
                  0.02    0.15    0.64 v rebuffer1/X (sky130_fd_sc_hd__dlygate4sd1_1)
     1    0.00                           net27 (net)
                  0.02    0.00    0.64 v _68_/A2 (sky130_fd_sc_hd__a21o_1)
                  0.03    0.12    0.76 v _68_/X (sky130_fd_sc_hd__a21o_1)
     1    0.00                           _29_ (net)
                  0.03    0.00    0.76 v _69_/B (sky130_fd_sc_hd__xnor2_1)
                  0.10    0.10    0.86 ^ _69_/Y (sky130_fd_sc_hd__xnor2_1)
     1    0.00                           net22 (net)
                  0.10    0.00    0.86 ^ output22/A (sky130_fd_sc_hd__buf_2)
                  0.13    0.16    1.02 ^ output22/X (sky130_fd_sc_hd__buf_2)
     1    0.03                           sum[3] (net)
                  0.13    0.00    1.03 ^ sum[3] (out)
                                  1.03   data arrival time

                  0.00    1.00    1.00   clock clk (rise edge)
                          0.00    1.00   clock network delay (ideal)
                         -0.25    0.75   clock uncertainty
                          0.00    0.75   clock reconvergence pessimism
                          0.00    0.75   output external delay
                                  0.75   data required time
-----------------------------------------------------------------------------
                                  0.75   data required time
                                 -1.03   data arrival time
-----------------------------------------------------------------------------
                                 -0.28   slack (VIOLATED)


Startpoint: a[0] (input port clocked by clk)
Endpoint: sum[5] (output port clocked by clk)
Path Group: clk
Path Type: max
Corner: ff

Fanout     Cap    Slew   Delay    Time   Description
-----------------------------------------------------------------------------
                  0.00    0.00    0.00   clock clk (rise edge)
                          0.00    0.00   clock network delay (ideal)
                          0.00    0.00 v input external delay
                  0.01    0.00    0.00 v a[0] (in)
     1    0.00                           a[0] (net)
                  0.01    0.00    0.00 v input1/A (sky130_fd_sc_hd__clkbuf_2)
                  0.03    0.07    0.07 v input1/X (sky130_fd_sc_hd__clkbuf_2)
     2    0.01                           net1 (net)
                  0.03    0.00    0.07 v _43_/A (sky130_fd_sc_hd__or2_1)
                  0.04    0.15    0.22 v _43_/X (sky130_fd_sc_hd__or2_1)
     2    0.01                           _08_ (net)
                  0.04    0.00    0.22 v _45_/A2 (sky130_fd_sc_hd__a21bo_1)
                  0.04    0.14    0.36 v _45_/X (sky130_fd_sc_hd__a21bo_1)
     2    0.01                           _10_ (net)
                  0.04    0.00    0.36 v _48_/A1 (sky130_fd_sc_hd__a21bo_1)
                  0.04    0.12    0.49 v _48_/X (sky130_fd_sc_hd__a21bo_1)
     3    0.01                           _13_ (net)
                  0.04    0.00    0.49 v _49_/B (sky130_fd_sc_hd__nand2_1)
                  0.05    0.06    0.55 ^ _49_/Y (sky130_fd_sc_hd__nand2_1)
     2    0.01                           _14_ (net)
                  0.05    0.00    0.55 ^ rebuffer5/A (sky130_fd_sc_hd__clkbuf_2)
                  0.03    0.08    0.63 ^ rebuffer5/X (sky130_fd_sc_hd__clkbuf_2)
     1    0.00                           net31 (net)
                  0.03    0.00    0.63 ^ _70_/A1 (sky130_fd_sc_hd__a21oi_2)
                  0.05    0.04    0.66 v _70_/Y (sky130_fd_sc_hd__a21oi_2)
     2    0.01                           _30_ (net)
                  0.05    0.00    0.66 v _72_/A2 (sky130_fd_sc_hd__a21bo_1)
                  0.03    0.14    0.80 v _72_/X (sky130_fd_sc_hd__a21bo_1)
     1    0.01                           _31_ (net)
                  0.03    0.00    0.80 v _73_/B (sky130_fd_sc_hd__xnor2_1)
                  0.08    0.09    0.89 ^ _73_/Y (sky130_fd_sc_hd__xnor2_1)
     1    0.00                           net24 (net)
                  0.08    0.00    0.89 ^ output24/A (sky130_fd_sc_hd__buf_4)
                  0.08    0.12    1.02 ^ output24/X (sky130_fd_sc_hd__buf_4)
     1    0.03                           sum[5] (net)
                  0.08    0.00    1.02 ^ sum[5] (out)
                                  1.02   data arrival time

                  0.00    1.00    1.00   clock clk (rise edge)
                          0.00    1.00   clock network delay (ideal)
                         -0.25    0.75   clock uncertainty
                          0.00    0.75   clock reconvergence pessimism
                          0.00    0.75   output external delay
                                  0.75   data required time
-----------------------------------------------------------------------------
                                  0.75   data required time
                                 -1.02   data arrival time
-----------------------------------------------------------------------------
                                 -0.27   slack (VIOLATED)


Startpoint: a[0] (input port clocked by clk)
Endpoint: sum[4] (output port clocked by clk)
Path Group: clk
Path Type: max
Corner: ff

Fanout     Cap    Slew   Delay    Time   Description
-----------------------------------------------------------------------------
                  0.00    0.00    0.00   clock clk (rise edge)
                          0.00    0.00   clock network delay (ideal)
                          0.00    0.00 v input external delay
                  0.01    0.00    0.00 v a[0] (in)
     1    0.00                           a[0] (net)
                  0.01    0.00    0.00 v input1/A (sky130_fd_sc_hd__clkbuf_2)
                  0.03    0.07    0.07 v input1/X (sky130_fd_sc_hd__clkbuf_2)
     2    0.01                           net1 (net)
                  0.03    0.00    0.07 v _43_/A (sky130_fd_sc_hd__or2_1)
                  0.04    0.15    0.22 v _43_/X (sky130_fd_sc_hd__or2_1)
     2    0.01                           _08_ (net)
                  0.04    0.00    0.22 v _45_/A2 (sky130_fd_sc_hd__a21bo_1)
                  0.04    0.14    0.36 v _45_/X (sky130_fd_sc_hd__a21bo_1)
     2    0.01                           _10_ (net)
                  0.04    0.00    0.36 v _48_/A1 (sky130_fd_sc_hd__a21bo_1)
                  0.04    0.12    0.49 v _48_/X (sky130_fd_sc_hd__a21bo_1)
     3    0.01                           _13_ (net)
                  0.04    0.00    0.49 v _49_/B (sky130_fd_sc_hd__nand2_1)
                  0.05    0.06    0.55 ^ _49_/Y (sky130_fd_sc_hd__nand2_1)
     2    0.01                           _14_ (net)
                  0.05    0.00    0.55 ^ rebuffer5/A (sky130_fd_sc_hd__clkbuf_2)
                  0.03    0.08    0.63 ^ rebuffer5/X (sky130_fd_sc_hd__clkbuf_2)
     1    0.00                           net31 (net)
                  0.03    0.00    0.63 ^ _70_/A1 (sky130_fd_sc_hd__a21oi_2)
                  0.05    0.04    0.66 v _70_/Y (sky130_fd_sc_hd__a21oi_2)
     2    0.01                           _30_ (net)
                  0.05    0.00    0.66 v _71_/B (sky130_fd_sc_hd__xnor2_1)
                  0.08    0.09    0.76 ^ _71_/Y (sky130_fd_sc_hd__xnor2_1)
     1    0.00                           net23 (net)
                  0.08    0.00    0.76 ^ output23/A (sky130_fd_sc_hd__buf_2)
                  0.13    0.16    0.92 ^ output23/X (sky130_fd_sc_hd__buf_2)
     1    0.03                           sum[4] (net)
                  0.13    0.00    0.92 ^ sum[4] (out)
                                  0.92   data arrival time

                  0.00    1.00    1.00   clock clk (rise edge)
                          0.00    1.00   clock network delay (ideal)
                         -0.25    0.75   clock uncertainty
                          0.00    0.75   clock reconvergence pessimism
                          0.00    0.75   output external delay
                                  0.75   data required time
-----------------------------------------------------------------------------
                                  0.75   data required time
                                 -0.92   data arrival time
-----------------------------------------------------------------------------
                                 -0.17   slack (VIOLATED)


Startpoint: a[0] (input port clocked by clk)
Endpoint: sum[2] (output port clocked by clk)
Path Group: clk
Path Type: max
Corner: ff

Fanout     Cap    Slew   Delay    Time   Description
-----------------------------------------------------------------------------
                  0.00    0.00    0.00   clock clk (rise edge)
                          0.00    0.00   clock network delay (ideal)
                          0.00    0.00 v input external delay
                  0.01    0.00    0.00 v a[0] (in)
     1    0.00                           a[0] (net)
                  0.01    0.00    0.00 v input1/A (sky130_fd_sc_hd__clkbuf_2)
                  0.03    0.07    0.07 v input1/X (sky130_fd_sc_hd__clkbuf_2)
     2    0.01                           net1 (net)
                  0.03    0.00    0.07 v _43_/A (sky130_fd_sc_hd__or2_1)
                  0.04    0.15    0.22 v _43_/X (sky130_fd_sc_hd__or2_1)
     2    0.01                           _08_ (net)
                  0.04    0.00    0.22 v _45_/A2 (sky130_fd_sc_hd__a21bo_1)
                  0.04    0.14    0.36 v _45_/X (sky130_fd_sc_hd__a21bo_1)
     2    0.01                           _10_ (net)
                  0.04    0.00    0.36 v _48_/A1 (sky130_fd_sc_hd__a21bo_1)
                  0.04    0.12    0.49 v _48_/X (sky130_fd_sc_hd__a21bo_1)
     3    0.01                           _13_ (net)
                  0.04    0.00    0.49 v rebuffer2/A (sky130_fd_sc_hd__dlygate4sd1_1)
                  0.03    0.16    0.65 v rebuffer2/X (sky130_fd_sc_hd__dlygate4sd1_1)
     1    0.01                           net28 (net)
                  0.03    0.00    0.65 v _66_/B (sky130_fd_sc_hd__xor2_1)
                  0.08    0.09    0.73 ^ _66_/X (sky130_fd_sc_hd__xor2_1)
     1    0.00                           net21 (net)
                  0.08    0.00    0.73 ^ output21/A (sky130_fd_sc_hd__buf_2)
                  0.13    0.16    0.89 ^ output21/X (sky130_fd_sc_hd__buf_2)
     1    0.03                           sum[2] (net)
                  0.13    0.00    0.89 ^ sum[2] (out)
                                  0.89   data arrival time

                  0.00    1.00    1.00   clock clk (rise edge)
                          0.00    1.00   clock network delay (ideal)
                         -0.25    0.75   clock uncertainty
                          0.00    0.75   clock reconvergence pessimism
                          0.00    0.75   output external delay
                                  0.75   data required time
-----------------------------------------------------------------------------
                                  0.75   data required time
                                 -0.89   data arrival time
-----------------------------------------------------------------------------
                                 -0.14   slack (VIOLATED)


Startpoint: a[0] (input port clocked by clk)
Endpoint: sum[1] (output port clocked by clk)
Path Group: clk
Path Type: max
Corner: ff

Fanout     Cap    Slew   Delay    Time   Description
-----------------------------------------------------------------------------
                  0.00    0.00    0.00   clock clk (rise edge)
                          0.00    0.00   clock network delay (ideal)
                          0.00    0.00 v input external delay
                  0.01    0.00    0.00 v a[0] (in)
     1    0.00                           a[0] (net)
                  0.01    0.00    0.00 v input1/A (sky130_fd_sc_hd__clkbuf_2)
                  0.03    0.07    0.07 v input1/X (sky130_fd_sc_hd__clkbuf_2)
     2    0.01                           net1 (net)
                  0.03    0.00    0.07 v _43_/A (sky130_fd_sc_hd__or2_1)
                  0.04    0.15    0.22 v _43_/X (sky130_fd_sc_hd__or2_1)
     2    0.01                           _08_ (net)
                  0.04    0.00    0.22 v _45_/A2 (sky130_fd_sc_hd__a21bo_1)
                  0.04    0.14    0.36 v _45_/X (sky130_fd_sc_hd__a21bo_1)
     2    0.01                           _10_ (net)
                  0.04    0.00    0.36 v rebuffer3/A (sky130_fd_sc_hd__dlygate4sd1_1)
                  0.03    0.16    0.52 v rebuffer3/X (sky130_fd_sc_hd__dlygate4sd1_1)
     1    0.00                           net29 (net)
                  0.03    0.00    0.52 v _65_/A (sky130_fd_sc_hd__xnor2_1)
                  0.08    0.10    0.62 ^ _65_/Y (sky130_fd_sc_hd__xnor2_1)
     1    0.00                           net20 (net)
                  0.08    0.00    0.62 ^ output20/A (sky130_fd_sc_hd__buf_2)
                  0.13    0.16    0.78 ^ output20/X (sky130_fd_sc_hd__buf_2)
     1    0.03                           sum[1] (net)
                  0.13    0.00    0.78 ^ sum[1] (out)
                                  0.78   data arrival time

                  0.00    1.00    1.00   clock clk (rise edge)
                          0.00    1.00   clock network delay (ideal)
                         -0.25    0.75   clock uncertainty
                          0.00    0.75   clock reconvergence pessimism
                          0.00    0.75   output external delay
                                  0.75   data required time
-----------------------------------------------------------------------------
                                  0.75   data required time
                                 -0.78   data arrival time
-----------------------------------------------------------------------------
                                 -0.03   slack (VIOLATED)


Startpoint: a[0] (input port clocked by clk)
Endpoint: sum[0] (output port clocked by clk)
Path Group: clk
Path Type: max
Corner: ff

Fanout     Cap    Slew   Delay    Time   Description
-----------------------------------------------------------------------------
                  0.00    0.00    0.00   clock clk (rise edge)
                          0.00    0.00   clock network delay (ideal)
                          0.00    0.00 v input external delay
                  0.01    0.00    0.00 v a[0] (in)
     1    0.00                           a[0] (net)
                  0.01    0.00    0.00 v input1/A (sky130_fd_sc_hd__clkbuf_2)
                  0.03    0.07    0.07 v input1/X (sky130_fd_sc_hd__clkbuf_2)
     2    0.01                           net1 (net)
                  0.03    0.00    0.07 v _43_/A (sky130_fd_sc_hd__or2_1)
                  0.04    0.15    0.22 v _43_/X (sky130_fd_sc_hd__or2_1)
     2    0.01                           _08_ (net)
                  0.04    0.00    0.22 v rebuffer4/A (sky130_fd_sc_hd__dlygate4sd1_1)
                  0.02    0.16    0.38 v rebuffer4/X (sky130_fd_sc_hd__dlygate4sd1_1)
     1    0.00                           net30 (net)
                  0.02    0.00    0.38 v _62_/B (sky130_fd_sc_hd__nand2_1)
                  0.05    0.06    0.44 ^ _62_/Y (sky130_fd_sc_hd__nand2_1)
     1    0.01                           _26_ (net)
                  0.05    0.00    0.44 ^ _63_/B (sky130_fd_sc_hd__xnor2_1)
                  0.12    0.09    0.53 ^ _63_/Y (sky130_fd_sc_hd__xnor2_1)
     1    0.01                           net19 (net)
                  0.12    0.00    0.53 ^ output19/A (sky130_fd_sc_hd__buf_2)
                  0.13    0.17    0.69 ^ output19/X (sky130_fd_sc_hd__buf_2)
     1    0.03                           sum[0] (net)
                  0.13    0.00    0.69 ^ sum[0] (out)
                                  0.69   data arrival time

                  0.00    1.00    1.00   clock clk (rise edge)
                          0.00    1.00   clock network delay (ideal)
                         -0.25    0.75   clock uncertainty
                          0.00    0.75   clock reconvergence pessimism
                          0.00    0.75   output external delay
                                  0.75   data required time
-----------------------------------------------------------------------------
                                  0.75   data required time
                                 -0.69   data arrival time
-----------------------------------------------------------------------------
                                  0.06   slack (MET)


