Warning - class CORE ANTENNACELL is not found. This message can be ignored if not in the antenna-avoid flow

Net - a[0]
  input1  (sky130_fd_sc_hd__clkbuf_1)  A
[1]  met2:
  PAR:    6.03  Ratio:    0.00       (Area)
  PAR:   30.67  Ratio:  400.00       (S.Area)
  CAR:    7.19  Ratio:    0.00       (C.Area)
  CAR:   36.67  Ratio:    0.00       (C.S.Area)

[1]  met1:
  PAR:    1.08  Ratio:    0.00       (Area)
  PAR:    5.91  Ratio:  400.00       (S.Area)
  CAR:    1.16  Ratio:    0.00       (C.Area)
  CAR:    6.00  Ratio:    0.00       (C.S.Area)

[1]  li1:
  PAR:    0.07  Ratio:    0.00       (Area)
  PAR:    0.09  Ratio:   75.00       (S.Area)
  CAR:    0.07  Ratio:    0.00       (C.Area)
  CAR:    0.09  Ratio:    0.00       (C.S.Area)

[1]  M1M2_PR:
  PAR:    0.11  Ratio:    6.00       (Area)
  CAR:    0.26  Ratio:    0.00       (C.Area)

[1]  L1M1_PR:
  PAR:    0.15  Ratio:    3.00       (Area)
  CAR:    0.15  Ratio:    0.00       (C.Area)


Net - a[1]
  input2  (sky130_fd_sc_hd__clkbuf_1)  A
[1]  met3:
  PAR:   17.53  Ratio:    0.00       (Area)
  PAR:   95.93  Ratio:  400.00       (S.Area)
  CAR:   19.93  Ratio:    0.00       (C.Area)
  CAR:  108.63  Ratio:    0.00       (C.S.Area)

[1]  met2:
  PAR:    1.24  Ratio:    0.00       (Area)
  PAR:    6.70  Ratio:  400.00       (S.Area)
  CAR:    2.40  Ratio:    0.00       (C.Area)
  CAR:   12.70  Ratio:    0.00       (C.S.Area)

[1]  met1:
  PAR:    1.08  Ratio:    0.00       (Area)
  PAR:    5.91  Ratio:  400.00       (S.Area)
  CAR:    1.16  Ratio:    0.00       (C.Area)
  CAR:    6.00  Ratio:    0.00       (C.S.Area)

[1]  li1:
  PAR:    0.07  Ratio:    0.00       (Area)
  PAR:    0.09  Ratio:   75.00       (S.Area)
  CAR:    0.07  Ratio:    0.00       (C.Area)
  CAR:    0.09  Ratio:    0.00       (C.S.Area)

[1]  M2M3_PR:
  PAR:    0.20  Ratio:    6.00       (Area)
  CAR:    0.47  Ratio:    0.00       (C.Area)

[1]  M1M2_PR:
  PAR:    0.11  Ratio:    6.00       (Area)
  CAR:    0.26  Ratio:    0.00       (C.Area)

[1]  L1M1_PR:
  PAR:    0.15  Ratio:    3.00       (Area)
  CAR:    0.15  Ratio:    0.00       (C.Area)


Net - a[2]
  input3  (sky130_fd_sc_hd__clkbuf_1)  A
[1]  met2:
  PAR:    8.21  Ratio:    0.00       (Area)
  PAR:   41.57  Ratio:  400.00       (S.Area)
  CAR:   15.27  Ratio:    0.00       (C.Area)
  CAR:   77.07  Ratio:    0.00       (C.S.Area)

[1]  met1:
  PAR:    6.98  Ratio:    0.00       (Area)
  PAR:   35.41  Ratio:  400.00       (S.Area)
  CAR:    7.06  Ratio:    0.00       (C.Area)
  CAR:   35.50  Ratio:    0.00       (C.S.Area)

[1]  li1:
  PAR:    0.07  Ratio:    0.00       (Area)
  PAR:    0.09  Ratio:   75.00       (S.Area)
  CAR:    0.07  Ratio:    0.00       (C.Area)
  CAR:    0.09  Ratio:    0.00       (C.S.Area)

[1]  M1M2_PR:
  PAR:    0.11  Ratio:    6.00       (Area)
  CAR:    0.26  Ratio:    0.00       (C.Area)

[1]  L1M1_PR:
  PAR:    0.15  Ratio:    3.00       (Area)
  CAR:    0.15  Ratio:    0.00       (C.Area)


Net - a[3]
  input4  (sky130_fd_sc_hd__clkbuf_1)  A
[1]  met3:
  PAR:    6.30  Ratio:    0.00       (Area)
  PAR:   36.00  Ratio:  400.00       (S.Area)
  CAR:    7.47  Ratio:    0.00       (C.Area)
  CAR:   42.07  Ratio:    0.00       (C.S.Area)

[1]  met2:
  PAR:    1.00  Ratio:    0.00       (Area)
  PAR:    5.49  Ratio:  400.00       (S.Area)
  CAR:    1.17  Ratio:    0.00       (C.Area)
  CAR:    6.07  Ratio:    0.00       (C.S.Area)

[1]  met1:
  PAR:    0.10  Ratio:    0.00       (Area)
  PAR:    0.50  Ratio:  400.00       (S.Area)
  CAR:    0.17  Ratio:    0.00       (C.Area)
  CAR:    0.59  Ratio:    0.00       (C.S.Area)

[1]  li1:
  PAR:    0.07  Ratio:    0.00       (Area)
  PAR:    0.09  Ratio:   75.00       (S.Area)
  CAR:    0.07  Ratio:    0.00       (C.Area)
  CAR:    0.09  Ratio:    0.00       (C.S.Area)

[1]  M2M3_PR:
  PAR:    0.20  Ratio:    6.00       (Area)
  CAR:    0.47  Ratio:    0.00       (C.Area)

[1]  M1M2_PR:
  PAR:    0.11  Ratio:    6.00       (Area)
  CAR:    0.26  Ratio:    0.00       (C.Area)

[1]  L1M1_PR:
  PAR:    0.15  Ratio:    3.00       (Area)
  CAR:    0.15  Ratio:    0.00       (C.Area)


Net - b[0]
  input5  (sky130_fd_sc_hd__clkbuf_1)  A
[1]  met3:
  PAR:    6.30  Ratio:    0.00       (Area)
  PAR:   36.00  Ratio:  400.00       (S.Area)
  CAR:    7.23  Ratio:    0.00       (C.Area)
  CAR:   40.86  Ratio:    0.00       (C.S.Area)

[1]  met2:
  PAR:    0.76  Ratio:    0.00       (Area)
  PAR:    4.27  Ratio:  400.00       (S.Area)
  CAR:    0.93  Ratio:    0.00       (C.Area)
  CAR:    4.86  Ratio:    0.00       (C.S.Area)

[1]  met1:
  PAR:    0.10  Ratio:    0.00       (Area)
  PAR:    0.50  Ratio:  400.00       (S.Area)
  CAR:    0.17  Ratio:    0.00       (C.Area)
  CAR:    0.59  Ratio:    0.00       (C.S.Area)

[1]  li1:
  PAR:    0.07  Ratio:    0.00       (Area)
  PAR:    0.09  Ratio:   75.00       (S.Area)
  CAR:    0.07  Ratio:    0.00       (C.Area)
  CAR:    0.09  Ratio:    0.00       (C.S.Area)

[1]  M2M3_PR:
  PAR:    0.20  Ratio:    6.00       (Area)
  CAR:    0.47  Ratio:    0.00       (C.Area)

[1]  M1M2_PR:
  PAR:    0.11  Ratio:    6.00       (Area)
  CAR:    0.26  Ratio:    0.00       (C.Area)

[1]  L1M1_PR:
  PAR:    0.15  Ratio:    3.00       (Area)
  CAR:    0.15  Ratio:    0.00       (C.Area)


Net - b[1]
  input6  (sky130_fd_sc_hd__clkbuf_1)  A
[1]  met2:
  PAR:    6.03  Ratio:    0.00       (Area)
  PAR:   30.67  Ratio:  400.00       (S.Area)
  CAR:   11.12  Ratio:    0.00       (C.Area)
  CAR:   56.34  Ratio:    0.00       (C.S.Area)

[1]  met1:
  PAR:    5.02  Ratio:    0.00       (Area)
  PAR:   25.58  Ratio:  400.00       (S.Area)
  CAR:    5.09  Ratio:    0.00       (C.Area)
  CAR:   25.66  Ratio:    0.00       (C.S.Area)

[1]  li1:
  PAR:    0.07  Ratio:    0.00       (Area)
  PAR:    0.09  Ratio:   75.00       (S.Area)
  CAR:    0.07  Ratio:    0.00       (C.Area)
  CAR:    0.09  Ratio:    0.00       (C.S.Area)

[1]  M1M2_PR:
  PAR:    0.11  Ratio:    6.00       (Area)
  CAR:    0.26  Ratio:    0.00       (C.Area)

[1]  L1M1_PR:
  PAR:    0.15  Ratio:    3.00       (Area)
  CAR:    0.15  Ratio:    0.00       (C.Area)


Net - b[2]
  input7  (sky130_fd_sc_hd__clkbuf_1)  A
[1]  met2:
  PAR:    6.52  Ratio:    0.00       (Area)
  PAR:   33.09  Ratio:  400.00       (S.Area)
  CAR:   10.21  Ratio:    0.00       (C.Area)
  CAR:   52.27  Ratio:    0.00       (C.S.Area)

[1]  met1:
  PAR:    3.62  Ratio:    0.00       (Area)
  PAR:   19.09  Ratio:  400.00       (S.Area)
  CAR:    3.69  Ratio:    0.00       (C.Area)
  CAR:   19.18  Ratio:    0.00       (C.S.Area)

[1]  li1:
  PAR:    0.07  Ratio:    0.00       (Area)
  PAR:    0.09  Ratio:   75.00       (S.Area)
  CAR:    0.07  Ratio:    0.00       (C.Area)
  CAR:    0.09  Ratio:    0.00       (C.S.Area)

[1]  M1M2_PR:
  PAR:    0.11  Ratio:    6.00       (Area)
  CAR:    0.26  Ratio:    0.00       (C.Area)

[1]  L1M1_PR:
  PAR:    0.15  Ratio:    3.00       (Area)
  CAR:    0.15  Ratio:    0.00       (C.Area)


Net - b[3]
  input8  (sky130_fd_sc_hd__clkbuf_1)  A
[1]  met3:
  PAR:   17.53  Ratio:    0.00       (Area)
  PAR:   95.93  Ratio:  400.00       (S.Area)
  CAR:   21.57  Ratio:    0.00       (C.Area)
  CAR:  117.32  Ratio:    0.00       (C.S.Area)

[1]  met2:
  PAR:    1.00  Ratio:    0.00       (Area)
  PAR:    5.49  Ratio:  400.00       (S.Area)
  CAR:    4.03  Ratio:    0.00       (C.Area)
  CAR:   21.39  Ratio:    0.00       (C.S.Area)

[1]  met1:
  PAR:    2.96  Ratio:    0.00       (Area)
  PAR:   15.82  Ratio:  400.00       (S.Area)
  CAR:    3.04  Ratio:    0.00       (C.Area)
  CAR:   15.90  Ratio:    0.00       (C.S.Area)

[1]  li1:
  PAR:    0.07  Ratio:    0.00       (Area)
  PAR:    0.09  Ratio:   75.00       (S.Area)
  CAR:    0.07  Ratio:    0.00       (C.Area)
  CAR:    0.09  Ratio:    0.00       (C.S.Area)

[1]  M2M3_PR:
  PAR:    0.20  Ratio:    6.00       (Area)
  CAR:    0.47  Ratio:    0.00       (C.Area)

[1]  M1M2_PR:
  PAR:    0.11  Ratio:    6.00       (Area)
  CAR:    0.26  Ratio:    0.00       (C.Area)

[1]  L1M1_PR:
  PAR:    0.15  Ratio:    3.00       (Area)
  CAR:    0.15  Ratio:    0.00       (C.Area)


Net - cin
  input9  (sky130_fd_sc_hd__clkbuf_1)  A
[1]  met2:
  PAR:    6.76  Ratio:    0.00       (Area)
  PAR:   34.31  Ratio:  400.00       (S.Area)
  CAR:    7.26  Ratio:    0.00       (C.Area)
  CAR:   37.03  Ratio:    0.00       (C.S.Area)

[1]  met1:
  PAR:    0.43  Ratio:    0.00       (Area)
  PAR:    2.64  Ratio:  400.00       (S.Area)
  CAR:    0.50  Ratio:    0.00       (C.Area)
  CAR:    2.72  Ratio:    0.00       (C.S.Area)

[1]  li1:
  PAR:    0.07  Ratio:    0.00       (Area)
  PAR:    0.09  Ratio:   75.00       (S.Area)
  CAR:    0.07  Ratio:    0.00       (C.Area)
  CAR:    0.09  Ratio:    0.00       (C.S.Area)

[1]  M1M2_PR:
  PAR:    0.11  Ratio:    6.00       (Area)
  CAR:    0.26  Ratio:    0.00       (C.Area)

[1]  L1M1_PR:
  PAR:    0.15  Ratio:    3.00       (Area)
  CAR:    0.15  Ratio:    0.00       (C.Area)

  No sinks on this net
  No sinks on this net
  No sinks on this net
  No sinks on this net
  No sinks on this net

Net - _00_
  _33_  (sky130_fd_sc_hd__nand2_1)  A
[1]  met2:
  PAR:    1.49  Ratio:    0.00       (Area)
  PAR:    7.76  Ratio: 2803.60       (S.Area)
  CAR:    1.63  Ratio:    0.00       (C.Area)
  CAR:    8.22  Ratio:    0.00       (C.S.Area)

[1]  met1:
  PAR:    0.08  Ratio:    0.00       (Area)
  PAR:    0.40  Ratio:  400.00       (S.Area)
  CAR:    0.14  Ratio:    0.00       (C.Area)
  CAR:    0.46  Ratio:    0.00       (C.S.Area)

[1]  li1:
  PAR:    0.06  Ratio:    0.00       (Area)
  PAR:    0.07  Ratio:   75.00       (S.Area)
  CAR:    0.06  Ratio:    0.00       (C.Area)
  CAR:    0.07  Ratio:    0.00       (C.S.Area)

[1]  M1M2_PR:
  PAR:    0.09  Ratio:    6.00       (Area)
  CAR:    0.21  Ratio:    0.00       (C.Area)

[1]  L1M1_PR:
  PAR:    0.12  Ratio:    3.00       (Area)
  CAR:    0.12  Ratio:    0.00       (C.Area)

  _26_  (sky130_fd_sc_hd__a21bo_1)  A1
[1]  met2:
  PAR:    1.49  Ratio:    0.00       (Area)
  PAR:    7.76  Ratio: 2803.60       (S.Area)
  CAR:    2.15  Ratio:    0.00       (C.Area)
  CAR:   11.22  Ratio:    0.00       (C.S.Area)

[1]  met1:
  PAR:    0.60  Ratio:    0.00       (Area)
  PAR:    3.39  Ratio:  400.00       (S.Area)
  CAR:    0.66  Ratio:    0.00       (C.Area)
  CAR:    3.46  Ratio:    0.00       (C.S.Area)

[1]  li1:
  PAR:    0.06  Ratio:    0.00       (Area)
  PAR:    0.07  Ratio:   75.00       (S.Area)
  CAR:    0.06  Ratio:    0.00       (C.Area)
  CAR:    0.07  Ratio:    0.00       (C.S.Area)

[1]  M1M2_PR:
  PAR:    0.09  Ratio:    6.00       (Area)
  CAR:    0.21  Ratio:    0.00       (C.Area)

[1]  L1M1_PR:
  PAR:    0.12  Ratio:    3.00       (Area)
  CAR:    0.12  Ratio:    0.00       (C.Area)


Net - _01_
  _24_  (sky130_fd_sc_hd__o21ai_1)  A1
[1]  met2:
  PAR:    0.93  Ratio:    0.00       (Area)
  PAR:    4.79  Ratio: 2774.20       (S.Area)
  CAR:    1.07  Ratio:    0.00       (C.Area)
  CAR:    5.25  Ratio:    0.00       (C.S.Area)

[1]  met1:
  PAR:    0.08  Ratio:    0.00       (Area)
  PAR:    0.40  Ratio:  400.00       (S.Area)
  CAR:    0.14  Ratio:    0.00       (C.Area)
  CAR:    0.46  Ratio:    0.00       (C.S.Area)

[1]  li1:
  PAR:    0.06  Ratio:    0.00       (Area)
  PAR:    0.07  Ratio:   75.00       (S.Area)
  CAR:    0.06  Ratio:    0.00       (C.Area)
  CAR:    0.07  Ratio:    0.00       (C.S.Area)

[1]  M1M2_PR:
  PAR:    0.09  Ratio:    6.00       (Area)
  CAR:    0.21  Ratio:    0.00       (C.Area)

[1]  L1M1_PR:
  PAR:    0.12  Ratio:    3.00       (Area)
  CAR:    0.12  Ratio:    0.00       (C.Area)

  _31_  (sky130_fd_sc_hd__and2b_1)  A_N
[1]  met1:
  PAR:    6.40  Ratio:    0.00       (Area)
  PAR:   33.13  Ratio: 2774.20       (S.Area)
  CAR:    6.52  Ratio:    0.00       (C.Area)
  CAR:   33.27  Ratio:    0.00       (C.S.Area)

[1]  met2:
  PAR:    0.93  Ratio:    0.00       (Area)
  PAR:    4.79  Ratio: 2774.20       (S.Area)
  CAR:    7.45  Ratio:    0.00       (C.Area)
  CAR:   38.06  Ratio:    0.00       (C.S.Area)

[1]  li1:
  PAR:    0.11  Ratio:    0.00       (Area)
  PAR:    0.13  Ratio:   75.00       (S.Area)
  CAR:    0.11  Ratio:    0.00       (C.Area)
  CAR:    0.13  Ratio:    0.00       (C.S.Area)

[1]  M1M2_PR:
  PAR:    0.18  Ratio:    6.00       (Area)
  CAR:    0.41  Ratio:    0.00       (C.Area)

[1]  L1M1_PR:
  PAR:    0.23  Ratio:    3.00       (Area)
  CAR:    0.23  Ratio:    0.00       (C.Area)


Net - _02_
  _19_  (sky130_fd_sc_hd__a21boi_1)  A2
[1]  met2:
  PAR:    0.71  Ratio:    0.00       (Area)
  PAR:    3.61  Ratio: 2803.60       (S.Area)
  CAR:    1.45  Ratio:    0.00       (C.Area)
  CAR:    7.33  Ratio:    0.00       (C.S.Area)

[1]  met1:
  PAR:    0.69  Ratio:    0.00       (Area)
  PAR:    3.65  Ratio:  400.00       (S.Area)
  CAR:    0.75  Ratio:    0.00       (C.Area)
  CAR:    3.72  Ratio:    0.00       (C.S.Area)

[1]  li1:
  PAR:    0.06  Ratio:    0.00       (Area)
  PAR:    0.07  Ratio:   75.00       (S.Area)
  CAR:    0.06  Ratio:    0.00       (C.Area)
  CAR:    0.07  Ratio:    0.00       (C.S.Area)

[1]  M1M2_PR:
  PAR:    0.05  Ratio:    6.00       (Area)
  CAR:    0.16  Ratio:    0.00       (C.Area)

[1]  L1M1_PR:
  PAR:    0.12  Ratio:    3.00       (Area)
  CAR:    0.12  Ratio:    0.00       (C.Area)

  _27_  (sky130_fd_sc_hd__nand2_1)  B
[1]  met2:
  PAR:    0.71  Ratio:    0.00       (Area)
  PAR:    3.61  Ratio: 2803.60       (S.Area)
  CAR:    1.45  Ratio:    0.00       (C.Area)
  CAR:    7.33  Ratio:    0.00       (C.S.Area)

[1]  met1:
  PAR:    0.69  Ratio:    0.00       (Area)
  PAR:    3.65  Ratio:  400.00       (S.Area)
  CAR:    0.75  Ratio:    0.00       (C.Area)
  CAR:    3.72  Ratio:    0.00       (C.S.Area)

[1]  li1:
  PAR:    0.06  Ratio:    0.00       (Area)
  PAR:    0.07  Ratio:   75.00       (S.Area)
  CAR:    0.06  Ratio:    0.00       (C.Area)
  CAR:    0.07  Ratio:    0.00       (C.S.Area)

[1]  M1M2_PR:
  PAR:    0.05  Ratio:    6.00       (Area)
  CAR:    0.16  Ratio:    0.00       (C.Area)

[1]  L1M1_PR:
  PAR:    0.12  Ratio:    3.00       (Area)
  CAR:    0.12  Ratio:    0.00       (C.Area)


Net - _03_
  _19_  (sky130_fd_sc_hd__a21boi_1)  B1_N
[1]  met1:
  PAR:    3.32  Ratio:    0.00       (Area)
  PAR:   17.25  Ratio: 2775.60       (S.Area)
  CAR:    3.44  Ratio:    0.00       (C.Area)
  CAR:   17.39  Ratio:    0.00       (C.S.Area)

[1]  li1:
  PAR:    0.11  Ratio:    0.00       (Area)
  PAR:    0.13  Ratio:   75.00       (S.Area)
  CAR:    0.11  Ratio:    0.00       (C.Area)
  CAR:    0.13  Ratio:    0.00       (C.S.Area)

[1]  L1M1_PR:
  PAR:    0.23  Ratio:    3.00       (Area)
  CAR:    0.23  Ratio:    0.00       (C.Area)

  _27_  (sky130_fd_sc_hd__nand2_1)  A
[1]  met1:
  PAR:    3.32  Ratio:    0.00       (Area)
  PAR:   17.25  Ratio: 2775.60       (S.Area)
  CAR:    3.38  Ratio:    0.00       (C.Area)
  CAR:   17.32  Ratio:    0.00       (C.S.Area)

[1]  li1:
  PAR:    0.06  Ratio:    0.00       (Area)
  PAR:    0.07  Ratio:   75.00       (S.Area)
  CAR:    0.06  Ratio:    0.00       (C.Area)
  CAR:    0.07  Ratio:    0.00       (C.S.Area)

[1]  L1M1_PR:
  PAR:    0.12  Ratio:    3.00       (Area)
  CAR:    0.12  Ratio:    0.00       (C.Area)


Net - _04_
  _22_  (sky130_fd_sc_hd__o21ba_1)  A1
[1]  met2:
  PAR:    2.60  Ratio:    0.00       (Area)
  PAR:   13.18  Ratio: 2820.40       (S.Area)
  CAR:    3.02  Ratio:    0.00       (C.Area)
  CAR:   15.25  Ratio:    0.00       (C.S.Area)

[1]  met1:
  PAR:    0.08  Ratio:    0.00       (Area)
  PAR:    0.40  Ratio:  400.00       (S.Area)
  CAR:    0.14  Ratio:    0.00       (C.Area)
  CAR:    0.46  Ratio:    0.00       (C.S.Area)

[1]  li1:
  PAR:    0.06  Ratio:    0.00       (Area)
  PAR:    0.07  Ratio:   75.00       (S.Area)
  CAR:    0.06  Ratio:    0.00       (C.Area)
  CAR:    0.07  Ratio:    0.00       (C.S.Area)

[1]  M1M2_PR:
  PAR:    0.09  Ratio:    6.00       (Area)
  CAR:    0.21  Ratio:    0.00       (C.Area)

[1]  L1M1_PR:
  PAR:    0.12  Ratio:    3.00       (Area)
  CAR:    0.12  Ratio:    0.00       (C.Area)

  _30_  (sky130_fd_sc_hd__xnor2_1)  A
[1]  met2:
  PAR:    2.60  Ratio:    0.00       (Area)
  PAR:   13.18  Ratio: 2820.40       (S.Area)
  CAR:    2.91  Ratio:    0.00       (C.Area)
  CAR:   14.82  Ratio:    0.00       (C.S.Area)

[1]  met1:
  PAR:    0.28  Ratio:    0.00       (Area)
  PAR:    1.60  Ratio:  400.00       (S.Area)
  CAR:    0.31  Ratio:    0.00       (C.Area)
  CAR:    1.63  Ratio:    0.00       (C.S.Area)

[1]  li1:
  PAR:    0.03  Ratio:    0.00       (Area)
  PAR:    0.03  Ratio:   75.00       (S.Area)
  CAR:    0.03  Ratio:    0.00       (C.Area)
  CAR:    0.03  Ratio:    0.00       (C.S.Area)

[1]  M1M2_PR:
  PAR:    0.09  Ratio:    6.00       (Area)
  CAR:    0.15  Ratio:    0.00       (C.Area)

[1]  L1M1_PR:
  PAR:    0.06  Ratio:    3.00       (Area)
  CAR:    0.06  Ratio:    0.00       (C.Area)


Net - _05_
  _22_  (sky130_fd_sc_hd__o21ba_1)  A2
[1]  met1:
  PAR:    2.67  Ratio:    0.00       (Area)
  PAR:   14.32  Ratio: 2774.20       (S.Area)
  CAR:    2.73  Ratio:    0.00       (C.Area)
  CAR:   14.39  Ratio:    0.00       (C.S.Area)

[1]  li1:
  PAR:    0.06  Ratio:    0.00       (Area)
  PAR:    0.07  Ratio:   75.00       (S.Area)
  CAR:    0.06  Ratio:    0.00       (C.Area)
  CAR:    0.07  Ratio:    0.00       (C.S.Area)

[1]  met2:
  PAR:    0.80  Ratio:    0.00       (Area)
  PAR:    4.09  Ratio: 2774.20       (S.Area)
  CAR:    3.53  Ratio:    0.00       (C.Area)
  CAR:   18.48  Ratio:    0.00       (C.S.Area)

[1]  M1M2_PR:
  PAR:    0.09  Ratio:    6.00       (Area)
  CAR:    0.21  Ratio:    0.00       (C.Area)

[1]  L1M1_PR:
  PAR:    0.12  Ratio:    3.00       (Area)
  CAR:    0.12  Ratio:    0.00       (C.Area)

  _29_  (sky130_fd_sc_hd__nor2_1)  B
[1]  met2:
  PAR:    0.80  Ratio:    0.00       (Area)
  PAR:    4.09  Ratio: 2774.20       (S.Area)
  CAR:    1.98  Ratio:    0.00       (C.Area)
  CAR:   10.16  Ratio:    0.00       (C.S.Area)

[1]  met1:
  PAR:    1.12  Ratio:    0.00       (Area)
  PAR:    6.00  Ratio:  400.00       (S.Area)
  CAR:    1.18  Ratio:    0.00       (C.Area)
  CAR:    6.06  Ratio:    0.00       (C.S.Area)

[1]  li1:
  PAR:    0.06  Ratio:    0.00       (Area)
  PAR:    0.07  Ratio:   75.00       (S.Area)
  CAR:    0.06  Ratio:    0.00       (C.Area)
  CAR:    0.07  Ratio:    0.00       (C.S.Area)

[1]  M1M2_PR:
  PAR:    0.09  Ratio:    6.00       (Area)
  CAR:    0.21  Ratio:    0.00       (C.Area)

[1]  L1M1_PR:
  PAR:    0.12  Ratio:    3.00       (Area)
  CAR:    0.12  Ratio:    0.00       (C.Area)


Net - _06_
  _29_  (sky130_fd_sc_hd__nor2_1)  A
[1]  met2:
  PAR:    1.73  Ratio:    0.00       (Area)
  PAR:    9.00  Ratio: 2862.80       (S.Area)
  CAR:    3.10  Ratio:    0.00       (C.Area)
  CAR:   16.43  Ratio:    0.00       (C.S.Area)

[1]  met1:
  PAR:    1.31  Ratio:    0.00       (Area)
  PAR:    7.35  Ratio:  400.00       (S.Area)
  CAR:    1.37  Ratio:    0.00       (C.Area)
  CAR:    7.42  Ratio:    0.00       (C.S.Area)

[1]  li1:
  PAR:    0.06  Ratio:    0.00       (Area)
  PAR:    0.07  Ratio:   75.00       (S.Area)
  CAR:    0.06  Ratio:    0.00       (C.Area)
  CAR:    0.07  Ratio:    0.00       (C.S.Area)

[1]  M1M2_PR:
  PAR:    0.09  Ratio:    6.00       (Area)
  CAR:    0.21  Ratio:    0.00       (C.Area)

[1]  L1M1_PR:
  PAR:    0.12  Ratio:    3.00       (Area)
  CAR:    0.12  Ratio:    0.00       (C.Area)

  _22_  (sky130_fd_sc_hd__o21ba_1)  B1_N
[1]  met2:
  PAR:    1.73  Ratio:    0.00       (Area)
  PAR:    9.00  Ratio: 2862.80       (S.Area)
  CAR:    2.00  Ratio:    0.00       (C.Area)
  CAR:    9.92  Ratio:    0.00       (C.S.Area)

[1]  met1:
  PAR:    0.16  Ratio:    0.00       (Area)
  PAR:    0.78  Ratio:  400.00       (S.Area)
  CAR:    0.27  Ratio:    0.00       (C.Area)
  CAR:    0.91  Ratio:    0.00       (C.S.Area)

[1]  li1:
  PAR:    0.11  Ratio:    0.00       (Area)
  PAR:    0.13  Ratio:   75.00       (S.Area)
  CAR:    0.11  Ratio:    0.00       (C.Area)
  CAR:    0.13  Ratio:    0.00       (C.S.Area)

[1]  M1M2_PR:
  PAR:    0.18  Ratio:    6.00       (Area)
  CAR:    0.41  Ratio:    0.00       (C.Area)

[1]  L1M1_PR:
  PAR:    0.23  Ratio:    3.00       (Area)
  CAR:    0.23  Ratio:    0.00       (C.Area)


Net - _07_
  _24_  (sky130_fd_sc_hd__o21ai_1)  A2
[1]  met2:
  PAR:    0.46  Ratio:    0.00       (Area)
  PAR:    2.34  Ratio: 2771.60       (S.Area)
  CAR:    2.61  Ratio:    0.00       (C.Area)
  CAR:   13.67  Ratio:    0.00       (C.S.Area)

[1]  met1:
  PAR:    2.09  Ratio:    0.00       (Area)
  PAR:   11.26  Ratio:  400.00       (S.Area)
  CAR:    2.15  Ratio:    0.00       (C.Area)
  CAR:   11.33  Ratio:    0.00       (C.S.Area)

[1]  li1:
  PAR:    0.06  Ratio:    0.00       (Area)
  PAR:    0.07  Ratio:   75.00       (S.Area)
  CAR:    0.06  Ratio:    0.00       (C.Area)
  CAR:    0.07  Ratio:    0.00       (C.S.Area)

[1]  M1M2_PR:
  PAR:    0.09  Ratio:    6.00       (Area)
  CAR:    0.21  Ratio:    0.00       (C.Area)

[1]  L1M1_PR:
  PAR:    0.12  Ratio:    3.00       (Area)
  CAR:    0.12  Ratio:    0.00       (C.Area)

  _32_  (sky130_fd_sc_hd__xnor2_1)  A
[1]  met1:
  PAR:    1.74  Ratio:    0.00       (Area)
  PAR:    8.79  Ratio: 2771.60       (S.Area)
  CAR:    1.77  Ratio:    0.00       (C.Area)
  CAR:    8.82  Ratio:    0.00       (C.S.Area)

[1]  met2:
  PAR:    0.46  Ratio:    0.00       (Area)
  PAR:    2.34  Ratio: 2771.60       (S.Area)
  CAR:    2.23  Ratio:    0.00       (C.Area)
  CAR:   11.16  Ratio:    0.00       (C.S.Area)

[1]  li1:
  PAR:    0.03  Ratio:    0.00       (Area)
  PAR:    0.03  Ratio:   75.00       (S.Area)
  CAR:    0.03  Ratio:    0.00       (C.Area)
  CAR:    0.03  Ratio:    0.00       (C.S.Area)

[1]  M1M2_PR:
  PAR:    0.05  Ratio:    6.00       (Area)
  CAR:    0.10  Ratio:    0.00       (C.Area)

[1]  L1M1_PR:
  PAR:    0.06  Ratio:    3.00       (Area)
  CAR:    0.06  Ratio:    0.00       (C.Area)


Net - _08_
  _24_  (sky130_fd_sc_hd__o21ai_1)  B1
[1]  met2:
  PAR:    2.25  Ratio:    0.00       (Area)
  PAR:   11.69  Ratio: 2775.60       (S.Area)
  CAR:    3.37  Ratio:    0.00       (C.Area)
  CAR:   17.51  Ratio:    0.00       (C.S.Area)

[1]  met1:
  PAR:    1.05  Ratio:    0.00       (Area)
  PAR:    5.74  Ratio:  400.00       (S.Area)
  CAR:    1.12  Ratio:    0.00       (C.Area)
  CAR:    5.82  Ratio:    0.00       (C.S.Area)

[1]  li1:
  PAR:    0.07  Ratio:    0.00       (Area)
  PAR:    0.08  Ratio:   75.00       (S.Area)
  CAR:    0.07  Ratio:    0.00       (C.Area)
  CAR:    0.08  Ratio:    0.00       (C.S.Area)

[1]  M1M2_PR:
  PAR:    0.11  Ratio:    6.00       (Area)
  CAR:    0.25  Ratio:    0.00       (C.Area)

[1]  L1M1_PR:
  PAR:    0.14  Ratio:    3.00       (Area)
  CAR:    0.14  Ratio:    0.00       (C.Area)

  _31_  (sky130_fd_sc_hd__and2b_1)  B
[1]  met2:
  PAR:    2.25  Ratio:    0.00       (Area)
  PAR:   11.69  Ratio: 2775.60       (S.Area)
  CAR:    4.06  Ratio:    0.00       (C.Area)
  CAR:   21.04  Ratio:    0.00       (C.S.Area)

[1]  met1:
  PAR:    1.69  Ratio:    0.00       (Area)
  PAR:    9.22  Ratio:  400.00       (S.Area)
  CAR:    1.80  Ratio:    0.00       (C.Area)
  CAR:    9.36  Ratio:    0.00       (C.S.Area)

[1]  li1:
  PAR:    0.11  Ratio:    0.00       (Area)
  PAR:    0.13  Ratio:   75.00       (S.Area)
  CAR:    0.11  Ratio:    0.00       (C.Area)
  CAR:    0.13  Ratio:    0.00       (C.S.Area)

[1]  M1M2_PR:
  PAR:    0.18  Ratio:    6.00       (Area)
  CAR:    0.41  Ratio:    0.00       (C.Area)

[1]  L1M1_PR:
  PAR:    0.23  Ratio:    3.00       (Area)
  CAR:    0.23  Ratio:    0.00       (C.Area)


Net - _09_
  _34_  (sky130_fd_sc_hd__xnor2_1)  A
[1]  met2:
  PAR:    1.65  Ratio:    0.00       (Area)
  PAR:    8.55  Ratio: 2806.80       (S.Area)
  CAR:    2.66  Ratio:    0.00       (C.Area)
  CAR:   13.62  Ratio:    0.00       (C.S.Area)

[1]  met1:
  PAR:    0.98  Ratio:    0.00       (Area)
  PAR:    5.03  Ratio:  400.00       (S.Area)
  CAR:    1.01  Ratio:    0.00       (C.Area)
  CAR:    5.07  Ratio:    0.00       (C.S.Area)

[1]  li1:
  PAR:    0.03  Ratio:    0.00       (Area)
  PAR:    0.03  Ratio:   75.00       (S.Area)
  CAR:    0.03  Ratio:    0.00       (C.Area)
  CAR:    0.03  Ratio:    0.00       (C.S.Area)

[1]  M1M2_PR:
  PAR:    0.03  Ratio:    6.00       (Area)
  CAR:    0.09  Ratio:    0.00       (C.Area)

[1]  L1M1_PR:
  PAR:    0.06  Ratio:    3.00       (Area)
  CAR:    0.06  Ratio:    0.00       (C.Area)

  _26_  (sky130_fd_sc_hd__a21bo_1)  A2
[1]  met2:
  PAR:    1.65  Ratio:    0.00       (Area)
  PAR:    8.55  Ratio: 2806.80       (S.Area)
  CAR:    2.69  Ratio:    0.00       (C.Area)
  CAR:   13.66  Ratio:    0.00       (C.S.Area)

[1]  met1:
  PAR:    0.98  Ratio:    0.00       (Area)
  PAR:    5.03  Ratio:  400.00       (S.Area)
  CAR:    1.04  Ratio:    0.00       (C.Area)
  CAR:    5.10  Ratio:    0.00       (C.S.Area)

[1]  li1:
  PAR:    0.06  Ratio:    0.00       (Area)
  PAR:    0.07  Ratio:   75.00       (S.Area)
  CAR:    0.06  Ratio:    0.00       (C.Area)
  CAR:    0.07  Ratio:    0.00       (C.S.Area)

[1]  M1M2_PR:
  PAR:    0.03  Ratio:    6.00       (Area)
  CAR:    0.15  Ratio:    0.00       (C.Area)

[1]  L1M1_PR:
  PAR:    0.12  Ratio:    3.00       (Area)
  CAR:    0.12  Ratio:    0.00       (C.Area)


Net - _10_
  _33_  (sky130_fd_sc_hd__nand2_1)  B
[1]  met2:
  PAR:    1.50  Ratio:    0.00       (Area)
  PAR:    7.86  Ratio: 2775.60       (S.Area)
  CAR:    4.17  Ratio:    0.00       (C.Area)
  CAR:   22.18  Ratio:    0.00       (C.S.Area)

[1]  met1:
  PAR:    2.61  Ratio:    0.00       (Area)
  PAR:   14.25  Ratio:  400.00       (S.Area)
  CAR:    2.67  Ratio:    0.00       (C.Area)
  CAR:   14.32  Ratio:    0.00       (C.S.Area)

[1]  li1:
  PAR:    0.06  Ratio:    0.00       (Area)
  PAR:    0.07  Ratio:   75.00       (S.Area)
  CAR:    0.06  Ratio:    0.00       (C.Area)
  CAR:    0.07  Ratio:    0.00       (C.S.Area)

[1]  M1M2_PR:
  PAR:    0.18  Ratio:    6.00       (Area)
  CAR:    0.30  Ratio:    0.00       (C.Area)

[1]  L1M1_PR:
  PAR:    0.12  Ratio:    3.00       (Area)
  CAR:    0.12  Ratio:    0.00       (C.Area)

  _26_  (sky130_fd_sc_hd__a21bo_1)  B1_N
[1]  met2:
  PAR:    1.50  Ratio:    0.00       (Area)
  PAR:    7.86  Ratio: 2775.60       (S.Area)
  CAR:    4.38  Ratio:    0.00       (C.Area)
  CAR:   23.03  Ratio:    0.00       (C.S.Area)

[1]  met1:
  PAR:    0.16  Ratio:    0.00       (Area)
  PAR:    0.78  Ratio:  400.00       (S.Area)
  CAR:    0.27  Ratio:    0.00       (C.Area)
  CAR:    0.91  Ratio:    0.00       (C.S.Area)

[1]  li1:
  PAR:    0.11  Ratio:    0.00       (Area)
  PAR:    0.13  Ratio:   75.00       (S.Area)
  CAR:    0.11  Ratio:    0.00       (C.Area)
  CAR:    0.13  Ratio:    0.00       (C.S.Area)

[1]  M1M2_PR:
  PAR:    0.18  Ratio:    6.00       (Area)
  CAR:    0.41  Ratio:    0.00       (C.Area)

[1]  L1M1_PR:
  PAR:    0.23  Ratio:    3.00       (Area)
  CAR:    0.23  Ratio:    0.00       (C.Area)


Net - _11_
  _28_  (sky130_fd_sc_hd__xnor2_1)  B
[1]  met2:
  PAR:    0.61  Ratio:    0.00       (Area)
  PAR:    3.13  Ratio: 2775.60       (S.Area)
  CAR:    1.33  Ratio:    0.00       (C.Area)
  CAR:    6.81  Ratio:    0.00       (C.S.Area)

[1]  met1:
  PAR:    0.69  Ratio:    0.00       (Area)
  PAR:    3.65  Ratio:  400.00       (S.Area)
  CAR:    0.72  Ratio:    0.00       (C.Area)
  CAR:    3.68  Ratio:    0.00       (C.S.Area)

[1]  li1:
  PAR:    0.03  Ratio:    0.00       (Area)
  PAR:    0.03  Ratio:   75.00       (S.Area)
  CAR:    0.03  Ratio:    0.00       (C.Area)
  CAR:    0.03  Ratio:    0.00       (C.S.Area)

[1]  M1M2_PR:
  PAR:    0.05  Ratio:    6.00       (Area)
  CAR:    0.10  Ratio:    0.00       (C.Area)

[1]  L1M1_PR:
  PAR:    0.06  Ratio:    3.00       (Area)
  CAR:    0.06  Ratio:    0.00       (C.Area)


Net - _12_
  _30_  (sky130_fd_sc_hd__xnor2_1)  B
[1]  met1:
  PAR:    0.98  Ratio:    0.00       (Area)
  PAR:    4.98  Ratio: 2774.20       (S.Area)
  CAR:    1.01  Ratio:    0.00       (C.Area)
  CAR:    5.02  Ratio:    0.00       (C.S.Area)

[1]  li1:
  PAR:    0.03  Ratio:    0.00       (Area)
  PAR:    0.03  Ratio:   75.00       (S.Area)
  CAR:    0.03  Ratio:    0.00       (C.Area)
  CAR:    0.03  Ratio:    0.00       (C.S.Area)

[1]  L1M1_PR:
  PAR:    0.06  Ratio:    3.00       (Area)
  CAR:    0.06  Ratio:    0.00       (C.Area)


Net - _13_
  _32_  (sky130_fd_sc_hd__xnor2_1)  B
[1]  met1:
  PAR:    0.85  Ratio:    0.00       (Area)
  PAR:    4.33  Ratio: 2771.60       (S.Area)
  CAR:    0.88  Ratio:    0.00       (C.Area)
  CAR:    4.37  Ratio:    0.00       (C.S.Area)

[1]  li1:
  PAR:    0.03  Ratio:    0.00       (Area)
  PAR:    0.03  Ratio:   75.00       (S.Area)
  CAR:    0.03  Ratio:    0.00       (C.Area)
  CAR:    0.03  Ratio:    0.00       (C.S.Area)

[1]  L1M1_PR:
  PAR:    0.06  Ratio:    3.00       (Area)
  CAR:    0.06  Ratio:    0.00       (C.Area)


Net - _14_
  _34_  (sky130_fd_sc_hd__xnor2_1)  B
[1]  met2:
  PAR:    0.99  Ratio:    0.00       (Area)
  PAR:    5.05  Ratio: 2775.60       (S.Area)
  CAR:    2.10  Ratio:    0.00       (C.Area)
  CAR:   10.69  Ratio:    0.00       (C.S.Area)

[1]  met1:
  PAR:    1.08  Ratio:    0.00       (Area)
  PAR:    5.60  Ratio:  400.00       (S.Area)
  CAR:    1.11  Ratio:    0.00       (C.Area)
  CAR:    5.63  Ratio:    0.00       (C.S.Area)

[1]  li1:
  PAR:    0.03  Ratio:    0.00       (Area)
  PAR:    0.03  Ratio:   75.00       (S.Area)
  CAR:    0.03  Ratio:    0.00       (C.Area)
  CAR:    0.03  Ratio:    0.00       (C.S.Area)

[1]  M1M2_PR:
  PAR:    0.05  Ratio:    6.00       (Area)
  CAR:    0.10  Ratio:    0.00       (C.Area)

[1]  L1M1_PR:
  PAR:    0.06  Ratio:    3.00       (Area)
  CAR:    0.06  Ratio:    0.00       (C.Area)


Net - net1
  _17_  (sky130_fd_sc_hd__or2_1)  B
[1]  met2:
  PAR:    3.00  Ratio:    0.00       (Area)
  PAR:   15.38  Ratio: 2736.24       (S.Area)
  CAR:    3.78  Ratio:    0.00       (C.Area)
  CAR:   19.62  Ratio:    0.00       (C.S.Area)

[1]  met1:
  PAR:    0.67  Ratio:    0.00       (Area)
  PAR:    4.11  Ratio:  400.00       (S.Area)
  CAR:    0.78  Ratio:    0.00       (C.Area)
  CAR:    4.25  Ratio:    0.00       (C.S.Area)

[1]  li1:
  PAR:    0.11  Ratio:    0.00       (Area)
  PAR:    0.13  Ratio:   75.00       (S.Area)
  CAR:    0.11  Ratio:    0.00       (C.Area)
  CAR:    0.13  Ratio:    0.00       (C.S.Area)

[1]  M1M2_PR:
  PAR:    0.18  Ratio:    6.00       (Area)
  CAR:    0.41  Ratio:    0.00       (C.Area)

[1]  L1M1_PR:
  PAR:    0.23  Ratio:    3.00       (Area)
  CAR:    0.23  Ratio:    0.00       (C.Area)

  _18_  (sky130_fd_sc_hd__nand2_1)  B
[1]  met2:
  PAR:    3.00  Ratio:    0.00       (Area)
  PAR:   15.38  Ratio: 2736.24       (S.Area)
  CAR:    4.18  Ratio:    0.00       (C.Area)
  CAR:   21.44  Ratio:    0.00       (C.S.Area)

[1]  met1:
  PAR:    1.12  Ratio:    0.00       (Area)
  PAR:    6.00  Ratio:  400.00       (S.Area)
  CAR:    1.18  Ratio:    0.00       (C.Area)
  CAR:    6.06  Ratio:    0.00       (C.S.Area)

[1]  li1:
  PAR:    0.06  Ratio:    0.00       (Area)
  PAR:    0.07  Ratio:   75.00       (S.Area)
  CAR:    0.06  Ratio:    0.00       (C.Area)
  CAR:    0.07  Ratio:    0.00       (C.S.Area)

[1]  M1M2_PR:
  PAR:    0.09  Ratio:    6.00       (Area)
  CAR:    0.21  Ratio:    0.00       (C.Area)

[1]  L1M1_PR:
  PAR:    0.12  Ratio:    3.00       (Area)
  CAR:    0.12  Ratio:    0.00       (C.Area)


Net - net10
  output10  (sky130_fd_sc_hd__buf_2)  A
[1]  met2:
  PAR:   13.87  Ratio:    0.00       (Area)
  PAR:   69.62  Ratio: 2771.60       (S.Area)
  CAR:   14.08  Ratio:    0.00       (C.Area)
  CAR:   70.35  Ratio:    0.00       (C.S.Area)

[1]  met1:
  PAR:    0.12  Ratio:    0.00       (Area)
  PAR:    0.62  Ratio:  400.00       (S.Area)
  CAR:    0.21  Ratio:    0.00       (C.Area)
  CAR:    0.72  Ratio:    0.00       (C.S.Area)

[1]  li1:
  PAR:    0.09  Ratio:    0.00       (Area)
  PAR:    0.11  Ratio:   75.00       (S.Area)
  CAR:    0.09  Ratio:    0.00       (C.Area)
  CAR:    0.11  Ratio:    0.00       (C.S.Area)

[1]  M1M2_PR:
  PAR:    0.14  Ratio:    6.00       (Area)
  CAR:    0.32  Ratio:    0.00       (C.Area)

[1]  L1M1_PR:
  PAR:    0.18  Ratio:    3.00       (Area)
  CAR:    0.18  Ratio:    0.00       (C.Area)


Net - net11
  output11  (sky130_fd_sc_hd__buf_2)  A
[1]  met2:
  PAR:    4.59  Ratio:    0.00       (Area)
  PAR:   23.22  Ratio: 2810.00       (S.Area)
  CAR:    6.83  Ratio:    0.00       (C.Area)
  CAR:   34.69  Ratio:    0.00       (C.S.Area)

[1]  met1:
  PAR:    2.15  Ratio:    0.00       (Area)
  PAR:   11.36  Ratio:  400.00       (S.Area)
  CAR:    2.24  Ratio:    0.00       (C.Area)
  CAR:   11.47  Ratio:    0.00       (C.S.Area)

[1]  li1:
  PAR:    0.09  Ratio:    0.00       (Area)
  PAR:    0.11  Ratio:   75.00       (S.Area)
  CAR:    0.09  Ratio:    0.00       (C.Area)
  CAR:    0.11  Ratio:    0.00       (C.S.Area)

[1]  M1M2_PR:
  PAR:    0.14  Ratio:    6.00       (Area)
  CAR:    0.32  Ratio:    0.00       (C.Area)

[1]  L1M1_PR:
  PAR:    0.18  Ratio:    3.00       (Area)
  CAR:    0.18  Ratio:    0.00       (C.Area)


Net - net12
  output12  (sky130_fd_sc_hd__buf_2)  A
[1]  met2:
  PAR:    6.69  Ratio:    0.00       (Area)
  PAR:   33.70  Ratio: 2810.00       (S.Area)
  CAR:    6.90  Ratio:    0.00       (C.Area)
  CAR:   34.42  Ratio:    0.00       (C.S.Area)

[1]  met1:
  PAR:    0.12  Ratio:    0.00       (Area)
  PAR:    0.62  Ratio:  400.00       (S.Area)
  CAR:    0.21  Ratio:    0.00       (C.Area)
  CAR:    0.72  Ratio:    0.00       (C.S.Area)

[1]  li1:
  PAR:    0.09  Ratio:    0.00       (Area)
  PAR:    0.11  Ratio:   75.00       (S.Area)
  CAR:    0.09  Ratio:    0.00       (C.Area)
  CAR:    0.11  Ratio:    0.00       (C.S.Area)

[1]  M1M2_PR:
  PAR:    0.14  Ratio:    6.00       (Area)
  CAR:    0.32  Ratio:    0.00       (C.Area)

[1]  L1M1_PR:
  PAR:    0.18  Ratio:    3.00       (Area)
  CAR:    0.18  Ratio:    0.00       (C.Area)


Net - net13
  output13  (sky130_fd_sc_hd__buf_2)  A
[1]  met2:
  PAR:    2.20  Ratio:    0.00       (Area)
  PAR:   11.25  Ratio: 2810.00       (S.Area)
  CAR:   12.02  Ratio:    0.00       (C.Area)
  CAR:   61.89  Ratio:    0.00       (C.S.Area)

[1]  met1:
  PAR:    9.74  Ratio:    0.00       (Area)
  PAR:   50.54  Ratio:  400.00       (S.Area)
  CAR:    9.83  Ratio:    0.00       (C.Area)
  CAR:   50.65  Ratio:    0.00       (C.S.Area)

[1]  li1:
  PAR:    0.09  Ratio:    0.00       (Area)
  PAR:    0.11  Ratio:   75.00       (S.Area)
  CAR:    0.09  Ratio:    0.00       (C.Area)
  CAR:    0.11  Ratio:    0.00       (C.S.Area)

[1]  M1M2_PR:
  PAR:    0.14  Ratio:    6.00       (Area)
  CAR:    0.32  Ratio:    0.00       (C.Area)

[1]  L1M1_PR:
  PAR:    0.18  Ratio:    3.00       (Area)
  CAR:    0.18  Ratio:    0.00       (C.Area)


Net - net14
  output14  (sky130_fd_sc_hd__buf_2)  A
[1]  met2:
  PAR:    4.59  Ratio:    0.00       (Area)
  PAR:   23.22  Ratio: 2810.00       (S.Area)
  CAR:    8.45  Ratio:    0.00       (C.Area)
  CAR:   42.79  Ratio:    0.00       (C.S.Area)

[1]  met1:
  PAR:    3.77  Ratio:    0.00       (Area)
  PAR:   19.46  Ratio:  400.00       (S.Area)
  CAR:    3.86  Ratio:    0.00       (C.Area)
  CAR:   19.57  Ratio:    0.00       (C.S.Area)

[1]  li1:
  PAR:    0.09  Ratio:    0.00       (Area)
  PAR:    0.11  Ratio:   75.00       (S.Area)
  CAR:    0.09  Ratio:    0.00       (C.Area)
  CAR:    0.11  Ratio:    0.00       (C.S.Area)

[1]  M1M2_PR:
  PAR:    0.14  Ratio:    6.00       (Area)
  CAR:    0.32  Ratio:    0.00       (C.Area)

[1]  L1M1_PR:
  PAR:    0.18  Ratio:    3.00       (Area)
  CAR:    0.18  Ratio:    0.00       (C.Area)


Net - net2
  _20_  (sky130_fd_sc_hd__nor2_1)  B
[1]  met2:
  PAR:    2.66  Ratio:    0.00       (Area)
  PAR:   14.21  Ratio: 2736.24       (S.Area)
  CAR:    3.84  Ratio:    0.00       (C.Area)
  CAR:   20.28  Ratio:    0.00       (C.S.Area)

[1]  met1:
  PAR:    1.12  Ratio:    0.00       (Area)
  PAR:    6.00  Ratio:  400.00       (S.Area)
  CAR:    1.18  Ratio:    0.00       (C.Area)
  CAR:    6.06  Ratio:    0.00       (C.S.Area)

[1]  li1:
  PAR:    0.06  Ratio:    0.00       (Area)
  PAR:    0.07  Ratio:   75.00       (S.Area)
  CAR:    0.06  Ratio:    0.00       (C.Area)
  CAR:    0.07  Ratio:    0.00       (C.S.Area)

[1]  M1M2_PR:
  PAR:    0.09  Ratio:    6.00       (Area)
  CAR:    0.21  Ratio:    0.00       (C.Area)

[1]  L1M1_PR:
  PAR:    0.12  Ratio:    3.00       (Area)
  CAR:    0.12  Ratio:    0.00       (C.Area)

  _21_  (sky130_fd_sc_hd__and2_1)  B
[1]  met2:
  PAR:    2.66  Ratio:    0.00       (Area)
  PAR:   14.21  Ratio: 2736.24       (S.Area)
  CAR:    2.93  Ratio:    0.00       (C.Area)
  CAR:   15.13  Ratio:    0.00       (C.S.Area)

[1]  met1:
  PAR:    0.16  Ratio:    0.00       (Area)
  PAR:    0.78  Ratio:  400.00       (S.Area)
  CAR:    0.27  Ratio:    0.00       (C.Area)
  CAR:    0.91  Ratio:    0.00       (C.S.Area)

[1]  li1:
  PAR:    0.11  Ratio:    0.00       (Area)
  PAR:    0.13  Ratio:   75.00       (S.Area)
  CAR:    0.11  Ratio:    0.00       (C.Area)
  CAR:    0.13  Ratio:    0.00       (C.S.Area)

[1]  M1M2_PR:
  PAR:    0.18  Ratio:    6.00       (Area)
  CAR:    0.41  Ratio:    0.00       (C.Area)

[1]  L1M1_PR:
  PAR:    0.23  Ratio:    3.00       (Area)
  CAR:    0.23  Ratio:    0.00       (C.Area)


Net - net3
  _16_  (sky130_fd_sc_hd__nor2_1)  B
[1]  met2:
  PAR:    6.11  Ratio:    0.00       (Area)
  PAR:   30.83  Ratio: 2736.24       (S.Area)
  CAR:    6.77  Ratio:    0.00       (C.Area)
  CAR:   34.30  Ratio:    0.00       (C.S.Area)

[1]  met1:
  PAR:    0.60  Ratio:    0.00       (Area)
  PAR:    3.39  Ratio:  400.00       (S.Area)
  CAR:    0.66  Ratio:    0.00       (C.Area)
  CAR:    3.46  Ratio:    0.00       (C.S.Area)

[1]  li1:
  PAR:    0.06  Ratio:    0.00       (Area)
  PAR:    0.07  Ratio:   75.00       (S.Area)
  CAR:    0.06  Ratio:    0.00       (C.Area)
  CAR:    0.07  Ratio:    0.00       (C.S.Area)

[1]  M1M2_PR:
  PAR:    0.09  Ratio:    6.00       (Area)
  CAR:    0.21  Ratio:    0.00       (C.Area)

[1]  L1M1_PR:
  PAR:    0.12  Ratio:    3.00       (Area)
  CAR:    0.12  Ratio:    0.00       (C.Area)

  _23_  (sky130_fd_sc_hd__nand2_1)  B
[1]  met2:
  PAR:    6.11  Ratio:    0.00       (Area)
  PAR:   30.83  Ratio: 2736.24       (S.Area)
  CAR:    6.77  Ratio:    0.00       (C.Area)
  CAR:   34.30  Ratio:    0.00       (C.S.Area)

[1]  met1:
  PAR:    0.60  Ratio:    0.00       (Area)
  PAR:    3.39  Ratio:  400.00       (S.Area)
  CAR:    0.66  Ratio:    0.00       (C.Area)
  CAR:    3.46  Ratio:    0.00       (C.S.Area)

[1]  li1:
  PAR:    0.06  Ratio:    0.00       (Area)
  PAR:    0.07  Ratio:   75.00       (S.Area)
  CAR:    0.06  Ratio:    0.00       (C.Area)
  CAR:    0.07  Ratio:    0.00       (C.S.Area)

[1]  M1M2_PR:
  PAR:    0.09  Ratio:    6.00       (Area)
  CAR:    0.21  Ratio:    0.00       (C.Area)

[1]  L1M1_PR:
  PAR:    0.12  Ratio:    3.00       (Area)
  CAR:    0.12  Ratio:    0.00       (C.Area)


Net - net4
  _15_  (sky130_fd_sc_hd__or2_1)  B
[1]  met2:
  PAR:    0.81  Ratio:    0.00       (Area)
  PAR:    4.15  Ratio: 2736.24       (S.Area)
  CAR:    3.17  Ratio:    0.00       (C.Area)
  CAR:   16.32  Ratio:    0.00       (C.S.Area)

[1]  met1:
  PAR:    2.25  Ratio:    0.00       (Area)
  PAR:   12.03  Ratio:  400.00       (S.Area)
  CAR:    2.36  Ratio:    0.00       (C.Area)
  CAR:   12.17  Ratio:    0.00       (C.S.Area)

[1]  li1:
  PAR:    0.11  Ratio:    0.00       (Area)
  PAR:    0.13  Ratio:   75.00       (S.Area)
  CAR:    0.11  Ratio:    0.00       (C.Area)
  CAR:    0.13  Ratio:    0.00       (C.S.Area)

[1]  M1M2_PR:
  PAR:    0.06  Ratio:    6.00       (Area)
  CAR:    0.29  Ratio:    0.00       (C.Area)

[1]  L1M1_PR:
  PAR:    0.23  Ratio:    3.00       (Area)
  CAR:    0.23  Ratio:    0.00       (C.Area)

  _25_  (sky130_fd_sc_hd__nand2_1)  B
[1]  met2:
  PAR:    0.81  Ratio:    0.00       (Area)
  PAR:    4.15  Ratio: 2736.24       (S.Area)
  CAR:    3.11  Ratio:    0.00       (C.Area)
  CAR:   16.25  Ratio:    0.00       (C.S.Area)

[1]  met1:
  PAR:    2.25  Ratio:    0.00       (Area)
  PAR:   12.03  Ratio:  400.00       (S.Area)
  CAR:    2.31  Ratio:    0.00       (C.Area)
  CAR:   12.10  Ratio:    0.00       (C.S.Area)

[1]  li1:
  PAR:    0.06  Ratio:    0.00       (Area)
  PAR:    0.07  Ratio:   75.00       (S.Area)
  CAR:    0.06  Ratio:    0.00       (C.Area)
  CAR:    0.07  Ratio:    0.00       (C.S.Area)

[1]  M1M2_PR:
  PAR:    0.06  Ratio:    6.00       (Area)
  CAR:    0.18  Ratio:    0.00       (C.Area)

[1]  L1M1_PR:
  PAR:    0.12  Ratio:    3.00       (Area)
  CAR:    0.12  Ratio:    0.00       (C.Area)


Net - net5
  _17_  (sky130_fd_sc_hd__or2_1)  A
[1]  met2:
  PAR:    4.02  Ratio:    0.00       (Area)
  PAR:   20.47  Ratio: 2736.24       (S.Area)
  CAR:    7.87  Ratio:    0.00       (C.Area)
  CAR:   40.05  Ratio:    0.00       (C.S.Area)

[1]  met1:
  PAR:    3.73  Ratio:    0.00       (Area)
  PAR:   19.44  Ratio:  400.00       (S.Area)
  CAR:    3.85  Ratio:    0.00       (C.Area)
  CAR:   19.58  Ratio:    0.00       (C.S.Area)

[1]  li1:
  PAR:    0.11  Ratio:    0.00       (Area)
  PAR:    0.13  Ratio:   75.00       (S.Area)
  CAR:    0.11  Ratio:    0.00       (C.Area)
  CAR:    0.13  Ratio:    0.00       (C.S.Area)

[1]  M1M2_PR:
  PAR:    0.18  Ratio:    6.00       (Area)
  CAR:    0.41  Ratio:    0.00       (C.Area)

[1]  L1M1_PR:
  PAR:    0.23  Ratio:    3.00       (Area)
  CAR:    0.23  Ratio:    0.00       (C.Area)

  _18_  (sky130_fd_sc_hd__nand2_1)  A
[1]  met2:
  PAR:    4.02  Ratio:    0.00       (Area)
  PAR:   20.47  Ratio: 2736.24       (S.Area)
  CAR:    4.16  Ratio:    0.00       (C.Area)
  CAR:   20.94  Ratio:    0.00       (C.S.Area)

[1]  met1:
  PAR:    0.08  Ratio:    0.00       (Area)
  PAR:    0.40  Ratio:  400.00       (S.Area)
  CAR:    0.14  Ratio:    0.00       (C.Area)
  CAR:    0.46  Ratio:    0.00       (C.S.Area)

[1]  li1:
  PAR:    0.06  Ratio:    0.00       (Area)
  PAR:    0.07  Ratio:   75.00       (S.Area)
  CAR:    0.06  Ratio:    0.00       (C.Area)
  CAR:    0.07  Ratio:    0.00       (C.S.Area)

[1]  M1M2_PR:
  PAR:    0.09  Ratio:    6.00       (Area)
  CAR:    0.21  Ratio:    0.00       (C.Area)

[1]  L1M1_PR:
  PAR:    0.12  Ratio:    3.00       (Area)
  CAR:    0.12  Ratio:    0.00       (C.Area)


Net - net6
  _20_  (sky130_fd_sc_hd__nor2_1)  A
[1]  met2:
  PAR:    8.99  Ratio:    0.00       (Area)
  PAR:   45.33  Ratio: 2736.24       (S.Area)
  CAR:    9.65  Ratio:    0.00       (C.Area)
  CAR:   48.79  Ratio:    0.00       (C.S.Area)

[1]  met1:
  PAR:    0.60  Ratio:    0.00       (Area)
  PAR:    3.39  Ratio:  400.00       (S.Area)
  CAR:    0.66  Ratio:    0.00       (C.Area)
  CAR:    3.46  Ratio:    0.00       (C.S.Area)

[1]  li1:
  PAR:    0.06  Ratio:    0.00       (Area)
  PAR:    0.07  Ratio:   75.00       (S.Area)
  CAR:    0.06  Ratio:    0.00       (C.Area)
  CAR:    0.07  Ratio:    0.00       (C.S.Area)

[1]  M1M2_PR:
  PAR:    0.09  Ratio:    6.00       (Area)
  CAR:    0.21  Ratio:    0.00       (C.Area)

[1]  L1M1_PR:
  PAR:    0.12  Ratio:    3.00       (Area)
  CAR:    0.12  Ratio:    0.00       (C.Area)

  _21_  (sky130_fd_sc_hd__and2_1)  A
[1]  met2:
  PAR:    8.99  Ratio:    0.00       (Area)
  PAR:   45.33  Ratio: 2736.24       (S.Area)
  CAR:   12.84  Ratio:    0.00       (C.Area)
  CAR:   64.90  Ratio:    0.00       (C.S.Area)

[1]  met1:
  PAR:    3.73  Ratio:    0.00       (Area)
  PAR:   19.44  Ratio:  400.00       (S.Area)
  CAR:    3.85  Ratio:    0.00       (C.Area)
  CAR:   19.58  Ratio:    0.00       (C.S.Area)

[1]  li1:
  PAR:    0.11  Ratio:    0.00       (Area)
  PAR:    0.13  Ratio:   75.00       (S.Area)
  CAR:    0.11  Ratio:    0.00       (C.Area)
  CAR:    0.13  Ratio:    0.00       (C.S.Area)

[1]  M1M2_PR:
  PAR:    0.18  Ratio:    6.00       (Area)
  CAR:    0.41  Ratio:    0.00       (C.Area)

[1]  L1M1_PR:
  PAR:    0.23  Ratio:    3.00       (Area)
  CAR:    0.23  Ratio:    0.00       (C.Area)


Net - net7
  _23_  (sky130_fd_sc_hd__nand2_1)  A
[1]  met2:
  PAR:    1.44  Ratio:    0.00       (Area)
  PAR:    7.47  Ratio: 2736.24       (S.Area)
  CAR:    3.11  Ratio:    0.00       (C.Area)
  CAR:   16.79  Ratio:    0.00       (C.S.Area)

[1]  met1:
  PAR:    1.61  Ratio:    0.00       (Area)
  PAR:    9.25  Ratio:  400.00       (S.Area)
  CAR:    1.67  Ratio:    0.00       (C.Area)
  CAR:    9.32  Ratio:    0.00       (C.S.Area)

[1]  li1:
  PAR:    0.06  Ratio:    0.00       (Area)
  PAR:    0.07  Ratio:   75.00       (S.Area)
  CAR:    0.06  Ratio:    0.00       (C.Area)
  CAR:    0.07  Ratio:    0.00       (C.S.Area)

[1]  M1M2_PR:
  PAR:    0.18  Ratio:    6.00       (Area)
  CAR:    0.30  Ratio:    0.00       (C.Area)

[1]  L1M1_PR:
  PAR:    0.12  Ratio:    3.00       (Area)
  CAR:    0.12  Ratio:    0.00       (C.Area)

  _16_  (sky130_fd_sc_hd__nor2_1)  A
[1]  met2:
  PAR:    1.44  Ratio:    0.00       (Area)
  PAR:    7.47  Ratio: 2736.24       (S.Area)
  CAR:    4.16  Ratio:    0.00       (C.Area)
  CAR:   22.84  Ratio:    0.00       (C.S.Area)

[1]  met1:
  PAR:    1.05  Ratio:    0.00       (Area)
  PAR:    6.05  Ratio:  400.00       (S.Area)
  CAR:    1.11  Ratio:    0.00       (C.Area)
  CAR:    6.12  Ratio:    0.00       (C.S.Area)

[1]  li1:
  PAR:    0.06  Ratio:    0.00       (Area)
  PAR:    0.07  Ratio:   75.00       (S.Area)
  CAR:    0.06  Ratio:    0.00       (C.Area)
  CAR:    0.07  Ratio:    0.00       (C.S.Area)

[1]  M1M2_PR:
  PAR:    0.09  Ratio:    6.00       (Area)
  CAR:    0.21  Ratio:    0.00       (C.Area)

[1]  L1M1_PR:
  PAR:    0.12  Ratio:    3.00       (Area)
  CAR:    0.12  Ratio:    0.00       (C.Area)


Net - net8
  _25_  (sky130_fd_sc_hd__nand2_1)  A
[1]  met2:
  PAR:    1.83  Ratio:    0.00       (Area)
  PAR:    9.25  Ratio: 2736.24       (S.Area)
  CAR:    3.14  Ratio:    0.00       (C.Area)
  CAR:   15.88  Ratio:    0.00       (C.S.Area)

[1]  met1:
  PAR:    1.26  Ratio:    0.00       (Area)
  PAR:    6.56  Ratio:  400.00       (S.Area)
  CAR:    1.32  Ratio:    0.00       (C.Area)
  CAR:    6.63  Ratio:    0.00       (C.S.Area)

[1]  li1:
  PAR:    0.06  Ratio:    0.00       (Area)
  PAR:    0.07  Ratio:   75.00       (S.Area)
  CAR:    0.06  Ratio:    0.00       (C.Area)
  CAR:    0.07  Ratio:    0.00       (C.S.Area)

[1]  M1M2_PR:
  PAR:    0.06  Ratio:    6.00       (Area)
  CAR:    0.18  Ratio:    0.00       (C.Area)

[1]  L1M1_PR:
  PAR:    0.12  Ratio:    3.00       (Area)
  CAR:    0.12  Ratio:    0.00       (C.Area)

  _15_  (sky130_fd_sc_hd__or2_1)  A
[1]  met2:
  PAR:    1.83  Ratio:    0.00       (Area)
  PAR:    9.25  Ratio: 2736.24       (S.Area)
  CAR:    3.20  Ratio:    0.00       (C.Area)
  CAR:   15.94  Ratio:    0.00       (C.S.Area)

[1]  met1:
  PAR:    1.26  Ratio:    0.00       (Area)
  PAR:    6.56  Ratio:  400.00       (S.Area)
  CAR:    1.37  Ratio:    0.00       (C.Area)
  CAR:    6.69  Ratio:    0.00       (C.S.Area)

[1]  li1:
  PAR:    0.11  Ratio:    0.00       (Area)
  PAR:    0.13  Ratio:   75.00       (S.Area)
  CAR:    0.11  Ratio:    0.00       (C.Area)
  CAR:    0.13  Ratio:    0.00       (C.S.Area)

[1]  M1M2_PR:
  PAR:    0.06  Ratio:    6.00       (Area)
  CAR:    0.29  Ratio:    0.00       (C.Area)

[1]  L1M1_PR:
  PAR:    0.23  Ratio:    3.00       (Area)
  CAR:    0.23  Ratio:    0.00       (C.Area)


Net - net9
  _28_  (sky130_fd_sc_hd__xnor2_1)  A
[1]  met2:
  PAR:    4.07  Ratio:    0.00       (Area)
  PAR:   20.56  Ratio: 2736.24       (S.Area)
  CAR:    5.83  Ratio:    0.00       (C.Area)
  CAR:   29.44  Ratio:    0.00       (C.S.Area)

[1]  met1:
  PAR:    1.73  Ratio:    0.00       (Area)
  PAR:    8.85  Ratio:  400.00       (S.Area)
  CAR:    1.76  Ratio:    0.00       (C.Area)
  CAR:    8.89  Ratio:    0.00       (C.S.Area)

[1]  li1:
  PAR:    0.03  Ratio:    0.00       (Area)
  PAR:    0.03  Ratio:   75.00       (S.Area)
  CAR:    0.03  Ratio:    0.00       (C.Area)
  CAR:    0.03  Ratio:    0.00       (C.S.Area)

[1]  M1M2_PR:
  PAR:    0.05  Ratio:    6.00       (Area)
  CAR:    0.10  Ratio:    0.00       (C.Area)

[1]  L1M1_PR:
  PAR:    0.06  Ratio:    3.00       (Area)
  CAR:    0.06  Ratio:    0.00       (C.Area)

  _19_  (sky130_fd_sc_hd__a21boi_1)  A1
[1]  met2:
  PAR:    4.07  Ratio:    0.00       (Area)
  PAR:   20.56  Ratio: 2736.24       (S.Area)
  CAR:    4.21  Ratio:    0.00       (C.Area)
  CAR:   21.02  Ratio:    0.00       (C.S.Area)

[1]  met1:
  PAR:    0.08  Ratio:    0.00       (Area)
  PAR:    0.40  Ratio:  400.00       (S.Area)
  CAR:    0.14  Ratio:    0.00       (C.Area)
  CAR:    0.46  Ratio:    0.00       (C.S.Area)

[1]  li1:
  PAR:    0.06  Ratio:    0.00       (Area)
  PAR:    0.07  Ratio:   75.00       (S.Area)
  CAR:    0.06  Ratio:    0.00       (C.Area)
  CAR:    0.07  Ratio:    0.00       (C.S.Area)

[1]  M1M2_PR:
  PAR:    0.09  Ratio:    6.00       (Area)
  CAR:    0.21  Ratio:    0.00       (C.Area)

[1]  L1M1_PR:
  PAR:    0.12  Ratio:    3.00       (Area)
  CAR:    0.12  Ratio:    0.00       (C.Area)

Number of pins violated: 0
Number of nets violated: 0
Total number of unspecial nets: 43
