
===========================================================================
report_checks -path_delay max (Setup)
============================================================================
Startpoint: b[0] (input port clocked by clk)
Endpoint: sum[5] (output port clocked by clk)
Path Group: clk
Path Type: max

Fanout     Cap    Slew   Delay    Time   Description
-----------------------------------------------------------------------------
                  0.00    0.00    0.00   clock clk (rise edge)
                          0.00    0.00   clock network delay (ideal)
                          0.00    0.00 v input external delay
                  0.04    0.03    0.03 v b[0] (in)
     2    0.02                           b[0] (net)
                  0.04    0.00    0.03 v _43_/A (sky130_fd_sc_hd__or2_2)
                  0.07    0.32    0.35 v _43_/X (sky130_fd_sc_hd__or2_2)
     2    0.01                           _07_ (net)
                  0.07    0.00    0.35 v _45_/A2 (sky130_fd_sc_hd__a21bo_2)
                  0.07    0.27    0.62 v _45_/X (sky130_fd_sc_hd__a21bo_2)
     3    0.02                           _09_ (net)
                  0.07    0.00    0.62 v _50_/A2 (sky130_fd_sc_hd__a311o_2)
                  0.07    0.41    1.03 v _50_/X (sky130_fd_sc_hd__a311o_2)
     2    0.01                           _14_ (net)
                  0.07    0.00    1.03 v _51_/A (sky130_fd_sc_hd__buf_1)
                  0.14    0.20    1.23 v _51_/X (sky130_fd_sc_hd__buf_1)
     4    0.02                           _15_ (net)
                  0.14    0.00    1.23 v _59_/A3 (sky130_fd_sc_hd__a31o_2)
                  0.05    0.32    1.55 v _59_/X (sky130_fd_sc_hd__a31o_2)
     1    0.01                           _22_ (net)
                  0.05    0.00    1.55 v _60_/B (sky130_fd_sc_hd__xnor2_2)
                  0.47    0.41    1.95 ^ _60_/Y (sky130_fd_sc_hd__xnor2_2)
     1    0.03                           sum[5] (net)
                  0.47    0.00    1.95 ^ sum[5] (out)
                                  1.95   data arrival time

                  0.00    3.50    3.50   clock clk (rise edge)
                          0.00    3.50   clock network delay (ideal)
                         -0.25    3.25   clock uncertainty
                          0.00    3.25   clock reconvergence pessimism
                          0.00    3.25   output external delay
                                  3.25   data required time
-----------------------------------------------------------------------------
                                  3.25   data required time
                                 -1.95   data arrival time
-----------------------------------------------------------------------------
                                  1.30   slack (MET)


Startpoint: b[0] (input port clocked by clk)
Endpoint: sum[7] (output port clocked by clk)
Path Group: clk
Path Type: max

Fanout     Cap    Slew   Delay    Time   Description
-----------------------------------------------------------------------------
                  0.00    0.00    0.00   clock clk (rise edge)
                          0.00    0.00   clock network delay (ideal)
                          0.00    0.00 v input external delay
                  0.04    0.03    0.03 v b[0] (in)
     2    0.02                           b[0] (net)
                  0.04    0.00    0.03 v _43_/A (sky130_fd_sc_hd__or2_2)
                  0.07    0.32    0.35 v _43_/X (sky130_fd_sc_hd__or2_2)
     2    0.01                           _07_ (net)
                  0.07    0.00    0.35 v _45_/A2 (sky130_fd_sc_hd__a21bo_2)
                  0.07    0.27    0.62 v _45_/X (sky130_fd_sc_hd__a21bo_2)
     3    0.02                           _09_ (net)
                  0.07    0.00    0.62 v _50_/A2 (sky130_fd_sc_hd__a311o_2)
                  0.07    0.41    1.03 v _50_/X (sky130_fd_sc_hd__a311o_2)
     2    0.01                           _14_ (net)
                  0.07    0.00    1.03 v _72_/A1 (sky130_fd_sc_hd__a311o_2)
                  0.09    0.38    1.41 v _72_/X (sky130_fd_sc_hd__a311o_2)
     2    0.02                           _33_ (net)
                  0.09    0.00    1.41 v _73_/B (sky130_fd_sc_hd__xnor2_2)
                  0.48    0.43    1.84 ^ _73_/Y (sky130_fd_sc_hd__xnor2_2)
     1    0.03                           sum[7] (net)
                  0.48    0.00    1.84 ^ sum[7] (out)
                                  1.84   data arrival time

                  0.00    3.50    3.50   clock clk (rise edge)
                          0.00    3.50   clock network delay (ideal)
                         -0.25    3.25   clock uncertainty
                          0.00    3.25   clock reconvergence pessimism
                          0.00    3.25   output external delay
                                  3.25   data required time
-----------------------------------------------------------------------------
                                  3.25   data required time
                                 -1.84   data arrival time
-----------------------------------------------------------------------------
                                  1.41   slack (MET)


Startpoint: b[0] (input port clocked by clk)
Endpoint: cout (output port clocked by clk)
Path Group: clk
Path Type: max

Fanout     Cap    Slew   Delay    Time   Description
-----------------------------------------------------------------------------
                  0.00    0.00    0.00   clock clk (rise edge)
                          0.00    0.00   clock network delay (ideal)
                          0.00    0.00 v input external delay
                  0.04    0.03    0.03 v b[0] (in)
     2    0.02                           b[0] (net)
                  0.04    0.00    0.03 v _43_/A (sky130_fd_sc_hd__or2_2)
                  0.07    0.32    0.35 v _43_/X (sky130_fd_sc_hd__or2_2)
     2    0.01                           _07_ (net)
                  0.07    0.00    0.35 v _45_/A2 (sky130_fd_sc_hd__a21bo_2)
                  0.07    0.27    0.62 v _45_/X (sky130_fd_sc_hd__a21bo_2)
     3    0.02                           _09_ (net)
                  0.07    0.00    0.62 v _50_/A2 (sky130_fd_sc_hd__a311o_2)
                  0.07    0.41    1.03 v _50_/X (sky130_fd_sc_hd__a311o_2)
     2    0.01                           _14_ (net)
                  0.07    0.00    1.03 v _72_/A1 (sky130_fd_sc_hd__a311o_2)
                  0.09    0.38    1.41 v _72_/X (sky130_fd_sc_hd__a311o_2)
     2    0.02                           _33_ (net)
                  0.09    0.00    1.41 v _74_/A2 (sky130_fd_sc_hd__a21bo_2)
                  0.12    0.33    1.75 v _74_/X (sky130_fd_sc_hd__a21bo_2)
     1    0.03                           cout (net)
                  0.12    0.00    1.75 v cout (out)
                                  1.75   data arrival time

                  0.00    3.50    3.50   clock clk (rise edge)
                          0.00    3.50   clock network delay (ideal)
                         -0.25    3.25   clock uncertainty
                          0.00    3.25   clock reconvergence pessimism
                          0.00    3.25   output external delay
                                  3.25   data required time
-----------------------------------------------------------------------------
                                  3.25   data required time
                                 -1.75   data arrival time
-----------------------------------------------------------------------------
                                  1.50   slack (MET)


Startpoint: b[0] (input port clocked by clk)
Endpoint: sum[4] (output port clocked by clk)
Path Group: clk
Path Type: max

Fanout     Cap    Slew   Delay    Time   Description
-----------------------------------------------------------------------------
                  0.00    0.00    0.00   clock clk (rise edge)
                          0.00    0.00   clock network delay (ideal)
                          0.00    0.00 v input external delay
                  0.04    0.03    0.03 v b[0] (in)
     2    0.02                           b[0] (net)
                  0.04    0.00    0.03 v _43_/A (sky130_fd_sc_hd__or2_2)
                  0.07    0.32    0.35 v _43_/X (sky130_fd_sc_hd__or2_2)
     2    0.01                           _07_ (net)
                  0.07    0.00    0.35 v _45_/A2 (sky130_fd_sc_hd__a21bo_2)
                  0.07    0.27    0.62 v _45_/X (sky130_fd_sc_hd__a21bo_2)
     3    0.02                           _09_ (net)
                  0.07    0.00    0.62 v _50_/A2 (sky130_fd_sc_hd__a311o_2)
                  0.07    0.41    1.03 v _50_/X (sky130_fd_sc_hd__a311o_2)
     2    0.01                           _14_ (net)
                  0.07    0.00    1.03 v _51_/A (sky130_fd_sc_hd__buf_1)
                  0.14    0.20    1.23 v _51_/X (sky130_fd_sc_hd__buf_1)
     4    0.02                           _15_ (net)
                  0.14    0.00    1.23 v _52_/A2 (sky130_fd_sc_hd__a21oi_2)
                  0.15    0.22    1.45 ^ _52_/Y (sky130_fd_sc_hd__a21oi_2)
     1    0.01                           _16_ (net)
                  0.15    0.00    1.45 ^ _53_/B (sky130_fd_sc_hd__xnor2_2)
                  0.51    0.26    1.71 ^ _53_/Y (sky130_fd_sc_hd__xnor2_2)
     1    0.03                           sum[4] (net)
                  0.51    0.00    1.71 ^ sum[4] (out)
                                  1.71   data arrival time

                  0.00    3.50    3.50   clock clk (rise edge)
                          0.00    3.50   clock network delay (ideal)
                         -0.25    3.25   clock uncertainty
                          0.00    3.25   clock reconvergence pessimism
                          0.00    3.25   output external delay
                                  3.25   data required time
-----------------------------------------------------------------------------
                                  3.25   data required time
                                 -1.71   data arrival time
-----------------------------------------------------------------------------
                                  1.54   slack (MET)


Startpoint: b[0] (input port clocked by clk)
Endpoint: sum[6] (output port clocked by clk)
Path Group: clk
Path Type: max

Fanout     Cap    Slew   Delay    Time   Description
-----------------------------------------------------------------------------
                  0.00    0.00    0.00   clock clk (rise edge)
                          0.00    0.00   clock network delay (ideal)
                          0.00    0.00 v input external delay
                  0.04    0.03    0.03 v b[0] (in)
     2    0.02                           b[0] (net)
                  0.04    0.00    0.03 v _43_/A (sky130_fd_sc_hd__or2_2)
                  0.07    0.32    0.35 v _43_/X (sky130_fd_sc_hd__or2_2)
     2    0.01                           _07_ (net)
                  0.07    0.00    0.35 v _45_/A2 (sky130_fd_sc_hd__a21bo_2)
                  0.07    0.27    0.62 v _45_/X (sky130_fd_sc_hd__a21bo_2)
     3    0.02                           _09_ (net)
                  0.07    0.00    0.62 v _50_/A2 (sky130_fd_sc_hd__a311o_2)
                  0.07    0.41    1.03 v _50_/X (sky130_fd_sc_hd__a311o_2)
     2    0.01                           _14_ (net)
                  0.07    0.00    1.03 v _51_/A (sky130_fd_sc_hd__buf_1)
                  0.14    0.20    1.23 v _51_/X (sky130_fd_sc_hd__buf_1)
     4    0.02                           _15_ (net)
                  0.14    0.00    1.23 v _66_/A1 (sky130_fd_sc_hd__a21oi_2)
                  0.15    0.21    1.44 ^ _66_/Y (sky130_fd_sc_hd__a21oi_2)
     1    0.01                           _28_ (net)
                  0.15    0.00    1.44 ^ _67_/B (sky130_fd_sc_hd__xnor2_2)
                  0.52    0.26    1.70 ^ _67_/Y (sky130_fd_sc_hd__xnor2_2)
     1    0.03                           sum[6] (net)
                  0.52    0.00    1.70 ^ sum[6] (out)
                                  1.70   data arrival time

                  0.00    3.50    3.50   clock clk (rise edge)
                          0.00    3.50   clock network delay (ideal)
                         -0.25    3.25   clock uncertainty
                          0.00    3.25   clock reconvergence pessimism
                          0.00    3.25   output external delay
                                  3.25   data required time
-----------------------------------------------------------------------------
                                  3.25   data required time
                                 -1.70   data arrival time
-----------------------------------------------------------------------------
                                  1.55   slack (MET)


