
===========================================================================
report_checks -path_delay max (Setup)
============================================================================

======================= Slowest Corner ===================================

Startpoint: a[1] (input port clocked by clk)
Endpoint: sum[2] (output port clocked by clk)
Path Group: clk
Path Type: max
Corner: ss

Fanout     Cap    Slew   Delay    Time   Description
-----------------------------------------------------------------------------
                  0.00    0.00    0.00   clock clk (rise edge)
                          0.00    0.00   clock network delay (ideal)
                          0.00    0.00 v input external delay
                  0.02    0.01    0.01 v a[1] (in)
     1    0.00                           a[1] (net)
                  0.02    0.00    0.01 v input2/A (sky130_fd_sc_hd__clkbuf_1)
                  0.11    0.19    0.20 v input2/X (sky130_fd_sc_hd__clkbuf_1)
     2    0.01                           net2 (net)
                  0.11    0.00    0.20 v ppa_pre_2_0.U1.xor2/A (sky130_fd_sc_hd__xor2_1)
                  0.14    0.35    0.55 v ppa_pre_2_0.U1.xor2/X (sky130_fd_sc_hd__xor2_1)
     3    0.01                           ppa_black_3_1.U1.B (net)
                  0.14    0.00    0.55 v rebuffer5/A (sky130_fd_sc_hd__dlymetal6s4s_1)
                  0.08    0.59    1.15 v rebuffer5/X (sky130_fd_sc_hd__dlymetal6s4s_1)
     1    0.00                           net19 (net)
                  0.08    0.00    1.15 v ppa_grey_2_3.U1.ao21/A2 (sky130_fd_sc_hd__a21o_1)
                  0.08    0.36    1.50 v ppa_grey_2_3.U1.ao21/X (sky130_fd_sc_hd__a21o_1)
     1    0.00                           ppa_grey_2_3.U1.Y (net)
                  0.08    0.00    1.50 v ppa_post_2_4.U1.xor2/B (sky130_fd_sc_hd__xor2_1)
                  0.08    0.27    1.77 v ppa_post_2_4.U1.xor2/X (sky130_fd_sc_hd__xor2_1)
     1    0.00                           ppa_post_2_4.U1.Y (net)
                  0.08    0.00    1.77 v _2_/A (sky130_fd_sc_hd__clkbuf_1)
                  0.07    0.19    1.96 v _2_/X (sky130_fd_sc_hd__clkbuf_1)
     1    0.00                           net13 (net)
                  0.07    0.00    1.96 v output13/A (sky130_fd_sc_hd__buf_6)
                  0.08    0.26    2.22 v output13/X (sky130_fd_sc_hd__buf_6)
     1    0.03                           sum[2] (net)
                  0.08    0.00    2.22 v sum[2] (out)
                                  2.22   data arrival time

                  0.00    1.00    1.00   clock clk (rise edge)
                          0.00    1.00   clock network delay (ideal)
                         -0.25    0.75   clock uncertainty
                          0.00    0.75   clock reconvergence pessimism
                          0.00    0.75   output external delay
                                  0.75   data required time
-----------------------------------------------------------------------------
                                  0.75   data required time
                                 -2.22   data arrival time
-----------------------------------------------------------------------------
                                 -1.47   slack (VIOLATED)


Startpoint: a[0] (input port clocked by clk)
Endpoint: sum[0] (output port clocked by clk)
Path Group: clk
Path Type: max
Corner: ss

Fanout     Cap    Slew   Delay    Time   Description
-----------------------------------------------------------------------------
                  0.00    0.00    0.00   clock clk (rise edge)
                          0.00    0.00   clock network delay (ideal)
                          0.00    0.00 v input external delay
                  0.02    0.01    0.01 v a[0] (in)
     1    0.00                           a[0] (net)
                  0.02    0.00    0.01 v input1/A (sky130_fd_sc_hd__clkbuf_1)
                  0.09    0.18    0.19 v input1/X (sky130_fd_sc_hd__clkbuf_1)
     2    0.01                           net1 (net)
                  0.09    0.00    0.19 v ppa_pre_1_0.U1.xor2/A (sky130_fd_sc_hd__xor2_1)
                  0.14    0.34    0.54 v ppa_pre_1_0.U1.xor2/X (sky130_fd_sc_hd__xor2_1)
     2    0.01                           ppa_grey_1_1.U1.A1 (net)
                  0.14    0.00    0.54 v rebuffer3/A (sky130_fd_sc_hd__dlymetal6s2s_1)
                  0.07    0.31    0.85 v rebuffer3/X (sky130_fd_sc_hd__dlymetal6s2s_1)
     1    0.00                           net17 (net)
                  0.07    0.00    0.85 v rebuffer1/A (sky130_fd_sc_hd__dlygate4sd1_1)
                  0.08    0.51    1.37 v rebuffer1/X (sky130_fd_sc_hd__dlygate4sd1_1)
     1    0.00                           net15 (net)
                  0.08    0.00    1.37 v ppa_post_0_4.U1.xor2/A (sky130_fd_sc_hd__xor2_1)
                  0.10    0.31    1.68 v ppa_post_0_4.U1.xor2/X (sky130_fd_sc_hd__xor2_1)
     1    0.00                           ppa_post_0_4.U1.Y (net)
                  0.10    0.00    1.68 v _0_/A (sky130_fd_sc_hd__clkbuf_1)
                  0.04    0.17    1.85 v _0_/X (sky130_fd_sc_hd__clkbuf_1)
     1    0.00                           net11 (net)
                  0.04    0.00    1.85 v output11/A (sky130_fd_sc_hd__buf_2)
                  0.17    0.35    2.20 v output11/X (sky130_fd_sc_hd__buf_2)
     1    0.03                           sum[0] (net)
                  0.17    0.00    2.20 v sum[0] (out)
                                  2.20   data arrival time

                  0.00    1.00    1.00   clock clk (rise edge)
                          0.00    1.00   clock network delay (ideal)
                         -0.25    0.75   clock uncertainty
                          0.00    0.75   clock reconvergence pessimism
                          0.00    0.75   output external delay
                                  0.75   data required time
-----------------------------------------------------------------------------
                                  0.75   data required time
                                 -2.20   data arrival time
-----------------------------------------------------------------------------
                                 -1.45   slack (VIOLATED)


Startpoint: a[2] (input port clocked by clk)
Endpoint: sum[3] (output port clocked by clk)
Path Group: clk
Path Type: max
Corner: ss

Fanout     Cap    Slew   Delay    Time   Description
-----------------------------------------------------------------------------
                  0.00    0.00    0.00   clock clk (rise edge)
                          0.00    0.00   clock network delay (ideal)
                          0.00    0.00 ^ input external delay
                  0.04    0.02    0.02 ^ a[2] (in)
     1    0.00                           a[2] (net)
                  0.04    0.00    0.02 ^ input3/A (sky130_fd_sc_hd__clkbuf_1)
                  0.23    0.26    0.28 ^ input3/X (sky130_fd_sc_hd__clkbuf_1)
     2    0.01                           net3 (net)
                  0.23    0.00    0.28 ^ ppa_pre_3_0.U1.xor2/A (sky130_fd_sc_hd__xor2_1)
                  0.32    0.42    0.70 ^ ppa_pre_3_0.U1.xor2/X (sky130_fd_sc_hd__xor2_1)
     3    0.01                           ppa_black_3_1.U1.A (net)
                  0.32    0.00    0.70 ^ ppa_black_3_1.U1.and2/A (sky130_fd_sc_hd__and2_1)
                  0.10    0.35    1.05 ^ ppa_black_3_1.U1.and2/X (sky130_fd_sc_hd__and2_1)
     1    0.00                           ppa_black_3_1.U1.Y (net)
                  0.10    0.00    1.05 ^ ppa_grey_3_2.U1.ao21/A2 (sky130_fd_sc_hd__a21o_1)
                  0.15    0.30    1.35 ^ ppa_grey_3_2.U1.ao21/X (sky130_fd_sc_hd__a21o_1)
     2    0.01                           ppa_grey_3_2.U1.Y (net)
                  0.15    0.00    1.35 ^ ppa_post_3_4.U1.xor2/B (sky130_fd_sc_hd__xor2_1)
                  0.19    0.29    1.64 ^ ppa_post_3_4.U1.xor2/X (sky130_fd_sc_hd__xor2_1)
     1    0.00                           ppa_post_3_4.U1.Y (net)
                  0.19    0.00    1.64 ^ _3_/A (sky130_fd_sc_hd__clkbuf_1)
                  0.07    0.21    1.85 ^ _3_/X (sky130_fd_sc_hd__clkbuf_1)
     1    0.00                           net14 (net)
                  0.07    0.00    1.85 ^ output14/A (sky130_fd_sc_hd__clkbuf_4)
                  0.18    0.35    2.20 ^ output14/X (sky130_fd_sc_hd__clkbuf_4)
     1    0.03                           sum[3] (net)
                  0.18    0.00    2.20 ^ sum[3] (out)
                                  2.20   data arrival time

                  0.00    1.00    1.00   clock clk (rise edge)
                          0.00    1.00   clock network delay (ideal)
                         -0.25    0.75   clock uncertainty
                          0.00    0.75   clock reconvergence pessimism
                          0.00    0.75   output external delay
                                  0.75   data required time
-----------------------------------------------------------------------------
                                  0.75   data required time
                                 -2.20   data arrival time
-----------------------------------------------------------------------------
                                 -1.45   slack (VIOLATED)


Startpoint: b[0] (input port clocked by clk)
Endpoint: sum[1] (output port clocked by clk)
Path Group: clk
Path Type: max
Corner: ss

Fanout     Cap    Slew   Delay    Time   Description
-----------------------------------------------------------------------------
                  0.00    0.00    0.00   clock clk (rise edge)
                          0.00    0.00   clock network delay (ideal)
                          0.00    0.00 ^ input external delay
                  0.04    0.02    0.02 ^ b[0] (in)
     1    0.00                           b[0] (net)
                  0.04    0.00    0.02 ^ input5/A (sky130_fd_sc_hd__clkbuf_1)
                  0.16    0.21    0.23 ^ input5/X (sky130_fd_sc_hd__clkbuf_1)
     2    0.01                           net5 (net)
                  0.16    0.00    0.23 ^ ppa_pre_1_0.U1.xor2/B (sky130_fd_sc_hd__xor2_1)
                  0.28    0.37    0.60 ^ ppa_pre_1_0.U1.xor2/X (sky130_fd_sc_hd__xor2_1)
     2    0.01                           ppa_grey_1_1.U1.A1 (net)
                  0.28    0.00    0.60 ^ ppa_grey_1_1.U1.ao21/A2 (sky130_fd_sc_hd__a21o_1)
                  0.11    0.34    0.95 ^ ppa_grey_1_1.U1.ao21/X (sky130_fd_sc_hd__a21o_1)
     2    0.01                           ppa_buffer_1_2.U2.A (net)
                  0.11    0.00    0.95 ^ ppa_buffer_1_2.U2.buffer/A (sky130_fd_sc_hd__clkbuf_2)
                  0.10    0.24    1.19 ^ ppa_buffer_1_2.U2.buffer/X (sky130_fd_sc_hd__clkbuf_2)
     2    0.01                           ppa_buffer_1_2.U2.Y (net)
                  0.10    0.00    1.19 ^ ppa_post_1_4.U1.xor2/B (sky130_fd_sc_hd__xor2_1)
                  0.18    0.27    1.46 ^ ppa_post_1_4.U1.xor2/X (sky130_fd_sc_hd__xor2_1)
     1    0.00                           ppa_post_1_4.U1.Y (net)
                  0.18    0.00    1.46 ^ _1_/A (sky130_fd_sc_hd__clkbuf_1)
                  0.06    0.20    1.65 ^ _1_/X (sky130_fd_sc_hd__clkbuf_1)
     1    0.00                           net12 (net)
                  0.06    0.00    1.65 ^ output12/A (sky130_fd_sc_hd__buf_2)
                  0.27    0.36    2.01 ^ output12/X (sky130_fd_sc_hd__buf_2)
     1    0.03                           sum[1] (net)
                  0.27    0.00    2.01 ^ sum[1] (out)
                                  2.01   data arrival time

                  0.00    1.00    1.00   clock clk (rise edge)
                          0.00    1.00   clock network delay (ideal)
                         -0.25    0.75   clock uncertainty
                          0.00    0.75   clock reconvergence pessimism
                          0.00    0.75   output external delay
                                  0.75   data required time
-----------------------------------------------------------------------------
                                  0.75   data required time
                                 -2.01   data arrival time
-----------------------------------------------------------------------------
                                 -1.26   slack (VIOLATED)


Startpoint: a[2] (input port clocked by clk)
Endpoint: cout (output port clocked by clk)
Path Group: clk
Path Type: max
Corner: ss

Fanout     Cap    Slew   Delay    Time   Description
-----------------------------------------------------------------------------
                  0.00    0.00    0.00   clock clk (rise edge)
                          0.00    0.00   clock network delay (ideal)
                          0.00    0.00 v input external delay
                  0.02    0.01    0.01 v a[2] (in)
     1    0.00                           a[2] (net)
                  0.02    0.00    0.01 v input3/A (sky130_fd_sc_hd__clkbuf_1)
                  0.14    0.22    0.23 v input3/X (sky130_fd_sc_hd__clkbuf_1)
     2    0.01                           net3 (net)
                  0.14    0.00    0.23 v ppa_pre_3_0.U1.xor2/A (sky130_fd_sc_hd__xor2_1)
                  0.15    0.37    0.61 v ppa_pre_3_0.U1.xor2/X (sky130_fd_sc_hd__xor2_1)
     3    0.01                           ppa_black_3_1.U1.A (net)
                  0.15    0.00    0.61 v ppa_black_3_1.U1.and2/A (sky130_fd_sc_hd__and2_1)
                  0.08    0.34    0.95 v ppa_black_3_1.U1.and2/X (sky130_fd_sc_hd__and2_1)
     1    0.00                           ppa_black_3_1.U1.Y (net)
                  0.08    0.00    0.95 v ppa_grey_3_2.U1.ao21/A2 (sky130_fd_sc_hd__a21o_1)
                  0.11    0.39    1.34 v ppa_grey_3_2.U1.ao21/X (sky130_fd_sc_hd__a21o_1)
     2    0.01                           ppa_grey_3_2.U1.Y (net)
                  0.11    0.00    1.34 v ppa_grey_cout.U1.ao21/A1 (sky130_fd_sc_hd__a21o_1)
                  0.05    0.30    1.64 v ppa_grey_cout.U1.ao21/X (sky130_fd_sc_hd__a21o_1)
     1    0.00                           net10 (net)
                  0.05    0.00    1.64 v output10/A (sky130_fd_sc_hd__buf_2)
                  0.17    0.35    2.00 v output10/X (sky130_fd_sc_hd__buf_2)
     1    0.03                           cout (net)
                  0.17    0.00    2.00 v cout (out)
                                  2.00   data arrival time

                  0.00    1.00    1.00   clock clk (rise edge)
                          0.00    1.00   clock network delay (ideal)
                         -0.25    0.75   clock uncertainty
                          0.00    0.75   clock reconvergence pessimism
                          0.00    0.75   output external delay
                                  0.75   data required time
-----------------------------------------------------------------------------
                                  0.75   data required time
                                 -2.00   data arrival time
-----------------------------------------------------------------------------
                                 -1.25   slack (VIOLATED)



======================= Typical Corner ===================================

Startpoint: a[2] (input port clocked by clk)
Endpoint: sum[3] (output port clocked by clk)
Path Group: clk
Path Type: max
Corner: tt

Fanout     Cap    Slew   Delay    Time   Description
-----------------------------------------------------------------------------
                  0.00    0.00    0.00   clock clk (rise edge)
                          0.00    0.00   clock network delay (ideal)
                          0.00    0.00 ^ input external delay
                  0.02    0.01    0.01 ^ a[2] (in)
     1    0.00                           a[2] (net)
                  0.02    0.00    0.01 ^ input3/A (sky130_fd_sc_hd__clkbuf_1)
                  0.14    0.15    0.16 ^ input3/X (sky130_fd_sc_hd__clkbuf_1)
     2    0.01                           net3 (net)
                  0.14    0.00    0.16 ^ ppa_pre_3_0.U1.xor2/A (sky130_fd_sc_hd__xor2_1)
                  0.20    0.23    0.39 ^ ppa_pre_3_0.U1.xor2/X (sky130_fd_sc_hd__xor2_1)
     3    0.01                           ppa_black_3_1.U1.A (net)
                  0.20    0.00    0.39 ^ ppa_black_3_1.U1.and2/A (sky130_fd_sc_hd__and2_1)
                  0.06    0.17    0.57 ^ ppa_black_3_1.U1.and2/X (sky130_fd_sc_hd__and2_1)
     1    0.00                           ppa_black_3_1.U1.Y (net)
                  0.06    0.00    0.57 ^ ppa_grey_3_2.U1.ao21/A2 (sky130_fd_sc_hd__a21o_1)
                  0.09    0.16    0.72 ^ ppa_grey_3_2.U1.ao21/X (sky130_fd_sc_hd__a21o_1)
     2    0.01                           ppa_grey_3_2.U1.Y (net)
                  0.09    0.00    0.72 ^ ppa_post_3_4.U1.xor2/B (sky130_fd_sc_hd__xor2_1)
                  0.12    0.16    0.88 ^ ppa_post_3_4.U1.xor2/X (sky130_fd_sc_hd__xor2_1)
     1    0.00                           ppa_post_3_4.U1.Y (net)
                  0.12    0.00    0.88 ^ _3_/A (sky130_fd_sc_hd__clkbuf_1)
                  0.04    0.10    0.98 ^ _3_/X (sky130_fd_sc_hd__clkbuf_1)
     1    0.00                           net14 (net)
                  0.04    0.00    0.98 ^ output14/A (sky130_fd_sc_hd__clkbuf_4)
                  0.12    0.19    1.18 ^ output14/X (sky130_fd_sc_hd__clkbuf_4)
     1    0.03                           sum[3] (net)
                  0.12    0.00    1.18 ^ sum[3] (out)
                                  1.18   data arrival time

                  0.00    1.00    1.00   clock clk (rise edge)
                          0.00    1.00   clock network delay (ideal)
                         -0.25    0.75   clock uncertainty
                          0.00    0.75   clock reconvergence pessimism
                          0.00    0.75   output external delay
                                  0.75   data required time
-----------------------------------------------------------------------------
                                  0.75   data required time
                                 -1.18   data arrival time
-----------------------------------------------------------------------------
                                 -0.43   slack (VIOLATED)


Startpoint: b[0] (input port clocked by clk)
Endpoint: sum[2] (output port clocked by clk)
Path Group: clk
Path Type: max
Corner: tt

Fanout     Cap    Slew   Delay    Time   Description
-----------------------------------------------------------------------------
                  0.00    0.00    0.00   clock clk (rise edge)
                          0.00    0.00   clock network delay (ideal)
                          0.00    0.00 ^ input external delay
                  0.02    0.01    0.01 ^ b[0] (in)
     1    0.00                           b[0] (net)
                  0.02    0.00    0.01 ^ input5/A (sky130_fd_sc_hd__clkbuf_1)
                  0.10    0.12    0.13 ^ input5/X (sky130_fd_sc_hd__clkbuf_1)
     2    0.01                           net5 (net)
                  0.10    0.00    0.13 ^ ppa_pre_1_0.U1.xor2/B (sky130_fd_sc_hd__xor2_1)
                  0.17    0.21    0.34 ^ ppa_pre_1_0.U1.xor2/X (sky130_fd_sc_hd__xor2_1)
     2    0.01                           ppa_grey_1_1.U1.A1 (net)
                  0.17    0.00    0.34 ^ ppa_grey_1_1.U1.ao21/A2 (sky130_fd_sc_hd__a21o_1)
                  0.07    0.17    0.51 ^ ppa_grey_1_1.U1.ao21/X (sky130_fd_sc_hd__a21o_1)
     2    0.01                           ppa_buffer_1_2.U2.A (net)
                  0.07    0.00    0.51 ^ ppa_buffer_1_2.U2.buffer/A (sky130_fd_sc_hd__clkbuf_2)
                  0.06    0.13    0.64 ^ ppa_buffer_1_2.U2.buffer/X (sky130_fd_sc_hd__clkbuf_2)
     2    0.01                           ppa_buffer_1_2.U2.Y (net)
                  0.06    0.00    0.64 ^ ppa_grey_2_3.U1.ao21/A1 (sky130_fd_sc_hd__a21o_1)
                  0.06    0.12    0.77 ^ ppa_grey_2_3.U1.ao21/X (sky130_fd_sc_hd__a21o_1)
     1    0.01                           ppa_grey_2_3.U1.Y (net)
                  0.06    0.00    0.77 ^ ppa_post_2_4.U1.xor2/B (sky130_fd_sc_hd__xor2_1)
                  0.10    0.14    0.90 ^ ppa_post_2_4.U1.xor2/X (sky130_fd_sc_hd__xor2_1)
     1    0.00                           ppa_post_2_4.U1.Y (net)
                  0.10    0.00    0.90 ^ _2_/A (sky130_fd_sc_hd__clkbuf_1)
                  0.07    0.12    1.02 ^ _2_/X (sky130_fd_sc_hd__clkbuf_1)
     1    0.01                           net13 (net)
                  0.07    0.00    1.02 ^ output13/A (sky130_fd_sc_hd__buf_6)
                  0.08    0.14    1.16 ^ output13/X (sky130_fd_sc_hd__buf_6)
     1    0.03                           sum[2] (net)
                  0.08    0.00    1.17 ^ sum[2] (out)
                                  1.17   data arrival time

                  0.00    1.00    1.00   clock clk (rise edge)
                          0.00    1.00   clock network delay (ideal)
                         -0.25    0.75   clock uncertainty
                          0.00    0.75   clock reconvergence pessimism
                          0.00    0.75   output external delay
                                  0.75   data required time
-----------------------------------------------------------------------------
                                  0.75   data required time
                                 -1.17   data arrival time
-----------------------------------------------------------------------------
                                 -0.42   slack (VIOLATED)


Startpoint: b[0] (input port clocked by clk)
Endpoint: sum[0] (output port clocked by clk)
Path Group: clk
Path Type: max
Corner: tt

Fanout     Cap    Slew   Delay    Time   Description
-----------------------------------------------------------------------------
                  0.00    0.00    0.00   clock clk (rise edge)
                          0.00    0.00   clock network delay (ideal)
                          0.00    0.00 ^ input external delay
                  0.02    0.01    0.01 ^ b[0] (in)
     1    0.00                           b[0] (net)
                  0.02    0.00    0.01 ^ input5/A (sky130_fd_sc_hd__clkbuf_1)
                  0.10    0.12    0.13 ^ input5/X (sky130_fd_sc_hd__clkbuf_1)
     2    0.01                           net5 (net)
                  0.10    0.00    0.13 ^ ppa_pre_1_0.U1.xor2/B (sky130_fd_sc_hd__xor2_1)
                  0.17    0.21    0.34 ^ ppa_pre_1_0.U1.xor2/X (sky130_fd_sc_hd__xor2_1)
     2    0.01                           ppa_grey_1_1.U1.A1 (net)
                  0.17    0.00    0.34 ^ rebuffer3/A (sky130_fd_sc_hd__dlymetal6s2s_1)
                  0.05    0.13    0.47 ^ rebuffer3/X (sky130_fd_sc_hd__dlymetal6s2s_1)
     1    0.00                           net17 (net)
                  0.05    0.00    0.47 ^ rebuffer1/A (sky130_fd_sc_hd__dlygate4sd1_1)
                  0.06    0.22    0.69 ^ rebuffer1/X (sky130_fd_sc_hd__dlygate4sd1_1)
     1    0.00                           net15 (net)
                  0.06    0.00    0.69 ^ ppa_post_0_4.U1.xor2/A (sky130_fd_sc_hd__xor2_1)
                  0.12    0.14    0.83 ^ ppa_post_0_4.U1.xor2/X (sky130_fd_sc_hd__xor2_1)
     1    0.00                           ppa_post_0_4.U1.Y (net)
                  0.12    0.00    0.83 ^ _0_/A (sky130_fd_sc_hd__clkbuf_1)
                  0.04    0.10    0.93 ^ _0_/X (sky130_fd_sc_hd__clkbuf_1)
     1    0.00                           net11 (net)
                  0.04    0.00    0.93 ^ output11/A (sky130_fd_sc_hd__buf_2)
                  0.17    0.21    1.13 ^ output11/X (sky130_fd_sc_hd__buf_2)
     1    0.03                           sum[0] (net)
                  0.17    0.00    1.14 ^ sum[0] (out)
                                  1.14   data arrival time

                  0.00    1.00    1.00   clock clk (rise edge)
                          0.00    1.00   clock network delay (ideal)
                         -0.25    0.75   clock uncertainty
                          0.00    0.75   clock reconvergence pessimism
                          0.00    0.75   output external delay
                                  0.75   data required time
-----------------------------------------------------------------------------
                                  0.75   data required time
                                 -1.14   data arrival time
-----------------------------------------------------------------------------
                                 -0.39   slack (VIOLATED)


Startpoint: b[0] (input port clocked by clk)
Endpoint: sum[1] (output port clocked by clk)
Path Group: clk
Path Type: max
Corner: tt

Fanout     Cap    Slew   Delay    Time   Description
-----------------------------------------------------------------------------
                  0.00    0.00    0.00   clock clk (rise edge)
                          0.00    0.00   clock network delay (ideal)
                          0.00    0.00 ^ input external delay
                  0.02    0.01    0.01 ^ b[0] (in)
     1    0.00                           b[0] (net)
                  0.02    0.00    0.01 ^ input5/A (sky130_fd_sc_hd__clkbuf_1)
                  0.10    0.12    0.13 ^ input5/X (sky130_fd_sc_hd__clkbuf_1)
     2    0.01                           net5 (net)
                  0.10    0.00    0.13 ^ ppa_pre_1_0.U1.xor2/B (sky130_fd_sc_hd__xor2_1)
                  0.17    0.21    0.34 ^ ppa_pre_1_0.U1.xor2/X (sky130_fd_sc_hd__xor2_1)
     2    0.01                           ppa_grey_1_1.U1.A1 (net)
                  0.17    0.00    0.34 ^ ppa_grey_1_1.U1.ao21/A2 (sky130_fd_sc_hd__a21o_1)
                  0.07    0.17    0.51 ^ ppa_grey_1_1.U1.ao21/X (sky130_fd_sc_hd__a21o_1)
     2    0.01                           ppa_buffer_1_2.U2.A (net)
                  0.07    0.00    0.51 ^ ppa_buffer_1_2.U2.buffer/A (sky130_fd_sc_hd__clkbuf_2)
                  0.06    0.13    0.64 ^ ppa_buffer_1_2.U2.buffer/X (sky130_fd_sc_hd__clkbuf_2)
     2    0.01                           ppa_buffer_1_2.U2.Y (net)
                  0.06    0.00    0.64 ^ ppa_post_1_4.U1.xor2/B (sky130_fd_sc_hd__xor2_1)
                  0.11    0.15    0.79 ^ ppa_post_1_4.U1.xor2/X (sky130_fd_sc_hd__xor2_1)
     1    0.00                           ppa_post_1_4.U1.Y (net)
                  0.11    0.00    0.79 ^ _1_/A (sky130_fd_sc_hd__clkbuf_1)
                  0.04    0.10    0.89 ^ _1_/X (sky130_fd_sc_hd__clkbuf_1)
     1    0.00                           net12 (net)
                  0.04    0.00    0.89 ^ output12/A (sky130_fd_sc_hd__buf_2)
                  0.17    0.20    1.09 ^ output12/X (sky130_fd_sc_hd__buf_2)
     1    0.03                           sum[1] (net)
                  0.17    0.00    1.09 ^ sum[1] (out)
                                  1.09   data arrival time

                  0.00    1.00    1.00   clock clk (rise edge)
                          0.00    1.00   clock network delay (ideal)
                         -0.25    0.75   clock uncertainty
                          0.00    0.75   clock reconvergence pessimism
                          0.00    0.75   output external delay
                                  0.75   data required time
-----------------------------------------------------------------------------
                                  0.75   data required time
                                 -1.09   data arrival time
-----------------------------------------------------------------------------
                                 -0.34   slack (VIOLATED)


Startpoint: a[2] (input port clocked by clk)
Endpoint: cout (output port clocked by clk)
Path Group: clk
Path Type: max
Corner: tt

Fanout     Cap    Slew   Delay    Time   Description
-----------------------------------------------------------------------------
                  0.00    0.00    0.00   clock clk (rise edge)
                          0.00    0.00   clock network delay (ideal)
                          0.00    0.00 ^ input external delay
                  0.02    0.01    0.01 ^ a[2] (in)
     1    0.00                           a[2] (net)
                  0.02    0.00    0.01 ^ input3/A (sky130_fd_sc_hd__clkbuf_1)
                  0.14    0.15    0.16 ^ input3/X (sky130_fd_sc_hd__clkbuf_1)
     2    0.01                           net3 (net)
                  0.14    0.00    0.16 ^ ppa_pre_3_0.U1.xor2/A (sky130_fd_sc_hd__xor2_1)
                  0.20    0.23    0.39 ^ ppa_pre_3_0.U1.xor2/X (sky130_fd_sc_hd__xor2_1)
     3    0.01                           ppa_black_3_1.U1.A (net)
                  0.20    0.00    0.39 ^ ppa_black_3_1.U1.and2/A (sky130_fd_sc_hd__and2_1)
                  0.06    0.17    0.57 ^ ppa_black_3_1.U1.and2/X (sky130_fd_sc_hd__and2_1)
     1    0.00                           ppa_black_3_1.U1.Y (net)
                  0.06    0.00    0.57 ^ ppa_grey_3_2.U1.ao21/A2 (sky130_fd_sc_hd__a21o_1)
                  0.09    0.16    0.72 ^ ppa_grey_3_2.U1.ao21/X (sky130_fd_sc_hd__a21o_1)
     2    0.01                           ppa_grey_3_2.U1.Y (net)
                  0.09    0.00    0.72 ^ ppa_grey_cout.U1.ao21/A1 (sky130_fd_sc_hd__a21o_1)
                  0.03    0.11    0.84 ^ ppa_grey_cout.U1.ao21/X (sky130_fd_sc_hd__a21o_1)
     1    0.00                           net10 (net)
                  0.03    0.00    0.84 ^ output10/A (sky130_fd_sc_hd__buf_2)
                  0.17    0.20    1.04 ^ output10/X (sky130_fd_sc_hd__buf_2)
     1    0.03                           cout (net)
                  0.17    0.00    1.04 ^ cout (out)
                                  1.04   data arrival time

                  0.00    1.00    1.00   clock clk (rise edge)
                          0.00    1.00   clock network delay (ideal)
                         -0.25    0.75   clock uncertainty
                          0.00    0.75   clock reconvergence pessimism
                          0.00    0.75   output external delay
                                  0.75   data required time
-----------------------------------------------------------------------------
                                  0.75   data required time
                                 -1.04   data arrival time
-----------------------------------------------------------------------------
                                 -0.29   slack (VIOLATED)



======================= Fastest Corner ===================================

Startpoint: a[2] (input port clocked by clk)
Endpoint: sum[3] (output port clocked by clk)
Path Group: clk
Path Type: max
Corner: ff

Fanout     Cap    Slew   Delay    Time   Description
-----------------------------------------------------------------------------
                  0.00    0.00    0.00   clock clk (rise edge)
                          0.00    0.00   clock network delay (ideal)
                          0.00    0.00 ^ input external delay
                  0.02    0.01    0.01 ^ a[2] (in)
     1    0.00                           a[2] (net)
                  0.02    0.00    0.01 ^ input3/A (sky130_fd_sc_hd__clkbuf_1)
                  0.11    0.11    0.12 ^ input3/X (sky130_fd_sc_hd__clkbuf_1)
     2    0.01                           net3 (net)
                  0.11    0.00    0.12 ^ ppa_pre_3_0.U1.xor2/A (sky130_fd_sc_hd__xor2_1)
                  0.15    0.15    0.27 ^ ppa_pre_3_0.U1.xor2/X (sky130_fd_sc_hd__xor2_1)
     3    0.01                           ppa_black_3_1.U1.A (net)
                  0.15    0.00    0.27 ^ ppa_black_3_1.U1.and2/A (sky130_fd_sc_hd__and2_1)
                  0.04    0.10    0.37 ^ ppa_black_3_1.U1.and2/X (sky130_fd_sc_hd__and2_1)
     1    0.00                           ppa_black_3_1.U1.Y (net)
                  0.04    0.00    0.37 ^ ppa_grey_3_2.U1.ao21/A2 (sky130_fd_sc_hd__a21o_1)
                  0.07    0.10    0.47 ^ ppa_grey_3_2.U1.ao21/X (sky130_fd_sc_hd__a21o_1)
     2    0.01                           ppa_grey_3_2.U1.Y (net)
                  0.07    0.00    0.47 ^ ppa_post_3_4.U1.xor2/B (sky130_fd_sc_hd__xor2_1)
                  0.08    0.10    0.57 ^ ppa_post_3_4.U1.xor2/X (sky130_fd_sc_hd__xor2_1)
     1    0.00                           ppa_post_3_4.U1.Y (net)
                  0.08    0.00    0.57 ^ _3_/A (sky130_fd_sc_hd__clkbuf_1)
                  0.03    0.06    0.63 ^ _3_/X (sky130_fd_sc_hd__clkbuf_1)
     1    0.00                           net14 (net)
                  0.03    0.00    0.63 ^ output14/A (sky130_fd_sc_hd__clkbuf_4)
                  0.09    0.13    0.76 ^ output14/X (sky130_fd_sc_hd__clkbuf_4)
     1    0.03                           sum[3] (net)
                  0.09    0.00    0.76 ^ sum[3] (out)
                                  0.76   data arrival time

                  0.00    1.00    1.00   clock clk (rise edge)
                          0.00    1.00   clock network delay (ideal)
                         -0.25    0.75   clock uncertainty
                          0.00    0.75   clock reconvergence pessimism
                          0.00    0.75   output external delay
                                  0.75   data required time
-----------------------------------------------------------------------------
                                  0.75   data required time
                                 -0.76   data arrival time
-----------------------------------------------------------------------------
                                 -0.01   slack (VIOLATED)


Startpoint: b[0] (input port clocked by clk)
Endpoint: sum[2] (output port clocked by clk)
Path Group: clk
Path Type: max
Corner: ff

Fanout     Cap    Slew   Delay    Time   Description
-----------------------------------------------------------------------------
                  0.00    0.00    0.00   clock clk (rise edge)
                          0.00    0.00   clock network delay (ideal)
                          0.00    0.00 ^ input external delay
                  0.02    0.01    0.01 ^ b[0] (in)
     1    0.00                           b[0] (net)
                  0.02    0.00    0.01 ^ input5/A (sky130_fd_sc_hd__clkbuf_1)
                  0.08    0.08    0.09 ^ input5/X (sky130_fd_sc_hd__clkbuf_1)
     2    0.01                           net5 (net)
                  0.08    0.00    0.09 ^ ppa_pre_1_0.U1.xor2/B (sky130_fd_sc_hd__xor2_1)
                  0.13    0.13    0.23 ^ ppa_pre_1_0.U1.xor2/X (sky130_fd_sc_hd__xor2_1)
     2    0.01                           ppa_grey_1_1.U1.A1 (net)
                  0.13    0.00    0.23 ^ ppa_grey_1_1.U1.ao21/A2 (sky130_fd_sc_hd__a21o_1)
                  0.05    0.10    0.33 ^ ppa_grey_1_1.U1.ao21/X (sky130_fd_sc_hd__a21o_1)
     2    0.01                           ppa_buffer_1_2.U2.A (net)
                  0.05    0.00    0.33 ^ ppa_buffer_1_2.U2.buffer/A (sky130_fd_sc_hd__clkbuf_2)
                  0.05    0.09    0.42 ^ ppa_buffer_1_2.U2.buffer/X (sky130_fd_sc_hd__clkbuf_2)
     2    0.01                           ppa_buffer_1_2.U2.Y (net)
                  0.05    0.00    0.42 ^ ppa_grey_2_3.U1.ao21/A1 (sky130_fd_sc_hd__a21o_1)
                  0.04    0.08    0.50 ^ ppa_grey_2_3.U1.ao21/X (sky130_fd_sc_hd__a21o_1)
     1    0.01                           ppa_grey_2_3.U1.Y (net)
                  0.04    0.00    0.50 ^ ppa_post_2_4.U1.xor2/B (sky130_fd_sc_hd__xor2_1)
                  0.07    0.09    0.59 ^ ppa_post_2_4.U1.xor2/X (sky130_fd_sc_hd__xor2_1)
     1    0.00                           ppa_post_2_4.U1.Y (net)
                  0.07    0.00    0.59 ^ _2_/A (sky130_fd_sc_hd__clkbuf_1)
                  0.05    0.07    0.66 ^ _2_/X (sky130_fd_sc_hd__clkbuf_1)
     1    0.01                           net13 (net)
                  0.05    0.00    0.66 ^ output13/A (sky130_fd_sc_hd__buf_6)
                  0.06    0.10    0.76 ^ output13/X (sky130_fd_sc_hd__buf_6)
     1    0.03                           sum[2] (net)
                  0.06    0.00    0.76 ^ sum[2] (out)
                                  0.76   data arrival time

                  0.00    1.00    1.00   clock clk (rise edge)
                          0.00    1.00   clock network delay (ideal)
                         -0.25    0.75   clock uncertainty
                          0.00    0.75   clock reconvergence pessimism
                          0.00    0.75   output external delay
                                  0.75   data required time
-----------------------------------------------------------------------------
                                  0.75   data required time
                                 -0.76   data arrival time
-----------------------------------------------------------------------------
                                 -0.01   slack (VIOLATED)


Startpoint: b[0] (input port clocked by clk)
Endpoint: sum[0] (output port clocked by clk)
Path Group: clk
Path Type: max
Corner: ff

Fanout     Cap    Slew   Delay    Time   Description
-----------------------------------------------------------------------------
                  0.00    0.00    0.00   clock clk (rise edge)
                          0.00    0.00   clock network delay (ideal)
                          0.00    0.00 ^ input external delay
                  0.02    0.01    0.01 ^ b[0] (in)
     1    0.00                           b[0] (net)
                  0.02    0.00    0.01 ^ input5/A (sky130_fd_sc_hd__clkbuf_1)
                  0.08    0.08    0.09 ^ input5/X (sky130_fd_sc_hd__clkbuf_1)
     2    0.01                           net5 (net)
                  0.08    0.00    0.09 ^ ppa_pre_1_0.U1.xor2/B (sky130_fd_sc_hd__xor2_1)
                  0.13    0.13    0.23 ^ ppa_pre_1_0.U1.xor2/X (sky130_fd_sc_hd__xor2_1)
     2    0.01                           ppa_grey_1_1.U1.A1 (net)
                  0.13    0.00    0.23 ^ rebuffer3/A (sky130_fd_sc_hd__dlymetal6s2s_1)
                  0.04    0.08    0.31 ^ rebuffer3/X (sky130_fd_sc_hd__dlymetal6s2s_1)
     1    0.00                           net17 (net)
                  0.04    0.00    0.31 ^ rebuffer1/A (sky130_fd_sc_hd__dlygate4sd1_1)
                  0.04    0.14    0.45 ^ rebuffer1/X (sky130_fd_sc_hd__dlygate4sd1_1)
     1    0.00                           net15 (net)
                  0.04    0.00    0.45 ^ ppa_post_0_4.U1.xor2/A (sky130_fd_sc_hd__xor2_1)
                  0.08    0.09    0.55 ^ ppa_post_0_4.U1.xor2/X (sky130_fd_sc_hd__xor2_1)
     1    0.00                           ppa_post_0_4.U1.Y (net)
                  0.08    0.00    0.55 ^ _0_/A (sky130_fd_sc_hd__clkbuf_1)
                  0.03    0.06    0.60 ^ _0_/X (sky130_fd_sc_hd__clkbuf_1)
     1    0.00                           net11 (net)
                  0.03    0.00    0.60 ^ output11/A (sky130_fd_sc_hd__buf_2)
                  0.13    0.14    0.75 ^ output11/X (sky130_fd_sc_hd__buf_2)
     1    0.03                           sum[0] (net)
                  0.13    0.00    0.75 ^ sum[0] (out)
                                  0.75   data arrival time

                  0.00    1.00    1.00   clock clk (rise edge)
                          0.00    1.00   clock network delay (ideal)
                         -0.25    0.75   clock uncertainty
                          0.00    0.75   clock reconvergence pessimism
                          0.00    0.75   output external delay
                                  0.75   data required time
-----------------------------------------------------------------------------
                                  0.75   data required time
                                 -0.75   data arrival time
-----------------------------------------------------------------------------
                                  0.00   slack (MET)


Startpoint: b[0] (input port clocked by clk)
Endpoint: sum[1] (output port clocked by clk)
Path Group: clk
Path Type: max
Corner: ff

Fanout     Cap    Slew   Delay    Time   Description
-----------------------------------------------------------------------------
                  0.00    0.00    0.00   clock clk (rise edge)
                          0.00    0.00   clock network delay (ideal)
                          0.00    0.00 ^ input external delay
                  0.02    0.01    0.01 ^ b[0] (in)
     1    0.00                           b[0] (net)
                  0.02    0.00    0.01 ^ input5/A (sky130_fd_sc_hd__clkbuf_1)
                  0.08    0.08    0.09 ^ input5/X (sky130_fd_sc_hd__clkbuf_1)
     2    0.01                           net5 (net)
                  0.08    0.00    0.09 ^ ppa_pre_1_0.U1.xor2/B (sky130_fd_sc_hd__xor2_1)
                  0.13    0.13    0.23 ^ ppa_pre_1_0.U1.xor2/X (sky130_fd_sc_hd__xor2_1)
     2    0.01                           ppa_grey_1_1.U1.A1 (net)
                  0.13    0.00    0.23 ^ ppa_grey_1_1.U1.ao21/A2 (sky130_fd_sc_hd__a21o_1)
                  0.05    0.10    0.33 ^ ppa_grey_1_1.U1.ao21/X (sky130_fd_sc_hd__a21o_1)
     2    0.01                           ppa_buffer_1_2.U2.A (net)
                  0.05    0.00    0.33 ^ ppa_buffer_1_2.U2.buffer/A (sky130_fd_sc_hd__clkbuf_2)
                  0.05    0.09    0.42 ^ ppa_buffer_1_2.U2.buffer/X (sky130_fd_sc_hd__clkbuf_2)
     2    0.01                           ppa_buffer_1_2.U2.Y (net)
                  0.05    0.00    0.42 ^ ppa_post_1_4.U1.xor2/B (sky130_fd_sc_hd__xor2_1)
                  0.08    0.10    0.52 ^ ppa_post_1_4.U1.xor2/X (sky130_fd_sc_hd__xor2_1)
     1    0.00                           ppa_post_1_4.U1.Y (net)
                  0.08    0.00    0.52 ^ _1_/A (sky130_fd_sc_hd__clkbuf_1)
                  0.03    0.06    0.57 ^ _1_/X (sky130_fd_sc_hd__clkbuf_1)
     1    0.00                           net12 (net)
                  0.03    0.00    0.57 ^ output12/A (sky130_fd_sc_hd__buf_2)
                  0.13    0.14    0.72 ^ output12/X (sky130_fd_sc_hd__buf_2)
     1    0.03                           sum[1] (net)
                  0.13    0.00    0.72 ^ sum[1] (out)
                                  0.72   data arrival time

                  0.00    1.00    1.00   clock clk (rise edge)
                          0.00    1.00   clock network delay (ideal)
                         -0.25    0.75   clock uncertainty
                          0.00    0.75   clock reconvergence pessimism
                          0.00    0.75   output external delay
                                  0.75   data required time
-----------------------------------------------------------------------------
                                  0.75   data required time
                                 -0.72   data arrival time
-----------------------------------------------------------------------------
                                  0.03   slack (MET)


Startpoint: a[2] (input port clocked by clk)
Endpoint: cout (output port clocked by clk)
Path Group: clk
Path Type: max
Corner: ff

Fanout     Cap    Slew   Delay    Time   Description
-----------------------------------------------------------------------------
                  0.00    0.00    0.00   clock clk (rise edge)
                          0.00    0.00   clock network delay (ideal)
                          0.00    0.00 ^ input external delay
                  0.02    0.01    0.01 ^ a[2] (in)
     1    0.00                           a[2] (net)
                  0.02    0.00    0.01 ^ input3/A (sky130_fd_sc_hd__clkbuf_1)
                  0.11    0.11    0.12 ^ input3/X (sky130_fd_sc_hd__clkbuf_1)
     2    0.01                           net3 (net)
                  0.11    0.00    0.12 ^ ppa_pre_3_0.U1.xor2/A (sky130_fd_sc_hd__xor2_1)
                  0.15    0.15    0.27 ^ ppa_pre_3_0.U1.xor2/X (sky130_fd_sc_hd__xor2_1)
     3    0.01                           ppa_black_3_1.U1.A (net)
                  0.15    0.00    0.27 ^ ppa_black_3_1.U1.and2/A (sky130_fd_sc_hd__and2_1)
                  0.04    0.10    0.37 ^ ppa_black_3_1.U1.and2/X (sky130_fd_sc_hd__and2_1)
     1    0.00                           ppa_black_3_1.U1.Y (net)
                  0.04    0.00    0.37 ^ ppa_grey_3_2.U1.ao21/A2 (sky130_fd_sc_hd__a21o_1)
                  0.07    0.10    0.47 ^ ppa_grey_3_2.U1.ao21/X (sky130_fd_sc_hd__a21o_1)
     2    0.01                           ppa_grey_3_2.U1.Y (net)
                  0.07    0.00    0.47 ^ ppa_grey_cout.U1.ao21/A1 (sky130_fd_sc_hd__a21o_1)
                  0.02    0.07    0.54 ^ ppa_grey_cout.U1.ao21/X (sky130_fd_sc_hd__a21o_1)
     1    0.00                           net10 (net)
                  0.02    0.00    0.54 ^ output10/A (sky130_fd_sc_hd__buf_2)
                  0.13    0.14    0.68 ^ output10/X (sky130_fd_sc_hd__buf_2)
     1    0.03                           cout (net)
                  0.13    0.00    0.68 ^ cout (out)
                                  0.68   data arrival time

                  0.00    1.00    1.00   clock clk (rise edge)
                          0.00    1.00   clock network delay (ideal)
                         -0.25    0.75   clock uncertainty
                          0.00    0.75   clock reconvergence pessimism
                          0.00    0.75   output external delay
                                  0.75   data required time
-----------------------------------------------------------------------------
                                  0.75   data required time
                                 -0.68   data arrival time
-----------------------------------------------------------------------------
                                  0.07   slack (MET)


