
===========================================================================
report_checks -path_delay max (Setup)
============================================================================
Startpoint: b[0] (input port clocked by clk)
Endpoint: sum[7] (output port clocked by clk)
Path Group: clk
Path Type: max

Fanout     Cap    Slew   Delay    Time   Description
-----------------------------------------------------------------------------
                  0.00    0.00    0.00   clock clk (rise edge)
                          0.00    0.00   clock network delay (ideal)
                          0.00    0.00 ^ input external delay
                  0.02    0.01    0.01 ^ b[0] (in)
     1    0.00                           b[0] (net)
                  0.02    0.00    0.01 ^ input9/A (sky130_fd_sc_hs__dlymetal6s2s_1)
                  0.12    0.12    0.13 ^ input9/X (sky130_fd_sc_hs__dlymetal6s2s_1)
     2    0.02                           net9 (net)
                  0.12    0.00    0.14 ^ ppa_pre_1_0.U1.xor2/B (sky130_fd_sc_hs__xor2_1)
                  0.20    0.21    0.34 ^ ppa_pre_1_0.U1.xor2/X (sky130_fd_sc_hs__xor2_1)
     2    0.01                           ppa_grey_1_1.U1.A1 (net)
                  0.20    0.00    0.34 ^ ppa_grey_1_1.U1.ao21/A2 (sky130_fd_sc_hs__a21o_1)
                  0.09    0.17    0.51 ^ ppa_grey_1_1.U1.ao21/X (sky130_fd_sc_hs__a21o_1)
     3    0.01                           ppa_grey_1_1.U1.Y (net)
                  0.09    0.00    0.52 ^ ppa_grey_3_2.U1.ao21/A1 (sky130_fd_sc_hs__a21o_1)
                  0.14    0.19    0.70 ^ ppa_grey_3_2.U1.ao21/X (sky130_fd_sc_hs__a21o_1)
     5    0.02                           ppa_grey_3_2.U1.Y (net)
                  0.14    0.00    0.70 ^ ppa_grey_7_3.U1.ao21/A1 (sky130_fd_sc_hs__a21o_1)
                  0.07    0.15    0.85 ^ ppa_grey_7_3.U1.ao21/X (sky130_fd_sc_hs__a21o_1)
     2    0.01                           ppa_grey_7_3.U1.Y (net)
                  0.07    0.00    0.85 ^ ppa_post_7_4.U1.xor2/B (sky130_fd_sc_hs__xor2_1)
                  0.12    0.15    0.99 ^ ppa_post_7_4.U1.xor2/X (sky130_fd_sc_hs__xor2_1)
     1    0.00                           ppa_post_7_4.U1.Y (net)
                  0.12    0.00    0.99 ^ _7_/A (sky130_fd_sc_hs__clkbuf_1)
                  0.06    0.11    1.11 ^ _7_/X (sky130_fd_sc_hs__clkbuf_1)
     1    0.01                           net26 (net)
                  0.06    0.00    1.11 ^ output26/A (sky130_fd_sc_hs__clkbuf_4)
                  0.10    0.17    1.28 ^ output26/X (sky130_fd_sc_hs__clkbuf_4)
     1    0.04                           sum[7] (net)
                  0.10    0.00    1.28 ^ sum[7] (out)
                                  1.28   data arrival time

                  0.00    0.75    0.75   clock clk (rise edge)
                          0.00    0.75   clock network delay (ideal)
                         -0.25    0.50   clock uncertainty
                          0.00    0.50   clock reconvergence pessimism
                          0.00    0.50   output external delay
                                  0.50   data required time
-----------------------------------------------------------------------------
                                  0.50   data required time
                                 -1.28   data arrival time
-----------------------------------------------------------------------------
                                 -0.78   slack (VIOLATED)


Startpoint: b[0] (input port clocked by clk)
Endpoint: sum[6] (output port clocked by clk)
Path Group: clk
Path Type: max

Fanout     Cap    Slew   Delay    Time   Description
-----------------------------------------------------------------------------
                  0.00    0.00    0.00   clock clk (rise edge)
                          0.00    0.00   clock network delay (ideal)
                          0.00    0.00 ^ input external delay
                  0.02    0.01    0.01 ^ b[0] (in)
     1    0.00                           b[0] (net)
                  0.02    0.00    0.01 ^ input9/A (sky130_fd_sc_hs__dlymetal6s2s_1)
                  0.12    0.12    0.13 ^ input9/X (sky130_fd_sc_hs__dlymetal6s2s_1)
     2    0.02                           net9 (net)
                  0.12    0.00    0.14 ^ ppa_pre_1_0.U1.xor2/B (sky130_fd_sc_hs__xor2_1)
                  0.20    0.21    0.34 ^ ppa_pre_1_0.U1.xor2/X (sky130_fd_sc_hs__xor2_1)
     2    0.01                           ppa_grey_1_1.U1.A1 (net)
                  0.20    0.00    0.34 ^ ppa_grey_1_1.U1.ao21/A2 (sky130_fd_sc_hs__a21o_1)
                  0.09    0.17    0.51 ^ ppa_grey_1_1.U1.ao21/X (sky130_fd_sc_hs__a21o_1)
     3    0.01                           ppa_grey_1_1.U1.Y (net)
                  0.09    0.00    0.52 ^ ppa_grey_3_2.U1.ao21/A1 (sky130_fd_sc_hs__a21o_1)
                  0.14    0.19    0.70 ^ ppa_grey_3_2.U1.ao21/X (sky130_fd_sc_hs__a21o_1)
     5    0.02                           ppa_grey_3_2.U1.Y (net)
                  0.14    0.00    0.70 ^ ppa_grey_6_3.U1.ao21/A1 (sky130_fd_sc_hs__a21o_1)
                  0.06    0.13    0.84 ^ ppa_grey_6_3.U1.ao21/X (sky130_fd_sc_hs__a21o_1)
     1    0.01                           ppa_grey_6_3.U1.Y (net)
                  0.06    0.00    0.84 ^ ppa_post_6_4.U1.xor2/B (sky130_fd_sc_hs__xor2_1)
                  0.11    0.13    0.97 ^ ppa_post_6_4.U1.xor2/X (sky130_fd_sc_hs__xor2_1)
     1    0.00                           ppa_post_6_4.U1.Y (net)
                  0.11    0.00    0.97 ^ _6_/A (sky130_fd_sc_hs__clkbuf_1)
                  0.04    0.09    1.06 ^ _6_/X (sky130_fd_sc_hs__clkbuf_1)
     1    0.00                           net25 (net)
                  0.04    0.00    1.06 ^ output25/A (sky130_fd_sc_hs__clkbuf_4)
                  0.10    0.16    1.23 ^ output25/X (sky130_fd_sc_hs__clkbuf_4)
     1    0.04                           sum[6] (net)
                  0.10    0.00    1.23 ^ sum[6] (out)
                                  1.23   data arrival time

                  0.00    0.75    0.75   clock clk (rise edge)
                          0.00    0.75   clock network delay (ideal)
                         -0.25    0.50   clock uncertainty
                          0.00    0.50   clock reconvergence pessimism
                          0.00    0.50   output external delay
                                  0.50   data required time
-----------------------------------------------------------------------------
                                  0.50   data required time
                                 -1.23   data arrival time
-----------------------------------------------------------------------------
                                 -0.73   slack (VIOLATED)


Startpoint: b[0] (input port clocked by clk)
Endpoint: sum[4] (output port clocked by clk)
Path Group: clk
Path Type: max

Fanout     Cap    Slew   Delay    Time   Description
-----------------------------------------------------------------------------
                  0.00    0.00    0.00   clock clk (rise edge)
                          0.00    0.00   clock network delay (ideal)
                          0.00    0.00 ^ input external delay
                  0.02    0.01    0.01 ^ b[0] (in)
     1    0.00                           b[0] (net)
                  0.02    0.00    0.01 ^ input9/A (sky130_fd_sc_hs__dlymetal6s2s_1)
                  0.12    0.12    0.13 ^ input9/X (sky130_fd_sc_hs__dlymetal6s2s_1)
     2    0.02                           net9 (net)
                  0.12    0.00    0.14 ^ ppa_pre_1_0.U1.xor2/B (sky130_fd_sc_hs__xor2_1)
                  0.20    0.21    0.34 ^ ppa_pre_1_0.U1.xor2/X (sky130_fd_sc_hs__xor2_1)
     2    0.01                           ppa_grey_1_1.U1.A1 (net)
                  0.20    0.00    0.34 ^ ppa_grey_1_1.U1.ao21/A2 (sky130_fd_sc_hs__a21o_1)
                  0.09    0.17    0.51 ^ ppa_grey_1_1.U1.ao21/X (sky130_fd_sc_hs__a21o_1)
     3    0.01                           ppa_grey_1_1.U1.Y (net)
                  0.09    0.00    0.52 ^ ppa_grey_3_2.U1.ao21/A1 (sky130_fd_sc_hs__a21o_1)
                  0.14    0.19    0.70 ^ ppa_grey_3_2.U1.ao21/X (sky130_fd_sc_hs__a21o_1)
     5    0.02                           ppa_grey_3_2.U1.Y (net)
                  0.14    0.00    0.70 ^ ppa_grey_4_3.U1.ao21/A1 (sky130_fd_sc_hs__a21o_1)
                  0.05    0.12    0.82 ^ ppa_grey_4_3.U1.ao21/X (sky130_fd_sc_hs__a21o_1)
     1    0.01                           ppa_grey_4_3.U1.Y (net)
                  0.05    0.00    0.82 ^ ppa_post_4_4.U1.xor2/B (sky130_fd_sc_hs__xor2_1)
                  0.10    0.13    0.95 ^ ppa_post_4_4.U1.xor2/X (sky130_fd_sc_hs__xor2_1)
     1    0.00                           ppa_post_4_4.U1.Y (net)
                  0.10    0.00    0.95 ^ _4_/A (sky130_fd_sc_hs__clkbuf_1)
                  0.06    0.11    1.06 ^ _4_/X (sky130_fd_sc_hs__clkbuf_1)
     1    0.01                           net23 (net)
                  0.06    0.00    1.06 ^ output23/A (sky130_fd_sc_hs__clkbuf_4)
                  0.10    0.17    1.23 ^ output23/X (sky130_fd_sc_hs__clkbuf_4)
     1    0.04                           sum[4] (net)
                  0.10    0.00    1.23 ^ sum[4] (out)
                                  1.23   data arrival time

                  0.00    0.75    0.75   clock clk (rise edge)
                          0.00    0.75   clock network delay (ideal)
                         -0.25    0.50   clock uncertainty
                          0.00    0.50   clock reconvergence pessimism
                          0.00    0.50   output external delay
                                  0.50   data required time
-----------------------------------------------------------------------------
                                  0.50   data required time
                                 -1.23   data arrival time
-----------------------------------------------------------------------------
                                 -0.73   slack (VIOLATED)


Startpoint: b[0] (input port clocked by clk)
Endpoint: sum[5] (output port clocked by clk)
Path Group: clk
Path Type: max

Fanout     Cap    Slew   Delay    Time   Description
-----------------------------------------------------------------------------
                  0.00    0.00    0.00   clock clk (rise edge)
                          0.00    0.00   clock network delay (ideal)
                          0.00    0.00 ^ input external delay
                  0.02    0.01    0.01 ^ b[0] (in)
     1    0.00                           b[0] (net)
                  0.02    0.00    0.01 ^ input9/A (sky130_fd_sc_hs__dlymetal6s2s_1)
                  0.12    0.12    0.13 ^ input9/X (sky130_fd_sc_hs__dlymetal6s2s_1)
     2    0.02                           net9 (net)
                  0.12    0.00    0.14 ^ ppa_pre_1_0.U1.xor2/B (sky130_fd_sc_hs__xor2_1)
                  0.20    0.21    0.34 ^ ppa_pre_1_0.U1.xor2/X (sky130_fd_sc_hs__xor2_1)
     2    0.01                           ppa_grey_1_1.U1.A1 (net)
                  0.20    0.00    0.34 ^ ppa_grey_1_1.U1.ao21/A2 (sky130_fd_sc_hs__a21o_1)
                  0.09    0.17    0.51 ^ ppa_grey_1_1.U1.ao21/X (sky130_fd_sc_hs__a21o_1)
     3    0.01                           ppa_grey_1_1.U1.Y (net)
                  0.09    0.00    0.52 ^ ppa_grey_3_2.U1.ao21/A1 (sky130_fd_sc_hs__a21o_1)
                  0.14    0.19    0.70 ^ ppa_grey_3_2.U1.ao21/X (sky130_fd_sc_hs__a21o_1)
     5    0.02                           ppa_grey_3_2.U1.Y (net)
                  0.14    0.00    0.70 ^ ppa_grey_5_3.U1.ao21/A1 (sky130_fd_sc_hs__a21o_1)
                  0.05    0.12    0.82 ^ ppa_grey_5_3.U1.ao21/X (sky130_fd_sc_hs__a21o_1)
     1    0.01                           ppa_grey_5_3.U1.Y (net)
                  0.05    0.00    0.82 ^ ppa_post_5_4.U1.xor2/B (sky130_fd_sc_hs__xor2_1)
                  0.11    0.13    0.96 ^ ppa_post_5_4.U1.xor2/X (sky130_fd_sc_hs__xor2_1)
     1    0.00                           ppa_post_5_4.U1.Y (net)
                  0.11    0.00    0.96 ^ _5_/A (sky130_fd_sc_hs__clkbuf_1)
                  0.03    0.09    1.04 ^ _5_/X (sky130_fd_sc_hs__clkbuf_1)
     1    0.00                           net24 (net)
                  0.03    0.00    1.04 ^ output24/A (sky130_fd_sc_hs__clkbuf_4)
                  0.10    0.16    1.20 ^ output24/X (sky130_fd_sc_hs__clkbuf_4)
     1    0.04                           sum[5] (net)
                  0.10    0.00    1.20 ^ sum[5] (out)
                                  1.20   data arrival time

                  0.00    0.75    0.75   clock clk (rise edge)
                          0.00    0.75   clock network delay (ideal)
                         -0.25    0.50   clock uncertainty
                          0.00    0.50   clock reconvergence pessimism
                          0.00    0.50   output external delay
                                  0.50   data required time
-----------------------------------------------------------------------------
                                  0.50   data required time
                                 -1.20   data arrival time
-----------------------------------------------------------------------------
                                 -0.70   slack (VIOLATED)


Startpoint: b[0] (input port clocked by clk)
Endpoint: cout (output port clocked by clk)
Path Group: clk
Path Type: max

Fanout     Cap    Slew   Delay    Time   Description
-----------------------------------------------------------------------------
                  0.00    0.00    0.00   clock clk (rise edge)
                          0.00    0.00   clock network delay (ideal)
                          0.00    0.00 v input external delay
                  0.01    0.01    0.01 v b[0] (in)
     1    0.00                           b[0] (net)
                  0.01    0.00    0.01 v input9/A (sky130_fd_sc_hs__dlymetal6s2s_1)
                  0.07    0.13    0.14 v input9/X (sky130_fd_sc_hs__dlymetal6s2s_1)
     2    0.02                           net9 (net)
                  0.07    0.00    0.14 v ppa_pre_1_0.U1.xor2/B (sky130_fd_sc_hs__xor2_1)
                  0.07    0.14    0.28 v ppa_pre_1_0.U1.xor2/X (sky130_fd_sc_hs__xor2_1)
     2    0.01                           ppa_grey_1_1.U1.A1 (net)
                  0.07    0.00    0.28 v ppa_grey_1_1.U1.ao21/A2 (sky130_fd_sc_hs__a21o_1)
                  0.07    0.19    0.48 v ppa_grey_1_1.U1.ao21/X (sky130_fd_sc_hs__a21o_1)
     3    0.01                           ppa_grey_1_1.U1.Y (net)
                  0.07    0.00    0.48 v ppa_grey_3_2.U1.ao21/A1 (sky130_fd_sc_hs__a21o_1)
                  0.10    0.20    0.68 v ppa_grey_3_2.U1.ao21/X (sky130_fd_sc_hs__a21o_1)
     5    0.02                           ppa_grey_3_2.U1.Y (net)
                  0.10    0.00    0.68 v ppa_grey_7_3.U1.ao21/A1 (sky130_fd_sc_hs__a21o_1)
                  0.06    0.17    0.85 v ppa_grey_7_3.U1.ao21/X (sky130_fd_sc_hs__a21o_1)
     2    0.01                           ppa_grey_7_3.U1.Y (net)
                  0.06    0.00    0.85 v ppa_grey_cout.U1.ao21/A1 (sky130_fd_sc_hs__a21o_1)
                  0.05    0.15    1.00 v ppa_grey_cout.U1.ao21/X (sky130_fd_sc_hs__a21o_1)
     1    0.01                           net18 (net)
                  0.05    0.00    1.00 v output18/A (sky130_fd_sc_hs__clkbuf_4)
                  0.08    0.17    1.17 v output18/X (sky130_fd_sc_hs__clkbuf_4)
     1    0.04                           cout (net)
                  0.08    0.00    1.17 v cout (out)
                                  1.17   data arrival time

                  0.00    0.75    0.75   clock clk (rise edge)
                          0.00    0.75   clock network delay (ideal)
                         -0.25    0.50   clock uncertainty
                          0.00    0.50   clock reconvergence pessimism
                          0.00    0.50   output external delay
                                  0.50   data required time
-----------------------------------------------------------------------------
                                  0.50   data required time
                                 -1.17   data arrival time
-----------------------------------------------------------------------------
                                 -0.67   slack (VIOLATED)


