
===========================================================================
report_checks -path_delay max (Setup)
============================================================================
Startpoint: b[0] (input port clocked by clk)
Endpoint: sum[5] (output port clocked by clk)
Path Group: clk
Path Type: max

Fanout     Cap    Slew   Delay    Time   Description
-----------------------------------------------------------------------------
                  0.00    0.00    0.00   clock clk (rise edge)
                          0.00    0.00   clock network delay (ideal)
                          0.00    0.00 v input external delay
                  0.02    0.01    0.01 v b[0] (in)
     2    0.01                           b[0] (net)
                  0.02    0.00    0.01 v _43_/A (sky130_fd_sc_hd__or2_2)
                  0.07    0.31    0.32 v _43_/X (sky130_fd_sc_hd__or2_2)
     2    0.01                           _07_ (net)
                  0.07    0.00    0.32 v _45_/A2 (sky130_fd_sc_hd__a21bo_2)
                  0.06    0.26    0.59 v _45_/X (sky130_fd_sc_hd__a21bo_2)
     3    0.02                           _09_ (net)
                  0.07    0.00    0.59 v _50_/A2 (sky130_fd_sc_hd__a311o_2)
                  0.06    0.39    0.98 v _50_/X (sky130_fd_sc_hd__a311o_2)
     2    0.00                           _14_ (net)
                  0.06    0.00    0.98 v _51_/A (sky130_fd_sc_hd__buf_1)
                  0.12    0.17    1.15 v _51_/X (sky130_fd_sc_hd__buf_1)
     4    0.02                           _15_ (net)
                  0.12    0.00    1.15 v _59_/A3 (sky130_fd_sc_hd__a31o_2)
                  0.06    0.30    1.45 v _59_/X (sky130_fd_sc_hd__a31o_2)
     1    0.01                           _22_ (net)
                  0.06    0.01    1.47 v _60_/B (sky130_fd_sc_hd__xnor2_2)
                  0.48    0.38    1.85 ^ _60_/Y (sky130_fd_sc_hd__xnor2_2)
     1    0.03                           sum[5] (net)
                  0.48    0.00    1.85 ^ sum[5] (out)
                                  1.85   data arrival time

                  0.00    3.50    3.50   clock clk (rise edge)
                          0.00    3.50   clock network delay (ideal)
                         -0.25    3.25   clock uncertainty
                          0.00    3.25   clock reconvergence pessimism
                          0.00    3.25   output external delay
                                  3.25   data required time
-----------------------------------------------------------------------------
                                  3.25   data required time
                                 -1.85   data arrival time
-----------------------------------------------------------------------------
                                  1.40   slack (MET)


Startpoint: b[0] (input port clocked by clk)
Endpoint: sum[7] (output port clocked by clk)
Path Group: clk
Path Type: max

Fanout     Cap    Slew   Delay    Time   Description
-----------------------------------------------------------------------------
                  0.00    0.00    0.00   clock clk (rise edge)
                          0.00    0.00   clock network delay (ideal)
                          0.00    0.00 v input external delay
                  0.02    0.01    0.01 v b[0] (in)
     2    0.01                           b[0] (net)
                  0.02    0.00    0.01 v _43_/A (sky130_fd_sc_hd__or2_2)
                  0.07    0.31    0.32 v _43_/X (sky130_fd_sc_hd__or2_2)
     2    0.01                           _07_ (net)
                  0.07    0.00    0.32 v _45_/A2 (sky130_fd_sc_hd__a21bo_2)
                  0.06    0.26    0.59 v _45_/X (sky130_fd_sc_hd__a21bo_2)
     3    0.02                           _09_ (net)
                  0.07    0.00    0.59 v _50_/A2 (sky130_fd_sc_hd__a311o_2)
                  0.06    0.39    0.98 v _50_/X (sky130_fd_sc_hd__a311o_2)
     2    0.00                           _14_ (net)
                  0.06    0.00    0.98 v _72_/A1 (sky130_fd_sc_hd__a311o_2)
                  0.08    0.36    1.34 v _72_/X (sky130_fd_sc_hd__a311o_2)
     2    0.01                           _33_ (net)
                  0.08    0.01    1.35 v _73_/B (sky130_fd_sc_hd__xnor2_2)
                  0.48    0.39    1.74 ^ _73_/Y (sky130_fd_sc_hd__xnor2_2)
     1    0.03                           sum[7] (net)
                  0.48    0.00    1.74 ^ sum[7] (out)
                                  1.74   data arrival time

                  0.00    3.50    3.50   clock clk (rise edge)
                          0.00    3.50   clock network delay (ideal)
                         -0.25    3.25   clock uncertainty
                          0.00    3.25   clock reconvergence pessimism
                          0.00    3.25   output external delay
                                  3.25   data required time
-----------------------------------------------------------------------------
                                  3.25   data required time
                                 -1.74   data arrival time
-----------------------------------------------------------------------------
                                  1.51   slack (MET)


Startpoint: b[0] (input port clocked by clk)
Endpoint: cout (output port clocked by clk)
Path Group: clk
Path Type: max

Fanout     Cap    Slew   Delay    Time   Description
-----------------------------------------------------------------------------
                  0.00    0.00    0.00   clock clk (rise edge)
                          0.00    0.00   clock network delay (ideal)
                          0.00    0.00 v input external delay
                  0.02    0.01    0.01 v b[0] (in)
     2    0.01                           b[0] (net)
                  0.02    0.00    0.01 v _43_/A (sky130_fd_sc_hd__or2_2)
                  0.07    0.31    0.32 v _43_/X (sky130_fd_sc_hd__or2_2)
     2    0.01                           _07_ (net)
                  0.07    0.00    0.32 v _45_/A2 (sky130_fd_sc_hd__a21bo_2)
                  0.06    0.26    0.59 v _45_/X (sky130_fd_sc_hd__a21bo_2)
     3    0.02                           _09_ (net)
                  0.07    0.00    0.59 v _50_/A2 (sky130_fd_sc_hd__a311o_2)
                  0.06    0.39    0.98 v _50_/X (sky130_fd_sc_hd__a311o_2)
     2    0.00                           _14_ (net)
                  0.06    0.00    0.98 v _72_/A1 (sky130_fd_sc_hd__a311o_2)
                  0.08    0.36    1.34 v _72_/X (sky130_fd_sc_hd__a311o_2)
     2    0.01                           _33_ (net)
                  0.08    0.00    1.34 v _74_/A2 (sky130_fd_sc_hd__a21bo_2)
                  0.13    0.30    1.64 v _74_/X (sky130_fd_sc_hd__a21bo_2)
     1    0.03                           cout (net)
                  0.13    0.00    1.64 v cout (out)
                                  1.64   data arrival time

                  0.00    3.50    3.50   clock clk (rise edge)
                          0.00    3.50   clock network delay (ideal)
                         -0.25    3.25   clock uncertainty
                          0.00    3.25   clock reconvergence pessimism
                          0.00    3.25   output external delay
                                  3.25   data required time
-----------------------------------------------------------------------------
                                  3.25   data required time
                                 -1.64   data arrival time
-----------------------------------------------------------------------------
                                  1.61   slack (MET)


Startpoint: b[0] (input port clocked by clk)
Endpoint: sum[4] (output port clocked by clk)
Path Group: clk
Path Type: max

Fanout     Cap    Slew   Delay    Time   Description
-----------------------------------------------------------------------------
                  0.00    0.00    0.00   clock clk (rise edge)
                          0.00    0.00   clock network delay (ideal)
                          0.00    0.00 v input external delay
                  0.02    0.01    0.01 v b[0] (in)
     2    0.01                           b[0] (net)
                  0.02    0.00    0.01 v _43_/A (sky130_fd_sc_hd__or2_2)
                  0.07    0.31    0.32 v _43_/X (sky130_fd_sc_hd__or2_2)
     2    0.01                           _07_ (net)
                  0.07    0.00    0.32 v _45_/A2 (sky130_fd_sc_hd__a21bo_2)
                  0.06    0.26    0.59 v _45_/X (sky130_fd_sc_hd__a21bo_2)
     3    0.02                           _09_ (net)
                  0.07    0.00    0.59 v _50_/A2 (sky130_fd_sc_hd__a311o_2)
                  0.06    0.39    0.98 v _50_/X (sky130_fd_sc_hd__a311o_2)
     2    0.00                           _14_ (net)
                  0.06    0.00    0.98 v _51_/A (sky130_fd_sc_hd__buf_1)
                  0.12    0.17    1.15 v _51_/X (sky130_fd_sc_hd__buf_1)
     4    0.02                           _15_ (net)
                  0.12    0.01    1.16 v _52_/A2 (sky130_fd_sc_hd__a21oi_2)
                  0.14    0.21    1.36 ^ _52_/Y (sky130_fd_sc_hd__a21oi_2)
     1    0.01                           _16_ (net)
                  0.15    0.02    1.38 ^ _53_/B (sky130_fd_sc_hd__xnor2_2)
                  0.48    0.22    1.60 ^ _53_/Y (sky130_fd_sc_hd__xnor2_2)
     1    0.03                           sum[4] (net)
                  0.48    0.00    1.60 ^ sum[4] (out)
                                  1.60   data arrival time

                  0.00    3.50    3.50   clock clk (rise edge)
                          0.00    3.50   clock network delay (ideal)
                         -0.25    3.25   clock uncertainty
                          0.00    3.25   clock reconvergence pessimism
                          0.00    3.25   output external delay
                                  3.25   data required time
-----------------------------------------------------------------------------
                                  3.25   data required time
                                 -1.60   data arrival time
-----------------------------------------------------------------------------
                                  1.65   slack (MET)


Startpoint: b[0] (input port clocked by clk)
Endpoint: sum[6] (output port clocked by clk)
Path Group: clk
Path Type: max

Fanout     Cap    Slew   Delay    Time   Description
-----------------------------------------------------------------------------
                  0.00    0.00    0.00   clock clk (rise edge)
                          0.00    0.00   clock network delay (ideal)
                          0.00    0.00 v input external delay
                  0.02    0.01    0.01 v b[0] (in)
     2    0.01                           b[0] (net)
                  0.02    0.00    0.01 v _43_/A (sky130_fd_sc_hd__or2_2)
                  0.07    0.31    0.32 v _43_/X (sky130_fd_sc_hd__or2_2)
     2    0.01                           _07_ (net)
                  0.07    0.00    0.32 v _45_/A2 (sky130_fd_sc_hd__a21bo_2)
                  0.06    0.26    0.59 v _45_/X (sky130_fd_sc_hd__a21bo_2)
     3    0.02                           _09_ (net)
                  0.07    0.00    0.59 v _50_/A2 (sky130_fd_sc_hd__a311o_2)
                  0.06    0.39    0.98 v _50_/X (sky130_fd_sc_hd__a311o_2)
     2    0.00                           _14_ (net)
                  0.06    0.00    0.98 v _51_/A (sky130_fd_sc_hd__buf_1)
                  0.12    0.17    1.15 v _51_/X (sky130_fd_sc_hd__buf_1)
     4    0.02                           _15_ (net)
                  0.12    0.01    1.16 v _66_/A1 (sky130_fd_sc_hd__a21oi_2)
                  0.14    0.19    1.35 ^ _66_/Y (sky130_fd_sc_hd__a21oi_2)
     1    0.01                           _28_ (net)
                  0.15    0.02    1.36 ^ _67_/B (sky130_fd_sc_hd__xnor2_2)
                  0.48    0.22    1.59 ^ _67_/Y (sky130_fd_sc_hd__xnor2_2)
     1    0.03                           sum[6] (net)
                  0.48    0.00    1.59 ^ sum[6] (out)
                                  1.59   data arrival time

                  0.00    3.50    3.50   clock clk (rise edge)
                          0.00    3.50   clock network delay (ideal)
                         -0.25    3.25   clock uncertainty
                          0.00    3.25   clock reconvergence pessimism
                          0.00    3.25   output external delay
                                  3.25   data required time
-----------------------------------------------------------------------------
                                  3.25   data required time
                                 -1.59   data arrival time
-----------------------------------------------------------------------------
                                  1.66   slack (MET)


