
===========================================================================
report_checks -path_delay max (Setup)
============================================================================
Startpoint: a[1] (input port clocked by clk)
Endpoint: sum[25] (output port clocked by clk)
Path Group: clk
Path Type: max

Fanout     Cap    Slew   Delay    Time   Description
-----------------------------------------------------------------------------
                  0.00    0.00    0.00   clock clk (rise edge)
                          0.00    0.00   clock network delay (ideal)
                          0.00    0.00 v input external delay
                  0.02    0.01    0.01 v a[1] (in)
     1    0.01                           a[1] (net)
                  0.02    0.00    0.01 v input12/A (sky130_fd_sc_hd__clkbuf_2)
                  0.09    0.14    0.15 v input12/X (sky130_fd_sc_hd__clkbuf_2)
     3    0.02                           net12 (net)
                  0.09    0.01    0.16 v _192_/B (sky130_fd_sc_hd__and2_1)
                  0.05    0.19    0.35 v _192_/X (sky130_fd_sc_hd__and2_1)
     2    0.01                           _004_ (net)
                  0.05    0.00    0.35 v _193_/B (sky130_fd_sc_hd__nor2_1)
                  0.27    0.24    0.59 ^ _193_/Y (sky130_fd_sc_hd__nor2_1)
     3    0.01                           _005_ (net)
                  0.27    0.00    0.60 ^ _205_/A2 (sky130_fd_sc_hd__a31o_2)
                  0.19    0.33    0.93 ^ _205_/X (sky130_fd_sc_hd__a31o_2)
     3    0.03                           _015_ (net)
                  0.19    0.01    0.94 ^ _227_/A2 (sky130_fd_sc_hd__a41oi_4)
                  0.11    0.16    1.10 v _227_/Y (sky130_fd_sc_hd__a41oi_4)
     2    0.01                           _033_ (net)
                  0.11    0.00    1.10 v _277_/A1 (sky130_fd_sc_hd__o31a_1)
                  0.06    0.35    1.45 v _277_/X (sky130_fd_sc_hd__o31a_1)
     2    0.01                           _075_ (net)
                  0.06    0.00    1.45 v _320_/A (sky130_fd_sc_hd__dlymetal6s2s_1)
                  0.10    0.21    1.66 v _320_/X (sky130_fd_sc_hd__dlymetal6s2s_1)
     4    0.02                           _112_ (net)
                  0.10    0.00    1.66 v _338_/A1 (sky130_fd_sc_hd__o21a_1)
                  0.10    0.28    1.94 v _338_/X (sky130_fd_sc_hd__o21a_1)
     3    0.02                           _128_ (net)
                  0.10    0.00    1.94 v _351_/B2 (sky130_fd_sc_hd__o2bb2a_1)
                  0.08    0.34    2.28 v _351_/X (sky130_fd_sc_hd__o2bb2a_1)
     1    0.01                           _139_ (net)
                  0.08    0.00    2.29 v _352_/B (sky130_fd_sc_hd__xnor2_1)
                  0.24    0.24    2.53 ^ _352_/Y (sky130_fd_sc_hd__xnor2_1)
     1    0.01                           net84 (net)
                  0.24    0.01    2.54 ^ output84/A (sky130_fd_sc_hd__buf_2)
                  0.20    0.27    2.81 ^ output84/X (sky130_fd_sc_hd__buf_2)
     1    0.03                           sum[25] (net)
                  0.20    0.02    2.83 ^ sum[25] (out)
                                  2.83   data arrival time

                  0.00    5.50    5.50   clock clk (rise edge)
                          0.00    5.50   clock network delay (ideal)
                         -0.25    5.25   clock uncertainty
                          0.00    5.25   clock reconvergence pessimism
                          0.00    5.25   output external delay
                                  5.25   data required time
-----------------------------------------------------------------------------
                                  5.25   data required time
                                 -2.83   data arrival time
-----------------------------------------------------------------------------
                                  2.42   slack (MET)


Startpoint: b[0] (input port clocked by clk)
Endpoint: sum[29] (output port clocked by clk)
Path Group: clk
Path Type: max

Fanout     Cap    Slew   Delay    Time   Description
-----------------------------------------------------------------------------
                  0.00    0.00    0.00   clock clk (rise edge)
                          0.00    0.00   clock network delay (ideal)
                          0.00    0.00 v input external delay
                  0.01    0.01    0.01 v b[0] (in)
     1    0.01                           b[0] (net)
                  0.02    0.00    0.01 v input33/A (sky130_fd_sc_hd__dlymetal6s2s_1)
                  0.10    0.18    0.19 v input33/X (sky130_fd_sc_hd__dlymetal6s2s_1)
     2    0.02                           net33 (net)
                  0.10    0.00    0.20 v _186_/A (sky130_fd_sc_hd__or2_1)
                  0.07    0.28    0.48 v _186_/X (sky130_fd_sc_hd__or2_1)
     2    0.01                           _185_ (net)
                  0.07    0.00    0.48 v _190_/A2 (sky130_fd_sc_hd__a21bo_1)
                  0.10    0.27    0.75 v _190_/X (sky130_fd_sc_hd__a21bo_1)
     3    0.02                           _002_ (net)
                  0.10    0.00    0.76 v _205_/A1 (sky130_fd_sc_hd__a31o_2)
                  0.11    0.30    1.06 v _205_/X (sky130_fd_sc_hd__a31o_2)
     3    0.03                           _015_ (net)
                  0.11    0.01    1.07 v _227_/A2 (sky130_fd_sc_hd__a41oi_4)
                  0.19    0.23    1.29 ^ _227_/Y (sky130_fd_sc_hd__a41oi_4)
     2    0.01                           _033_ (net)
                  0.19    0.00    1.29 ^ _277_/A1 (sky130_fd_sc_hd__o31a_1)
                  0.08    0.19    1.49 ^ _277_/X (sky130_fd_sc_hd__o31a_1)
     2    0.01                           _075_ (net)
                  0.08    0.00    1.49 ^ _278_/A (sky130_fd_sc_hd__clkbuf_2)
                  0.12    0.18    1.67 ^ _278_/X (sky130_fd_sc_hd__clkbuf_2)
     4    0.02                           _076_ (net)
                  0.12    0.01    1.67 ^ _370_/B2 (sky130_fd_sc_hd__o221a_1)
                  0.20    0.31    1.98 ^ _370_/X (sky130_fd_sc_hd__o221a_1)
     3    0.02                           _156_ (net)
                  0.20    0.01    1.99 ^ _383_/B2 (sky130_fd_sc_hd__o221a_1)
                  0.12    0.27    2.26 ^ _383_/X (sky130_fd_sc_hd__o221a_1)
     1    0.01                           _167_ (net)
                  0.12    0.01    2.27 ^ _384_/B (sky130_fd_sc_hd__xor2_1)
                  0.22    0.25    2.51 ^ _384_/X (sky130_fd_sc_hd__xor2_1)
     1    0.01                           net88 (net)
                  0.22    0.00    2.52 ^ output88/A (sky130_fd_sc_hd__buf_2)
                  0.19    0.27    2.79 ^ output88/X (sky130_fd_sc_hd__buf_2)
     1    0.03                           sum[29] (net)
                  0.19    0.01    2.80 ^ sum[29] (out)
                                  2.80   data arrival time

                  0.00    5.50    5.50   clock clk (rise edge)
                          0.00    5.50   clock network delay (ideal)
                         -0.25    5.25   clock uncertainty
                          0.00    5.25   clock reconvergence pessimism
                          0.00    5.25   output external delay
                                  5.25   data required time
-----------------------------------------------------------------------------
                                  5.25   data required time
                                 -2.80   data arrival time
-----------------------------------------------------------------------------
                                  2.45   slack (MET)


Startpoint: a[1] (input port clocked by clk)
Endpoint: sum[31] (output port clocked by clk)
Path Group: clk
Path Type: max

Fanout     Cap    Slew   Delay    Time   Description
-----------------------------------------------------------------------------
                  0.00    0.00    0.00   clock clk (rise edge)
                          0.00    0.00   clock network delay (ideal)
                          0.00    0.00 v input external delay
                  0.02    0.01    0.01 v a[1] (in)
     1    0.01                           a[1] (net)
                  0.02    0.00    0.01 v input12/A (sky130_fd_sc_hd__clkbuf_2)
                  0.09    0.14    0.15 v input12/X (sky130_fd_sc_hd__clkbuf_2)
     3    0.02                           net12 (net)
                  0.09    0.01    0.16 v _192_/B (sky130_fd_sc_hd__and2_1)
                  0.05    0.19    0.35 v _192_/X (sky130_fd_sc_hd__and2_1)
     2    0.01                           _004_ (net)
                  0.05    0.00    0.35 v _193_/B (sky130_fd_sc_hd__nor2_1)
                  0.27    0.24    0.59 ^ _193_/Y (sky130_fd_sc_hd__nor2_1)
     3    0.01                           _005_ (net)
                  0.27    0.00    0.60 ^ _205_/A2 (sky130_fd_sc_hd__a31o_2)
                  0.19    0.33    0.93 ^ _205_/X (sky130_fd_sc_hd__a31o_2)
     3    0.03                           _015_ (net)
                  0.19    0.01    0.94 ^ _227_/A2 (sky130_fd_sc_hd__a41oi_4)
                  0.11    0.16    1.10 v _227_/Y (sky130_fd_sc_hd__a41oi_4)
     2    0.01                           _033_ (net)
                  0.11    0.00    1.10 v _277_/A1 (sky130_fd_sc_hd__o31a_1)
                  0.06    0.35    1.45 v _277_/X (sky130_fd_sc_hd__o31a_1)
     2    0.01                           _075_ (net)
                  0.06    0.00    1.45 v _320_/A (sky130_fd_sc_hd__dlymetal6s2s_1)
                  0.10    0.21    1.66 v _320_/X (sky130_fd_sc_hd__dlymetal6s2s_1)
     4    0.02                           _112_ (net)
                  0.10    0.00    1.66 v _398_/A1 (sky130_fd_sc_hd__o21ba_1)
                  0.05    0.22    1.88 v _398_/X (sky130_fd_sc_hd__o21ba_1)
     1    0.01                           _180_ (net)
                  0.05    0.00    1.89 v _402_/A3 (sky130_fd_sc_hd__o32a_2)
                  0.09    0.39    2.28 v _402_/X (sky130_fd_sc_hd__o32a_2)
     2    0.02                           _184_ (net)
                  0.09    0.01    2.29 v _403_/B (sky130_fd_sc_hd__xnor2_2)
                  0.20    0.21    2.50 ^ _403_/Y (sky130_fd_sc_hd__xnor2_2)
     1    0.01                           net91 (net)
                  0.20    0.00    2.50 ^ output91/A (sky130_fd_sc_hd__buf_2)
                  0.19    0.26    2.76 ^ output91/X (sky130_fd_sc_hd__buf_2)
     1    0.03                           sum[31] (net)
                  0.19    0.01    2.77 ^ sum[31] (out)
                                  2.77   data arrival time

                  0.00    5.50    5.50   clock clk (rise edge)
                          0.00    5.50   clock network delay (ideal)
                         -0.25    5.25   clock uncertainty
                          0.00    5.25   clock reconvergence pessimism
                          0.00    5.25   output external delay
                                  5.25   data required time
-----------------------------------------------------------------------------
                                  5.25   data required time
                                 -2.77   data arrival time
-----------------------------------------------------------------------------
                                  2.48   slack (MET)


Startpoint: b[18] (input port clocked by clk)
Endpoint: sum[24] (output port clocked by clk)
Path Group: clk
Path Type: max

Fanout     Cap    Slew   Delay    Time   Description
-----------------------------------------------------------------------------
                  0.00    0.00    0.00   clock clk (rise edge)
                          0.00    0.00   clock network delay (ideal)
                          0.00    0.00 v input external delay
                  0.02    0.01    0.01 v b[18] (in)
     1    0.01                           b[18] (net)
                  0.02    0.00    0.01 v input42/A (sky130_fd_sc_hd__clkbuf_4)
                  0.08    0.17    0.19 v input42/X (sky130_fd_sc_hd__clkbuf_4)
     3    0.03                           net42 (net)
                  0.08    0.01    0.20 v _305_/A1 (sky130_fd_sc_hd__o211a_1)
                  0.04    0.25    0.44 v _305_/X (sky130_fd_sc_hd__o211a_1)
     1    0.00                           _099_ (net)
                  0.04    0.00    0.44 v _306_/B1 (sky130_fd_sc_hd__a21oi_1)
                  0.15    0.15    0.59 ^ _306_/Y (sky130_fd_sc_hd__a21oi_1)
     1    0.01                           _100_ (net)
                  0.15    0.00    0.60 ^ _307_/B1 (sky130_fd_sc_hd__o31a_1)
                  0.13    0.22    0.82 ^ _307_/X (sky130_fd_sc_hd__o31a_1)
     3    0.01                           _101_ (net)
                  0.13    0.00    0.82 ^ _326_/A1_N (sky130_fd_sc_hd__a2bb2o_1)
                  0.09    0.36    1.18 v _326_/X (sky130_fd_sc_hd__a2bb2o_1)
     2    0.01                           _118_ (net)
                  0.09    0.00    1.19 v _336_/B1 (sky130_fd_sc_hd__a221oi_2)
                  0.31    0.35    1.54 ^ _336_/Y (sky130_fd_sc_hd__a221oi_2)
     2    0.01                           _126_ (net)
                  0.31    0.00    1.54 ^ _337_/A (sky130_fd_sc_hd__dlymetal6s2s_1)
                  0.18    0.26    1.80 ^ _337_/X (sky130_fd_sc_hd__dlymetal6s2s_1)
     4    0.02                           _127_ (net)
                  0.18    0.01    1.81 ^ _338_/B1 (sky130_fd_sc_hd__o21a_1)
                  0.19    0.26    2.07 ^ _338_/X (sky130_fd_sc_hd__o21a_1)
     3    0.02                           _128_ (net)
                  0.19    0.00    2.07 ^ _343_/A2 (sky130_fd_sc_hd__a21o_1)
                  0.10    0.20    2.27 ^ _343_/X (sky130_fd_sc_hd__a21o_1)
     1    0.01                           _132_ (net)
                  0.11    0.01    2.28 ^ _344_/B (sky130_fd_sc_hd__xnor2_2)
                  0.26    0.17    2.44 ^ _344_/Y (sky130_fd_sc_hd__xnor2_2)
     1    0.02                           net83 (net)
                  0.26    0.01    2.45 ^ output83/A (sky130_fd_sc_hd__buf_2)
                  0.19    0.28    2.73 ^ output83/X (sky130_fd_sc_hd__buf_2)
     1    0.03                           sum[24] (net)
                  0.19    0.02    2.75 ^ sum[24] (out)
                                  2.75   data arrival time

                  0.00    5.50    5.50   clock clk (rise edge)
                          0.00    5.50   clock network delay (ideal)
                         -0.25    5.25   clock uncertainty
                          0.00    5.25   clock reconvergence pessimism
                          0.00    5.25   output external delay
                                  5.25   data required time
-----------------------------------------------------------------------------
                                  5.25   data required time
                                 -2.75   data arrival time
-----------------------------------------------------------------------------
                                  2.50   slack (MET)


Startpoint: a[1] (input port clocked by clk)
Endpoint: cout (output port clocked by clk)
Path Group: clk
Path Type: max

Fanout     Cap    Slew   Delay    Time   Description
-----------------------------------------------------------------------------
                  0.00    0.00    0.00   clock clk (rise edge)
                          0.00    0.00   clock network delay (ideal)
                          0.00    0.00 v input external delay
                  0.02    0.01    0.01 v a[1] (in)
     1    0.01                           a[1] (net)
                  0.02    0.00    0.01 v input12/A (sky130_fd_sc_hd__clkbuf_2)
                  0.09    0.14    0.15 v input12/X (sky130_fd_sc_hd__clkbuf_2)
     3    0.02                           net12 (net)
                  0.09    0.01    0.16 v _192_/B (sky130_fd_sc_hd__and2_1)
                  0.05    0.19    0.35 v _192_/X (sky130_fd_sc_hd__and2_1)
     2    0.01                           _004_ (net)
                  0.05    0.00    0.35 v _193_/B (sky130_fd_sc_hd__nor2_1)
                  0.27    0.24    0.59 ^ _193_/Y (sky130_fd_sc_hd__nor2_1)
     3    0.01                           _005_ (net)
                  0.27    0.00    0.60 ^ _205_/A2 (sky130_fd_sc_hd__a31o_2)
                  0.19    0.33    0.93 ^ _205_/X (sky130_fd_sc_hd__a31o_2)
     3    0.03                           _015_ (net)
                  0.19    0.01    0.94 ^ _227_/A2 (sky130_fd_sc_hd__a41oi_4)
                  0.11    0.16    1.10 v _227_/Y (sky130_fd_sc_hd__a41oi_4)
     2    0.01                           _033_ (net)
                  0.11    0.00    1.10 v _277_/A1 (sky130_fd_sc_hd__o31a_1)
                  0.06    0.35    1.45 v _277_/X (sky130_fd_sc_hd__o31a_1)
     2    0.01                           _075_ (net)
                  0.06    0.00    1.45 v _320_/A (sky130_fd_sc_hd__dlymetal6s2s_1)
                  0.10    0.21    1.66 v _320_/X (sky130_fd_sc_hd__dlymetal6s2s_1)
     4    0.02                           _112_ (net)
                  0.10    0.00    1.66 v _398_/A1 (sky130_fd_sc_hd__o21ba_1)
                  0.05    0.22    1.88 v _398_/X (sky130_fd_sc_hd__o21ba_1)
     1    0.01                           _180_ (net)
                  0.05    0.00    1.89 v _402_/A3 (sky130_fd_sc_hd__o32a_2)
                  0.09    0.39    2.28 v _402_/X (sky130_fd_sc_hd__o32a_2)
     2    0.02                           _184_ (net)
                  0.09    0.01    2.29 v _404_/A2 (sky130_fd_sc_hd__o21bai_1)
                  0.17    0.19    2.48 ^ _404_/Y (sky130_fd_sc_hd__o21bai_1)
     1    0.01                           net66 (net)
                  0.17    0.00    2.48 ^ output66/A (sky130_fd_sc_hd__buf_2)
                  0.18    0.26    2.74 ^ output66/X (sky130_fd_sc_hd__buf_2)
     1    0.03                           cout (net)
                  0.18    0.01    2.75 ^ cout (out)
                                  2.75   data arrival time

                  0.00    5.50    5.50   clock clk (rise edge)
                          0.00    5.50   clock network delay (ideal)
                         -0.25    5.25   clock uncertainty
                          0.00    5.25   clock reconvergence pessimism
                          0.00    5.25   output external delay
                                  5.25   data required time
-----------------------------------------------------------------------------
                                  5.25   data required time
                                 -2.75   data arrival time
-----------------------------------------------------------------------------
                                  2.50   slack (MET)


