
===========================================================================
report_checks -path_delay max (Setup)
============================================================================
Startpoint: b[0] (input port clocked by clk)
Endpoint: sum[3] (output port clocked by clk)
Path Group: clk
Path Type: max

Fanout     Cap    Slew   Delay    Time   Description
-----------------------------------------------------------------------------
                  0.00    0.00    0.00   clock clk (rise edge)
                          0.00    0.00   clock network delay (ideal)
                          0.00    0.00 v input external delay
                  0.02    0.01    0.01 v b[0] (in)
     2    0.01                           b[0] (net)
                  0.02    0.00    0.01 v _17_/A (sky130_fd_sc_hd__or2_2)
                  0.07    0.31    0.32 v _17_/X (sky130_fd_sc_hd__or2_2)
     2    0.01                           _00_ (net)
                  0.07    0.00    0.32 v _21_/A2 (sky130_fd_sc_hd__a21bo_2)
                  0.06    0.26    0.58 v _21_/X (sky130_fd_sc_hd__a21bo_2)
     3    0.01                           _03_ (net)
                  0.06    0.00    0.59 v _36_/A1 (sky130_fd_sc_hd__a311o_2)
                  0.08    0.36    0.95 v _36_/X (sky130_fd_sc_hd__a311o_2)
     2    0.01                           _16_ (net)
                  0.08    0.01    0.96 v _37_/B (sky130_fd_sc_hd__xnor2_2)
                  0.48    0.39    1.34 ^ _37_/Y (sky130_fd_sc_hd__xnor2_2)
     1    0.03                           sum[3] (net)
                  0.48    0.00    1.34 ^ sum[3] (out)
                                  1.34   data arrival time

                  0.00    2.50    2.50   clock clk (rise edge)
                          0.00    2.50   clock network delay (ideal)
                         -0.25    2.25   clock uncertainty
                          0.00    2.25   clock reconvergence pessimism
                          0.00    2.25   output external delay
                                  2.25   data required time
-----------------------------------------------------------------------------
                                  2.25   data required time
                                 -1.34   data arrival time
-----------------------------------------------------------------------------
                                  0.91   slack (MET)


Startpoint: b[0] (input port clocked by clk)
Endpoint: cout (output port clocked by clk)
Path Group: clk
Path Type: max

Fanout     Cap    Slew   Delay    Time   Description
-----------------------------------------------------------------------------
                  0.00    0.00    0.00   clock clk (rise edge)
                          0.00    0.00   clock network delay (ideal)
                          0.00    0.00 v input external delay
                  0.02    0.01    0.01 v b[0] (in)
     2    0.01                           b[0] (net)
                  0.02    0.00    0.01 v _17_/A (sky130_fd_sc_hd__or2_2)
                  0.07    0.31    0.32 v _17_/X (sky130_fd_sc_hd__or2_2)
     2    0.01                           _00_ (net)
                  0.07    0.00    0.32 v _21_/A2 (sky130_fd_sc_hd__a21bo_2)
                  0.06    0.26    0.58 v _21_/X (sky130_fd_sc_hd__a21bo_2)
     3    0.01                           _03_ (net)
                  0.06    0.00    0.59 v _36_/A1 (sky130_fd_sc_hd__a311o_2)
                  0.08    0.36    0.95 v _36_/X (sky130_fd_sc_hd__a311o_2)
     2    0.01                           _16_ (net)
                  0.08    0.00    0.95 v _38_/A2 (sky130_fd_sc_hd__a21bo_2)
                  0.13    0.30    1.25 v _38_/X (sky130_fd_sc_hd__a21bo_2)
     1    0.03                           cout (net)
                  0.13    0.00    1.25 v cout (out)
                                  1.25   data arrival time

                  0.00    2.50    2.50   clock clk (rise edge)
                          0.00    2.50   clock network delay (ideal)
                         -0.25    2.25   clock uncertainty
                          0.00    2.25   clock reconvergence pessimism
                          0.00    2.25   output external delay
                                  2.25   data required time
-----------------------------------------------------------------------------
                                  2.25   data required time
                                 -1.25   data arrival time
-----------------------------------------------------------------------------
                                  1.00   slack (MET)


Startpoint: b[0] (input port clocked by clk)
Endpoint: sum[2] (output port clocked by clk)
Path Group: clk
Path Type: max

Fanout     Cap    Slew   Delay    Time   Description
-----------------------------------------------------------------------------
                  0.00    0.00    0.00   clock clk (rise edge)
                          0.00    0.00   clock network delay (ideal)
                          0.00    0.00 v input external delay
                  0.02    0.01    0.01 v b[0] (in)
     2    0.01                           b[0] (net)
                  0.02    0.00    0.01 v _17_/A (sky130_fd_sc_hd__or2_2)
                  0.07    0.31    0.32 v _17_/X (sky130_fd_sc_hd__or2_2)
     2    0.01                           _00_ (net)
                  0.07    0.00    0.32 v _21_/A2 (sky130_fd_sc_hd__a21bo_2)
                  0.06    0.26    0.58 v _21_/X (sky130_fd_sc_hd__a21bo_2)
     3    0.01                           _03_ (net)
                  0.06    0.00    0.59 v _29_/A1 (sky130_fd_sc_hd__a21o_2)
                  0.05    0.21    0.80 v _29_/X (sky130_fd_sc_hd__a21o_2)
     1    0.01                           _10_ (net)
                  0.06    0.01    0.81 v _30_/B (sky130_fd_sc_hd__xnor2_2)
                  0.48    0.38    1.19 ^ _30_/Y (sky130_fd_sc_hd__xnor2_2)
     1    0.03                           sum[2] (net)
                  0.48    0.00    1.19 ^ sum[2] (out)
                                  1.19   data arrival time

                  0.00    2.50    2.50   clock clk (rise edge)
                          0.00    2.50   clock network delay (ideal)
                         -0.25    2.25   clock uncertainty
                          0.00    2.25   clock reconvergence pessimism
                          0.00    2.25   output external delay
                                  2.25   data required time
-----------------------------------------------------------------------------
                                  2.25   data required time
                                 -1.19   data arrival time
-----------------------------------------------------------------------------
                                  1.06   slack (MET)


Startpoint: b[0] (input port clocked by clk)
Endpoint: sum[1] (output port clocked by clk)
Path Group: clk
Path Type: max

Fanout     Cap    Slew   Delay    Time   Description
-----------------------------------------------------------------------------
                  0.00    0.00    0.00   clock clk (rise edge)
                          0.00    0.00   clock network delay (ideal)
                          0.00    0.00 v input external delay
                  0.02    0.01    0.01 v b[0] (in)
     2    0.01                           b[0] (net)
                  0.02    0.00    0.01 v _17_/A (sky130_fd_sc_hd__or2_2)
                  0.07    0.31    0.32 v _17_/X (sky130_fd_sc_hd__or2_2)
     2    0.01                           _00_ (net)
                  0.07    0.00    0.32 v _21_/A2 (sky130_fd_sc_hd__a21bo_2)
                  0.06    0.26    0.58 v _21_/X (sky130_fd_sc_hd__a21bo_2)
     3    0.01                           _03_ (net)
                  0.06    0.01    0.59 v _25_/A (sky130_fd_sc_hd__xor2_2)
                  0.46    0.40    0.99 ^ _25_/X (sky130_fd_sc_hd__xor2_2)
     1    0.03                           sum[1] (net)
                  0.46    0.00    0.99 ^ sum[1] (out)
                                  0.99   data arrival time

                  0.00    2.50    2.50   clock clk (rise edge)
                          0.00    2.50   clock network delay (ideal)
                         -0.25    2.25   clock uncertainty
                          0.00    2.25   clock reconvergence pessimism
                          0.00    2.25   output external delay
                                  2.25   data required time
-----------------------------------------------------------------------------
                                  2.25   data required time
                                 -0.99   data arrival time
-----------------------------------------------------------------------------
                                  1.26   slack (MET)


Startpoint: b[0] (input port clocked by clk)
Endpoint: sum[0] (output port clocked by clk)
Path Group: clk
Path Type: max

Fanout     Cap    Slew   Delay    Time   Description
-----------------------------------------------------------------------------
                  0.00    0.00    0.00   clock clk (rise edge)
                          0.00    0.00   clock network delay (ideal)
                          0.00    0.00 v input external delay
                  0.02    0.01    0.01 v b[0] (in)
     2    0.01                           b[0] (net)
                  0.02    0.00    0.01 v _17_/A (sky130_fd_sc_hd__or2_2)
                  0.07    0.31    0.32 v _17_/X (sky130_fd_sc_hd__or2_2)
     2    0.01                           _00_ (net)
                  0.07    0.01    0.33 v _19_/A (sky130_fd_sc_hd__nand2_2)
                  0.07    0.08    0.41 ^ _19_/Y (sky130_fd_sc_hd__nand2_2)
     1    0.01                           _02_ (net)
                  0.07    0.02    0.42 ^ _20_/B (sky130_fd_sc_hd__xnor2_2)
                  0.48    0.20    0.62 ^ _20_/Y (sky130_fd_sc_hd__xnor2_2)
     1    0.03                           sum[0] (net)
                  0.48    0.00    0.63 ^ sum[0] (out)
                                  0.63   data arrival time

                  0.00    2.50    2.50   clock clk (rise edge)
                          0.00    2.50   clock network delay (ideal)
                         -0.25    2.25   clock uncertainty
                          0.00    2.25   clock reconvergence pessimism
                          0.00    2.25   output external delay
                                  2.25   data required time
-----------------------------------------------------------------------------
                                  2.25   data required time
                                 -0.63   data arrival time
-----------------------------------------------------------------------------
                                  1.62   slack (MET)


