
===========================================================================
report_checks -unconstrained
============================================================================
Startpoint: b[16] (input port clocked by clk)
Endpoint: sum[29] (output port clocked by clk)
Path Group: clk
Path Type: max

Fanout     Cap    Slew   Delay    Time   Description
-----------------------------------------------------------------------------
                  0.00    0.00    0.00   clock clk (rise edge)
                          0.00    0.00   clock network delay (ideal)
                          0.00    0.00 ^ input external delay
                  0.07    0.05    0.05 ^ b[16] (in)
     1    0.02                           b[16] (net)
                  0.07    0.00    0.05 ^ input40/A (sky130_fd_sc_hd__clkbuf_1)
                  0.30    0.28    0.33 ^ input40/X (sky130_fd_sc_hd__clkbuf_1)
     2    0.03                           net40 (net)
                  0.30    0.00    0.33 ^ ppa_pre_17_0.U1.xor2/B (sky130_fd_sc_hd__xor2_2)
                  0.11    0.15    0.49 v ppa_pre_17_0.U1.xor2/X (sky130_fd_sc_hd__xor2_2)
     3    0.01                           ppa_black_17_1.U1.A (net)
                  0.11    0.00    0.49 v ppa_black_17_1.U2.ao21/A2 (sky130_fd_sc_hd__a21o_1)
                  0.07    0.25    0.74 v ppa_black_17_1.U2.ao21/X (sky130_fd_sc_hd__a21o_1)
     3    0.01                           ppa_black_17_1.U2.Y (net)
                  0.07    0.00    0.74 v ppa_black_19_2.U2.ao21/A1 (sky130_fd_sc_hd__a21o_1)
                  0.10    0.24    0.97 v ppa_black_19_2.U2.ao21/X (sky130_fd_sc_hd__a21o_1)
     5    0.02                           ppa_black_19_2.U2.Y (net)
                  0.10    0.00    0.97 v ppa_black_23_3.U2.ao21/A1 (sky130_fd_sc_hd__a21o_2)
                  0.10    0.29    1.26 v ppa_black_23_3.U2.ao21/X (sky130_fd_sc_hd__a21o_2)
     9    0.03                           ppa_black_23_3.U2.Y (net)
                  0.10    0.00    1.26 v ppa_black_29_4.U2.ao21/A1 (sky130_fd_sc_hd__a21o_1)
                  0.05    0.20    1.46 v ppa_black_29_4.U2.ao21/X (sky130_fd_sc_hd__a21o_1)
     1    0.01                           ppa_black_29_4.U2.Y (net)
                  0.05    0.00    1.46 v ppa_grey_29_5.U1.ao21/B1 (sky130_fd_sc_hd__a21o_1)
                  0.07    0.20    1.66 v ppa_grey_29_5.U1.ao21/X (sky130_fd_sc_hd__a21o_1)
     1    0.01                           ppa_grey_29_5.U1.Y (net)
                  0.07    0.00    1.66 v ppa_post_29_6.U1.xor2/B (sky130_fd_sc_hd__xor2_1)
                  0.13    0.15    1.81 ^ ppa_post_29_6.U1.xor2/X (sky130_fd_sc_hd__xor2_1)
     1    0.00                           ppa_post_29_6.U1.Y (net)
                  0.13    0.00    1.81 ^ _06_/A (sky130_fd_sc_hd__clkbuf_1)
                  0.10    0.15    1.96 ^ _06_/X (sky130_fd_sc_hd__clkbuf_1)
     1    0.01                           net88 (net)
                  0.10    0.00    1.96 ^ output88/A (sky130_fd_sc_hd__buf_4)
                  0.11    0.19    2.15 ^ output88/X (sky130_fd_sc_hd__buf_4)
     1    0.03                           sum[29] (net)
                  0.11    0.00    2.15 ^ sum[29] (out)
                                  2.15   data arrival time

                  0.00    2.00    2.00   clock clk (rise edge)
                          0.00    2.00   clock network delay (ideal)
                         -0.25    1.75   clock uncertainty
                          0.00    1.75   clock reconvergence pessimism
                          0.00    1.75   output external delay
                                  1.75   data required time
-----------------------------------------------------------------------------
                                  1.75   data required time
                                 -2.15   data arrival time
-----------------------------------------------------------------------------
                                 -0.40   slack (VIOLATED)



===========================================================================
report_checks --slack_max -0.01
============================================================================
Startpoint: b[16] (input port clocked by clk)
Endpoint: sum[29] (output port clocked by clk)
Path Group: clk
Path Type: max

Fanout     Cap    Slew   Delay    Time   Description
-----------------------------------------------------------------------------
                  0.00    0.00    0.00   clock clk (rise edge)
                          0.00    0.00   clock network delay (ideal)
                          0.00    0.00 ^ input external delay
                  0.07    0.05    0.05 ^ b[16] (in)
     1    0.02                           b[16] (net)
                  0.07    0.00    0.05 ^ input40/A (sky130_fd_sc_hd__clkbuf_1)
                  0.30    0.28    0.33 ^ input40/X (sky130_fd_sc_hd__clkbuf_1)
     2    0.03                           net40 (net)
                  0.30    0.00    0.33 ^ ppa_pre_17_0.U1.xor2/B (sky130_fd_sc_hd__xor2_2)
                  0.11    0.15    0.49 v ppa_pre_17_0.U1.xor2/X (sky130_fd_sc_hd__xor2_2)
     3    0.01                           ppa_black_17_1.U1.A (net)
                  0.11    0.00    0.49 v ppa_black_17_1.U2.ao21/A2 (sky130_fd_sc_hd__a21o_1)
                  0.07    0.25    0.74 v ppa_black_17_1.U2.ao21/X (sky130_fd_sc_hd__a21o_1)
     3    0.01                           ppa_black_17_1.U2.Y (net)
                  0.07    0.00    0.74 v ppa_black_19_2.U2.ao21/A1 (sky130_fd_sc_hd__a21o_1)
                  0.10    0.24    0.97 v ppa_black_19_2.U2.ao21/X (sky130_fd_sc_hd__a21o_1)
     5    0.02                           ppa_black_19_2.U2.Y (net)
                  0.10    0.00    0.97 v ppa_black_23_3.U2.ao21/A1 (sky130_fd_sc_hd__a21o_2)
                  0.10    0.29    1.26 v ppa_black_23_3.U2.ao21/X (sky130_fd_sc_hd__a21o_2)
     9    0.03                           ppa_black_23_3.U2.Y (net)
                  0.10    0.00    1.26 v ppa_black_29_4.U2.ao21/A1 (sky130_fd_sc_hd__a21o_1)
                  0.05    0.20    1.46 v ppa_black_29_4.U2.ao21/X (sky130_fd_sc_hd__a21o_1)
     1    0.01                           ppa_black_29_4.U2.Y (net)
                  0.05    0.00    1.46 v ppa_grey_29_5.U1.ao21/B1 (sky130_fd_sc_hd__a21o_1)
                  0.07    0.20    1.66 v ppa_grey_29_5.U1.ao21/X (sky130_fd_sc_hd__a21o_1)
     1    0.01                           ppa_grey_29_5.U1.Y (net)
                  0.07    0.00    1.66 v ppa_post_29_6.U1.xor2/B (sky130_fd_sc_hd__xor2_1)
                  0.13    0.15    1.81 ^ ppa_post_29_6.U1.xor2/X (sky130_fd_sc_hd__xor2_1)
     1    0.00                           ppa_post_29_6.U1.Y (net)
                  0.13    0.00    1.81 ^ _06_/A (sky130_fd_sc_hd__clkbuf_1)
                  0.10    0.15    1.96 ^ _06_/X (sky130_fd_sc_hd__clkbuf_1)
     1    0.01                           net88 (net)
                  0.10    0.00    1.96 ^ output88/A (sky130_fd_sc_hd__buf_4)
                  0.11    0.19    2.15 ^ output88/X (sky130_fd_sc_hd__buf_4)
     1    0.03                           sum[29] (net)
                  0.11    0.00    2.15 ^ sum[29] (out)
                                  2.15   data arrival time

                  0.00    2.00    2.00   clock clk (rise edge)
                          0.00    2.00   clock network delay (ideal)
                         -0.25    1.75   clock uncertainty
                          0.00    1.75   clock reconvergence pessimism
                          0.00    1.75   output external delay
                                  1.75   data required time
-----------------------------------------------------------------------------
                                  1.75   data required time
                                 -2.15   data arrival time
-----------------------------------------------------------------------------
                                 -0.40   slack (VIOLATED)


