
===========================================================================
report_checks -path_delay max (Setup)
============================================================================
Startpoint: b[16] (input port clocked by clk)
Endpoint: sum[29] (output port clocked by clk)
Path Group: clk
Path Type: max

Fanout     Cap    Slew   Delay    Time   Description
-----------------------------------------------------------------------------
                  0.00    0.00    0.00   clock clk (rise edge)
                          0.00    0.00   clock network delay (ideal)
                          0.00    0.00 ^ input external delay
                  0.07    0.05    0.05 ^ b[16] (in)
     1    0.02                           b[16] (net)
                  0.07    0.00    0.05 ^ input40/A (sky130_fd_sc_hd__clkbuf_1)
                  0.30    0.28    0.33 ^ input40/X (sky130_fd_sc_hd__clkbuf_1)
     2    0.03                           net40 (net)
                  0.30    0.00    0.33 ^ ppa_pre_17_0.U1.xor2/B (sky130_fd_sc_hd__xor2_2)
                  0.11    0.15    0.49 v ppa_pre_17_0.U1.xor2/X (sky130_fd_sc_hd__xor2_2)
     3    0.01                           ppa_black_17_1.U1.A (net)
                  0.11    0.00    0.49 v ppa_black_17_1.U2.ao21/A2 (sky130_fd_sc_hd__a21o_1)
                  0.07    0.25    0.74 v ppa_black_17_1.U2.ao21/X (sky130_fd_sc_hd__a21o_1)
     3    0.01                           ppa_black_17_1.U2.Y (net)
                  0.07    0.00    0.74 v ppa_black_19_2.U2.ao21/A1 (sky130_fd_sc_hd__a21o_1)
                  0.10    0.24    0.97 v ppa_black_19_2.U2.ao21/X (sky130_fd_sc_hd__a21o_1)
     5    0.02                           ppa_black_19_2.U2.Y (net)
                  0.10    0.00    0.97 v ppa_black_23_3.U2.ao21/A1 (sky130_fd_sc_hd__a21o_2)
                  0.10    0.29    1.26 v ppa_black_23_3.U2.ao21/X (sky130_fd_sc_hd__a21o_2)
     9    0.03                           ppa_black_23_3.U2.Y (net)
                  0.10    0.00    1.26 v ppa_black_29_4.U2.ao21/A1 (sky130_fd_sc_hd__a21o_1)
                  0.05    0.20    1.46 v ppa_black_29_4.U2.ao21/X (sky130_fd_sc_hd__a21o_1)
     1    0.01                           ppa_black_29_4.U2.Y (net)
                  0.05    0.00    1.46 v ppa_grey_29_5.U1.ao21/B1 (sky130_fd_sc_hd__a21o_1)
                  0.07    0.20    1.66 v ppa_grey_29_5.U1.ao21/X (sky130_fd_sc_hd__a21o_1)
     1    0.01                           ppa_grey_29_5.U1.Y (net)
                  0.07    0.00    1.66 v ppa_post_29_6.U1.xor2/B (sky130_fd_sc_hd__xor2_1)
                  0.13    0.15    1.81 ^ ppa_post_29_6.U1.xor2/X (sky130_fd_sc_hd__xor2_1)
     1    0.00                           ppa_post_29_6.U1.Y (net)
                  0.13    0.00    1.81 ^ _06_/A (sky130_fd_sc_hd__clkbuf_1)
                  0.10    0.15    1.96 ^ _06_/X (sky130_fd_sc_hd__clkbuf_1)
     1    0.01                           net88 (net)
                  0.10    0.00    1.96 ^ output88/A (sky130_fd_sc_hd__buf_4)
                  0.11    0.19    2.15 ^ output88/X (sky130_fd_sc_hd__buf_4)
     1    0.03                           sum[29] (net)
                  0.11    0.00    2.15 ^ sum[29] (out)
                                  2.15   data arrival time

                  0.00    2.00    2.00   clock clk (rise edge)
                          0.00    2.00   clock network delay (ideal)
                         -0.25    1.75   clock uncertainty
                          0.00    1.75   clock reconvergence pessimism
                          0.00    1.75   output external delay
                                  1.75   data required time
-----------------------------------------------------------------------------
                                  1.75   data required time
                                 -2.15   data arrival time
-----------------------------------------------------------------------------
                                 -0.40   slack (VIOLATED)


Startpoint: a[11] (input port clocked by clk)
Endpoint: sum[18] (output port clocked by clk)
Path Group: clk
Path Type: max

Fanout     Cap    Slew   Delay    Time   Description
-----------------------------------------------------------------------------
                  0.00    0.00    0.00   clock clk (rise edge)
                          0.00    0.00   clock network delay (ideal)
                          0.00    0.00 v input external delay
                  0.01    0.00    0.00 v a[11] (in)
     1    0.00                           a[11] (net)
                  0.01    0.00    0.00 v input3/A (sky130_fd_sc_hd__dlymetal6s2s_1)
                  0.11    0.19    0.20 v input3/X (sky130_fd_sc_hd__dlymetal6s2s_1)
     2    0.02                           net3 (net)
                  0.11    0.00    0.20 v ppa_pre_12_0.U1.xor2/A (sky130_fd_sc_hd__xor2_2)
                  0.10    0.23    0.43 v ppa_pre_12_0.U1.xor2/X (sky130_fd_sc_hd__xor2_2)
     4    0.02                           ppa_black_12_3.U1.A (net)
                  0.10    0.00    0.43 v ppa_black_13_1.U1.and2/B (sky130_fd_sc_hd__and2_1)
                  0.07    0.22    0.66 v ppa_black_13_1.U1.and2/X (sky130_fd_sc_hd__and2_1)
     4    0.01                           ppa_black_13_1.U1.Y (net)
                  0.07    0.00    0.66 v ppa_black_15_2.U1.and2/B (sky130_fd_sc_hd__and2_1)
                  0.05    0.19    0.85 v ppa_black_15_2.U1.and2/X (sky130_fd_sc_hd__and2_1)
     2    0.01                           ppa_black_15_2.U1.Y (net)
                  0.05    0.00    0.85 v ppa_black_15_3.U1.and2/A (sky130_fd_sc_hd__and2_1)
                  0.05    0.16    1.01 v ppa_black_15_3.U1.and2/X (sky130_fd_sc_hd__and2_1)
     1    0.01                           ppa_black_15_3.U1.Y (net)
                  0.05    0.00    1.01 v ppa_grey_15_4.U1.ao21/A2 (sky130_fd_sc_hd__a21o_4)
                  0.07    0.27    1.28 v ppa_grey_15_4.U1.ao21/X (sky130_fd_sc_hd__a21o_4)
     6    0.03                           ppa_grey_15_4.U1.Y (net)
                  0.07    0.00    1.28 v split1/A (sky130_fd_sc_hd__buf_8)
                  0.04    0.15    1.43 v split1/X (sky130_fd_sc_hd__buf_8)
     8    0.04                           net99 (net)
                  0.04    0.00    1.43 v ppa_grey_18_5.U1.ao21/A1 (sky130_fd_sc_hd__a21o_1)
                  0.04    0.17    1.60 v ppa_grey_18_5.U1.ao21/X (sky130_fd_sc_hd__a21o_1)
     1    0.01                           ppa_grey_18_5.U1.Y (net)
                  0.04    0.00    1.60 v ppa_post_18_6.U1.xor2/B (sky130_fd_sc_hd__xor2_1)
                  0.19    0.20    1.80 ^ ppa_post_18_6.U1.xor2/X (sky130_fd_sc_hd__xor2_1)
     1    0.01                           ppa_post_18_6.U1.Y (net)
                  0.19    0.00    1.80 ^ _27_/A (sky130_fd_sc_hd__clkbuf_1)
                  0.12    0.17    1.97 ^ _27_/X (sky130_fd_sc_hd__clkbuf_1)
     1    0.01                           net76 (net)
                  0.12    0.00    1.97 ^ output76/A (sky130_fd_sc_hd__buf_6)
                  0.08    0.16    2.13 ^ output76/X (sky130_fd_sc_hd__buf_6)
     1    0.03                           sum[18] (net)
                  0.08    0.00    2.13 ^ sum[18] (out)
                                  2.13   data arrival time

                  0.00    2.00    2.00   clock clk (rise edge)
                          0.00    2.00   clock network delay (ideal)
                         -0.25    1.75   clock uncertainty
                          0.00    1.75   clock reconvergence pessimism
                          0.00    1.75   output external delay
                                  1.75   data required time
-----------------------------------------------------------------------------
                                  1.75   data required time
                                 -2.13   data arrival time
-----------------------------------------------------------------------------
                                 -0.38   slack (VIOLATED)


Startpoint: b[16] (input port clocked by clk)
Endpoint: sum[31] (output port clocked by clk)
Path Group: clk
Path Type: max

Fanout     Cap    Slew   Delay    Time   Description
-----------------------------------------------------------------------------
                  0.00    0.00    0.00   clock clk (rise edge)
                          0.00    0.00   clock network delay (ideal)
                          0.00    0.00 ^ input external delay
                  0.07    0.05    0.05 ^ b[16] (in)
     1    0.02                           b[16] (net)
                  0.07    0.00    0.05 ^ input40/A (sky130_fd_sc_hd__clkbuf_1)
                  0.30    0.28    0.33 ^ input40/X (sky130_fd_sc_hd__clkbuf_1)
     2    0.03                           net40 (net)
                  0.30    0.00    0.33 ^ ppa_pre_17_0.U1.xor2/B (sky130_fd_sc_hd__xor2_2)
                  0.11    0.15    0.49 v ppa_pre_17_0.U1.xor2/X (sky130_fd_sc_hd__xor2_2)
     3    0.01                           ppa_black_17_1.U1.A (net)
                  0.11    0.00    0.49 v ppa_black_17_1.U2.ao21/A2 (sky130_fd_sc_hd__a21o_1)
                  0.07    0.25    0.74 v ppa_black_17_1.U2.ao21/X (sky130_fd_sc_hd__a21o_1)
     3    0.01                           ppa_black_17_1.U2.Y (net)
                  0.07    0.00    0.74 v ppa_black_19_2.U2.ao21/A1 (sky130_fd_sc_hd__a21o_1)
                  0.10    0.24    0.97 v ppa_black_19_2.U2.ao21/X (sky130_fd_sc_hd__a21o_1)
     5    0.02                           ppa_black_19_2.U2.Y (net)
                  0.10    0.00    0.97 v ppa_black_23_3.U2.ao21/A1 (sky130_fd_sc_hd__a21o_2)
                  0.10    0.29    1.26 v ppa_black_23_3.U2.ao21/X (sky130_fd_sc_hd__a21o_2)
     9    0.03                           ppa_black_23_3.U2.Y (net)
                  0.10    0.00    1.26 v ppa_black_31_4.U2.ao21/A1 (sky130_fd_sc_hd__a21o_1)
                  0.06    0.21    1.47 v ppa_black_31_4.U2.ao21/X (sky130_fd_sc_hd__a21o_1)
     1    0.01                           ppa_black_31_4.U2.Y (net)
                  0.06    0.00    1.47 v ppa_grey_31_5.U1.ao21/B1 (sky130_fd_sc_hd__a21o_1)
                  0.07    0.20    1.67 v ppa_grey_31_5.U1.ao21/X (sky130_fd_sc_hd__a21o_1)
     2    0.01                           ppa_grey_31_5.U1.Y (net)
                  0.07    0.00    1.67 v ppa_post_31_6.U1.xor2/B (sky130_fd_sc_hd__xor2_1)
                  0.13    0.15    1.83 ^ ppa_post_31_6.U1.xor2/X (sky130_fd_sc_hd__xor2_1)
     1    0.00                           ppa_post_31_6.U1.Y (net)
                  0.13    0.00    1.83 ^ _08_/A (sky130_fd_sc_hd__clkbuf_2)
                  0.07    0.16    1.99 ^ _08_/X (sky130_fd_sc_hd__clkbuf_2)
     1    0.01                           net91 (net)
                  0.07    0.00    1.99 ^ output91/A (sky130_fd_sc_hd__buf_6)
                  0.08    0.14    2.13 ^ output91/X (sky130_fd_sc_hd__buf_6)
     1    0.03                           sum[31] (net)
                  0.08    0.00    2.13 ^ sum[31] (out)
                                  2.13   data arrival time

                  0.00    2.00    2.00   clock clk (rise edge)
                          0.00    2.00   clock network delay (ideal)
                         -0.25    1.75   clock uncertainty
                          0.00    1.75   clock reconvergence pessimism
                          0.00    1.75   output external delay
                                  1.75   data required time
-----------------------------------------------------------------------------
                                  1.75   data required time
                                 -2.13   data arrival time
-----------------------------------------------------------------------------
                                 -0.38   slack (VIOLATED)


Startpoint: b[16] (input port clocked by clk)
Endpoint: sum[24] (output port clocked by clk)
Path Group: clk
Path Type: max

Fanout     Cap    Slew   Delay    Time   Description
-----------------------------------------------------------------------------
                  0.00    0.00    0.00   clock clk (rise edge)
                          0.00    0.00   clock network delay (ideal)
                          0.00    0.00 ^ input external delay
                  0.07    0.05    0.05 ^ b[16] (in)
     1    0.02                           b[16] (net)
                  0.07    0.00    0.05 ^ input40/A (sky130_fd_sc_hd__clkbuf_1)
                  0.30    0.28    0.33 ^ input40/X (sky130_fd_sc_hd__clkbuf_1)
     2    0.03                           net40 (net)
                  0.30    0.00    0.33 ^ ppa_pre_17_0.U1.xor2/B (sky130_fd_sc_hd__xor2_2)
                  0.11    0.15    0.49 v ppa_pre_17_0.U1.xor2/X (sky130_fd_sc_hd__xor2_2)
     3    0.01                           ppa_black_17_1.U1.A (net)
                  0.11    0.00    0.49 v ppa_black_17_1.U2.ao21/A2 (sky130_fd_sc_hd__a21o_1)
                  0.07    0.25    0.74 v ppa_black_17_1.U2.ao21/X (sky130_fd_sc_hd__a21o_1)
     3    0.01                           ppa_black_17_1.U2.Y (net)
                  0.07    0.00    0.74 v ppa_black_19_2.U2.ao21/A1 (sky130_fd_sc_hd__a21o_1)
                  0.10    0.24    0.97 v ppa_black_19_2.U2.ao21/X (sky130_fd_sc_hd__a21o_1)
     5    0.02                           ppa_black_19_2.U2.Y (net)
                  0.10    0.00    0.97 v ppa_black_23_3.U2.ao21/A1 (sky130_fd_sc_hd__a21o_2)
                  0.10    0.29    1.26 v ppa_black_23_3.U2.ao21/X (sky130_fd_sc_hd__a21o_2)
     9    0.03                           ppa_black_23_3.U2.Y (net)
                  0.10    0.00    1.26 v ppa_black_24_4.U2.ao21/A1 (sky130_fd_sc_hd__a21o_1)
                  0.04    0.19    1.45 v ppa_black_24_4.U2.ao21/X (sky130_fd_sc_hd__a21o_1)
     1    0.01                           ppa_black_24_4.U2.Y (net)
                  0.04    0.00    1.45 v ppa_grey_24_5.U1.ao21/B1 (sky130_fd_sc_hd__a21o_1)
                  0.06    0.19    1.65 v ppa_grey_24_5.U1.ao21/X (sky130_fd_sc_hd__a21o_1)
     1    0.01                           ppa_grey_24_5.U1.Y (net)
                  0.06    0.00    1.65 v ppa_post_24_6.U1.xor2/B (sky130_fd_sc_hd__xor2_2)
                  0.15    0.17    1.82 ^ ppa_post_24_6.U1.xor2/X (sky130_fd_sc_hd__xor2_2)
     1    0.01                           ppa_post_24_6.U1.Y (net)
                  0.15    0.00    1.82 ^ _01_/A (sky130_fd_sc_hd__buf_2)
                  0.06    0.16    1.98 ^ _01_/X (sky130_fd_sc_hd__buf_2)
     1    0.01                           net83 (net)
                  0.06    0.00    1.98 ^ output83/A (sky130_fd_sc_hd__buf_6)
                  0.08    0.14    2.12 ^ output83/X (sky130_fd_sc_hd__buf_6)
     1    0.03                           sum[24] (net)
                  0.08    0.00    2.12 ^ sum[24] (out)
                                  2.12   data arrival time

                  0.00    2.00    2.00   clock clk (rise edge)
                          0.00    2.00   clock network delay (ideal)
                         -0.25    1.75   clock uncertainty
                          0.00    1.75   clock reconvergence pessimism
                          0.00    1.75   output external delay
                                  1.75   data required time
-----------------------------------------------------------------------------
                                  1.75   data required time
                                 -2.12   data arrival time
-----------------------------------------------------------------------------
                                 -0.37   slack (VIOLATED)


Startpoint: b[16] (input port clocked by clk)
Endpoint: sum[30] (output port clocked by clk)
Path Group: clk
Path Type: max

Fanout     Cap    Slew   Delay    Time   Description
-----------------------------------------------------------------------------
                  0.00    0.00    0.00   clock clk (rise edge)
                          0.00    0.00   clock network delay (ideal)
                          0.00    0.00 ^ input external delay
                  0.07    0.05    0.05 ^ b[16] (in)
     1    0.02                           b[16] (net)
                  0.07    0.00    0.05 ^ input40/A (sky130_fd_sc_hd__clkbuf_1)
                  0.30    0.28    0.33 ^ input40/X (sky130_fd_sc_hd__clkbuf_1)
     2    0.03                           net40 (net)
                  0.30    0.00    0.33 ^ ppa_pre_17_0.U1.xor2/B (sky130_fd_sc_hd__xor2_2)
                  0.11    0.15    0.49 v ppa_pre_17_0.U1.xor2/X (sky130_fd_sc_hd__xor2_2)
     3    0.01                           ppa_black_17_1.U1.A (net)
                  0.11    0.00    0.49 v ppa_black_17_1.U2.ao21/A2 (sky130_fd_sc_hd__a21o_1)
                  0.07    0.25    0.74 v ppa_black_17_1.U2.ao21/X (sky130_fd_sc_hd__a21o_1)
     3    0.01                           ppa_black_17_1.U2.Y (net)
                  0.07    0.00    0.74 v ppa_black_19_2.U2.ao21/A1 (sky130_fd_sc_hd__a21o_1)
                  0.10    0.24    0.97 v ppa_black_19_2.U2.ao21/X (sky130_fd_sc_hd__a21o_1)
     5    0.02                           ppa_black_19_2.U2.Y (net)
                  0.10    0.00    0.97 v ppa_black_23_3.U2.ao21/A1 (sky130_fd_sc_hd__a21o_2)
                  0.10    0.29    1.26 v ppa_black_23_3.U2.ao21/X (sky130_fd_sc_hd__a21o_2)
     9    0.03                           ppa_black_23_3.U2.Y (net)
                  0.10    0.00    1.26 v ppa_black_30_4.U2.ao21/A1 (sky130_fd_sc_hd__a21o_1)
                  0.05    0.20    1.46 v ppa_black_30_4.U2.ao21/X (sky130_fd_sc_hd__a21o_1)
     1    0.01                           ppa_black_30_4.U2.Y (net)
                  0.05    0.00    1.46 v ppa_grey_30_5.U1.ao21/B1 (sky130_fd_sc_hd__a21o_1)
                  0.06    0.19    1.65 v ppa_grey_30_5.U1.ao21/X (sky130_fd_sc_hd__a21o_1)
     1    0.01                           ppa_grey_30_5.U1.Y (net)
                  0.06    0.00    1.65 v ppa_post_30_6.U1.xor2/B (sky130_fd_sc_hd__xor2_1)
                  0.13    0.15    1.80 ^ ppa_post_30_6.U1.xor2/X (sky130_fd_sc_hd__xor2_1)
     1    0.00                           ppa_post_30_6.U1.Y (net)
                  0.13    0.00    1.80 ^ _07_/A (sky130_fd_sc_hd__clkbuf_2)
                  0.08    0.17    1.97 ^ _07_/X (sky130_fd_sc_hd__clkbuf_2)
     1    0.01                           net90 (net)
                  0.08    0.00    1.97 ^ output90/A (sky130_fd_sc_hd__buf_6)
                  0.08    0.15    2.12 ^ output90/X (sky130_fd_sc_hd__buf_6)
     1    0.03                           sum[30] (net)
                  0.08    0.00    2.12 ^ sum[30] (out)
                                  2.12   data arrival time

                  0.00    2.00    2.00   clock clk (rise edge)
                          0.00    2.00   clock network delay (ideal)
                         -0.25    1.75   clock uncertainty
                          0.00    1.75   clock reconvergence pessimism
                          0.00    1.75   output external delay
                                  1.75   data required time
-----------------------------------------------------------------------------
                                  1.75   data required time
                                 -2.12   data arrival time
-----------------------------------------------------------------------------
                                 -0.37   slack (VIOLATED)


