
===========================================================================
report_checks -path_delay max (Setup)
============================================================================
Startpoint: b[0] (input port clocked by clk)
Endpoint: sum[7] (output port clocked by clk)
Path Group: clk
Path Type: max

Fanout     Cap    Slew   Delay    Time   Description
-----------------------------------------------------------------------------
                  0.00    0.00    0.00   clock clk (rise edge)
                          0.00    0.00   clock network delay (ideal)
                          0.00    0.00 ^ input external delay
                  0.07    0.05    0.05 ^ b[0] (in)
     2    0.01                           b[0] (net)
                  0.07    0.00    0.05 ^ ppa_pre_1_0.U1.xor2/B (sky130_fd_sc_hd__xor2_1)
                  0.20    0.21    0.26 ^ ppa_pre_1_0.U1.xor2/X (sky130_fd_sc_hd__xor2_1)
     2    0.01                           ppa_grey_1_1.U1.A1 (net)
                  0.20    0.00    0.26 ^ ppa_grey_1_1.U1.ao21/A2 (sky130_fd_sc_hd__a21o_1)
                  0.11    0.21    0.46 ^ ppa_grey_1_1.U1.ao21/X (sky130_fd_sc_hd__a21o_1)
     3    0.01                           ppa_grey_1_1.U1.Y (net)
                  0.11    0.00    0.46 ^ ppa_grey_3_2.U1.ao21/A1 (sky130_fd_sc_hd__a21o_1)
                  0.17    0.22    0.69 ^ ppa_grey_3_2.U1.ao21/X (sky130_fd_sc_hd__a21o_1)
     5    0.02                           ppa_grey_3_2.U1.Y (net)
                  0.17    0.00    0.69 ^ ppa_grey_7_3.U1.ao21/A1 (sky130_fd_sc_hd__a21o_1)
                  0.08    0.17    0.86 ^ ppa_grey_7_3.U1.ao21/X (sky130_fd_sc_hd__a21o_1)
     2    0.01                           ppa_grey_7_3.U1.Y (net)
                  0.08    0.00    0.86 ^ ppa_post_7_4.U1.xor2/B (sky130_fd_sc_hd__xor2_1)
                  0.11    0.15    1.01 ^ ppa_post_7_4.U1.xor2/X (sky130_fd_sc_hd__xor2_1)
     1    0.00                           ppa_post_7_4.U1.Y (net)
                  0.11    0.00    1.01 ^ _7_/A (sky130_fd_sc_hd__buf_2)
                  0.19    0.25    1.26 ^ _7_/X (sky130_fd_sc_hd__buf_2)
     1    0.03                           sum[7] (net)
                  0.19    0.00    1.26 ^ sum[7] (out)
                                  1.26   data arrival time

                  0.00    1.50    1.50   clock clk (rise edge)
                          0.00    1.50   clock network delay (ideal)
                         -0.25    1.25   clock uncertainty
                          0.00    1.25   clock reconvergence pessimism
                          0.00    1.25   output external delay
                                  1.25   data required time
-----------------------------------------------------------------------------
                                  1.25   data required time
                                 -1.26   data arrival time
-----------------------------------------------------------------------------
                                 -0.01   slack (VIOLATED)


Startpoint: b[0] (input port clocked by clk)
Endpoint: sum[6] (output port clocked by clk)
Path Group: clk
Path Type: max

Fanout     Cap    Slew   Delay    Time   Description
-----------------------------------------------------------------------------
                  0.00    0.00    0.00   clock clk (rise edge)
                          0.00    0.00   clock network delay (ideal)
                          0.00    0.00 ^ input external delay
                  0.07    0.05    0.05 ^ b[0] (in)
     2    0.01                           b[0] (net)
                  0.07    0.00    0.05 ^ ppa_pre_1_0.U1.xor2/B (sky130_fd_sc_hd__xor2_1)
                  0.20    0.21    0.26 ^ ppa_pre_1_0.U1.xor2/X (sky130_fd_sc_hd__xor2_1)
     2    0.01                           ppa_grey_1_1.U1.A1 (net)
                  0.20    0.00    0.26 ^ ppa_grey_1_1.U1.ao21/A2 (sky130_fd_sc_hd__a21o_1)
                  0.11    0.21    0.46 ^ ppa_grey_1_1.U1.ao21/X (sky130_fd_sc_hd__a21o_1)
     3    0.01                           ppa_grey_1_1.U1.Y (net)
                  0.11    0.00    0.46 ^ ppa_grey_3_2.U1.ao21/A1 (sky130_fd_sc_hd__a21o_1)
                  0.17    0.22    0.69 ^ ppa_grey_3_2.U1.ao21/X (sky130_fd_sc_hd__a21o_1)
     5    0.02                           ppa_grey_3_2.U1.Y (net)
                  0.17    0.00    0.69 ^ ppa_grey_6_3.U1.ao21/A1 (sky130_fd_sc_hd__a21o_1)
                  0.06    0.15    0.84 ^ ppa_grey_6_3.U1.ao21/X (sky130_fd_sc_hd__a21o_1)
     1    0.00                           ppa_grey_6_3.U1.Y (net)
                  0.06    0.00    0.84 ^ ppa_post_6_4.U1.xor2/B (sky130_fd_sc_hd__xor2_1)
                  0.11    0.15    0.99 ^ ppa_post_6_4.U1.xor2/X (sky130_fd_sc_hd__xor2_1)
     1    0.00                           ppa_post_6_4.U1.Y (net)
                  0.11    0.00    0.99 ^ _6_/A (sky130_fd_sc_hd__buf_2)
                  0.19    0.25    1.24 ^ _6_/X (sky130_fd_sc_hd__buf_2)
     1    0.03                           sum[6] (net)
                  0.19    0.00    1.24 ^ sum[6] (out)
                                  1.24   data arrival time

                  0.00    1.50    1.50   clock clk (rise edge)
                          0.00    1.50   clock network delay (ideal)
                         -0.25    1.25   clock uncertainty
                          0.00    1.25   clock reconvergence pessimism
                          0.00    1.25   output external delay
                                  1.25   data required time
-----------------------------------------------------------------------------
                                  1.25   data required time
                                 -1.24   data arrival time
-----------------------------------------------------------------------------
                                  0.01   slack (MET)


Startpoint: b[0] (input port clocked by clk)
Endpoint: sum[4] (output port clocked by clk)
Path Group: clk
Path Type: max

Fanout     Cap    Slew   Delay    Time   Description
-----------------------------------------------------------------------------
                  0.00    0.00    0.00   clock clk (rise edge)
                          0.00    0.00   clock network delay (ideal)
                          0.00    0.00 ^ input external delay
                  0.07    0.05    0.05 ^ b[0] (in)
     2    0.01                           b[0] (net)
                  0.07    0.00    0.05 ^ ppa_pre_1_0.U1.xor2/B (sky130_fd_sc_hd__xor2_1)
                  0.20    0.21    0.26 ^ ppa_pre_1_0.U1.xor2/X (sky130_fd_sc_hd__xor2_1)
     2    0.01                           ppa_grey_1_1.U1.A1 (net)
                  0.20    0.00    0.26 ^ ppa_grey_1_1.U1.ao21/A2 (sky130_fd_sc_hd__a21o_1)
                  0.11    0.21    0.46 ^ ppa_grey_1_1.U1.ao21/X (sky130_fd_sc_hd__a21o_1)
     3    0.01                           ppa_grey_1_1.U1.Y (net)
                  0.11    0.00    0.46 ^ ppa_grey_3_2.U1.ao21/A1 (sky130_fd_sc_hd__a21o_1)
                  0.17    0.22    0.69 ^ ppa_grey_3_2.U1.ao21/X (sky130_fd_sc_hd__a21o_1)
     5    0.02                           ppa_grey_3_2.U1.Y (net)
                  0.17    0.00    0.69 ^ ppa_grey_4_3.U1.ao21/A1 (sky130_fd_sc_hd__a21o_1)
                  0.06    0.15    0.84 ^ ppa_grey_4_3.U1.ao21/X (sky130_fd_sc_hd__a21o_1)
     1    0.00                           ppa_grey_4_3.U1.Y (net)
                  0.06    0.00    0.84 ^ ppa_post_4_4.U1.xor2/B (sky130_fd_sc_hd__xor2_1)
                  0.11    0.15    0.99 ^ ppa_post_4_4.U1.xor2/X (sky130_fd_sc_hd__xor2_1)
     1    0.00                           ppa_post_4_4.U1.Y (net)
                  0.11    0.00    0.99 ^ _4_/A (sky130_fd_sc_hd__buf_2)
                  0.19    0.25    1.24 ^ _4_/X (sky130_fd_sc_hd__buf_2)
     1    0.03                           sum[4] (net)
                  0.19    0.00    1.24 ^ sum[4] (out)
                                  1.24   data arrival time

                  0.00    1.50    1.50   clock clk (rise edge)
                          0.00    1.50   clock network delay (ideal)
                         -0.25    1.25   clock uncertainty
                          0.00    1.25   clock reconvergence pessimism
                          0.00    1.25   output external delay
                                  1.25   data required time
-----------------------------------------------------------------------------
                                  1.25   data required time
                                 -1.24   data arrival time
-----------------------------------------------------------------------------
                                  0.01   slack (MET)


Startpoint: b[0] (input port clocked by clk)
Endpoint: sum[5] (output port clocked by clk)
Path Group: clk
Path Type: max

Fanout     Cap    Slew   Delay    Time   Description
-----------------------------------------------------------------------------
                  0.00    0.00    0.00   clock clk (rise edge)
                          0.00    0.00   clock network delay (ideal)
                          0.00    0.00 ^ input external delay
                  0.07    0.05    0.05 ^ b[0] (in)
     2    0.01                           b[0] (net)
                  0.07    0.00    0.05 ^ ppa_pre_1_0.U1.xor2/B (sky130_fd_sc_hd__xor2_1)
                  0.20    0.21    0.26 ^ ppa_pre_1_0.U1.xor2/X (sky130_fd_sc_hd__xor2_1)
     2    0.01                           ppa_grey_1_1.U1.A1 (net)
                  0.20    0.00    0.26 ^ ppa_grey_1_1.U1.ao21/A2 (sky130_fd_sc_hd__a21o_1)
                  0.11    0.21    0.46 ^ ppa_grey_1_1.U1.ao21/X (sky130_fd_sc_hd__a21o_1)
     3    0.01                           ppa_grey_1_1.U1.Y (net)
                  0.11    0.00    0.46 ^ ppa_grey_3_2.U1.ao21/A1 (sky130_fd_sc_hd__a21o_1)
                  0.17    0.22    0.69 ^ ppa_grey_3_2.U1.ao21/X (sky130_fd_sc_hd__a21o_1)
     5    0.02                           ppa_grey_3_2.U1.Y (net)
                  0.17    0.00    0.69 ^ ppa_grey_5_3.U1.ao21/A1 (sky130_fd_sc_hd__a21o_1)
                  0.06    0.15    0.84 ^ ppa_grey_5_3.U1.ao21/X (sky130_fd_sc_hd__a21o_1)
     1    0.00                           ppa_grey_5_3.U1.Y (net)
                  0.06    0.00    0.84 ^ ppa_post_5_4.U1.xor2/B (sky130_fd_sc_hd__xor2_1)
                  0.12    0.15    0.99 ^ ppa_post_5_4.U1.xor2/X (sky130_fd_sc_hd__xor2_1)
     1    0.00                           ppa_post_5_4.U1.Y (net)
                  0.12    0.00    0.99 ^ _5_/A (sky130_fd_sc_hd__buf_2)
                  0.17    0.24    1.23 ^ _5_/X (sky130_fd_sc_hd__buf_2)
     1    0.03                           sum[5] (net)
                  0.17    0.00    1.23 ^ sum[5] (out)
                                  1.23   data arrival time

                  0.00    1.50    1.50   clock clk (rise edge)
                          0.00    1.50   clock network delay (ideal)
                         -0.25    1.25   clock uncertainty
                          0.00    1.25   clock reconvergence pessimism
                          0.00    1.25   output external delay
                                  1.25   data required time
-----------------------------------------------------------------------------
                                  1.25   data required time
                                 -1.23   data arrival time
-----------------------------------------------------------------------------
                                  0.02   slack (MET)


Startpoint: b[0] (input port clocked by clk)
Endpoint: cout (output port clocked by clk)
Path Group: clk
Path Type: max

Fanout     Cap    Slew   Delay    Time   Description
-----------------------------------------------------------------------------
                  0.00    0.00    0.00   clock clk (rise edge)
                          0.00    0.00   clock network delay (ideal)
                          0.00    0.00 ^ input external delay
                  0.07    0.05    0.05 ^ b[0] (in)
     2    0.01                           b[0] (net)
                  0.07    0.00    0.05 ^ ppa_pre_1_0.U1.xor2/B (sky130_fd_sc_hd__xor2_1)
                  0.20    0.21    0.26 ^ ppa_pre_1_0.U1.xor2/X (sky130_fd_sc_hd__xor2_1)
     2    0.01                           ppa_grey_1_1.U1.A1 (net)
                  0.20    0.00    0.26 ^ ppa_grey_1_1.U1.ao21/A2 (sky130_fd_sc_hd__a21o_1)
                  0.11    0.21    0.46 ^ ppa_grey_1_1.U1.ao21/X (sky130_fd_sc_hd__a21o_1)
     3    0.01                           ppa_grey_1_1.U1.Y (net)
                  0.11    0.00    0.46 ^ ppa_grey_3_2.U1.ao21/A1 (sky130_fd_sc_hd__a21o_1)
                  0.17    0.22    0.69 ^ ppa_grey_3_2.U1.ao21/X (sky130_fd_sc_hd__a21o_1)
     5    0.02                           ppa_grey_3_2.U1.Y (net)
                  0.17    0.00    0.69 ^ ppa_grey_7_3.U1.ao21/A1 (sky130_fd_sc_hd__a21o_1)
                  0.08    0.17    0.86 ^ ppa_grey_7_3.U1.ao21/X (sky130_fd_sc_hd__a21o_1)
     2    0.01                           ppa_grey_7_3.U1.Y (net)
                  0.08    0.00    0.86 ^ ppa_grey_cout.U1.ao21/A1 (sky130_fd_sc_hd__a21o_1)
                  0.33    0.33    1.20 ^ ppa_grey_cout.U1.ao21/X (sky130_fd_sc_hd__a21o_1)
     1    0.03                           cout (net)
                  0.33    0.00    1.20 ^ cout (out)
                                  1.20   data arrival time

                  0.00    1.50    1.50   clock clk (rise edge)
                          0.00    1.50   clock network delay (ideal)
                         -0.25    1.25   clock uncertainty
                          0.00    1.25   clock reconvergence pessimism
                          0.00    1.25   output external delay
                                  1.25   data required time
-----------------------------------------------------------------------------
                                  1.25   data required time
                                 -1.20   data arrival time
-----------------------------------------------------------------------------
                                  0.05   slack (MET)


