
===========================================================================
report_checks -unconstrained
============================================================================
Startpoint: b[1] (input port clocked by clk)
Endpoint: sum[8] (output port clocked by clk)
Path Group: clk
Path Type: max

Fanout     Cap    Slew   Delay    Time   Description
-----------------------------------------------------------------------------
                  0.00    0.00    0.00   clock clk (rise edge)
                          0.00    0.00   clock network delay (ideal)
                          0.00    0.00 v input external delay
                  0.02    0.01    0.01 v b[1] (in)
     1    0.01                           b[1] (net)
                  0.02    0.00    0.01 v input24/A (sky130_fd_sc_hd__clkbuf_2)
                  0.09    0.15    0.16 v input24/X (sky130_fd_sc_hd__clkbuf_2)
     2    0.02                           net24 (net)
                  0.09    0.00    0.16 v ppa_pre_2_0.U2.and2/B (sky130_fd_sc_hd__and2_1)
                  0.07    0.21    0.38 v ppa_pre_2_0.U2.and2/X (sky130_fd_sc_hd__and2_1)
     2    0.01                           ppa_black_3_1.U2.A0 (net)
                  0.07    0.00    0.38 v ppa_black_3_1.U2.ao21/A1 (sky130_fd_sc_hd__a21o_1)
                  0.05    0.19    0.57 v ppa_black_3_1.U2.ao21/X (sky130_fd_sc_hd__a21o_1)
     1    0.01                           ppa_black_3_1.U2.Y (net)
                  0.05    0.00    0.57 v ppa_grey_3_2.U1.ao21/B1 (sky130_fd_sc_hd__a21o_1)
                  0.10    0.23    0.80 v ppa_grey_3_2.U1.ao21/X (sky130_fd_sc_hd__a21o_1)
     4    0.02                           ppa_grey_3_2.U1.Y (net)
                  0.10    0.00    0.80 v ppa_grey_7_3.U1.ao21/A1 (sky130_fd_sc_hd__a21o_4)
                  0.06    0.27    1.06 v ppa_grey_7_3.U1.ao21/X (sky130_fd_sc_hd__a21o_4)
     6    0.03                           ppa_grey_10_4.U1.A0 (net)
                  0.06    0.00    1.07 v rebuffer14/A (sky130_fd_sc_hd__buf_2)
                  0.03    0.13    1.20 v rebuffer14/X (sky130_fd_sc_hd__buf_2)
     1    0.00                           net64 (net)
                  0.03    0.00    1.20 v ppa_grey_8_4.U1.ao21/A1 (sky130_fd_sc_hd__a21o_1)
                  0.06    0.18    1.37 v ppa_grey_8_4.U1.ao21/X (sky130_fd_sc_hd__a21o_1)
     1    0.01                           ppa_grey_8_4.U1.Y (net)
                  0.06    0.00    1.37 v ppa_post_8_5.U1.xor2/B (sky130_fd_sc_hd__xor2_1)
                  0.20    0.21    1.58 ^ ppa_post_8_5.U1.xor2/X (sky130_fd_sc_hd__xor2_1)
     1    0.01                           ppa_post_8_5.U1.Y (net)
                  0.20    0.00    1.58 ^ _08_/A (sky130_fd_sc_hd__clkbuf_1)
                  0.09    0.16    1.73 ^ _08_/X (sky130_fd_sc_hd__clkbuf_1)
     1    0.01                           net49 (net)
                  0.09    0.00    1.73 ^ output49/A (sky130_fd_sc_hd__buf_6)
                  0.08    0.15    1.89 ^ output49/X (sky130_fd_sc_hd__buf_6)
     1    0.03                           sum[8] (net)
                  0.08    0.00    1.89 ^ sum[8] (out)
                                  1.89   data arrival time

                  0.00    1.25    1.25   clock clk (rise edge)
                          0.00    1.25   clock network delay (ideal)
                         -0.25    1.00   clock uncertainty
                          0.00    1.00   clock reconvergence pessimism
                          0.00    1.00   output external delay
                                  1.00   data required time
-----------------------------------------------------------------------------
                                  1.00   data required time
                                 -1.89   data arrival time
-----------------------------------------------------------------------------
                                 -0.89   slack (VIOLATED)



===========================================================================
report_checks --slack_max -0.01
============================================================================
Startpoint: b[1] (input port clocked by clk)
Endpoint: sum[8] (output port clocked by clk)
Path Group: clk
Path Type: max

Fanout     Cap    Slew   Delay    Time   Description
-----------------------------------------------------------------------------
                  0.00    0.00    0.00   clock clk (rise edge)
                          0.00    0.00   clock network delay (ideal)
                          0.00    0.00 v input external delay
                  0.02    0.01    0.01 v b[1] (in)
     1    0.01                           b[1] (net)
                  0.02    0.00    0.01 v input24/A (sky130_fd_sc_hd__clkbuf_2)
                  0.09    0.15    0.16 v input24/X (sky130_fd_sc_hd__clkbuf_2)
     2    0.02                           net24 (net)
                  0.09    0.00    0.16 v ppa_pre_2_0.U2.and2/B (sky130_fd_sc_hd__and2_1)
                  0.07    0.21    0.38 v ppa_pre_2_0.U2.and2/X (sky130_fd_sc_hd__and2_1)
     2    0.01                           ppa_black_3_1.U2.A0 (net)
                  0.07    0.00    0.38 v ppa_black_3_1.U2.ao21/A1 (sky130_fd_sc_hd__a21o_1)
                  0.05    0.19    0.57 v ppa_black_3_1.U2.ao21/X (sky130_fd_sc_hd__a21o_1)
     1    0.01                           ppa_black_3_1.U2.Y (net)
                  0.05    0.00    0.57 v ppa_grey_3_2.U1.ao21/B1 (sky130_fd_sc_hd__a21o_1)
                  0.10    0.23    0.80 v ppa_grey_3_2.U1.ao21/X (sky130_fd_sc_hd__a21o_1)
     4    0.02                           ppa_grey_3_2.U1.Y (net)
                  0.10    0.00    0.80 v ppa_grey_7_3.U1.ao21/A1 (sky130_fd_sc_hd__a21o_4)
                  0.06    0.27    1.06 v ppa_grey_7_3.U1.ao21/X (sky130_fd_sc_hd__a21o_4)
     6    0.03                           ppa_grey_10_4.U1.A0 (net)
                  0.06    0.00    1.07 v rebuffer14/A (sky130_fd_sc_hd__buf_2)
                  0.03    0.13    1.20 v rebuffer14/X (sky130_fd_sc_hd__buf_2)
     1    0.00                           net64 (net)
                  0.03    0.00    1.20 v ppa_grey_8_4.U1.ao21/A1 (sky130_fd_sc_hd__a21o_1)
                  0.06    0.18    1.37 v ppa_grey_8_4.U1.ao21/X (sky130_fd_sc_hd__a21o_1)
     1    0.01                           ppa_grey_8_4.U1.Y (net)
                  0.06    0.00    1.37 v ppa_post_8_5.U1.xor2/B (sky130_fd_sc_hd__xor2_1)
                  0.20    0.21    1.58 ^ ppa_post_8_5.U1.xor2/X (sky130_fd_sc_hd__xor2_1)
     1    0.01                           ppa_post_8_5.U1.Y (net)
                  0.20    0.00    1.58 ^ _08_/A (sky130_fd_sc_hd__clkbuf_1)
                  0.09    0.16    1.73 ^ _08_/X (sky130_fd_sc_hd__clkbuf_1)
     1    0.01                           net49 (net)
                  0.09    0.00    1.73 ^ output49/A (sky130_fd_sc_hd__buf_6)
                  0.08    0.15    1.89 ^ output49/X (sky130_fd_sc_hd__buf_6)
     1    0.03                           sum[8] (net)
                  0.08    0.00    1.89 ^ sum[8] (out)
                                  1.89   data arrival time

                  0.00    1.25    1.25   clock clk (rise edge)
                          0.00    1.25   clock network delay (ideal)
                         -0.25    1.00   clock uncertainty
                          0.00    1.00   clock reconvergence pessimism
                          0.00    1.00   output external delay
                                  1.00   data required time
-----------------------------------------------------------------------------
                                  1.00   data required time
                                 -1.89   data arrival time
-----------------------------------------------------------------------------
                                 -0.89   slack (VIOLATED)


