
===========================================================================
report_checks -unconstrained
============================================================================

======================= Slowest Corner ===================================

Startpoint: b[4] (input port clocked by clk)
Endpoint: sum[15] (output port clocked by clk)
Path Group: clk
Path Type: max
Corner: ss

Fanout     Cap    Slew   Delay    Time   Description
-----------------------------------------------------------------------------
                  0.00    0.00    0.00   clock clk (rise edge)
                          0.00    0.00   clock network delay (ideal)
                          0.00    0.00 ^ input external delay
                  0.05    0.03    0.03 ^ b[4] (in)
     1    0.01                           b[4] (net)
                  0.05    0.00    0.03 ^ input27/A (sky130_fd_sc_hd__clkbuf_1)
                  0.26    0.29    0.32 ^ input27/X (sky130_fd_sc_hd__clkbuf_1)
     2    0.01                           net27 (net)
                  0.26    0.00    0.33 ^ ppa_pre_5_0.U1.xor2/B (sky130_fd_sc_hd__xor2_1)
                  0.44    0.53    0.86 ^ ppa_pre_5_0.U1.xor2/X (sky130_fd_sc_hd__xor2_1)
     3    0.01                           ppa_black_5_1.U1.A (net)
                  0.44    0.00    0.86 ^ ppa_black_5_1.U1.and2/A (sky130_fd_sc_hd__and2_1)
                  0.25    0.52    1.37 ^ ppa_black_5_1.U1.and2/X (sky130_fd_sc_hd__and2_1)
     3    0.02                           ppa_black_5_1.U1.Y (net)
                  0.25    0.00    1.37 ^ ppa_black_7_2.U1.and2/B (sky130_fd_sc_hd__and2_1)
                  0.12    0.34    1.72 ^ ppa_black_7_2.U1.and2/X (sky130_fd_sc_hd__and2_1)
     1    0.01                           ppa_black_7_2.U1.Y (net)
                  0.12    0.00    1.72 ^ ppa_grey_7_3.U1.ao21/A2 (sky130_fd_sc_hd__a21o_4)
                  0.18    0.37    2.09 ^ ppa_grey_7_3.U1.ao21/X (sky130_fd_sc_hd__a21o_4)
     9    0.04                           ppa_grey_10_4.U1.A0 (net)
                  0.18    0.00    2.09 ^ ppa_grey_15_4.U1.ao21/A1 (sky130_fd_sc_hd__a21o_1)
                  0.16    0.34    2.43 ^ ppa_grey_15_4.U1.ao21/X (sky130_fd_sc_hd__a21o_1)
     2    0.01                           ppa_grey_15_4.U1.Y (net)
                  0.16    0.00    2.43 ^ ppa_post_15_5.U1.xor2/B (sky130_fd_sc_hd__xor2_1)
                  0.18    0.29    2.71 ^ ppa_post_15_5.U1.xor2/X (sky130_fd_sc_hd__xor2_1)
     1    0.00                           ppa_post_15_5.U1.Y (net)
                  0.18    0.00    2.71 ^ _15_/A (sky130_fd_sc_hd__clkbuf_1)
                  0.10    0.23    2.94 ^ _15_/X (sky130_fd_sc_hd__clkbuf_1)
     1    0.00                           net41 (net)
                  0.10    0.00    2.94 ^ output41/A (sky130_fd_sc_hd__buf_4)
                  0.17    0.31    3.25 ^ output41/X (sky130_fd_sc_hd__buf_4)
     1    0.03                           sum[15] (net)
                  0.17    0.00    3.25 ^ sum[15] (out)
                                  3.25   data arrival time

                  0.00    1.00    1.00   clock clk (rise edge)
                          0.00    1.00   clock network delay (ideal)
                         -0.25    0.75   clock uncertainty
                          0.00    0.75   clock reconvergence pessimism
                          0.00    0.75   output external delay
                                  0.75   data required time
-----------------------------------------------------------------------------
                                  0.75   data required time
                                 -3.25   data arrival time
-----------------------------------------------------------------------------
                                 -2.50   slack (VIOLATED)



======================= Typical Corner ===================================

Startpoint: b[4] (input port clocked by clk)
Endpoint: sum[8] (output port clocked by clk)
Path Group: clk
Path Type: max
Corner: tt

Fanout     Cap    Slew   Delay    Time   Description
-----------------------------------------------------------------------------
                  0.00    0.00    0.00   clock clk (rise edge)
                          0.00    0.00   clock network delay (ideal)
                          0.00    0.00 ^ input external delay
                  0.03    0.02    0.02 ^ b[4] (in)
     1    0.01                           b[4] (net)
                  0.03    0.00    0.02 ^ input27/A (sky130_fd_sc_hd__clkbuf_1)
                  0.16    0.17    0.19 ^ input27/X (sky130_fd_sc_hd__clkbuf_1)
     2    0.01                           net27 (net)
                  0.16    0.00    0.19 ^ ppa_pre_5_0.U1.xor2/B (sky130_fd_sc_hd__xor2_1)
                  0.27    0.29    0.48 ^ ppa_pre_5_0.U1.xor2/X (sky130_fd_sc_hd__xor2_1)
     3    0.01                           ppa_black_5_1.U1.A (net)
                  0.27    0.00    0.48 ^ ppa_black_5_1.U1.and2/A (sky130_fd_sc_hd__and2_1)
                  0.16    0.27    0.75 ^ ppa_black_5_1.U1.and2/X (sky130_fd_sc_hd__and2_1)
     3    0.02                           ppa_black_5_1.U1.Y (net)
                  0.16    0.00    0.75 ^ ppa_black_7_2.U1.and2/B (sky130_fd_sc_hd__and2_1)
                  0.07    0.17    0.92 ^ ppa_black_7_2.U1.and2/X (sky130_fd_sc_hd__and2_1)
     1    0.01                           ppa_black_7_2.U1.Y (net)
                  0.07    0.00    0.92 ^ ppa_grey_7_3.U1.ao21/A2 (sky130_fd_sc_hd__a21o_4)
                  0.11    0.19    1.11 ^ ppa_grey_7_3.U1.ao21/X (sky130_fd_sc_hd__a21o_4)
     9    0.04                           ppa_grey_10_4.U1.A0 (net)
                  0.11    0.00    1.11 ^ ppa_grey_8_4.U1.ao21/A1 (sky130_fd_sc_hd__a21o_1)
                  0.06    0.14    1.26 ^ ppa_grey_8_4.U1.ao21/X (sky130_fd_sc_hd__a21o_1)
     1    0.01                           ppa_grey_8_4.U1.Y (net)
                  0.06    0.00    1.26 ^ ppa_post_8_5.U1.xor2/B (sky130_fd_sc_hd__xor2_1)
                  0.11    0.14    1.40 ^ ppa_post_8_5.U1.xor2/X (sky130_fd_sc_hd__xor2_1)
     1    0.00                           ppa_post_8_5.U1.Y (net)
                  0.11    0.00    1.40 ^ _08_/A (sky130_fd_sc_hd__clkbuf_1)
                  0.06    0.12    1.51 ^ _08_/X (sky130_fd_sc_hd__clkbuf_1)
     1    0.00                           net49 (net)
                  0.06    0.00    1.51 ^ output49/A (sky130_fd_sc_hd__buf_2)
                  0.18    0.22    1.73 ^ output49/X (sky130_fd_sc_hd__buf_2)
     1    0.03                           sum[8] (net)
                  0.18    0.00    1.74 ^ sum[8] (out)
                                  1.74   data arrival time

                  0.00    1.00    1.00   clock clk (rise edge)
                          0.00    1.00   clock network delay (ideal)
                         -0.25    0.75   clock uncertainty
                          0.00    0.75   clock reconvergence pessimism
                          0.00    0.75   output external delay
                                  0.75   data required time
-----------------------------------------------------------------------------
                                  0.75   data required time
                                 -1.74   data arrival time
-----------------------------------------------------------------------------
                                 -0.99   slack (VIOLATED)



======================= Fastest Corner ===================================

Startpoint: a[3] (input port clocked by clk)
Endpoint: sum[8] (output port clocked by clk)
Path Group: clk
Path Type: max
Corner: ff

Fanout     Cap    Slew   Delay    Time   Description
-----------------------------------------------------------------------------
                  0.00    0.00    0.00   clock clk (rise edge)
                          0.00    0.00   clock network delay (ideal)
                          0.00    0.00 ^ input external delay
                  0.03    0.02    0.02 ^ a[3] (in)
     1    0.01                           a[3] (net)
                  0.03    0.00    0.02 ^ input10/A (sky130_fd_sc_hd__clkbuf_1)
                  0.10    0.10    0.12 ^ input10/X (sky130_fd_sc_hd__clkbuf_1)
     2    0.01                           net10 (net)
                  0.10    0.00    0.12 ^ ppa_pre_4_0.U1.xor2/A (sky130_fd_sc_hd__xor2_1)
                  0.21    0.20    0.32 ^ ppa_pre_4_0.U1.xor2/X (sky130_fd_sc_hd__xor2_1)
     3    0.01                           ppa_black_5_1.U1.B (net)
                  0.21    0.00    0.32 ^ ppa_black_5_1.U1.and2/B (sky130_fd_sc_hd__and2_1)
                  0.12    0.17    0.49 ^ ppa_black_5_1.U1.and2/X (sky130_fd_sc_hd__and2_1)
     3    0.02                           ppa_black_5_1.U1.Y (net)
                  0.12    0.00    0.49 ^ ppa_black_7_2.U1.and2/B (sky130_fd_sc_hd__and2_1)
                  0.05    0.11    0.60 ^ ppa_black_7_2.U1.and2/X (sky130_fd_sc_hd__and2_1)
     1    0.01                           ppa_black_7_2.U1.Y (net)
                  0.05    0.00    0.60 ^ ppa_grey_7_3.U1.ao21/A2 (sky130_fd_sc_hd__a21o_4)
                  0.08    0.13    0.73 ^ ppa_grey_7_3.U1.ao21/X (sky130_fd_sc_hd__a21o_4)
     9    0.04                           ppa_grey_10_4.U1.A0 (net)
                  0.08    0.00    0.73 ^ ppa_grey_8_4.U1.ao21/A1 (sky130_fd_sc_hd__a21o_1)
                  0.04    0.09    0.81 ^ ppa_grey_8_4.U1.ao21/X (sky130_fd_sc_hd__a21o_1)
     1    0.01                           ppa_grey_8_4.U1.Y (net)
                  0.04    0.00    0.81 ^ ppa_post_8_5.U1.xor2/B (sky130_fd_sc_hd__xor2_1)
                  0.08    0.09    0.90 ^ ppa_post_8_5.U1.xor2/X (sky130_fd_sc_hd__xor2_1)
     1    0.00                           ppa_post_8_5.U1.Y (net)
                  0.08    0.00    0.90 ^ _08_/A (sky130_fd_sc_hd__clkbuf_1)
                  0.05    0.07    0.98 ^ _08_/X (sky130_fd_sc_hd__clkbuf_1)
     1    0.00                           net49 (net)
                  0.05    0.00    0.98 ^ output49/A (sky130_fd_sc_hd__buf_2)
                  0.14    0.15    1.13 ^ output49/X (sky130_fd_sc_hd__buf_2)
     1    0.03                           sum[8] (net)
                  0.14    0.00    1.13 ^ sum[8] (out)
                                  1.13   data arrival time

                  0.00    1.00    1.00   clock clk (rise edge)
                          0.00    1.00   clock network delay (ideal)
                         -0.25    0.75   clock uncertainty
                          0.00    0.75   clock reconvergence pessimism
                          0.00    0.75   output external delay
                                  0.75   data required time
-----------------------------------------------------------------------------
                                  0.75   data required time
                                 -1.13   data arrival time
-----------------------------------------------------------------------------
                                 -0.38   slack (VIOLATED)



===========================================================================
report_checks --slack_max -0.01
============================================================================

======================= Slowest Corner ===================================

Startpoint: b[4] (input port clocked by clk)
Endpoint: sum[15] (output port clocked by clk)
Path Group: clk
Path Type: max
Corner: ss

Fanout     Cap    Slew   Delay    Time   Description
-----------------------------------------------------------------------------
                  0.00    0.00    0.00   clock clk (rise edge)
                          0.00    0.00   clock network delay (ideal)
                          0.00    0.00 ^ input external delay
                  0.05    0.03    0.03 ^ b[4] (in)
     1    0.01                           b[4] (net)
                  0.05    0.00    0.03 ^ input27/A (sky130_fd_sc_hd__clkbuf_1)
                  0.26    0.29    0.32 ^ input27/X (sky130_fd_sc_hd__clkbuf_1)
     2    0.01                           net27 (net)
                  0.26    0.00    0.33 ^ ppa_pre_5_0.U1.xor2/B (sky130_fd_sc_hd__xor2_1)
                  0.44    0.53    0.86 ^ ppa_pre_5_0.U1.xor2/X (sky130_fd_sc_hd__xor2_1)
     3    0.01                           ppa_black_5_1.U1.A (net)
                  0.44    0.00    0.86 ^ ppa_black_5_1.U1.and2/A (sky130_fd_sc_hd__and2_1)
                  0.25    0.52    1.37 ^ ppa_black_5_1.U1.and2/X (sky130_fd_sc_hd__and2_1)
     3    0.02                           ppa_black_5_1.U1.Y (net)
                  0.25    0.00    1.37 ^ ppa_black_7_2.U1.and2/B (sky130_fd_sc_hd__and2_1)
                  0.12    0.34    1.72 ^ ppa_black_7_2.U1.and2/X (sky130_fd_sc_hd__and2_1)
     1    0.01                           ppa_black_7_2.U1.Y (net)
                  0.12    0.00    1.72 ^ ppa_grey_7_3.U1.ao21/A2 (sky130_fd_sc_hd__a21o_4)
                  0.18    0.37    2.09 ^ ppa_grey_7_3.U1.ao21/X (sky130_fd_sc_hd__a21o_4)
     9    0.04                           ppa_grey_10_4.U1.A0 (net)
                  0.18    0.00    2.09 ^ ppa_grey_15_4.U1.ao21/A1 (sky130_fd_sc_hd__a21o_1)
                  0.16    0.34    2.43 ^ ppa_grey_15_4.U1.ao21/X (sky130_fd_sc_hd__a21o_1)
     2    0.01                           ppa_grey_15_4.U1.Y (net)
                  0.16    0.00    2.43 ^ ppa_post_15_5.U1.xor2/B (sky130_fd_sc_hd__xor2_1)
                  0.18    0.29    2.71 ^ ppa_post_15_5.U1.xor2/X (sky130_fd_sc_hd__xor2_1)
     1    0.00                           ppa_post_15_5.U1.Y (net)
                  0.18    0.00    2.71 ^ _15_/A (sky130_fd_sc_hd__clkbuf_1)
                  0.10    0.23    2.94 ^ _15_/X (sky130_fd_sc_hd__clkbuf_1)
     1    0.00                           net41 (net)
                  0.10    0.00    2.94 ^ output41/A (sky130_fd_sc_hd__buf_4)
                  0.17    0.31    3.25 ^ output41/X (sky130_fd_sc_hd__buf_4)
     1    0.03                           sum[15] (net)
                  0.17    0.00    3.25 ^ sum[15] (out)
                                  3.25   data arrival time

                  0.00    1.00    1.00   clock clk (rise edge)
                          0.00    1.00   clock network delay (ideal)
                         -0.25    0.75   clock uncertainty
                          0.00    0.75   clock reconvergence pessimism
                          0.00    0.75   output external delay
                                  0.75   data required time
-----------------------------------------------------------------------------
                                  0.75   data required time
                                 -3.25   data arrival time
-----------------------------------------------------------------------------
                                 -2.50   slack (VIOLATED)



======================= Typical Corner ===================================

Startpoint: b[4] (input port clocked by clk)
Endpoint: sum[8] (output port clocked by clk)
Path Group: clk
Path Type: max
Corner: tt

Fanout     Cap    Slew   Delay    Time   Description
-----------------------------------------------------------------------------
                  0.00    0.00    0.00   clock clk (rise edge)
                          0.00    0.00   clock network delay (ideal)
                          0.00    0.00 ^ input external delay
                  0.03    0.02    0.02 ^ b[4] (in)
     1    0.01                           b[4] (net)
                  0.03    0.00    0.02 ^ input27/A (sky130_fd_sc_hd__clkbuf_1)
                  0.16    0.17    0.19 ^ input27/X (sky130_fd_sc_hd__clkbuf_1)
     2    0.01                           net27 (net)
                  0.16    0.00    0.19 ^ ppa_pre_5_0.U1.xor2/B (sky130_fd_sc_hd__xor2_1)
                  0.27    0.29    0.48 ^ ppa_pre_5_0.U1.xor2/X (sky130_fd_sc_hd__xor2_1)
     3    0.01                           ppa_black_5_1.U1.A (net)
                  0.27    0.00    0.48 ^ ppa_black_5_1.U1.and2/A (sky130_fd_sc_hd__and2_1)
                  0.16    0.27    0.75 ^ ppa_black_5_1.U1.and2/X (sky130_fd_sc_hd__and2_1)
     3    0.02                           ppa_black_5_1.U1.Y (net)
                  0.16    0.00    0.75 ^ ppa_black_7_2.U1.and2/B (sky130_fd_sc_hd__and2_1)
                  0.07    0.17    0.92 ^ ppa_black_7_2.U1.and2/X (sky130_fd_sc_hd__and2_1)
     1    0.01                           ppa_black_7_2.U1.Y (net)
                  0.07    0.00    0.92 ^ ppa_grey_7_3.U1.ao21/A2 (sky130_fd_sc_hd__a21o_4)
                  0.11    0.19    1.11 ^ ppa_grey_7_3.U1.ao21/X (sky130_fd_sc_hd__a21o_4)
     9    0.04                           ppa_grey_10_4.U1.A0 (net)
                  0.11    0.00    1.11 ^ ppa_grey_8_4.U1.ao21/A1 (sky130_fd_sc_hd__a21o_1)
                  0.06    0.14    1.26 ^ ppa_grey_8_4.U1.ao21/X (sky130_fd_sc_hd__a21o_1)
     1    0.01                           ppa_grey_8_4.U1.Y (net)
                  0.06    0.00    1.26 ^ ppa_post_8_5.U1.xor2/B (sky130_fd_sc_hd__xor2_1)
                  0.11    0.14    1.40 ^ ppa_post_8_5.U1.xor2/X (sky130_fd_sc_hd__xor2_1)
     1    0.00                           ppa_post_8_5.U1.Y (net)
                  0.11    0.00    1.40 ^ _08_/A (sky130_fd_sc_hd__clkbuf_1)
                  0.06    0.12    1.51 ^ _08_/X (sky130_fd_sc_hd__clkbuf_1)
     1    0.00                           net49 (net)
                  0.06    0.00    1.51 ^ output49/A (sky130_fd_sc_hd__buf_2)
                  0.18    0.22    1.73 ^ output49/X (sky130_fd_sc_hd__buf_2)
     1    0.03                           sum[8] (net)
                  0.18    0.00    1.74 ^ sum[8] (out)
                                  1.74   data arrival time

                  0.00    1.00    1.00   clock clk (rise edge)
                          0.00    1.00   clock network delay (ideal)
                         -0.25    0.75   clock uncertainty
                          0.00    0.75   clock reconvergence pessimism
                          0.00    0.75   output external delay
                                  0.75   data required time
-----------------------------------------------------------------------------
                                  0.75   data required time
                                 -1.74   data arrival time
-----------------------------------------------------------------------------
                                 -0.99   slack (VIOLATED)



======================= Fastest Corner ===================================

Startpoint: a[3] (input port clocked by clk)
Endpoint: sum[8] (output port clocked by clk)
Path Group: clk
Path Type: max
Corner: ff

Fanout     Cap    Slew   Delay    Time   Description
-----------------------------------------------------------------------------
                  0.00    0.00    0.00   clock clk (rise edge)
                          0.00    0.00   clock network delay (ideal)
                          0.00    0.00 ^ input external delay
                  0.03    0.02    0.02 ^ a[3] (in)
     1    0.01                           a[3] (net)
                  0.03    0.00    0.02 ^ input10/A (sky130_fd_sc_hd__clkbuf_1)
                  0.10    0.10    0.12 ^ input10/X (sky130_fd_sc_hd__clkbuf_1)
     2    0.01                           net10 (net)
                  0.10    0.00    0.12 ^ ppa_pre_4_0.U1.xor2/A (sky130_fd_sc_hd__xor2_1)
                  0.21    0.20    0.32 ^ ppa_pre_4_0.U1.xor2/X (sky130_fd_sc_hd__xor2_1)
     3    0.01                           ppa_black_5_1.U1.B (net)
                  0.21    0.00    0.32 ^ ppa_black_5_1.U1.and2/B (sky130_fd_sc_hd__and2_1)
                  0.12    0.17    0.49 ^ ppa_black_5_1.U1.and2/X (sky130_fd_sc_hd__and2_1)
     3    0.02                           ppa_black_5_1.U1.Y (net)
                  0.12    0.00    0.49 ^ ppa_black_7_2.U1.and2/B (sky130_fd_sc_hd__and2_1)
                  0.05    0.11    0.60 ^ ppa_black_7_2.U1.and2/X (sky130_fd_sc_hd__and2_1)
     1    0.01                           ppa_black_7_2.U1.Y (net)
                  0.05    0.00    0.60 ^ ppa_grey_7_3.U1.ao21/A2 (sky130_fd_sc_hd__a21o_4)
                  0.08    0.13    0.73 ^ ppa_grey_7_3.U1.ao21/X (sky130_fd_sc_hd__a21o_4)
     9    0.04                           ppa_grey_10_4.U1.A0 (net)
                  0.08    0.00    0.73 ^ ppa_grey_8_4.U1.ao21/A1 (sky130_fd_sc_hd__a21o_1)
                  0.04    0.09    0.81 ^ ppa_grey_8_4.U1.ao21/X (sky130_fd_sc_hd__a21o_1)
     1    0.01                           ppa_grey_8_4.U1.Y (net)
                  0.04    0.00    0.81 ^ ppa_post_8_5.U1.xor2/B (sky130_fd_sc_hd__xor2_1)
                  0.08    0.09    0.90 ^ ppa_post_8_5.U1.xor2/X (sky130_fd_sc_hd__xor2_1)
     1    0.00                           ppa_post_8_5.U1.Y (net)
                  0.08    0.00    0.90 ^ _08_/A (sky130_fd_sc_hd__clkbuf_1)
                  0.05    0.07    0.98 ^ _08_/X (sky130_fd_sc_hd__clkbuf_1)
     1    0.00                           net49 (net)
                  0.05    0.00    0.98 ^ output49/A (sky130_fd_sc_hd__buf_2)
                  0.14    0.15    1.13 ^ output49/X (sky130_fd_sc_hd__buf_2)
     1    0.03                           sum[8] (net)
                  0.14    0.00    1.13 ^ sum[8] (out)
                                  1.13   data arrival time

                  0.00    1.00    1.00   clock clk (rise edge)
                          0.00    1.00   clock network delay (ideal)
                         -0.25    0.75   clock uncertainty
                          0.00    0.75   clock reconvergence pessimism
                          0.00    0.75   output external delay
                                  0.75   data required time
-----------------------------------------------------------------------------
                                  0.75   data required time
                                 -1.13   data arrival time
-----------------------------------------------------------------------------
                                 -0.38   slack (VIOLATED)


