
===========================================================================
report_checks -path_delay max (Setup)
============================================================================
Startpoint: b[21] (input port clocked by clk)
Endpoint: sum[26] (output port clocked by clk)
Path Group: clk
Path Type: max

Fanout     Cap    Slew   Delay    Time   Description
-----------------------------------------------------------------------------
                  0.00    0.00    0.00   clock clk (rise edge)
                          0.00    0.00   clock network delay (ideal)
                          0.00    0.00 ^ input external delay
                  0.02    0.02    0.02 ^ b[21] (in)
     1    0.00                           b[21] (net)
                  0.02    0.00    0.02 ^ input46/A (sky130_fd_sc_hd__clkbuf_2)
                  0.12    0.16    0.18 ^ input46/X (sky130_fd_sc_hd__clkbuf_2)
     2    0.02                           net46 (net)
                  0.12    0.00    0.18 ^ ppa_pre_22_0.U1.xor2/B (sky130_fd_sc_hd__xor2_2)
                  0.24    0.26    0.44 ^ ppa_pre_22_0.U1.xor2/X (sky130_fd_sc_hd__xor2_2)
     4    0.02                           ppa_black_22_1.U1.A (net)
                  0.24    0.00    0.44 ^ ppa_black_22_1.U1.and2/A (sky130_fd_sc_hd__and2_1)
                  0.11    0.23    0.66 ^ ppa_black_22_1.U1.and2/X (sky130_fd_sc_hd__and2_1)
     3    0.01                           ppa_black_22_1.U1.Y (net)
                  0.11    0.00    0.66 ^ ppa_black_22_2.U1.and2/A (sky130_fd_sc_hd__and2_1)
                  0.17    0.23    0.90 ^ ppa_black_22_2.U1.and2/X (sky130_fd_sc_hd__and2_1)
     3    0.02                           ppa_black_22_2.U1.Y (net)
                  0.17    0.00    0.90 ^ ppa_black_26_3.U1.and2/B (sky130_fd_sc_hd__and2_4)
                  0.05    0.19    1.09 ^ ppa_black_26_3.U1.and2/X (sky130_fd_sc_hd__and2_4)
     2    0.01                           ppa_black_26_3.U1.Y (net)
                  0.05    0.00    1.09 ^ ppa_black_26_4.U1.and2/A (sky130_fd_sc_hd__and2_1)
                  0.09    0.15    1.24 ^ ppa_black_26_4.U1.and2/X (sky130_fd_sc_hd__and2_1)
     1    0.01                           ppa_black_26_4.U1.Y (net)
                  0.09    0.00    1.24 ^ ppa_grey_26_5.U1.ao21/A2 (sky130_fd_sc_hd__a21o_1)
                  0.09    0.16    1.40 ^ ppa_grey_26_5.U1.ao21/X (sky130_fd_sc_hd__a21o_1)
     1    0.01                           ppa_grey_26_5.U1.Y (net)
                  0.09    0.00    1.40 ^ ppa_post_26_6.U1.xor2/B (sky130_fd_sc_hd__xor2_1)
                  0.18    0.21    1.61 ^ ppa_post_26_6.U1.xor2/X (sky130_fd_sc_hd__xor2_1)
     1    0.01                           ppa_post_26_6.U1.Y (net)
                  0.18    0.00    1.61 ^ _03_/A (sky130_fd_sc_hd__clkbuf_1)
                  0.08    0.14    1.75 ^ _03_/X (sky130_fd_sc_hd__clkbuf_1)
     1    0.01                           net85 (net)
                  0.08    0.00    1.75 ^ output85/A (sky130_fd_sc_hd__buf_6)
                  0.08    0.15    1.89 ^ output85/X (sky130_fd_sc_hd__buf_6)
     1    0.03                           sum[26] (net)
                  0.08    0.00    1.89 ^ sum[26] (out)
                                  1.89   data arrival time

                  0.00    1.00    1.00   clock clk (rise edge)
                          0.00    1.00   clock network delay (ideal)
                         -0.25    0.75   clock uncertainty
                          0.00    0.75   clock reconvergence pessimism
                          0.00    0.75   output external delay
                                  0.75   data required time
-----------------------------------------------------------------------------
                                  0.75   data required time
                                 -1.89   data arrival time
-----------------------------------------------------------------------------
                                 -1.14   slack (VIOLATED)


Startpoint: b[21] (input port clocked by clk)
Endpoint: sum[22] (output port clocked by clk)
Path Group: clk
Path Type: max

Fanout     Cap    Slew   Delay    Time   Description
-----------------------------------------------------------------------------
                  0.00    0.00    0.00   clock clk (rise edge)
                          0.00    0.00   clock network delay (ideal)
                          0.00    0.00 ^ input external delay
                  0.02    0.02    0.02 ^ b[21] (in)
     1    0.00                           b[21] (net)
                  0.02    0.00    0.02 ^ input46/A (sky130_fd_sc_hd__clkbuf_2)
                  0.12    0.16    0.18 ^ input46/X (sky130_fd_sc_hd__clkbuf_2)
     2    0.02                           net46 (net)
                  0.12    0.00    0.18 ^ ppa_pre_22_0.U1.xor2/B (sky130_fd_sc_hd__xor2_2)
                  0.24    0.26    0.44 ^ ppa_pre_22_0.U1.xor2/X (sky130_fd_sc_hd__xor2_2)
     4    0.02                           ppa_black_22_1.U1.A (net)
                  0.24    0.00    0.44 ^ ppa_black_22_1.U1.and2/A (sky130_fd_sc_hd__and2_1)
                  0.11    0.23    0.66 ^ ppa_black_22_1.U1.and2/X (sky130_fd_sc_hd__and2_1)
     3    0.01                           ppa_black_22_1.U1.Y (net)
                  0.11    0.00    0.66 ^ ppa_black_22_2.U1.and2/A (sky130_fd_sc_hd__and2_1)
                  0.17    0.23    0.90 ^ ppa_black_22_2.U1.and2/X (sky130_fd_sc_hd__and2_1)
     3    0.02                           ppa_black_22_2.U1.Y (net)
                  0.17    0.00    0.90 ^ ppa_black_22_3.U1.and2/A (sky130_fd_sc_hd__and2_1)
                  0.15    0.23    1.13 ^ ppa_black_22_3.U1.and2/X (sky130_fd_sc_hd__and2_1)
     3    0.01                           ppa_black_22_3.U1.Y (net)
                  0.15    0.00    1.13 ^ ppa_black_22_4.U1.and2/A (sky130_fd_sc_hd__and2_1)
                  0.05    0.15    1.28 ^ ppa_black_22_4.U1.and2/X (sky130_fd_sc_hd__and2_1)
     1    0.00                           ppa_black_22_4.U1.Y (net)
                  0.05    0.00    1.28 ^ ppa_grey_22_5.U1.ao21/A2 (sky130_fd_sc_hd__a21o_1)
                  0.06    0.12    1.40 ^ ppa_grey_22_5.U1.ao21/X (sky130_fd_sc_hd__a21o_1)
     1    0.01                           ppa_grey_22_5.U1.Y (net)
                  0.06    0.00    1.40 ^ ppa_post_22_6.U1.xor2/B (sky130_fd_sc_hd__xor2_1)
                  0.14    0.17    1.57 ^ ppa_post_22_6.U1.xor2/X (sky130_fd_sc_hd__xor2_1)
     1    0.00                           ppa_post_22_6.U1.Y (net)
                  0.14    0.00    1.57 ^ _31_/A (sky130_fd_sc_hd__clkbuf_1)
                  0.08    0.14    1.71 ^ _31_/X (sky130_fd_sc_hd__clkbuf_1)
     1    0.01                           net81 (net)
                  0.08    0.00    1.71 ^ output81/A (sky130_fd_sc_hd__buf_6)
                  0.08    0.15    1.85 ^ output81/X (sky130_fd_sc_hd__buf_6)
     1    0.03                           sum[22] (net)
                  0.08    0.00    1.86 ^ sum[22] (out)
                                  1.86   data arrival time

                  0.00    1.00    1.00   clock clk (rise edge)
                          0.00    1.00   clock network delay (ideal)
                         -0.25    0.75   clock uncertainty
                          0.00    0.75   clock reconvergence pessimism
                          0.00    0.75   output external delay
                                  0.75   data required time
-----------------------------------------------------------------------------
                                  0.75   data required time
                                 -1.86   data arrival time
-----------------------------------------------------------------------------
                                 -1.11   slack (VIOLATED)


Startpoint: b[21] (input port clocked by clk)
Endpoint: sum[30] (output port clocked by clk)
Path Group: clk
Path Type: max

Fanout     Cap    Slew   Delay    Time   Description
-----------------------------------------------------------------------------
                  0.00    0.00    0.00   clock clk (rise edge)
                          0.00    0.00   clock network delay (ideal)
                          0.00    0.00 ^ input external delay
                  0.02    0.02    0.02 ^ b[21] (in)
     1    0.00                           b[21] (net)
                  0.02    0.00    0.02 ^ input46/A (sky130_fd_sc_hd__clkbuf_2)
                  0.12    0.16    0.18 ^ input46/X (sky130_fd_sc_hd__clkbuf_2)
     2    0.02                           net46 (net)
                  0.12    0.00    0.18 ^ ppa_pre_22_0.U1.xor2/B (sky130_fd_sc_hd__xor2_2)
                  0.24    0.26    0.44 ^ ppa_pre_22_0.U1.xor2/X (sky130_fd_sc_hd__xor2_2)
     4    0.02                           ppa_black_22_1.U1.A (net)
                  0.24    0.00    0.44 ^ ppa_black_22_1.U1.and2/A (sky130_fd_sc_hd__and2_1)
                  0.11    0.23    0.66 ^ ppa_black_22_1.U1.and2/X (sky130_fd_sc_hd__and2_1)
     3    0.01                           ppa_black_22_1.U1.Y (net)
                  0.11    0.00    0.66 ^ ppa_black_22_2.U1.and2/A (sky130_fd_sc_hd__and2_1)
                  0.17    0.23    0.90 ^ ppa_black_22_2.U1.and2/X (sky130_fd_sc_hd__and2_1)
     3    0.02                           ppa_black_22_2.U1.Y (net)
                  0.17    0.00    0.90 ^ ppa_black_22_3.U1.and2/A (sky130_fd_sc_hd__and2_1)
                  0.15    0.23    1.13 ^ ppa_black_22_3.U1.and2/X (sky130_fd_sc_hd__and2_1)
     3    0.01                           ppa_black_22_3.U1.Y (net)
                  0.15    0.00    1.13 ^ ppa_black_30_4.U1.and2/B (sky130_fd_sc_hd__and2_1)
                  0.05    0.15    1.28 ^ ppa_black_30_4.U1.and2/X (sky130_fd_sc_hd__and2_1)
     1    0.00                           ppa_black_30_4.U1.Y (net)
                  0.05    0.00    1.28 ^ ppa_grey_30_5.U1.ao21/A2 (sky130_fd_sc_hd__a21o_1)
                  0.06    0.12    1.40 ^ ppa_grey_30_5.U1.ao21/X (sky130_fd_sc_hd__a21o_1)
     1    0.00                           ppa_grey_30_5.U1.Y (net)
                  0.06    0.00    1.40 ^ ppa_post_30_6.U1.xor2/B (sky130_fd_sc_hd__xor2_1)
                  0.11    0.14    1.54 ^ ppa_post_30_6.U1.xor2/X (sky130_fd_sc_hd__xor2_1)
     1    0.00                           ppa_post_30_6.U1.Y (net)
                  0.11    0.00    1.54 ^ _07_/A (sky130_fd_sc_hd__clkbuf_1)
                  0.07    0.12    1.66 ^ _07_/X (sky130_fd_sc_hd__clkbuf_1)
     1    0.00                           net90 (net)
                  0.07    0.00    1.66 ^ output90/A (sky130_fd_sc_hd__buf_4)
                  0.10    0.17    1.83 ^ output90/X (sky130_fd_sc_hd__buf_4)
     1    0.03                           sum[30] (net)
                  0.10    0.00    1.83 ^ sum[30] (out)
                                  1.83   data arrival time

                  0.00    1.00    1.00   clock clk (rise edge)
                          0.00    1.00   clock network delay (ideal)
                         -0.25    0.75   clock uncertainty
                          0.00    0.75   clock reconvergence pessimism
                          0.00    0.75   output external delay
                                  0.75   data required time
-----------------------------------------------------------------------------
                                  0.75   data required time
                                 -1.83   data arrival time
-----------------------------------------------------------------------------
                                 -1.08   slack (VIOLATED)


Startpoint: b[21] (input port clocked by clk)
Endpoint: sum[27] (output port clocked by clk)
Path Group: clk
Path Type: max

Fanout     Cap    Slew   Delay    Time   Description
-----------------------------------------------------------------------------
                  0.00    0.00    0.00   clock clk (rise edge)
                          0.00    0.00   clock network delay (ideal)
                          0.00    0.00 ^ input external delay
                  0.02    0.02    0.02 ^ b[21] (in)
     1    0.00                           b[21] (net)
                  0.02    0.00    0.02 ^ input46/A (sky130_fd_sc_hd__clkbuf_2)
                  0.12    0.16    0.18 ^ input46/X (sky130_fd_sc_hd__clkbuf_2)
     2    0.02                           net46 (net)
                  0.12    0.00    0.18 ^ ppa_pre_22_0.U1.xor2/B (sky130_fd_sc_hd__xor2_2)
                  0.24    0.26    0.44 ^ ppa_pre_22_0.U1.xor2/X (sky130_fd_sc_hd__xor2_2)
     4    0.02                           ppa_black_22_1.U1.A (net)
                  0.24    0.00    0.44 ^ ppa_black_23_1.U1.and2/B (sky130_fd_sc_hd__and2_1)
                  0.11    0.22    0.66 ^ ppa_black_23_1.U1.and2/X (sky130_fd_sc_hd__and2_1)
     3    0.01                           ppa_black_23_1.U1.Y (net)
                  0.11    0.00    0.66 ^ ppa_black_23_2.U1.and2/A (sky130_fd_sc_hd__and2_4)
                  0.06    0.18    0.84 ^ ppa_black_23_2.U1.and2/X (sky130_fd_sc_hd__and2_4)
     3    0.01                           ppa_black_23_2.U1.Y (net)
                  0.06    0.00    0.84 ^ ppa_black_27_3.U1.and2/B (sky130_fd_sc_hd__and2_1)
                  0.13    0.19    1.03 ^ ppa_black_27_3.U1.and2/X (sky130_fd_sc_hd__and2_1)
     2    0.01                           ppa_black_27_3.U1.Y (net)
                  0.13    0.00    1.03 ^ ppa_black_27_4.U1.and2/A (sky130_fd_sc_hd__and2_1)
                  0.08    0.17    1.20 ^ ppa_black_27_4.U1.and2/X (sky130_fd_sc_hd__and2_1)
     1    0.01                           ppa_black_27_4.U1.Y (net)
                  0.08    0.00    1.20 ^ ppa_grey_27_5.U1.ao21/A2 (sky130_fd_sc_hd__a21o_1)
                  0.06    0.14    1.34 ^ ppa_grey_27_5.U1.ao21/X (sky130_fd_sc_hd__a21o_1)
     1    0.01                           ppa_grey_27_5.U1.Y (net)
                  0.06    0.00    1.34 ^ ppa_post_27_6.U1.xor2/B (sky130_fd_sc_hd__xor2_1)
                  0.17    0.20    1.53 ^ ppa_post_27_6.U1.xor2/X (sky130_fd_sc_hd__xor2_1)
     1    0.01                           ppa_post_27_6.U1.Y (net)
                  0.17    0.00    1.53 ^ _04_/A (sky130_fd_sc_hd__clkbuf_1)
                  0.05    0.12    1.65 ^ _04_/X (sky130_fd_sc_hd__clkbuf_1)
     1    0.00                           net86 (net)
                  0.05    0.00    1.65 ^ output86/A (sky130_fd_sc_hd__buf_4)
                  0.11    0.17    1.82 ^ output86/X (sky130_fd_sc_hd__buf_4)
     1    0.03                           sum[27] (net)
                  0.11    0.00    1.82 ^ sum[27] (out)
                                  1.82   data arrival time

                  0.00    1.00    1.00   clock clk (rise edge)
                          0.00    1.00   clock network delay (ideal)
                         -0.25    0.75   clock uncertainty
                          0.00    0.75   clock reconvergence pessimism
                          0.00    0.75   output external delay
                                  0.75   data required time
-----------------------------------------------------------------------------
                                  0.75   data required time
                                 -1.82   data arrival time
-----------------------------------------------------------------------------
                                 -1.07   slack (VIOLATED)


Startpoint: b[21] (input port clocked by clk)
Endpoint: sum[31] (output port clocked by clk)
Path Group: clk
Path Type: max

Fanout     Cap    Slew   Delay    Time   Description
-----------------------------------------------------------------------------
                  0.00    0.00    0.00   clock clk (rise edge)
                          0.00    0.00   clock network delay (ideal)
                          0.00    0.00 ^ input external delay
                  0.02    0.02    0.02 ^ b[21] (in)
     1    0.00                           b[21] (net)
                  0.02    0.00    0.02 ^ input46/A (sky130_fd_sc_hd__clkbuf_2)
                  0.12    0.16    0.18 ^ input46/X (sky130_fd_sc_hd__clkbuf_2)
     2    0.02                           net46 (net)
                  0.12    0.00    0.18 ^ ppa_pre_22_0.U1.xor2/B (sky130_fd_sc_hd__xor2_2)
                  0.24    0.26    0.44 ^ ppa_pre_22_0.U1.xor2/X (sky130_fd_sc_hd__xor2_2)
     4    0.02                           ppa_black_22_1.U1.A (net)
                  0.24    0.00    0.44 ^ ppa_black_23_1.U1.and2/B (sky130_fd_sc_hd__and2_1)
                  0.11    0.22    0.66 ^ ppa_black_23_1.U1.and2/X (sky130_fd_sc_hd__and2_1)
     3    0.01                           ppa_black_23_1.U1.Y (net)
                  0.11    0.00    0.66 ^ ppa_black_23_2.U1.and2/A (sky130_fd_sc_hd__and2_4)
                  0.06    0.18    0.84 ^ ppa_black_23_2.U1.and2/X (sky130_fd_sc_hd__and2_4)
     3    0.01                           ppa_black_23_2.U1.Y (net)
                  0.06    0.00    0.84 ^ ppa_black_23_3.U1.and2/A (sky130_fd_sc_hd__and2_4)
                  0.05    0.15    0.99 ^ ppa_black_23_3.U1.and2/X (sky130_fd_sc_hd__and2_4)
     3    0.01                           ppa_black_23_3.U1.Y (net)
                  0.05    0.00    0.99 ^ ppa_black_31_4.U1.and2/B (sky130_fd_sc_hd__and2_1)
                  0.10    0.17    1.16 ^ ppa_black_31_4.U1.and2/X (sky130_fd_sc_hd__and2_1)
     1    0.01                           ppa_black_31_4.U1.Y (net)
                  0.10    0.00    1.16 ^ ppa_grey_31_5.U1.ao21/A2 (sky130_fd_sc_hd__a21o_1)
                  0.10    0.17    1.34 ^ ppa_grey_31_5.U1.ao21/X (sky130_fd_sc_hd__a21o_1)
     2    0.01                           ppa_grey_31_5.U1.Y (net)
                  0.10    0.00    1.34 ^ ppa_post_31_6.U1.xor2/B (sky130_fd_sc_hd__xor2_1)
                  0.16    0.20    1.53 ^ ppa_post_31_6.U1.xor2/X (sky130_fd_sc_hd__xor2_1)
     1    0.01                           ppa_post_31_6.U1.Y (net)
                  0.16    0.00    1.53 ^ _08_/A (sky130_fd_sc_hd__buf_2)
                  0.05    0.15    1.69 ^ _08_/X (sky130_fd_sc_hd__buf_2)
     1    0.01                           net91 (net)
                  0.05    0.00    1.69 ^ output91/A (sky130_fd_sc_hd__buf_6)
                  0.08    0.13    1.82 ^ output91/X (sky130_fd_sc_hd__buf_6)
     1    0.03                           sum[31] (net)
                  0.08    0.00    1.82 ^ sum[31] (out)
                                  1.82   data arrival time

                  0.00    1.00    1.00   clock clk (rise edge)
                          0.00    1.00   clock network delay (ideal)
                         -0.25    0.75   clock uncertainty
                          0.00    0.75   clock reconvergence pessimism
                          0.00    0.75   output external delay
                                  0.75   data required time
-----------------------------------------------------------------------------
                                  0.75   data required time
                                 -1.82   data arrival time
-----------------------------------------------------------------------------
                                 -1.07   slack (VIOLATED)


