
===========================================================================
report_checks -unconstrained
============================================================================
Startpoint: a[7] (input port clocked by clk)
Endpoint: sum[15] (output port clocked by clk)
Path Group: clk
Path Type: max

Fanout     Cap    Slew   Delay    Time   Description
-----------------------------------------------------------------------------
                  0.00    0.00    0.00   clock clk (rise edge)
                          0.00    0.00   clock network delay (ideal)
                          0.00    0.00 ^ input external delay
                  0.06    0.04    0.04 ^ a[7] (in)
     3    0.01                           a[7] (net)
                  0.06    0.00    0.04 ^ _082_/A (sky130_fd_sc_hd__or2_4)
                  0.05    0.13    0.17 ^ _082_/X (sky130_fd_sc_hd__or2_4)
     1    0.01                           _033_ (net)
                  0.06    0.02    0.19 ^ _083_/B (sky130_fd_sc_hd__nand2_4)
                  0.04    0.05    0.24 v _083_/Y (sky130_fd_sc_hd__nand2_4)
     2    0.01                           _034_ (net)
                  0.04    0.00    0.24 v _086_/A (sky130_fd_sc_hd__or3_4)
                  0.07    0.40    0.64 v _086_/X (sky130_fd_sc_hd__or3_4)
     2    0.00                           _037_ (net)
                  0.07    0.00    0.64 v _105_/B (sky130_fd_sc_hd__or4b_4)
                  0.09    0.56    1.20 v _105_/X (sky130_fd_sc_hd__or4b_4)
     3    0.01                           _056_ (net)
                  0.09    0.00    1.20 v _119_/A1 (sky130_fd_sc_hd__a2111o_2)
                  0.08    0.47    1.67 v _119_/X (sky130_fd_sc_hd__a2111o_2)
     2    0.01                           _070_ (net)
                  0.08    0.00    1.67 v _125_/A1 (sky130_fd_sc_hd__a21bo_2)
                  0.05    0.23    1.90 v _125_/X (sky130_fd_sc_hd__a21bo_2)
     2    0.01                           _001_ (net)
                  0.05    0.01    1.91 v _128_/A2 (sky130_fd_sc_hd__a31o_4)
                  0.05    0.25    2.15 v _128_/X (sky130_fd_sc_hd__a31o_4)
     2    0.01                           _004_ (net)
                  0.05    0.01    2.16 v _129_/A2 (sky130_fd_sc_hd__o21a_4)
                  0.06    0.23    2.39 v _129_/X (sky130_fd_sc_hd__o21a_4)
     2    0.02                           _005_ (net)
                  0.07    0.02    2.40 v _166_/A (sky130_fd_sc_hd__xnor2_4)
                  0.32    0.30    2.70 ^ _166_/Y (sky130_fd_sc_hd__xnor2_4)
     1    0.03                           sum[15] (net)
                  0.32    0.00    2.70 ^ sum[15] (out)
                                  2.70   data arrival time

                  0.00    1.00    1.00   clock clk (rise edge)
                          0.00    1.00   clock network delay (ideal)
                         -0.25    0.75   clock uncertainty
                          0.00    0.75   clock reconvergence pessimism
                          0.00    0.75   output external delay
                                  0.75   data required time
-----------------------------------------------------------------------------
                                  0.75   data required time
                                 -2.70   data arrival time
-----------------------------------------------------------------------------
                                 -1.95   slack (VIOLATED)



===========================================================================
report_checks --slack_max -0.01
============================================================================
Startpoint: a[7] (input port clocked by clk)
Endpoint: sum[15] (output port clocked by clk)
Path Group: clk
Path Type: max

Fanout     Cap    Slew   Delay    Time   Description
-----------------------------------------------------------------------------
                  0.00    0.00    0.00   clock clk (rise edge)
                          0.00    0.00   clock network delay (ideal)
                          0.00    0.00 ^ input external delay
                  0.06    0.04    0.04 ^ a[7] (in)
     3    0.01                           a[7] (net)
                  0.06    0.00    0.04 ^ _082_/A (sky130_fd_sc_hd__or2_4)
                  0.05    0.13    0.17 ^ _082_/X (sky130_fd_sc_hd__or2_4)
     1    0.01                           _033_ (net)
                  0.06    0.02    0.19 ^ _083_/B (sky130_fd_sc_hd__nand2_4)
                  0.04    0.05    0.24 v _083_/Y (sky130_fd_sc_hd__nand2_4)
     2    0.01                           _034_ (net)
                  0.04    0.00    0.24 v _086_/A (sky130_fd_sc_hd__or3_4)
                  0.07    0.40    0.64 v _086_/X (sky130_fd_sc_hd__or3_4)
     2    0.00                           _037_ (net)
                  0.07    0.00    0.64 v _105_/B (sky130_fd_sc_hd__or4b_4)
                  0.09    0.56    1.20 v _105_/X (sky130_fd_sc_hd__or4b_4)
     3    0.01                           _056_ (net)
                  0.09    0.00    1.20 v _119_/A1 (sky130_fd_sc_hd__a2111o_2)
                  0.08    0.47    1.67 v _119_/X (sky130_fd_sc_hd__a2111o_2)
     2    0.01                           _070_ (net)
                  0.08    0.00    1.67 v _125_/A1 (sky130_fd_sc_hd__a21bo_2)
                  0.05    0.23    1.90 v _125_/X (sky130_fd_sc_hd__a21bo_2)
     2    0.01                           _001_ (net)
                  0.05    0.01    1.91 v _128_/A2 (sky130_fd_sc_hd__a31o_4)
                  0.05    0.25    2.15 v _128_/X (sky130_fd_sc_hd__a31o_4)
     2    0.01                           _004_ (net)
                  0.05    0.01    2.16 v _129_/A2 (sky130_fd_sc_hd__o21a_4)
                  0.06    0.23    2.39 v _129_/X (sky130_fd_sc_hd__o21a_4)
     2    0.02                           _005_ (net)
                  0.07    0.02    2.40 v _166_/A (sky130_fd_sc_hd__xnor2_4)
                  0.32    0.30    2.70 ^ _166_/Y (sky130_fd_sc_hd__xnor2_4)
     1    0.03                           sum[15] (net)
                  0.32    0.00    2.70 ^ sum[15] (out)
                                  2.70   data arrival time

                  0.00    1.00    1.00   clock clk (rise edge)
                          0.00    1.00   clock network delay (ideal)
                         -0.25    0.75   clock uncertainty
                          0.00    0.75   clock reconvergence pessimism
                          0.00    0.75   output external delay
                                  0.75   data required time
-----------------------------------------------------------------------------
                                  0.75   data required time
                                 -2.70   data arrival time
-----------------------------------------------------------------------------
                                 -1.95   slack (VIOLATED)


