
===========================================================================
report_checks -path_delay max (Setup)
============================================================================
Startpoint: a[0] (input port clocked by clk)
Endpoint: sum[6] (output port clocked by clk)
Path Group: clk
Path Type: max

Fanout     Cap    Slew   Delay    Time   Description
-----------------------------------------------------------------------------
                  0.00    0.00    0.00   clock clk (rise edge)
                          0.00    0.00   clock network delay (ideal)
                          0.00    0.00 v input external delay
                  0.03    0.02    0.02 v a[0] (in)
     2    0.01                           a[0] (net)
                  0.03    0.00    0.02 v ppa_pre_1_0.U1.xor2/A (sky130_fd_sc_hd__xor2_1)
                  0.07    0.17    0.20 v ppa_pre_1_0.U1.xor2/X (sky130_fd_sc_hd__xor2_1)
     2    0.01                           ppa_grey_1_1.U1.A1 (net)
                  0.07    0.00    0.20 v ppa_grey_1_1.U1.ao21/A2 (sky130_fd_sc_hd__a21o_1)
                  0.04    0.20    0.40 v ppa_grey_1_1.U1.ao21/X (sky130_fd_sc_hd__a21o_1)
     2    0.01                           ppa_buffer_1_3.U2.A (net)
                  0.04    0.00    0.40 v ppa_grey_3_2.U1.ao21/A1 (sky130_fd_sc_hd__a21o_1)
                  0.05    0.18    0.58 v ppa_grey_3_2.U1.ao21/X (sky130_fd_sc_hd__a21o_1)
     2    0.01                           ppa_buffer_3_3.U2.A (net)
                  0.05    0.00    0.58 v ppa_buffer_3_3.U2.buffer/A (sky130_fd_sc_hd__buf_1)
                  0.04    0.11    0.68 v ppa_buffer_3_3.U2.buffer/X (sky130_fd_sc_hd__buf_1)
     2    0.01                           ppa_buffer_3_3.U2.Y (net)
                  0.04    0.00    0.68 v ppa_grey_5_4.U1.ao21/A1 (sky130_fd_sc_hd__a21o_1)
                  0.05    0.18    0.86 v ppa_grey_5_4.U1.ao21/X (sky130_fd_sc_hd__a21o_1)
     2    0.01                           ppa_grey_5_4.U1.Y (net)
                  0.05    0.00    0.86 v ppa_grey_6_5.U1.ao21/A1 (sky130_fd_sc_hd__a21o_1)
                  0.04    0.17    1.03 v ppa_grey_6_5.U1.ao21/X (sky130_fd_sc_hd__a21o_1)
     1    0.00                           ppa_grey_6_5.U1.Y (net)
                  0.04    0.00    1.03 v ppa_post_6_6.U1.xor2/B (sky130_fd_sc_hd__xor2_1)
                  0.11    0.12    1.16 ^ ppa_post_6_6.U1.xor2/X (sky130_fd_sc_hd__xor2_1)
     1    0.00                           ppa_post_6_6.U1.Y (net)
                  0.11    0.00    1.16 ^ _6_/A (sky130_fd_sc_hd__buf_2)
                  0.19    0.25    1.41 ^ _6_/X (sky130_fd_sc_hd__buf_2)
     1    0.03                           sum[6] (net)
                  0.19    0.00    1.41 ^ sum[6] (out)
                                  1.41   data arrival time

                  0.00    1.50    1.50   clock clk (rise edge)
                          0.00    1.50   clock network delay (ideal)
                         -0.25    1.25   clock uncertainty
                          0.00    1.25   clock reconvergence pessimism
                          0.00    1.25   output external delay
                                  1.25   data required time
-----------------------------------------------------------------------------
                                  1.25   data required time
                                 -1.41   data arrival time
-----------------------------------------------------------------------------
                                 -0.16   slack (VIOLATED)


Startpoint: b[1] (input port clocked by clk)
Endpoint: sum[4] (output port clocked by clk)
Path Group: clk
Path Type: max

Fanout     Cap    Slew   Delay    Time   Description
-----------------------------------------------------------------------------
                  0.00    0.00    0.00   clock clk (rise edge)
                          0.00    0.00   clock network delay (ideal)
                          0.00    0.00 ^ input external delay
                  0.05    0.04    0.04 ^ b[1] (in)
     2    0.01                           b[1] (net)
                  0.05    0.00    0.04 ^ ppa_pre_2_0.U1.xor2/B (sky130_fd_sc_hd__xor2_1)
                  0.25    0.25    0.28 ^ ppa_pre_2_0.U1.xor2/X (sky130_fd_sc_hd__xor2_1)
     3    0.01                           ppa_black_3_1.U1.B (net)
                  0.25    0.00    0.28 ^ ppa_black_3_1.U1.and2/B (sky130_fd_sc_hd__and2_1)
                  0.05    0.17    0.45 ^ ppa_black_3_1.U1.and2/X (sky130_fd_sc_hd__and2_1)
     1    0.00                           ppa_black_3_1.U1.Y (net)
                  0.05    0.00    0.45 ^ ppa_grey_3_2.U1.ao21/A2 (sky130_fd_sc_hd__a21o_1)
                  0.08    0.14    0.60 ^ ppa_grey_3_2.U1.ao21/X (sky130_fd_sc_hd__a21o_1)
     2    0.01                           ppa_buffer_3_3.U2.A (net)
                  0.08    0.00    0.60 ^ ppa_buffer_3_3.U2.buffer/A (sky130_fd_sc_hd__buf_1)
                  0.08    0.12    0.71 ^ ppa_buffer_3_3.U2.buffer/X (sky130_fd_sc_hd__buf_1)
     2    0.01                           ppa_buffer_3_3.U2.Y (net)
                  0.08    0.00    0.71 ^ ppa_buffer_3_4.U2.buffer/A (sky130_fd_sc_hd__buf_1)
                  0.10    0.13    0.84 ^ ppa_buffer_3_4.U2.buffer/X (sky130_fd_sc_hd__buf_1)
     2    0.01                           ppa_buffer_3_4.U2.Y (net)
                  0.10    0.00    0.84 ^ ppa_grey_4_5.U1.ao21/A1 (sky130_fd_sc_hd__a21o_1)
                  0.06    0.14    0.98 ^ ppa_grey_4_5.U1.ao21/X (sky130_fd_sc_hd__a21o_1)
     1    0.01                           ppa_grey_4_5.U1.Y (net)
                  0.06    0.00    0.98 ^ ppa_post_4_6.U1.xor2/B (sky130_fd_sc_hd__xor2_1)
                  0.11    0.15    1.13 ^ ppa_post_4_6.U1.xor2/X (sky130_fd_sc_hd__xor2_1)
     1    0.00                           ppa_post_4_6.U1.Y (net)
                  0.11    0.00    1.13 ^ _4_/A (sky130_fd_sc_hd__buf_2)
                  0.19    0.25    1.38 ^ _4_/X (sky130_fd_sc_hd__buf_2)
     1    0.03                           sum[4] (net)
                  0.19    0.00    1.38 ^ sum[4] (out)
                                  1.38   data arrival time

                  0.00    1.50    1.50   clock clk (rise edge)
                          0.00    1.50   clock network delay (ideal)
                         -0.25    1.25   clock uncertainty
                          0.00    1.25   clock reconvergence pessimism
                          0.00    1.25   output external delay
                                  1.25   data required time
-----------------------------------------------------------------------------
                                  1.25   data required time
                                 -1.38   data arrival time
-----------------------------------------------------------------------------
                                 -0.13   slack (VIOLATED)


Startpoint: b[1] (input port clocked by clk)
Endpoint: sum[5] (output port clocked by clk)
Path Group: clk
Path Type: max

Fanout     Cap    Slew   Delay    Time   Description
-----------------------------------------------------------------------------
                  0.00    0.00    0.00   clock clk (rise edge)
                          0.00    0.00   clock network delay (ideal)
                          0.00    0.00 ^ input external delay
                  0.05    0.04    0.04 ^ b[1] (in)
     2    0.01                           b[1] (net)
                  0.05    0.00    0.04 ^ ppa_pre_2_0.U1.xor2/B (sky130_fd_sc_hd__xor2_1)
                  0.25    0.25    0.28 ^ ppa_pre_2_0.U1.xor2/X (sky130_fd_sc_hd__xor2_1)
     3    0.01                           ppa_black_3_1.U1.B (net)
                  0.25    0.00    0.28 ^ ppa_black_3_1.U1.and2/B (sky130_fd_sc_hd__and2_1)
                  0.05    0.17    0.45 ^ ppa_black_3_1.U1.and2/X (sky130_fd_sc_hd__and2_1)
     1    0.00                           ppa_black_3_1.U1.Y (net)
                  0.05    0.00    0.45 ^ ppa_grey_3_2.U1.ao21/A2 (sky130_fd_sc_hd__a21o_1)
                  0.08    0.14    0.60 ^ ppa_grey_3_2.U1.ao21/X (sky130_fd_sc_hd__a21o_1)
     2    0.01                           ppa_buffer_3_3.U2.A (net)
                  0.08    0.00    0.60 ^ ppa_buffer_3_3.U2.buffer/A (sky130_fd_sc_hd__buf_1)
                  0.08    0.12    0.71 ^ ppa_buffer_3_3.U2.buffer/X (sky130_fd_sc_hd__buf_1)
     2    0.01                           ppa_buffer_3_3.U2.Y (net)
                  0.08    0.00    0.71 ^ ppa_grey_5_4.U1.ao21/A1 (sky130_fd_sc_hd__a21o_1)
                  0.08    0.15    0.86 ^ ppa_grey_5_4.U1.ao21/X (sky130_fd_sc_hd__a21o_1)
     2    0.01                           ppa_grey_5_4.U1.Y (net)
                  0.08    0.00    0.86 ^ ppa_post_5_6.U1.xor2/B (sky130_fd_sc_hd__xor2_1)
                  0.11    0.15    1.01 ^ ppa_post_5_6.U1.xor2/X (sky130_fd_sc_hd__xor2_1)
     1    0.00                           ppa_post_5_6.U1.Y (net)
                  0.11    0.00    1.01 ^ _5_/A (sky130_fd_sc_hd__buf_2)
                  0.17    0.24    1.25 ^ _5_/X (sky130_fd_sc_hd__buf_2)
     1    0.03                           sum[5] (net)
                  0.17    0.00    1.25 ^ sum[5] (out)
                                  1.25   data arrival time

                  0.00    1.50    1.50   clock clk (rise edge)
                          0.00    1.50   clock network delay (ideal)
                         -0.25    1.25   clock uncertainty
                          0.00    1.25   clock reconvergence pessimism
                          0.00    1.25   output external delay
                                  1.25   data required time
-----------------------------------------------------------------------------
                                  1.25   data required time
                                 -1.25   data arrival time
-----------------------------------------------------------------------------
                                  0.00   slack (MET)


Startpoint: b[1] (input port clocked by clk)
Endpoint: sum[3] (output port clocked by clk)
Path Group: clk
Path Type: max

Fanout     Cap    Slew   Delay    Time   Description
-----------------------------------------------------------------------------
                  0.00    0.00    0.00   clock clk (rise edge)
                          0.00    0.00   clock network delay (ideal)
                          0.00    0.00 ^ input external delay
                  0.05    0.04    0.04 ^ b[1] (in)
     2    0.01                           b[1] (net)
                  0.05    0.00    0.04 ^ ppa_pre_2_0.U1.xor2/B (sky130_fd_sc_hd__xor2_1)
                  0.25    0.25    0.28 ^ ppa_pre_2_0.U1.xor2/X (sky130_fd_sc_hd__xor2_1)
     3    0.01                           ppa_black_3_1.U1.B (net)
                  0.25    0.00    0.28 ^ ppa_black_3_1.U1.and2/B (sky130_fd_sc_hd__and2_1)
                  0.05    0.17    0.45 ^ ppa_black_3_1.U1.and2/X (sky130_fd_sc_hd__and2_1)
     1    0.00                           ppa_black_3_1.U1.Y (net)
                  0.05    0.00    0.45 ^ ppa_grey_3_2.U1.ao21/A2 (sky130_fd_sc_hd__a21o_1)
                  0.08    0.14    0.60 ^ ppa_grey_3_2.U1.ao21/X (sky130_fd_sc_hd__a21o_1)
     2    0.01                           ppa_buffer_3_3.U2.A (net)
                  0.08    0.00    0.60 ^ ppa_buffer_3_3.U2.buffer/A (sky130_fd_sc_hd__buf_1)
                  0.08    0.12    0.71 ^ ppa_buffer_3_3.U2.buffer/X (sky130_fd_sc_hd__buf_1)
     2    0.01                           ppa_buffer_3_3.U2.Y (net)
                  0.08    0.00    0.71 ^ ppa_buffer_3_4.U2.buffer/A (sky130_fd_sc_hd__buf_1)
                  0.10    0.13    0.84 ^ ppa_buffer_3_4.U2.buffer/X (sky130_fd_sc_hd__buf_1)
     2    0.01                           ppa_buffer_3_4.U2.Y (net)
                  0.10    0.00    0.84 ^ ppa_post_3_6.U1.xor2/B (sky130_fd_sc_hd__xor2_1)
                  0.10    0.15    0.99 ^ ppa_post_3_6.U1.xor2/X (sky130_fd_sc_hd__xor2_1)
     1    0.00                           ppa_post_3_6.U1.Y (net)
                  0.10    0.00    0.99 ^ _3_/A (sky130_fd_sc_hd__buf_2)
                  0.18    0.24    1.23 ^ _3_/X (sky130_fd_sc_hd__buf_2)
     1    0.03                           sum[3] (net)
                  0.18    0.00    1.23 ^ sum[3] (out)
                                  1.23   data arrival time

                  0.00    1.50    1.50   clock clk (rise edge)
                          0.00    1.50   clock network delay (ideal)
                         -0.25    1.25   clock uncertainty
                          0.00    1.25   clock reconvergence pessimism
                          0.00    1.25   output external delay
                                  1.25   data required time
-----------------------------------------------------------------------------
                                  1.25   data required time
                                 -1.23   data arrival time
-----------------------------------------------------------------------------
                                  0.02   slack (MET)


Startpoint: a[0] (input port clocked by clk)
Endpoint: sum[7] (output port clocked by clk)
Path Group: clk
Path Type: max

Fanout     Cap    Slew   Delay    Time   Description
-----------------------------------------------------------------------------
                  0.00    0.00    0.00   clock clk (rise edge)
                          0.00    0.00   clock network delay (ideal)
                          0.00    0.00 v input external delay
                  0.03    0.02    0.02 v a[0] (in)
     2    0.01                           a[0] (net)
                  0.03    0.00    0.02 v ppa_pre_1_0.U1.xor2/A (sky130_fd_sc_hd__xor2_1)
                  0.07    0.17    0.20 v ppa_pre_1_0.U1.xor2/X (sky130_fd_sc_hd__xor2_1)
     2    0.01                           ppa_grey_1_1.U1.A1 (net)
                  0.07    0.00    0.20 v ppa_grey_1_1.U1.ao21/A2 (sky130_fd_sc_hd__a21o_1)
                  0.04    0.20    0.40 v ppa_grey_1_1.U1.ao21/X (sky130_fd_sc_hd__a21o_1)
     2    0.01                           ppa_buffer_1_3.U2.A (net)
                  0.04    0.00    0.40 v ppa_grey_3_2.U1.ao21/A1 (sky130_fd_sc_hd__a21o_1)
                  0.05    0.18    0.58 v ppa_grey_3_2.U1.ao21/X (sky130_fd_sc_hd__a21o_1)
     2    0.01                           ppa_buffer_3_3.U2.A (net)
                  0.05    0.00    0.58 v ppa_grey_7_3.U1.ao21/A1 (sky130_fd_sc_hd__a21o_1)
                  0.05    0.18    0.76 v ppa_grey_7_3.U1.ao21/X (sky130_fd_sc_hd__a21o_1)
     2    0.01                           ppa_grey_7_3.U1.Y (net)
                  0.05    0.00    0.76 v ppa_post_7_6.U1.xor2/B (sky130_fd_sc_hd__xor2_1)
                  0.11    0.13    0.89 ^ ppa_post_7_6.U1.xor2/X (sky130_fd_sc_hd__xor2_1)
     1    0.00                           ppa_post_7_6.U1.Y (net)
                  0.11    0.00    0.89 ^ _7_/A (sky130_fd_sc_hd__buf_2)
                  0.19    0.24    1.13 ^ _7_/X (sky130_fd_sc_hd__buf_2)
     1    0.03                           sum[7] (net)
                  0.19    0.00    1.14 ^ sum[7] (out)
                                  1.14   data arrival time

                  0.00    1.50    1.50   clock clk (rise edge)
                          0.00    1.50   clock network delay (ideal)
                         -0.25    1.25   clock uncertainty
                          0.00    1.25   clock reconvergence pessimism
                          0.00    1.25   output external delay
                                  1.25   data required time
-----------------------------------------------------------------------------
                                  1.25   data required time
                                 -1.14   data arrival time
-----------------------------------------------------------------------------
                                  0.11   slack (MET)


