
===========================================================================
report_checks -path_delay max (Setup)
============================================================================
Startpoint: b[0] (input port clocked by clk)
Endpoint: sum[7] (output port clocked by clk)
Path Group: clk
Path Type: max

Fanout     Cap    Slew   Delay    Time   Description
-----------------------------------------------------------------------------
                  0.00    0.00    0.00   clock clk (rise edge)
                          0.00    0.00   clock network delay (ideal)
                          0.00    0.00 v input external delay
                  0.02    0.01    0.01 v b[0] (in)
     2    0.01                           b[0] (net)
                  0.02    0.00    0.01 v _35_/A (sky130_fd_sc_hd__or2_2)
                  0.07    0.31    0.32 v _35_/X (sky130_fd_sc_hd__or2_2)
     2    0.01                           _04_ (net)
                  0.07    0.00    0.32 v _37_/A2 (sky130_fd_sc_hd__a21bo_2)
                  0.06    0.25    0.57 v _37_/X (sky130_fd_sc_hd__a21bo_2)
     2    0.01                           _06_ (net)
                  0.06    0.00    0.58 v _40_/A1 (sky130_fd_sc_hd__a21bo_2)
                  0.06    0.22    0.80 v _40_/X (sky130_fd_sc_hd__a21bo_2)
     2    0.01                           _09_ (net)
                  0.06    0.00    0.80 v _43_/A1 (sky130_fd_sc_hd__a21bo_2)
                  0.06    0.22    1.03 v _43_/X (sky130_fd_sc_hd__a21bo_2)
     2    0.01                           _12_ (net)
                  0.06    0.00    1.03 v _45_/A2 (sky130_fd_sc_hd__a21bo_2)
                  0.06    0.25    1.27 v _45_/X (sky130_fd_sc_hd__a21bo_2)
     2    0.01                           _14_ (net)
                  0.06    0.00    1.28 v _50_/A2 (sky130_fd_sc_hd__a21bo_2)
                  0.06    0.25    1.52 v _50_/X (sky130_fd_sc_hd__a21bo_2)
     2    0.01                           _18_ (net)
                  0.06    0.00    1.53 v _55_/A2 (sky130_fd_sc_hd__a21bo_2)
                  0.06    0.25    1.78 v _55_/X (sky130_fd_sc_hd__a21bo_2)
     2    0.01                           _22_ (net)
                  0.06    0.01    1.78 v _60_/A2 (sky130_fd_sc_hd__a21boi_2)
                  0.19    0.22    2.00 ^ _60_/Y (sky130_fd_sc_hd__a21boi_2)
     2    0.01                           _26_ (net)
                  0.19    0.01    2.01 ^ _61_/B (sky130_fd_sc_hd__xnor2_2)
                  0.48    0.23    2.25 ^ _61_/Y (sky130_fd_sc_hd__xnor2_2)
     1    0.03                           sum[7] (net)
                  0.48    0.00    2.25 ^ sum[7] (out)
                                  2.25   data arrival time

                  0.00    3.50    3.50   clock clk (rise edge)
                          0.00    3.50   clock network delay (ideal)
                         -0.25    3.25   clock uncertainty
                          0.00    3.25   clock reconvergence pessimism
                          0.00    3.25   output external delay
                                  3.25   data required time
-----------------------------------------------------------------------------
                                  3.25   data required time
                                 -2.25   data arrival time
-----------------------------------------------------------------------------
                                  1.00   slack (MET)


Startpoint: b[0] (input port clocked by clk)
Endpoint: cout (output port clocked by clk)
Path Group: clk
Path Type: max

Fanout     Cap    Slew   Delay    Time   Description
-----------------------------------------------------------------------------
                  0.00    0.00    0.00   clock clk (rise edge)
                          0.00    0.00   clock network delay (ideal)
                          0.00    0.00 v input external delay
                  0.02    0.01    0.01 v b[0] (in)
     2    0.01                           b[0] (net)
                  0.02    0.00    0.01 v _35_/A (sky130_fd_sc_hd__or2_2)
                  0.07    0.31    0.32 v _35_/X (sky130_fd_sc_hd__or2_2)
     2    0.01                           _04_ (net)
                  0.07    0.00    0.32 v _37_/A2 (sky130_fd_sc_hd__a21bo_2)
                  0.06    0.25    0.57 v _37_/X (sky130_fd_sc_hd__a21bo_2)
     2    0.01                           _06_ (net)
                  0.06    0.00    0.58 v _40_/A1 (sky130_fd_sc_hd__a21bo_2)
                  0.06    0.22    0.80 v _40_/X (sky130_fd_sc_hd__a21bo_2)
     2    0.01                           _09_ (net)
                  0.06    0.00    0.80 v _43_/A1 (sky130_fd_sc_hd__a21bo_2)
                  0.06    0.22    1.03 v _43_/X (sky130_fd_sc_hd__a21bo_2)
     2    0.01                           _12_ (net)
                  0.06    0.00    1.03 v _45_/A2 (sky130_fd_sc_hd__a21bo_2)
                  0.06    0.25    1.27 v _45_/X (sky130_fd_sc_hd__a21bo_2)
     2    0.01                           _14_ (net)
                  0.06    0.00    1.28 v _50_/A2 (sky130_fd_sc_hd__a21bo_2)
                  0.06    0.25    1.52 v _50_/X (sky130_fd_sc_hd__a21bo_2)
     2    0.01                           _18_ (net)
                  0.06    0.00    1.53 v _55_/A2 (sky130_fd_sc_hd__a21bo_2)
                  0.06    0.25    1.78 v _55_/X (sky130_fd_sc_hd__a21bo_2)
     2    0.01                           _22_ (net)
                  0.06    0.01    1.78 v _60_/A2 (sky130_fd_sc_hd__a21boi_2)
                  0.19    0.22    2.00 ^ _60_/Y (sky130_fd_sc_hd__a21boi_2)
     2    0.01                           _26_ (net)
                  0.19    0.01    2.01 ^ _62_/A2 (sky130_fd_sc_hd__o21bai_2)
                  0.18    0.17    2.18 v _62_/Y (sky130_fd_sc_hd__o21bai_2)
     1    0.03                           cout (net)
                  0.18    0.00    2.18 v cout (out)
                                  2.18   data arrival time

                  0.00    3.50    3.50   clock clk (rise edge)
                          0.00    3.50   clock network delay (ideal)
                         -0.25    3.25   clock uncertainty
                          0.00    3.25   clock reconvergence pessimism
                          0.00    3.25   output external delay
                                  3.25   data required time
-----------------------------------------------------------------------------
                                  3.25   data required time
                                 -2.18   data arrival time
-----------------------------------------------------------------------------
                                  1.07   slack (MET)


Startpoint: b[0] (input port clocked by clk)
Endpoint: sum[6] (output port clocked by clk)
Path Group: clk
Path Type: max

Fanout     Cap    Slew   Delay    Time   Description
-----------------------------------------------------------------------------
                  0.00    0.00    0.00   clock clk (rise edge)
                          0.00    0.00   clock network delay (ideal)
                          0.00    0.00 v input external delay
                  0.02    0.01    0.01 v b[0] (in)
     2    0.01                           b[0] (net)
                  0.02    0.00    0.01 v _35_/A (sky130_fd_sc_hd__or2_2)
                  0.07    0.31    0.32 v _35_/X (sky130_fd_sc_hd__or2_2)
     2    0.01                           _04_ (net)
                  0.07    0.00    0.32 v _37_/A2 (sky130_fd_sc_hd__a21bo_2)
                  0.06    0.25    0.57 v _37_/X (sky130_fd_sc_hd__a21bo_2)
     2    0.01                           _06_ (net)
                  0.06    0.00    0.58 v _40_/A1 (sky130_fd_sc_hd__a21bo_2)
                  0.06    0.22    0.80 v _40_/X (sky130_fd_sc_hd__a21bo_2)
     2    0.01                           _09_ (net)
                  0.06    0.00    0.80 v _43_/A1 (sky130_fd_sc_hd__a21bo_2)
                  0.06    0.22    1.03 v _43_/X (sky130_fd_sc_hd__a21bo_2)
     2    0.01                           _12_ (net)
                  0.06    0.00    1.03 v _45_/A2 (sky130_fd_sc_hd__a21bo_2)
                  0.06    0.25    1.27 v _45_/X (sky130_fd_sc_hd__a21bo_2)
     2    0.01                           _14_ (net)
                  0.06    0.00    1.28 v _50_/A2 (sky130_fd_sc_hd__a21bo_2)
                  0.06    0.25    1.52 v _50_/X (sky130_fd_sc_hd__a21bo_2)
     2    0.01                           _18_ (net)
                  0.06    0.00    1.53 v _55_/A2 (sky130_fd_sc_hd__a21bo_2)
                  0.06    0.25    1.78 v _55_/X (sky130_fd_sc_hd__a21bo_2)
     2    0.01                           _22_ (net)
                  0.06    0.01    1.79 v _56_/B (sky130_fd_sc_hd__xnor2_2)
                  0.48    0.38    2.17 ^ _56_/Y (sky130_fd_sc_hd__xnor2_2)
     1    0.03                           sum[6] (net)
                  0.48    0.00    2.17 ^ sum[6] (out)
                                  2.17   data arrival time

                  0.00    3.50    3.50   clock clk (rise edge)
                          0.00    3.50   clock network delay (ideal)
                         -0.25    3.25   clock uncertainty
                          0.00    3.25   clock reconvergence pessimism
                          0.00    3.25   output external delay
                                  3.25   data required time
-----------------------------------------------------------------------------
                                  3.25   data required time
                                 -2.17   data arrival time
-----------------------------------------------------------------------------
                                  1.08   slack (MET)


Startpoint: b[0] (input port clocked by clk)
Endpoint: sum[5] (output port clocked by clk)
Path Group: clk
Path Type: max

Fanout     Cap    Slew   Delay    Time   Description
-----------------------------------------------------------------------------
                  0.00    0.00    0.00   clock clk (rise edge)
                          0.00    0.00   clock network delay (ideal)
                          0.00    0.00 v input external delay
                  0.02    0.01    0.01 v b[0] (in)
     2    0.01                           b[0] (net)
                  0.02    0.00    0.01 v _35_/A (sky130_fd_sc_hd__or2_2)
                  0.07    0.31    0.32 v _35_/X (sky130_fd_sc_hd__or2_2)
     2    0.01                           _04_ (net)
                  0.07    0.00    0.32 v _37_/A2 (sky130_fd_sc_hd__a21bo_2)
                  0.06    0.25    0.57 v _37_/X (sky130_fd_sc_hd__a21bo_2)
     2    0.01                           _06_ (net)
                  0.06    0.00    0.58 v _40_/A1 (sky130_fd_sc_hd__a21bo_2)
                  0.06    0.22    0.80 v _40_/X (sky130_fd_sc_hd__a21bo_2)
     2    0.01                           _09_ (net)
                  0.06    0.00    0.80 v _43_/A1 (sky130_fd_sc_hd__a21bo_2)
                  0.06    0.22    1.03 v _43_/X (sky130_fd_sc_hd__a21bo_2)
     2    0.01                           _12_ (net)
                  0.06    0.00    1.03 v _45_/A2 (sky130_fd_sc_hd__a21bo_2)
                  0.06    0.25    1.27 v _45_/X (sky130_fd_sc_hd__a21bo_2)
     2    0.01                           _14_ (net)
                  0.06    0.00    1.28 v _50_/A2 (sky130_fd_sc_hd__a21bo_2)
                  0.06    0.25    1.52 v _50_/X (sky130_fd_sc_hd__a21bo_2)
     2    0.01                           _18_ (net)
                  0.06    0.01    1.53 v _51_/B (sky130_fd_sc_hd__xnor2_2)
                  0.48    0.38    1.91 ^ _51_/Y (sky130_fd_sc_hd__xnor2_2)
     1    0.03                           sum[5] (net)
                  0.48    0.00    1.91 ^ sum[5] (out)
                                  1.91   data arrival time

                  0.00    3.50    3.50   clock clk (rise edge)
                          0.00    3.50   clock network delay (ideal)
                         -0.25    3.25   clock uncertainty
                          0.00    3.25   clock reconvergence pessimism
                          0.00    3.25   output external delay
                                  3.25   data required time
-----------------------------------------------------------------------------
                                  3.25   data required time
                                 -1.91   data arrival time
-----------------------------------------------------------------------------
                                  1.34   slack (MET)


Startpoint: b[0] (input port clocked by clk)
Endpoint: sum[4] (output port clocked by clk)
Path Group: clk
Path Type: max

Fanout     Cap    Slew   Delay    Time   Description
-----------------------------------------------------------------------------
                  0.00    0.00    0.00   clock clk (rise edge)
                          0.00    0.00   clock network delay (ideal)
                          0.00    0.00 v input external delay
                  0.02    0.01    0.01 v b[0] (in)
     2    0.01                           b[0] (net)
                  0.02    0.00    0.01 v _35_/A (sky130_fd_sc_hd__or2_2)
                  0.07    0.31    0.32 v _35_/X (sky130_fd_sc_hd__or2_2)
     2    0.01                           _04_ (net)
                  0.07    0.00    0.32 v _37_/A2 (sky130_fd_sc_hd__a21bo_2)
                  0.06    0.25    0.57 v _37_/X (sky130_fd_sc_hd__a21bo_2)
     2    0.01                           _06_ (net)
                  0.06    0.00    0.58 v _40_/A1 (sky130_fd_sc_hd__a21bo_2)
                  0.06    0.22    0.80 v _40_/X (sky130_fd_sc_hd__a21bo_2)
     2    0.01                           _09_ (net)
                  0.06    0.00    0.80 v _43_/A1 (sky130_fd_sc_hd__a21bo_2)
                  0.06    0.22    1.03 v _43_/X (sky130_fd_sc_hd__a21bo_2)
     2    0.01                           _12_ (net)
                  0.06    0.00    1.03 v _45_/A2 (sky130_fd_sc_hd__a21bo_2)
                  0.06    0.25    1.27 v _45_/X (sky130_fd_sc_hd__a21bo_2)
     2    0.01                           _14_ (net)
                  0.06    0.01    1.28 v _46_/B (sky130_fd_sc_hd__xnor2_2)
                  0.48    0.38    1.66 ^ _46_/Y (sky130_fd_sc_hd__xnor2_2)
     1    0.03                           sum[4] (net)
                  0.48    0.00    1.66 ^ sum[4] (out)
                                  1.66   data arrival time

                  0.00    3.50    3.50   clock clk (rise edge)
                          0.00    3.50   clock network delay (ideal)
                         -0.25    3.25   clock uncertainty
                          0.00    3.25   clock reconvergence pessimism
                          0.00    3.25   output external delay
                                  3.25   data required time
-----------------------------------------------------------------------------
                                  3.25   data required time
                                 -1.66   data arrival time
-----------------------------------------------------------------------------
                                  1.59   slack (MET)


