
===========================================================================
report_checks -unconstrained
============================================================================
Startpoint: a[0] (input port clocked by clk)
Endpoint: sum[6] (output port clocked by clk)
Path Group: clk
Path Type: max

Fanout     Cap    Slew   Delay    Time   Description
-----------------------------------------------------------------------------
                  0.00    0.00    0.00   clock clk (rise edge)
                          0.00    0.00   clock network delay (ideal)
                          0.00    0.00 v input external delay
                  0.02    0.01    0.01 v a[0] (in)
     2    0.01                           a[0] (net)
                  0.02    0.00    0.01 v ppa_pre_1_0.U1.xor2/A (sky130_fd_sc_hs__xor2_1)
                  0.06    0.13    0.14 v ppa_pre_1_0.U1.xor2/X (sky130_fd_sc_hs__xor2_1)
     2    0.01                           ppa_grey_1_1.U1.A1 (net)
                  0.06    0.00    0.14 v ppa_grey_1_1.U1.ao21/A2 (sky130_fd_sc_hs__a21o_1)
                  0.04    0.15    0.29 v ppa_grey_1_1.U1.ao21/X (sky130_fd_sc_hs__a21o_1)
     2    0.00                           ppa_buffer_1_3.U2.A (net)
                  0.04    0.00    0.29 v ppa_grey_3_2.U1.ao21/A1 (sky130_fd_sc_hs__a21o_1)
                  0.04    0.13    0.42 v ppa_grey_3_2.U1.ao21/X (sky130_fd_sc_hs__a21o_1)
     2    0.00                           ppa_buffer_3_3.U2.A (net)
                  0.04    0.00    0.42 v ppa_buffer_3_3.U2.buffer/A (sky130_fd_sc_hs__buf_1)
                  0.03    0.08    0.50 v ppa_buffer_3_3.U2.buffer/X (sky130_fd_sc_hs__buf_1)
     2    0.00                           ppa_buffer_3_3.U2.Y (net)
                  0.03    0.00    0.50 v ppa_grey_5_4.U1.ao21/A1 (sky130_fd_sc_hs__a21o_1)
                  0.04    0.14    0.63 v ppa_grey_5_4.U1.ao21/X (sky130_fd_sc_hs__a21o_1)
     2    0.01                           ppa_grey_5_4.U1.Y (net)
                  0.04    0.00    0.63 v ppa_grey_6_5.U1.ao21/A1 (sky130_fd_sc_hs__a21o_1)
                  0.04    0.13    0.76 v ppa_grey_6_5.U1.ao21/X (sky130_fd_sc_hs__a21o_1)
     1    0.00                           ppa_grey_6_5.U1.Y (net)
                  0.04    0.00    0.76 v ppa_post_6_6.U1.xor2/B (sky130_fd_sc_hs__xor2_1)
                  0.09    0.09    0.86 ^ ppa_post_6_6.U1.xor2/X (sky130_fd_sc_hs__xor2_1)
     1    0.00                           ppa_post_6_6.U1.Y (net)
                  0.09    0.00    0.86 ^ _6_/A (sky130_fd_sc_hs__buf_2)
                  0.19    0.20    1.06 ^ _6_/X (sky130_fd_sc_hs__buf_2)
     1    0.04                           sum[6] (net)
                  0.19    0.00    1.06 ^ sum[6] (out)
                                  1.06   data arrival time

                  0.00    1.00    1.00   clock clk (rise edge)
                          0.00    1.00   clock network delay (ideal)
                         -0.25    0.75   clock uncertainty
                          0.00    0.75   clock reconvergence pessimism
                          0.00    0.75   output external delay
                                  0.75   data required time
-----------------------------------------------------------------------------
                                  0.75   data required time
                                 -1.06   data arrival time
-----------------------------------------------------------------------------
                                 -0.31   slack (VIOLATED)



===========================================================================
report_checks --slack_max -0.01
============================================================================
Startpoint: a[0] (input port clocked by clk)
Endpoint: sum[6] (output port clocked by clk)
Path Group: clk
Path Type: max

Fanout     Cap    Slew   Delay    Time   Description
-----------------------------------------------------------------------------
                  0.00    0.00    0.00   clock clk (rise edge)
                          0.00    0.00   clock network delay (ideal)
                          0.00    0.00 v input external delay
                  0.02    0.01    0.01 v a[0] (in)
     2    0.01                           a[0] (net)
                  0.02    0.00    0.01 v ppa_pre_1_0.U1.xor2/A (sky130_fd_sc_hs__xor2_1)
                  0.06    0.13    0.14 v ppa_pre_1_0.U1.xor2/X (sky130_fd_sc_hs__xor2_1)
     2    0.01                           ppa_grey_1_1.U1.A1 (net)
                  0.06    0.00    0.14 v ppa_grey_1_1.U1.ao21/A2 (sky130_fd_sc_hs__a21o_1)
                  0.04    0.15    0.29 v ppa_grey_1_1.U1.ao21/X (sky130_fd_sc_hs__a21o_1)
     2    0.00                           ppa_buffer_1_3.U2.A (net)
                  0.04    0.00    0.29 v ppa_grey_3_2.U1.ao21/A1 (sky130_fd_sc_hs__a21o_1)
                  0.04    0.13    0.42 v ppa_grey_3_2.U1.ao21/X (sky130_fd_sc_hs__a21o_1)
     2    0.00                           ppa_buffer_3_3.U2.A (net)
                  0.04    0.00    0.42 v ppa_buffer_3_3.U2.buffer/A (sky130_fd_sc_hs__buf_1)
                  0.03    0.08    0.50 v ppa_buffer_3_3.U2.buffer/X (sky130_fd_sc_hs__buf_1)
     2    0.00                           ppa_buffer_3_3.U2.Y (net)
                  0.03    0.00    0.50 v ppa_grey_5_4.U1.ao21/A1 (sky130_fd_sc_hs__a21o_1)
                  0.04    0.14    0.63 v ppa_grey_5_4.U1.ao21/X (sky130_fd_sc_hs__a21o_1)
     2    0.01                           ppa_grey_5_4.U1.Y (net)
                  0.04    0.00    0.63 v ppa_grey_6_5.U1.ao21/A1 (sky130_fd_sc_hs__a21o_1)
                  0.04    0.13    0.76 v ppa_grey_6_5.U1.ao21/X (sky130_fd_sc_hs__a21o_1)
     1    0.00                           ppa_grey_6_5.U1.Y (net)
                  0.04    0.00    0.76 v ppa_post_6_6.U1.xor2/B (sky130_fd_sc_hs__xor2_1)
                  0.09    0.09    0.86 ^ ppa_post_6_6.U1.xor2/X (sky130_fd_sc_hs__xor2_1)
     1    0.00                           ppa_post_6_6.U1.Y (net)
                  0.09    0.00    0.86 ^ _6_/A (sky130_fd_sc_hs__buf_2)
                  0.19    0.20    1.06 ^ _6_/X (sky130_fd_sc_hs__buf_2)
     1    0.04                           sum[6] (net)
                  0.19    0.00    1.06 ^ sum[6] (out)
                                  1.06   data arrival time

                  0.00    1.00    1.00   clock clk (rise edge)
                          0.00    1.00   clock network delay (ideal)
                         -0.25    0.75   clock uncertainty
                          0.00    0.75   clock reconvergence pessimism
                          0.00    0.75   output external delay
                                  0.75   data required time
-----------------------------------------------------------------------------
                                  0.75   data required time
                                 -1.06   data arrival time
-----------------------------------------------------------------------------
                                 -0.31   slack (VIOLATED)


