
===========================================================================
report_checks -unconstrained
============================================================================
Startpoint: a[0] (input port clocked by clk)
Endpoint: sum[7] (output port clocked by clk)
Path Group: clk
Path Type: max

Fanout     Cap    Slew   Delay    Time   Description
-----------------------------------------------------------------------------
                  0.00    0.00    0.00   clock clk (rise edge)
                          0.00    0.00   clock network delay (ideal)
                          0.00    0.00 ^ input external delay
                  0.02    0.01    0.01 ^ a[0] (in)
     1    0.00                           a[0] (net)
                  0.02    0.00    0.01 ^ input1/A (sky130_fd_sc_hd__clkbuf_2)
                  0.05    0.11    0.12 ^ input1/X (sky130_fd_sc_hd__clkbuf_2)
     2    0.01                           net1 (net)
                  0.05    0.00    0.12 ^ _44_/A (sky130_fd_sc_hd__nand2_1)
                  0.04    0.06    0.18 v _44_/Y (sky130_fd_sc_hd__nand2_1)
     2    0.01                           _09_ (net)
                  0.04    0.00    0.18 v _45_/B1_N (sky130_fd_sc_hd__a21bo_1)
                  0.06    0.20    0.38 ^ _45_/X (sky130_fd_sc_hd__a21bo_1)
     2    0.01                           _10_ (net)
                  0.06    0.00    0.38 ^ _48_/A1 (sky130_fd_sc_hd__a21bo_1)
                  0.07    0.13    0.51 ^ _48_/X (sky130_fd_sc_hd__a21bo_1)
     3    0.01                           _13_ (net)
                  0.07    0.00    0.51 ^ _49_/B (sky130_fd_sc_hd__nand2_1)
                  0.07    0.08    0.59 v _49_/Y (sky130_fd_sc_hd__nand2_1)
     2    0.01                           _14_ (net)
                  0.07    0.00    0.59 v _57_/A1 (sky130_fd_sc_hd__a2111o_1)
                  0.10    0.44    1.03 v _57_/X (sky130_fd_sc_hd__a2111o_1)
     2    0.01                           _22_ (net)
                  0.10    0.00    1.03 v _59_/A4 (sky130_fd_sc_hd__a41oi_4)
                  0.18    0.27    1.30 ^ _59_/Y (sky130_fd_sc_hd__a41oi_4)
     2    0.01                           _24_ (net)
                  0.18    0.00    1.30 ^ _78_/A (sky130_fd_sc_hd__xnor2_1)
                  0.12    0.15    1.44 ^ _78_/Y (sky130_fd_sc_hd__xnor2_1)
     1    0.00                           net26 (net)
                  0.12    0.00    1.44 ^ output26/A (sky130_fd_sc_hd__buf_4)
                  0.11    0.20    1.64 ^ output26/X (sky130_fd_sc_hd__buf_4)
     1    0.03                           sum[7] (net)
                  0.11    0.00    1.64 ^ sum[7] (out)
                                  1.64   data arrival time

                  0.00    1.00    1.00   clock clk (rise edge)
                          0.00    1.00   clock network delay (ideal)
                         -0.25    0.75   clock uncertainty
                          0.00    0.75   clock reconvergence pessimism
                          0.00    0.75   output external delay
                                  0.75   data required time
-----------------------------------------------------------------------------
                                  0.75   data required time
                                 -1.64   data arrival time
-----------------------------------------------------------------------------
                                 -0.89   slack (VIOLATED)



===========================================================================
report_checks --slack_max -0.01
============================================================================
Startpoint: a[0] (input port clocked by clk)
Endpoint: sum[7] (output port clocked by clk)
Path Group: clk
Path Type: max

Fanout     Cap    Slew   Delay    Time   Description
-----------------------------------------------------------------------------
                  0.00    0.00    0.00   clock clk (rise edge)
                          0.00    0.00   clock network delay (ideal)
                          0.00    0.00 ^ input external delay
                  0.02    0.01    0.01 ^ a[0] (in)
     1    0.00                           a[0] (net)
                  0.02    0.00    0.01 ^ input1/A (sky130_fd_sc_hd__clkbuf_2)
                  0.05    0.11    0.12 ^ input1/X (sky130_fd_sc_hd__clkbuf_2)
     2    0.01                           net1 (net)
                  0.05    0.00    0.12 ^ _44_/A (sky130_fd_sc_hd__nand2_1)
                  0.04    0.06    0.18 v _44_/Y (sky130_fd_sc_hd__nand2_1)
     2    0.01                           _09_ (net)
                  0.04    0.00    0.18 v _45_/B1_N (sky130_fd_sc_hd__a21bo_1)
                  0.06    0.20    0.38 ^ _45_/X (sky130_fd_sc_hd__a21bo_1)
     2    0.01                           _10_ (net)
                  0.06    0.00    0.38 ^ _48_/A1 (sky130_fd_sc_hd__a21bo_1)
                  0.07    0.13    0.51 ^ _48_/X (sky130_fd_sc_hd__a21bo_1)
     3    0.01                           _13_ (net)
                  0.07    0.00    0.51 ^ _49_/B (sky130_fd_sc_hd__nand2_1)
                  0.07    0.08    0.59 v _49_/Y (sky130_fd_sc_hd__nand2_1)
     2    0.01                           _14_ (net)
                  0.07    0.00    0.59 v _57_/A1 (sky130_fd_sc_hd__a2111o_1)
                  0.10    0.44    1.03 v _57_/X (sky130_fd_sc_hd__a2111o_1)
     2    0.01                           _22_ (net)
                  0.10    0.00    1.03 v _59_/A4 (sky130_fd_sc_hd__a41oi_4)
                  0.18    0.27    1.30 ^ _59_/Y (sky130_fd_sc_hd__a41oi_4)
     2    0.01                           _24_ (net)
                  0.18    0.00    1.30 ^ _78_/A (sky130_fd_sc_hd__xnor2_1)
                  0.12    0.15    1.44 ^ _78_/Y (sky130_fd_sc_hd__xnor2_1)
     1    0.00                           net26 (net)
                  0.12    0.00    1.44 ^ output26/A (sky130_fd_sc_hd__buf_4)
                  0.11    0.20    1.64 ^ output26/X (sky130_fd_sc_hd__buf_4)
     1    0.03                           sum[7] (net)
                  0.11    0.00    1.64 ^ sum[7] (out)
                                  1.64   data arrival time

                  0.00    1.00    1.00   clock clk (rise edge)
                          0.00    1.00   clock network delay (ideal)
                         -0.25    0.75   clock uncertainty
                          0.00    0.75   clock reconvergence pessimism
                          0.00    0.75   output external delay
                                  0.75   data required time
-----------------------------------------------------------------------------
                                  0.75   data required time
                                 -1.64   data arrival time
-----------------------------------------------------------------------------
                                 -0.89   slack (VIOLATED)


