
===========================================================================
report_checks -path_delay max (Setup)
============================================================================

======================= Slowest Corner ===================================

Startpoint: a[0] (input port clocked by clk)
Endpoint: sum[6] (output port clocked by clk)
Path Group: clk
Path Type: max
Corner: ss

Fanout     Cap    Slew   Delay    Time   Description
-----------------------------------------------------------------------------
                  0.00    0.00    0.00   clock clk (rise edge)
                          0.00    0.00   clock network delay (ideal)
                          0.00    0.00 ^ input external delay
                  0.03    0.02    0.02 ^ a[0] (in)
     1    0.00                           a[0] (net)
                  0.03    0.00    0.02 ^ input1/A (sky130_fd_sc_hd__clkbuf_1)
                  0.20    0.24    0.26 ^ input1/X (sky130_fd_sc_hd__clkbuf_1)
     2    0.01                           net1 (net)
                  0.20    0.00    0.26 ^ _44_/B (sky130_fd_sc_hd__nand2_1)
                  0.11    0.19    0.45 v _44_/Y (sky130_fd_sc_hd__nand2_1)
     2    0.00                           _09_ (net)
                  0.11    0.00    0.45 v _45_/B1_N (sky130_fd_sc_hd__a21bo_1)
                  0.13    0.42    0.88 ^ _45_/X (sky130_fd_sc_hd__a21bo_1)
     2    0.01                           _10_ (net)
                  0.13    0.00    0.88 ^ _48_/A1 (sky130_fd_sc_hd__a21bo_1)
                  0.20    0.35    1.22 ^ _48_/X (sky130_fd_sc_hd__a21bo_1)
     3    0.01                           _13_ (net)
                  0.20    0.00    1.22 ^ _49_/B (sky130_fd_sc_hd__nand2_1)
                  0.16    0.21    1.43 v _49_/Y (sky130_fd_sc_hd__nand2_1)
     2    0.01                           _14_ (net)
                  0.16    0.00    1.43 v _57_/A1 (sky130_fd_sc_hd__a2111o_1)
                  0.19    0.88    2.31 v _57_/X (sky130_fd_sc_hd__a2111o_1)
     2    0.01                           _22_ (net)
                  0.19    0.00    2.31 v _74_/C (sky130_fd_sc_hd__and3_1)
                  0.10    0.47    2.78 v _74_/X (sky130_fd_sc_hd__and3_1)
     1    0.01                           _32_ (net)
                  0.10    0.00    2.78 v _76_/A (sky130_fd_sc_hd__xnor2_1)
                  0.20    0.27    3.06 ^ _76_/Y (sky130_fd_sc_hd__xnor2_1)
     1    0.00                           net25 (net)
                  0.20    0.00    3.06 ^ output25/A (sky130_fd_sc_hd__buf_2)
                  0.29    0.44    3.50 ^ output25/X (sky130_fd_sc_hd__buf_2)
     1    0.03                           sum[6] (net)
                  0.29    0.00    3.50 ^ sum[6] (out)
                                  3.50   data arrival time

                  0.00    3.50    3.50   clock clk (rise edge)
                          0.00    3.50   clock network delay (ideal)
                         -0.25    3.25   clock uncertainty
                          0.00    3.25   clock reconvergence pessimism
                          0.00    3.25   output external delay
                                  3.25   data required time
-----------------------------------------------------------------------------
                                  3.25   data required time
                                 -3.50   data arrival time
-----------------------------------------------------------------------------
                                 -0.25   slack (VIOLATED)


Startpoint: a[0] (input port clocked by clk)
Endpoint: cout (output port clocked by clk)
Path Group: clk
Path Type: max
Corner: ss

Fanout     Cap    Slew   Delay    Time   Description
-----------------------------------------------------------------------------
                  0.00    0.00    0.00   clock clk (rise edge)
                          0.00    0.00   clock network delay (ideal)
                          0.00    0.00 ^ input external delay
                  0.03    0.02    0.02 ^ a[0] (in)
     1    0.00                           a[0] (net)
                  0.03    0.00    0.02 ^ input1/A (sky130_fd_sc_hd__clkbuf_1)
                  0.20    0.24    0.26 ^ input1/X (sky130_fd_sc_hd__clkbuf_1)
     2    0.01                           net1 (net)
                  0.20    0.00    0.26 ^ _44_/B (sky130_fd_sc_hd__nand2_1)
                  0.11    0.19    0.45 v _44_/Y (sky130_fd_sc_hd__nand2_1)
     2    0.00                           _09_ (net)
                  0.11    0.00    0.45 v _45_/B1_N (sky130_fd_sc_hd__a21bo_1)
                  0.13    0.42    0.88 ^ _45_/X (sky130_fd_sc_hd__a21bo_1)
     2    0.01                           _10_ (net)
                  0.13    0.00    0.88 ^ _48_/A1 (sky130_fd_sc_hd__a21bo_1)
                  0.20    0.35    1.22 ^ _48_/X (sky130_fd_sc_hd__a21bo_1)
     3    0.01                           _13_ (net)
                  0.20    0.00    1.22 ^ _49_/B (sky130_fd_sc_hd__nand2_1)
                  0.16    0.21    1.43 v _49_/Y (sky130_fd_sc_hd__nand2_1)
     2    0.01                           _14_ (net)
                  0.16    0.00    1.43 v _57_/A1 (sky130_fd_sc_hd__a2111o_1)
                  0.19    0.88    2.31 v _57_/X (sky130_fd_sc_hd__a2111o_1)
     2    0.01                           _22_ (net)
                  0.19    0.00    2.31 v _59_/A4 (sky130_fd_sc_hd__a41oi_4)
                  0.27    0.44    2.75 ^ _59_/Y (sky130_fd_sc_hd__a41oi_4)
     2    0.01                           _24_ (net)
                  0.27    0.00    2.75 ^ _61_/A2 (sky130_fd_sc_hd__a21bo_1)
                  0.13    0.35    3.10 ^ _61_/X (sky130_fd_sc_hd__a21bo_1)
     1    0.01                           net18 (net)
                  0.13    0.00    3.10 ^ output18/A (sky130_fd_sc_hd__buf_2)
                  0.28    0.39    3.49 ^ output18/X (sky130_fd_sc_hd__buf_2)
     1    0.03                           cout (net)
                  0.28    0.00    3.49 ^ cout (out)
                                  3.49   data arrival time

                  0.00    3.50    3.50   clock clk (rise edge)
                          0.00    3.50   clock network delay (ideal)
                         -0.25    3.25   clock uncertainty
                          0.00    3.25   clock reconvergence pessimism
                          0.00    3.25   output external delay
                                  3.25   data required time
-----------------------------------------------------------------------------
                                  3.25   data required time
                                 -3.49   data arrival time
-----------------------------------------------------------------------------
                                 -0.24   slack (VIOLATED)


Startpoint: a[0] (input port clocked by clk)
Endpoint: sum[7] (output port clocked by clk)
Path Group: clk
Path Type: max
Corner: ss

Fanout     Cap    Slew   Delay    Time   Description
-----------------------------------------------------------------------------
                  0.00    0.00    0.00   clock clk (rise edge)
                          0.00    0.00   clock network delay (ideal)
                          0.00    0.00 ^ input external delay
                  0.03    0.02    0.02 ^ a[0] (in)
     1    0.00                           a[0] (net)
                  0.03    0.00    0.02 ^ input1/A (sky130_fd_sc_hd__clkbuf_1)
                  0.20    0.24    0.26 ^ input1/X (sky130_fd_sc_hd__clkbuf_1)
     2    0.01                           net1 (net)
                  0.20    0.00    0.26 ^ _44_/B (sky130_fd_sc_hd__nand2_1)
                  0.11    0.19    0.45 v _44_/Y (sky130_fd_sc_hd__nand2_1)
     2    0.00                           _09_ (net)
                  0.11    0.00    0.45 v _45_/B1_N (sky130_fd_sc_hd__a21bo_1)
                  0.13    0.42    0.88 ^ _45_/X (sky130_fd_sc_hd__a21bo_1)
     2    0.01                           _10_ (net)
                  0.13    0.00    0.88 ^ _48_/A1 (sky130_fd_sc_hd__a21bo_1)
                  0.20    0.35    1.22 ^ _48_/X (sky130_fd_sc_hd__a21bo_1)
     3    0.01                           _13_ (net)
                  0.20    0.00    1.22 ^ _49_/B (sky130_fd_sc_hd__nand2_1)
                  0.16    0.21    1.43 v _49_/Y (sky130_fd_sc_hd__nand2_1)
     2    0.01                           _14_ (net)
                  0.16    0.00    1.43 v _57_/A1 (sky130_fd_sc_hd__a2111o_1)
                  0.19    0.88    2.31 v _57_/X (sky130_fd_sc_hd__a2111o_1)
     2    0.01                           _22_ (net)
                  0.19    0.00    2.31 v _59_/A4 (sky130_fd_sc_hd__a41oi_4)
                  0.27    0.44    2.75 ^ _59_/Y (sky130_fd_sc_hd__a41oi_4)
     2    0.01                           _24_ (net)
                  0.27    0.00    2.75 ^ _78_/A (sky130_fd_sc_hd__xnor2_1)
                  0.20    0.29    3.04 ^ _78_/Y (sky130_fd_sc_hd__xnor2_1)
     1    0.00                           net26 (net)
                  0.20    0.00    3.04 ^ output26/A (sky130_fd_sc_hd__buf_2)
                  0.27    0.42    3.47 ^ output26/X (sky130_fd_sc_hd__buf_2)
     1    0.03                           sum[7] (net)
                  0.27    0.00    3.47 ^ sum[7] (out)
                                  3.47   data arrival time

                  0.00    3.50    3.50   clock clk (rise edge)
                          0.00    3.50   clock network delay (ideal)
                         -0.25    3.25   clock uncertainty
                          0.00    3.25   clock reconvergence pessimism
                          0.00    3.25   output external delay
                                  3.25   data required time
-----------------------------------------------------------------------------
                                  3.25   data required time
                                 -3.47   data arrival time
-----------------------------------------------------------------------------
                                 -0.22   slack (VIOLATED)


Startpoint: b[0] (input port clocked by clk)
Endpoint: sum[5] (output port clocked by clk)
Path Group: clk
Path Type: max
Corner: ss

Fanout     Cap    Slew   Delay    Time   Description
-----------------------------------------------------------------------------
                  0.00    0.00    0.00   clock clk (rise edge)
                          0.00    0.00   clock network delay (ideal)
                          0.00    0.00 v input external delay
                  0.02    0.01    0.01 v b[0] (in)
     1    0.00                           b[0] (net)
                  0.02    0.00    0.01 v input9/A (sky130_fd_sc_hd__clkbuf_1)
                  0.11    0.20    0.22 v input9/X (sky130_fd_sc_hd__clkbuf_1)
     2    0.01                           net9 (net)
                  0.11    0.00    0.22 v _43_/A (sky130_fd_sc_hd__or2_1)
                  0.12    0.58    0.79 v _43_/X (sky130_fd_sc_hd__or2_1)
     2    0.01                           _08_ (net)
                  0.12    0.00    0.79 v _45_/A2 (sky130_fd_sc_hd__a21bo_1)
                  0.10    0.42    1.22 v _45_/X (sky130_fd_sc_hd__a21bo_1)
     2    0.01                           _10_ (net)
                  0.10    0.00    1.22 v _48_/A1 (sky130_fd_sc_hd__a21bo_1)
                  0.15    0.43    1.64 v _48_/X (sky130_fd_sc_hd__a21bo_1)
     3    0.01                           _13_ (net)
                  0.15    0.00    1.64 v _49_/B (sky130_fd_sc_hd__nand2_1)
                  0.12    0.18    1.83 ^ _49_/Y (sky130_fd_sc_hd__nand2_1)
     2    0.01                           _14_ (net)
                  0.12    0.00    1.83 ^ _70_/A1 (sky130_fd_sc_hd__a21oi_1)
                  0.20    0.24    2.07 v _70_/Y (sky130_fd_sc_hd__a21oi_1)
     2    0.01                           _30_ (net)
                  0.20    0.00    2.07 v _72_/A2 (sky130_fd_sc_hd__a21bo_1)
                  0.09    0.44    2.51 v _72_/X (sky130_fd_sc_hd__a21bo_1)
     1    0.01                           _31_ (net)
                  0.09    0.00    2.51 v _73_/B (sky130_fd_sc_hd__xnor2_1)
                  0.21    0.25    2.76 ^ _73_/Y (sky130_fd_sc_hd__xnor2_1)
     1    0.00                           net24 (net)
                  0.21    0.00    2.76 ^ output24/A (sky130_fd_sc_hd__buf_2)
                  0.27    0.43    3.18 ^ output24/X (sky130_fd_sc_hd__buf_2)
     1    0.03                           sum[5] (net)
                  0.27    0.00    3.19 ^ sum[5] (out)
                                  3.19   data arrival time

                  0.00    3.50    3.50   clock clk (rise edge)
                          0.00    3.50   clock network delay (ideal)
                         -0.25    3.25   clock uncertainty
                          0.00    3.25   clock reconvergence pessimism
                          0.00    3.25   output external delay
                                  3.25   data required time
-----------------------------------------------------------------------------
                                  3.25   data required time
                                 -3.19   data arrival time
-----------------------------------------------------------------------------
                                  0.06   slack (MET)


Startpoint: b[0] (input port clocked by clk)
Endpoint: sum[4] (output port clocked by clk)
Path Group: clk
Path Type: max
Corner: ss

Fanout     Cap    Slew   Delay    Time   Description
-----------------------------------------------------------------------------
                  0.00    0.00    0.00   clock clk (rise edge)
                          0.00    0.00   clock network delay (ideal)
                          0.00    0.00 v input external delay
                  0.02    0.01    0.01 v b[0] (in)
     1    0.00                           b[0] (net)
                  0.02    0.00    0.01 v input9/A (sky130_fd_sc_hd__clkbuf_1)
                  0.11    0.20    0.22 v input9/X (sky130_fd_sc_hd__clkbuf_1)
     2    0.01                           net9 (net)
                  0.11    0.00    0.22 v _43_/A (sky130_fd_sc_hd__or2_1)
                  0.12    0.58    0.79 v _43_/X (sky130_fd_sc_hd__or2_1)
     2    0.01                           _08_ (net)
                  0.12    0.00    0.79 v _45_/A2 (sky130_fd_sc_hd__a21bo_1)
                  0.10    0.42    1.22 v _45_/X (sky130_fd_sc_hd__a21bo_1)
     2    0.01                           _10_ (net)
                  0.10    0.00    1.22 v _48_/A1 (sky130_fd_sc_hd__a21bo_1)
                  0.15    0.43    1.64 v _48_/X (sky130_fd_sc_hd__a21bo_1)
     3    0.01                           _13_ (net)
                  0.15    0.00    1.64 v _49_/B (sky130_fd_sc_hd__nand2_1)
                  0.12    0.18    1.83 ^ _49_/Y (sky130_fd_sc_hd__nand2_1)
     2    0.01                           _14_ (net)
                  0.12    0.00    1.83 ^ _70_/A1 (sky130_fd_sc_hd__a21oi_1)
                  0.20    0.24    2.07 v _70_/Y (sky130_fd_sc_hd__a21oi_1)
     2    0.01                           _30_ (net)
                  0.20    0.00    2.07 v _71_/B (sky130_fd_sc_hd__xnor2_1)
                  0.23    0.32    2.39 ^ _71_/Y (sky130_fd_sc_hd__xnor2_1)
     1    0.00                           net23 (net)
                  0.23    0.00    2.39 ^ output23/A (sky130_fd_sc_hd__buf_2)
                  0.27    0.44    2.83 ^ output23/X (sky130_fd_sc_hd__buf_2)
     1    0.03                           sum[4] (net)
                  0.27    0.00    2.83 ^ sum[4] (out)
                                  2.83   data arrival time

                  0.00    3.50    3.50   clock clk (rise edge)
                          0.00    3.50   clock network delay (ideal)
                         -0.25    3.25   clock uncertainty
                          0.00    3.25   clock reconvergence pessimism
                          0.00    3.25   output external delay
                                  3.25   data required time
-----------------------------------------------------------------------------
                                  3.25   data required time
                                 -2.83   data arrival time
-----------------------------------------------------------------------------
                                  0.42   slack (MET)


Startpoint: b[0] (input port clocked by clk)
Endpoint: sum[3] (output port clocked by clk)
Path Group: clk
Path Type: max
Corner: ss

Fanout     Cap    Slew   Delay    Time   Description
-----------------------------------------------------------------------------
                  0.00    0.00    0.00   clock clk (rise edge)
                          0.00    0.00   clock network delay (ideal)
                          0.00    0.00 v input external delay
                  0.02    0.01    0.01 v b[0] (in)
     1    0.00                           b[0] (net)
                  0.02    0.00    0.01 v input9/A (sky130_fd_sc_hd__clkbuf_1)
                  0.11    0.20    0.22 v input9/X (sky130_fd_sc_hd__clkbuf_1)
     2    0.01                           net9 (net)
                  0.11    0.00    0.22 v _43_/A (sky130_fd_sc_hd__or2_1)
                  0.12    0.58    0.79 v _43_/X (sky130_fd_sc_hd__or2_1)
     2    0.01                           _08_ (net)
                  0.12    0.00    0.79 v _45_/A2 (sky130_fd_sc_hd__a21bo_1)
                  0.10    0.42    1.22 v _45_/X (sky130_fd_sc_hd__a21bo_1)
     2    0.01                           _10_ (net)
                  0.10    0.00    1.22 v _48_/A1 (sky130_fd_sc_hd__a21bo_1)
                  0.15    0.43    1.64 v _48_/X (sky130_fd_sc_hd__a21bo_1)
     3    0.01                           _13_ (net)
                  0.15    0.00    1.64 v _68_/A2 (sky130_fd_sc_hd__a21o_1)
                  0.08    0.39    2.03 v _68_/X (sky130_fd_sc_hd__a21o_1)
     1    0.01                           _29_ (net)
                  0.08    0.00    2.03 v _69_/B (sky130_fd_sc_hd__xnor2_1)
                  0.20    0.23    2.26 ^ _69_/Y (sky130_fd_sc_hd__xnor2_1)
     1    0.00                           net22 (net)
                  0.20    0.00    2.26 ^ output22/A (sky130_fd_sc_hd__buf_2)
                  0.28    0.43    2.69 ^ output22/X (sky130_fd_sc_hd__buf_2)
     1    0.03                           sum[3] (net)
                  0.28    0.00    2.69 ^ sum[3] (out)
                                  2.69   data arrival time

                  0.00    3.50    3.50   clock clk (rise edge)
                          0.00    3.50   clock network delay (ideal)
                         -0.25    3.25   clock uncertainty
                          0.00    3.25   clock reconvergence pessimism
                          0.00    3.25   output external delay
                                  3.25   data required time
-----------------------------------------------------------------------------
                                  3.25   data required time
                                 -2.69   data arrival time
-----------------------------------------------------------------------------
                                  0.56   slack (MET)


Startpoint: b[0] (input port clocked by clk)
Endpoint: sum[2] (output port clocked by clk)
Path Group: clk
Path Type: max
Corner: ss

Fanout     Cap    Slew   Delay    Time   Description
-----------------------------------------------------------------------------
                  0.00    0.00    0.00   clock clk (rise edge)
                          0.00    0.00   clock network delay (ideal)
                          0.00    0.00 v input external delay
                  0.02    0.01    0.01 v b[0] (in)
     1    0.00                           b[0] (net)
                  0.02    0.00    0.01 v input9/A (sky130_fd_sc_hd__clkbuf_1)
                  0.11    0.20    0.22 v input9/X (sky130_fd_sc_hd__clkbuf_1)
     2    0.01                           net9 (net)
                  0.11    0.00    0.22 v _43_/A (sky130_fd_sc_hd__or2_1)
                  0.12    0.58    0.79 v _43_/X (sky130_fd_sc_hd__or2_1)
     2    0.01                           _08_ (net)
                  0.12    0.00    0.79 v _45_/A2 (sky130_fd_sc_hd__a21bo_1)
                  0.10    0.42    1.22 v _45_/X (sky130_fd_sc_hd__a21bo_1)
     2    0.01                           _10_ (net)
                  0.10    0.00    1.22 v _48_/A1 (sky130_fd_sc_hd__a21bo_1)
                  0.15    0.43    1.64 v _48_/X (sky130_fd_sc_hd__a21bo_1)
     3    0.01                           _13_ (net)
                  0.15    0.00    1.64 v _66_/B (sky130_fd_sc_hd__xor2_1)
                  0.27    0.32    1.96 ^ _66_/X (sky130_fd_sc_hd__xor2_1)
     1    0.01                           net21 (net)
                  0.27    0.00    1.96 ^ output21/A (sky130_fd_sc_hd__buf_2)
                  0.27    0.45    2.42 ^ output21/X (sky130_fd_sc_hd__buf_2)
     1    0.03                           sum[2] (net)
                  0.27    0.00    2.42 ^ sum[2] (out)
                                  2.42   data arrival time

                  0.00    3.50    3.50   clock clk (rise edge)
                          0.00    3.50   clock network delay (ideal)
                         -0.25    3.25   clock uncertainty
                          0.00    3.25   clock reconvergence pessimism
                          0.00    3.25   output external delay
                                  3.25   data required time
-----------------------------------------------------------------------------
                                  3.25   data required time
                                 -2.42   data arrival time
-----------------------------------------------------------------------------
                                  0.83   slack (MET)


Startpoint: b[0] (input port clocked by clk)
Endpoint: sum[1] (output port clocked by clk)
Path Group: clk
Path Type: max
Corner: ss

Fanout     Cap    Slew   Delay    Time   Description
-----------------------------------------------------------------------------
                  0.00    0.00    0.00   clock clk (rise edge)
                          0.00    0.00   clock network delay (ideal)
                          0.00    0.00 v input external delay
                  0.02    0.01    0.01 v b[0] (in)
     1    0.00                           b[0] (net)
                  0.02    0.00    0.01 v input9/A (sky130_fd_sc_hd__clkbuf_1)
                  0.11    0.20    0.22 v input9/X (sky130_fd_sc_hd__clkbuf_1)
     2    0.01                           net9 (net)
                  0.11    0.00    0.22 v _43_/A (sky130_fd_sc_hd__or2_1)
                  0.12    0.58    0.79 v _43_/X (sky130_fd_sc_hd__or2_1)
     2    0.01                           _08_ (net)
                  0.12    0.00    0.79 v _45_/A2 (sky130_fd_sc_hd__a21bo_1)
                  0.10    0.42    1.22 v _45_/X (sky130_fd_sc_hd__a21bo_1)
     2    0.01                           _10_ (net)
                  0.10    0.00    1.22 v _65_/A (sky130_fd_sc_hd__xnor2_1)
                  0.27    0.33    1.55 ^ _65_/Y (sky130_fd_sc_hd__xnor2_1)
     1    0.01                           net20 (net)
                  0.27    0.00    1.55 ^ output20/A (sky130_fd_sc_hd__buf_2)
                  0.27    0.45    2.00 ^ output20/X (sky130_fd_sc_hd__buf_2)
     1    0.03                           sum[1] (net)
                  0.27    0.00    2.01 ^ sum[1] (out)
                                  2.01   data arrival time

                  0.00    3.50    3.50   clock clk (rise edge)
                          0.00    3.50   clock network delay (ideal)
                         -0.25    3.25   clock uncertainty
                          0.00    3.25   clock reconvergence pessimism
                          0.00    3.25   output external delay
                                  3.25   data required time
-----------------------------------------------------------------------------
                                  3.25   data required time
                                 -2.01   data arrival time
-----------------------------------------------------------------------------
                                  1.24   slack (MET)


Startpoint: b[0] (input port clocked by clk)
Endpoint: sum[0] (output port clocked by clk)
Path Group: clk
Path Type: max
Corner: ss

Fanout     Cap    Slew   Delay    Time   Description
-----------------------------------------------------------------------------
                  0.00    0.00    0.00   clock clk (rise edge)
                          0.00    0.00   clock network delay (ideal)
                          0.00    0.00 v input external delay
                  0.02    0.01    0.01 v b[0] (in)
     1    0.00                           b[0] (net)
                  0.02    0.00    0.01 v input9/A (sky130_fd_sc_hd__clkbuf_1)
                  0.11    0.20    0.22 v input9/X (sky130_fd_sc_hd__clkbuf_1)
     2    0.01                           net9 (net)
                  0.11    0.00    0.22 v _43_/A (sky130_fd_sc_hd__or2_1)
                  0.12    0.58    0.79 v _43_/X (sky130_fd_sc_hd__or2_1)
     2    0.01                           _08_ (net)
                  0.12    0.00    0.79 v _62_/B (sky130_fd_sc_hd__nand2_1)
                  0.11    0.16    0.95 ^ _62_/Y (sky130_fd_sc_hd__nand2_1)
     1    0.01                           _26_ (net)
                  0.11    0.00    0.95 ^ _63_/B (sky130_fd_sc_hd__xnor2_1)
                  0.26    0.24    1.20 ^ _63_/Y (sky130_fd_sc_hd__xnor2_1)
     1    0.01                           net19 (net)
                  0.26    0.00    1.20 ^ output19/A (sky130_fd_sc_hd__buf_2)
                  0.27    0.45    1.65 ^ output19/X (sky130_fd_sc_hd__buf_2)
     1    0.03                           sum[0] (net)
                  0.27    0.00    1.65 ^ sum[0] (out)
                                  1.65   data arrival time

                  0.00    3.50    3.50   clock clk (rise edge)
                          0.00    3.50   clock network delay (ideal)
                         -0.25    3.25   clock uncertainty
                          0.00    3.25   clock reconvergence pessimism
                          0.00    3.25   output external delay
                                  3.25   data required time
-----------------------------------------------------------------------------
                                  3.25   data required time
                                 -1.65   data arrival time
-----------------------------------------------------------------------------
                                  1.60   slack (MET)



======================= Typical Corner ===================================

Startpoint: a[0] (input port clocked by clk)
Endpoint: cout (output port clocked by clk)
Path Group: clk
Path Type: max
Corner: tt

Fanout     Cap    Slew   Delay    Time   Description
-----------------------------------------------------------------------------
                  0.00    0.00    0.00   clock clk (rise edge)
                          0.00    0.00   clock network delay (ideal)
                          0.00    0.00 ^ input external delay
                  0.02    0.01    0.01 ^ a[0] (in)
     1    0.00                           a[0] (net)
                  0.02    0.00    0.01 ^ input1/A (sky130_fd_sc_hd__clkbuf_1)
                  0.13    0.14    0.15 ^ input1/X (sky130_fd_sc_hd__clkbuf_1)
     2    0.01                           net1 (net)
                  0.13    0.00    0.15 ^ _44_/B (sky130_fd_sc_hd__nand2_1)
                  0.06    0.09    0.24 v _44_/Y (sky130_fd_sc_hd__nand2_1)
     2    0.00                           _09_ (net)
                  0.06    0.00    0.24 v _45_/B1_N (sky130_fd_sc_hd__a21bo_1)
                  0.08    0.22    0.45 ^ _45_/X (sky130_fd_sc_hd__a21bo_1)
     2    0.01                           _10_ (net)
                  0.08    0.00    0.45 ^ _48_/A1 (sky130_fd_sc_hd__a21bo_1)
                  0.13    0.18    0.64 ^ _48_/X (sky130_fd_sc_hd__a21bo_1)
     3    0.01                           _13_ (net)
                  0.13    0.00    0.64 ^ _49_/B (sky130_fd_sc_hd__nand2_1)
                  0.08    0.09    0.73 v _49_/Y (sky130_fd_sc_hd__nand2_1)
     2    0.01                           _14_ (net)
                  0.08    0.00    0.73 v _57_/A1 (sky130_fd_sc_hd__a2111o_1)
                  0.10    0.44    1.17 v _57_/X (sky130_fd_sc_hd__a2111o_1)
     2    0.01                           _22_ (net)
                  0.10    0.00    1.17 v _59_/A4 (sky130_fd_sc_hd__a41oi_4)
                  0.19    0.27    1.44 ^ _59_/Y (sky130_fd_sc_hd__a41oi_4)
     2    0.01                           _24_ (net)
                  0.19    0.00    1.44 ^ _61_/A2 (sky130_fd_sc_hd__a21bo_1)
                  0.08    0.18    1.62 ^ _61_/X (sky130_fd_sc_hd__a21bo_1)
     1    0.01                           net18 (net)
                  0.08    0.00    1.62 ^ output18/A (sky130_fd_sc_hd__buf_2)
                  0.17    0.22    1.84 ^ output18/X (sky130_fd_sc_hd__buf_2)
     1    0.03                           cout (net)
                  0.17    0.00    1.84 ^ cout (out)
                                  1.84   data arrival time

                  0.00    3.50    3.50   clock clk (rise edge)
                          0.00    3.50   clock network delay (ideal)
                         -0.25    3.25   clock uncertainty
                          0.00    3.25   clock reconvergence pessimism
                          0.00    3.25   output external delay
                                  3.25   data required time
-----------------------------------------------------------------------------
                                  3.25   data required time
                                 -1.84   data arrival time
-----------------------------------------------------------------------------
                                  1.41   slack (MET)


Startpoint: a[0] (input port clocked by clk)
Endpoint: sum[7] (output port clocked by clk)
Path Group: clk
Path Type: max
Corner: tt

Fanout     Cap    Slew   Delay    Time   Description
-----------------------------------------------------------------------------
                  0.00    0.00    0.00   clock clk (rise edge)
                          0.00    0.00   clock network delay (ideal)
                          0.00    0.00 ^ input external delay
                  0.02    0.01    0.01 ^ a[0] (in)
     1    0.00                           a[0] (net)
                  0.02    0.00    0.01 ^ input1/A (sky130_fd_sc_hd__clkbuf_1)
                  0.13    0.14    0.15 ^ input1/X (sky130_fd_sc_hd__clkbuf_1)
     2    0.01                           net1 (net)
                  0.13    0.00    0.15 ^ _44_/B (sky130_fd_sc_hd__nand2_1)
                  0.06    0.09    0.24 v _44_/Y (sky130_fd_sc_hd__nand2_1)
     2    0.00                           _09_ (net)
                  0.06    0.00    0.24 v _45_/B1_N (sky130_fd_sc_hd__a21bo_1)
                  0.08    0.22    0.45 ^ _45_/X (sky130_fd_sc_hd__a21bo_1)
     2    0.01                           _10_ (net)
                  0.08    0.00    0.45 ^ _48_/A1 (sky130_fd_sc_hd__a21bo_1)
                  0.13    0.18    0.64 ^ _48_/X (sky130_fd_sc_hd__a21bo_1)
     3    0.01                           _13_ (net)
                  0.13    0.00    0.64 ^ _49_/B (sky130_fd_sc_hd__nand2_1)
                  0.08    0.09    0.73 v _49_/Y (sky130_fd_sc_hd__nand2_1)
     2    0.01                           _14_ (net)
                  0.08    0.00    0.73 v _57_/A1 (sky130_fd_sc_hd__a2111o_1)
                  0.10    0.44    1.17 v _57_/X (sky130_fd_sc_hd__a2111o_1)
     2    0.01                           _22_ (net)
                  0.10    0.00    1.17 v _59_/A4 (sky130_fd_sc_hd__a41oi_4)
                  0.19    0.27    1.44 ^ _59_/Y (sky130_fd_sc_hd__a41oi_4)
     2    0.01                           _24_ (net)
                  0.19    0.00    1.44 ^ _78_/A (sky130_fd_sc_hd__xnor2_1)
                  0.13    0.15    1.59 ^ _78_/Y (sky130_fd_sc_hd__xnor2_1)
     1    0.00                           net26 (net)
                  0.13    0.00    1.59 ^ output26/A (sky130_fd_sc_hd__buf_2)
                  0.17    0.24    1.83 ^ output26/X (sky130_fd_sc_hd__buf_2)
     1    0.03                           sum[7] (net)
                  0.17    0.00    1.83 ^ sum[7] (out)
                                  1.83   data arrival time

                  0.00    3.50    3.50   clock clk (rise edge)
                          0.00    3.50   clock network delay (ideal)
                         -0.25    3.25   clock uncertainty
                          0.00    3.25   clock reconvergence pessimism
                          0.00    3.25   output external delay
                                  3.25   data required time
-----------------------------------------------------------------------------
                                  3.25   data required time
                                 -1.83   data arrival time
-----------------------------------------------------------------------------
                                  1.42   slack (MET)


Startpoint: a[0] (input port clocked by clk)
Endpoint: sum[6] (output port clocked by clk)
Path Group: clk
Path Type: max
Corner: tt

Fanout     Cap    Slew   Delay    Time   Description
-----------------------------------------------------------------------------
                  0.00    0.00    0.00   clock clk (rise edge)
                          0.00    0.00   clock network delay (ideal)
                          0.00    0.00 ^ input external delay
                  0.02    0.01    0.01 ^ a[0] (in)
     1    0.00                           a[0] (net)
                  0.02    0.00    0.01 ^ input1/A (sky130_fd_sc_hd__clkbuf_1)
                  0.13    0.14    0.15 ^ input1/X (sky130_fd_sc_hd__clkbuf_1)
     2    0.01                           net1 (net)
                  0.13    0.00    0.15 ^ _44_/B (sky130_fd_sc_hd__nand2_1)
                  0.06    0.09    0.24 v _44_/Y (sky130_fd_sc_hd__nand2_1)
     2    0.00                           _09_ (net)
                  0.06    0.00    0.24 v _45_/B1_N (sky130_fd_sc_hd__a21bo_1)
                  0.08    0.22    0.45 ^ _45_/X (sky130_fd_sc_hd__a21bo_1)
     2    0.01                           _10_ (net)
                  0.08    0.00    0.45 ^ _48_/A1 (sky130_fd_sc_hd__a21bo_1)
                  0.13    0.18    0.64 ^ _48_/X (sky130_fd_sc_hd__a21bo_1)
     3    0.01                           _13_ (net)
                  0.13    0.00    0.64 ^ _49_/B (sky130_fd_sc_hd__nand2_1)
                  0.08    0.09    0.73 v _49_/Y (sky130_fd_sc_hd__nand2_1)
     2    0.01                           _14_ (net)
                  0.08    0.00    0.73 v _57_/A1 (sky130_fd_sc_hd__a2111o_1)
                  0.10    0.44    1.17 v _57_/X (sky130_fd_sc_hd__a2111o_1)
     2    0.01                           _22_ (net)
                  0.10    0.00    1.17 v _74_/C (sky130_fd_sc_hd__and3_1)
                  0.05    0.23    1.40 v _74_/X (sky130_fd_sc_hd__and3_1)
     1    0.01                           _32_ (net)
                  0.05    0.00    1.40 v _76_/A (sky130_fd_sc_hd__xnor2_1)
                  0.12    0.16    1.56 ^ _76_/Y (sky130_fd_sc_hd__xnor2_1)
     1    0.00                           net25 (net)
                  0.12    0.00    1.56 ^ output25/A (sky130_fd_sc_hd__buf_2)
                  0.18    0.25    1.81 ^ output25/X (sky130_fd_sc_hd__buf_2)
     1    0.03                           sum[6] (net)
                  0.18    0.00    1.81 ^ sum[6] (out)
                                  1.81   data arrival time

                  0.00    3.50    3.50   clock clk (rise edge)
                          0.00    3.50   clock network delay (ideal)
                         -0.25    3.25   clock uncertainty
                          0.00    3.25   clock reconvergence pessimism
                          0.00    3.25   output external delay
                                  3.25   data required time
-----------------------------------------------------------------------------
                                  3.25   data required time
                                 -1.81   data arrival time
-----------------------------------------------------------------------------
                                  1.44   slack (MET)


Startpoint: b[0] (input port clocked by clk)
Endpoint: sum[5] (output port clocked by clk)
Path Group: clk
Path Type: max
Corner: tt

Fanout     Cap    Slew   Delay    Time   Description
-----------------------------------------------------------------------------
                  0.00    0.00    0.00   clock clk (rise edge)
                          0.00    0.00   clock network delay (ideal)
                          0.00    0.00 v input external delay
                  0.01    0.01    0.01 v b[0] (in)
     1    0.00                           b[0] (net)
                  0.01    0.00    0.01 v input9/A (sky130_fd_sc_hd__clkbuf_1)
                  0.06    0.11    0.11 v input9/X (sky130_fd_sc_hd__clkbuf_1)
     2    0.01                           net9 (net)
                  0.06    0.00    0.11 v _43_/A (sky130_fd_sc_hd__or2_1)
                  0.06    0.26    0.37 v _43_/X (sky130_fd_sc_hd__or2_1)
     2    0.01                           _08_ (net)
                  0.06    0.00    0.37 v _45_/A2 (sky130_fd_sc_hd__a21bo_1)
                  0.06    0.23    0.60 v _45_/X (sky130_fd_sc_hd__a21bo_1)
     2    0.01                           _10_ (net)
                  0.06    0.00    0.60 v _48_/A1 (sky130_fd_sc_hd__a21bo_1)
                  0.08    0.22    0.82 v _48_/X (sky130_fd_sc_hd__a21bo_1)
     3    0.01                           _13_ (net)
                  0.08    0.00    0.82 v _49_/B (sky130_fd_sc_hd__nand2_1)
                  0.08    0.11    0.93 ^ _49_/Y (sky130_fd_sc_hd__nand2_1)
     2    0.01                           _14_ (net)
                  0.08    0.00    0.93 ^ _70_/A1 (sky130_fd_sc_hd__a21oi_1)
                  0.10    0.11    1.04 v _70_/Y (sky130_fd_sc_hd__a21oi_1)
     2    0.01                           _30_ (net)
                  0.10    0.00    1.04 v _72_/A2 (sky130_fd_sc_hd__a21bo_1)
                  0.05    0.23    1.27 v _72_/X (sky130_fd_sc_hd__a21bo_1)
     1    0.01                           _31_ (net)
                  0.05    0.00    1.27 v _73_/B (sky130_fd_sc_hd__xnor2_1)
                  0.13    0.15    1.41 ^ _73_/Y (sky130_fd_sc_hd__xnor2_1)
     1    0.00                           net24 (net)
                  0.13    0.00    1.41 ^ output24/A (sky130_fd_sc_hd__buf_2)
                  0.17    0.24    1.65 ^ output24/X (sky130_fd_sc_hd__buf_2)
     1    0.03                           sum[5] (net)
                  0.17    0.00    1.65 ^ sum[5] (out)
                                  1.65   data arrival time

                  0.00    3.50    3.50   clock clk (rise edge)
                          0.00    3.50   clock network delay (ideal)
                         -0.25    3.25   clock uncertainty
                          0.00    3.25   clock reconvergence pessimism
                          0.00    3.25   output external delay
                                  3.25   data required time
-----------------------------------------------------------------------------
                                  3.25   data required time
                                 -1.65   data arrival time
-----------------------------------------------------------------------------
                                  1.60   slack (MET)


Startpoint: b[0] (input port clocked by clk)
Endpoint: sum[4] (output port clocked by clk)
Path Group: clk
Path Type: max
Corner: tt

Fanout     Cap    Slew   Delay    Time   Description
-----------------------------------------------------------------------------
                  0.00    0.00    0.00   clock clk (rise edge)
                          0.00    0.00   clock network delay (ideal)
                          0.00    0.00 v input external delay
                  0.01    0.01    0.01 v b[0] (in)
     1    0.00                           b[0] (net)
                  0.01    0.00    0.01 v input9/A (sky130_fd_sc_hd__clkbuf_1)
                  0.06    0.11    0.11 v input9/X (sky130_fd_sc_hd__clkbuf_1)
     2    0.01                           net9 (net)
                  0.06    0.00    0.11 v _43_/A (sky130_fd_sc_hd__or2_1)
                  0.06    0.26    0.37 v _43_/X (sky130_fd_sc_hd__or2_1)
     2    0.01                           _08_ (net)
                  0.06    0.00    0.37 v _45_/A2 (sky130_fd_sc_hd__a21bo_1)
                  0.06    0.23    0.60 v _45_/X (sky130_fd_sc_hd__a21bo_1)
     2    0.01                           _10_ (net)
                  0.06    0.00    0.60 v _48_/A1 (sky130_fd_sc_hd__a21bo_1)
                  0.08    0.22    0.82 v _48_/X (sky130_fd_sc_hd__a21bo_1)
     3    0.01                           _13_ (net)
                  0.08    0.00    0.82 v _49_/B (sky130_fd_sc_hd__nand2_1)
                  0.08    0.11    0.93 ^ _49_/Y (sky130_fd_sc_hd__nand2_1)
     2    0.01                           _14_ (net)
                  0.08    0.00    0.93 ^ _70_/A1 (sky130_fd_sc_hd__a21oi_1)
                  0.10    0.11    1.04 v _70_/Y (sky130_fd_sc_hd__a21oi_1)
     2    0.01                           _30_ (net)
                  0.10    0.00    1.04 v _71_/B (sky130_fd_sc_hd__xnor2_1)
                  0.14    0.18    1.22 ^ _71_/Y (sky130_fd_sc_hd__xnor2_1)
     1    0.00                           net23 (net)
                  0.14    0.00    1.22 ^ output23/A (sky130_fd_sc_hd__buf_2)
                  0.17    0.24    1.46 ^ output23/X (sky130_fd_sc_hd__buf_2)
     1    0.03                           sum[4] (net)
                  0.17    0.00    1.46 ^ sum[4] (out)
                                  1.46   data arrival time

                  0.00    3.50    3.50   clock clk (rise edge)
                          0.00    3.50   clock network delay (ideal)
                         -0.25    3.25   clock uncertainty
                          0.00    3.25   clock reconvergence pessimism
                          0.00    3.25   output external delay
                                  3.25   data required time
-----------------------------------------------------------------------------
                                  3.25   data required time
                                 -1.46   data arrival time
-----------------------------------------------------------------------------
                                  1.79   slack (MET)


Startpoint: b[0] (input port clocked by clk)
Endpoint: sum[3] (output port clocked by clk)
Path Group: clk
Path Type: max
Corner: tt

Fanout     Cap    Slew   Delay    Time   Description
-----------------------------------------------------------------------------
                  0.00    0.00    0.00   clock clk (rise edge)
                          0.00    0.00   clock network delay (ideal)
                          0.00    0.00 v input external delay
                  0.01    0.01    0.01 v b[0] (in)
     1    0.00                           b[0] (net)
                  0.01    0.00    0.01 v input9/A (sky130_fd_sc_hd__clkbuf_1)
                  0.06    0.11    0.11 v input9/X (sky130_fd_sc_hd__clkbuf_1)
     2    0.01                           net9 (net)
                  0.06    0.00    0.11 v _43_/A (sky130_fd_sc_hd__or2_1)
                  0.06    0.26    0.37 v _43_/X (sky130_fd_sc_hd__or2_1)
     2    0.01                           _08_ (net)
                  0.06    0.00    0.37 v _45_/A2 (sky130_fd_sc_hd__a21bo_1)
                  0.06    0.23    0.60 v _45_/X (sky130_fd_sc_hd__a21bo_1)
     2    0.01                           _10_ (net)
                  0.06    0.00    0.60 v _48_/A1 (sky130_fd_sc_hd__a21bo_1)
                  0.08    0.22    0.82 v _48_/X (sky130_fd_sc_hd__a21bo_1)
     3    0.01                           _13_ (net)
                  0.08    0.00    0.82 v _68_/A2 (sky130_fd_sc_hd__a21o_1)
                  0.04    0.21    1.03 v _68_/X (sky130_fd_sc_hd__a21o_1)
     1    0.01                           _29_ (net)
                  0.04    0.00    1.03 v _69_/B (sky130_fd_sc_hd__xnor2_1)
                  0.12    0.14    1.17 ^ _69_/Y (sky130_fd_sc_hd__xnor2_1)
     1    0.00                           net22 (net)
                  0.12    0.00    1.17 ^ output22/A (sky130_fd_sc_hd__buf_2)
                  0.17    0.24    1.40 ^ output22/X (sky130_fd_sc_hd__buf_2)
     1    0.03                           sum[3] (net)
                  0.17    0.00    1.41 ^ sum[3] (out)
                                  1.41   data arrival time

                  0.00    3.50    3.50   clock clk (rise edge)
                          0.00    3.50   clock network delay (ideal)
                         -0.25    3.25   clock uncertainty
                          0.00    3.25   clock reconvergence pessimism
                          0.00    3.25   output external delay
                                  3.25   data required time
-----------------------------------------------------------------------------
                                  3.25   data required time
                                 -1.41   data arrival time
-----------------------------------------------------------------------------
                                  1.84   slack (MET)


Startpoint: b[0] (input port clocked by clk)
Endpoint: sum[2] (output port clocked by clk)
Path Group: clk
Path Type: max
Corner: tt

Fanout     Cap    Slew   Delay    Time   Description
-----------------------------------------------------------------------------
                  0.00    0.00    0.00   clock clk (rise edge)
                          0.00    0.00   clock network delay (ideal)
                          0.00    0.00 v input external delay
                  0.01    0.01    0.01 v b[0] (in)
     1    0.00                           b[0] (net)
                  0.01    0.00    0.01 v input9/A (sky130_fd_sc_hd__clkbuf_1)
                  0.06    0.11    0.11 v input9/X (sky130_fd_sc_hd__clkbuf_1)
     2    0.01                           net9 (net)
                  0.06    0.00    0.11 v _43_/A (sky130_fd_sc_hd__or2_1)
                  0.06    0.26    0.37 v _43_/X (sky130_fd_sc_hd__or2_1)
     2    0.01                           _08_ (net)
                  0.06    0.00    0.37 v _45_/A2 (sky130_fd_sc_hd__a21bo_1)
                  0.06    0.23    0.60 v _45_/X (sky130_fd_sc_hd__a21bo_1)
     2    0.01                           _10_ (net)
                  0.06    0.00    0.60 v _48_/A1 (sky130_fd_sc_hd__a21bo_1)
                  0.08    0.22    0.82 v _48_/X (sky130_fd_sc_hd__a21bo_1)
     3    0.01                           _13_ (net)
                  0.08    0.00    0.82 v _66_/B (sky130_fd_sc_hd__xor2_1)
                  0.16    0.19    1.01 ^ _66_/X (sky130_fd_sc_hd__xor2_1)
     1    0.01                           net21 (net)
                  0.16    0.00    1.01 ^ output21/A (sky130_fd_sc_hd__buf_2)
                  0.17    0.25    1.26 ^ output21/X (sky130_fd_sc_hd__buf_2)
     1    0.03                           sum[2] (net)
                  0.17    0.00    1.26 ^ sum[2] (out)
                                  1.26   data arrival time

                  0.00    3.50    3.50   clock clk (rise edge)
                          0.00    3.50   clock network delay (ideal)
                         -0.25    3.25   clock uncertainty
                          0.00    3.25   clock reconvergence pessimism
                          0.00    3.25   output external delay
                                  3.25   data required time
-----------------------------------------------------------------------------
                                  3.25   data required time
                                 -1.26   data arrival time
-----------------------------------------------------------------------------
                                  1.99   slack (MET)


Startpoint: b[0] (input port clocked by clk)
Endpoint: sum[1] (output port clocked by clk)
Path Group: clk
Path Type: max
Corner: tt

Fanout     Cap    Slew   Delay    Time   Description
-----------------------------------------------------------------------------
                  0.00    0.00    0.00   clock clk (rise edge)
                          0.00    0.00   clock network delay (ideal)
                          0.00    0.00 v input external delay
                  0.01    0.01    0.01 v b[0] (in)
     1    0.00                           b[0] (net)
                  0.01    0.00    0.01 v input9/A (sky130_fd_sc_hd__clkbuf_1)
                  0.06    0.11    0.11 v input9/X (sky130_fd_sc_hd__clkbuf_1)
     2    0.01                           net9 (net)
                  0.06    0.00    0.11 v _43_/A (sky130_fd_sc_hd__or2_1)
                  0.06    0.26    0.37 v _43_/X (sky130_fd_sc_hd__or2_1)
     2    0.01                           _08_ (net)
                  0.06    0.00    0.37 v _45_/A2 (sky130_fd_sc_hd__a21bo_1)
                  0.06    0.23    0.60 v _45_/X (sky130_fd_sc_hd__a21bo_1)
     2    0.01                           _10_ (net)
                  0.06    0.00    0.60 v _65_/A (sky130_fd_sc_hd__xnor2_1)
                  0.17    0.20    0.79 ^ _65_/Y (sky130_fd_sc_hd__xnor2_1)
     1    0.01                           net20 (net)
                  0.17    0.00    0.79 ^ output20/A (sky130_fd_sc_hd__buf_2)
                  0.17    0.25    1.05 ^ output20/X (sky130_fd_sc_hd__buf_2)
     1    0.03                           sum[1] (net)
                  0.17    0.00    1.05 ^ sum[1] (out)
                                  1.05   data arrival time

                  0.00    3.50    3.50   clock clk (rise edge)
                          0.00    3.50   clock network delay (ideal)
                         -0.25    3.25   clock uncertainty
                          0.00    3.25   clock reconvergence pessimism
                          0.00    3.25   output external delay
                                  3.25   data required time
-----------------------------------------------------------------------------
                                  3.25   data required time
                                 -1.05   data arrival time
-----------------------------------------------------------------------------
                                  2.20   slack (MET)


Startpoint: b[0] (input port clocked by clk)
Endpoint: sum[0] (output port clocked by clk)
Path Group: clk
Path Type: max
Corner: tt

Fanout     Cap    Slew   Delay    Time   Description
-----------------------------------------------------------------------------
                  0.00    0.00    0.00   clock clk (rise edge)
                          0.00    0.00   clock network delay (ideal)
                          0.00    0.00 v input external delay
                  0.01    0.01    0.01 v b[0] (in)
     1    0.00                           b[0] (net)
                  0.01    0.00    0.01 v input9/A (sky130_fd_sc_hd__clkbuf_1)
                  0.06    0.11    0.11 v input9/X (sky130_fd_sc_hd__clkbuf_1)
     2    0.01                           net9 (net)
                  0.06    0.00    0.11 v _43_/A (sky130_fd_sc_hd__or2_1)
                  0.06    0.26    0.37 v _43_/X (sky130_fd_sc_hd__or2_1)
     2    0.01                           _08_ (net)
                  0.06    0.00    0.37 v _62_/B (sky130_fd_sc_hd__nand2_1)
                  0.07    0.09    0.46 ^ _62_/Y (sky130_fd_sc_hd__nand2_1)
     1    0.01                           _26_ (net)
                  0.07    0.00    0.46 ^ _63_/B (sky130_fd_sc_hd__xnor2_1)
                  0.16    0.14    0.60 ^ _63_/Y (sky130_fd_sc_hd__xnor2_1)
     1    0.01                           net19 (net)
                  0.16    0.00    0.60 ^ output19/A (sky130_fd_sc_hd__buf_2)
                  0.17    0.25    0.85 ^ output19/X (sky130_fd_sc_hd__buf_2)
     1    0.03                           sum[0] (net)
                  0.17    0.00    0.85 ^ sum[0] (out)
                                  0.85   data arrival time

                  0.00    3.50    3.50   clock clk (rise edge)
                          0.00    3.50   clock network delay (ideal)
                         -0.25    3.25   clock uncertainty
                          0.00    3.25   clock reconvergence pessimism
                          0.00    3.25   output external delay
                                  3.25   data required time
-----------------------------------------------------------------------------
                                  3.25   data required time
                                 -0.85   data arrival time
-----------------------------------------------------------------------------
                                  2.40   slack (MET)



======================= Fastest Corner ===================================

Startpoint: a[0] (input port clocked by clk)
Endpoint: cout (output port clocked by clk)
Path Group: clk
Path Type: max
Corner: ff

Fanout     Cap    Slew   Delay    Time   Description
-----------------------------------------------------------------------------
                  0.00    0.00    0.00   clock clk (rise edge)
                          0.00    0.00   clock network delay (ideal)
                          0.00    0.00 ^ input external delay
                  0.02    0.01    0.01 ^ a[0] (in)
     1    0.00                           a[0] (net)
                  0.02    0.00    0.01 ^ input1/A (sky130_fd_sc_hd__clkbuf_1)
                  0.10    0.10    0.11 ^ input1/X (sky130_fd_sc_hd__clkbuf_1)
     2    0.01                           net1 (net)
                  0.10    0.00    0.11 ^ _43_/B (sky130_fd_sc_hd__or2_1)
                  0.05    0.09    0.20 ^ _43_/X (sky130_fd_sc_hd__or2_1)
     2    0.01                           _08_ (net)
                  0.05    0.00    0.20 ^ _45_/A2 (sky130_fd_sc_hd__a21bo_1)
                  0.06    0.09    0.29 ^ _45_/X (sky130_fd_sc_hd__a21bo_1)
     2    0.01                           _10_ (net)
                  0.06    0.00    0.29 ^ _48_/A1 (sky130_fd_sc_hd__a21bo_1)
                  0.10    0.12    0.42 ^ _48_/X (sky130_fd_sc_hd__a21bo_1)
     3    0.01                           _13_ (net)
                  0.10    0.00    0.42 ^ _49_/B (sky130_fd_sc_hd__nand2_1)
                  0.06    0.05    0.47 v _49_/Y (sky130_fd_sc_hd__nand2_1)
     2    0.01                           _14_ (net)
                  0.06    0.00    0.47 v _57_/A1 (sky130_fd_sc_hd__a2111o_1)
                  0.07    0.27    0.74 v _57_/X (sky130_fd_sc_hd__a2111o_1)
     2    0.01                           _22_ (net)
                  0.07    0.00    0.74 v _59_/A4 (sky130_fd_sc_hd__a41oi_4)
                  0.15    0.19    0.93 ^ _59_/Y (sky130_fd_sc_hd__a41oi_4)
     2    0.01                           _24_ (net)
                  0.15    0.00    0.93 ^ _61_/A2 (sky130_fd_sc_hd__a21bo_1)
                  0.06    0.11    1.04 ^ _61_/X (sky130_fd_sc_hd__a21bo_1)
     1    0.01                           net18 (net)
                  0.06    0.00    1.04 ^ output18/A (sky130_fd_sc_hd__buf_2)
                  0.13    0.15    1.19 ^ output18/X (sky130_fd_sc_hd__buf_2)
     1    0.03                           cout (net)
                  0.13    0.00    1.19 ^ cout (out)
                                  1.19   data arrival time

                  0.00    3.50    3.50   clock clk (rise edge)
                          0.00    3.50   clock network delay (ideal)
                         -0.25    3.25   clock uncertainty
                          0.00    3.25   clock reconvergence pessimism
                          0.00    3.25   output external delay
                                  3.25   data required time
-----------------------------------------------------------------------------
                                  3.25   data required time
                                 -1.19   data arrival time
-----------------------------------------------------------------------------
                                  2.06   slack (MET)


Startpoint: a[0] (input port clocked by clk)
Endpoint: sum[7] (output port clocked by clk)
Path Group: clk
Path Type: max
Corner: ff

Fanout     Cap    Slew   Delay    Time   Description
-----------------------------------------------------------------------------
                  0.00    0.00    0.00   clock clk (rise edge)
                          0.00    0.00   clock network delay (ideal)
                          0.00    0.00 ^ input external delay
                  0.02    0.01    0.01 ^ a[0] (in)
     1    0.00                           a[0] (net)
                  0.02    0.00    0.01 ^ input1/A (sky130_fd_sc_hd__clkbuf_1)
                  0.10    0.10    0.11 ^ input1/X (sky130_fd_sc_hd__clkbuf_1)
     2    0.01                           net1 (net)
                  0.10    0.00    0.11 ^ _43_/B (sky130_fd_sc_hd__or2_1)
                  0.05    0.09    0.20 ^ _43_/X (sky130_fd_sc_hd__or2_1)
     2    0.01                           _08_ (net)
                  0.05    0.00    0.20 ^ _45_/A2 (sky130_fd_sc_hd__a21bo_1)
                  0.06    0.09    0.29 ^ _45_/X (sky130_fd_sc_hd__a21bo_1)
     2    0.01                           _10_ (net)
                  0.06    0.00    0.29 ^ _48_/A1 (sky130_fd_sc_hd__a21bo_1)
                  0.10    0.12    0.42 ^ _48_/X (sky130_fd_sc_hd__a21bo_1)
     3    0.01                           _13_ (net)
                  0.10    0.00    0.42 ^ _49_/B (sky130_fd_sc_hd__nand2_1)
                  0.06    0.05    0.47 v _49_/Y (sky130_fd_sc_hd__nand2_1)
     2    0.01                           _14_ (net)
                  0.06    0.00    0.47 v _57_/A1 (sky130_fd_sc_hd__a2111o_1)
                  0.07    0.27    0.74 v _57_/X (sky130_fd_sc_hd__a2111o_1)
     2    0.01                           _22_ (net)
                  0.07    0.00    0.74 v _59_/A4 (sky130_fd_sc_hd__a41oi_4)
                  0.15    0.19    0.93 ^ _59_/Y (sky130_fd_sc_hd__a41oi_4)
     2    0.01                           _24_ (net)
                  0.15    0.00    0.93 ^ _78_/A (sky130_fd_sc_hd__xnor2_1)
                  0.09    0.09    1.02 ^ _78_/Y (sky130_fd_sc_hd__xnor2_1)
     1    0.00                           net26 (net)
                  0.09    0.00    1.02 ^ output26/A (sky130_fd_sc_hd__buf_2)
                  0.13    0.16    1.18 ^ output26/X (sky130_fd_sc_hd__buf_2)
     1    0.03                           sum[7] (net)
                  0.13    0.00    1.18 ^ sum[7] (out)
                                  1.18   data arrival time

                  0.00    3.50    3.50   clock clk (rise edge)
                          0.00    3.50   clock network delay (ideal)
                         -0.25    3.25   clock uncertainty
                          0.00    3.25   clock reconvergence pessimism
                          0.00    3.25   output external delay
                                  3.25   data required time
-----------------------------------------------------------------------------
                                  3.25   data required time
                                 -1.18   data arrival time
-----------------------------------------------------------------------------
                                  2.07   slack (MET)


Startpoint: a[0] (input port clocked by clk)
Endpoint: sum[6] (output port clocked by clk)
Path Group: clk
Path Type: max
Corner: ff

Fanout     Cap    Slew   Delay    Time   Description
-----------------------------------------------------------------------------
                  0.00    0.00    0.00   clock clk (rise edge)
                          0.00    0.00   clock network delay (ideal)
                          0.00    0.00 ^ input external delay
                  0.02    0.01    0.01 ^ a[0] (in)
     1    0.00                           a[0] (net)
                  0.02    0.00    0.01 ^ input1/A (sky130_fd_sc_hd__clkbuf_1)
                  0.10    0.10    0.11 ^ input1/X (sky130_fd_sc_hd__clkbuf_1)
     2    0.01                           net1 (net)
                  0.10    0.00    0.11 ^ _43_/B (sky130_fd_sc_hd__or2_1)
                  0.05    0.09    0.20 ^ _43_/X (sky130_fd_sc_hd__or2_1)
     2    0.01                           _08_ (net)
                  0.05    0.00    0.20 ^ _45_/A2 (sky130_fd_sc_hd__a21bo_1)
                  0.06    0.09    0.29 ^ _45_/X (sky130_fd_sc_hd__a21bo_1)
     2    0.01                           _10_ (net)
                  0.06    0.00    0.29 ^ _48_/A1 (sky130_fd_sc_hd__a21bo_1)
                  0.10    0.12    0.42 ^ _48_/X (sky130_fd_sc_hd__a21bo_1)
     3    0.01                           _13_ (net)
                  0.10    0.00    0.42 ^ _49_/B (sky130_fd_sc_hd__nand2_1)
                  0.06    0.05    0.47 v _49_/Y (sky130_fd_sc_hd__nand2_1)
     2    0.01                           _14_ (net)
                  0.06    0.00    0.47 v _57_/A1 (sky130_fd_sc_hd__a2111o_1)
                  0.07    0.27    0.74 v _57_/X (sky130_fd_sc_hd__a2111o_1)
     2    0.01                           _22_ (net)
                  0.07    0.00    0.74 v _74_/C (sky130_fd_sc_hd__and3_1)
                  0.04    0.14    0.88 v _74_/X (sky130_fd_sc_hd__and3_1)
     1    0.01                           _32_ (net)
                  0.04    0.00    0.88 v _76_/A (sky130_fd_sc_hd__xnor2_1)
                  0.09    0.11    0.99 ^ _76_/Y (sky130_fd_sc_hd__xnor2_1)
     1    0.00                           net25 (net)
                  0.09    0.00    0.99 ^ output25/A (sky130_fd_sc_hd__buf_2)
                  0.14    0.17    1.16 ^ output25/X (sky130_fd_sc_hd__buf_2)
     1    0.03                           sum[6] (net)
                  0.14    0.00    1.16 ^ sum[6] (out)
                                  1.16   data arrival time

                  0.00    3.50    3.50   clock clk (rise edge)
                          0.00    3.50   clock network delay (ideal)
                         -0.25    3.25   clock uncertainty
                          0.00    3.25   clock reconvergence pessimism
                          0.00    3.25   output external delay
                                  3.25   data required time
-----------------------------------------------------------------------------
                                  3.25   data required time
                                 -1.16   data arrival time
-----------------------------------------------------------------------------
                                  2.09   slack (MET)


Startpoint: b[0] (input port clocked by clk)
Endpoint: sum[5] (output port clocked by clk)
Path Group: clk
Path Type: max
Corner: ff

Fanout     Cap    Slew   Delay    Time   Description
-----------------------------------------------------------------------------
                  0.00    0.00    0.00   clock clk (rise edge)
                          0.00    0.00   clock network delay (ideal)
                          0.00    0.00 v input external delay
                  0.01    0.00    0.00 v b[0] (in)
     1    0.00                           b[0] (net)
                  0.01    0.00    0.00 v input9/A (sky130_fd_sc_hd__clkbuf_1)
                  0.04    0.07    0.07 v input9/X (sky130_fd_sc_hd__clkbuf_1)
     2    0.01                           net9 (net)
                  0.04    0.00    0.07 v _43_/A (sky130_fd_sc_hd__or2_1)
                  0.04    0.15    0.23 v _43_/X (sky130_fd_sc_hd__or2_1)
     2    0.01                           _08_ (net)
                  0.04    0.00    0.23 v _45_/A2 (sky130_fd_sc_hd__a21bo_1)
                  0.04    0.15    0.37 v _45_/X (sky130_fd_sc_hd__a21bo_1)
     2    0.01                           _10_ (net)
                  0.04    0.00    0.37 v _48_/A1 (sky130_fd_sc_hd__a21bo_1)
                  0.06    0.14    0.52 v _48_/X (sky130_fd_sc_hd__a21bo_1)
     3    0.01                           _13_ (net)
                  0.06    0.00    0.52 v _49_/B (sky130_fd_sc_hd__nand2_1)
                  0.06    0.08    0.60 ^ _49_/Y (sky130_fd_sc_hd__nand2_1)
     2    0.01                           _14_ (net)
                  0.06    0.00    0.60 ^ _70_/A1 (sky130_fd_sc_hd__a21oi_1)
                  0.06    0.07    0.66 v _70_/Y (sky130_fd_sc_hd__a21oi_1)
     2    0.01                           _30_ (net)
                  0.06    0.00    0.66 v _72_/A2 (sky130_fd_sc_hd__a21bo_1)
                  0.03    0.15    0.81 v _72_/X (sky130_fd_sc_hd__a21bo_1)
     1    0.01                           _31_ (net)
                  0.03    0.00    0.81 v _73_/B (sky130_fd_sc_hd__xnor2_1)
                  0.09    0.10    0.91 ^ _73_/Y (sky130_fd_sc_hd__xnor2_1)
     1    0.00                           net24 (net)
                  0.09    0.00    0.91 ^ output24/A (sky130_fd_sc_hd__buf_2)
                  0.13    0.16    1.07 ^ output24/X (sky130_fd_sc_hd__buf_2)
     1    0.03                           sum[5] (net)
                  0.13    0.00    1.07 ^ sum[5] (out)
                                  1.07   data arrival time

                  0.00    3.50    3.50   clock clk (rise edge)
                          0.00    3.50   clock network delay (ideal)
                         -0.25    3.25   clock uncertainty
                          0.00    3.25   clock reconvergence pessimism
                          0.00    3.25   output external delay
                                  3.25   data required time
-----------------------------------------------------------------------------
                                  3.25   data required time
                                 -1.07   data arrival time
-----------------------------------------------------------------------------
                                  2.18   slack (MET)


Startpoint: b[0] (input port clocked by clk)
Endpoint: sum[4] (output port clocked by clk)
Path Group: clk
Path Type: max
Corner: ff

Fanout     Cap    Slew   Delay    Time   Description
-----------------------------------------------------------------------------
                  0.00    0.00    0.00   clock clk (rise edge)
                          0.00    0.00   clock network delay (ideal)
                          0.00    0.00 v input external delay
                  0.01    0.00    0.00 v b[0] (in)
     1    0.00                           b[0] (net)
                  0.01    0.00    0.00 v input9/A (sky130_fd_sc_hd__clkbuf_1)
                  0.04    0.07    0.07 v input9/X (sky130_fd_sc_hd__clkbuf_1)
     2    0.01                           net9 (net)
                  0.04    0.00    0.07 v _43_/A (sky130_fd_sc_hd__or2_1)
                  0.04    0.15    0.23 v _43_/X (sky130_fd_sc_hd__or2_1)
     2    0.01                           _08_ (net)
                  0.04    0.00    0.23 v _45_/A2 (sky130_fd_sc_hd__a21bo_1)
                  0.04    0.15    0.37 v _45_/X (sky130_fd_sc_hd__a21bo_1)
     2    0.01                           _10_ (net)
                  0.04    0.00    0.37 v _48_/A1 (sky130_fd_sc_hd__a21bo_1)
                  0.06    0.14    0.52 v _48_/X (sky130_fd_sc_hd__a21bo_1)
     3    0.01                           _13_ (net)
                  0.06    0.00    0.52 v _49_/B (sky130_fd_sc_hd__nand2_1)
                  0.06    0.08    0.60 ^ _49_/Y (sky130_fd_sc_hd__nand2_1)
     2    0.01                           _14_ (net)
                  0.06    0.00    0.60 ^ _70_/A1 (sky130_fd_sc_hd__a21oi_1)
                  0.06    0.07    0.66 v _70_/Y (sky130_fd_sc_hd__a21oi_1)
     2    0.01                           _30_ (net)
                  0.06    0.00    0.66 v _71_/B (sky130_fd_sc_hd__xnor2_1)
                  0.10    0.12    0.78 ^ _71_/Y (sky130_fd_sc_hd__xnor2_1)
     1    0.00                           net23 (net)
                  0.10    0.00    0.78 ^ output23/A (sky130_fd_sc_hd__buf_2)
                  0.13    0.16    0.94 ^ output23/X (sky130_fd_sc_hd__buf_2)
     1    0.03                           sum[4] (net)
                  0.13    0.00    0.95 ^ sum[4] (out)
                                  0.95   data arrival time

                  0.00    3.50    3.50   clock clk (rise edge)
                          0.00    3.50   clock network delay (ideal)
                         -0.25    3.25   clock uncertainty
                          0.00    3.25   clock reconvergence pessimism
                          0.00    3.25   output external delay
                                  3.25   data required time
-----------------------------------------------------------------------------
                                  3.25   data required time
                                 -0.95   data arrival time
-----------------------------------------------------------------------------
                                  2.30   slack (MET)


Startpoint: b[0] (input port clocked by clk)
Endpoint: sum[3] (output port clocked by clk)
Path Group: clk
Path Type: max
Corner: ff

Fanout     Cap    Slew   Delay    Time   Description
-----------------------------------------------------------------------------
                  0.00    0.00    0.00   clock clk (rise edge)
                          0.00    0.00   clock network delay (ideal)
                          0.00    0.00 v input external delay
                  0.01    0.00    0.00 v b[0] (in)
     1    0.00                           b[0] (net)
                  0.01    0.00    0.00 v input9/A (sky130_fd_sc_hd__clkbuf_1)
                  0.04    0.07    0.07 v input9/X (sky130_fd_sc_hd__clkbuf_1)
     2    0.01                           net9 (net)
                  0.04    0.00    0.07 v _43_/A (sky130_fd_sc_hd__or2_1)
                  0.04    0.15    0.23 v _43_/X (sky130_fd_sc_hd__or2_1)
     2    0.01                           _08_ (net)
                  0.04    0.00    0.23 v _45_/A2 (sky130_fd_sc_hd__a21bo_1)
                  0.04    0.15    0.37 v _45_/X (sky130_fd_sc_hd__a21bo_1)
     2    0.01                           _10_ (net)
                  0.04    0.00    0.37 v _48_/A1 (sky130_fd_sc_hd__a21bo_1)
                  0.06    0.14    0.52 v _48_/X (sky130_fd_sc_hd__a21bo_1)
     3    0.01                           _13_ (net)
                  0.06    0.00    0.52 v _68_/A2 (sky130_fd_sc_hd__a21o_1)
                  0.03    0.13    0.65 v _68_/X (sky130_fd_sc_hd__a21o_1)
     1    0.01                           _29_ (net)
                  0.03    0.00    0.65 v _69_/B (sky130_fd_sc_hd__xnor2_1)
                  0.09    0.09    0.75 ^ _69_/Y (sky130_fd_sc_hd__xnor2_1)
     1    0.00                           net22 (net)
                  0.09    0.00    0.75 ^ output22/A (sky130_fd_sc_hd__buf_2)
                  0.13    0.16    0.91 ^ output22/X (sky130_fd_sc_hd__buf_2)
     1    0.03                           sum[3] (net)
                  0.13    0.00    0.91 ^ sum[3] (out)
                                  0.91   data arrival time

                  0.00    3.50    3.50   clock clk (rise edge)
                          0.00    3.50   clock network delay (ideal)
                         -0.25    3.25   clock uncertainty
                          0.00    3.25   clock reconvergence pessimism
                          0.00    3.25   output external delay
                                  3.25   data required time
-----------------------------------------------------------------------------
                                  3.25   data required time
                                 -0.91   data arrival time
-----------------------------------------------------------------------------
                                  2.34   slack (MET)


Startpoint: b[0] (input port clocked by clk)
Endpoint: sum[2] (output port clocked by clk)
Path Group: clk
Path Type: max
Corner: ff

Fanout     Cap    Slew   Delay    Time   Description
-----------------------------------------------------------------------------
                  0.00    0.00    0.00   clock clk (rise edge)
                          0.00    0.00   clock network delay (ideal)
                          0.00    0.00 v input external delay
                  0.01    0.00    0.00 v b[0] (in)
     1    0.00                           b[0] (net)
                  0.01    0.00    0.00 v input9/A (sky130_fd_sc_hd__clkbuf_1)
                  0.04    0.07    0.07 v input9/X (sky130_fd_sc_hd__clkbuf_1)
     2    0.01                           net9 (net)
                  0.04    0.00    0.07 v _43_/A (sky130_fd_sc_hd__or2_1)
                  0.04    0.15    0.23 v _43_/X (sky130_fd_sc_hd__or2_1)
     2    0.01                           _08_ (net)
                  0.04    0.00    0.23 v _45_/A2 (sky130_fd_sc_hd__a21bo_1)
                  0.04    0.15    0.37 v _45_/X (sky130_fd_sc_hd__a21bo_1)
     2    0.01                           _10_ (net)
                  0.04    0.00    0.37 v _48_/A1 (sky130_fd_sc_hd__a21bo_1)
                  0.06    0.14    0.52 v _48_/X (sky130_fd_sc_hd__a21bo_1)
     3    0.01                           _13_ (net)
                  0.06    0.00    0.52 v _66_/B (sky130_fd_sc_hd__xor2_1)
                  0.12    0.13    0.65 ^ _66_/X (sky130_fd_sc_hd__xor2_1)
     1    0.01                           net21 (net)
                  0.12    0.00    0.65 ^ output21/A (sky130_fd_sc_hd__buf_2)
                  0.13    0.17    0.82 ^ output21/X (sky130_fd_sc_hd__buf_2)
     1    0.03                           sum[2] (net)
                  0.13    0.00    0.82 ^ sum[2] (out)
                                  0.82   data arrival time

                  0.00    3.50    3.50   clock clk (rise edge)
                          0.00    3.50   clock network delay (ideal)
                         -0.25    3.25   clock uncertainty
                          0.00    3.25   clock reconvergence pessimism
                          0.00    3.25   output external delay
                                  3.25   data required time
-----------------------------------------------------------------------------
                                  3.25   data required time
                                 -0.82   data arrival time
-----------------------------------------------------------------------------
                                  2.43   slack (MET)


Startpoint: b[0] (input port clocked by clk)
Endpoint: sum[1] (output port clocked by clk)
Path Group: clk
Path Type: max
Corner: ff

Fanout     Cap    Slew   Delay    Time   Description
-----------------------------------------------------------------------------
                  0.00    0.00    0.00   clock clk (rise edge)
                          0.00    0.00   clock network delay (ideal)
                          0.00    0.00 v input external delay
                  0.01    0.00    0.00 v b[0] (in)
     1    0.00                           b[0] (net)
                  0.01    0.00    0.00 v input9/A (sky130_fd_sc_hd__clkbuf_1)
                  0.04    0.07    0.07 v input9/X (sky130_fd_sc_hd__clkbuf_1)
     2    0.01                           net9 (net)
                  0.04    0.00    0.07 v _43_/A (sky130_fd_sc_hd__or2_1)
                  0.04    0.15    0.23 v _43_/X (sky130_fd_sc_hd__or2_1)
     2    0.01                           _08_ (net)
                  0.04    0.00    0.23 v _45_/A2 (sky130_fd_sc_hd__a21bo_1)
                  0.04    0.15    0.37 v _45_/X (sky130_fd_sc_hd__a21bo_1)
     2    0.01                           _10_ (net)
                  0.04    0.00    0.37 v _65_/A (sky130_fd_sc_hd__xnor2_1)
                  0.12    0.14    0.51 ^ _65_/Y (sky130_fd_sc_hd__xnor2_1)
     1    0.01                           net20 (net)
                  0.12    0.00    0.51 ^ output20/A (sky130_fd_sc_hd__buf_2)
                  0.13    0.17    0.68 ^ output20/X (sky130_fd_sc_hd__buf_2)
     1    0.03                           sum[1] (net)
                  0.13    0.00    0.68 ^ sum[1] (out)
                                  0.68   data arrival time

                  0.00    3.50    3.50   clock clk (rise edge)
                          0.00    3.50   clock network delay (ideal)
                         -0.25    3.25   clock uncertainty
                          0.00    3.25   clock reconvergence pessimism
                          0.00    3.25   output external delay
                                  3.25   data required time
-----------------------------------------------------------------------------
                                  3.25   data required time
                                 -0.68   data arrival time
-----------------------------------------------------------------------------
                                  2.57   slack (MET)


Startpoint: b[0] (input port clocked by clk)
Endpoint: sum[0] (output port clocked by clk)
Path Group: clk
Path Type: max
Corner: ff

Fanout     Cap    Slew   Delay    Time   Description
-----------------------------------------------------------------------------
                  0.00    0.00    0.00   clock clk (rise edge)
                          0.00    0.00   clock network delay (ideal)
                          0.00    0.00 v input external delay
                  0.01    0.00    0.00 v b[0] (in)
     1    0.00                           b[0] (net)
                  0.01    0.00    0.00 v input9/A (sky130_fd_sc_hd__clkbuf_1)
                  0.04    0.07    0.07 v input9/X (sky130_fd_sc_hd__clkbuf_1)
     2    0.01                           net9 (net)
                  0.04    0.00    0.07 v _43_/A (sky130_fd_sc_hd__or2_1)
                  0.04    0.15    0.23 v _43_/X (sky130_fd_sc_hd__or2_1)
     2    0.01                           _08_ (net)
                  0.04    0.00    0.23 v _62_/B (sky130_fd_sc_hd__nand2_1)
                  0.05    0.06    0.29 ^ _62_/Y (sky130_fd_sc_hd__nand2_1)
     1    0.01                           _26_ (net)
                  0.05    0.00    0.29 ^ _63_/B (sky130_fd_sc_hd__xnor2_1)
                  0.12    0.09    0.38 ^ _63_/Y (sky130_fd_sc_hd__xnor2_1)
     1    0.01                           net19 (net)
                  0.12    0.00    0.38 ^ output19/A (sky130_fd_sc_hd__buf_2)
                  0.13    0.17    0.55 ^ output19/X (sky130_fd_sc_hd__buf_2)
     1    0.03                           sum[0] (net)
                  0.13    0.00    0.55 ^ sum[0] (out)
                                  0.55   data arrival time

                  0.00    3.50    3.50   clock clk (rise edge)
                          0.00    3.50   clock network delay (ideal)
                         -0.25    3.25   clock uncertainty
                          0.00    3.25   clock reconvergence pessimism
                          0.00    3.25   output external delay
                                  3.25   data required time
-----------------------------------------------------------------------------
                                  3.25   data required time
                                 -0.55   data arrival time
-----------------------------------------------------------------------------
                                  2.70   slack (MET)


