Warning - class CORE ANTENNACELL is not found. This message can be ignored if not in the antenna-avoid flow

Net - a[0]
  input1  (sky130_fd_sc_hd__clkbuf_1)  A
[1]  met2:
  PAR:    6.03  Ratio:    0.00       (Area)
  PAR:   30.67  Ratio:  400.00       (S.Area)
  CAR:    6.54  Ratio:    0.00       (C.Area)
  CAR:   33.39  Ratio:    0.00       (C.S.Area)

[1]  met1:
  PAR:    0.43  Ratio:    0.00       (Area)
  PAR:    2.64  Ratio:  400.00       (S.Area)
  CAR:    0.50  Ratio:    0.00       (C.Area)
  CAR:    2.72  Ratio:    0.00       (C.S.Area)

[1]  li1:
  PAR:    0.07  Ratio:    0.00       (Area)
  PAR:    0.09  Ratio:   75.00       (S.Area)
  CAR:    0.07  Ratio:    0.00       (C.Area)
  CAR:    0.09  Ratio:    0.00       (C.S.Area)

[1]  M1M2_PR:
  PAR:    0.11  Ratio:    6.00       (Area)
  CAR:    0.26  Ratio:    0.00       (C.Area)

[1]  L1M1_PR:
  PAR:    0.15  Ratio:    3.00       (Area)
  CAR:    0.15  Ratio:    0.00       (C.Area)


Net - a[1]
  input2  (sky130_fd_sc_hd__clkbuf_1)  A
[1]  met3:
  PAR:    9.11  Ratio:    0.00       (Area)
  PAR:   50.98  Ratio:  400.00       (S.Area)
  CAR:   10.04  Ratio:    0.00       (C.Area)
  CAR:   55.84  Ratio:    0.00       (C.S.Area)

[1]  met2:
  PAR:    0.76  Ratio:    0.00       (Area)
  PAR:    4.27  Ratio:  400.00       (S.Area)
  CAR:    0.93  Ratio:    0.00       (C.Area)
  CAR:    4.86  Ratio:    0.00       (C.S.Area)

[1]  met1:
  PAR:    0.10  Ratio:    0.00       (Area)
  PAR:    0.50  Ratio:  400.00       (S.Area)
  CAR:    0.17  Ratio:    0.00       (C.Area)
  CAR:    0.59  Ratio:    0.00       (C.S.Area)

[1]  li1:
  PAR:    0.07  Ratio:    0.00       (Area)
  PAR:    0.09  Ratio:   75.00       (S.Area)
  CAR:    0.07  Ratio:    0.00       (C.Area)
  CAR:    0.09  Ratio:    0.00       (C.S.Area)

[1]  M2M3_PR:
  PAR:    0.20  Ratio:    6.00       (Area)
  CAR:    0.47  Ratio:    0.00       (C.Area)

[1]  M1M2_PR:
  PAR:    0.11  Ratio:    6.00       (Area)
  CAR:    0.26  Ratio:    0.00       (C.Area)

[1]  L1M1_PR:
  PAR:    0.15  Ratio:    3.00       (Area)
  CAR:    0.15  Ratio:    0.00       (C.Area)


Net - a[2]
  input3  (sky130_fd_sc_hd__dlymetal6s2s_1)  A
[1]  met2:
  PAR:    9.79  Ratio:    0.00       (Area)
  PAR:   49.72  Ratio:  400.00       (S.Area)
  CAR:   20.79  Ratio:    0.00       (C.Area)
  CAR:  105.08  Ratio:    0.00       (C.S.Area)

[1]  met1:
  PAR:   10.89  Ratio:    0.00       (Area)
  PAR:   55.22  Ratio:  400.00       (S.Area)
  CAR:   11.00  Ratio:    0.00       (C.Area)
  CAR:   55.36  Ratio:    0.00       (C.S.Area)

[1]  li1:
  PAR:    0.11  Ratio:    0.00       (Area)
  PAR:    0.13  Ratio:   75.00       (S.Area)
  CAR:    0.11  Ratio:    0.00       (C.Area)
  CAR:    0.13  Ratio:    0.00       (C.S.Area)

[1]  M1M2_PR:
  PAR:    0.18  Ratio:    6.00       (Area)
  CAR:    0.41  Ratio:    0.00       (C.Area)

[1]  L1M1_PR:
  PAR:    0.23  Ratio:    3.00       (Area)
  CAR:    0.23  Ratio:    0.00       (C.Area)


Net - a[3]
  input4  (sky130_fd_sc_hd__clkbuf_1)  A
[1]  met3:
  PAR:    6.30  Ratio:    0.00       (Area)
  PAR:   36.00  Ratio:  400.00       (S.Area)
  CAR:    7.47  Ratio:    0.00       (C.Area)
  CAR:   42.07  Ratio:    0.00       (C.S.Area)

[1]  met2:
  PAR:    1.00  Ratio:    0.00       (Area)
  PAR:    5.49  Ratio:  400.00       (S.Area)
  CAR:    1.17  Ratio:    0.00       (C.Area)
  CAR:    6.07  Ratio:    0.00       (C.S.Area)

[1]  met1:
  PAR:    0.10  Ratio:    0.00       (Area)
  PAR:    0.50  Ratio:  400.00       (S.Area)
  CAR:    0.17  Ratio:    0.00       (C.Area)
  CAR:    0.59  Ratio:    0.00       (C.S.Area)

[1]  li1:
  PAR:    0.07  Ratio:    0.00       (Area)
  PAR:    0.09  Ratio:   75.00       (S.Area)
  CAR:    0.07  Ratio:    0.00       (C.Area)
  CAR:    0.09  Ratio:    0.00       (C.S.Area)

[1]  M2M3_PR:
  PAR:    0.20  Ratio:    6.00       (Area)
  CAR:    0.47  Ratio:    0.00       (C.Area)

[1]  M1M2_PR:
  PAR:    0.11  Ratio:    6.00       (Area)
  CAR:    0.26  Ratio:    0.00       (C.Area)

[1]  L1M1_PR:
  PAR:    0.15  Ratio:    3.00       (Area)
  CAR:    0.15  Ratio:    0.00       (C.Area)


Net - b[0]
  input5  (sky130_fd_sc_hd__clkbuf_1)  A
[1]  met3:
  PAR:    6.30  Ratio:    0.00       (Area)
  PAR:   36.00  Ratio:  400.00       (S.Area)
  CAR:    7.71  Ratio:    0.00       (C.Area)
  CAR:   43.28  Ratio:    0.00       (C.S.Area)

[1]  met2:
  PAR:    1.24  Ratio:    0.00       (Area)
  PAR:    6.70  Ratio:  400.00       (S.Area)
  CAR:    1.41  Ratio:    0.00       (C.Area)
  CAR:    7.28  Ratio:    0.00       (C.S.Area)

[1]  met1:
  PAR:    0.10  Ratio:    0.00       (Area)
  PAR:    0.50  Ratio:  400.00       (S.Area)
  CAR:    0.17  Ratio:    0.00       (C.Area)
  CAR:    0.59  Ratio:    0.00       (C.S.Area)

[1]  li1:
  PAR:    0.07  Ratio:    0.00       (Area)
  PAR:    0.09  Ratio:   75.00       (S.Area)
  CAR:    0.07  Ratio:    0.00       (C.Area)
  CAR:    0.09  Ratio:    0.00       (C.S.Area)

[1]  M2M3_PR:
  PAR:    0.20  Ratio:    6.00       (Area)
  CAR:    0.47  Ratio:    0.00       (C.Area)

[1]  M1M2_PR:
  PAR:    0.11  Ratio:    6.00       (Area)
  CAR:    0.26  Ratio:    0.00       (C.Area)

[1]  L1M1_PR:
  PAR:    0.15  Ratio:    3.00       (Area)
  CAR:    0.15  Ratio:    0.00       (C.Area)


Net - b[1]
  input6  (sky130_fd_sc_hd__dlymetal6s2s_1)  A
[1]  met2:
  PAR:    9.41  Ratio:    0.00       (Area)
  PAR:   47.83  Ratio:  400.00       (S.Area)
  CAR:   17.35  Ratio:    0.00       (C.Area)
  CAR:   87.86  Ratio:    0.00       (C.S.Area)

[1]  met1:
  PAR:    7.82  Ratio:    0.00       (Area)
  PAR:   39.89  Ratio:  400.00       (S.Area)
  CAR:    7.94  Ratio:    0.00       (C.Area)
  CAR:   40.02  Ratio:    0.00       (C.S.Area)

[1]  li1:
  PAR:    0.11  Ratio:    0.00       (Area)
  PAR:    0.13  Ratio:   75.00       (S.Area)
  CAR:    0.11  Ratio:    0.00       (C.Area)
  CAR:    0.13  Ratio:    0.00       (C.S.Area)

[1]  M1M2_PR:
  PAR:    0.18  Ratio:    6.00       (Area)
  CAR:    0.41  Ratio:    0.00       (C.Area)

[1]  L1M1_PR:
  PAR:    0.23  Ratio:    3.00       (Area)
  CAR:    0.23  Ratio:    0.00       (C.Area)


Net - b[2]
  input7  (sky130_fd_sc_hd__clkbuf_1)  A
[1]  met2:
  PAR:    7.25  Ratio:    0.00       (Area)
  PAR:   36.73  Ratio:  400.00       (S.Area)
  CAR:    7.42  Ratio:    0.00       (C.Area)
  CAR:   37.31  Ratio:    0.00       (C.S.Area)

[1]  met1:
  PAR:    0.10  Ratio:    0.00       (Area)
  PAR:    0.50  Ratio:  400.00       (S.Area)
  CAR:    0.17  Ratio:    0.00       (C.Area)
  CAR:    0.59  Ratio:    0.00       (C.S.Area)

[1]  li1:
  PAR:    0.07  Ratio:    0.00       (Area)
  PAR:    0.09  Ratio:   75.00       (S.Area)
  CAR:    0.07  Ratio:    0.00       (C.Area)
  CAR:    0.09  Ratio:    0.00       (C.S.Area)

[1]  M1M2_PR:
  PAR:    0.11  Ratio:    6.00       (Area)
  CAR:    0.26  Ratio:    0.00       (C.Area)

[1]  L1M1_PR:
  PAR:    0.15  Ratio:    3.00       (Area)
  CAR:    0.15  Ratio:    0.00       (C.Area)


Net - b[3]
  input8  (sky130_fd_sc_hd__clkbuf_1)  A
[1]  met3:
  PAR:    9.11  Ratio:    0.00       (Area)
  PAR:   50.98  Ratio:  400.00       (S.Area)
  CAR:   12.70  Ratio:    0.00       (C.Area)
  CAR:   69.17  Ratio:    0.00       (C.S.Area)

[1]  met2:
  PAR:    3.42  Ratio:    0.00       (Area)
  PAR:   17.60  Ratio:  400.00       (S.Area)
  CAR:    3.59  Ratio:    0.00       (C.Area)
  CAR:   18.18  Ratio:    0.00       (C.S.Area)

[1]  met1:
  PAR:    0.10  Ratio:    0.00       (Area)
  PAR:    0.50  Ratio:  400.00       (S.Area)
  CAR:    0.17  Ratio:    0.00       (C.Area)
  CAR:    0.59  Ratio:    0.00       (C.S.Area)

[1]  li1:
  PAR:    0.07  Ratio:    0.00       (Area)
  PAR:    0.09  Ratio:   75.00       (S.Area)
  CAR:    0.07  Ratio:    0.00       (C.Area)
  CAR:    0.09  Ratio:    0.00       (C.S.Area)

[1]  M2M3_PR:
  PAR:    0.20  Ratio:    6.00       (Area)
  CAR:    0.47  Ratio:    0.00       (C.Area)

[1]  M1M2_PR:
  PAR:    0.11  Ratio:    6.00       (Area)
  CAR:    0.26  Ratio:    0.00       (C.Area)

[1]  L1M1_PR:
  PAR:    0.15  Ratio:    3.00       (Area)
  CAR:    0.15  Ratio:    0.00       (C.Area)


Net - cin
  input9  (sky130_fd_sc_hd__dlymetal6s2s_1)  A
[1]  met2:
  PAR:   10.92  Ratio:    0.00       (Area)
  PAR:   55.39  Ratio:  400.00       (S.Area)
  CAR:   14.26  Ratio:    0.00       (C.Area)
  CAR:   72.41  Ratio:    0.00       (C.S.Area)

[1]  met1:
  PAR:    3.22  Ratio:    0.00       (Area)
  PAR:   16.89  Ratio:  400.00       (S.Area)
  CAR:    3.34  Ratio:    0.00       (C.Area)
  CAR:   17.02  Ratio:    0.00       (C.S.Area)

[1]  li1:
  PAR:    0.11  Ratio:    0.00       (Area)
  PAR:    0.13  Ratio:   75.00       (S.Area)
  CAR:    0.11  Ratio:    0.00       (C.Area)
  CAR:    0.13  Ratio:    0.00       (C.S.Area)

[1]  M1M2_PR:
  PAR:    0.18  Ratio:    6.00       (Area)
  CAR:    0.41  Ratio:    0.00       (C.Area)

[1]  L1M1_PR:
  PAR:    0.23  Ratio:    3.00       (Area)
  CAR:    0.23  Ratio:    0.00       (C.Area)

  No sinks on this net
  No sinks on this net
  No sinks on this net
  No sinks on this net
  No sinks on this net

Net - _00_
  _21_  (sky130_fd_sc_hd__a2bb2o_1)  A1_N
[1]  met1:
  PAR:    4.74  Ratio:    0.00       (Area)
  PAR:   24.80  Ratio: 2865.04       (S.Area)
  CAR:    4.85  Ratio:    0.00       (C.Area)
  CAR:   24.94  Ratio:    0.00       (C.S.Area)

[1]  li1:
  PAR:    0.11  Ratio:    0.00       (Area)
  PAR:    0.13  Ratio:   75.00       (S.Area)
  CAR:    0.11  Ratio:    0.00       (C.Area)
  CAR:    0.13  Ratio:    0.00       (C.S.Area)

[1]  L1M1_PR:
  PAR:    0.23  Ratio:    3.00       (Area)
  CAR:    0.23  Ratio:    0.00       (C.Area)


Net - _01_
  _19_  (sky130_fd_sc_hd__and2_1)  A
[1]  met1:
  PAR:    7.16  Ratio:    0.00       (Area)
  PAR:   39.25  Ratio: 2775.60       (S.Area)
  CAR:    7.27  Ratio:    0.00       (C.Area)
  CAR:   39.38  Ratio:    0.00       (C.S.Area)

[1]  li1:
  PAR:    0.11  Ratio:    0.00       (Area)
  PAR:    0.13  Ratio:   75.00       (S.Area)
  CAR:    0.11  Ratio:    0.00       (C.Area)
  CAR:    0.13  Ratio:    0.00       (C.S.Area)

[1]  met2:
  PAR:    2.61  Ratio:    0.00       (Area)
  PAR:   13.37  Ratio: 2775.60       (S.Area)
  CAR:    9.88  Ratio:    0.00       (C.Area)
  CAR:   52.75  Ratio:    0.00       (C.S.Area)

[1]  M1M2_PR:
  PAR:    0.36  Ratio:    6.00       (Area)
  CAR:    0.59  Ratio:    0.00       (C.Area)

[1]  L1M1_PR:
  PAR:    0.23  Ratio:    3.00       (Area)
  CAR:    0.23  Ratio:    0.00       (C.Area)

  _21_  (sky130_fd_sc_hd__a2bb2o_1)  A2_N
[1]  met2:
  PAR:    2.61  Ratio:    0.00       (Area)
  PAR:   13.37  Ratio: 2775.60       (S.Area)
  CAR:    2.88  Ratio:    0.00       (C.Area)
  CAR:   14.28  Ratio:    0.00       (C.S.Area)

[1]  met1:
  PAR:    0.16  Ratio:    0.00       (Area)
  PAR:    0.78  Ratio:  400.00       (S.Area)
  CAR:    0.27  Ratio:    0.00       (C.Area)
  CAR:    0.91  Ratio:    0.00       (C.S.Area)

[1]  li1:
  PAR:    0.11  Ratio:    0.00       (Area)
  PAR:    0.13  Ratio:   75.00       (S.Area)
  CAR:    0.11  Ratio:    0.00       (C.Area)
  CAR:    0.13  Ratio:    0.00       (C.S.Area)

[1]  M1M2_PR:
  PAR:    0.18  Ratio:    6.00       (Area)
  CAR:    0.41  Ratio:    0.00       (C.Area)

[1]  L1M1_PR:
  PAR:    0.23  Ratio:    3.00       (Area)
  CAR:    0.23  Ratio:    0.00       (C.Area)

  _32_  (sky130_fd_sc_hd__a21oi_1)  A1
[1]  met1:
  PAR:    0.60  Ratio:    0.00       (Area)
  PAR:    3.39  Ratio:  400.00       (S.Area)
  CAR:    0.66  Ratio:    0.00       (C.Area)
  CAR:    3.46  Ratio:    0.00       (C.S.Area)

[1]  li1:
  PAR:    0.06  Ratio:    0.00       (Area)
  PAR:    0.07  Ratio:   75.00       (S.Area)
  CAR:    0.06  Ratio:    0.00       (C.Area)
  CAR:    0.07  Ratio:    0.00       (C.S.Area)

[1]  M1M2_PR:
  PAR:    0.09  Ratio:    6.00       (Area)
  CAR:    0.21  Ratio:    0.00       (C.Area)

[1]  L1M1_PR:
  PAR:    0.12  Ratio:    3.00       (Area)
  CAR:    0.12  Ratio:    0.00       (C.Area)

  _27_  (sky130_fd_sc_hd__a31o_1)  A1
[1]  met1:
  PAR:    0.08  Ratio:    0.00       (Area)
  PAR:    0.40  Ratio:  400.00       (S.Area)
  CAR:    0.14  Ratio:    0.00       (C.Area)
  CAR:    0.46  Ratio:    0.00       (C.S.Area)

[1]  li1:
  PAR:    0.06  Ratio:    0.00       (Area)
  PAR:    0.07  Ratio:   75.00       (S.Area)
  CAR:    0.06  Ratio:    0.00       (C.Area)
  CAR:    0.07  Ratio:    0.00       (C.S.Area)

[1]  M1M2_PR:
  PAR:    0.09  Ratio:    6.00       (Area)
  CAR:    0.21  Ratio:    0.00       (C.Area)

[1]  L1M1_PR:
  PAR:    0.12  Ratio:    3.00       (Area)
  CAR:    0.12  Ratio:    0.00       (C.Area)


Net - _02_
  _19_  (sky130_fd_sc_hd__and2_1)  B
[1]  met2:
  PAR:    2.83  Ratio:    0.00       (Area)
  PAR:   14.55  Ratio: 2806.80       (S.Area)
  CAR:    5.66  Ratio:    0.00       (C.Area)
  CAR:   29.01  Ratio:    0.00       (C.S.Area)

[1]  met1:
  PAR:    2.71  Ratio:    0.00       (Area)
  PAR:   14.33  Ratio:  400.00       (S.Area)
  CAR:    2.83  Ratio:    0.00       (C.Area)
  CAR:   14.47  Ratio:    0.00       (C.S.Area)

[1]  li1:
  PAR:    0.11  Ratio:    0.00       (Area)
  PAR:    0.13  Ratio:   75.00       (S.Area)
  CAR:    0.11  Ratio:    0.00       (C.Area)
  CAR:    0.13  Ratio:    0.00       (C.S.Area)

[1]  M1M2_PR:
  PAR:    0.36  Ratio:    6.00       (Area)
  CAR:    0.59  Ratio:    0.00       (C.Area)

[1]  L1M1_PR:
  PAR:    0.23  Ratio:    3.00       (Area)
  CAR:    0.23  Ratio:    0.00       (C.Area)

  _32_  (sky130_fd_sc_hd__a21oi_1)  A2
[1]  met2:
  PAR:    2.83  Ratio:    0.00       (Area)
  PAR:   14.55  Ratio: 2806.80       (S.Area)
  CAR:    5.68  Ratio:    0.00       (C.Area)
  CAR:   29.34  Ratio:    0.00       (C.S.Area)

[1]  met1:
  PAR:    0.08  Ratio:    0.00       (Area)
  PAR:    0.40  Ratio:  400.00       (S.Area)
  CAR:    0.14  Ratio:    0.00       (C.Area)
  CAR:    0.46  Ratio:    0.00       (C.S.Area)

[1]  li1:
  PAR:    0.06  Ratio:    0.00       (Area)
  PAR:    0.07  Ratio:   75.00       (S.Area)
  CAR:    0.06  Ratio:    0.00       (C.Area)
  CAR:    0.07  Ratio:    0.00       (C.S.Area)

[1]  M1M2_PR:
  PAR:    0.09  Ratio:    6.00       (Area)
  CAR:    0.21  Ratio:    0.00       (C.Area)

[1]  L1M1_PR:
  PAR:    0.12  Ratio:    3.00       (Area)
  CAR:    0.12  Ratio:    0.00       (C.Area)

  _27_  (sky130_fd_sc_hd__a31o_1)  A2
[1]  met2:
  PAR:    2.83  Ratio:    0.00       (Area)
  PAR:   14.55  Ratio: 2806.80       (S.Area)
  CAR:    6.59  Ratio:    0.00       (C.Area)
  CAR:   35.06  Ratio:    0.00       (C.S.Area)

[1]  met1:
  PAR:    0.98  Ratio:    0.00       (Area)
  PAR:    6.11  Ratio:  400.00       (S.Area)
  CAR:    1.04  Ratio:    0.00       (C.Area)
  CAR:    6.18  Ratio:    0.00       (C.S.Area)

[1]  li1:
  PAR:    0.06  Ratio:    0.00       (Area)
  PAR:    0.07  Ratio:   75.00       (S.Area)
  CAR:    0.06  Ratio:    0.00       (C.Area)
  CAR:    0.07  Ratio:    0.00       (C.S.Area)

[1]  M1M2_PR:
  PAR:    0.09  Ratio:    6.00       (Area)
  CAR:    0.21  Ratio:    0.00       (C.Area)

[1]  L1M1_PR:
  PAR:    0.12  Ratio:    3.00       (Area)
  CAR:    0.12  Ratio:    0.00       (C.Area)


Net - _03_
  _21_  (sky130_fd_sc_hd__a2bb2o_1)  B1
[1]  met2:
  PAR:    2.51  Ratio:    0.00       (Area)
  PAR:   12.78  Ratio: 2862.80       (S.Area)
  CAR:    3.29  Ratio:    0.00       (C.Area)
  CAR:   17.02  Ratio:    0.00       (C.S.Area)

[1]  met1:
  PAR:    0.67  Ratio:    0.00       (Area)
  PAR:    4.11  Ratio:  400.00       (S.Area)
  CAR:    0.78  Ratio:    0.00       (C.Area)
  CAR:    4.25  Ratio:    0.00       (C.S.Area)

[1]  li1:
  PAR:    0.11  Ratio:    0.00       (Area)
  PAR:    0.13  Ratio:   75.00       (S.Area)
  CAR:    0.11  Ratio:    0.00       (C.Area)
  CAR:    0.13  Ratio:    0.00       (C.S.Area)

[1]  M1M2_PR:
  PAR:    0.18  Ratio:    6.00       (Area)
  CAR:    0.41  Ratio:    0.00       (C.Area)

[1]  L1M1_PR:
  PAR:    0.23  Ratio:    3.00       (Area)
  CAR:    0.23  Ratio:    0.00       (C.Area)

  _25_  (sky130_fd_sc_hd__xor2_1)  A
[1]  met2:
  PAR:    2.51  Ratio:    0.00       (Area)
  PAR:   12.78  Ratio: 2862.80       (S.Area)
  CAR:    3.23  Ratio:    0.00       (C.Area)
  CAR:   16.46  Ratio:    0.00       (C.S.Area)

[1]  met1:
  PAR:    0.69  Ratio:    0.00       (Area)
  PAR:    3.65  Ratio:  400.00       (S.Area)
  CAR:    0.72  Ratio:    0.00       (C.Area)
  CAR:    3.68  Ratio:    0.00       (C.S.Area)

[1]  li1:
  PAR:    0.03  Ratio:    0.00       (Area)
  PAR:    0.03  Ratio:   75.00       (S.Area)
  CAR:    0.03  Ratio:    0.00       (C.Area)
  CAR:    0.03  Ratio:    0.00       (C.S.Area)

[1]  M1M2_PR:
  PAR:    0.05  Ratio:    6.00       (Area)
  CAR:    0.10  Ratio:    0.00       (C.Area)

[1]  L1M1_PR:
  PAR:    0.06  Ratio:    3.00       (Area)
  CAR:    0.06  Ratio:    0.00       (C.Area)


Net - _04_
  _21_  (sky130_fd_sc_hd__a2bb2o_1)  B2
[1]  met2:
  PAR:    2.01  Ratio:    0.00       (Area)
  PAR:   10.41  Ratio: 2784.80       (S.Area)
  CAR:    2.28  Ratio:    0.00       (C.Area)
  CAR:   11.33  Ratio:    0.00       (C.S.Area)

[1]  met1:
  PAR:    0.16  Ratio:    0.00       (Area)
  PAR:    0.78  Ratio:  400.00       (S.Area)
  CAR:    0.27  Ratio:    0.00       (C.Area)
  CAR:    0.91  Ratio:    0.00       (C.S.Area)

[1]  li1:
  PAR:    0.11  Ratio:    0.00       (Area)
  PAR:    0.13  Ratio:   75.00       (S.Area)
  CAR:    0.11  Ratio:    0.00       (C.Area)
  CAR:    0.13  Ratio:    0.00       (C.S.Area)

[1]  M1M2_PR:
  PAR:    0.18  Ratio:    6.00       (Area)
  CAR:    0.41  Ratio:    0.00       (C.Area)

[1]  L1M1_PR:
  PAR:    0.23  Ratio:    3.00       (Area)
  CAR:    0.23  Ratio:    0.00       (C.Area)


Net - _05_
  _32_  (sky130_fd_sc_hd__a21oi_1)  B1
[1]  met2:
  PAR:    1.30  Ratio:    0.00       (Area)
  PAR:    6.88  Ratio: 2774.20       (S.Area)
  CAR:    1.96  Ratio:    0.00       (C.Area)
  CAR:   10.34  Ratio:    0.00       (C.S.Area)

[1]  met1:
  PAR:    0.60  Ratio:    0.00       (Area)
  PAR:    3.39  Ratio:  400.00       (S.Area)
  CAR:    0.66  Ratio:    0.00       (C.Area)
  CAR:    3.46  Ratio:    0.00       (C.S.Area)

[1]  li1:
  PAR:    0.06  Ratio:    0.00       (Area)
  PAR:    0.07  Ratio:   75.00       (S.Area)
  CAR:    0.06  Ratio:    0.00       (C.Area)
  CAR:    0.07  Ratio:    0.00       (C.S.Area)

[1]  M1M2_PR:
  PAR:    0.09  Ratio:    6.00       (Area)
  CAR:    0.21  Ratio:    0.00       (C.Area)

[1]  L1M1_PR:
  PAR:    0.12  Ratio:    3.00       (Area)
  CAR:    0.12  Ratio:    0.00       (C.Area)

  _24_  (sky130_fd_sc_hd__or2b_1)  A
[1]  met2:
  PAR:    1.30  Ratio:    0.00       (Area)
  PAR:    6.88  Ratio: 2774.20       (S.Area)
  CAR:    1.57  Ratio:    0.00       (C.Area)
  CAR:    7.79  Ratio:    0.00       (C.S.Area)

[1]  met1:
  PAR:    0.16  Ratio:    0.00       (Area)
  PAR:    0.78  Ratio:  400.00       (S.Area)
  CAR:    0.27  Ratio:    0.00       (C.Area)
  CAR:    0.91  Ratio:    0.00       (C.S.Area)

[1]  li1:
  PAR:    0.11  Ratio:    0.00       (Area)
  PAR:    0.13  Ratio:   75.00       (S.Area)
  CAR:    0.11  Ratio:    0.00       (C.Area)
  CAR:    0.13  Ratio:    0.00       (C.S.Area)

[1]  M1M2_PR:
  PAR:    0.18  Ratio:    6.00       (Area)
  CAR:    0.41  Ratio:    0.00       (C.Area)

[1]  L1M1_PR:
  PAR:    0.23  Ratio:    3.00       (Area)
  CAR:    0.23  Ratio:    0.00       (C.Area)

  _27_  (sky130_fd_sc_hd__a31o_1)  B1
[1]  met2:
  PAR:    1.30  Ratio:    0.00       (Area)
  PAR:    6.88  Ratio: 2774.20       (S.Area)
  CAR:    2.74  Ratio:    0.00       (C.Area)
  CAR:   14.25  Ratio:    0.00       (C.S.Area)

[1]  met1:
  PAR:    1.38  Ratio:    0.00       (Area)
  PAR:    7.30  Ratio:  400.00       (S.Area)
  CAR:    1.44  Ratio:    0.00       (C.Area)
  CAR:    7.37  Ratio:    0.00       (C.S.Area)

[1]  li1:
  PAR:    0.06  Ratio:    0.00       (Area)
  PAR:    0.07  Ratio:   75.00       (S.Area)
  CAR:    0.06  Ratio:    0.00       (C.Area)
  CAR:    0.07  Ratio:    0.00       (C.S.Area)

[1]  M1M2_PR:
  PAR:    0.09  Ratio:    6.00       (Area)
  CAR:    0.21  Ratio:    0.00       (C.Area)

[1]  L1M1_PR:
  PAR:    0.12  Ratio:    3.00       (Area)
  CAR:    0.12  Ratio:    0.00       (C.Area)


Net - _06_
  _24_  (sky130_fd_sc_hd__or2b_1)  B_N
[1]  met2:
  PAR:    1.98  Ratio:    0.00       (Area)
  PAR:   10.28  Ratio: 2775.60       (S.Area)
  CAR:    3.78  Ratio:    0.00       (C.Area)
  CAR:   19.64  Ratio:    0.00       (C.S.Area)

[1]  met1:
  PAR:    1.69  Ratio:    0.00       (Area)
  PAR:    9.22  Ratio:  400.00       (S.Area)
  CAR:    1.80  Ratio:    0.00       (C.Area)
  CAR:    9.36  Ratio:    0.00       (C.S.Area)

[1]  li1:
  PAR:    0.11  Ratio:    0.00       (Area)
  PAR:    0.13  Ratio:   75.00       (S.Area)
  CAR:    0.11  Ratio:    0.00       (C.Area)
  CAR:    0.13  Ratio:    0.00       (C.S.Area)

[1]  M1M2_PR:
  PAR:    0.18  Ratio:    6.00       (Area)
  CAR:    0.41  Ratio:    0.00       (C.Area)

[1]  L1M1_PR:
  PAR:    0.23  Ratio:    3.00       (Area)
  CAR:    0.23  Ratio:    0.00       (C.Area)

  _27_  (sky130_fd_sc_hd__a31o_1)  A3
[1]  met2:
  PAR:    1.98  Ratio:    0.00       (Area)
  PAR:   10.28  Ratio: 2775.60       (S.Area)
  CAR:    5.95  Ratio:    0.00       (C.Area)
  CAR:   30.71  Ratio:    0.00       (C.S.Area)

[1]  met1:
  PAR:    3.91  Ratio:    0.00       (Area)
  PAR:   20.36  Ratio:  400.00       (S.Area)
  CAR:    3.97  Ratio:    0.00       (C.Area)
  CAR:   20.43  Ratio:    0.00       (C.S.Area)

[1]  li1:
  PAR:    0.06  Ratio:    0.00       (Area)
  PAR:    0.07  Ratio:   75.00       (S.Area)
  CAR:    0.06  Ratio:    0.00       (C.Area)
  CAR:    0.07  Ratio:    0.00       (C.S.Area)

[1]  M1M2_PR:
  PAR:    0.09  Ratio:    6.00       (Area)
  CAR:    0.21  Ratio:    0.00       (C.Area)

[1]  L1M1_PR:
  PAR:    0.12  Ratio:    3.00       (Area)
  CAR:    0.12  Ratio:    0.00       (C.Area)


Net - _07_
  _25_  (sky130_fd_sc_hd__xor2_1)  B
[1]  met1:
  PAR:    2.15  Ratio:    0.00       (Area)
  PAR:   10.84  Ratio: 2778.20       (S.Area)
  CAR:    2.18  Ratio:    0.00       (C.Area)
  CAR:   10.87  Ratio:    0.00       (C.S.Area)

[1]  li1:
  PAR:    0.03  Ratio:    0.00       (Area)
  PAR:    0.03  Ratio:   75.00       (S.Area)
  CAR:    0.03  Ratio:    0.00       (C.Area)
  CAR:    0.03  Ratio:    0.00       (C.S.Area)

[1]  L1M1_PR:
  PAR:    0.06  Ratio:    3.00       (Area)
  CAR:    0.06  Ratio:    0.00       (C.Area)


Net - _08_
  _28_  (sky130_fd_sc_hd__xnor2_1)  A
[1]  met2:
  PAR:    0.71  Ratio:    0.00       (Area)
  PAR:    3.61  Ratio: 2920.20       (S.Area)
  CAR:    4.68  Ratio:    0.00       (C.Area)
  CAR:   23.56  Ratio:    0.00       (C.S.Area)

[1]  met1:
  PAR:    3.94  Ratio:    0.00       (Area)
  PAR:   19.91  Ratio:  400.00       (S.Area)
  CAR:    3.97  Ratio:    0.00       (C.Area)
  CAR:   19.95  Ratio:    0.00       (C.S.Area)

[1]  li1:
  PAR:    0.03  Ratio:    0.00       (Area)
  PAR:    0.03  Ratio:   75.00       (S.Area)
  CAR:    0.03  Ratio:    0.00       (C.Area)
  CAR:    0.03  Ratio:    0.00       (C.S.Area)

[1]  M1M2_PR:
  PAR:    0.05  Ratio:    6.00       (Area)
  CAR:    0.10  Ratio:    0.00       (C.Area)

[1]  L1M1_PR:
  PAR:    0.06  Ratio:    3.00       (Area)
  CAR:    0.06  Ratio:    0.00       (C.Area)


Net - _09_
  _28_  (sky130_fd_sc_hd__xnor2_1)  B
[1]  met2:
  PAR:    1.38  Ratio:    0.00       (Area)
  PAR:    6.98  Ratio: 2774.90       (S.Area)
  CAR:    1.45  Ratio:    0.00       (C.Area)
  CAR:    7.21  Ratio:    0.00       (C.S.Area)

[1]  met1:
  PAR:    0.04  Ratio:    0.00       (Area)
  PAR:    0.20  Ratio:  400.00       (S.Area)
  CAR:    0.07  Ratio:    0.00       (C.Area)
  CAR:    0.23  Ratio:    0.00       (C.S.Area)

[1]  li1:
  PAR:    0.03  Ratio:    0.00       (Area)
  PAR:    0.03  Ratio:   75.00       (S.Area)
  CAR:    0.03  Ratio:    0.00       (C.Area)
  CAR:    0.03  Ratio:    0.00       (C.S.Area)

[1]  M1M2_PR:
  PAR:    0.05  Ratio:    6.00       (Area)
  CAR:    0.10  Ratio:    0.00       (C.Area)

[1]  L1M1_PR:
  PAR:    0.06  Ratio:    3.00       (Area)
  CAR:    0.06  Ratio:    0.00       (C.Area)


Net - _10_
  _31_  (sky130_fd_sc_hd__nand2_1)  A
[1]  met2:
  PAR:    1.85  Ratio:    0.00       (Area)
  PAR:    9.64  Ratio: 2775.60       (S.Area)
  CAR:    1.99  Ratio:    0.00       (C.Area)
  CAR:   10.11  Ratio:    0.00       (C.S.Area)

[1]  met1:
  PAR:    0.08  Ratio:    0.00       (Area)
  PAR:    0.40  Ratio:  400.00       (S.Area)
  CAR:    0.14  Ratio:    0.00       (C.Area)
  CAR:    0.46  Ratio:    0.00       (C.S.Area)

[1]  li1:
  PAR:    0.06  Ratio:    0.00       (Area)
  PAR:    0.07  Ratio:   75.00       (S.Area)
  CAR:    0.06  Ratio:    0.00       (C.Area)
  CAR:    0.07  Ratio:    0.00       (C.S.Area)

[1]  M1M2_PR:
  PAR:    0.09  Ratio:    6.00       (Area)
  CAR:    0.21  Ratio:    0.00       (C.Area)

[1]  L1M1_PR:
  PAR:    0.12  Ratio:    3.00       (Area)
  CAR:    0.12  Ratio:    0.00       (C.Area)

  _36_  (sky130_fd_sc_hd__a21bo_1)  B1_N
[1]  met2:
  PAR:    1.85  Ratio:    0.00       (Area)
  PAR:    9.64  Ratio: 2775.60       (S.Area)
  CAR:    3.15  Ratio:    0.00       (C.Area)
  CAR:   16.44  Ratio:    0.00       (C.S.Area)

[1]  met1:
  PAR:    1.18  Ratio:    0.00       (Area)
  PAR:    6.67  Ratio:  400.00       (S.Area)
  CAR:    1.29  Ratio:    0.00       (C.Area)
  CAR:    6.80  Ratio:    0.00       (C.S.Area)

[1]  li1:
  PAR:    0.11  Ratio:    0.00       (Area)
  PAR:    0.13  Ratio:   75.00       (S.Area)
  CAR:    0.11  Ratio:    0.00       (C.Area)
  CAR:    0.13  Ratio:    0.00       (C.S.Area)

[1]  M1M2_PR:
  PAR:    0.18  Ratio:    6.00       (Area)
  CAR:    0.41  Ratio:    0.00       (C.Area)

[1]  L1M1_PR:
  PAR:    0.23  Ratio:    3.00       (Area)
  CAR:    0.23  Ratio:    0.00       (C.Area)


Net - _11_
  _31_  (sky130_fd_sc_hd__nand2_1)  B
[1]  met2:
  PAR:    1.59  Ratio:    0.00       (Area)
  PAR:    8.24  Ratio: 2803.60       (S.Area)
  CAR:    2.77  Ratio:    0.00       (C.Area)
  CAR:   14.30  Ratio:    0.00       (C.S.Area)

[1]  met1:
  PAR:    1.12  Ratio:    0.00       (Area)
  PAR:    6.00  Ratio:  400.00       (S.Area)
  CAR:    1.18  Ratio:    0.00       (C.Area)
  CAR:    6.06  Ratio:    0.00       (C.S.Area)

[1]  li1:
  PAR:    0.06  Ratio:    0.00       (Area)
  PAR:    0.07  Ratio:   75.00       (S.Area)
  CAR:    0.06  Ratio:    0.00       (C.Area)
  CAR:    0.07  Ratio:    0.00       (C.S.Area)

[1]  M1M2_PR:
  PAR:    0.09  Ratio:    6.00       (Area)
  CAR:    0.21  Ratio:    0.00       (C.Area)

[1]  L1M1_PR:
  PAR:    0.12  Ratio:    3.00       (Area)
  CAR:    0.12  Ratio:    0.00       (C.Area)

  _36_  (sky130_fd_sc_hd__a21bo_1)  A1
[1]  met2:
  PAR:    1.59  Ratio:    0.00       (Area)
  PAR:    8.24  Ratio: 2803.60       (S.Area)
  CAR:    1.73  Ratio:    0.00       (C.Area)
  CAR:    8.70  Ratio:    0.00       (C.S.Area)

[1]  met1:
  PAR:    0.08  Ratio:    0.00       (Area)
  PAR:    0.40  Ratio:  400.00       (S.Area)
  CAR:    0.14  Ratio:    0.00       (C.Area)
  CAR:    0.46  Ratio:    0.00       (C.S.Area)

[1]  li1:
  PAR:    0.06  Ratio:    0.00       (Area)
  PAR:    0.07  Ratio:   75.00       (S.Area)
  CAR:    0.06  Ratio:    0.00       (C.Area)
  CAR:    0.07  Ratio:    0.00       (C.S.Area)

[1]  M1M2_PR:
  PAR:    0.09  Ratio:    6.00       (Area)
  CAR:    0.21  Ratio:    0.00       (C.Area)

[1]  L1M1_PR:
  PAR:    0.12  Ratio:    3.00       (Area)
  CAR:    0.12  Ratio:    0.00       (C.Area)


Net - _12_
  _35_  (sky130_fd_sc_hd__xnor2_1)  A
[1]  met1:
  PAR:    1.21  Ratio:    0.00       (Area)
  PAR:    6.31  Ratio: 2775.60       (S.Area)
  CAR:    1.23  Ratio:    0.00       (C.Area)
  CAR:    6.35  Ratio:    0.00       (C.S.Area)

[1]  li1:
  PAR:    0.03  Ratio:    0.00       (Area)
  PAR:    0.03  Ratio:   75.00       (S.Area)
  CAR:    0.03  Ratio:    0.00       (C.Area)
  CAR:    0.03  Ratio:    0.00       (C.S.Area)

[1]  L1M1_PR:
  PAR:    0.06  Ratio:    3.00       (Area)
  CAR:    0.06  Ratio:    0.00       (C.Area)


Net - _13_
  _34_  (sky130_fd_sc_hd__o22a_1)  B1
[1]  met2:
  PAR:    1.99  Ratio:    0.00       (Area)
  PAR:   10.11  Ratio: 2778.80       (S.Area)
  CAR:    2.12  Ratio:    0.00       (C.Area)
  CAR:   10.57  Ratio:    0.00       (C.S.Area)

[1]  met1:
  PAR:    0.08  Ratio:    0.00       (Area)
  PAR:    0.40  Ratio:  400.00       (S.Area)
  CAR:    0.14  Ratio:    0.00       (C.Area)
  CAR:    0.46  Ratio:    0.00       (C.S.Area)

[1]  li1:
  PAR:    0.06  Ratio:    0.00       (Area)
  PAR:    0.07  Ratio:   75.00       (S.Area)
  CAR:    0.06  Ratio:    0.00       (C.Area)
  CAR:    0.07  Ratio:    0.00       (C.S.Area)

[1]  M1M2_PR:
  PAR:    0.09  Ratio:    6.00       (Area)
  CAR:    0.21  Ratio:    0.00       (C.Area)

[1]  L1M1_PR:
  PAR:    0.12  Ratio:    3.00       (Area)
  CAR:    0.12  Ratio:    0.00       (C.Area)


Net - _14_
  _34_  (sky130_fd_sc_hd__o22a_1)  B2
[1]  met2:
  PAR:    1.41  Ratio:    0.00       (Area)
  PAR:    7.22  Ratio: 2771.60       (S.Area)
  CAR:    1.55  Ratio:    0.00       (C.Area)
  CAR:    7.69  Ratio:    0.00       (C.S.Area)

[1]  met1:
  PAR:    0.08  Ratio:    0.00       (Area)
  PAR:    0.40  Ratio:  400.00       (S.Area)
  CAR:    0.14  Ratio:    0.00       (C.Area)
  CAR:    0.46  Ratio:    0.00       (C.S.Area)

[1]  li1:
  PAR:    0.06  Ratio:    0.00       (Area)
  PAR:    0.07  Ratio:   75.00       (S.Area)
  CAR:    0.06  Ratio:    0.00       (C.Area)
  CAR:    0.07  Ratio:    0.00       (C.S.Area)

[1]  M1M2_PR:
  PAR:    0.09  Ratio:    6.00       (Area)
  CAR:    0.21  Ratio:    0.00       (C.Area)

[1]  L1M1_PR:
  PAR:    0.12  Ratio:    3.00       (Area)
  CAR:    0.12  Ratio:    0.00       (C.Area)


Net - _15_
  _35_  (sky130_fd_sc_hd__xnor2_1)  B
[1]  met2:
  PAR:    1.96  Ratio:    0.00       (Area)
  PAR:    9.98  Ratio: 2779.60       (S.Area)
  CAR:    2.16  Ratio:    0.00       (C.Area)
  CAR:   11.06  Ratio:    0.00       (C.S.Area)

[1]  met1:
  PAR:    0.17  Ratio:    0.00       (Area)
  PAR:    1.05  Ratio:  400.00       (S.Area)
  CAR:    0.20  Ratio:    0.00       (C.Area)
  CAR:    1.08  Ratio:    0.00       (C.S.Area)

[1]  li1:
  PAR:    0.03  Ratio:    0.00       (Area)
  PAR:    0.03  Ratio:   75.00       (S.Area)
  CAR:    0.03  Ratio:    0.00       (C.Area)
  CAR:    0.03  Ratio:    0.00       (C.S.Area)

[1]  M1M2_PR:
  PAR:    0.05  Ratio:    6.00       (Area)
  CAR:    0.10  Ratio:    0.00       (C.Area)

[1]  L1M1_PR:
  PAR:    0.06  Ratio:    3.00       (Area)
  CAR:    0.06  Ratio:    0.00       (C.Area)

  _36_  (sky130_fd_sc_hd__a21bo_1)  A2
[1]  met2:
  PAR:    1.96  Ratio:    0.00       (Area)
  PAR:    9.98  Ratio: 2779.60       (S.Area)
  CAR:    2.10  Ratio:    0.00       (C.Area)
  CAR:   10.44  Ratio:    0.00       (C.S.Area)

[1]  met1:
  PAR:    0.08  Ratio:    0.00       (Area)
  PAR:    0.40  Ratio:  400.00       (S.Area)
  CAR:    0.14  Ratio:    0.00       (C.Area)
  CAR:    0.46  Ratio:    0.00       (C.S.Area)

[1]  li1:
  PAR:    0.06  Ratio:    0.00       (Area)
  PAR:    0.07  Ratio:   75.00       (S.Area)
  CAR:    0.06  Ratio:    0.00       (C.Area)
  CAR:    0.07  Ratio:    0.00       (C.S.Area)

[1]  M1M2_PR:
  PAR:    0.09  Ratio:    6.00       (Area)
  CAR:    0.21  Ratio:    0.00       (C.Area)

[1]  L1M1_PR:
  PAR:    0.12  Ratio:    3.00       (Area)
  CAR:    0.12  Ratio:    0.00       (C.Area)


Net - net1
  _20_  (sky130_fd_sc_hd__or3_1)  B
[1]  met2:
  PAR:    1.85  Ratio:    0.00       (Area)
  PAR:    9.94  Ratio: 2736.24       (S.Area)
  CAR:    2.12  Ratio:    0.00       (C.Area)
  CAR:   10.85  Ratio:    0.00       (C.S.Area)

[1]  met1:
  PAR:    0.16  Ratio:    0.00       (Area)
  PAR:    0.78  Ratio:  400.00       (S.Area)
  CAR:    0.27  Ratio:    0.00       (C.Area)
  CAR:    0.91  Ratio:    0.00       (C.S.Area)

[1]  li1:
  PAR:    0.11  Ratio:    0.00       (Area)
  PAR:    0.13  Ratio:   75.00       (S.Area)
  CAR:    0.11  Ratio:    0.00       (C.Area)
  CAR:    0.13  Ratio:    0.00       (C.S.Area)

[1]  M1M2_PR:
  PAR:    0.18  Ratio:    6.00       (Area)
  CAR:    0.41  Ratio:    0.00       (C.Area)

[1]  L1M1_PR:
  PAR:    0.23  Ratio:    3.00       (Area)
  CAR:    0.23  Ratio:    0.00       (C.Area)

  _18_  (sky130_fd_sc_hd__o21ai_1)  A2
[1]  met2:
  PAR:    1.85  Ratio:    0.00       (Area)
  PAR:    9.94  Ratio: 2736.24       (S.Area)
  CAR:    4.59  Ratio:    0.00       (C.Area)
  CAR:   23.81  Ratio:    0.00       (C.S.Area)

[1]  met1:
  PAR:    2.68  Ratio:    0.00       (Area)
  PAR:   13.80  Ratio:  400.00       (S.Area)
  CAR:    2.74  Ratio:    0.00       (C.Area)
  CAR:   13.87  Ratio:    0.00       (C.S.Area)

[1]  li1:
  PAR:    0.06  Ratio:    0.00       (Area)
  PAR:    0.07  Ratio:   75.00       (S.Area)
  CAR:    0.06  Ratio:    0.00       (C.Area)
  CAR:    0.07  Ratio:    0.00       (C.S.Area)

[1]  M1M2_PR:
  PAR:    0.09  Ratio:    6.00       (Area)
  CAR:    0.21  Ratio:    0.00       (C.Area)

[1]  L1M1_PR:
  PAR:    0.12  Ratio:    3.00       (Area)
  CAR:    0.12  Ratio:    0.00       (C.Area)

  _17_  (sky130_fd_sc_hd__nand2_1)  B
[1]  met2:
  PAR:    1.85  Ratio:    0.00       (Area)
  PAR:    9.94  Ratio: 2736.24       (S.Area)
  CAR:    3.74  Ratio:    0.00       (C.Area)
  CAR:   19.96  Ratio:    0.00       (C.S.Area)

[1]  met1:
  PAR:    1.83  Ratio:    0.00       (Area)
  PAR:    9.96  Ratio:  400.00       (S.Area)
  CAR:    1.89  Ratio:    0.00       (C.Area)
  CAR:   10.02  Ratio:    0.00       (C.S.Area)

[1]  li1:
  PAR:    0.06  Ratio:    0.00       (Area)
  PAR:    0.07  Ratio:   75.00       (S.Area)
  CAR:    0.06  Ratio:    0.00       (C.Area)
  CAR:    0.07  Ratio:    0.00       (C.S.Area)

[1]  M1M2_PR:
  PAR:    0.09  Ratio:    6.00       (Area)
  CAR:    0.21  Ratio:    0.00       (C.Area)

[1]  L1M1_PR:
  PAR:    0.12  Ratio:    3.00       (Area)
  CAR:    0.12  Ratio:    0.00       (C.Area)


Net - net10
  output10  (sky130_fd_sc_hd__buf_2)  A
[1]  met2:
  PAR:   16.86  Ratio:    0.00       (Area)
  PAR:   84.59  Ratio: 2771.60       (S.Area)
  CAR:   18.70  Ratio:    0.00       (C.Area)
  CAR:   94.03  Ratio:    0.00       (C.S.Area)

[1]  met1:
  PAR:    1.74  Ratio:    0.00       (Area)
  PAR:    9.33  Ratio:  400.00       (S.Area)
  CAR:    1.83  Ratio:    0.00       (C.Area)
  CAR:    9.44  Ratio:    0.00       (C.S.Area)

[1]  li1:
  PAR:    0.09  Ratio:    0.00       (Area)
  PAR:    0.11  Ratio:   75.00       (S.Area)
  CAR:    0.09  Ratio:    0.00       (C.Area)
  CAR:    0.11  Ratio:    0.00       (C.S.Area)

[1]  M1M2_PR:
  PAR:    0.14  Ratio:    6.00       (Area)
  CAR:    0.32  Ratio:    0.00       (C.Area)

[1]  L1M1_PR:
  PAR:    0.18  Ratio:    3.00       (Area)
  CAR:    0.18  Ratio:    0.00       (C.Area)


Net - net11
  output11  (sky130_fd_sc_hd__buf_2)  A
[1]  met2:
  PAR:    4.59  Ratio:    0.00       (Area)
  PAR:   23.22  Ratio: 2771.60       (S.Area)
  CAR:    6.02  Ratio:    0.00       (C.Area)
  CAR:   30.64  Ratio:    0.00       (C.S.Area)

[1]  met1:
  PAR:    1.34  Ratio:    0.00       (Area)
  PAR:    7.31  Ratio:  400.00       (S.Area)
  CAR:    1.43  Ratio:    0.00       (C.Area)
  CAR:    7.42  Ratio:    0.00       (C.S.Area)

[1]  li1:
  PAR:    0.09  Ratio:    0.00       (Area)
  PAR:    0.11  Ratio:   75.00       (S.Area)
  CAR:    0.09  Ratio:    0.00       (C.Area)
  CAR:    0.11  Ratio:    0.00       (C.S.Area)

[1]  M1M2_PR:
  PAR:    0.14  Ratio:    6.00       (Area)
  CAR:    0.32  Ratio:    0.00       (C.Area)

[1]  L1M1_PR:
  PAR:    0.18  Ratio:    3.00       (Area)
  CAR:    0.18  Ratio:    0.00       (C.Area)


Net - net12
  output12  (sky130_fd_sc_hd__buf_2)  A
[1]  met2:
  PAR:    9.08  Ratio:    0.00       (Area)
  PAR:   45.67  Ratio: 2920.20       (S.Area)
  CAR:    9.29  Ratio:    0.00       (C.Area)
  CAR:   46.40  Ratio:    0.00       (C.S.Area)

[1]  met1:
  PAR:    0.12  Ratio:    0.00       (Area)
  PAR:    0.62  Ratio:  400.00       (S.Area)
  CAR:    0.21  Ratio:    0.00       (C.Area)
  CAR:    0.72  Ratio:    0.00       (C.S.Area)

[1]  li1:
  PAR:    0.09  Ratio:    0.00       (Area)
  PAR:    0.11  Ratio:   75.00       (S.Area)
  CAR:    0.09  Ratio:    0.00       (C.Area)
  CAR:    0.11  Ratio:    0.00       (C.S.Area)

[1]  M1M2_PR:
  PAR:    0.14  Ratio:    6.00       (Area)
  CAR:    0.32  Ratio:    0.00       (C.Area)

[1]  L1M1_PR:
  PAR:    0.18  Ratio:    3.00       (Area)
  CAR:    0.18  Ratio:    0.00       (C.Area)


Net - net13
  output13  (sky130_fd_sc_hd__buf_2)  A
[1]  met1:
  PAR:    4.05  Ratio:    0.00       (Area)
  PAR:   21.15  Ratio: 2810.00       (S.Area)
  CAR:    4.14  Ratio:    0.00       (C.Area)
  CAR:   21.26  Ratio:    0.00       (C.S.Area)

[1]  li1:
  PAR:    0.09  Ratio:    0.00       (Area)
  PAR:    0.11  Ratio:   75.00       (S.Area)
  CAR:    0.09  Ratio:    0.00       (C.Area)
  CAR:    0.11  Ratio:    0.00       (C.S.Area)

[1]  L1M1_PR:
  PAR:    0.18  Ratio:    3.00       (Area)
  CAR:    0.18  Ratio:    0.00       (C.Area)


Net - net14
  output14  (sky130_fd_sc_hd__buf_2)  A
[1]  met2:
  PAR:    6.99  Ratio:    0.00       (Area)
  PAR:   35.19  Ratio: 2810.00       (S.Area)
  CAR:    8.41  Ratio:    0.00       (C.Area)
  CAR:   42.61  Ratio:    0.00       (C.S.Area)

[1]  met1:
  PAR:    1.34  Ratio:    0.00       (Area)
  PAR:    7.31  Ratio:  400.00       (S.Area)
  CAR:    1.43  Ratio:    0.00       (C.Area)
  CAR:    7.42  Ratio:    0.00       (C.S.Area)

[1]  li1:
  PAR:    0.09  Ratio:    0.00       (Area)
  PAR:    0.11  Ratio:   75.00       (S.Area)
  CAR:    0.09  Ratio:    0.00       (C.Area)
  CAR:    0.11  Ratio:    0.00       (C.S.Area)

[1]  M1M2_PR:
  PAR:    0.14  Ratio:    6.00       (Area)
  CAR:    0.32  Ratio:    0.00       (C.Area)

[1]  L1M1_PR:
  PAR:    0.18  Ratio:    3.00       (Area)
  CAR:    0.18  Ratio:    0.00       (C.Area)


Net - net2
  _33_  (sky130_fd_sc_hd__a22o_1)  A2
[1]  met2:
  PAR:    0.93  Ratio:    0.00       (Area)
  PAR:    4.85  Ratio: 2736.24       (S.Area)
  CAR:    2.78  Ratio:    0.00       (C.Area)
  CAR:   14.68  Ratio:    0.00       (C.S.Area)

[1]  met1:
  PAR:    1.79  Ratio:    0.00       (Area)
  PAR:    9.76  Ratio:  400.00       (S.Area)
  CAR:    1.85  Ratio:    0.00       (C.Area)
  CAR:    9.83  Ratio:    0.00       (C.S.Area)

[1]  li1:
  PAR:    0.06  Ratio:    0.00       (Area)
  PAR:    0.07  Ratio:   75.00       (S.Area)
  CAR:    0.06  Ratio:    0.00       (C.Area)
  CAR:    0.07  Ratio:    0.00       (C.S.Area)

[1]  M1M2_PR:
  PAR:    0.05  Ratio:    6.00       (Area)
  CAR:    0.16  Ratio:    0.00       (C.Area)

[1]  L1M1_PR:
  PAR:    0.12  Ratio:    3.00       (Area)
  CAR:    0.12  Ratio:    0.00       (C.Area)

  _22_  (sky130_fd_sc_hd__nor2_1)  B
[1]  met2:
  PAR:    0.93  Ratio:    0.00       (Area)
  PAR:    4.85  Ratio: 2736.24       (S.Area)
  CAR:    2.78  Ratio:    0.00       (C.Area)
  CAR:   14.68  Ratio:    0.00       (C.S.Area)

[1]  met1:
  PAR:    1.79  Ratio:    0.00       (Area)
  PAR:    9.76  Ratio:  400.00       (S.Area)
  CAR:    1.85  Ratio:    0.00       (C.Area)
  CAR:    9.83  Ratio:    0.00       (C.S.Area)

[1]  li1:
  PAR:    0.06  Ratio:    0.00       (Area)
  PAR:    0.07  Ratio:   75.00       (S.Area)
  CAR:    0.06  Ratio:    0.00       (C.Area)
  CAR:    0.07  Ratio:    0.00       (C.S.Area)

[1]  M1M2_PR:
  PAR:    0.05  Ratio:    6.00       (Area)
  CAR:    0.16  Ratio:    0.00       (C.Area)

[1]  L1M1_PR:
  PAR:    0.12  Ratio:    3.00       (Area)
  CAR:    0.12  Ratio:    0.00       (C.Area)

  _23_  (sky130_fd_sc_hd__nand2_1)  B
[1]  met2:
  PAR:    0.93  Ratio:    0.00       (Area)
  PAR:    4.85  Ratio: 2736.24       (S.Area)
  CAR:    4.12  Ratio:    0.00       (C.Area)
  CAR:   21.38  Ratio:    0.00       (C.S.Area)

[1]  met1:
  PAR:    3.13  Ratio:    0.00       (Area)
  PAR:   16.46  Ratio:  400.00       (S.Area)
  CAR:    3.19  Ratio:    0.00       (C.Area)
  CAR:   16.53  Ratio:    0.00       (C.S.Area)

[1]  li1:
  PAR:    0.06  Ratio:    0.00       (Area)
  PAR:    0.07  Ratio:   75.00       (S.Area)
  CAR:    0.06  Ratio:    0.00       (C.Area)
  CAR:    0.07  Ratio:    0.00       (C.S.Area)

[1]  M1M2_PR:
  PAR:    0.09  Ratio:    6.00       (Area)
  CAR:    0.21  Ratio:    0.00       (C.Area)

[1]  L1M1_PR:
  PAR:    0.12  Ratio:    3.00       (Area)
  CAR:    0.12  Ratio:    0.00       (C.Area)


Net - net3
  _33_  (sky130_fd_sc_hd__a22o_1)  B2
[1]  met2:
  PAR:    3.27  Ratio:    0.00       (Area)
  PAR:   16.74  Ratio: 2771.60       (S.Area)
  CAR:    4.79  Ratio:    0.00       (C.Area)
  CAR:   24.90  Ratio:    0.00       (C.S.Area)

[1]  met1:
  PAR:    0.08  Ratio:    0.00       (Area)
  PAR:    0.40  Ratio:  400.00       (S.Area)
  CAR:    0.14  Ratio:    0.00       (C.Area)
  CAR:    0.46  Ratio:    0.00       (C.S.Area)

[1]  li1:
  PAR:    0.06  Ratio:    0.00       (Area)
  PAR:    0.07  Ratio:   75.00       (S.Area)
  CAR:    0.06  Ratio:    0.00       (C.Area)
  CAR:    0.07  Ratio:    0.00       (C.S.Area)

[1]  M1M2_PR:
  PAR:    0.09  Ratio:    6.00       (Area)
  CAR:    0.21  Ratio:    0.00       (C.Area)

[1]  L1M1_PR:
  PAR:    0.12  Ratio:    3.00       (Area)
  CAR:    0.12  Ratio:    0.00       (C.Area)

  _34_  (sky130_fd_sc_hd__o22a_1)  A2
[1]  met2:
  PAR:    3.27  Ratio:    0.00       (Area)
  PAR:   16.74  Ratio: 2771.60       (S.Area)
  CAR:    4.71  Ratio:    0.00       (C.Area)
  CAR:   24.50  Ratio:    0.00       (C.S.Area)

[1]  met1:
  PAR:    1.38  Ratio:    0.00       (Area)
  PAR:    7.69  Ratio:  400.00       (S.Area)
  CAR:    1.44  Ratio:    0.00       (C.Area)
  CAR:    7.76  Ratio:    0.00       (C.S.Area)

[1]  li1:
  PAR:    0.06  Ratio:    0.00       (Area)
  PAR:    0.07  Ratio:   75.00       (S.Area)
  CAR:    0.06  Ratio:    0.00       (C.Area)
  CAR:    0.07  Ratio:    0.00       (C.S.Area)

[1]  M1M2_PR:
  PAR:    0.18  Ratio:    6.00       (Area)
  CAR:    0.30  Ratio:    0.00       (C.Area)

[1]  L1M1_PR:
  PAR:    0.12  Ratio:    3.00       (Area)
  CAR:    0.12  Ratio:    0.00       (C.Area)

  _26_  (sky130_fd_sc_hd__xor2_1)  B
[1]  met2:
  PAR:    3.27  Ratio:    0.00       (Area)
  PAR:   16.74  Ratio: 2771.60       (S.Area)
  CAR:    3.34  Ratio:    0.00       (C.Area)
  CAR:   16.97  Ratio:    0.00       (C.S.Area)

[1]  met1:
  PAR:    0.04  Ratio:    0.00       (Area)
  PAR:    0.20  Ratio:  400.00       (S.Area)
  CAR:    0.07  Ratio:    0.00       (C.Area)
  CAR:    0.23  Ratio:    0.00       (C.S.Area)

[1]  li1:
  PAR:    0.03  Ratio:    0.00       (Area)
  PAR:    0.03  Ratio:   75.00       (S.Area)
  CAR:    0.03  Ratio:    0.00       (C.Area)
  CAR:    0.03  Ratio:    0.00       (C.S.Area)

[1]  M1M2_PR:
  PAR:    0.05  Ratio:    6.00       (Area)
  CAR:    0.10  Ratio:    0.00       (C.Area)

[1]  L1M1_PR:
  PAR:    0.06  Ratio:    3.00       (Area)
  CAR:    0.06  Ratio:    0.00       (C.Area)


Net - net4
  _29_  (sky130_fd_sc_hd__nand2_1)  B
[1]  met1:
  PAR:    7.74  Ratio:    0.00       (Area)
  PAR:   39.87  Ratio: 2736.24       (S.Area)
  CAR:    7.80  Ratio:    0.00       (C.Area)
  CAR:   39.94  Ratio:    0.00       (C.S.Area)

[1]  li1:
  PAR:    0.06  Ratio:    0.00       (Area)
  PAR:    0.07  Ratio:   75.00       (S.Area)
  CAR:    0.06  Ratio:    0.00       (C.Area)
  CAR:    0.07  Ratio:    0.00       (C.S.Area)

[1]  L1M1_PR:
  PAR:    0.12  Ratio:    3.00       (Area)
  CAR:    0.12  Ratio:    0.00       (C.Area)

  _30_  (sky130_fd_sc_hd__or2_1)  B
[1]  met1:
  PAR:    7.74  Ratio:    0.00       (Area)
  PAR:   39.87  Ratio: 2736.24       (S.Area)
  CAR:    7.86  Ratio:    0.00       (C.Area)
  CAR:   40.01  Ratio:    0.00       (C.S.Area)

[1]  li1:
  PAR:    0.11  Ratio:    0.00       (Area)
  PAR:    0.13  Ratio:   75.00       (S.Area)
  CAR:    0.11  Ratio:    0.00       (C.Area)
  CAR:    0.13  Ratio:    0.00       (C.S.Area)

[1]  L1M1_PR:
  PAR:    0.23  Ratio:    3.00       (Area)
  CAR:    0.23  Ratio:    0.00       (C.Area)


Net - net5
  _20_  (sky130_fd_sc_hd__or3_1)  A
[1]  met2:
  PAR:    2.43  Ratio:    0.00       (Area)
  PAR:   12.55  Ratio: 2736.24       (S.Area)
  CAR:    4.75  Ratio:    0.00       (C.Area)
  CAR:   24.46  Ratio:    0.00       (C.S.Area)

[1]  met1:
  PAR:    2.20  Ratio:    0.00       (Area)
  PAR:   11.78  Ratio:  400.00       (S.Area)
  CAR:    2.31  Ratio:    0.00       (C.Area)
  CAR:   11.91  Ratio:    0.00       (C.S.Area)

[1]  li1:
  PAR:    0.11  Ratio:    0.00       (Area)
  PAR:    0.13  Ratio:   75.00       (S.Area)
  CAR:    0.11  Ratio:    0.00       (C.Area)
  CAR:    0.13  Ratio:    0.00       (C.S.Area)

[1]  M1M2_PR:
  PAR:    0.18  Ratio:    6.00       (Area)
  CAR:    0.41  Ratio:    0.00       (C.Area)

[1]  L1M1_PR:
  PAR:    0.23  Ratio:    3.00       (Area)
  CAR:    0.23  Ratio:    0.00       (C.Area)

  _18_  (sky130_fd_sc_hd__o21ai_1)  A1
[1]  met2:
  PAR:    2.43  Ratio:    0.00       (Area)
  PAR:   12.55  Ratio: 2736.24       (S.Area)
  CAR:    4.52  Ratio:    0.00       (C.Area)
  CAR:   23.54  Ratio:    0.00       (C.S.Area)

[1]  met1:
  PAR:    2.03  Ratio:    0.00       (Area)
  PAR:   10.92  Ratio:  400.00       (S.Area)
  CAR:    2.08  Ratio:    0.00       (C.Area)
  CAR:   10.99  Ratio:    0.00       (C.S.Area)

[1]  li1:
  PAR:    0.06  Ratio:    0.00       (Area)
  PAR:    0.07  Ratio:   75.00       (S.Area)
  CAR:    0.06  Ratio:    0.00       (C.Area)
  CAR:    0.07  Ratio:    0.00       (C.S.Area)

[1]  M1M2_PR:
  PAR:    0.09  Ratio:    6.00       (Area)
  CAR:    0.21  Ratio:    0.00       (C.Area)

[1]  L1M1_PR:
  PAR:    0.12  Ratio:    3.00       (Area)
  CAR:    0.12  Ratio:    0.00       (C.Area)

  _17_  (sky130_fd_sc_hd__nand2_1)  A
[1]  met2:
  PAR:    2.43  Ratio:    0.00       (Area)
  PAR:   12.55  Ratio: 2736.24       (S.Area)
  CAR:    2.57  Ratio:    0.00       (C.Area)
  CAR:   13.02  Ratio:    0.00       (C.S.Area)

[1]  met1:
  PAR:    0.08  Ratio:    0.00       (Area)
  PAR:    0.40  Ratio:  400.00       (S.Area)
  CAR:    0.14  Ratio:    0.00       (C.Area)
  CAR:    0.46  Ratio:    0.00       (C.S.Area)

[1]  li1:
  PAR:    0.06  Ratio:    0.00       (Area)
  PAR:    0.07  Ratio:   75.00       (S.Area)
  CAR:    0.06  Ratio:    0.00       (C.Area)
  CAR:    0.07  Ratio:    0.00       (C.S.Area)

[1]  M1M2_PR:
  PAR:    0.09  Ratio:    6.00       (Area)
  CAR:    0.21  Ratio:    0.00       (C.Area)

[1]  L1M1_PR:
  PAR:    0.12  Ratio:    3.00       (Area)
  CAR:    0.12  Ratio:    0.00       (C.Area)


Net - net6
  _33_  (sky130_fd_sc_hd__a22o_1)  A1
[1]  met2:
  PAR:    3.54  Ratio:    0.00       (Area)
  PAR:   17.85  Ratio: 2771.60       (S.Area)
  CAR:    5.39  Ratio:    0.00       (C.Area)
  CAR:   27.48  Ratio:    0.00       (C.S.Area)

[1]  met1:
  PAR:    1.79  Ratio:    0.00       (Area)
  PAR:    9.56  Ratio:  400.00       (S.Area)
  CAR:    1.85  Ratio:    0.00       (C.Area)
  CAR:    9.63  Ratio:    0.00       (C.S.Area)

[1]  li1:
  PAR:    0.06  Ratio:    0.00       (Area)
  PAR:    0.07  Ratio:   75.00       (S.Area)
  CAR:    0.06  Ratio:    0.00       (C.Area)
  CAR:    0.07  Ratio:    0.00       (C.S.Area)

[1]  M1M2_PR:
  PAR:    0.05  Ratio:    6.00       (Area)
  CAR:    0.16  Ratio:    0.00       (C.Area)

[1]  L1M1_PR:
  PAR:    0.12  Ratio:    3.00       (Area)
  CAR:    0.12  Ratio:    0.00       (C.Area)

  _22_  (sky130_fd_sc_hd__nor2_1)  A
[1]  met2:
  PAR:    3.54  Ratio:    0.00       (Area)
  PAR:   17.85  Ratio: 2771.60       (S.Area)
  CAR:    5.39  Ratio:    0.00       (C.Area)
  CAR:   27.48  Ratio:    0.00       (C.S.Area)

[1]  met1:
  PAR:    1.79  Ratio:    0.00       (Area)
  PAR:    9.56  Ratio:  400.00       (S.Area)
  CAR:    1.85  Ratio:    0.00       (C.Area)
  CAR:    9.63  Ratio:    0.00       (C.S.Area)

[1]  li1:
  PAR:    0.06  Ratio:    0.00       (Area)
  PAR:    0.07  Ratio:   75.00       (S.Area)
  CAR:    0.06  Ratio:    0.00       (C.Area)
  CAR:    0.07  Ratio:    0.00       (C.S.Area)

[1]  M1M2_PR:
  PAR:    0.05  Ratio:    6.00       (Area)
  CAR:    0.16  Ratio:    0.00       (C.Area)

[1]  L1M1_PR:
  PAR:    0.12  Ratio:    3.00       (Area)
  CAR:    0.12  Ratio:    0.00       (C.Area)

  _23_  (sky130_fd_sc_hd__nand2_1)  A
[1]  met2:
  PAR:    3.54  Ratio:    0.00       (Area)
  PAR:   17.85  Ratio: 2771.60       (S.Area)
  CAR:    3.93  Ratio:    0.00       (C.Area)
  CAR:   20.01  Ratio:    0.00       (C.S.Area)

[1]  met1:
  PAR:    0.34  Ratio:    0.00       (Area)
  PAR:    2.09  Ratio:  400.00       (S.Area)
  CAR:    0.40  Ratio:    0.00       (C.Area)
  CAR:    2.16  Ratio:    0.00       (C.S.Area)

[1]  li1:
  PAR:    0.06  Ratio:    0.00       (Area)
  PAR:    0.07  Ratio:   75.00       (S.Area)
  CAR:    0.06  Ratio:    0.00       (C.Area)
  CAR:    0.07  Ratio:    0.00       (C.S.Area)

[1]  M1M2_PR:
  PAR:    0.09  Ratio:    6.00       (Area)
  CAR:    0.21  Ratio:    0.00       (C.Area)

[1]  L1M1_PR:
  PAR:    0.12  Ratio:    3.00       (Area)
  CAR:    0.12  Ratio:    0.00       (C.Area)


Net - net7
  _33_  (sky130_fd_sc_hd__a22o_1)  B1
[1]  met2:
  PAR:    1.69  Ratio:    0.00       (Area)
  PAR:    8.99  Ratio: 2736.24       (S.Area)
  CAR:    1.83  Ratio:    0.00       (C.Area)
  CAR:    9.45  Ratio:    0.00       (C.S.Area)

[1]  met1:
  PAR:    0.08  Ratio:    0.00       (Area)
  PAR:    0.40  Ratio:  400.00       (S.Area)
  CAR:    0.14  Ratio:    0.00       (C.Area)
  CAR:    0.46  Ratio:    0.00       (C.S.Area)

[1]  li1:
  PAR:    0.06  Ratio:    0.00       (Area)
  PAR:    0.07  Ratio:   75.00       (S.Area)
  CAR:    0.06  Ratio:    0.00       (C.Area)
  CAR:    0.07  Ratio:    0.00       (C.S.Area)

[1]  M1M2_PR:
  PAR:    0.09  Ratio:    6.00       (Area)
  CAR:    0.21  Ratio:    0.00       (C.Area)

[1]  L1M1_PR:
  PAR:    0.12  Ratio:    3.00       (Area)
  CAR:    0.12  Ratio:    0.00       (C.Area)

  _34_  (sky130_fd_sc_hd__o22a_1)  A1
[1]  met2:
  PAR:    1.69  Ratio:    0.00       (Area)
  PAR:    8.99  Ratio: 2736.24       (S.Area)
  CAR:    1.83  Ratio:    0.00       (C.Area)
  CAR:    9.45  Ratio:    0.00       (C.S.Area)

[1]  met1:
  PAR:    0.08  Ratio:    0.00       (Area)
  PAR:    0.40  Ratio:  400.00       (S.Area)
  CAR:    0.14  Ratio:    0.00       (C.Area)
  CAR:    0.46  Ratio:    0.00       (C.S.Area)

[1]  li1:
  PAR:    0.06  Ratio:    0.00       (Area)
  PAR:    0.07  Ratio:   75.00       (S.Area)
  CAR:    0.06  Ratio:    0.00       (C.Area)
  CAR:    0.07  Ratio:    0.00       (C.S.Area)

[1]  M1M2_PR:
  PAR:    0.09  Ratio:    6.00       (Area)
  CAR:    0.21  Ratio:    0.00       (C.Area)

[1]  L1M1_PR:
  PAR:    0.12  Ratio:    3.00       (Area)
  CAR:    0.12  Ratio:    0.00       (C.Area)

  _26_  (sky130_fd_sc_hd__xor2_1)  A
[1]  met2:
  PAR:    1.69  Ratio:    0.00       (Area)
  PAR:    8.99  Ratio: 2736.24       (S.Area)
  CAR:    2.21  Ratio:    0.00       (C.Area)
  CAR:   11.88  Ratio:    0.00       (C.S.Area)

[1]  met1:
  PAR:    0.49  Ratio:    0.00       (Area)
  PAR:    2.86  Ratio:  400.00       (S.Area)
  CAR:    0.52  Ratio:    0.00       (C.Area)
  CAR:    2.89  Ratio:    0.00       (C.S.Area)

[1]  li1:
  PAR:    0.03  Ratio:    0.00       (Area)
  PAR:    0.03  Ratio:   75.00       (S.Area)
  CAR:    0.03  Ratio:    0.00       (C.Area)
  CAR:    0.03  Ratio:    0.00       (C.S.Area)

[1]  M1M2_PR:
  PAR:    0.05  Ratio:    6.00       (Area)
  CAR:    0.10  Ratio:    0.00       (C.Area)

[1]  L1M1_PR:
  PAR:    0.06  Ratio:    3.00       (Area)
  CAR:    0.06  Ratio:    0.00       (C.Area)


Net - net8
  _29_  (sky130_fd_sc_hd__nand2_1)  A
[1]  met1:
  PAR:    3.10  Ratio:    0.00       (Area)
  PAR:   16.43  Ratio: 2736.24       (S.Area)
  CAR:    3.16  Ratio:    0.00       (C.Area)
  CAR:   16.49  Ratio:    0.00       (C.S.Area)

[1]  li1:
  PAR:    0.06  Ratio:    0.00       (Area)
  PAR:    0.07  Ratio:   75.00       (S.Area)
  CAR:    0.06  Ratio:    0.00       (C.Area)
  CAR:    0.07  Ratio:    0.00       (C.S.Area)

[1]  L1M1_PR:
  PAR:    0.12  Ratio:    3.00       (Area)
  CAR:    0.12  Ratio:    0.00       (C.Area)

  _30_  (sky130_fd_sc_hd__or2_1)  A
[1]  met1:
  PAR:    3.10  Ratio:    0.00       (Area)
  PAR:   16.43  Ratio: 2736.24       (S.Area)
  CAR:    3.22  Ratio:    0.00       (C.Area)
  CAR:   16.56  Ratio:    0.00       (C.S.Area)

[1]  li1:
  PAR:    0.11  Ratio:    0.00       (Area)
  PAR:    0.13  Ratio:   75.00       (S.Area)
  CAR:    0.11  Ratio:    0.00       (C.Area)
  CAR:    0.13  Ratio:    0.00       (C.S.Area)

[1]  L1M1_PR:
  PAR:    0.23  Ratio:    3.00       (Area)
  CAR:    0.23  Ratio:    0.00       (C.Area)


Net - net9
  _20_  (sky130_fd_sc_hd__or3_1)  C
[1]  met2:
  PAR:    3.36  Ratio:    0.00       (Area)
  PAR:   17.03  Ratio: 2771.60       (S.Area)
  CAR:   10.27  Ratio:    0.00       (C.Area)
  CAR:   51.95  Ratio:    0.00       (C.S.Area)

[1]  met1:
  PAR:    6.80  Ratio:    0.00       (Area)
  PAR:   34.78  Ratio:  400.00       (S.Area)
  CAR:    6.91  Ratio:    0.00       (C.Area)
  CAR:   34.91  Ratio:    0.00       (C.S.Area)

[1]  li1:
  PAR:    0.11  Ratio:    0.00       (Area)
  PAR:    0.13  Ratio:   75.00       (S.Area)
  CAR:    0.11  Ratio:    0.00       (C.Area)
  CAR:    0.13  Ratio:    0.00       (C.S.Area)

[1]  M1M2_PR:
  PAR:    0.18  Ratio:    6.00       (Area)
  CAR:    0.41  Ratio:    0.00       (C.Area)

[1]  L1M1_PR:
  PAR:    0.23  Ratio:    3.00       (Area)
  CAR:    0.23  Ratio:    0.00       (C.Area)

  _16_  (sky130_fd_sc_hd__clkinv_2)  A
[1]  met2:
  PAR:    3.36  Ratio:    0.00       (Area)
  PAR:   17.03  Ratio: 2771.60       (S.Area)
  CAR:    3.42  Ratio:    0.00       (C.Area)
  CAR:   17.23  Ratio:    0.00       (C.S.Area)

[1]  met1:
  PAR:    0.03  Ratio:    0.00       (Area)
  PAR:    0.17  Ratio:  400.00       (S.Area)
  CAR:    0.06  Ratio:    0.00       (C.Area)
  CAR:    0.20  Ratio:    0.00       (C.S.Area)

[1]  li1:
  PAR:    0.03  Ratio:    0.00       (Area)
  PAR:    0.03  Ratio:   75.00       (S.Area)
  CAR:    0.03  Ratio:    0.00       (C.Area)
  CAR:    0.03  Ratio:    0.00       (C.S.Area)

[1]  M1M2_PR:
  PAR:    0.04  Ratio:    6.00       (Area)
  CAR:    0.09  Ratio:    0.00       (C.Area)

[1]  L1M1_PR:
  PAR:    0.05  Ratio:    3.00       (Area)
  CAR:    0.05  Ratio:    0.00       (C.Area)

  _18_  (sky130_fd_sc_hd__o21ai_1)  B1
[1]  met2:
  PAR:    3.36  Ratio:    0.00       (Area)
  PAR:   17.03  Ratio: 2771.60       (S.Area)
  CAR:    9.81  Ratio:    0.00       (C.Area)
  CAR:   50.44  Ratio:    0.00       (C.S.Area)

[1]  met1:
  PAR:    6.37  Ratio:    0.00       (Area)
  PAR:   33.32  Ratio:  400.00       (S.Area)
  CAR:    6.45  Ratio:    0.00       (C.Area)
  CAR:   33.41  Ratio:    0.00       (C.S.Area)

[1]  li1:
  PAR:    0.07  Ratio:    0.00       (Area)
  PAR:    0.08  Ratio:   75.00       (S.Area)
  CAR:    0.07  Ratio:    0.00       (C.Area)
  CAR:    0.08  Ratio:    0.00       (C.S.Area)

[1]  M1M2_PR:
  PAR:    0.11  Ratio:    6.00       (Area)
  CAR:    0.25  Ratio:    0.00       (C.Area)

[1]  L1M1_PR:
  PAR:    0.14  Ratio:    3.00       (Area)
  CAR:    0.14  Ratio:    0.00       (C.Area)

Number of pins violated: 0
Number of nets violated: 0
Total number of unspecial nets: 44
