Warning - class CORE ANTENNACELL is not found. This message can be ignored if not in the antenna-avoid flow

Net - a[0]
  input1  (sky130_fd_sc_hd__buf_6)  A
[1]  met3:
  PAR:    2.78  Ratio:    0.00       (Area)
  PAR:   15.78  Ratio:  400.00       (S.Area)
  CAR:    4.30  Ratio:    0.00       (C.Area)
  CAR:   23.48  Ratio:    0.00       (C.S.Area)

[1]  met2:
  PAR:    1.45  Ratio:    0.00       (Area)
  PAR:    7.47  Ratio:  400.00       (S.Area)
  CAR:    1.52  Ratio:    0.00       (C.Area)
  CAR:    7.70  Ratio:    0.00       (C.S.Area)

[1]  met1:
  PAR:    0.04  Ratio:    0.00       (Area)
  PAR:    0.20  Ratio:  400.00       (S.Area)
  CAR:    0.07  Ratio:    0.00       (C.Area)
  CAR:    0.23  Ratio:    0.00       (C.S.Area)

[1]  li1:
  PAR:    0.03  Ratio:    0.00       (Area)
  PAR:    0.03  Ratio:   75.00       (S.Area)
  CAR:    0.03  Ratio:    0.00       (C.Area)
  CAR:    0.03  Ratio:    0.00       (C.S.Area)

[1]  M2M3_PR:
  PAR:    0.08  Ratio:    6.00       (Area)
  CAR:    0.18  Ratio:    0.00       (C.Area)

[1]  M1M2_PR:
  PAR:    0.05  Ratio:    6.00       (Area)
  CAR:    0.10  Ratio:    0.00       (C.Area)

[1]  L1M1_PR:
  PAR:    0.06  Ratio:    3.00       (Area)
  CAR:    0.06  Ratio:    0.00       (C.Area)


Net - a[1]
  input2  (sky130_fd_sc_hd__clkbuf_1)  A
[1]  met3:
  PAR:   26.30  Ratio:    0.00       (Area)
  PAR:  147.55  Ratio:  400.00       (S.Area)
  CAR:   30.86  Ratio:    0.00       (C.Area)
  CAR:  170.58  Ratio:    0.00       (C.S.Area)

[1]  met2:
  PAR:    4.39  Ratio:    0.00       (Area)
  PAR:   22.44  Ratio:  400.00       (S.Area)
  CAR:    4.56  Ratio:    0.00       (C.Area)
  CAR:   23.03  Ratio:    0.00       (C.S.Area)

[1]  met1:
  PAR:    0.10  Ratio:    0.00       (Area)
  PAR:    0.50  Ratio:  400.00       (S.Area)
  CAR:    0.17  Ratio:    0.00       (C.Area)
  CAR:    0.59  Ratio:    0.00       (C.S.Area)

[1]  li1:
  PAR:    0.07  Ratio:    0.00       (Area)
  PAR:    0.09  Ratio:   75.00       (S.Area)
  CAR:    0.07  Ratio:    0.00       (C.Area)
  CAR:    0.09  Ratio:    0.00       (C.S.Area)

[1]  M2M3_PR:
  PAR:    0.20  Ratio:    6.00       (Area)
  CAR:    0.47  Ratio:    0.00       (C.Area)

[1]  M1M2_PR:
  PAR:    0.11  Ratio:    6.00       (Area)
  CAR:    0.26  Ratio:    0.00       (C.Area)

[1]  L1M1_PR:
  PAR:    0.15  Ratio:    3.00       (Area)
  CAR:    0.15  Ratio:    0.00       (C.Area)


Net - a[2]
  input3  (sky130_fd_sc_hd__clkbuf_1)  A
[1]  met2:
  PAR:    6.03  Ratio:    0.00       (Area)
  PAR:   30.67  Ratio:  400.00       (S.Area)
  CAR:    6.86  Ratio:    0.00       (C.Area)
  CAR:   35.03  Ratio:    0.00       (C.S.Area)

[1]  met1:
  PAR:    0.76  Ratio:    0.00       (Area)
  PAR:    4.27  Ratio:  400.00       (S.Area)
  CAR:    0.83  Ratio:    0.00       (C.Area)
  CAR:    4.36  Ratio:    0.00       (C.S.Area)

[1]  li1:
  PAR:    0.07  Ratio:    0.00       (Area)
  PAR:    0.09  Ratio:   75.00       (S.Area)
  CAR:    0.07  Ratio:    0.00       (C.Area)
  CAR:    0.09  Ratio:    0.00       (C.S.Area)

[1]  M1M2_PR:
  PAR:    0.11  Ratio:    6.00       (Area)
  CAR:    0.26  Ratio:    0.00       (C.Area)

[1]  L1M1_PR:
  PAR:    0.15  Ratio:    3.00       (Area)
  CAR:    0.15  Ratio:    0.00       (C.Area)


Net - a[3]
  input4  (sky130_fd_sc_hd__clkbuf_1)  A
[1]  met2:
  PAR:    5.79  Ratio:    0.00       (Area)
  PAR:   29.46  Ratio:  400.00       (S.Area)
  CAR:    9.16  Ratio:    0.00       (C.Area)
  CAR:   47.00  Ratio:    0.00       (C.S.Area)

[1]  met1:
  PAR:    3.29  Ratio:    0.00       (Area)
  PAR:   17.46  Ratio:  400.00       (S.Area)
  CAR:    3.37  Ratio:    0.00       (C.Area)
  CAR:   17.54  Ratio:    0.00       (C.S.Area)

[1]  li1:
  PAR:    0.07  Ratio:    0.00       (Area)
  PAR:    0.09  Ratio:   75.00       (S.Area)
  CAR:    0.07  Ratio:    0.00       (C.Area)
  CAR:    0.09  Ratio:    0.00       (C.S.Area)

[1]  M1M2_PR:
  PAR:    0.11  Ratio:    6.00       (Area)
  CAR:    0.26  Ratio:    0.00       (C.Area)

[1]  L1M1_PR:
  PAR:    0.15  Ratio:    3.00       (Area)
  CAR:    0.15  Ratio:    0.00       (C.Area)


Net - a[4]
  input5  (sky130_fd_sc_hd__clkbuf_1)  A
[1]  met3:
  PAR:   16.83  Ratio:    0.00       (Area)
  PAR:   92.18  Ratio:  400.00       (S.Area)
  CAR:   19.70  Ratio:    0.00       (C.Area)
  CAR:  106.73  Ratio:    0.00       (C.S.Area)

[1]  met2:
  PAR:    2.69  Ratio:    0.00       (Area)
  PAR:   13.96  Ratio:  400.00       (S.Area)
  CAR:    2.87  Ratio:    0.00       (C.Area)
  CAR:   14.55  Ratio:    0.00       (C.S.Area)

[1]  met1:
  PAR:    0.10  Ratio:    0.00       (Area)
  PAR:    0.50  Ratio:  400.00       (S.Area)
  CAR:    0.17  Ratio:    0.00       (C.Area)
  CAR:    0.59  Ratio:    0.00       (C.S.Area)

[1]  li1:
  PAR:    0.07  Ratio:    0.00       (Area)
  PAR:    0.09  Ratio:   75.00       (S.Area)
  CAR:    0.07  Ratio:    0.00       (C.Area)
  CAR:    0.09  Ratio:    0.00       (C.S.Area)

[1]  M2M3_PR:
  PAR:    0.20  Ratio:    6.00       (Area)
  CAR:    0.47  Ratio:    0.00       (C.Area)

[1]  M1M2_PR:
  PAR:    0.11  Ratio:    6.00       (Area)
  CAR:    0.26  Ratio:    0.00       (C.Area)

[1]  L1M1_PR:
  PAR:    0.15  Ratio:    3.00       (Area)
  CAR:    0.15  Ratio:    0.00       (C.Area)


Net - a[5]
  input6  (sky130_fd_sc_hd__dlymetal6s2s_1)  A
[1]  met2:
  PAR:    9.41  Ratio:    0.00       (Area)
  PAR:   47.83  Ratio:  400.00       (S.Area)
  CAR:   19.39  Ratio:    0.00       (C.Area)
  CAR:   98.08  Ratio:    0.00       (C.S.Area)

[1]  met1:
  PAR:    9.87  Ratio:    0.00       (Area)
  PAR:   50.11  Ratio:  400.00       (S.Area)
  CAR:    9.98  Ratio:    0.00       (C.Area)
  CAR:   50.25  Ratio:    0.00       (C.S.Area)

[1]  li1:
  PAR:    0.11  Ratio:    0.00       (Area)
  PAR:    0.13  Ratio:   75.00       (S.Area)
  CAR:    0.11  Ratio:    0.00       (C.Area)
  CAR:    0.13  Ratio:    0.00       (C.S.Area)

[1]  M1M2_PR:
  PAR:    0.18  Ratio:    6.00       (Area)
  CAR:    0.41  Ratio:    0.00       (C.Area)

[1]  L1M1_PR:
  PAR:    0.23  Ratio:    3.00       (Area)
  CAR:    0.23  Ratio:    0.00       (C.Area)


Net - a[6]
  input7  (sky130_fd_sc_hd__clkbuf_1)  A
[1]  met3:
  PAR:    6.30  Ratio:    0.00       (Area)
  PAR:   36.00  Ratio:  400.00       (S.Area)
  CAR:    9.16  Ratio:    0.00       (C.Area)
  CAR:   50.55  Ratio:    0.00       (C.S.Area)

[1]  met2:
  PAR:    2.69  Ratio:    0.00       (Area)
  PAR:   13.96  Ratio:  400.00       (S.Area)
  CAR:    2.87  Ratio:    0.00       (C.Area)
  CAR:   14.55  Ratio:    0.00       (C.S.Area)

[1]  met1:
  PAR:    0.10  Ratio:    0.00       (Area)
  PAR:    0.50  Ratio:  400.00       (S.Area)
  CAR:    0.17  Ratio:    0.00       (C.Area)
  CAR:    0.59  Ratio:    0.00       (C.S.Area)

[1]  li1:
  PAR:    0.07  Ratio:    0.00       (Area)
  PAR:    0.09  Ratio:   75.00       (S.Area)
  CAR:    0.07  Ratio:    0.00       (C.Area)
  CAR:    0.09  Ratio:    0.00       (C.S.Area)

[1]  M2M3_PR:
  PAR:    0.20  Ratio:    6.00       (Area)
  CAR:    0.47  Ratio:    0.00       (C.Area)

[1]  M1M2_PR:
  PAR:    0.11  Ratio:    6.00       (Area)
  CAR:    0.26  Ratio:    0.00       (C.Area)

[1]  L1M1_PR:
  PAR:    0.15  Ratio:    3.00       (Area)
  CAR:    0.15  Ratio:    0.00       (C.Area)


Net - a[7]
  input8  (sky130_fd_sc_hd__clkbuf_1)  A
[1]  met3:
  PAR:   17.53  Ratio:    0.00       (Area)
  PAR:   95.93  Ratio:  400.00       (S.Area)
  CAR:   30.39  Ratio:    0.00       (C.Area)
  CAR:  161.42  Ratio:    0.00       (C.S.Area)

[1]  met2:
  PAR:    8.51  Ratio:    0.00       (Area)
  PAR:   43.03  Ratio:  400.00       (S.Area)
  CAR:   12.86  Ratio:    0.00       (C.Area)
  CAR:   65.49  Ratio:    0.00       (C.S.Area)

[1]  met1:
  PAR:    4.27  Ratio:    0.00       (Area)
  PAR:   22.37  Ratio:  400.00       (S.Area)
  CAR:    4.35  Ratio:    0.00       (C.Area)
  CAR:   22.46  Ratio:    0.00       (C.S.Area)

[1]  li1:
  PAR:    0.07  Ratio:    0.00       (Area)
  PAR:    0.09  Ratio:   75.00       (S.Area)
  CAR:    0.07  Ratio:    0.00       (C.Area)
  CAR:    0.09  Ratio:    0.00       (C.S.Area)

[1]  M2M3_PR:
  PAR:    0.20  Ratio:    6.00       (Area)
  CAR:    0.47  Ratio:    0.00       (C.Area)

[1]  M1M2_PR:
  PAR:    0.11  Ratio:    6.00       (Area)
  CAR:    0.26  Ratio:    0.00       (C.Area)

[1]  L1M1_PR:
  PAR:    0.15  Ratio:    3.00       (Area)
  CAR:    0.15  Ratio:    0.00       (C.Area)


Net - b[0]
  input9  (sky130_fd_sc_hd__clkbuf_2)  A
[1]  met2:
  PAR:    7.58  Ratio:    0.00       (Area)
  PAR:   38.35  Ratio:  400.00       (S.Area)
  CAR:   11.37  Ratio:    0.00       (C.Area)
  CAR:   57.49  Ratio:    0.00       (C.S.Area)

[1]  met1:
  PAR:    3.72  Ratio:    0.00       (Area)
  PAR:   19.06  Ratio:  400.00       (S.Area)
  CAR:    3.79  Ratio:    0.00       (C.Area)
  CAR:   19.14  Ratio:    0.00       (C.S.Area)

[1]  li1:
  PAR:    0.07  Ratio:    0.00       (Area)
  PAR:    0.08  Ratio:   75.00       (S.Area)
  CAR:    0.07  Ratio:    0.00       (C.Area)
  CAR:    0.08  Ratio:    0.00       (C.S.Area)

[1]  M1M2_PR:
  PAR:    0.11  Ratio:    6.00       (Area)
  CAR:    0.24  Ratio:    0.00       (C.Area)

[1]  L1M1_PR:
  PAR:    0.14  Ratio:    3.00       (Area)
  CAR:    0.14  Ratio:    0.00       (C.Area)


Net - b[1]
  input10  (sky130_fd_sc_hd__clkbuf_1)  A
[1]  met2:
  PAR:    5.79  Ratio:    0.00       (Area)
  PAR:   29.46  Ratio:  400.00       (S.Area)
  CAR:   23.25  Ratio:    0.00       (C.Area)
  CAR:  117.47  Ratio:    0.00       (C.S.Area)

[1]  met1:
  PAR:   17.38  Ratio:    0.00       (Area)
  PAR:   87.92  Ratio:  400.00       (S.Area)
  CAR:   17.46  Ratio:    0.00       (C.Area)
  CAR:   88.01  Ratio:    0.00       (C.S.Area)

[1]  li1:
  PAR:    0.07  Ratio:    0.00       (Area)
  PAR:    0.09  Ratio:   75.00       (S.Area)
  CAR:    0.07  Ratio:    0.00       (C.Area)
  CAR:    0.09  Ratio:    0.00       (C.S.Area)

[1]  M1M2_PR:
  PAR:    0.11  Ratio:    6.00       (Area)
  CAR:    0.26  Ratio:    0.00       (C.Area)

[1]  L1M1_PR:
  PAR:    0.15  Ratio:    3.00       (Area)
  CAR:    0.15  Ratio:    0.00       (C.Area)


Net - b[2]
  input11  (sky130_fd_sc_hd__clkbuf_1)  A
[1]  met2:
  PAR:    8.21  Ratio:    0.00       (Area)
  PAR:   41.57  Ratio:  400.00       (S.Area)
  CAR:    8.72  Ratio:    0.00       (C.Area)
  CAR:   44.30  Ratio:    0.00       (C.S.Area)

[1]  met1:
  PAR:    0.43  Ratio:    0.00       (Area)
  PAR:    2.64  Ratio:  400.00       (S.Area)
  CAR:    0.50  Ratio:    0.00       (C.Area)
  CAR:    2.72  Ratio:    0.00       (C.S.Area)

[1]  li1:
  PAR:    0.07  Ratio:    0.00       (Area)
  PAR:    0.09  Ratio:   75.00       (S.Area)
  CAR:    0.07  Ratio:    0.00       (C.Area)
  CAR:    0.09  Ratio:    0.00       (C.S.Area)

[1]  M1M2_PR:
  PAR:    0.11  Ratio:    6.00       (Area)
  CAR:    0.26  Ratio:    0.00       (C.Area)

[1]  L1M1_PR:
  PAR:    0.15  Ratio:    3.00       (Area)
  CAR:    0.15  Ratio:    0.00       (C.Area)


Net - b[3]
  input12  (sky130_fd_sc_hd__clkbuf_1)  A
[1]  met3:
  PAR:    9.11  Ratio:    0.00       (Area)
  PAR:   50.98  Ratio:  400.00       (S.Area)
  CAR:   11.25  Ratio:    0.00       (C.Area)
  CAR:   61.90  Ratio:    0.00       (C.S.Area)

[1]  met2:
  PAR:    1.97  Ratio:    0.00       (Area)
  PAR:   10.33  Ratio:  400.00       (S.Area)
  CAR:    2.14  Ratio:    0.00       (C.Area)
  CAR:   10.92  Ratio:    0.00       (C.S.Area)

[1]  met1:
  PAR:    0.10  Ratio:    0.00       (Area)
  PAR:    0.50  Ratio:  400.00       (S.Area)
  CAR:    0.17  Ratio:    0.00       (C.Area)
  CAR:    0.59  Ratio:    0.00       (C.S.Area)

[1]  li1:
  PAR:    0.07  Ratio:    0.00       (Area)
  PAR:    0.09  Ratio:   75.00       (S.Area)
  CAR:    0.07  Ratio:    0.00       (C.Area)
  CAR:    0.09  Ratio:    0.00       (C.S.Area)

[1]  M2M3_PR:
  PAR:    0.20  Ratio:    6.00       (Area)
  CAR:    0.47  Ratio:    0.00       (C.Area)

[1]  M1M2_PR:
  PAR:    0.11  Ratio:    6.00       (Area)
  CAR:    0.26  Ratio:    0.00       (C.Area)

[1]  L1M1_PR:
  PAR:    0.15  Ratio:    3.00       (Area)
  CAR:    0.15  Ratio:    0.00       (C.Area)


Net - b[4]
  input13  (sky130_fd_sc_hd__clkbuf_1)  A
[1]  met2:
  PAR:   15.48  Ratio:    0.00       (Area)
  PAR:   77.91  Ratio:  400.00       (S.Area)
  CAR:   22.04  Ratio:    0.00       (C.Area)
  CAR:  111.91  Ratio:    0.00       (C.S.Area)

[1]  met1:
  PAR:    6.48  Ratio:    0.00       (Area)
  PAR:   33.91  Ratio:  400.00       (S.Area)
  CAR:    6.56  Ratio:    0.00       (C.Area)
  CAR:   34.00  Ratio:    0.00       (C.S.Area)

[1]  li1:
  PAR:    0.07  Ratio:    0.00       (Area)
  PAR:    0.09  Ratio:   75.00       (S.Area)
  CAR:    0.07  Ratio:    0.00       (C.Area)
  CAR:    0.09  Ratio:    0.00       (C.S.Area)

[1]  M1M2_PR:
  PAR:    0.11  Ratio:    6.00       (Area)
  CAR:    0.26  Ratio:    0.00       (C.Area)

[1]  L1M1_PR:
  PAR:    0.15  Ratio:    3.00       (Area)
  CAR:    0.15  Ratio:    0.00       (C.Area)


Net - b[5]
  input14  (sky130_fd_sc_hd__clkbuf_1)  A
[1]  met2:
  PAR:    8.21  Ratio:    0.00       (Area)
  PAR:   41.57  Ratio:  400.00       (S.Area)
  CAR:   13.30  Ratio:    0.00       (C.Area)
  CAR:   67.24  Ratio:    0.00       (C.S.Area)

[1]  met1:
  PAR:    5.02  Ratio:    0.00       (Area)
  PAR:   25.58  Ratio:  400.00       (S.Area)
  CAR:    5.09  Ratio:    0.00       (C.Area)
  CAR:   25.66  Ratio:    0.00       (C.S.Area)

[1]  li1:
  PAR:    0.07  Ratio:    0.00       (Area)
  PAR:    0.09  Ratio:   75.00       (S.Area)
  CAR:    0.07  Ratio:    0.00       (C.Area)
  CAR:    0.09  Ratio:    0.00       (C.S.Area)

[1]  M1M2_PR:
  PAR:    0.11  Ratio:    6.00       (Area)
  CAR:    0.26  Ratio:    0.00       (C.Area)

[1]  L1M1_PR:
  PAR:    0.15  Ratio:    3.00       (Area)
  CAR:    0.15  Ratio:    0.00       (C.Area)


Net - b[6]
  input15  (sky130_fd_sc_hd__clkbuf_1)  A
[1]  met2:
  PAR:    5.79  Ratio:    0.00       (Area)
  PAR:   29.46  Ratio:  400.00       (S.Area)
  CAR:   11.45  Ratio:    0.00       (C.Area)
  CAR:   58.97  Ratio:    0.00       (C.S.Area)

[1]  met1:
  PAR:    5.59  Ratio:    0.00       (Area)
  PAR:   29.42  Ratio:  400.00       (S.Area)
  CAR:    5.66  Ratio:    0.00       (C.Area)
  CAR:   29.51  Ratio:    0.00       (C.S.Area)

[1]  li1:
  PAR:    0.07  Ratio:    0.00       (Area)
  PAR:    0.09  Ratio:   75.00       (S.Area)
  CAR:    0.07  Ratio:    0.00       (C.Area)
  CAR:    0.09  Ratio:    0.00       (C.S.Area)

[1]  M1M2_PR:
  PAR:    0.11  Ratio:    6.00       (Area)
  CAR:    0.26  Ratio:    0.00       (C.Area)

[1]  L1M1_PR:
  PAR:    0.15  Ratio:    3.00       (Area)
  CAR:    0.15  Ratio:    0.00       (C.Area)


Net - b[7]
  input16  (sky130_fd_sc_hd__clkbuf_1)  A
[1]  met2:
  PAR:    6.03  Ratio:    0.00       (Area)
  PAR:   30.67  Ratio:  400.00       (S.Area)
  CAR:    8.17  Ratio:    0.00       (C.Area)
  CAR:   41.59  Ratio:    0.00       (C.S.Area)

[1]  met1:
  PAR:    2.07  Ratio:    0.00       (Area)
  PAR:   10.83  Ratio:  400.00       (S.Area)
  CAR:    2.14  Ratio:    0.00       (C.Area)
  CAR:   10.92  Ratio:    0.00       (C.S.Area)

[1]  li1:
  PAR:    0.07  Ratio:    0.00       (Area)
  PAR:    0.09  Ratio:   75.00       (S.Area)
  CAR:    0.07  Ratio:    0.00       (C.Area)
  CAR:    0.09  Ratio:    0.00       (C.S.Area)

[1]  M1M2_PR:
  PAR:    0.11  Ratio:    6.00       (Area)
  CAR:    0.26  Ratio:    0.00       (C.Area)

[1]  L1M1_PR:
  PAR:    0.15  Ratio:    3.00       (Area)
  CAR:    0.15  Ratio:    0.00       (C.Area)


Net - cin
  input17  (sky130_fd_sc_hd__clkbuf_1)  A
[1]  met3:
  PAR:   21.05  Ratio:    0.00       (Area)
  PAR:  114.66  Ratio:  400.00       (S.Area)
  CAR:   33.02  Ratio:    0.00       (C.Area)
  CAR:  175.23  Ratio:    0.00       (C.S.Area)

[1]  met2:
  PAR:    7.54  Ratio:    0.00       (Area)
  PAR:   38.19  Ratio:  400.00       (S.Area)
  CAR:   11.97  Ratio:    0.00       (C.Area)
  CAR:   60.58  Ratio:    0.00       (C.S.Area)

[1]  met1:
  PAR:    4.36  Ratio:    0.00       (Area)
  PAR:   22.30  Ratio:  400.00       (S.Area)
  CAR:    4.43  Ratio:    0.00       (C.Area)
  CAR:   22.39  Ratio:    0.00       (C.S.Area)

[1]  li1:
  PAR:    0.07  Ratio:    0.00       (Area)
  PAR:    0.09  Ratio:   75.00       (S.Area)
  CAR:    0.07  Ratio:    0.00       (C.Area)
  CAR:    0.09  Ratio:    0.00       (C.S.Area)

[1]  M2M3_PR:
  PAR:    0.20  Ratio:    6.00       (Area)
  CAR:    0.47  Ratio:    0.00       (C.Area)

[1]  M1M2_PR:
  PAR:    0.11  Ratio:    6.00       (Area)
  CAR:    0.26  Ratio:    0.00       (C.Area)

[1]  L1M1_PR:
  PAR:    0.15  Ratio:    3.00       (Area)
  CAR:    0.15  Ratio:    0.00       (C.Area)

  No sinks on this net
  No sinks on this net
  No sinks on this net
  No sinks on this net
  No sinks on this net
  No sinks on this net
  No sinks on this net
  No sinks on this net
  No sinks on this net

Net - net1
  ppa_pre_1_0.U2.and2  (sky130_fd_sc_hd__and2_1)  A
[1]  met1:
  PAR:    6.35  Ratio:    0.00       (Area)
  PAR:   32.15  Ratio: 3134.60       (S.Area)
  CAR:    6.47  Ratio:    0.00       (C.Area)
  CAR:   32.29  Ratio:    0.00       (C.S.Area)

[1]  li1:
  PAR:    0.11  Ratio:    0.00       (Area)
  PAR:    0.13  Ratio:   75.00       (S.Area)
  CAR:    0.11  Ratio:    0.00       (C.Area)
  CAR:    0.13  Ratio:    0.00       (C.S.Area)

[1]  L1M1_PR:
  PAR:    0.23  Ratio:    3.00       (Area)
  CAR:    0.23  Ratio:    0.00       (C.Area)

  ppa_pre_1_0.U1.xor2  (sky130_fd_sc_hd__xor2_1)  A
[1]  met1:
  PAR:    6.35  Ratio:    0.00       (Area)
  PAR:   32.15  Ratio: 3134.60       (S.Area)
  CAR:    6.38  Ratio:    0.00       (C.Area)
  CAR:   32.19  Ratio:    0.00       (C.S.Area)

[1]  li1:
  PAR:    0.03  Ratio:    0.00       (Area)
  PAR:    0.03  Ratio:   75.00       (S.Area)
  CAR:    0.03  Ratio:    0.00       (C.Area)
  CAR:    0.03  Ratio:    0.00       (C.S.Area)

[1]  L1M1_PR:
  PAR:    0.06  Ratio:    3.00       (Area)
  CAR:    0.06  Ratio:    0.00       (C.Area)


Net - net10
  ppa_pre_2_0.U2.and2  (sky130_fd_sc_hd__and2_1)  B
[1]  met2:
  PAR:    0.56  Ratio:    0.00       (Area)
  PAR:    2.88  Ratio: 2736.24       (S.Area)
  CAR:    1.72  Ratio:    0.00       (C.Area)
  CAR:    8.54  Ratio:    0.00       (C.S.Area)

[1]  met1:
  PAR:    1.04  Ratio:    0.00       (Area)
  PAR:    5.52  Ratio:  400.00       (S.Area)
  CAR:    1.16  Ratio:    0.00       (C.Area)
  CAR:    5.66  Ratio:    0.00       (C.S.Area)

[1]  li1:
  PAR:    0.11  Ratio:    0.00       (Area)
  PAR:    0.13  Ratio:   75.00       (S.Area)
  CAR:    0.11  Ratio:    0.00       (C.Area)
  CAR:    0.13  Ratio:    0.00       (C.S.Area)

[1]  M1M2_PR:
  PAR:    0.04  Ratio:    6.00       (Area)
  CAR:    0.27  Ratio:    0.00       (C.Area)

[1]  L1M1_PR:
  PAR:    0.23  Ratio:    3.00       (Area)
  CAR:    0.23  Ratio:    0.00       (C.Area)

  ppa_pre_2_0.U1.xor2  (sky130_fd_sc_hd__xor2_1)  B
[1]  met2:
  PAR:    0.56  Ratio:    0.00       (Area)
  PAR:    2.88  Ratio: 2736.24       (S.Area)
  CAR:    1.63  Ratio:    0.00       (C.Area)
  CAR:    8.44  Ratio:    0.00       (C.S.Area)

[1]  met1:
  PAR:    1.04  Ratio:    0.00       (Area)
  PAR:    5.52  Ratio:  400.00       (S.Area)
  CAR:    1.07  Ratio:    0.00       (C.Area)
  CAR:    5.56  Ratio:    0.00       (C.S.Area)

[1]  li1:
  PAR:    0.03  Ratio:    0.00       (Area)
  PAR:    0.03  Ratio:   75.00       (S.Area)
  CAR:    0.03  Ratio:    0.00       (C.Area)
  CAR:    0.03  Ratio:    0.00       (C.S.Area)

[1]  M1M2_PR:
  PAR:    0.04  Ratio:    6.00       (Area)
  CAR:    0.09  Ratio:    0.00       (C.Area)

[1]  L1M1_PR:
  PAR:    0.06  Ratio:    3.00       (Area)
  CAR:    0.06  Ratio:    0.00       (C.Area)


Net - net11
  ppa_pre_3_0.U1.xor2  (sky130_fd_sc_hd__xor2_1)  B
[1]  met2:
  PAR:    6.63  Ratio:    0.00       (Area)
  PAR:   33.39  Ratio: 2736.24       (S.Area)
  CAR:    6.70  Ratio:    0.00       (C.Area)
  CAR:   33.63  Ratio:    0.00       (C.S.Area)

[1]  met1:
  PAR:    0.04  Ratio:    0.00       (Area)
  PAR:    0.20  Ratio:  400.00       (S.Area)
  CAR:    0.07  Ratio:    0.00       (C.Area)
  CAR:    0.23  Ratio:    0.00       (C.S.Area)

[1]  li1:
  PAR:    0.03  Ratio:    0.00       (Area)
  PAR:    0.03  Ratio:   75.00       (S.Area)
  CAR:    0.03  Ratio:    0.00       (C.Area)
  CAR:    0.03  Ratio:    0.00       (C.S.Area)

[1]  M1M2_PR:
  PAR:    0.05  Ratio:    6.00       (Area)
  CAR:    0.10  Ratio:    0.00       (C.Area)

[1]  L1M1_PR:
  PAR:    0.06  Ratio:    3.00       (Area)
  CAR:    0.06  Ratio:    0.00       (C.Area)

  ppa_pre_3_0.U2.and2  (sky130_fd_sc_hd__and2_1)  B
[1]  met2:
  PAR:    6.63  Ratio:    0.00       (Area)
  PAR:   33.39  Ratio: 2736.24       (S.Area)
  CAR:    7.41  Ratio:    0.00       (C.Area)
  CAR:   37.64  Ratio:    0.00       (C.S.Area)

[1]  met1:
  PAR:    0.67  Ratio:    0.00       (Area)
  PAR:    4.11  Ratio:  400.00       (S.Area)
  CAR:    0.78  Ratio:    0.00       (C.Area)
  CAR:    4.25  Ratio:    0.00       (C.S.Area)

[1]  li1:
  PAR:    0.11  Ratio:    0.00       (Area)
  PAR:    0.13  Ratio:   75.00       (S.Area)
  CAR:    0.11  Ratio:    0.00       (C.Area)
  CAR:    0.13  Ratio:    0.00       (C.S.Area)

[1]  M1M2_PR:
  PAR:    0.18  Ratio:    6.00       (Area)
  CAR:    0.41  Ratio:    0.00       (C.Area)

[1]  L1M1_PR:
  PAR:    0.23  Ratio:    3.00       (Area)
  CAR:    0.23  Ratio:    0.00       (C.Area)


Net - net12
  ppa_pre_4_0.U2.and2  (sky130_fd_sc_hd__and2_1)  B
[1]  met1:
  PAR:    5.60  Ratio:    0.00       (Area)
  PAR:   28.55  Ratio: 2736.24       (S.Area)
  CAR:    5.72  Ratio:    0.00       (C.Area)
  CAR:   28.68  Ratio:    0.00       (C.S.Area)

[1]  li1:
  PAR:    0.11  Ratio:    0.00       (Area)
  PAR:    0.13  Ratio:   75.00       (S.Area)
  CAR:    0.11  Ratio:    0.00       (C.Area)
  CAR:    0.13  Ratio:    0.00       (C.S.Area)

[1]  L1M1_PR:
  PAR:    0.23  Ratio:    3.00       (Area)
  CAR:    0.23  Ratio:    0.00       (C.Area)

  ppa_pre_4_0.U1.xor2  (sky130_fd_sc_hd__xor2_1)  B
[1]  met1:
  PAR:    5.60  Ratio:    0.00       (Area)
  PAR:   28.55  Ratio: 2736.24       (S.Area)
  CAR:    5.63  Ratio:    0.00       (C.Area)
  CAR:   28.58  Ratio:    0.00       (C.S.Area)

[1]  li1:
  PAR:    0.03  Ratio:    0.00       (Area)
  PAR:    0.03  Ratio:   75.00       (S.Area)
  CAR:    0.03  Ratio:    0.00       (C.Area)
  CAR:    0.03  Ratio:    0.00       (C.S.Area)

[1]  L1M1_PR:
  PAR:    0.06  Ratio:    3.00       (Area)
  CAR:    0.06  Ratio:    0.00       (C.Area)


Net - net13
  ppa_pre_5_0.U1.xor2  (sky130_fd_sc_hd__xor2_1)  B
[1]  met2:
  PAR:    1.18  Ratio:    0.00       (Area)
  PAR:    5.95  Ratio: 2736.24       (S.Area)
  CAR:    2.51  Ratio:    0.00       (C.Area)
  CAR:   12.91  Ratio:    0.00       (C.S.Area)

[1]  met1:
  PAR:    1.31  Ratio:    0.00       (Area)
  PAR:    6.93  Ratio:  400.00       (S.Area)
  CAR:    1.34  Ratio:    0.00       (C.Area)
  CAR:    6.96  Ratio:    0.00       (C.S.Area)

[1]  li1:
  PAR:    0.03  Ratio:    0.00       (Area)
  PAR:    0.03  Ratio:   75.00       (S.Area)
  CAR:    0.03  Ratio:    0.00       (C.Area)
  CAR:    0.03  Ratio:    0.00       (C.S.Area)

[1]  M1M2_PR:
  PAR:    0.05  Ratio:    6.00       (Area)
  CAR:    0.10  Ratio:    0.00       (C.Area)

[1]  L1M1_PR:
  PAR:    0.06  Ratio:    3.00       (Area)
  CAR:    0.06  Ratio:    0.00       (C.Area)

  ppa_pre_5_0.U2.and2  (sky130_fd_sc_hd__and2_1)  B
[1]  met1:
  PAR:   11.76  Ratio:    0.00       (Area)
  PAR:   60.69  Ratio: 2736.24       (S.Area)
  CAR:   11.87  Ratio:    0.00       (C.Area)
  CAR:   60.83  Ratio:    0.00       (C.S.Area)

[1]  met2:
  PAR:    1.18  Ratio:    0.00       (Area)
  PAR:    5.95  Ratio: 2736.24       (S.Area)
  CAR:   13.05  Ratio:    0.00       (C.Area)
  CAR:   66.77  Ratio:    0.00       (C.S.Area)

[1]  li1:
  PAR:    0.11  Ratio:    0.00       (Area)
  PAR:    0.13  Ratio:   75.00       (S.Area)
  CAR:    0.11  Ratio:    0.00       (C.Area)
  CAR:    0.13  Ratio:    0.00       (C.S.Area)

[1]  M1M2_PR:
  PAR:    0.18  Ratio:    6.00       (Area)
  CAR:    0.41  Ratio:    0.00       (C.Area)

[1]  L1M1_PR:
  PAR:    0.23  Ratio:    3.00       (Area)
  CAR:    0.23  Ratio:    0.00       (C.Area)


Net - net14
  ppa_pre_6_0.U1.xor2  (sky130_fd_sc_hd__xor2_1)  B
[1]  met2:
  PAR:    4.87  Ratio:    0.00       (Area)
  PAR:   24.58  Ratio: 2736.24       (S.Area)
  CAR:    4.94  Ratio:    0.00       (C.Area)
  CAR:   24.81  Ratio:    0.00       (C.S.Area)

[1]  met1:
  PAR:    0.04  Ratio:    0.00       (Area)
  PAR:    0.20  Ratio:  400.00       (S.Area)
  CAR:    0.07  Ratio:    0.00       (C.Area)
  CAR:    0.23  Ratio:    0.00       (C.S.Area)

[1]  li1:
  PAR:    0.03  Ratio:    0.00       (Area)
  PAR:    0.03  Ratio:   75.00       (S.Area)
  CAR:    0.03  Ratio:    0.00       (C.Area)
  CAR:    0.03  Ratio:    0.00       (C.S.Area)

[1]  M1M2_PR:
  PAR:    0.05  Ratio:    6.00       (Area)
  CAR:    0.10  Ratio:    0.00       (C.Area)

[1]  L1M1_PR:
  PAR:    0.06  Ratio:    3.00       (Area)
  CAR:    0.06  Ratio:    0.00       (C.Area)

  ppa_pre_6_0.U2.and2  (sky130_fd_sc_hd__and2_1)  B
[1]  met2:
  PAR:    4.87  Ratio:    0.00       (Area)
  PAR:   24.58  Ratio: 2736.24       (S.Area)
  CAR:    5.65  Ratio:    0.00       (C.Area)
  CAR:   28.82  Ratio:    0.00       (C.S.Area)

[1]  met1:
  PAR:    0.67  Ratio:    0.00       (Area)
  PAR:    4.11  Ratio:  400.00       (S.Area)
  CAR:    0.78  Ratio:    0.00       (C.Area)
  CAR:    4.25  Ratio:    0.00       (C.S.Area)

[1]  li1:
  PAR:    0.11  Ratio:    0.00       (Area)
  PAR:    0.13  Ratio:   75.00       (S.Area)
  CAR:    0.11  Ratio:    0.00       (C.Area)
  CAR:    0.13  Ratio:    0.00       (C.S.Area)

[1]  M1M2_PR:
  PAR:    0.18  Ratio:    6.00       (Area)
  CAR:    0.41  Ratio:    0.00       (C.Area)

[1]  L1M1_PR:
  PAR:    0.23  Ratio:    3.00       (Area)
  CAR:    0.23  Ratio:    0.00       (C.Area)


Net - net15
  ppa_pre_7_0.U2.and2  (sky130_fd_sc_hd__and2_1)  B
[1]  met2:
  PAR:    2.95  Ratio:    0.00       (Area)
  PAR:   15.00  Ratio: 2736.24       (S.Area)
  CAR:    3.22  Ratio:    0.00       (C.Area)
  CAR:   15.91  Ratio:    0.00       (C.S.Area)

[1]  met1:
  PAR:    0.16  Ratio:    0.00       (Area)
  PAR:    0.78  Ratio:  400.00       (S.Area)
  CAR:    0.27  Ratio:    0.00       (C.Area)
  CAR:    0.91  Ratio:    0.00       (C.S.Area)

[1]  li1:
  PAR:    0.11  Ratio:    0.00       (Area)
  PAR:    0.13  Ratio:   75.00       (S.Area)
  CAR:    0.11  Ratio:    0.00       (C.Area)
  CAR:    0.13  Ratio:    0.00       (C.S.Area)

[1]  M1M2_PR:
  PAR:    0.18  Ratio:    6.00       (Area)
  CAR:    0.41  Ratio:    0.00       (C.Area)

[1]  L1M1_PR:
  PAR:    0.23  Ratio:    3.00       (Area)
  CAR:    0.23  Ratio:    0.00       (C.Area)

  ppa_pre_7_0.U1.xor2  (sky130_fd_sc_hd__xor2_1)  B
[1]  met2:
  PAR:    2.95  Ratio:    0.00       (Area)
  PAR:   15.00  Ratio: 2736.24       (S.Area)
  CAR:    3.02  Ratio:    0.00       (C.Area)
  CAR:   15.23  Ratio:    0.00       (C.S.Area)

[1]  met1:
  PAR:    0.04  Ratio:    0.00       (Area)
  PAR:    0.20  Ratio:  400.00       (S.Area)
  CAR:    0.07  Ratio:    0.00       (C.Area)
  CAR:    0.23  Ratio:    0.00       (C.S.Area)

[1]  li1:
  PAR:    0.03  Ratio:    0.00       (Area)
  PAR:    0.03  Ratio:   75.00       (S.Area)
  CAR:    0.03  Ratio:    0.00       (C.Area)
  CAR:    0.03  Ratio:    0.00       (C.S.Area)

[1]  M1M2_PR:
  PAR:    0.05  Ratio:    6.00       (Area)
  CAR:    0.10  Ratio:    0.00       (C.Area)

[1]  L1M1_PR:
  PAR:    0.06  Ratio:    3.00       (Area)
  CAR:    0.06  Ratio:    0.00       (C.Area)


Net - net16
  ppa_pre_cout.U2.and2  (sky130_fd_sc_hd__and2_1)  B
[1]  met2:
  PAR:    2.94  Ratio:    0.00       (Area)
  PAR:   14.76  Ratio: 2736.24       (S.Area)
  CAR:    4.09  Ratio:    0.00       (C.Area)
  CAR:   20.42  Ratio:    0.00       (C.S.Area)

[1]  met1:
  PAR:    1.04  Ratio:    0.00       (Area)
  PAR:    5.52  Ratio:  400.00       (S.Area)
  CAR:    1.16  Ratio:    0.00       (C.Area)
  CAR:    5.66  Ratio:    0.00       (C.S.Area)

[1]  li1:
  PAR:    0.11  Ratio:    0.00       (Area)
  PAR:    0.13  Ratio:   75.00       (S.Area)
  CAR:    0.11  Ratio:    0.00       (C.Area)
  CAR:    0.13  Ratio:    0.00       (C.S.Area)

[1]  M1M2_PR:
  PAR:    0.04  Ratio:    6.00       (Area)
  CAR:    0.27  Ratio:    0.00       (C.Area)

[1]  L1M1_PR:
  PAR:    0.23  Ratio:    3.00       (Area)
  CAR:    0.23  Ratio:    0.00       (C.Area)

  ppa_pre_cout.U1.xor2  (sky130_fd_sc_hd__xor2_1)  B
[1]  met2:
  PAR:    2.94  Ratio:    0.00       (Area)
  PAR:   14.76  Ratio: 2736.24       (S.Area)
  CAR:    4.01  Ratio:    0.00       (C.Area)
  CAR:   20.32  Ratio:    0.00       (C.S.Area)

[1]  met1:
  PAR:    1.04  Ratio:    0.00       (Area)
  PAR:    5.52  Ratio:  400.00       (S.Area)
  CAR:    1.07  Ratio:    0.00       (C.Area)
  CAR:    5.56  Ratio:    0.00       (C.S.Area)

[1]  li1:
  PAR:    0.03  Ratio:    0.00       (Area)
  PAR:    0.03  Ratio:   75.00       (S.Area)
  CAR:    0.03  Ratio:    0.00       (C.Area)
  CAR:    0.03  Ratio:    0.00       (C.S.Area)

[1]  M1M2_PR:
  PAR:    0.04  Ratio:    6.00       (Area)
  CAR:    0.09  Ratio:    0.00       (C.Area)

[1]  L1M1_PR:
  PAR:    0.06  Ratio:    3.00       (Area)
  CAR:    0.06  Ratio:    0.00       (C.Area)


Net - net17
  ppa_post_0_8.U1.xor2  (sky130_fd_sc_hd__xor2_1)  B
[1]  met2:
  PAR:    1.81  Ratio:    0.00       (Area)
  PAR:    9.35  Ratio: 2736.24       (S.Area)
  CAR:    1.87  Ratio:    0.00       (C.Area)
  CAR:    9.58  Ratio:    0.00       (C.S.Area)

[1]  met1:
  PAR:    0.04  Ratio:    0.00       (Area)
  PAR:    0.20  Ratio:  400.00       (S.Area)
  CAR:    0.07  Ratio:    0.00       (C.Area)
  CAR:    0.23  Ratio:    0.00       (C.S.Area)

[1]  li1:
  PAR:    0.03  Ratio:    0.00       (Area)
  PAR:    0.03  Ratio:   75.00       (S.Area)
  CAR:    0.03  Ratio:    0.00       (C.Area)
  CAR:    0.03  Ratio:    0.00       (C.S.Area)

[1]  M1M2_PR:
  PAR:    0.05  Ratio:    6.00       (Area)
  CAR:    0.10  Ratio:    0.00       (C.Area)

[1]  L1M1_PR:
  PAR:    0.06  Ratio:    3.00       (Area)
  CAR:    0.06  Ratio:    0.00       (C.Area)

  ppa_grey_1_1.U1.ao21  (sky130_fd_sc_hd__a21o_1)  A1
[1]  met2:
  PAR:    1.81  Ratio:    0.00       (Area)
  PAR:    9.35  Ratio: 2736.24       (S.Area)
  CAR:    2.46  Ratio:    0.00       (C.Area)
  CAR:   12.81  Ratio:    0.00       (C.S.Area)

[1]  met1:
  PAR:    0.60  Ratio:    0.00       (Area)
  PAR:    3.39  Ratio:  400.00       (S.Area)
  CAR:    0.66  Ratio:    0.00       (C.Area)
  CAR:    3.46  Ratio:    0.00       (C.S.Area)

[1]  li1:
  PAR:    0.06  Ratio:    0.00       (Area)
  PAR:    0.07  Ratio:   75.00       (S.Area)
  CAR:    0.06  Ratio:    0.00       (C.Area)
  CAR:    0.07  Ratio:    0.00       (C.S.Area)

[1]  M1M2_PR:
  PAR:    0.09  Ratio:    6.00       (Area)
  CAR:    0.21  Ratio:    0.00       (C.Area)

[1]  L1M1_PR:
  PAR:    0.12  Ratio:    3.00       (Area)
  CAR:    0.12  Ratio:    0.00       (C.Area)


Net - net18
  output18  (sky130_fd_sc_hd__buf_2)  A
[1]  met2:
  PAR:   11.78  Ratio:    0.00       (Area)
  PAR:   59.14  Ratio: 2771.60       (S.Area)
  CAR:   11.99  Ratio:    0.00       (C.Area)
  CAR:   59.87  Ratio:    0.00       (C.S.Area)

[1]  met1:
  PAR:    0.12  Ratio:    0.00       (Area)
  PAR:    0.62  Ratio:  400.00       (S.Area)
  CAR:    0.21  Ratio:    0.00       (C.Area)
  CAR:    0.72  Ratio:    0.00       (C.S.Area)

[1]  li1:
  PAR:    0.09  Ratio:    0.00       (Area)
  PAR:    0.11  Ratio:   75.00       (S.Area)
  CAR:    0.09  Ratio:    0.00       (C.Area)
  CAR:    0.11  Ratio:    0.00       (C.S.Area)

[1]  M1M2_PR:
  PAR:    0.14  Ratio:    6.00       (Area)
  CAR:    0.32  Ratio:    0.00       (C.Area)

[1]  L1M1_PR:
  PAR:    0.18  Ratio:    3.00       (Area)
  CAR:    0.18  Ratio:    0.00       (C.Area)


Net - net19
  output19  (sky130_fd_sc_hd__buf_2)  A
[1]  met2:
  PAR:    4.29  Ratio:    0.00       (Area)
  PAR:   21.72  Ratio: 2736.24       (S.Area)
  CAR:   27.49  Ratio:    0.00       (C.Area)
  CAR:  138.58  Ratio:    0.00       (C.S.Area)

[1]  met1:
  PAR:   23.10  Ratio:    0.00       (Area)
  PAR:  116.75  Ratio:  400.00       (S.Area)
  CAR:   23.20  Ratio:    0.00       (C.Area)
  CAR:  116.86  Ratio:    0.00       (C.S.Area)

[1]  li1:
  PAR:    0.09  Ratio:    0.00       (Area)
  PAR:    0.11  Ratio:   75.00       (S.Area)
  CAR:    0.09  Ratio:    0.00       (C.Area)
  CAR:    0.11  Ratio:    0.00       (C.S.Area)

[1]  M1M2_PR:
  PAR:    0.14  Ratio:    6.00       (Area)
  CAR:    0.32  Ratio:    0.00       (C.Area)

[1]  L1M1_PR:
  PAR:    0.18  Ratio:    3.00       (Area)
  CAR:    0.18  Ratio:    0.00       (C.Area)


Net - net2
  ppa_pre_2_0.U2.and2  (sky130_fd_sc_hd__and2_1)  A
[1]  met2:
  PAR:    1.10  Ratio:    0.00       (Area)
  PAR:    5.56  Ratio: 2736.24       (S.Area)
  CAR:    2.64  Ratio:    0.00       (C.Area)
  CAR:   13.32  Ratio:    0.00       (C.S.Area)

[1]  met1:
  PAR:    1.43  Ratio:    0.00       (Area)
  PAR:    7.62  Ratio:  400.00       (S.Area)
  CAR:    1.54  Ratio:    0.00       (C.Area)
  CAR:    7.75  Ratio:    0.00       (C.S.Area)

[1]  li1:
  PAR:    0.11  Ratio:    0.00       (Area)
  PAR:    0.13  Ratio:   75.00       (S.Area)
  CAR:    0.11  Ratio:    0.00       (C.Area)
  CAR:    0.13  Ratio:    0.00       (C.S.Area)

[1]  M1M2_PR:
  PAR:    0.04  Ratio:    6.00       (Area)
  CAR:    0.27  Ratio:    0.00       (C.Area)

[1]  L1M1_PR:
  PAR:    0.23  Ratio:    3.00       (Area)
  CAR:    0.23  Ratio:    0.00       (C.Area)

  ppa_pre_2_0.U1.xor2  (sky130_fd_sc_hd__xor2_1)  A
[1]  met2:
  PAR:    1.10  Ratio:    0.00       (Area)
  PAR:    5.56  Ratio: 2736.24       (S.Area)
  CAR:    2.56  Ratio:    0.00       (C.Area)
  CAR:   13.22  Ratio:    0.00       (C.S.Area)

[1]  met1:
  PAR:    1.43  Ratio:    0.00       (Area)
  PAR:    7.62  Ratio:  400.00       (S.Area)
  CAR:    1.46  Ratio:    0.00       (C.Area)
  CAR:    7.65  Ratio:    0.00       (C.S.Area)

[1]  li1:
  PAR:    0.03  Ratio:    0.00       (Area)
  PAR:    0.03  Ratio:   75.00       (S.Area)
  CAR:    0.03  Ratio:    0.00       (C.Area)
  CAR:    0.03  Ratio:    0.00       (C.S.Area)

[1]  M1M2_PR:
  PAR:    0.04  Ratio:    6.00       (Area)
  CAR:    0.09  Ratio:    0.00       (C.Area)

[1]  L1M1_PR:
  PAR:    0.06  Ratio:    3.00       (Area)
  CAR:    0.06  Ratio:    0.00       (C.Area)


Net - net20
  output20  (sky130_fd_sc_hd__buf_2)  A
[1]  met2:
  PAR:   16.57  Ratio:    0.00       (Area)
  PAR:   83.09  Ratio: 2736.24       (S.Area)
  CAR:   16.78  Ratio:    0.00       (C.Area)
  CAR:   83.82  Ratio:    0.00       (C.S.Area)

[1]  met1:
  PAR:    0.12  Ratio:    0.00       (Area)
  PAR:    0.62  Ratio:  400.00       (S.Area)
  CAR:    0.21  Ratio:    0.00       (C.Area)
  CAR:    0.72  Ratio:    0.00       (C.S.Area)

[1]  li1:
  PAR:    0.09  Ratio:    0.00       (Area)
  PAR:    0.11  Ratio:   75.00       (S.Area)
  CAR:    0.09  Ratio:    0.00       (C.Area)
  CAR:    0.11  Ratio:    0.00       (C.S.Area)

[1]  M1M2_PR:
  PAR:    0.14  Ratio:    6.00       (Area)
  CAR:    0.32  Ratio:    0.00       (C.Area)

[1]  L1M1_PR:
  PAR:    0.18  Ratio:    3.00       (Area)
  CAR:    0.18  Ratio:    0.00       (C.Area)


Net - net21
  output21  (sky130_fd_sc_hd__buf_2)  A
[1]  met1:
  PAR:   18.63  Ratio:    0.00       (Area)
  PAR:   94.67  Ratio: 2736.24       (S.Area)
  CAR:   18.73  Ratio:    0.00       (C.Area)
  CAR:   94.78  Ratio:    0.00       (C.S.Area)

[1]  li1:
  PAR:    0.09  Ratio:    0.00       (Area)
  PAR:    0.11  Ratio:   75.00       (S.Area)
  CAR:    0.09  Ratio:    0.00       (C.Area)
  CAR:    0.11  Ratio:    0.00       (C.S.Area)

[1]  L1M1_PR:
  PAR:    0.18  Ratio:    3.00       (Area)
  CAR:    0.18  Ratio:    0.00       (C.Area)


Net - net22
  output22  (sky130_fd_sc_hd__buf_2)  A
[1]  met2:
  PAR:    4.59  Ratio:    0.00       (Area)
  PAR:   23.22  Ratio: 2736.24       (S.Area)
  CAR:    8.45  Ratio:    0.00       (C.Area)
  CAR:   42.79  Ratio:    0.00       (C.S.Area)

[1]  met1:
  PAR:    3.77  Ratio:    0.00       (Area)
  PAR:   19.46  Ratio:  400.00       (S.Area)
  CAR:    3.86  Ratio:    0.00       (C.Area)
  CAR:   19.57  Ratio:    0.00       (C.S.Area)

[1]  li1:
  PAR:    0.09  Ratio:    0.00       (Area)
  PAR:    0.11  Ratio:   75.00       (S.Area)
  CAR:    0.09  Ratio:    0.00       (C.Area)
  CAR:    0.11  Ratio:    0.00       (C.S.Area)

[1]  M1M2_PR:
  PAR:    0.14  Ratio:    6.00       (Area)
  CAR:    0.32  Ratio:    0.00       (C.Area)

[1]  L1M1_PR:
  PAR:    0.18  Ratio:    3.00       (Area)
  CAR:    0.18  Ratio:    0.00       (C.Area)


Net - net23
  output23  (sky130_fd_sc_hd__buf_2)  A
[1]  met2:
  PAR:   14.17  Ratio:    0.00       (Area)
  PAR:   71.12  Ratio: 2736.24       (S.Area)
  CAR:   14.38  Ratio:    0.00       (C.Area)
  CAR:   71.84  Ratio:    0.00       (C.S.Area)

[1]  met1:
  PAR:    0.12  Ratio:    0.00       (Area)
  PAR:    0.62  Ratio:  400.00       (S.Area)
  CAR:    0.21  Ratio:    0.00       (C.Area)
  CAR:    0.72  Ratio:    0.00       (C.S.Area)

[1]  li1:
  PAR:    0.09  Ratio:    0.00       (Area)
  PAR:    0.11  Ratio:   75.00       (S.Area)
  CAR:    0.09  Ratio:    0.00       (C.Area)
  CAR:    0.11  Ratio:    0.00       (C.S.Area)

[1]  M1M2_PR:
  PAR:    0.14  Ratio:    6.00       (Area)
  CAR:    0.32  Ratio:    0.00       (C.Area)

[1]  L1M1_PR:
  PAR:    0.18  Ratio:    3.00       (Area)
  CAR:    0.18  Ratio:    0.00       (C.Area)


Net - net24
  output24  (sky130_fd_sc_hd__buf_2)  A
[1]  met2:
  PAR:    6.69  Ratio:    0.00       (Area)
  PAR:   33.70  Ratio: 2736.24       (S.Area)
  CAR:    6.90  Ratio:    0.00       (C.Area)
  CAR:   34.42  Ratio:    0.00       (C.S.Area)

[1]  met1:
  PAR:    0.12  Ratio:    0.00       (Area)
  PAR:    0.62  Ratio:  400.00       (S.Area)
  CAR:    0.21  Ratio:    0.00       (C.Area)
  CAR:    0.72  Ratio:    0.00       (C.S.Area)

[1]  li1:
  PAR:    0.09  Ratio:    0.00       (Area)
  PAR:    0.11  Ratio:   75.00       (S.Area)
  CAR:    0.09  Ratio:    0.00       (C.Area)
  CAR:    0.11  Ratio:    0.00       (C.S.Area)

[1]  M1M2_PR:
  PAR:    0.14  Ratio:    6.00       (Area)
  CAR:    0.32  Ratio:    0.00       (C.Area)

[1]  L1M1_PR:
  PAR:    0.18  Ratio:    3.00       (Area)
  CAR:    0.18  Ratio:    0.00       (C.Area)


Net - net25
  output25  (sky130_fd_sc_hd__buf_2)  A
[1]  met2:
  PAR:    6.99  Ratio:    0.00       (Area)
  PAR:   35.19  Ratio: 2736.24       (S.Area)
  CAR:    7.20  Ratio:    0.00       (C.Area)
  CAR:   35.92  Ratio:    0.00       (C.S.Area)

[1]  met1:
  PAR:    0.12  Ratio:    0.00       (Area)
  PAR:    0.62  Ratio:  400.00       (S.Area)
  CAR:    0.21  Ratio:    0.00       (C.Area)
  CAR:    0.72  Ratio:    0.00       (C.S.Area)

[1]  li1:
  PAR:    0.09  Ratio:    0.00       (Area)
  PAR:    0.11  Ratio:   75.00       (S.Area)
  CAR:    0.09  Ratio:    0.00       (C.Area)
  CAR:    0.11  Ratio:    0.00       (C.S.Area)

[1]  M1M2_PR:
  PAR:    0.14  Ratio:    6.00       (Area)
  CAR:    0.32  Ratio:    0.00       (C.Area)

[1]  L1M1_PR:
  PAR:    0.18  Ratio:    3.00       (Area)
  CAR:    0.18  Ratio:    0.00       (C.Area)


Net - net26
  output26  (sky130_fd_sc_hd__buf_6)  A
[1]  met1:
  PAR:    2.73  Ratio:    0.00       (Area)
  PAR:   13.95  Ratio: 2778.20       (S.Area)
  CAR:    2.76  Ratio:    0.00       (C.Area)
  CAR:   13.98  Ratio:    0.00       (C.S.Area)

[1]  li1:
  PAR:    0.03  Ratio:    0.00       (Area)
  PAR:    0.03  Ratio:   75.00       (S.Area)
  CAR:    0.03  Ratio:    0.00       (C.Area)
  CAR:    0.03  Ratio:    0.00       (C.S.Area)

[1]  L1M1_PR:
  PAR:    0.06  Ratio:    3.00       (Area)
  CAR:    0.06  Ratio:    0.00       (C.Area)


Net - net27
  ppa_post_1_8.U1.xor2  (sky130_fd_sc_hd__xor2_1)  B
[1]  met2:
  PAR:    0.61  Ratio:    0.00       (Area)
  PAR:    3.13  Ratio: 2771.60       (S.Area)
  CAR:    0.68  Ratio:    0.00       (C.Area)
  CAR:    3.36  Ratio:    0.00       (C.S.Area)

[1]  met1:
  PAR:    0.04  Ratio:    0.00       (Area)
  PAR:    0.20  Ratio:  400.00       (S.Area)
  CAR:    0.07  Ratio:    0.00       (C.Area)
  CAR:    0.23  Ratio:    0.00       (C.S.Area)

[1]  li1:
  PAR:    0.03  Ratio:    0.00       (Area)
  PAR:    0.03  Ratio:   75.00       (S.Area)
  CAR:    0.03  Ratio:    0.00       (C.Area)
  CAR:    0.03  Ratio:    0.00       (C.S.Area)

[1]  M1M2_PR:
  PAR:    0.05  Ratio:    6.00       (Area)
  CAR:    0.10  Ratio:    0.00       (C.Area)

[1]  L1M1_PR:
  PAR:    0.06  Ratio:    3.00       (Area)
  CAR:    0.06  Ratio:    0.00       (C.Area)


Net - net28
  ppa_post_3_8.U1.xor2  (sky130_fd_sc_hd__xor2_1)  B
[1]  met2:
  PAR:    1.47  Ratio:    0.00       (Area)
  PAR:    7.46  Ratio: 2771.60       (S.Area)
  CAR:    1.54  Ratio:    0.00       (C.Area)
  CAR:    7.69  Ratio:    0.00       (C.S.Area)

[1]  met1:
  PAR:    0.04  Ratio:    0.00       (Area)
  PAR:    0.20  Ratio:  400.00       (S.Area)
  CAR:    0.07  Ratio:    0.00       (C.Area)
  CAR:    0.23  Ratio:    0.00       (C.S.Area)

[1]  li1:
  PAR:    0.03  Ratio:    0.00       (Area)
  PAR:    0.03  Ratio:   75.00       (S.Area)
  CAR:    0.03  Ratio:    0.00       (C.Area)
  CAR:    0.03  Ratio:    0.00       (C.S.Area)

[1]  M1M2_PR:
  PAR:    0.05  Ratio:    6.00       (Area)
  CAR:    0.10  Ratio:    0.00       (C.Area)

[1]  L1M1_PR:
  PAR:    0.06  Ratio:    3.00       (Area)
  CAR:    0.06  Ratio:    0.00       (C.Area)


Net - net29
  ppa_post_5_8.U1.xor2  (sky130_fd_sc_hd__xor2_1)  B
[1]  met2:
  PAR:    0.61  Ratio:    0.00       (Area)
  PAR:    3.13  Ratio: 2771.60       (S.Area)
  CAR:    1.07  Ratio:    0.00       (C.Area)
  CAR:    5.51  Ratio:    0.00       (C.S.Area)

[1]  met1:
  PAR:    0.43  Ratio:    0.00       (Area)
  PAR:    2.35  Ratio:  400.00       (S.Area)
  CAR:    0.46  Ratio:    0.00       (C.Area)
  CAR:    2.38  Ratio:    0.00       (C.S.Area)

[1]  li1:
  PAR:    0.03  Ratio:    0.00       (Area)
  PAR:    0.03  Ratio:   75.00       (S.Area)
  CAR:    0.03  Ratio:    0.00       (C.Area)
  CAR:    0.03  Ratio:    0.00       (C.S.Area)

[1]  M1M2_PR:
  PAR:    0.05  Ratio:    6.00       (Area)
  CAR:    0.10  Ratio:    0.00       (C.Area)

[1]  L1M1_PR:
  PAR:    0.06  Ratio:    3.00       (Area)
  CAR:    0.06  Ratio:    0.00       (C.Area)


Net - net3
  ppa_pre_3_0.U2.and2  (sky130_fd_sc_hd__and2_1)  A
[1]  met2:
  PAR:    3.47  Ratio:    0.00       (Area)
  PAR:   18.06  Ratio: 2736.24       (S.Area)
  CAR:    3.74  Ratio:    0.00       (C.Area)
  CAR:   18.98  Ratio:    0.00       (C.S.Area)

[1]  met1:
  PAR:    0.16  Ratio:    0.00       (Area)
  PAR:    0.78  Ratio:  400.00       (S.Area)
  CAR:    0.27  Ratio:    0.00       (C.Area)
  CAR:    0.91  Ratio:    0.00       (C.S.Area)

[1]  li1:
  PAR:    0.11  Ratio:    0.00       (Area)
  PAR:    0.13  Ratio:   75.00       (S.Area)
  CAR:    0.11  Ratio:    0.00       (C.Area)
  CAR:    0.13  Ratio:    0.00       (C.S.Area)

[1]  M1M2_PR:
  PAR:    0.18  Ratio:    6.00       (Area)
  CAR:    0.41  Ratio:    0.00       (C.Area)

[1]  L1M1_PR:
  PAR:    0.23  Ratio:    3.00       (Area)
  CAR:    0.23  Ratio:    0.00       (C.Area)

  ppa_pre_3_0.U1.xor2  (sky130_fd_sc_hd__xor2_1)  A
[1]  met2:
  PAR:    3.47  Ratio:    0.00       (Area)
  PAR:   18.06  Ratio: 2736.24       (S.Area)
  CAR:    3.80  Ratio:    0.00       (C.Area)
  CAR:   19.79  Ratio:    0.00       (C.S.Area)

[1]  met1:
  PAR:    0.30  Ratio:    0.00       (Area)
  PAR:    1.70  Ratio:  400.00       (S.Area)
  CAR:    0.33  Ratio:    0.00       (C.Area)
  CAR:    1.73  Ratio:    0.00       (C.S.Area)

[1]  li1:
  PAR:    0.03  Ratio:    0.00       (Area)
  PAR:    0.03  Ratio:   75.00       (S.Area)
  CAR:    0.03  Ratio:    0.00       (C.Area)
  CAR:    0.03  Ratio:    0.00       (C.S.Area)

[1]  M1M2_PR:
  PAR:    0.05  Ratio:    6.00       (Area)
  CAR:    0.10  Ratio:    0.00       (C.Area)

[1]  L1M1_PR:
  PAR:    0.06  Ratio:    3.00       (Area)
  CAR:    0.06  Ratio:    0.00       (C.Area)


Net - net30
  ppa_post_2_8.U1.xor2  (sky130_fd_sc_hd__xor2_1)  B
[1]  met1:
  PAR:    1.99  Ratio:    0.00       (Area)
  PAR:   10.22  Ratio: 2771.60       (S.Area)
  CAR:    2.02  Ratio:    0.00       (C.Area)
  CAR:   10.25  Ratio:    0.00       (C.S.Area)

[1]  li1:
  PAR:    0.03  Ratio:    0.00       (Area)
  PAR:    0.03  Ratio:   75.00       (S.Area)
  CAR:    0.03  Ratio:    0.00       (C.Area)
  CAR:    0.03  Ratio:    0.00       (C.S.Area)

[1]  L1M1_PR:
  PAR:    0.06  Ratio:    3.00       (Area)
  CAR:    0.06  Ratio:    0.00       (C.Area)


Net - net31
  ppa_post_0_8.U1.xor2  (sky130_fd_sc_hd__xor2_1)  A
[1]  met2:
  PAR:    0.61  Ratio:    0.00       (Area)
  PAR:    3.13  Ratio: 2771.60       (S.Area)
  CAR:    0.68  Ratio:    0.00       (C.Area)
  CAR:    3.36  Ratio:    0.00       (C.S.Area)

[1]  met1:
  PAR:    0.04  Ratio:    0.00       (Area)
  PAR:    0.20  Ratio:  400.00       (S.Area)
  CAR:    0.07  Ratio:    0.00       (C.Area)
  CAR:    0.23  Ratio:    0.00       (C.S.Area)

[1]  li1:
  PAR:    0.03  Ratio:    0.00       (Area)
  PAR:    0.03  Ratio:   75.00       (S.Area)
  CAR:    0.03  Ratio:    0.00       (C.Area)
  CAR:    0.03  Ratio:    0.00       (C.S.Area)

[1]  M1M2_PR:
  PAR:    0.05  Ratio:    6.00       (Area)
  CAR:    0.10  Ratio:    0.00       (C.Area)

[1]  L1M1_PR:
  PAR:    0.06  Ratio:    3.00       (Area)
  CAR:    0.06  Ratio:    0.00       (C.Area)


Net - net32
  ppa_post_4_8.U1.xor2  (sky130_fd_sc_hd__xor2_1)  B
[1]  met2:
  PAR:    0.71  Ratio:    0.00       (Area)
  PAR:    3.61  Ratio: 2771.60       (S.Area)
  CAR:    2.99  Ratio:    0.00       (C.Area)
  CAR:   15.10  Ratio:    0.00       (C.S.Area)

[1]  met1:
  PAR:    2.25  Ratio:    0.00       (Area)
  PAR:   11.45  Ratio:  400.00       (S.Area)
  CAR:    2.28  Ratio:    0.00       (C.Area)
  CAR:   11.49  Ratio:    0.00       (C.S.Area)

[1]  li1:
  PAR:    0.03  Ratio:    0.00       (Area)
  PAR:    0.03  Ratio:   75.00       (S.Area)
  CAR:    0.03  Ratio:    0.00       (C.Area)
  CAR:    0.03  Ratio:    0.00       (C.S.Area)

[1]  M1M2_PR:
  PAR:    0.05  Ratio:    6.00       (Area)
  CAR:    0.10  Ratio:    0.00       (C.Area)

[1]  L1M1_PR:
  PAR:    0.06  Ratio:    3.00       (Area)
  CAR:    0.06  Ratio:    0.00       (C.Area)


Net - net33
  ppa_post_6_8.U1.xor2  (sky130_fd_sc_hd__xor2_1)  B
[1]  met2:
  PAR:    0.51  Ratio:    0.00       (Area)
  PAR:    2.65  Ratio: 2736.24       (S.Area)
  CAR:    5.75  Ratio:    0.00       (C.Area)
  CAR:   29.13  Ratio:    0.00       (C.S.Area)

[1]  met1:
  PAR:    5.21  Ratio:    0.00       (Area)
  PAR:   26.44  Ratio:  400.00       (S.Area)
  CAR:    5.24  Ratio:    0.00       (C.Area)
  CAR:   26.48  Ratio:    0.00       (C.S.Area)

[1]  li1:
  PAR:    0.03  Ratio:    0.00       (Area)
  PAR:    0.03  Ratio:   75.00       (S.Area)
  CAR:    0.03  Ratio:    0.00       (C.Area)
  CAR:    0.03  Ratio:    0.00       (C.S.Area)

[1]  M1M2_PR:
  PAR:    0.05  Ratio:    6.00       (Area)
  CAR:    0.10  Ratio:    0.00       (C.Area)

[1]  L1M1_PR:
  PAR:    0.06  Ratio:    3.00       (Area)
  CAR:    0.06  Ratio:    0.00       (C.Area)


Net - net4
  ppa_pre_4_0.U2.and2  (sky130_fd_sc_hd__and2_1)  A
[1]  met2:
  PAR:    2.33  Ratio:    0.00       (Area)
  PAR:   11.69  Ratio: 2736.24       (S.Area)
  CAR:    3.77  Ratio:    0.00       (C.Area)
  CAR:   18.93  Ratio:    0.00       (C.S.Area)

[1]  met1:
  PAR:    1.33  Ratio:    0.00       (Area)
  PAR:    7.10  Ratio:  400.00       (S.Area)
  CAR:    1.44  Ratio:    0.00       (C.Area)
  CAR:    7.24  Ratio:    0.00       (C.S.Area)

[1]  li1:
  PAR:    0.11  Ratio:    0.00       (Area)
  PAR:    0.13  Ratio:   75.00       (S.Area)
  CAR:    0.11  Ratio:    0.00       (C.Area)
  CAR:    0.13  Ratio:    0.00       (C.S.Area)

[1]  M1M2_PR:
  PAR:    0.04  Ratio:    6.00       (Area)
  CAR:    0.27  Ratio:    0.00       (C.Area)

[1]  L1M1_PR:
  PAR:    0.23  Ratio:    3.00       (Area)
  CAR:    0.23  Ratio:    0.00       (C.Area)

  ppa_pre_4_0.U1.xor2  (sky130_fd_sc_hd__xor2_1)  A
[1]  met2:
  PAR:    2.33  Ratio:    0.00       (Area)
  PAR:   11.69  Ratio: 2736.24       (S.Area)
  CAR:    3.68  Ratio:    0.00       (C.Area)
  CAR:   18.83  Ratio:    0.00       (C.S.Area)

[1]  met1:
  PAR:    1.33  Ratio:    0.00       (Area)
  PAR:    7.10  Ratio:  400.00       (S.Area)
  CAR:    1.35  Ratio:    0.00       (C.Area)
  CAR:    7.14  Ratio:    0.00       (C.S.Area)

[1]  li1:
  PAR:    0.03  Ratio:    0.00       (Area)
  PAR:    0.03  Ratio:   75.00       (S.Area)
  CAR:    0.03  Ratio:    0.00       (C.Area)
  CAR:    0.03  Ratio:    0.00       (C.S.Area)

[1]  M1M2_PR:
  PAR:    0.04  Ratio:    6.00       (Area)
  CAR:    0.09  Ratio:    0.00       (C.Area)

[1]  L1M1_PR:
  PAR:    0.06  Ratio:    3.00       (Area)
  CAR:    0.06  Ratio:    0.00       (C.Area)


Net - net5
  ppa_pre_5_0.U2.and2  (sky130_fd_sc_hd__and2_1)  A
[1]  met2:
  PAR:    4.87  Ratio:    0.00       (Area)
  PAR:   24.58  Ratio: 2736.24       (S.Area)
  CAR:   11.78  Ratio:    0.00       (C.Area)
  CAR:   59.49  Ratio:    0.00       (C.S.Area)

[1]  met1:
  PAR:    6.80  Ratio:    0.00       (Area)
  PAR:   34.78  Ratio:  400.00       (S.Area)
  CAR:    6.91  Ratio:    0.00       (C.Area)
  CAR:   34.91  Ratio:    0.00       (C.S.Area)

[1]  li1:
  PAR:    0.11  Ratio:    0.00       (Area)
  PAR:    0.13  Ratio:   75.00       (S.Area)
  CAR:    0.11  Ratio:    0.00       (C.Area)
  CAR:    0.13  Ratio:    0.00       (C.S.Area)

[1]  M1M2_PR:
  PAR:    0.18  Ratio:    6.00       (Area)
  CAR:    0.41  Ratio:    0.00       (C.Area)

[1]  L1M1_PR:
  PAR:    0.23  Ratio:    3.00       (Area)
  CAR:    0.23  Ratio:    0.00       (C.Area)

  ppa_pre_5_0.U1.xor2  (sky130_fd_sc_hd__xor2_1)  A
[1]  met2:
  PAR:    4.87  Ratio:    0.00       (Area)
  PAR:   24.58  Ratio: 2736.24       (S.Area)
  CAR:    5.46  Ratio:    0.00       (C.Area)
  CAR:   27.61  Ratio:    0.00       (C.S.Area)

[1]  met1:
  PAR:    0.56  Ratio:    0.00       (Area)
  PAR:    3.00  Ratio:  400.00       (S.Area)
  CAR:    0.59  Ratio:    0.00       (C.Area)
  CAR:    3.03  Ratio:    0.00       (C.S.Area)

[1]  li1:
  PAR:    0.03  Ratio:    0.00       (Area)
  PAR:    0.03  Ratio:   75.00       (S.Area)
  CAR:    0.03  Ratio:    0.00       (C.Area)
  CAR:    0.03  Ratio:    0.00       (C.S.Area)

[1]  M1M2_PR:
  PAR:    0.05  Ratio:    6.00       (Area)
  CAR:    0.10  Ratio:    0.00       (C.Area)

[1]  L1M1_PR:
  PAR:    0.06  Ratio:    3.00       (Area)
  CAR:    0.06  Ratio:    0.00       (C.Area)


Net - net6
  ppa_pre_6_0.U2.and2  (sky130_fd_sc_hd__and2_1)  A
[1]  met2:
  PAR:    2.72  Ratio:    0.00       (Area)
  PAR:   13.81  Ratio: 2771.60       (S.Area)
  CAR:   32.88  Ratio:    0.00       (C.Area)
  CAR:  168.05  Ratio:    0.00       (C.S.Area)

[1]  met1:
  PAR:   30.04  Ratio:    0.00       (Area)
  PAR:  154.11  Ratio:  400.00       (S.Area)
  CAR:   30.16  Ratio:    0.00       (C.Area)
  CAR:  154.25  Ratio:    0.00       (C.S.Area)

[1]  li1:
  PAR:    0.11  Ratio:    0.00       (Area)
  PAR:    0.13  Ratio:   75.00       (S.Area)
  CAR:    0.11  Ratio:    0.00       (C.Area)
  CAR:    0.13  Ratio:    0.00       (C.S.Area)

[1]  M1M2_PR:
  PAR:    0.36  Ratio:    6.00       (Area)
  CAR:    0.59  Ratio:    0.00       (C.Area)

[1]  L1M1_PR:
  PAR:    0.23  Ratio:    3.00       (Area)
  CAR:    0.23  Ratio:    0.00       (C.Area)

  ppa_pre_6_0.U1.xor2  (sky130_fd_sc_hd__xor2_1)  A
[1]  met2:
  PAR:    2.72  Ratio:    0.00       (Area)
  PAR:   13.81  Ratio: 2771.60       (S.Area)
  CAR:   32.84  Ratio:    0.00       (C.Area)
  CAR:  168.15  Ratio:    0.00       (C.S.Area)

[1]  met1:
  PAR:    0.04  Ratio:    0.00       (Area)
  PAR:    0.20  Ratio:  400.00       (S.Area)
  CAR:    0.07  Ratio:    0.00       (C.Area)
  CAR:    0.23  Ratio:    0.00       (C.S.Area)

[1]  li1:
  PAR:    0.03  Ratio:    0.00       (Area)
  PAR:    0.03  Ratio:   75.00       (S.Area)
  CAR:    0.03  Ratio:    0.00       (C.Area)
  CAR:    0.03  Ratio:    0.00       (C.S.Area)

[1]  M1M2_PR:
  PAR:    0.05  Ratio:    6.00       (Area)
  CAR:    0.10  Ratio:    0.00       (C.Area)

[1]  L1M1_PR:
  PAR:    0.06  Ratio:    3.00       (Area)
  CAR:    0.06  Ratio:    0.00       (C.Area)


Net - net7
  ppa_pre_7_0.U2.and2  (sky130_fd_sc_hd__and2_1)  A
[1]  met2:
  PAR:    1.19  Ratio:    0.00       (Area)
  PAR:    6.18  Ratio: 2736.24       (S.Area)
  CAR:    1.46  Ratio:    0.00       (C.Area)
  CAR:    7.09  Ratio:    0.00       (C.S.Area)

[1]  met1:
  PAR:    0.16  Ratio:    0.00       (Area)
  PAR:    0.78  Ratio:  400.00       (S.Area)
  CAR:    0.27  Ratio:    0.00       (C.Area)
  CAR:    0.91  Ratio:    0.00       (C.S.Area)

[1]  li1:
  PAR:    0.11  Ratio:    0.00       (Area)
  PAR:    0.13  Ratio:   75.00       (S.Area)
  CAR:    0.11  Ratio:    0.00       (C.Area)
  CAR:    0.13  Ratio:    0.00       (C.S.Area)

[1]  M1M2_PR:
  PAR:    0.18  Ratio:    6.00       (Area)
  CAR:    0.41  Ratio:    0.00       (C.Area)

[1]  L1M1_PR:
  PAR:    0.23  Ratio:    3.00       (Area)
  CAR:    0.23  Ratio:    0.00       (C.Area)

  ppa_pre_7_0.U1.xor2  (sky130_fd_sc_hd__xor2_1)  A
[1]  met2:
  PAR:    1.19  Ratio:    0.00       (Area)
  PAR:    6.18  Ratio: 2736.24       (S.Area)
  CAR:    1.26  Ratio:    0.00       (C.Area)
  CAR:    6.41  Ratio:    0.00       (C.S.Area)

[1]  met1:
  PAR:    0.04  Ratio:    0.00       (Area)
  PAR:    0.20  Ratio:  400.00       (S.Area)
  CAR:    0.07  Ratio:    0.00       (C.Area)
  CAR:    0.23  Ratio:    0.00       (C.S.Area)

[1]  li1:
  PAR:    0.03  Ratio:    0.00       (Area)
  PAR:    0.03  Ratio:   75.00       (S.Area)
  CAR:    0.03  Ratio:    0.00       (C.Area)
  CAR:    0.03  Ratio:    0.00       (C.S.Area)

[1]  M1M2_PR:
  PAR:    0.05  Ratio:    6.00       (Area)
  CAR:    0.10  Ratio:    0.00       (C.Area)

[1]  L1M1_PR:
  PAR:    0.06  Ratio:    3.00       (Area)
  CAR:    0.06  Ratio:    0.00       (C.Area)


Net - net8
  ppa_pre_cout.U2.and2  (sky130_fd_sc_hd__and2_1)  A
[1]  met2:
  PAR:    1.27  Ratio:    0.00       (Area)
  PAR:    6.41  Ratio: 2736.24       (S.Area)
  CAR:    6.98  Ratio:    0.00       (C.Area)
  CAR:   35.14  Ratio:    0.00       (C.S.Area)

[1]  met1:
  PAR:    5.59  Ratio:    0.00       (Area)
  PAR:   28.60  Ratio:  400.00       (S.Area)
  CAR:    5.71  Ratio:    0.00       (C.Area)
  CAR:   28.73  Ratio:    0.00       (C.S.Area)

[1]  li1:
  PAR:    0.11  Ratio:    0.00       (Area)
  PAR:    0.13  Ratio:   75.00       (S.Area)
  CAR:    0.11  Ratio:    0.00       (C.Area)
  CAR:    0.13  Ratio:    0.00       (C.S.Area)

[1]  M1M2_PR:
  PAR:    0.04  Ratio:    6.00       (Area)
  CAR:    0.27  Ratio:    0.00       (C.Area)

[1]  L1M1_PR:
  PAR:    0.23  Ratio:    3.00       (Area)
  CAR:    0.23  Ratio:    0.00       (C.Area)

  ppa_pre_cout.U1.xor2  (sky130_fd_sc_hd__xor2_1)  A
[1]  met2:
  PAR:    1.27  Ratio:    0.00       (Area)
  PAR:    6.41  Ratio: 2736.24       (S.Area)
  CAR:    6.89  Ratio:    0.00       (C.Area)
  CAR:   35.04  Ratio:    0.00       (C.S.Area)

[1]  met1:
  PAR:    5.59  Ratio:    0.00       (Area)
  PAR:   28.60  Ratio:  400.00       (S.Area)
  CAR:    5.62  Ratio:    0.00       (C.Area)
  CAR:   28.63  Ratio:    0.00       (C.S.Area)

[1]  li1:
  PAR:    0.03  Ratio:    0.00       (Area)
  PAR:    0.03  Ratio:   75.00       (S.Area)
  CAR:    0.03  Ratio:    0.00       (C.Area)
  CAR:    0.03  Ratio:    0.00       (C.S.Area)

[1]  M1M2_PR:
  PAR:    0.04  Ratio:    6.00       (Area)
  CAR:    0.09  Ratio:    0.00       (C.Area)

[1]  L1M1_PR:
  PAR:    0.06  Ratio:    3.00       (Area)
  CAR:    0.06  Ratio:    0.00       (C.Area)


Net - net9
  ppa_pre_1_0.U1.xor2  (sky130_fd_sc_hd__xor2_1)  B
[1]  met2:
  PAR:    7.73  Ratio:    0.00       (Area)
  PAR:   39.49  Ratio: 2753.36       (S.Area)
  CAR:    8.54  Ratio:    0.00       (C.Area)
  CAR:   44.05  Ratio:    0.00       (C.S.Area)

[1]  met1:
  PAR:    0.79  Ratio:    0.00       (Area)
  PAR:    4.53  Ratio:  400.00       (S.Area)
  CAR:    0.82  Ratio:    0.00       (C.Area)
  CAR:    4.56  Ratio:    0.00       (C.S.Area)

[1]  li1:
  PAR:    0.03  Ratio:    0.00       (Area)
  PAR:    0.03  Ratio:   75.00       (S.Area)
  CAR:    0.03  Ratio:    0.00       (C.Area)
  CAR:    0.03  Ratio:    0.00       (C.S.Area)

[1]  M1M2_PR:
  PAR:    0.09  Ratio:    6.00       (Area)
  CAR:    0.15  Ratio:    0.00       (C.Area)

[1]  L1M1_PR:
  PAR:    0.06  Ratio:    3.00       (Area)
  CAR:    0.06  Ratio:    0.00       (C.Area)

  ppa_pre_1_0.U2.and2  (sky130_fd_sc_hd__and2_1)  B
[1]  met2:
  PAR:    7.73  Ratio:    0.00       (Area)
  PAR:   39.49  Ratio: 2753.36       (S.Area)
  CAR:   12.36  Ratio:    0.00       (C.Area)
  CAR:   63.60  Ratio:    0.00       (C.S.Area)

[1]  met1:
  PAR:    3.73  Ratio:    0.00       (Area)
  PAR:   19.44  Ratio:  400.00       (S.Area)
  CAR:    3.85  Ratio:    0.00       (C.Area)
  CAR:   19.58  Ratio:    0.00       (C.S.Area)

[1]  li1:
  PAR:    0.11  Ratio:    0.00       (Area)
  PAR:    0.13  Ratio:   75.00       (S.Area)
  CAR:    0.11  Ratio:    0.00       (C.Area)
  CAR:    0.13  Ratio:    0.00       (C.S.Area)

[1]  M1M2_PR:
  PAR:    0.18  Ratio:    6.00       (Area)
  CAR:    0.41  Ratio:    0.00       (C.Area)

[1]  L1M1_PR:
  PAR:    0.23  Ratio:    3.00       (Area)
  CAR:    0.23  Ratio:    0.00       (C.Area)


Net - ppa_grey_1_1.U1.A1
  rebuffer5  (sky130_fd_sc_hd__dlygate4sd1_1)  A
[1]  met2:
  PAR:    3.89  Ratio:    0.00       (Area)
  PAR:   19.84  Ratio: 2920.20       (S.Area)
  CAR:   10.16  Ratio:    0.00       (C.Area)
  CAR:   52.30  Ratio:    0.00       (C.S.Area)

[1]  met1:
  PAR:    6.16  Ratio:    0.00       (Area)
  PAR:   32.33  Ratio:  400.00       (S.Area)
  CAR:    6.27  Ratio:    0.00       (C.Area)
  CAR:   32.47  Ratio:    0.00       (C.S.Area)

[1]  li1:
  PAR:    0.11  Ratio:    0.00       (Area)
  PAR:    0.13  Ratio:   75.00       (S.Area)
  CAR:    0.11  Ratio:    0.00       (C.Area)
  CAR:    0.13  Ratio:    0.00       (C.S.Area)

[1]  M1M2_PR:
  PAR:    0.18  Ratio:    6.00       (Area)
  CAR:    0.41  Ratio:    0.00       (C.Area)

[1]  L1M1_PR:
  PAR:    0.23  Ratio:    3.00       (Area)
  CAR:    0.23  Ratio:    0.00       (C.Area)

  ppa_grey_1_1.U1.ao21  (sky130_fd_sc_hd__a21o_1)  A2
[1]  met2:
  PAR:    3.89  Ratio:    0.00       (Area)
  PAR:   19.84  Ratio: 2920.20       (S.Area)
  CAR:    4.03  Ratio:    0.00       (C.Area)
  CAR:   20.30  Ratio:    0.00       (C.S.Area)

[1]  met1:
  PAR:    0.08  Ratio:    0.00       (Area)
  PAR:    0.40  Ratio:  400.00       (S.Area)
  CAR:    0.14  Ratio:    0.00       (C.Area)
  CAR:    0.46  Ratio:    0.00       (C.S.Area)

[1]  li1:
  PAR:    0.06  Ratio:    0.00       (Area)
  PAR:    0.07  Ratio:   75.00       (S.Area)
  CAR:    0.06  Ratio:    0.00       (C.Area)
  CAR:    0.07  Ratio:    0.00       (C.S.Area)

[1]  M1M2_PR:
  PAR:    0.09  Ratio:    6.00       (Area)
  CAR:    0.21  Ratio:    0.00       (C.Area)

[1]  L1M1_PR:
  PAR:    0.12  Ratio:    3.00       (Area)
  CAR:    0.12  Ratio:    0.00       (C.Area)


Net - ppa_grey_1_1.U1.B0
  ppa_grey_1_1.U1.ao21  (sky130_fd_sc_hd__a21o_1)  B1
[1]  met2:
  PAR:    5.83  Ratio:    0.00       (Area)
  PAR:   29.34  Ratio: 2862.80       (S.Area)
  CAR:    6.23  Ratio:    0.00       (C.Area)
  CAR:   31.50  Ratio:    0.00       (C.S.Area)

[1]  met1:
  PAR:    0.34  Ratio:    0.00       (Area)
  PAR:    2.09  Ratio:  400.00       (S.Area)
  CAR:    0.40  Ratio:    0.00       (C.Area)
  CAR:    2.16  Ratio:    0.00       (C.S.Area)

[1]  li1:
  PAR:    0.06  Ratio:    0.00       (Area)
  PAR:    0.07  Ratio:   75.00       (S.Area)
  CAR:    0.06  Ratio:    0.00       (C.Area)
  CAR:    0.07  Ratio:    0.00       (C.S.Area)

[1]  M1M2_PR:
  PAR:    0.09  Ratio:    6.00       (Area)
  CAR:    0.21  Ratio:    0.00       (C.Area)

[1]  L1M1_PR:
  PAR:    0.12  Ratio:    3.00       (Area)
  CAR:    0.12  Ratio:    0.00       (C.Area)


Net - ppa_grey_1_1.U1.Y
  ppa_grey_2_2.U1.ao21  (sky130_fd_sc_hd__a21o_1)  A1
[1]  met2:
  PAR:    0.81  Ratio:    0.00       (Area)
  PAR:    4.15  Ratio: 2771.60       (S.Area)
  CAR:    2.38  Ratio:    0.00       (C.Area)
  CAR:   12.84  Ratio:    0.00       (C.S.Area)

[1]  met1:
  PAR:    1.51  Ratio:    0.00       (Area)
  PAR:    8.62  Ratio:  400.00       (S.Area)
  CAR:    1.57  Ratio:    0.00       (C.Area)
  CAR:    8.69  Ratio:    0.00       (C.S.Area)

[1]  li1:
  PAR:    0.06  Ratio:    0.00       (Area)
  PAR:    0.07  Ratio:   75.00       (S.Area)
  CAR:    0.06  Ratio:    0.00       (C.Area)
  CAR:    0.07  Ratio:    0.00       (C.S.Area)

[1]  M1M2_PR:
  PAR:    0.06  Ratio:    6.00       (Area)
  CAR:    0.18  Ratio:    0.00       (C.Area)

[1]  L1M1_PR:
  PAR:    0.12  Ratio:    3.00       (Area)
  CAR:    0.12  Ratio:    0.00       (C.Area)

  rebuffer1  (sky130_fd_sc_hd__dlygate4sd1_1)  A
[1]  met2:
  PAR:    0.81  Ratio:    0.00       (Area)
  PAR:    4.15  Ratio: 2771.60       (S.Area)
  CAR:    2.44  Ratio:    0.00       (C.Area)
  CAR:   12.91  Ratio:    0.00       (C.S.Area)

[1]  met1:
  PAR:    1.51  Ratio:    0.00       (Area)
  PAR:    8.62  Ratio:  400.00       (S.Area)
  CAR:    1.63  Ratio:    0.00       (C.Area)
  CAR:    8.76  Ratio:    0.00       (C.S.Area)

[1]  li1:
  PAR:    0.11  Ratio:    0.00       (Area)
  PAR:    0.13  Ratio:   75.00       (S.Area)
  CAR:    0.11  Ratio:    0.00       (C.Area)
  CAR:    0.13  Ratio:    0.00       (C.S.Area)

[1]  M1M2_PR:
  PAR:    0.06  Ratio:    6.00       (Area)
  CAR:    0.29  Ratio:    0.00       (C.Area)

[1]  L1M1_PR:
  PAR:    0.23  Ratio:    3.00       (Area)
  CAR:    0.23  Ratio:    0.00       (C.Area)


Net - ppa_grey_2_2.U1.A1
  ppa_post_1_8.U1.xor2  (sky130_fd_sc_hd__xor2_1)  A
[1]  met2:
  PAR:    1.19  Ratio:    0.00       (Area)
  PAR:    6.13  Ratio: 2920.20       (S.Area)
  CAR:    2.62  Ratio:    0.00       (C.Area)
  CAR:   13.97  Ratio:    0.00       (C.S.Area)

[1]  met1:
  PAR:    1.40  Ratio:    0.00       (Area)
  PAR:    7.81  Ratio:  400.00       (S.Area)
  CAR:    1.43  Ratio:    0.00       (C.Area)
  CAR:    7.84  Ratio:    0.00       (C.S.Area)

[1]  li1:
  PAR:    0.03  Ratio:    0.00       (Area)
  PAR:    0.03  Ratio:   75.00       (S.Area)
  CAR:    0.03  Ratio:    0.00       (C.Area)
  CAR:    0.03  Ratio:    0.00       (C.S.Area)

[1]  M1M2_PR:
  PAR:    0.05  Ratio:    6.00       (Area)
  CAR:    0.10  Ratio:    0.00       (C.Area)

[1]  L1M1_PR:
  PAR:    0.06  Ratio:    3.00       (Area)
  CAR:    0.06  Ratio:    0.00       (C.Area)

  ppa_grey_2_2.U1.ao21  (sky130_fd_sc_hd__a21o_1)  A2
[1]  met2:
  PAR:    1.19  Ratio:    0.00       (Area)
  PAR:    6.13  Ratio: 2920.20       (S.Area)
  CAR:    1.33  Ratio:    0.00       (C.Area)
  CAR:    6.60  Ratio:    0.00       (C.S.Area)

[1]  met1:
  PAR:    0.08  Ratio:    0.00       (Area)
  PAR:    0.40  Ratio:  400.00       (S.Area)
  CAR:    0.14  Ratio:    0.00       (C.Area)
  CAR:    0.46  Ratio:    0.00       (C.S.Area)

[1]  li1:
  PAR:    0.06  Ratio:    0.00       (Area)
  PAR:    0.07  Ratio:   75.00       (S.Area)
  CAR:    0.06  Ratio:    0.00       (C.Area)
  CAR:    0.07  Ratio:    0.00       (C.S.Area)

[1]  M1M2_PR:
  PAR:    0.09  Ratio:    6.00       (Area)
  CAR:    0.21  Ratio:    0.00       (C.Area)

[1]  L1M1_PR:
  PAR:    0.12  Ratio:    3.00       (Area)
  CAR:    0.12  Ratio:    0.00       (C.Area)


Net - ppa_grey_2_2.U1.B0
  ppa_grey_2_2.U1.ao21  (sky130_fd_sc_hd__a21o_1)  B1
[1]  met2:
  PAR:    2.95  Ratio:    0.00       (Area)
  PAR:   14.92  Ratio: 2862.80       (S.Area)
  CAR:    3.09  Ratio:    0.00       (C.Area)
  CAR:   15.38  Ratio:    0.00       (C.S.Area)

[1]  met1:
  PAR:    0.08  Ratio:    0.00       (Area)
  PAR:    0.40  Ratio:  400.00       (S.Area)
  CAR:    0.14  Ratio:    0.00       (C.Area)
  CAR:    0.46  Ratio:    0.00       (C.S.Area)

[1]  li1:
  PAR:    0.06  Ratio:    0.00       (Area)
  PAR:    0.07  Ratio:   75.00       (S.Area)
  CAR:    0.06  Ratio:    0.00       (C.Area)
  CAR:    0.07  Ratio:    0.00       (C.S.Area)

[1]  M1M2_PR:
  PAR:    0.09  Ratio:    6.00       (Area)
  CAR:    0.21  Ratio:    0.00       (C.Area)

[1]  L1M1_PR:
  PAR:    0.12  Ratio:    3.00       (Area)
  CAR:    0.12  Ratio:    0.00       (C.Area)


Net - ppa_grey_2_2.U1.Y
  ppa_grey_3_3.U1.ao21  (sky130_fd_sc_hd__a21o_1)  A1
[1]  met2:
  PAR:    7.21  Ratio:    0.00       (Area)
  PAR:   36.40  Ratio: 2771.60       (S.Area)
  CAR:    8.12  Ratio:    0.00       (C.Area)
  CAR:   41.17  Ratio:    0.00       (C.S.Area)

[1]  met1:
  PAR:    0.86  Ratio:    0.00       (Area)
  PAR:    4.69  Ratio:  400.00       (S.Area)
  CAR:    0.92  Ratio:    0.00       (C.Area)
  CAR:    4.76  Ratio:    0.00       (C.S.Area)

[1]  li1:
  PAR:    0.06  Ratio:    0.00       (Area)
  PAR:    0.07  Ratio:   75.00       (S.Area)
  CAR:    0.06  Ratio:    0.00       (C.Area)
  CAR:    0.07  Ratio:    0.00       (C.S.Area)

[1]  M1M2_PR:
  PAR:    0.09  Ratio:    6.00       (Area)
  CAR:    0.21  Ratio:    0.00       (C.Area)

[1]  L1M1_PR:
  PAR:    0.12  Ratio:    3.00       (Area)
  CAR:    0.12  Ratio:    0.00       (C.Area)

  rebuffer4  (sky130_fd_sc_hd__dlygate4sd1_1)  A
[1]  met2:
  PAR:    7.21  Ratio:    0.00       (Area)
  PAR:   36.40  Ratio: 2771.60       (S.Area)
  CAR:   11.05  Ratio:    0.00       (C.Area)
  CAR:   55.98  Ratio:    0.00       (C.S.Area)

[1]  met1:
  PAR:    3.73  Ratio:    0.00       (Area)
  PAR:   19.44  Ratio:  400.00       (S.Area)
  CAR:    3.85  Ratio:    0.00       (C.Area)
  CAR:   19.58  Ratio:    0.00       (C.S.Area)

[1]  li1:
  PAR:    0.11  Ratio:    0.00       (Area)
  PAR:    0.13  Ratio:   75.00       (S.Area)
  CAR:    0.11  Ratio:    0.00       (C.Area)
  CAR:    0.13  Ratio:    0.00       (C.S.Area)

[1]  M1M2_PR:
  PAR:    0.18  Ratio:    6.00       (Area)
  CAR:    0.41  Ratio:    0.00       (C.Area)

[1]  L1M1_PR:
  PAR:    0.23  Ratio:    3.00       (Area)
  CAR:    0.23  Ratio:    0.00       (C.Area)


Net - ppa_grey_3_3.U1.A1
  ppa_grey_3_3.U1.ao21  (sky130_fd_sc_hd__a21o_1)  A2
[1]  met2:
  PAR:    0.93  Ratio:    0.00       (Area)
  PAR:    4.85  Ratio: 2920.20       (S.Area)
  CAR:    5.16  Ratio:    0.00       (C.Area)
  CAR:   26.58  Ratio:    0.00       (C.S.Area)

[1]  met1:
  PAR:    4.17  Ratio:    0.00       (Area)
  PAR:   21.66  Ratio:  400.00       (S.Area)
  CAR:    4.23  Ratio:    0.00       (C.Area)
  CAR:   21.73  Ratio:    0.00       (C.S.Area)

[1]  li1:
  PAR:    0.06  Ratio:    0.00       (Area)
  PAR:    0.07  Ratio:   75.00       (S.Area)
  CAR:    0.06  Ratio:    0.00       (C.Area)
  CAR:    0.07  Ratio:    0.00       (C.S.Area)

[1]  M1M2_PR:
  PAR:    0.09  Ratio:    6.00       (Area)
  CAR:    0.21  Ratio:    0.00       (C.Area)

[1]  L1M1_PR:
  PAR:    0.12  Ratio:    3.00       (Area)
  CAR:    0.12  Ratio:    0.00       (C.Area)

  ppa_post_2_8.U1.xor2  (sky130_fd_sc_hd__xor2_1)  A
[1]  met2:
  PAR:    0.93  Ratio:    0.00       (Area)
  PAR:    4.85  Ratio: 2920.20       (S.Area)
  CAR:    1.26  Ratio:    0.00       (C.Area)
  CAR:    6.58  Ratio:    0.00       (C.S.Area)

[1]  met1:
  PAR:    0.30  Ratio:    0.00       (Area)
  PAR:    1.70  Ratio:  400.00       (S.Area)
  CAR:    0.33  Ratio:    0.00       (C.Area)
  CAR:    1.73  Ratio:    0.00       (C.S.Area)

[1]  li1:
  PAR:    0.03  Ratio:    0.00       (Area)
  PAR:    0.03  Ratio:   75.00       (S.Area)
  CAR:    0.03  Ratio:    0.00       (C.Area)
  CAR:    0.03  Ratio:    0.00       (C.S.Area)

[1]  M1M2_PR:
  PAR:    0.05  Ratio:    6.00       (Area)
  CAR:    0.10  Ratio:    0.00       (C.Area)

[1]  L1M1_PR:
  PAR:    0.06  Ratio:    3.00       (Area)
  CAR:    0.06  Ratio:    0.00       (C.Area)


Net - ppa_grey_3_3.U1.B0
  ppa_grey_3_3.U1.ao21  (sky130_fd_sc_hd__a21o_1)  B1
[1]  met2:
  PAR:    4.30  Ratio:    0.00       (Area)
  PAR:   21.65  Ratio: 2862.80       (S.Area)
  CAR:    4.43  Ratio:    0.00       (C.Area)
  CAR:   22.11  Ratio:    0.00       (C.S.Area)

[1]  met1:
  PAR:    0.08  Ratio:    0.00       (Area)
  PAR:    0.40  Ratio:  400.00       (S.Area)
  CAR:    0.14  Ratio:    0.00       (C.Area)
  CAR:    0.46  Ratio:    0.00       (C.S.Area)

[1]  li1:
  PAR:    0.06  Ratio:    0.00       (Area)
  PAR:    0.07  Ratio:   75.00       (S.Area)
  CAR:    0.06  Ratio:    0.00       (C.Area)
  CAR:    0.07  Ratio:    0.00       (C.S.Area)

[1]  M1M2_PR:
  PAR:    0.09  Ratio:    6.00       (Area)
  CAR:    0.21  Ratio:    0.00       (C.Area)

[1]  L1M1_PR:
  PAR:    0.12  Ratio:    3.00       (Area)
  CAR:    0.12  Ratio:    0.00       (C.Area)


Net - ppa_grey_3_3.U1.Y
  ppa_grey_4_4.U1.ao21  (sky130_fd_sc_hd__a21o_1)  A1
[1]  met2:
  PAR:    1.85  Ratio:    0.00       (Area)
  PAR:    9.64  Ratio: 2771.60       (S.Area)
  CAR:    5.63  Ratio:    0.00       (C.Area)
  CAR:   28.72  Ratio:    0.00       (C.S.Area)

[1]  met1:
  PAR:    3.72  Ratio:    0.00       (Area)
  PAR:   19.01  Ratio:  400.00       (S.Area)
  CAR:    3.78  Ratio:    0.00       (C.Area)
  CAR:   19.07  Ratio:    0.00       (C.S.Area)

[1]  li1:
  PAR:    0.06  Ratio:    0.00       (Area)
  PAR:    0.07  Ratio:   75.00       (S.Area)
  CAR:    0.06  Ratio:    0.00       (C.Area)
  CAR:    0.07  Ratio:    0.00       (C.S.Area)

[1]  M1M2_PR:
  PAR:    0.09  Ratio:    6.00       (Area)
  CAR:    0.21  Ratio:    0.00       (C.Area)

[1]  L1M1_PR:
  PAR:    0.12  Ratio:    3.00       (Area)
  CAR:    0.12  Ratio:    0.00       (C.Area)

  rebuffer2  (sky130_fd_sc_hd__dlygate4sd1_1)  A
[1]  met2:
  PAR:    1.85  Ratio:    0.00       (Area)
  PAR:    9.64  Ratio: 2771.60       (S.Area)
  CAR:    2.12  Ratio:    0.00       (C.Area)
  CAR:   10.55  Ratio:    0.00       (C.S.Area)

[1]  met1:
  PAR:    0.16  Ratio:    0.00       (Area)
  PAR:    0.78  Ratio:  400.00       (S.Area)
  CAR:    0.27  Ratio:    0.00       (C.Area)
  CAR:    0.91  Ratio:    0.00       (C.S.Area)

[1]  li1:
  PAR:    0.11  Ratio:    0.00       (Area)
  PAR:    0.13  Ratio:   75.00       (S.Area)
  CAR:    0.11  Ratio:    0.00       (C.Area)
  CAR:    0.13  Ratio:    0.00       (C.S.Area)

[1]  M1M2_PR:
  PAR:    0.18  Ratio:    6.00       (Area)
  CAR:    0.41  Ratio:    0.00       (C.Area)

[1]  L1M1_PR:
  PAR:    0.23  Ratio:    3.00       (Area)
  CAR:    0.23  Ratio:    0.00       (C.Area)


Net - ppa_grey_4_4.U1.A1
  ppa_grey_4_4.U1.ao21  (sky130_fd_sc_hd__a21o_1)  A2
[1]  met2:
  PAR:    0.48  Ratio:    0.00       (Area)
  PAR:    2.47  Ratio: 2920.20       (S.Area)
  CAR:    0.62  Ratio:    0.00       (C.Area)
  CAR:    2.94  Ratio:    0.00       (C.S.Area)

[1]  met1:
  PAR:    0.08  Ratio:    0.00       (Area)
  PAR:    0.40  Ratio:  400.00       (S.Area)
  CAR:    0.14  Ratio:    0.00       (C.Area)
  CAR:    0.46  Ratio:    0.00       (C.S.Area)

[1]  li1:
  PAR:    0.06  Ratio:    0.00       (Area)
  PAR:    0.07  Ratio:   75.00       (S.Area)
  CAR:    0.06  Ratio:    0.00       (C.Area)
  CAR:    0.07  Ratio:    0.00       (C.S.Area)

[1]  M1M2_PR:
  PAR:    0.09  Ratio:    6.00       (Area)
  CAR:    0.21  Ratio:    0.00       (C.Area)

[1]  L1M1_PR:
  PAR:    0.12  Ratio:    3.00       (Area)
  CAR:    0.12  Ratio:    0.00       (C.Area)

  ppa_post_3_8.U1.xor2  (sky130_fd_sc_hd__xor2_1)  A
[1]  met1:
  PAR:    1.71  Ratio:    0.00       (Area)
  PAR:    9.44  Ratio: 2920.20       (S.Area)
  CAR:    1.74  Ratio:    0.00       (C.Area)
  CAR:    9.47  Ratio:    0.00       (C.S.Area)

[1]  met2:
  PAR:    0.48  Ratio:    0.00       (Area)
  PAR:    2.47  Ratio: 2920.20       (S.Area)
  CAR:    2.22  Ratio:    0.00       (C.Area)
  CAR:   11.95  Ratio:    0.00       (C.S.Area)

[1]  li1:
  PAR:    0.03  Ratio:    0.00       (Area)
  PAR:    0.03  Ratio:   75.00       (S.Area)
  CAR:    0.03  Ratio:    0.00       (C.Area)
  CAR:    0.03  Ratio:    0.00       (C.S.Area)

[1]  M1M2_PR:
  PAR:    0.05  Ratio:    6.00       (Area)
  CAR:    0.10  Ratio:    0.00       (C.Area)

[1]  L1M1_PR:
  PAR:    0.06  Ratio:    3.00       (Area)
  CAR:    0.06  Ratio:    0.00       (C.Area)


Net - ppa_grey_4_4.U1.B0
  ppa_grey_4_4.U1.ao21  (sky130_fd_sc_hd__a21o_1)  B1
[1]  met2:
  PAR:    1.22  Ratio:    0.00       (Area)
  PAR:    6.26  Ratio: 2862.80       (S.Area)
  CAR:    1.36  Ratio:    0.00       (C.Area)
  CAR:    6.73  Ratio:    0.00       (C.S.Area)

[1]  met1:
  PAR:    0.08  Ratio:    0.00       (Area)
  PAR:    0.40  Ratio:  400.00       (S.Area)
  CAR:    0.14  Ratio:    0.00       (C.Area)
  CAR:    0.46  Ratio:    0.00       (C.S.Area)

[1]  li1:
  PAR:    0.06  Ratio:    0.00       (Area)
  PAR:    0.07  Ratio:   75.00       (S.Area)
  CAR:    0.06  Ratio:    0.00       (C.Area)
  CAR:    0.07  Ratio:    0.00       (C.S.Area)

[1]  M1M2_PR:
  PAR:    0.09  Ratio:    6.00       (Area)
  CAR:    0.21  Ratio:    0.00       (C.Area)

[1]  L1M1_PR:
  PAR:    0.12  Ratio:    3.00       (Area)
  CAR:    0.12  Ratio:    0.00       (C.Area)


Net - ppa_grey_4_4.U1.Y
  ppa_grey_5_5.U1.ao21  (sky130_fd_sc_hd__a21o_1)  A1
[1]  met2:
  PAR:    4.20  Ratio:    0.00       (Area)
  PAR:   21.37  Ratio: 2771.60       (S.Area)
  CAR:    9.81  Ratio:    0.00       (C.Area)
  CAR:   51.92  Ratio:    0.00       (C.S.Area)

[1]  met1:
  PAR:    0.34  Ratio:    0.00       (Area)
  PAR:    2.09  Ratio:  400.00       (S.Area)
  CAR:    0.40  Ratio:    0.00       (C.Area)
  CAR:    2.16  Ratio:    0.00       (C.S.Area)

[1]  li1:
  PAR:    0.06  Ratio:    0.00       (Area)
  PAR:    0.07  Ratio:   75.00       (S.Area)
  CAR:    0.06  Ratio:    0.00       (C.Area)
  CAR:    0.07  Ratio:    0.00       (C.S.Area)

[1]  M1M2_PR:
  PAR:    0.09  Ratio:    6.00       (Area)
  CAR:    0.21  Ratio:    0.00       (C.Area)

[1]  L1M1_PR:
  PAR:    0.12  Ratio:    3.00       (Area)
  CAR:    0.12  Ratio:    0.00       (C.Area)

  rebuffer6  (sky130_fd_sc_hd__dlygate4sd1_1)  A
[1]  met2:
  PAR:    4.20  Ratio:    0.00       (Area)
  PAR:   21.37  Ratio: 2771.60       (S.Area)
  CAR:    9.53  Ratio:    0.00       (C.Area)
  CAR:   49.90  Ratio:    0.00       (C.S.Area)

[1]  met1:
  PAR:    5.21  Ratio:    0.00       (Area)
  PAR:   28.39  Ratio:  400.00       (S.Area)
  CAR:    5.33  Ratio:    0.00       (C.Area)
  CAR:   28.52  Ratio:    0.00       (C.S.Area)

[1]  li1:
  PAR:    0.11  Ratio:    0.00       (Area)
  PAR:    0.13  Ratio:   75.00       (S.Area)
  CAR:    0.11  Ratio:    0.00       (C.Area)
  CAR:    0.13  Ratio:    0.00       (C.S.Area)

[1]  M1M2_PR:
  PAR:    0.36  Ratio:    6.00       (Area)
  CAR:    0.59  Ratio:    0.00       (C.Area)

[1]  L1M1_PR:
  PAR:    0.23  Ratio:    3.00       (Area)
  CAR:    0.23  Ratio:    0.00       (C.Area)


Net - ppa_grey_5_5.U1.A1
  ppa_post_4_8.U1.xor2  (sky130_fd_sc_hd__xor2_1)  A
[1]  met1:
  PAR:    1.86  Ratio:    0.00       (Area)
  PAR:    9.76  Ratio: 2920.20       (S.Area)
  CAR:    1.89  Ratio:    0.00       (C.Area)
  CAR:    9.80  Ratio:    0.00       (C.S.Area)

[1]  li1:
  PAR:    0.03  Ratio:    0.00       (Area)
  PAR:    0.03  Ratio:   75.00       (S.Area)
  CAR:    0.03  Ratio:    0.00       (C.Area)
  CAR:    0.03  Ratio:    0.00       (C.S.Area)

[1]  met2:
  PAR:    0.66  Ratio:    0.00       (Area)
  PAR:    3.37  Ratio: 2920.20       (S.Area)
  CAR:    2.55  Ratio:    0.00       (C.Area)
  CAR:   13.17  Ratio:    0.00       (C.S.Area)

[1]  M1M2_PR:
  PAR:    0.05  Ratio:    6.00       (Area)
  CAR:    0.10  Ratio:    0.00       (C.Area)

[1]  L1M1_PR:
  PAR:    0.06  Ratio:    3.00       (Area)
  CAR:    0.06  Ratio:    0.00       (C.Area)

  ppa_grey_5_5.U1.ao21  (sky130_fd_sc_hd__a21o_1)  A2
[1]  met2:
  PAR:    0.66  Ratio:    0.00       (Area)
  PAR:    3.37  Ratio: 2920.20       (S.Area)
  CAR:    0.80  Ratio:    0.00       (C.Area)
  CAR:    3.83  Ratio:    0.00       (C.S.Area)

[1]  met1:
  PAR:    0.08  Ratio:    0.00       (Area)
  PAR:    0.40  Ratio:  400.00       (S.Area)
  CAR:    0.14  Ratio:    0.00       (C.Area)
  CAR:    0.46  Ratio:    0.00       (C.S.Area)

[1]  li1:
  PAR:    0.06  Ratio:    0.00       (Area)
  PAR:    0.07  Ratio:   75.00       (S.Area)
  CAR:    0.06  Ratio:    0.00       (C.Area)
  CAR:    0.07  Ratio:    0.00       (C.S.Area)

[1]  M1M2_PR:
  PAR:    0.09  Ratio:    6.00       (Area)
  CAR:    0.21  Ratio:    0.00       (C.Area)

[1]  L1M1_PR:
  PAR:    0.12  Ratio:    3.00       (Area)
  CAR:    0.12  Ratio:    0.00       (C.Area)


Net - ppa_grey_5_5.U1.B0
  ppa_grey_5_5.U1.ao21  (sky130_fd_sc_hd__a21o_1)  B1
[1]  met2:
  PAR:    1.22  Ratio:    0.00       (Area)
  PAR:    6.26  Ratio: 2862.80       (S.Area)
  CAR:    1.36  Ratio:    0.00       (C.Area)
  CAR:    6.73  Ratio:    0.00       (C.S.Area)

[1]  met1:
  PAR:    0.08  Ratio:    0.00       (Area)
  PAR:    0.40  Ratio:  400.00       (S.Area)
  CAR:    0.14  Ratio:    0.00       (C.Area)
  CAR:    0.46  Ratio:    0.00       (C.S.Area)

[1]  li1:
  PAR:    0.06  Ratio:    0.00       (Area)
  PAR:    0.07  Ratio:   75.00       (S.Area)
  CAR:    0.06  Ratio:    0.00       (C.Area)
  CAR:    0.07  Ratio:    0.00       (C.S.Area)

[1]  M1M2_PR:
  PAR:    0.09  Ratio:    6.00       (Area)
  CAR:    0.21  Ratio:    0.00       (C.Area)

[1]  L1M1_PR:
  PAR:    0.12  Ratio:    3.00       (Area)
  CAR:    0.12  Ratio:    0.00       (C.Area)


Net - ppa_grey_5_5.U1.Y
  ppa_grey_6_6.U1.ao21  (sky130_fd_sc_hd__a21o_1)  A1
[1]  met2:
  PAR:    0.71  Ratio:    0.00       (Area)
  PAR:    3.64  Ratio: 2771.60       (S.Area)
  CAR:    0.84  Ratio:    0.00       (C.Area)
  CAR:    4.11  Ratio:    0.00       (C.S.Area)

[1]  met1:
  PAR:    0.08  Ratio:    0.00       (Area)
  PAR:    0.40  Ratio:  400.00       (S.Area)
  CAR:    0.14  Ratio:    0.00       (C.Area)
  CAR:    0.46  Ratio:    0.00       (C.S.Area)

[1]  li1:
  PAR:    0.06  Ratio:    0.00       (Area)
  PAR:    0.07  Ratio:   75.00       (S.Area)
  CAR:    0.06  Ratio:    0.00       (C.Area)
  CAR:    0.07  Ratio:    0.00       (C.S.Area)

[1]  M1M2_PR:
  PAR:    0.09  Ratio:    6.00       (Area)
  CAR:    0.21  Ratio:    0.00       (C.Area)

[1]  L1M1_PR:
  PAR:    0.12  Ratio:    3.00       (Area)
  CAR:    0.12  Ratio:    0.00       (C.Area)

  rebuffer3  (sky130_fd_sc_hd__dlygate4sd1_1)  A
[1]  met1:
  PAR:   11.97  Ratio:    0.00       (Area)
  PAR:   61.75  Ratio: 2771.60       (S.Area)
  CAR:   12.08  Ratio:    0.00       (C.Area)
  CAR:   61.88  Ratio:    0.00       (C.S.Area)

[1]  met2:
  PAR:    0.71  Ratio:    0.00       (Area)
  PAR:    3.64  Ratio: 2771.60       (S.Area)
  CAR:   12.79  Ratio:    0.00       (C.Area)
  CAR:   65.52  Ratio:    0.00       (C.S.Area)

[1]  li1:
  PAR:    0.11  Ratio:    0.00       (Area)
  PAR:    0.13  Ratio:   75.00       (S.Area)
  CAR:    0.11  Ratio:    0.00       (C.Area)
  CAR:    0.13  Ratio:    0.00       (C.S.Area)

[1]  M1M2_PR:
  PAR:    0.18  Ratio:    6.00       (Area)
  CAR:    0.41  Ratio:    0.00       (C.Area)

[1]  L1M1_PR:
  PAR:    0.23  Ratio:    3.00       (Area)
  CAR:    0.23  Ratio:    0.00       (C.Area)


Net - ppa_grey_6_6.U1.A1
  ppa_grey_6_6.U1.ao21  (sky130_fd_sc_hd__a21o_1)  A2
[1]  met2:
  PAR:    1.64  Ratio:    0.00       (Area)
  PAR:    8.38  Ratio: 2920.20       (S.Area)
  CAR:    1.77  Ratio:    0.00       (C.Area)
  CAR:    8.84  Ratio:    0.00       (C.S.Area)

[1]  met1:
  PAR:    0.08  Ratio:    0.00       (Area)
  PAR:    0.40  Ratio:  400.00       (S.Area)
  CAR:    0.14  Ratio:    0.00       (C.Area)
  CAR:    0.46  Ratio:    0.00       (C.S.Area)

[1]  li1:
  PAR:    0.06  Ratio:    0.00       (Area)
  PAR:    0.07  Ratio:   75.00       (S.Area)
  CAR:    0.06  Ratio:    0.00       (C.Area)
  CAR:    0.07  Ratio:    0.00       (C.S.Area)

[1]  M1M2_PR:
  PAR:    0.09  Ratio:    6.00       (Area)
  CAR:    0.21  Ratio:    0.00       (C.Area)

[1]  L1M1_PR:
  PAR:    0.12  Ratio:    3.00       (Area)
  CAR:    0.12  Ratio:    0.00       (C.Area)

  ppa_post_5_8.U1.xor2  (sky130_fd_sc_hd__xor2_1)  A
[1]  met2:
  PAR:    1.64  Ratio:    0.00       (Area)
  PAR:    8.38  Ratio: 2920.20       (S.Area)
  CAR:    2.10  Ratio:    0.00       (C.Area)
  CAR:   10.76  Ratio:    0.00       (C.S.Area)

[1]  met1:
  PAR:    0.43  Ratio:    0.00       (Area)
  PAR:    2.35  Ratio:  400.00       (S.Area)
  CAR:    0.46  Ratio:    0.00       (C.Area)
  CAR:    2.38  Ratio:    0.00       (C.S.Area)

[1]  li1:
  PAR:    0.03  Ratio:    0.00       (Area)
  PAR:    0.03  Ratio:   75.00       (S.Area)
  CAR:    0.03  Ratio:    0.00       (C.Area)
  CAR:    0.03  Ratio:    0.00       (C.S.Area)

[1]  M1M2_PR:
  PAR:    0.05  Ratio:    6.00       (Area)
  CAR:    0.10  Ratio:    0.00       (C.Area)

[1]  L1M1_PR:
  PAR:    0.06  Ratio:    3.00       (Area)
  CAR:    0.06  Ratio:    0.00       (C.Area)


Net - ppa_grey_6_6.U1.B0
  ppa_grey_6_6.U1.ao21  (sky130_fd_sc_hd__a21o_1)  B1
[1]  met2:
  PAR:    5.83  Ratio:    0.00       (Area)
  PAR:   29.34  Ratio: 2862.80       (S.Area)
  CAR:    5.97  Ratio:    0.00       (C.Area)
  CAR:   29.81  Ratio:    0.00       (C.S.Area)

[1]  met1:
  PAR:    0.08  Ratio:    0.00       (Area)
  PAR:    0.40  Ratio:  400.00       (S.Area)
  CAR:    0.14  Ratio:    0.00       (C.Area)
  CAR:    0.46  Ratio:    0.00       (C.S.Area)

[1]  li1:
  PAR:    0.06  Ratio:    0.00       (Area)
  PAR:    0.07  Ratio:   75.00       (S.Area)
  CAR:    0.06  Ratio:    0.00       (C.Area)
  CAR:    0.07  Ratio:    0.00       (C.S.Area)

[1]  M1M2_PR:
  PAR:    0.09  Ratio:    6.00       (Area)
  CAR:    0.21  Ratio:    0.00       (C.Area)

[1]  L1M1_PR:
  PAR:    0.12  Ratio:    3.00       (Area)
  CAR:    0.12  Ratio:    0.00       (C.Area)


Net - ppa_grey_6_6.U1.Y
  ppa_grey_7_7.U1.ao21  (sky130_fd_sc_hd__a21o_1)  A1
[1]  met2:
  PAR:    3.19  Ratio:    0.00       (Area)
  PAR:   16.26  Ratio: 2771.60       (S.Area)
  CAR:    4.89  Ratio:    0.00       (C.Area)
  CAR:   24.93  Ratio:    0.00       (C.S.Area)

[1]  met1:
  PAR:    1.64  Ratio:    0.00       (Area)
  PAR:    8.60  Ratio:  400.00       (S.Area)
  CAR:    1.70  Ratio:    0.00       (C.Area)
  CAR:    8.67  Ratio:    0.00       (C.S.Area)

[1]  li1:
  PAR:    0.06  Ratio:    0.00       (Area)
  PAR:    0.07  Ratio:   75.00       (S.Area)
  CAR:    0.06  Ratio:    0.00       (C.Area)
  CAR:    0.07  Ratio:    0.00       (C.S.Area)

[1]  M1M2_PR:
  PAR:    0.09  Ratio:    6.00       (Area)
  CAR:    0.21  Ratio:    0.00       (C.Area)

[1]  L1M1_PR:
  PAR:    0.12  Ratio:    3.00       (Area)
  CAR:    0.12  Ratio:    0.00       (C.Area)

  rebuffer7  (sky130_fd_sc_hd__clkbuf_1)  A
[1]  met2:
  PAR:    3.19  Ratio:    0.00       (Area)
  PAR:   16.26  Ratio: 2771.60       (S.Area)
  CAR:   12.78  Ratio:    0.00       (C.Area)
  CAR:   64.94  Ratio:    0.00       (C.S.Area)

[1]  met1:
  PAR:    9.52  Ratio:    0.00       (Area)
  PAR:   48.59  Ratio:  400.00       (S.Area)
  CAR:    9.59  Ratio:    0.00       (C.Area)
  CAR:   48.68  Ratio:    0.00       (C.S.Area)

[1]  li1:
  PAR:    0.07  Ratio:    0.00       (Area)
  PAR:    0.09  Ratio:   75.00       (S.Area)
  CAR:    0.07  Ratio:    0.00       (C.Area)
  CAR:    0.09  Ratio:    0.00       (C.S.Area)

[1]  M1M2_PR:
  PAR:    0.11  Ratio:    6.00       (Area)
  CAR:    0.26  Ratio:    0.00       (C.Area)

[1]  L1M1_PR:
  PAR:    0.15  Ratio:    3.00       (Area)
  CAR:    0.15  Ratio:    0.00       (C.Area)


Net - ppa_grey_7_7.U1.A1
  ppa_grey_7_7.U1.ao21  (sky130_fd_sc_hd__a21o_1)  A2
[1]  met2:
  PAR:    1.07  Ratio:    0.00       (Area)
  PAR:    5.56  Ratio: 2920.20       (S.Area)
  CAR:    3.22  Ratio:    0.00       (C.Area)
  CAR:   16.88  Ratio:    0.00       (C.S.Area)

[1]  met1:
  PAR:    2.09  Ratio:    0.00       (Area)
  PAR:   11.26  Ratio:  400.00       (S.Area)
  CAR:    2.15  Ratio:    0.00       (C.Area)
  CAR:   11.33  Ratio:    0.00       (C.S.Area)

[1]  li1:
  PAR:    0.06  Ratio:    0.00       (Area)
  PAR:    0.07  Ratio:   75.00       (S.Area)
  CAR:    0.06  Ratio:    0.00       (C.Area)
  CAR:    0.07  Ratio:    0.00       (C.S.Area)

[1]  M1M2_PR:
  PAR:    0.09  Ratio:    6.00       (Area)
  CAR:    0.21  Ratio:    0.00       (C.Area)

[1]  L1M1_PR:
  PAR:    0.12  Ratio:    3.00       (Area)
  CAR:    0.12  Ratio:    0.00       (C.Area)

  ppa_post_6_8.U1.xor2  (sky130_fd_sc_hd__xor2_1)  A
[1]  met2:
  PAR:    1.07  Ratio:    0.00       (Area)
  PAR:    5.56  Ratio: 2920.20       (S.Area)
  CAR:    1.14  Ratio:    0.00       (C.Area)
  CAR:    5.79  Ratio:    0.00       (C.S.Area)

[1]  met1:
  PAR:    0.04  Ratio:    0.00       (Area)
  PAR:    0.20  Ratio:  400.00       (S.Area)
  CAR:    0.07  Ratio:    0.00       (C.Area)
  CAR:    0.23  Ratio:    0.00       (C.S.Area)

[1]  li1:
  PAR:    0.03  Ratio:    0.00       (Area)
  PAR:    0.03  Ratio:   75.00       (S.Area)
  CAR:    0.03  Ratio:    0.00       (C.Area)
  CAR:    0.03  Ratio:    0.00       (C.S.Area)

[1]  M1M2_PR:
  PAR:    0.05  Ratio:    6.00       (Area)
  CAR:    0.10  Ratio:    0.00       (C.Area)

[1]  L1M1_PR:
  PAR:    0.06  Ratio:    3.00       (Area)
  CAR:    0.06  Ratio:    0.00       (C.Area)


Net - ppa_grey_7_7.U1.B0
  ppa_grey_7_7.U1.ao21  (sky130_fd_sc_hd__a21o_1)  B1
[1]  met1:
  PAR:    2.67  Ratio:    0.00       (Area)
  PAR:   13.93  Ratio: 2862.80       (S.Area)
  CAR:    2.73  Ratio:    0.00       (C.Area)
  CAR:   14.00  Ratio:    0.00       (C.S.Area)

[1]  li1:
  PAR:    0.06  Ratio:    0.00       (Area)
  PAR:    0.07  Ratio:   75.00       (S.Area)
  CAR:    0.06  Ratio:    0.00       (C.Area)
  CAR:    0.07  Ratio:    0.00       (C.S.Area)

[1]  L1M1_PR:
  PAR:    0.12  Ratio:    3.00       (Area)
  CAR:    0.12  Ratio:    0.00       (C.Area)


Net - ppa_grey_7_7.U1.Y
  ppa_grey_cout.U1.ao21  (sky130_fd_sc_hd__a21o_1)  A1
[1]  met2:
  PAR:    1.08  Ratio:    0.00       (Area)
  PAR:    5.87  Ratio: 2771.60       (S.Area)
  CAR:    1.22  Ratio:    0.00       (C.Area)
  CAR:    6.33  Ratio:    0.00       (C.S.Area)

[1]  met1:
  PAR:    0.08  Ratio:    0.00       (Area)
  PAR:    0.40  Ratio:  400.00       (S.Area)
  CAR:    0.14  Ratio:    0.00       (C.Area)
  CAR:    0.46  Ratio:    0.00       (C.S.Area)

[1]  li1:
  PAR:    0.06  Ratio:    0.00       (Area)
  PAR:    0.07  Ratio:   75.00       (S.Area)
  CAR:    0.06  Ratio:    0.00       (C.Area)
  CAR:    0.07  Ratio:    0.00       (C.S.Area)

[1]  M1M2_PR:
  PAR:    0.09  Ratio:    6.00       (Area)
  CAR:    0.21  Ratio:    0.00       (C.Area)

[1]  L1M1_PR:
  PAR:    0.12  Ratio:    3.00       (Area)
  CAR:    0.12  Ratio:    0.00       (C.Area)

  ppa_post_7_8.U1.xor2  (sky130_fd_sc_hd__xor2_1)  B
[1]  met2:
  PAR:    1.08  Ratio:    0.00       (Area)
  PAR:    5.87  Ratio: 2771.60       (S.Area)
  CAR:    1.15  Ratio:    0.00       (C.Area)
  CAR:    6.10  Ratio:    0.00       (C.S.Area)

[1]  met1:
  PAR:    0.04  Ratio:    0.00       (Area)
  PAR:    0.20  Ratio:  400.00       (S.Area)
  CAR:    0.07  Ratio:    0.00       (C.Area)
  CAR:    0.23  Ratio:    0.00       (C.S.Area)

[1]  li1:
  PAR:    0.03  Ratio:    0.00       (Area)
  PAR:    0.03  Ratio:   75.00       (S.Area)
  CAR:    0.03  Ratio:    0.00       (C.Area)
  CAR:    0.03  Ratio:    0.00       (C.S.Area)

[1]  M1M2_PR:
  PAR:    0.05  Ratio:    6.00       (Area)
  CAR:    0.10  Ratio:    0.00       (C.Area)

[1]  L1M1_PR:
  PAR:    0.06  Ratio:    3.00       (Area)
  CAR:    0.06  Ratio:    0.00       (C.Area)


Net - ppa_grey_cout.U1.A1
  ppa_post_7_8.U1.xor2  (sky130_fd_sc_hd__xor2_1)  A
[1]  met2:
  PAR:    1.96  Ratio:    0.00       (Area)
  PAR:   10.26  Ratio: 2920.20       (S.Area)
  CAR:    2.03  Ratio:    0.00       (C.Area)
  CAR:   10.49  Ratio:    0.00       (C.S.Area)

[1]  met1:
  PAR:    0.04  Ratio:    0.00       (Area)
  PAR:    0.20  Ratio:  400.00       (S.Area)
  CAR:    0.07  Ratio:    0.00       (C.Area)
  CAR:    0.23  Ratio:    0.00       (C.S.Area)

[1]  li1:
  PAR:    0.03  Ratio:    0.00       (Area)
  PAR:    0.03  Ratio:   75.00       (S.Area)
  CAR:    0.03  Ratio:    0.00       (C.Area)
  CAR:    0.03  Ratio:    0.00       (C.S.Area)

[1]  M1M2_PR:
  PAR:    0.05  Ratio:    6.00       (Area)
  CAR:    0.10  Ratio:    0.00       (C.Area)

[1]  L1M1_PR:
  PAR:    0.06  Ratio:    3.00       (Area)
  CAR:    0.06  Ratio:    0.00       (C.Area)

  ppa_grey_cout.U1.ao21  (sky130_fd_sc_hd__a21o_1)  A2
[1]  met2:
  PAR:    1.96  Ratio:    0.00       (Area)
  PAR:   10.26  Ratio: 2920.20       (S.Area)
  CAR:    2.10  Ratio:    0.00       (C.Area)
  CAR:   10.73  Ratio:    0.00       (C.S.Area)

[1]  met1:
  PAR:    0.08  Ratio:    0.00       (Area)
  PAR:    0.40  Ratio:  400.00       (S.Area)
  CAR:    0.14  Ratio:    0.00       (C.Area)
  CAR:    0.46  Ratio:    0.00       (C.S.Area)

[1]  li1:
  PAR:    0.06  Ratio:    0.00       (Area)
  PAR:    0.07  Ratio:   75.00       (S.Area)
  CAR:    0.06  Ratio:    0.00       (C.Area)
  CAR:    0.07  Ratio:    0.00       (C.S.Area)

[1]  M1M2_PR:
  PAR:    0.09  Ratio:    6.00       (Area)
  CAR:    0.21  Ratio:    0.00       (C.Area)

[1]  L1M1_PR:
  PAR:    0.12  Ratio:    3.00       (Area)
  CAR:    0.12  Ratio:    0.00       (C.Area)


Net - ppa_grey_cout.U1.B0
  ppa_grey_cout.U1.ao21  (sky130_fd_sc_hd__a21o_1)  B1
[1]  met2:
  PAR:    4.30  Ratio:    0.00       (Area)
  PAR:   21.65  Ratio: 2862.80       (S.Area)
  CAR:    4.43  Ratio:    0.00       (C.Area)
  CAR:   22.11  Ratio:    0.00       (C.S.Area)

[1]  met1:
  PAR:    0.08  Ratio:    0.00       (Area)
  PAR:    0.40  Ratio:  400.00       (S.Area)
  CAR:    0.14  Ratio:    0.00       (C.Area)
  CAR:    0.46  Ratio:    0.00       (C.S.Area)

[1]  li1:
  PAR:    0.06  Ratio:    0.00       (Area)
  PAR:    0.07  Ratio:   75.00       (S.Area)
  CAR:    0.06  Ratio:    0.00       (C.Area)
  CAR:    0.07  Ratio:    0.00       (C.S.Area)

[1]  M1M2_PR:
  PAR:    0.09  Ratio:    6.00       (Area)
  CAR:    0.21  Ratio:    0.00       (C.Area)

[1]  L1M1_PR:
  PAR:    0.12  Ratio:    3.00       (Area)
  CAR:    0.12  Ratio:    0.00       (C.Area)


Net - ppa_post_0_8.U1.Y
  _0_  (sky130_fd_sc_hd__clkbuf_1)  A
[1]  met2:
  PAR:    6.62  Ratio:    0.00       (Area)
  PAR:   33.32  Ratio: 2920.20       (S.Area)
  CAR:    6.79  Ratio:    0.00       (C.Area)
  CAR:   33.91  Ratio:    0.00       (C.S.Area)

[1]  met1:
  PAR:    0.10  Ratio:    0.00       (Area)
  PAR:    0.50  Ratio:  400.00       (S.Area)
  CAR:    0.17  Ratio:    0.00       (C.Area)
  CAR:    0.59  Ratio:    0.00       (C.S.Area)

[1]  li1:
  PAR:    0.07  Ratio:    0.00       (Area)
  PAR:    0.09  Ratio:   75.00       (S.Area)
  CAR:    0.07  Ratio:    0.00       (C.Area)
  CAR:    0.09  Ratio:    0.00       (C.S.Area)

[1]  M1M2_PR:
  PAR:    0.11  Ratio:    6.00       (Area)
  CAR:    0.26  Ratio:    0.00       (C.Area)

[1]  L1M1_PR:
  PAR:    0.15  Ratio:    3.00       (Area)
  CAR:    0.15  Ratio:    0.00       (C.Area)


Net - ppa_post_1_8.U1.Y
  _1_  (sky130_fd_sc_hd__clkbuf_1)  A
[1]  met2:
  PAR:    3.23  Ratio:    0.00       (Area)
  PAR:   16.37  Ratio: 2920.20       (S.Area)
  CAR:    6.92  Ratio:    0.00       (C.Area)
  CAR:   36.05  Ratio:    0.00       (C.S.Area)

[1]  met1:
  PAR:    3.62  Ratio:    0.00       (Area)
  PAR:   19.59  Ratio:  400.00       (S.Area)
  CAR:    3.69  Ratio:    0.00       (C.Area)
  CAR:   19.68  Ratio:    0.00       (C.S.Area)

[1]  li1:
  PAR:    0.07  Ratio:    0.00       (Area)
  PAR:    0.09  Ratio:   75.00       (S.Area)
  CAR:    0.07  Ratio:    0.00       (C.Area)
  CAR:    0.09  Ratio:    0.00       (C.S.Area)

[1]  M1M2_PR:
  PAR:    0.11  Ratio:    6.00       (Area)
  CAR:    0.26  Ratio:    0.00       (C.Area)

[1]  L1M1_PR:
  PAR:    0.15  Ratio:    3.00       (Area)
  CAR:    0.15  Ratio:    0.00       (C.Area)


Net - ppa_post_2_8.U1.Y
  _2_  (sky130_fd_sc_hd__clkbuf_1)  A
[1]  met2:
  PAR:    3.47  Ratio:    0.00       (Area)
  PAR:   17.58  Ratio: 2920.20       (S.Area)
  CAR:    3.65  Ratio:    0.00       (C.Area)
  CAR:   18.16  Ratio:    0.00       (C.S.Area)

[1]  met1:
  PAR:    0.10  Ratio:    0.00       (Area)
  PAR:    0.50  Ratio:  400.00       (S.Area)
  CAR:    0.17  Ratio:    0.00       (C.Area)
  CAR:    0.59  Ratio:    0.00       (C.S.Area)

[1]  li1:
  PAR:    0.07  Ratio:    0.00       (Area)
  PAR:    0.09  Ratio:   75.00       (S.Area)
  CAR:    0.07  Ratio:    0.00       (C.Area)
  CAR:    0.09  Ratio:    0.00       (C.S.Area)

[1]  M1M2_PR:
  PAR:    0.11  Ratio:    6.00       (Area)
  CAR:    0.26  Ratio:    0.00       (C.Area)

[1]  L1M1_PR:
  PAR:    0.15  Ratio:    3.00       (Area)
  CAR:    0.15  Ratio:    0.00       (C.Area)


Net - ppa_post_3_8.U1.Y
  _3_  (sky130_fd_sc_hd__clkbuf_1)  A
[1]  met2:
  PAR:    4.44  Ratio:    0.00       (Area)
  PAR:   22.42  Ratio: 2920.20       (S.Area)
  CAR:    4.61  Ratio:    0.00       (C.Area)
  CAR:   23.01  Ratio:    0.00       (C.S.Area)

[1]  met1:
  PAR:    0.10  Ratio:    0.00       (Area)
  PAR:    0.50  Ratio:  400.00       (S.Area)
  CAR:    0.17  Ratio:    0.00       (C.Area)
  CAR:    0.59  Ratio:    0.00       (C.S.Area)

[1]  li1:
  PAR:    0.07  Ratio:    0.00       (Area)
  PAR:    0.09  Ratio:   75.00       (S.Area)
  CAR:    0.07  Ratio:    0.00       (C.Area)
  CAR:    0.09  Ratio:    0.00       (C.S.Area)

[1]  M1M2_PR:
  PAR:    0.11  Ratio:    6.00       (Area)
  CAR:    0.26  Ratio:    0.00       (C.Area)

[1]  L1M1_PR:
  PAR:    0.15  Ratio:    3.00       (Area)
  CAR:    0.15  Ratio:    0.00       (C.Area)


Net - ppa_post_4_8.U1.Y
  _4_  (sky130_fd_sc_hd__clkbuf_1)  A
[1]  met2:
  PAR:    1.78  Ratio:    0.00       (Area)
  PAR:    9.10  Ratio: 2920.20       (S.Area)
  CAR:    3.59  Ratio:    0.00       (C.Area)
  CAR:   18.38  Ratio:    0.00       (C.S.Area)

[1]  met1:
  PAR:    1.74  Ratio:    0.00       (Area)
  PAR:    9.19  Ratio:  400.00       (S.Area)
  CAR:    1.81  Ratio:    0.00       (C.Area)
  CAR:    9.28  Ratio:    0.00       (C.S.Area)

[1]  li1:
  PAR:    0.07  Ratio:    0.00       (Area)
  PAR:    0.09  Ratio:   75.00       (S.Area)
  CAR:    0.07  Ratio:    0.00       (C.Area)
  CAR:    0.09  Ratio:    0.00       (C.S.Area)

[1]  M1M2_PR:
  PAR:    0.11  Ratio:    6.00       (Area)
  CAR:    0.26  Ratio:    0.00       (C.Area)

[1]  L1M1_PR:
  PAR:    0.15  Ratio:    3.00       (Area)
  CAR:    0.15  Ratio:    0.00       (C.Area)


Net - ppa_post_5_8.U1.Y
  _5_  (sky130_fd_sc_hd__clkbuf_1)  A
[1]  met1:
  PAR:    2.05  Ratio:    0.00       (Area)
  PAR:   10.99  Ratio: 2920.20       (S.Area)
  CAR:    2.13  Ratio:    0.00       (C.Area)
  CAR:   11.07  Ratio:    0.00       (C.S.Area)

[1]  li1:
  PAR:    0.07  Ratio:    0.00       (Area)
  PAR:    0.09  Ratio:   75.00       (S.Area)
  CAR:    0.07  Ratio:    0.00       (C.Area)
  CAR:    0.09  Ratio:    0.00       (C.S.Area)

[1]  L1M1_PR:
  PAR:    0.15  Ratio:    3.00       (Area)
  CAR:    0.15  Ratio:    0.00       (C.Area)


Net - ppa_post_6_8.U1.Y
  _6_  (sky130_fd_sc_hd__clkbuf_1)  A
[1]  met2:
  PAR:    7.35  Ratio:    0.00       (Area)
  PAR:   36.96  Ratio: 2920.20       (S.Area)
  CAR:    8.18  Ratio:    0.00       (C.Area)
  CAR:   41.32  Ratio:    0.00       (C.S.Area)

[1]  met1:
  PAR:    0.76  Ratio:    0.00       (Area)
  PAR:    4.27  Ratio:  400.00       (S.Area)
  CAR:    0.83  Ratio:    0.00       (C.Area)
  CAR:    4.36  Ratio:    0.00       (C.S.Area)

[1]  li1:
  PAR:    0.07  Ratio:    0.00       (Area)
  PAR:    0.09  Ratio:   75.00       (S.Area)
  CAR:    0.07  Ratio:    0.00       (C.Area)
  CAR:    0.09  Ratio:    0.00       (C.S.Area)

[1]  M1M2_PR:
  PAR:    0.11  Ratio:    6.00       (Area)
  CAR:    0.26  Ratio:    0.00       (C.Area)

[1]  L1M1_PR:
  PAR:    0.15  Ratio:    3.00       (Area)
  CAR:    0.15  Ratio:    0.00       (C.Area)


Net - ppa_post_7_8.U1.Y
  _7_  (sky130_fd_sc_hd__buf_2)  A
[1]  met2:
  PAR:    2.79  Ratio:    0.00       (Area)
  PAR:   14.24  Ratio: 2920.20       (S.Area)
  CAR:    3.01  Ratio:    0.00       (C.Area)
  CAR:   14.96  Ratio:    0.00       (C.S.Area)

[1]  met1:
  PAR:    0.12  Ratio:    0.00       (Area)
  PAR:    0.62  Ratio:  400.00       (S.Area)
  CAR:    0.21  Ratio:    0.00       (C.Area)
  CAR:    0.72  Ratio:    0.00       (C.S.Area)

[1]  li1:
  PAR:    0.09  Ratio:    0.00       (Area)
  PAR:    0.11  Ratio:   75.00       (S.Area)
  CAR:    0.09  Ratio:    0.00       (C.Area)
  CAR:    0.11  Ratio:    0.00       (C.S.Area)

[1]  M1M2_PR:
  PAR:    0.14  Ratio:    6.00       (Area)
  CAR:    0.32  Ratio:    0.00       (C.Area)

[1]  L1M1_PR:
  PAR:    0.18  Ratio:    3.00       (Area)
  CAR:    0.18  Ratio:    0.00       (C.Area)

Number of pins violated: 0
Number of nets violated: 0
Total number of unspecial nets: 90
