
===========================================================================
report_checks -unconstrained
============================================================================
Startpoint: a[8] (input port clocked by clk)
Endpoint: sum[15] (output port clocked by clk)
Path Group: clk
Path Type: max

Fanout     Cap    Slew   Delay    Time   Description
-----------------------------------------------------------------------------
                  0.00    0.00    0.00   clock clk (rise edge)
                          0.00    0.00   clock network delay (ideal)
                          0.00    0.00 v input external delay
                  0.03    0.02    0.02 v a[8] (in)
     3    0.01                           a[8] (net)
                  0.03    0.00    0.02 v _125_/B (sky130_fd_sc_hd__and2_2)
                  0.05    0.20    0.22 v _125_/X (sky130_fd_sc_hd__and2_2)
     3    0.01                           _077_ (net)
                  0.05    0.00    0.22 v _126_/B (sky130_fd_sc_hd__or2_2)
                  0.08    0.33    0.55 v _126_/X (sky130_fd_sc_hd__or2_2)
     2    0.01                           _078_ (net)
                  0.08    0.00    0.55 v _132_/B (sky130_fd_sc_hd__or2_2)
                  0.07    0.32    0.87 v _132_/X (sky130_fd_sc_hd__or2_2)
     2    0.01                           _002_ (net)
                  0.07    0.00    0.87 v _145_/B (sky130_fd_sc_hd__or3_2)
                  0.11    0.53    1.40 v _145_/X (sky130_fd_sc_hd__or3_2)
     3    0.01                           _013_ (net)
                  0.11    0.00    1.40 v _161_/C (sky130_fd_sc_hd__or4b_2)
                  0.14    0.72    2.12 v _161_/X (sky130_fd_sc_hd__or4b_2)
     3    0.01                           _027_ (net)
                  0.14    0.00    2.12 v _176_/A1 (sky130_fd_sc_hd__a31o_2)
                  0.07    0.29    2.41 v _176_/X (sky130_fd_sc_hd__a31o_2)
     2    0.02                           _040_ (net)
                  0.07    0.00    2.41 v _177_/B (sky130_fd_sc_hd__xor2_2)
                  0.57    0.49    2.90 ^ _177_/X (sky130_fd_sc_hd__xor2_2)
     1    0.03                           sum[15] (net)
                  0.57    0.00    2.91 ^ sum[15] (out)
                                  2.91   data arrival time

                  0.00    4.50    4.50   clock clk (rise edge)
                          0.00    4.50   clock network delay (ideal)
                         -0.25    4.25   clock uncertainty
                          0.00    4.25   clock reconvergence pessimism
                          0.00    4.25   output external delay
                                  4.25   data required time
-----------------------------------------------------------------------------
                                  4.25   data required time
                                 -2.91   data arrival time
-----------------------------------------------------------------------------
                                  1.34   slack (MET)



===========================================================================
report_checks --slack_max -0.01
============================================================================
No paths found.
