
===========================================================================
report_checks -unconstrained
============================================================================
Startpoint: b[1] (input port clocked by clk)
Endpoint: sum[15] (output port clocked by clk)
Path Group: clk
Path Type: max

Fanout     Cap    Slew   Delay    Time   Description
-----------------------------------------------------------------------------
                  0.00    0.00    0.00   clock clk (rise edge)
                          0.00    0.00   clock network delay (ideal)
                          0.00    0.00 ^ input external delay
                  0.02    0.01    0.01 ^ b[1] (in)
     1    0.00                           b[1] (net)
                  0.02    0.00    0.01 ^ input24/A (sky130_fd_sc_hd__dlymetal6s2s_1)
                  0.19    0.19    0.20 ^ input24/X (sky130_fd_sc_hd__dlymetal6s2s_1)
     3    0.02                           net24 (net)
                  0.19    0.00    0.20 ^ _086_/A (sky130_fd_sc_hd__or2_1)
                  0.07    0.16    0.36 ^ _086_/X (sky130_fd_sc_hd__or2_1)
     1    0.01                           _045_ (net)
                  0.07    0.00    0.36 ^ _088_/A (sky130_fd_sc_hd__nand2_2)
                  0.08    0.09    0.45 v _088_/Y (sky130_fd_sc_hd__nand2_2)
     3    0.02                           _047_ (net)
                  0.08    0.00    0.45 v _099_/A2 (sky130_fd_sc_hd__o311a_2)
                  0.09    0.46    0.91 v _099_/X (sky130_fd_sc_hd__o311a_2)
     4    0.02                           _056_ (net)
                  0.09    0.00    0.91 v _121_/A1 (sky130_fd_sc_hd__o31a_1)
                  0.08    0.37    1.28 v _121_/X (sky130_fd_sc_hd__o31a_1)
     3    0.01                           _074_ (net)
                  0.08    0.00    1.28 v _161_/A (sky130_fd_sc_hd__or4b_2)
                  0.13    0.76    2.04 v _161_/X (sky130_fd_sc_hd__or4b_2)
     3    0.01                           _027_ (net)
                  0.13    0.00    2.04 v _176_/A1 (sky130_fd_sc_hd__a31o_1)
                  0.09    0.27    2.31 v _176_/X (sky130_fd_sc_hd__a31o_1)
     2    0.02                           _040_ (net)
                  0.09    0.00    2.31 v _177_/B (sky130_fd_sc_hd__xor2_2)
                  0.20    0.22    2.53 ^ _177_/X (sky130_fd_sc_hd__xor2_2)
     1    0.01                           net41 (net)
                  0.20    0.00    2.53 ^ output41/A (sky130_fd_sc_hd__buf_2)
                  0.17    0.26    2.79 ^ output41/X (sky130_fd_sc_hd__buf_2)
     1    0.03                           sum[15] (net)
                  0.17    0.00    2.79 ^ sum[15] (out)
                                  2.79   data arrival time

                  0.00    4.50    4.50   clock clk (rise edge)
                          0.00    4.50   clock network delay (ideal)
                         -0.25    4.25   clock uncertainty
                          0.00    4.25   clock reconvergence pessimism
                          0.00    4.25   output external delay
                                  4.25   data required time
-----------------------------------------------------------------------------
                                  4.25   data required time
                                 -2.79   data arrival time
-----------------------------------------------------------------------------
                                  1.46   slack (MET)



===========================================================================
report_checks --slack_max -0.01
============================================================================
No paths found.
