
===========================================================================
report_checks -path_delay max (Setup)
============================================================================
Startpoint: b[0] (input port clocked by clk)
Endpoint: sum[7] (output port clocked by clk)
Path Group: clk
Path Type: max

Fanout     Cap    Slew   Delay    Time   Description
-----------------------------------------------------------------------------
                  0.00    0.00    0.00   clock clk (rise edge)
                          0.00    0.00   clock network delay (ideal)
                          0.00    0.00 ^ input external delay
                  0.02    0.01    0.01 ^ b[0] (in)
     1    0.00                           b[0] (net)
                  0.02    0.00    0.01 ^ input9/A (sky130_fd_sc_hd__clkbuf_1)
                  0.12    0.13    0.14 ^ input9/X (sky130_fd_sc_hd__clkbuf_1)
     2    0.01                           net9 (net)
                  0.12    0.00    0.14 ^ _053_/A (sky130_fd_sc_hd__nand2_1)
                  0.06    0.09    0.23 v _053_/Y (sky130_fd_sc_hd__nand2_1)
     2    0.01                           _006_ (net)
                  0.06    0.00    0.23 v _054_/B1_N (sky130_fd_sc_hd__a21bo_1)
                  0.06    0.21    0.44 ^ _054_/X (sky130_fd_sc_hd__a21bo_1)
     2    0.01                           _007_ (net)
                  0.06    0.00    0.44 ^ _057_/A (sky130_fd_sc_hd__nand2_1)
                  0.08    0.09    0.53 v _057_/Y (sky130_fd_sc_hd__nand2_1)
     3    0.01                           _010_ (net)
                  0.08    0.00    0.53 v _073_/A3 (sky130_fd_sc_hd__a311o_1)
                  0.11    0.45    0.97 v _073_/X (sky130_fd_sc_hd__a311o_1)
     3    0.02                           _025_ (net)
                  0.11    0.00    0.98 v _087_/A2 (sky130_fd_sc_hd__o311a_1)
                  0.08    0.40    1.38 v _087_/X (sky130_fd_sc_hd__o311a_1)
     2    0.01                           _037_ (net)
                  0.08    0.00    1.38 v _088_/B (sky130_fd_sc_hd__xor2_1)
                  0.14    0.17    1.54 ^ _088_/X (sky130_fd_sc_hd__xor2_1)
     1    0.00                           net26 (net)
                  0.14    0.00    1.54 ^ output26/A (sky130_fd_sc_hd__buf_2)
                  0.18    0.25    1.79 ^ output26/X (sky130_fd_sc_hd__buf_2)
     1    0.03                           sum[7] (net)
                  0.18    0.00    1.79 ^ sum[7] (out)
                                  1.79   data arrival time

                  0.00    3.50    3.50   clock clk (rise edge)
                          0.00    3.50   clock network delay (ideal)
                         -0.25    3.25   clock uncertainty
                          0.00    3.25   clock reconvergence pessimism
                          0.00    3.25   output external delay
                                  3.25   data required time
-----------------------------------------------------------------------------
                                  3.25   data required time
                                 -1.79   data arrival time
-----------------------------------------------------------------------------
                                  1.46   slack (MET)


Startpoint: b[0] (input port clocked by clk)
Endpoint: cout (output port clocked by clk)
Path Group: clk
Path Type: max

Fanout     Cap    Slew   Delay    Time   Description
-----------------------------------------------------------------------------
                  0.00    0.00    0.00   clock clk (rise edge)
                          0.00    0.00   clock network delay (ideal)
                          0.00    0.00 ^ input external delay
                  0.02    0.01    0.01 ^ b[0] (in)
     1    0.00                           b[0] (net)
                  0.02    0.00    0.01 ^ input9/A (sky130_fd_sc_hd__clkbuf_1)
                  0.12    0.13    0.14 ^ input9/X (sky130_fd_sc_hd__clkbuf_1)
     2    0.01                           net9 (net)
                  0.12    0.00    0.14 ^ _053_/A (sky130_fd_sc_hd__nand2_1)
                  0.06    0.09    0.23 v _053_/Y (sky130_fd_sc_hd__nand2_1)
     2    0.01                           _006_ (net)
                  0.06    0.00    0.23 v _054_/B1_N (sky130_fd_sc_hd__a21bo_1)
                  0.06    0.21    0.44 ^ _054_/X (sky130_fd_sc_hd__a21bo_1)
     2    0.01                           _007_ (net)
                  0.06    0.00    0.44 ^ _057_/A (sky130_fd_sc_hd__nand2_1)
                  0.08    0.09    0.53 v _057_/Y (sky130_fd_sc_hd__nand2_1)
     3    0.01                           _010_ (net)
                  0.08    0.00    0.53 v _073_/A3 (sky130_fd_sc_hd__a311o_1)
                  0.11    0.45    0.97 v _073_/X (sky130_fd_sc_hd__a311o_1)
     3    0.02                           _025_ (net)
                  0.11    0.00    0.98 v _087_/A2 (sky130_fd_sc_hd__o311a_1)
                  0.08    0.40    1.38 v _087_/X (sky130_fd_sc_hd__o311a_1)
     2    0.01                           _037_ (net)
                  0.08    0.00    1.38 v _089_/A2 (sky130_fd_sc_hd__o21ai_1)
                  0.11    0.14    1.52 ^ _089_/Y (sky130_fd_sc_hd__o21ai_1)
     1    0.00                           net18 (net)
                  0.11    0.00    1.52 ^ output18/A (sky130_fd_sc_hd__buf_2)
                  0.17    0.23    1.75 ^ output18/X (sky130_fd_sc_hd__buf_2)
     1    0.03                           cout (net)
                  0.17    0.00    1.75 ^ cout (out)
                                  1.75   data arrival time

                  0.00    3.50    3.50   clock clk (rise edge)
                          0.00    3.50   clock network delay (ideal)
                         -0.25    3.25   clock uncertainty
                          0.00    3.25   clock reconvergence pessimism
                          0.00    3.25   output external delay
                                  3.25   data required time
-----------------------------------------------------------------------------
                                  3.25   data required time
                                 -1.75   data arrival time
-----------------------------------------------------------------------------
                                  1.50   slack (MET)


Startpoint: b[0] (input port clocked by clk)
Endpoint: sum[6] (output port clocked by clk)
Path Group: clk
Path Type: max

Fanout     Cap    Slew   Delay    Time   Description
-----------------------------------------------------------------------------
                  0.00    0.00    0.00   clock clk (rise edge)
                          0.00    0.00   clock network delay (ideal)
                          0.00    0.00 ^ input external delay
                  0.02    0.01    0.01 ^ b[0] (in)
     1    0.00                           b[0] (net)
                  0.02    0.00    0.01 ^ input9/A (sky130_fd_sc_hd__clkbuf_1)
                  0.12    0.13    0.14 ^ input9/X (sky130_fd_sc_hd__clkbuf_1)
     2    0.01                           net9 (net)
                  0.12    0.00    0.14 ^ _053_/A (sky130_fd_sc_hd__nand2_1)
                  0.06    0.09    0.23 v _053_/Y (sky130_fd_sc_hd__nand2_1)
     2    0.01                           _006_ (net)
                  0.06    0.00    0.23 v _054_/B1_N (sky130_fd_sc_hd__a21bo_1)
                  0.06    0.21    0.44 ^ _054_/X (sky130_fd_sc_hd__a21bo_1)
     2    0.01                           _007_ (net)
                  0.06    0.00    0.44 ^ _057_/A (sky130_fd_sc_hd__nand2_1)
                  0.08    0.09    0.53 v _057_/Y (sky130_fd_sc_hd__nand2_1)
     3    0.01                           _010_ (net)
                  0.08    0.00    0.53 v _064_/A2 (sky130_fd_sc_hd__a2111o_1)
                  0.08    0.47    1.00 v _064_/X (sky130_fd_sc_hd__a2111o_1)
     2    0.01                           _017_ (net)
                  0.08    0.00    1.00 v _078_/B2 (sky130_fd_sc_hd__a221o_1)
                  0.07    0.37    1.37 v _078_/X (sky130_fd_sc_hd__a221o_1)
     1    0.01                           _029_ (net)
                  0.07    0.00    1.37 v _079_/B (sky130_fd_sc_hd__xor2_1)
                  0.11    0.13    1.50 ^ _079_/X (sky130_fd_sc_hd__xor2_1)
     1    0.00                           net25 (net)
                  0.11    0.00    1.50 ^ output25/A (sky130_fd_sc_hd__buf_2)
                  0.18    0.24    1.74 ^ output25/X (sky130_fd_sc_hd__buf_2)
     1    0.03                           sum[6] (net)
                  0.18    0.00    1.75 ^ sum[6] (out)
                                  1.75   data arrival time

                  0.00    3.50    3.50   clock clk (rise edge)
                          0.00    3.50   clock network delay (ideal)
                         -0.25    3.25   clock uncertainty
                          0.00    3.25   clock reconvergence pessimism
                          0.00    3.25   output external delay
                                  3.25   data required time
-----------------------------------------------------------------------------
                                  3.25   data required time
                                 -1.75   data arrival time
-----------------------------------------------------------------------------
                                  1.50   slack (MET)


Startpoint: b[0] (input port clocked by clk)
Endpoint: sum[5] (output port clocked by clk)
Path Group: clk
Path Type: max

Fanout     Cap    Slew   Delay    Time   Description
-----------------------------------------------------------------------------
                  0.00    0.00    0.00   clock clk (rise edge)
                          0.00    0.00   clock network delay (ideal)
                          0.00    0.00 ^ input external delay
                  0.02    0.01    0.01 ^ b[0] (in)
     1    0.00                           b[0] (net)
                  0.02    0.00    0.01 ^ input9/A (sky130_fd_sc_hd__clkbuf_1)
                  0.12    0.13    0.14 ^ input9/X (sky130_fd_sc_hd__clkbuf_1)
     2    0.01                           net9 (net)
                  0.12    0.00    0.14 ^ _053_/A (sky130_fd_sc_hd__nand2_1)
                  0.06    0.09    0.23 v _053_/Y (sky130_fd_sc_hd__nand2_1)
     2    0.01                           _006_ (net)
                  0.06    0.00    0.23 v _054_/B1_N (sky130_fd_sc_hd__a21bo_1)
                  0.06    0.21    0.44 ^ _054_/X (sky130_fd_sc_hd__a21bo_1)
     2    0.01                           _007_ (net)
                  0.06    0.00    0.44 ^ _057_/A (sky130_fd_sc_hd__nand2_1)
                  0.08    0.09    0.53 v _057_/Y (sky130_fd_sc_hd__nand2_1)
     3    0.01                           _010_ (net)
                  0.08    0.00    0.53 v _073_/A3 (sky130_fd_sc_hd__a311o_1)
                  0.11    0.45    0.97 v _073_/X (sky130_fd_sc_hd__a311o_1)
     3    0.02                           _025_ (net)
                  0.11    0.00    0.98 v _074_/A3 (sky130_fd_sc_hd__a31o_1)
                  0.05    0.27    1.24 v _074_/X (sky130_fd_sc_hd__a31o_1)
     1    0.01                           _026_ (net)
                  0.05    0.00    1.24 v _075_/B (sky130_fd_sc_hd__xor2_1)
                  0.10    0.12    1.36 ^ _075_/X (sky130_fd_sc_hd__xor2_1)
     1    0.00                           net24 (net)
                  0.10    0.00    1.36 ^ output24/A (sky130_fd_sc_hd__buf_2)
                  0.17    0.23    1.59 ^ output24/X (sky130_fd_sc_hd__buf_2)
     1    0.03                           sum[5] (net)
                  0.17    0.00    1.59 ^ sum[5] (out)
                                  1.59   data arrival time

                  0.00    3.50    3.50   clock clk (rise edge)
                          0.00    3.50   clock network delay (ideal)
                         -0.25    3.25   clock uncertainty
                          0.00    3.25   clock reconvergence pessimism
                          0.00    3.25   output external delay
                                  3.25   data required time
-----------------------------------------------------------------------------
                                  3.25   data required time
                                 -1.59   data arrival time
-----------------------------------------------------------------------------
                                  1.66   slack (MET)


Startpoint: b[0] (input port clocked by clk)
Endpoint: sum[3] (output port clocked by clk)
Path Group: clk
Path Type: max

Fanout     Cap    Slew   Delay    Time   Description
-----------------------------------------------------------------------------
                  0.00    0.00    0.00   clock clk (rise edge)
                          0.00    0.00   clock network delay (ideal)
                          0.00    0.00 v input external delay
                  0.01    0.01    0.01 v b[0] (in)
     1    0.00                           b[0] (net)
                  0.01    0.00    0.01 v input9/A (sky130_fd_sc_hd__clkbuf_1)
                  0.06    0.11    0.11 v input9/X (sky130_fd_sc_hd__clkbuf_1)
     2    0.01                           net9 (net)
                  0.06    0.00    0.11 v _052_/A (sky130_fd_sc_hd__or2_1)
                  0.06    0.26    0.37 v _052_/X (sky130_fd_sc_hd__or2_1)
     2    0.01                           _005_ (net)
                  0.06    0.00    0.37 v _054_/A2 (sky130_fd_sc_hd__a21bo_1)
                  0.05    0.22    0.59 v _054_/X (sky130_fd_sc_hd__a21bo_1)
     2    0.01                           _007_ (net)
                  0.05    0.00    0.59 v _057_/A (sky130_fd_sc_hd__nand2_1)
                  0.11    0.11    0.69 ^ _057_/Y (sky130_fd_sc_hd__nand2_1)
     3    0.01                           _010_ (net)
                  0.11    0.00    0.69 ^ _092_/A (sky130_fd_sc_hd__clkbuf_1)
                  0.15    0.18    0.88 ^ _092_/X (sky130_fd_sc_hd__clkbuf_1)
     4    0.01                           _039_ (net)
                  0.15    0.00    0.88 ^ _099_/A3 (sky130_fd_sc_hd__a31o_1)
                  0.05    0.17    1.05 ^ _099_/X (sky130_fd_sc_hd__a31o_1)
     1    0.00                           _044_ (net)
                  0.05    0.00    1.05 ^ _100_/B (sky130_fd_sc_hd__nand2_1)
                  0.04    0.05    1.09 v _100_/Y (sky130_fd_sc_hd__nand2_1)
     1    0.00                           _045_ (net)
                  0.04    0.00    1.09 v _101_/B (sky130_fd_sc_hd__and2_1)
                  0.03    0.15    1.25 v _101_/X (sky130_fd_sc_hd__and2_1)
     1    0.00                           _046_ (net)
                  0.03    0.00    1.25 v _102_/A (sky130_fd_sc_hd__clkbuf_1)
                  0.02    0.08    1.33 v _102_/X (sky130_fd_sc_hd__clkbuf_1)
     1    0.00                           net22 (net)
                  0.02    0.00    1.33 v output22/A (sky130_fd_sc_hd__buf_2)
                  0.09    0.18    1.51 v output22/X (sky130_fd_sc_hd__buf_2)
     1    0.03                           sum[3] (net)
                  0.09    0.00    1.51 v sum[3] (out)
                                  1.51   data arrival time

                  0.00    3.50    3.50   clock clk (rise edge)
                          0.00    3.50   clock network delay (ideal)
                         -0.25    3.25   clock uncertainty
                          0.00    3.25   clock reconvergence pessimism
                          0.00    3.25   output external delay
                                  3.25   data required time
-----------------------------------------------------------------------------
                                  3.25   data required time
                                 -1.51   data arrival time
-----------------------------------------------------------------------------
                                  1.74   slack (MET)


