
===========================================================================
report_checks -path_delay max (Setup)
============================================================================
Startpoint: a[2] (input port clocked by clk)
Endpoint: sum[6] (output port clocked by clk)
Path Group: clk
Path Type: max

Fanout     Cap    Slew   Delay    Time   Description
-----------------------------------------------------------------------------
                  0.00    0.00    0.00   clock clk (rise edge)
                          0.00    0.00   clock network delay (ideal)
                          0.00    0.00 v input external delay
                  0.01    0.01    0.01 v a[2] (in)
     1    0.01                           a[2] (net)
                  0.01    0.00    0.01 v input3/A (sky130_fd_sc_hs__buf_4)
                  0.03    0.09    0.10 v input3/X (sky130_fd_sc_hs__buf_4)
     2    0.02                           net3 (net)
                  0.03    0.00    0.10 v ppa_pre_3_0.U1.xor2/A (sky130_fd_sc_hs__xor2_2)
                  0.06    0.17    0.27 v ppa_pre_3_0.U1.xor2/X (sky130_fd_sc_hs__xor2_2)
     3    0.01                           ppa_black_3_1.U1.A (net)
                  0.06    0.00    0.27 v ppa_black_3_1.U2.ao21/A2 (sky130_fd_sc_hs__a21o_1)
                  0.03    0.14    0.42 v ppa_black_3_1.U2.ao21/X (sky130_fd_sc_hs__a21o_1)
     1    0.00                           ppa_black_3_1.U2.Y (net)
                  0.03    0.00    0.42 v ppa_grey_3_2.U1.ao21/B1 (sky130_fd_sc_hs__a21o_1)
                  0.05    0.14    0.56 v ppa_grey_3_2.U1.ao21/X (sky130_fd_sc_hs__a21o_1)
     2    0.01                           ppa_buffer_3_3.U2.A (net)
                  0.05    0.00    0.56 v ppa_buffer_3_3.U2.buffer/A (sky130_fd_sc_hs__buf_1)
                  0.05    0.11    0.66 v ppa_buffer_3_3.U2.buffer/X (sky130_fd_sc_hs__buf_1)
     2    0.01                           ppa_buffer_3_3.U2.Y (net)
                  0.05    0.00    0.66 v ppa_grey_5_4.U1.ao21/A1 (sky130_fd_sc_hs__a21o_1)
                  0.05    0.15    0.81 v ppa_grey_5_4.U1.ao21/X (sky130_fd_sc_hs__a21o_1)
     2    0.01                           ppa_grey_5_4.U1.Y (net)
                  0.05    0.00    0.81 v ppa_grey_6_5.U1.ao21/A1 (sky130_fd_sc_hs__a21o_1)
                  0.04    0.13    0.95 v ppa_grey_6_5.U1.ao21/X (sky130_fd_sc_hs__a21o_1)
     1    0.01                           ppa_grey_6_5.U1.Y (net)
                  0.04    0.00    0.95 v ppa_post_6_6.U1.xor2/B (sky130_fd_sc_hs__xor2_1)
                  0.11    0.11    1.06 ^ ppa_post_6_6.U1.xor2/X (sky130_fd_sc_hs__xor2_1)
     1    0.00                           ppa_post_6_6.U1.Y (net)
                  0.11    0.00    1.06 ^ _6_/A (sky130_fd_sc_hs__buf_1)
                  0.07    0.11    1.17 ^ _6_/X (sky130_fd_sc_hs__buf_1)
     1    0.01                           net25 (net)
                  0.07    0.00    1.17 ^ output25/A (sky130_fd_sc_hs__buf_8)
                  0.06    0.11    1.28 ^ output25/X (sky130_fd_sc_hs__buf_8)
     1    0.04                           sum[6] (net)
                  0.06    0.00    1.29 ^ sum[6] (out)
                                  1.29   data arrival time

                  0.00    1.00    1.00   clock clk (rise edge)
                          0.00    1.00   clock network delay (ideal)
                         -0.25    0.75   clock uncertainty
                          0.00    0.75   clock reconvergence pessimism
                          0.00    0.75   output external delay
                                  0.75   data required time
-----------------------------------------------------------------------------
                                  0.75   data required time
                                 -1.29   data arrival time
-----------------------------------------------------------------------------
                                 -0.54   slack (VIOLATED)


Startpoint: a[2] (input port clocked by clk)
Endpoint: sum[4] (output port clocked by clk)
Path Group: clk
Path Type: max

Fanout     Cap    Slew   Delay    Time   Description
-----------------------------------------------------------------------------
                  0.00    0.00    0.00   clock clk (rise edge)
                          0.00    0.00   clock network delay (ideal)
                          0.00    0.00 v input external delay
                  0.01    0.01    0.01 v a[2] (in)
     1    0.01                           a[2] (net)
                  0.01    0.00    0.01 v input3/A (sky130_fd_sc_hs__buf_4)
                  0.03    0.09    0.10 v input3/X (sky130_fd_sc_hs__buf_4)
     2    0.02                           net3 (net)
                  0.03    0.00    0.10 v ppa_pre_3_0.U1.xor2/A (sky130_fd_sc_hs__xor2_2)
                  0.06    0.17    0.27 v ppa_pre_3_0.U1.xor2/X (sky130_fd_sc_hs__xor2_2)
     3    0.01                           ppa_black_3_1.U1.A (net)
                  0.06    0.00    0.27 v ppa_black_3_1.U2.ao21/A2 (sky130_fd_sc_hs__a21o_1)
                  0.03    0.14    0.42 v ppa_black_3_1.U2.ao21/X (sky130_fd_sc_hs__a21o_1)
     1    0.00                           ppa_black_3_1.U2.Y (net)
                  0.03    0.00    0.42 v ppa_grey_3_2.U1.ao21/B1 (sky130_fd_sc_hs__a21o_1)
                  0.05    0.14    0.56 v ppa_grey_3_2.U1.ao21/X (sky130_fd_sc_hs__a21o_1)
     2    0.01                           ppa_buffer_3_3.U2.A (net)
                  0.05    0.00    0.56 v ppa_buffer_3_3.U2.buffer/A (sky130_fd_sc_hs__buf_1)
                  0.05    0.11    0.66 v ppa_buffer_3_3.U2.buffer/X (sky130_fd_sc_hs__buf_1)
     2    0.01                           ppa_buffer_3_3.U2.Y (net)
                  0.05    0.00    0.66 v ppa_buffer_3_4.U2.buffer/A (sky130_fd_sc_hs__buf_1)
                  0.05    0.11    0.77 v ppa_buffer_3_4.U2.buffer/X (sky130_fd_sc_hs__buf_1)
     2    0.01                           ppa_buffer_3_4.U2.Y (net)
                  0.05    0.00    0.77 v ppa_grey_4_5.U1.ao21/A1 (sky130_fd_sc_hs__a21o_1)
                  0.04    0.14    0.91 v ppa_grey_4_5.U1.ao21/X (sky130_fd_sc_hs__a21o_1)
     1    0.01                           ppa_grey_4_5.U1.Y (net)
                  0.04    0.00    0.91 v ppa_post_4_6.U1.xor2/B (sky130_fd_sc_hs__xor2_1)
                  0.12    0.12    1.03 ^ ppa_post_4_6.U1.xor2/X (sky130_fd_sc_hs__xor2_1)
     1    0.01                           ppa_post_4_6.U1.Y (net)
                  0.12    0.00    1.03 ^ _4_/A (sky130_fd_sc_hs__clkbuf_1)
                  0.05    0.11    1.13 ^ _4_/X (sky130_fd_sc_hs__clkbuf_1)
     1    0.01                           net23 (net)
                  0.05    0.00    1.14 ^ output23/A (sky130_fd_sc_hs__clkbuf_8)
                  0.07    0.14    1.27 ^ output23/X (sky130_fd_sc_hs__clkbuf_8)
     1    0.04                           sum[4] (net)
                  0.07    0.00    1.27 ^ sum[4] (out)
                                  1.27   data arrival time

                  0.00    1.00    1.00   clock clk (rise edge)
                          0.00    1.00   clock network delay (ideal)
                         -0.25    0.75   clock uncertainty
                          0.00    0.75   clock reconvergence pessimism
                          0.00    0.75   output external delay
                                  0.75   data required time
-----------------------------------------------------------------------------
                                  0.75   data required time
                                 -1.27   data arrival time
-----------------------------------------------------------------------------
                                 -0.52   slack (VIOLATED)


Startpoint: a[2] (input port clocked by clk)
Endpoint: sum[5] (output port clocked by clk)
Path Group: clk
Path Type: max

Fanout     Cap    Slew   Delay    Time   Description
-----------------------------------------------------------------------------
                  0.00    0.00    0.00   clock clk (rise edge)
                          0.00    0.00   clock network delay (ideal)
                          0.00    0.00 v input external delay
                  0.01    0.01    0.01 v a[2] (in)
     1    0.01                           a[2] (net)
                  0.01    0.00    0.01 v input3/A (sky130_fd_sc_hs__buf_4)
                  0.03    0.09    0.10 v input3/X (sky130_fd_sc_hs__buf_4)
     2    0.02                           net3 (net)
                  0.03    0.00    0.10 v ppa_pre_3_0.U1.xor2/A (sky130_fd_sc_hs__xor2_2)
                  0.06    0.17    0.27 v ppa_pre_3_0.U1.xor2/X (sky130_fd_sc_hs__xor2_2)
     3    0.01                           ppa_black_3_1.U1.A (net)
                  0.06    0.00    0.27 v ppa_black_3_1.U2.ao21/A2 (sky130_fd_sc_hs__a21o_1)
                  0.03    0.14    0.42 v ppa_black_3_1.U2.ao21/X (sky130_fd_sc_hs__a21o_1)
     1    0.00                           ppa_black_3_1.U2.Y (net)
                  0.03    0.00    0.42 v ppa_grey_3_2.U1.ao21/B1 (sky130_fd_sc_hs__a21o_1)
                  0.05    0.14    0.56 v ppa_grey_3_2.U1.ao21/X (sky130_fd_sc_hs__a21o_1)
     2    0.01                           ppa_buffer_3_3.U2.A (net)
                  0.05    0.00    0.56 v ppa_buffer_3_3.U2.buffer/A (sky130_fd_sc_hs__buf_1)
                  0.05    0.11    0.66 v ppa_buffer_3_3.U2.buffer/X (sky130_fd_sc_hs__buf_1)
     2    0.01                           ppa_buffer_3_3.U2.Y (net)
                  0.05    0.00    0.66 v ppa_grey_5_4.U1.ao21/A1 (sky130_fd_sc_hs__a21o_1)
                  0.05    0.15    0.81 v ppa_grey_5_4.U1.ao21/X (sky130_fd_sc_hs__a21o_1)
     2    0.01                           ppa_grey_5_4.U1.Y (net)
                  0.05    0.00    0.81 v rebuffer4/A (sky130_fd_sc_hs__buf_1)
                  0.03    0.09    0.90 v rebuffer4/X (sky130_fd_sc_hs__buf_1)
     1    0.01                           net30 (net)
                  0.03    0.00    0.90 v ppa_post_5_6.U1.xor2/B (sky130_fd_sc_hs__xor2_1)
                  0.10    0.10    1.00 ^ ppa_post_5_6.U1.xor2/X (sky130_fd_sc_hs__xor2_1)
     1    0.00                           ppa_post_5_6.U1.Y (net)
                  0.10    0.00    1.00 ^ _5_/A (sky130_fd_sc_hs__clkbuf_1)
                  0.04    0.09    1.09 ^ _5_/X (sky130_fd_sc_hs__clkbuf_1)
     1    0.00                           net24 (net)
                  0.04    0.00    1.09 ^ output24/A (sky130_fd_sc_hs__clkbuf_4)
                  0.10    0.16    1.25 ^ output24/X (sky130_fd_sc_hs__clkbuf_4)
     1    0.04                           sum[5] (net)
                  0.10    0.00    1.26 ^ sum[5] (out)
                                  1.26   data arrival time

                  0.00    1.00    1.00   clock clk (rise edge)
                          0.00    1.00   clock network delay (ideal)
                         -0.25    0.75   clock uncertainty
                          0.00    0.75   clock reconvergence pessimism
                          0.00    0.75   output external delay
                                  0.75   data required time
-----------------------------------------------------------------------------
                                  0.75   data required time
                                 -1.26   data arrival time
-----------------------------------------------------------------------------
                                 -0.51   slack (VIOLATED)


Startpoint: a[2] (input port clocked by clk)
Endpoint: sum[7] (output port clocked by clk)
Path Group: clk
Path Type: max

Fanout     Cap    Slew   Delay    Time   Description
-----------------------------------------------------------------------------
                  0.00    0.00    0.00   clock clk (rise edge)
                          0.00    0.00   clock network delay (ideal)
                          0.00    0.00 v input external delay
                  0.01    0.01    0.01 v a[2] (in)
     1    0.01                           a[2] (net)
                  0.01    0.00    0.01 v input3/A (sky130_fd_sc_hs__buf_4)
                  0.03    0.09    0.10 v input3/X (sky130_fd_sc_hs__buf_4)
     2    0.02                           net3 (net)
                  0.03    0.00    0.10 v ppa_pre_3_0.U1.xor2/A (sky130_fd_sc_hs__xor2_2)
                  0.06    0.17    0.27 v ppa_pre_3_0.U1.xor2/X (sky130_fd_sc_hs__xor2_2)
     3    0.01                           ppa_black_3_1.U1.A (net)
                  0.06    0.00    0.27 v ppa_black_3_1.U2.ao21/A2 (sky130_fd_sc_hs__a21o_1)
                  0.03    0.14    0.42 v ppa_black_3_1.U2.ao21/X (sky130_fd_sc_hs__a21o_1)
     1    0.00                           ppa_black_3_1.U2.Y (net)
                  0.03    0.00    0.42 v ppa_grey_3_2.U1.ao21/B1 (sky130_fd_sc_hs__a21o_1)
                  0.05    0.14    0.56 v ppa_grey_3_2.U1.ao21/X (sky130_fd_sc_hs__a21o_1)
     2    0.01                           ppa_buffer_3_3.U2.A (net)
                  0.05    0.00    0.56 v rebuffer6/A (sky130_fd_sc_hs__dlymetal6s2s_1)
                  0.03    0.11    0.66 v rebuffer6/X (sky130_fd_sc_hs__dlymetal6s2s_1)
     1    0.00                           net32 (net)
                  0.03    0.00    0.66 v ppa_grey_7_3.U1.ao21/A1 (sky130_fd_sc_hs__a21o_1)
                  0.06    0.15    0.81 v ppa_grey_7_3.U1.ao21/X (sky130_fd_sc_hs__a21o_1)
     2    0.01                           ppa_grey_7_3.U1.Y (net)
                  0.06    0.00    0.81 v ppa_post_7_6.U1.xor2/B (sky130_fd_sc_hs__xor2_1)
                  0.12    0.12    0.93 ^ ppa_post_7_6.U1.xor2/X (sky130_fd_sc_hs__xor2_1)
     1    0.00                           ppa_post_7_6.U1.Y (net)
                  0.12    0.00    0.93 ^ _7_/A (sky130_fd_sc_hs__clkbuf_1)
                  0.04    0.09    1.03 ^ _7_/X (sky130_fd_sc_hs__clkbuf_1)
     1    0.00                           net26 (net)
                  0.04    0.00    1.03 ^ output26/A (sky130_fd_sc_hs__clkbuf_4)
                  0.10    0.16    1.19 ^ output26/X (sky130_fd_sc_hs__clkbuf_4)
     1    0.04                           sum[7] (net)
                  0.10    0.00    1.19 ^ sum[7] (out)
                                  1.19   data arrival time

                  0.00    1.00    1.00   clock clk (rise edge)
                          0.00    1.00   clock network delay (ideal)
                         -0.25    0.75   clock uncertainty
                          0.00    0.75   clock reconvergence pessimism
                          0.00    0.75   output external delay
                                  0.75   data required time
-----------------------------------------------------------------------------
                                  0.75   data required time
                                 -1.19   data arrival time
-----------------------------------------------------------------------------
                                 -0.44   slack (VIOLATED)


Startpoint: b[0] (input port clocked by clk)
Endpoint: sum[3] (output port clocked by clk)
Path Group: clk
Path Type: max

Fanout     Cap    Slew   Delay    Time   Description
-----------------------------------------------------------------------------
                  0.00    0.00    0.00   clock clk (rise edge)
                          0.00    0.00   clock network delay (ideal)
                          0.00    0.00 ^ input external delay
                  0.03    0.02    0.02 ^ b[0] (in)
     1    0.01                           b[0] (net)
                  0.03    0.00    0.02 ^ input9/A (sky130_fd_sc_hs__buf_1)
                  0.07    0.09    0.12 ^ input9/X (sky130_fd_sc_hs__buf_1)
     2    0.01                           net9 (net)
                  0.07    0.00    0.12 ^ ppa_pre_1_0.U1.xor2/B (sky130_fd_sc_hs__xor2_1)
                  0.15    0.17    0.29 ^ ppa_pre_1_0.U1.xor2/X (sky130_fd_sc_hs__xor2_1)
     2    0.01                           ppa_grey_1_1.U1.A1 (net)
                  0.15    0.00    0.29 ^ ppa_grey_1_1.U1.ao21/A2 (sky130_fd_sc_hs__a21o_1)
                  0.05    0.13    0.41 ^ ppa_grey_1_1.U1.ao21/X (sky130_fd_sc_hs__a21o_1)
     2    0.01                           ppa_buffer_1_3.U2.A (net)
                  0.05    0.00    0.41 ^ ppa_grey_3_2.U1.ao21/A1 (sky130_fd_sc_hs__a21o_1)
                  0.06    0.12    0.53 ^ ppa_grey_3_2.U1.ao21/X (sky130_fd_sc_hs__a21o_1)
     2    0.01                           ppa_buffer_3_3.U2.A (net)
                  0.06    0.00    0.53 ^ ppa_buffer_3_3.U2.buffer/A (sky130_fd_sc_hs__buf_1)
                  0.08    0.11    0.64 ^ ppa_buffer_3_3.U2.buffer/X (sky130_fd_sc_hs__buf_1)
     2    0.01                           ppa_buffer_3_3.U2.Y (net)
                  0.08    0.00    0.64 ^ ppa_buffer_3_4.U2.buffer/A (sky130_fd_sc_hs__buf_1)
                  0.08    0.12    0.76 ^ ppa_buffer_3_4.U2.buffer/X (sky130_fd_sc_hs__buf_1)
     2    0.01                           ppa_buffer_3_4.U2.Y (net)
                  0.08    0.00    0.76 ^ ppa_post_3_6.U1.xor2/B (sky130_fd_sc_hs__xor2_1)
                  0.11    0.14    0.90 ^ ppa_post_3_6.U1.xor2/X (sky130_fd_sc_hs__xor2_1)
     1    0.00                           ppa_post_3_6.U1.Y (net)
                  0.11    0.00    0.90 ^ _3_/A (sky130_fd_sc_hs__clkbuf_1)
                  0.03    0.09    0.99 ^ _3_/X (sky130_fd_sc_hs__clkbuf_1)
     1    0.00                           net22 (net)
                  0.03    0.00    0.99 ^ output22/A (sky130_fd_sc_hs__clkbuf_4)
                  0.10    0.16    1.16 ^ output22/X (sky130_fd_sc_hs__clkbuf_4)
     1    0.04                           sum[3] (net)
                  0.10    0.00    1.16 ^ sum[3] (out)
                                  1.16   data arrival time

                  0.00    1.00    1.00   clock clk (rise edge)
                          0.00    1.00   clock network delay (ideal)
                         -0.25    0.75   clock uncertainty
                          0.00    0.75   clock reconvergence pessimism
                          0.00    0.75   output external delay
                                  0.75   data required time
-----------------------------------------------------------------------------
                                  0.75   data required time
                                 -1.16   data arrival time
-----------------------------------------------------------------------------
                                 -0.41   slack (VIOLATED)


