
===========================================================================
 report_power
============================================================================


======================= Slowest Corner =================================

Group                  Internal  Switching    Leakage      Total
                          Power      Power      Power      Power
----------------------------------------------------------------
Sequential             0.00e+00   0.00e+00   0.00e+00   0.00e+00   0.0%
Combinational          3.94e-04   3.24e-04   4.91e-05   7.67e-04 100.0%
Macro                  0.00e+00   0.00e+00   0.00e+00   0.00e+00   0.0%
Pad                    0.00e+00   0.00e+00   0.00e+00   0.00e+00   0.0%
----------------------------------------------------------------
Total                  3.94e-04   3.24e-04   4.91e-05   7.67e-04 100.0%
                          51.4%      42.2%       6.4%

======================= Typical Corner ===================================

Group                  Internal  Switching    Leakage      Total
                          Power      Power      Power      Power
----------------------------------------------------------------
Sequential             0.00e+00   0.00e+00   0.00e+00   0.00e+00   0.0%
Combinational          4.79e-04   4.07e-04   1.20e-08   8.86e-04 100.0%
Macro                  0.00e+00   0.00e+00   0.00e+00   0.00e+00   0.0%
Pad                    0.00e+00   0.00e+00   0.00e+00   0.00e+00   0.0%
----------------------------------------------------------------
Total                  4.79e-04   4.07e-04   1.20e-08   8.86e-04 100.0%
                          54.1%      45.9%       0.0%


======================= Fastest Corner =================================

Group                  Internal  Switching    Leakage      Total
                          Power      Power      Power      Power
----------------------------------------------------------------
Sequential             0.00e+00   0.00e+00   0.00e+00   0.00e+00   0.0%
Combinational          5.42e-04   4.67e-04   7.08e-05   1.08e-03 100.0%
Macro                  0.00e+00   0.00e+00   0.00e+00   0.00e+00   0.0%
Pad                    0.00e+00   0.00e+00   0.00e+00   0.00e+00   0.0%
----------------------------------------------------------------
Total                  5.42e-04   4.67e-04   7.08e-05   1.08e-03 100.0%
                          50.2%      43.2%       6.6%
