
===========================================================================
report_checks -unconstrained
============================================================================

======================= Slowest Corner ===================================

Startpoint: a[2] (input port clocked by clk)
Endpoint: sum[6] (output port clocked by clk)
Path Group: clk
Path Type: max
Corner: ss

Fanout     Cap    Slew   Delay    Time   Description
-----------------------------------------------------------------------------
                  0.00    0.00    0.00   clock clk (rise edge)
                          0.00    0.00   clock network delay (ideal)
                          0.00    0.00 v input external delay
                  0.02    0.01    0.01 v a[2] (in)
     1    0.01                           a[2] (net)
                  0.02    0.00    0.01 v input3/A (sky130_fd_sc_hs__buf_4)
                  0.05    0.16    0.17 v input3/X (sky130_fd_sc_hs__buf_4)
     2    0.02                           net3 (net)
                  0.05    0.00    0.17 v ppa_pre_3_0.U1.xor2/A (sky130_fd_sc_hs__xor2_2)
                  0.10    0.31    0.48 v ppa_pre_3_0.U1.xor2/X (sky130_fd_sc_hs__xor2_2)
     3    0.01                           ppa_black_3_1.U1.A (net)
                  0.10    0.00    0.48 v ppa_black_3_1.U2.ao21/A2 (sky130_fd_sc_hs__a21o_1)
                  0.05    0.25    0.73 v ppa_black_3_1.U2.ao21/X (sky130_fd_sc_hs__a21o_1)
     1    0.00                           ppa_black_3_1.U2.Y (net)
                  0.05    0.00    0.73 v ppa_grey_3_2.U1.ao21/B1 (sky130_fd_sc_hs__a21o_1)
                  0.08    0.24    0.97 v ppa_grey_3_2.U1.ao21/X (sky130_fd_sc_hs__a21o_1)
     2    0.01                           ppa_buffer_3_3.U2.A (net)
                  0.08    0.00    0.97 v ppa_buffer_3_3.U2.buffer/A (sky130_fd_sc_hs__buf_1)
                  0.08    0.18    1.15 v ppa_buffer_3_3.U2.buffer/X (sky130_fd_sc_hs__buf_1)
     2    0.01                           ppa_buffer_3_3.U2.Y (net)
                  0.08    0.00    1.15 v ppa_grey_5_4.U1.ao21/A1 (sky130_fd_sc_hs__a21o_1)
                  0.08    0.27    1.42 v ppa_grey_5_4.U1.ao21/X (sky130_fd_sc_hs__a21o_1)
     2    0.01                           ppa_grey_5_4.U1.Y (net)
                  0.08    0.00    1.42 v ppa_grey_6_5.U1.ao21/A1 (sky130_fd_sc_hs__a21o_1)
                  0.06    0.24    1.66 v ppa_grey_6_5.U1.ao21/X (sky130_fd_sc_hs__a21o_1)
     1    0.01                           ppa_grey_6_5.U1.Y (net)
                  0.06    0.00    1.66 v ppa_post_6_6.U1.xor2/B (sky130_fd_sc_hs__xor2_1)
                  0.17    0.19    1.85 ^ ppa_post_6_6.U1.xor2/X (sky130_fd_sc_hs__xor2_1)
     1    0.00                           ppa_post_6_6.U1.Y (net)
                  0.17    0.00    1.85 ^ _6_/A (sky130_fd_sc_hs__buf_1)
                  0.11    0.21    2.06 ^ _6_/X (sky130_fd_sc_hs__buf_1)
     1    0.01                           net25 (net)
                  0.11    0.00    2.06 ^ output25/A (sky130_fd_sc_hs__buf_8)
                  0.10    0.19    2.25 ^ output25/X (sky130_fd_sc_hs__buf_8)
     1    0.04                           sum[6] (net)
                  0.10    0.00    2.25 ^ sum[6] (out)
                                  2.25   data arrival time

                  0.00    1.00    1.00   clock clk (rise edge)
                          0.00    1.00   clock network delay (ideal)
                         -0.25    0.75   clock uncertainty
                          0.00    0.75   clock reconvergence pessimism
                          0.00    0.75   output external delay
                                  0.75   data required time
-----------------------------------------------------------------------------
                                  0.75   data required time
                                 -2.25   data arrival time
-----------------------------------------------------------------------------
                                 -1.50   slack (VIOLATED)



======================= Typical Corner ===================================

Startpoint: a[2] (input port clocked by clk)
Endpoint: sum[6] (output port clocked by clk)
Path Group: clk
Path Type: max
Corner: tt

Fanout     Cap    Slew   Delay    Time   Description
-----------------------------------------------------------------------------
                  0.00    0.00    0.00   clock clk (rise edge)
                          0.00    0.00   clock network delay (ideal)
                          0.00    0.00 v input external delay
                  0.01    0.01    0.01 v a[2] (in)
     1    0.01                           a[2] (net)
                  0.01    0.00    0.01 v input3/A (sky130_fd_sc_hs__buf_4)
                  0.03    0.09    0.10 v input3/X (sky130_fd_sc_hs__buf_4)
     2    0.02                           net3 (net)
                  0.03    0.00    0.10 v ppa_pre_3_0.U1.xor2/A (sky130_fd_sc_hs__xor2_2)
                  0.06    0.17    0.27 v ppa_pre_3_0.U1.xor2/X (sky130_fd_sc_hs__xor2_2)
     3    0.01                           ppa_black_3_1.U1.A (net)
                  0.06    0.00    0.27 v ppa_black_3_1.U2.ao21/A2 (sky130_fd_sc_hs__a21o_1)
                  0.03    0.14    0.42 v ppa_black_3_1.U2.ao21/X (sky130_fd_sc_hs__a21o_1)
     1    0.00                           ppa_black_3_1.U2.Y (net)
                  0.03    0.00    0.42 v ppa_grey_3_2.U1.ao21/B1 (sky130_fd_sc_hs__a21o_1)
                  0.05    0.14    0.56 v ppa_grey_3_2.U1.ao21/X (sky130_fd_sc_hs__a21o_1)
     2    0.01                           ppa_buffer_3_3.U2.A (net)
                  0.05    0.00    0.56 v ppa_buffer_3_3.U2.buffer/A (sky130_fd_sc_hs__buf_1)
                  0.05    0.11    0.66 v ppa_buffer_3_3.U2.buffer/X (sky130_fd_sc_hs__buf_1)
     2    0.01                           ppa_buffer_3_3.U2.Y (net)
                  0.05    0.00    0.66 v ppa_grey_5_4.U1.ao21/A1 (sky130_fd_sc_hs__a21o_1)
                  0.05    0.15    0.81 v ppa_grey_5_4.U1.ao21/X (sky130_fd_sc_hs__a21o_1)
     2    0.01                           ppa_grey_5_4.U1.Y (net)
                  0.05    0.00    0.81 v ppa_grey_6_5.U1.ao21/A1 (sky130_fd_sc_hs__a21o_1)
                  0.04    0.13    0.95 v ppa_grey_6_5.U1.ao21/X (sky130_fd_sc_hs__a21o_1)
     1    0.01                           ppa_grey_6_5.U1.Y (net)
                  0.04    0.00    0.95 v ppa_post_6_6.U1.xor2/B (sky130_fd_sc_hs__xor2_1)
                  0.11    0.11    1.06 ^ ppa_post_6_6.U1.xor2/X (sky130_fd_sc_hs__xor2_1)
     1    0.00                           ppa_post_6_6.U1.Y (net)
                  0.11    0.00    1.06 ^ _6_/A (sky130_fd_sc_hs__buf_1)
                  0.07    0.11    1.17 ^ _6_/X (sky130_fd_sc_hs__buf_1)
     1    0.01                           net25 (net)
                  0.07    0.00    1.17 ^ output25/A (sky130_fd_sc_hs__buf_8)
                  0.06    0.11    1.28 ^ output25/X (sky130_fd_sc_hs__buf_8)
     1    0.04                           sum[6] (net)
                  0.06    0.00    1.29 ^ sum[6] (out)
                                  1.29   data arrival time

                  0.00    1.00    1.00   clock clk (rise edge)
                          0.00    1.00   clock network delay (ideal)
                         -0.25    0.75   clock uncertainty
                          0.00    0.75   clock reconvergence pessimism
                          0.00    0.75   output external delay
                                  0.75   data required time
-----------------------------------------------------------------------------
                                  0.75   data required time
                                 -1.29   data arrival time
-----------------------------------------------------------------------------
                                 -0.54   slack (VIOLATED)



======================= Fastest Corner ===================================

Startpoint: a[2] (input port clocked by clk)
Endpoint: sum[6] (output port clocked by clk)
Path Group: clk
Path Type: max
Corner: ff

Fanout     Cap    Slew   Delay    Time   Description
-----------------------------------------------------------------------------
                  0.00    0.00    0.00   clock clk (rise edge)
                          0.00    0.00   clock network delay (ideal)
                          0.00    0.00 v input external delay
                  0.01    0.00    0.00 v a[2] (in)
     1    0.01                           a[2] (net)
                  0.01    0.00    0.00 v input3/A (sky130_fd_sc_hs__buf_4)
                  0.02    0.06    0.07 v input3/X (sky130_fd_sc_hs__buf_4)
     2    0.02                           net3 (net)
                  0.02    0.00    0.07 v ppa_pre_3_0.U1.xor2/A (sky130_fd_sc_hs__xor2_2)
                  0.04    0.11    0.18 v ppa_pre_3_0.U1.xor2/X (sky130_fd_sc_hs__xor2_2)
     3    0.01                           ppa_black_3_1.U1.A (net)
                  0.04    0.00    0.18 v ppa_black_3_1.U2.ao21/A2 (sky130_fd_sc_hs__a21o_1)
                  0.02    0.09    0.27 v ppa_black_3_1.U2.ao21/X (sky130_fd_sc_hs__a21o_1)
     1    0.00                           ppa_black_3_1.U2.Y (net)
                  0.02    0.00    0.27 v ppa_grey_3_2.U1.ao21/B1 (sky130_fd_sc_hs__a21o_1)
                  0.04    0.09    0.36 v ppa_grey_3_2.U1.ao21/X (sky130_fd_sc_hs__a21o_1)
     2    0.01                           ppa_buffer_3_3.U2.A (net)
                  0.04    0.00    0.36 v ppa_buffer_3_3.U2.buffer/A (sky130_fd_sc_hs__buf_1)
                  0.03    0.07    0.44 v ppa_buffer_3_3.U2.buffer/X (sky130_fd_sc_hs__buf_1)
     2    0.01                           ppa_buffer_3_3.U2.Y (net)
                  0.03    0.00    0.44 v ppa_grey_5_4.U1.ao21/A1 (sky130_fd_sc_hs__a21o_1)
                  0.04    0.10    0.53 v ppa_grey_5_4.U1.ao21/X (sky130_fd_sc_hs__a21o_1)
     2    0.01                           ppa_grey_5_4.U1.Y (net)
                  0.04    0.00    0.53 v ppa_grey_6_5.U1.ao21/A1 (sky130_fd_sc_hs__a21o_1)
                  0.03    0.09    0.62 v ppa_grey_6_5.U1.ao21/X (sky130_fd_sc_hs__a21o_1)
     1    0.00                           ppa_grey_6_5.U1.Y (net)
                  0.03    0.00    0.62 v ppa_post_6_6.U1.xor2/B (sky130_fd_sc_hs__xor2_1)
                  0.08    0.07    0.69 ^ ppa_post_6_6.U1.xor2/X (sky130_fd_sc_hs__xor2_1)
     1    0.00                           ppa_post_6_6.U1.Y (net)
                  0.08    0.00    0.69 ^ _6_/A (sky130_fd_sc_hs__buf_1)
                  0.05    0.07    0.76 ^ _6_/X (sky130_fd_sc_hs__buf_1)
     1    0.01                           net25 (net)
                  0.05    0.00    0.76 ^ output25/A (sky130_fd_sc_hs__buf_8)
                  0.05    0.07    0.83 ^ output25/X (sky130_fd_sc_hs__buf_8)
     1    0.04                           sum[6] (net)
                  0.05    0.00    0.84 ^ sum[6] (out)
                                  0.84   data arrival time

                  0.00    1.00    1.00   clock clk (rise edge)
                          0.00    1.00   clock network delay (ideal)
                         -0.25    0.75   clock uncertainty
                          0.00    0.75   clock reconvergence pessimism
                          0.00    0.75   output external delay
                                  0.75   data required time
-----------------------------------------------------------------------------
                                  0.75   data required time
                                 -0.84   data arrival time
-----------------------------------------------------------------------------
                                 -0.09   slack (VIOLATED)



===========================================================================
report_checks --slack_max -0.01
============================================================================

======================= Slowest Corner ===================================

Startpoint: a[2] (input port clocked by clk)
Endpoint: sum[6] (output port clocked by clk)
Path Group: clk
Path Type: max
Corner: ss

Fanout     Cap    Slew   Delay    Time   Description
-----------------------------------------------------------------------------
                  0.00    0.00    0.00   clock clk (rise edge)
                          0.00    0.00   clock network delay (ideal)
                          0.00    0.00 v input external delay
                  0.02    0.01    0.01 v a[2] (in)
     1    0.01                           a[2] (net)
                  0.02    0.00    0.01 v input3/A (sky130_fd_sc_hs__buf_4)
                  0.05    0.16    0.17 v input3/X (sky130_fd_sc_hs__buf_4)
     2    0.02                           net3 (net)
                  0.05    0.00    0.17 v ppa_pre_3_0.U1.xor2/A (sky130_fd_sc_hs__xor2_2)
                  0.10    0.31    0.48 v ppa_pre_3_0.U1.xor2/X (sky130_fd_sc_hs__xor2_2)
     3    0.01                           ppa_black_3_1.U1.A (net)
                  0.10    0.00    0.48 v ppa_black_3_1.U2.ao21/A2 (sky130_fd_sc_hs__a21o_1)
                  0.05    0.25    0.73 v ppa_black_3_1.U2.ao21/X (sky130_fd_sc_hs__a21o_1)
     1    0.00                           ppa_black_3_1.U2.Y (net)
                  0.05    0.00    0.73 v ppa_grey_3_2.U1.ao21/B1 (sky130_fd_sc_hs__a21o_1)
                  0.08    0.24    0.97 v ppa_grey_3_2.U1.ao21/X (sky130_fd_sc_hs__a21o_1)
     2    0.01                           ppa_buffer_3_3.U2.A (net)
                  0.08    0.00    0.97 v ppa_buffer_3_3.U2.buffer/A (sky130_fd_sc_hs__buf_1)
                  0.08    0.18    1.15 v ppa_buffer_3_3.U2.buffer/X (sky130_fd_sc_hs__buf_1)
     2    0.01                           ppa_buffer_3_3.U2.Y (net)
                  0.08    0.00    1.15 v ppa_grey_5_4.U1.ao21/A1 (sky130_fd_sc_hs__a21o_1)
                  0.08    0.27    1.42 v ppa_grey_5_4.U1.ao21/X (sky130_fd_sc_hs__a21o_1)
     2    0.01                           ppa_grey_5_4.U1.Y (net)
                  0.08    0.00    1.42 v ppa_grey_6_5.U1.ao21/A1 (sky130_fd_sc_hs__a21o_1)
                  0.06    0.24    1.66 v ppa_grey_6_5.U1.ao21/X (sky130_fd_sc_hs__a21o_1)
     1    0.01                           ppa_grey_6_5.U1.Y (net)
                  0.06    0.00    1.66 v ppa_post_6_6.U1.xor2/B (sky130_fd_sc_hs__xor2_1)
                  0.17    0.19    1.85 ^ ppa_post_6_6.U1.xor2/X (sky130_fd_sc_hs__xor2_1)
     1    0.00                           ppa_post_6_6.U1.Y (net)
                  0.17    0.00    1.85 ^ _6_/A (sky130_fd_sc_hs__buf_1)
                  0.11    0.21    2.06 ^ _6_/X (sky130_fd_sc_hs__buf_1)
     1    0.01                           net25 (net)
                  0.11    0.00    2.06 ^ output25/A (sky130_fd_sc_hs__buf_8)
                  0.10    0.19    2.25 ^ output25/X (sky130_fd_sc_hs__buf_8)
     1    0.04                           sum[6] (net)
                  0.10    0.00    2.25 ^ sum[6] (out)
                                  2.25   data arrival time

                  0.00    1.00    1.00   clock clk (rise edge)
                          0.00    1.00   clock network delay (ideal)
                         -0.25    0.75   clock uncertainty
                          0.00    0.75   clock reconvergence pessimism
                          0.00    0.75   output external delay
                                  0.75   data required time
-----------------------------------------------------------------------------
                                  0.75   data required time
                                 -2.25   data arrival time
-----------------------------------------------------------------------------
                                 -1.50   slack (VIOLATED)



======================= Typical Corner ===================================

Startpoint: a[2] (input port clocked by clk)
Endpoint: sum[6] (output port clocked by clk)
Path Group: clk
Path Type: max
Corner: tt

Fanout     Cap    Slew   Delay    Time   Description
-----------------------------------------------------------------------------
                  0.00    0.00    0.00   clock clk (rise edge)
                          0.00    0.00   clock network delay (ideal)
                          0.00    0.00 v input external delay
                  0.01    0.01    0.01 v a[2] (in)
     1    0.01                           a[2] (net)
                  0.01    0.00    0.01 v input3/A (sky130_fd_sc_hs__buf_4)
                  0.03    0.09    0.10 v input3/X (sky130_fd_sc_hs__buf_4)
     2    0.02                           net3 (net)
                  0.03    0.00    0.10 v ppa_pre_3_0.U1.xor2/A (sky130_fd_sc_hs__xor2_2)
                  0.06    0.17    0.27 v ppa_pre_3_0.U1.xor2/X (sky130_fd_sc_hs__xor2_2)
     3    0.01                           ppa_black_3_1.U1.A (net)
                  0.06    0.00    0.27 v ppa_black_3_1.U2.ao21/A2 (sky130_fd_sc_hs__a21o_1)
                  0.03    0.14    0.42 v ppa_black_3_1.U2.ao21/X (sky130_fd_sc_hs__a21o_1)
     1    0.00                           ppa_black_3_1.U2.Y (net)
                  0.03    0.00    0.42 v ppa_grey_3_2.U1.ao21/B1 (sky130_fd_sc_hs__a21o_1)
                  0.05    0.14    0.56 v ppa_grey_3_2.U1.ao21/X (sky130_fd_sc_hs__a21o_1)
     2    0.01                           ppa_buffer_3_3.U2.A (net)
                  0.05    0.00    0.56 v ppa_buffer_3_3.U2.buffer/A (sky130_fd_sc_hs__buf_1)
                  0.05    0.11    0.66 v ppa_buffer_3_3.U2.buffer/X (sky130_fd_sc_hs__buf_1)
     2    0.01                           ppa_buffer_3_3.U2.Y (net)
                  0.05    0.00    0.66 v ppa_grey_5_4.U1.ao21/A1 (sky130_fd_sc_hs__a21o_1)
                  0.05    0.15    0.81 v ppa_grey_5_4.U1.ao21/X (sky130_fd_sc_hs__a21o_1)
     2    0.01                           ppa_grey_5_4.U1.Y (net)
                  0.05    0.00    0.81 v ppa_grey_6_5.U1.ao21/A1 (sky130_fd_sc_hs__a21o_1)
                  0.04    0.13    0.95 v ppa_grey_6_5.U1.ao21/X (sky130_fd_sc_hs__a21o_1)
     1    0.01                           ppa_grey_6_5.U1.Y (net)
                  0.04    0.00    0.95 v ppa_post_6_6.U1.xor2/B (sky130_fd_sc_hs__xor2_1)
                  0.11    0.11    1.06 ^ ppa_post_6_6.U1.xor2/X (sky130_fd_sc_hs__xor2_1)
     1    0.00                           ppa_post_6_6.U1.Y (net)
                  0.11    0.00    1.06 ^ _6_/A (sky130_fd_sc_hs__buf_1)
                  0.07    0.11    1.17 ^ _6_/X (sky130_fd_sc_hs__buf_1)
     1    0.01                           net25 (net)
                  0.07    0.00    1.17 ^ output25/A (sky130_fd_sc_hs__buf_8)
                  0.06    0.11    1.28 ^ output25/X (sky130_fd_sc_hs__buf_8)
     1    0.04                           sum[6] (net)
                  0.06    0.00    1.29 ^ sum[6] (out)
                                  1.29   data arrival time

                  0.00    1.00    1.00   clock clk (rise edge)
                          0.00    1.00   clock network delay (ideal)
                         -0.25    0.75   clock uncertainty
                          0.00    0.75   clock reconvergence pessimism
                          0.00    0.75   output external delay
                                  0.75   data required time
-----------------------------------------------------------------------------
                                  0.75   data required time
                                 -1.29   data arrival time
-----------------------------------------------------------------------------
                                 -0.54   slack (VIOLATED)



======================= Fastest Corner ===================================

Startpoint: a[2] (input port clocked by clk)
Endpoint: sum[6] (output port clocked by clk)
Path Group: clk
Path Type: max
Corner: ff

Fanout     Cap    Slew   Delay    Time   Description
-----------------------------------------------------------------------------
                  0.00    0.00    0.00   clock clk (rise edge)
                          0.00    0.00   clock network delay (ideal)
                          0.00    0.00 v input external delay
                  0.01    0.00    0.00 v a[2] (in)
     1    0.01                           a[2] (net)
                  0.01    0.00    0.00 v input3/A (sky130_fd_sc_hs__buf_4)
                  0.02    0.06    0.07 v input3/X (sky130_fd_sc_hs__buf_4)
     2    0.02                           net3 (net)
                  0.02    0.00    0.07 v ppa_pre_3_0.U1.xor2/A (sky130_fd_sc_hs__xor2_2)
                  0.04    0.11    0.18 v ppa_pre_3_0.U1.xor2/X (sky130_fd_sc_hs__xor2_2)
     3    0.01                           ppa_black_3_1.U1.A (net)
                  0.04    0.00    0.18 v ppa_black_3_1.U2.ao21/A2 (sky130_fd_sc_hs__a21o_1)
                  0.02    0.09    0.27 v ppa_black_3_1.U2.ao21/X (sky130_fd_sc_hs__a21o_1)
     1    0.00                           ppa_black_3_1.U2.Y (net)
                  0.02    0.00    0.27 v ppa_grey_3_2.U1.ao21/B1 (sky130_fd_sc_hs__a21o_1)
                  0.04    0.09    0.36 v ppa_grey_3_2.U1.ao21/X (sky130_fd_sc_hs__a21o_1)
     2    0.01                           ppa_buffer_3_3.U2.A (net)
                  0.04    0.00    0.36 v ppa_buffer_3_3.U2.buffer/A (sky130_fd_sc_hs__buf_1)
                  0.03    0.07    0.44 v ppa_buffer_3_3.U2.buffer/X (sky130_fd_sc_hs__buf_1)
     2    0.01                           ppa_buffer_3_3.U2.Y (net)
                  0.03    0.00    0.44 v ppa_grey_5_4.U1.ao21/A1 (sky130_fd_sc_hs__a21o_1)
                  0.04    0.10    0.53 v ppa_grey_5_4.U1.ao21/X (sky130_fd_sc_hs__a21o_1)
     2    0.01                           ppa_grey_5_4.U1.Y (net)
                  0.04    0.00    0.53 v ppa_grey_6_5.U1.ao21/A1 (sky130_fd_sc_hs__a21o_1)
                  0.03    0.09    0.62 v ppa_grey_6_5.U1.ao21/X (sky130_fd_sc_hs__a21o_1)
     1    0.00                           ppa_grey_6_5.U1.Y (net)
                  0.03    0.00    0.62 v ppa_post_6_6.U1.xor2/B (sky130_fd_sc_hs__xor2_1)
                  0.08    0.07    0.69 ^ ppa_post_6_6.U1.xor2/X (sky130_fd_sc_hs__xor2_1)
     1    0.00                           ppa_post_6_6.U1.Y (net)
                  0.08    0.00    0.69 ^ _6_/A (sky130_fd_sc_hs__buf_1)
                  0.05    0.07    0.76 ^ _6_/X (sky130_fd_sc_hs__buf_1)
     1    0.01                           net25 (net)
                  0.05    0.00    0.76 ^ output25/A (sky130_fd_sc_hs__buf_8)
                  0.05    0.07    0.83 ^ output25/X (sky130_fd_sc_hs__buf_8)
     1    0.04                           sum[6] (net)
                  0.05    0.00    0.84 ^ sum[6] (out)
                                  0.84   data arrival time

                  0.00    1.00    1.00   clock clk (rise edge)
                          0.00    1.00   clock network delay (ideal)
                         -0.25    0.75   clock uncertainty
                          0.00    0.75   clock reconvergence pessimism
                          0.00    0.75   output external delay
                                  0.75   data required time
-----------------------------------------------------------------------------
                                  0.75   data required time
                                 -0.84   data arrival time
-----------------------------------------------------------------------------
                                 -0.09   slack (VIOLATED)


