
===========================================================================
report_checks -path_delay max (Setup)
============================================================================
Startpoint: b[0] (input port clocked by clk)
Endpoint: sum[15] (output port clocked by clk)
Path Group: clk
Path Type: max

Fanout     Cap    Slew   Delay    Time   Description
-----------------------------------------------------------------------------
                  0.00    0.00    0.00   clock clk (rise edge)
                          0.00    0.00   clock network delay (ideal)
                          0.00    0.00 v input external delay
                  0.02    0.01    0.01 v b[0] (in)
     1    0.01                           b[0] (net)
                  0.02    0.00    0.01 v input17/A (sky130_fd_sc_hd__clkbuf_1)
                  0.05    0.10    0.11 v input17/X (sky130_fd_sc_hd__clkbuf_1)
     2    0.01                           net17 (net)
                  0.05    0.00    0.12 v _075_/A (sky130_fd_sc_hd__or2_1)
                  0.07    0.26    0.38 v _075_/X (sky130_fd_sc_hd__or2_1)
     2    0.01                           _034_ (net)
                  0.07    0.00    0.38 v _079_/A2 (sky130_fd_sc_hd__a21bo_1)
                  0.09    0.26    0.64 v _079_/X (sky130_fd_sc_hd__a21bo_1)
     3    0.02                           _037_ (net)
                  0.09    0.00    0.65 v _094_/A1 (sky130_fd_sc_hd__a31o_1)
                  0.10    0.26    0.91 v _094_/X (sky130_fd_sc_hd__a31o_1)
     3    0.02                           _050_ (net)
                  0.10    0.00    0.91 v _116_/A1 (sky130_fd_sc_hd__a21o_2)
                  0.09    0.28    1.19 v _116_/X (sky130_fd_sc_hd__a21o_2)
     3    0.03                           _068_ (net)
                  0.09    0.01    1.20 v _139_/A1 (sky130_fd_sc_hd__a21oi_4)
                  0.23    0.25    1.45 ^ _139_/Y (sky130_fd_sc_hd__a21oi_4)
     3    0.03                           _012_ (net)
                  0.23    0.01    1.46 ^ _152_/A1 (sky130_fd_sc_hd__o31ai_4)
                  0.10    0.13    1.59 v _152_/Y (sky130_fd_sc_hd__o31ai_4)
     3    0.01                           _023_ (net)
                  0.10    0.01    1.60 v _164_/A2 (sky130_fd_sc_hd__a31o_1)
                  0.09    0.29    1.88 v _164_/X (sky130_fd_sc_hd__a31o_1)
     2    0.01                           _033_ (net)
                  0.09    0.01    1.89 v _165_/B (sky130_fd_sc_hd__xnor2_2)
                  0.20    0.22    2.11 ^ _165_/Y (sky130_fd_sc_hd__xnor2_2)
     1    0.01                           net41 (net)
                  0.20    0.00    2.11 ^ output41/A (sky130_fd_sc_hd__buf_2)
                  0.19    0.27    2.38 ^ output41/X (sky130_fd_sc_hd__buf_2)
     1    0.03                           sum[15] (net)
                  0.20    0.01    2.39 ^ sum[15] (out)
                                  2.39   data arrival time

                  0.00    4.50    4.50   clock clk (rise edge)
                          0.00    4.50   clock network delay (ideal)
                         -0.25    4.25   clock uncertainty
                          0.00    4.25   clock reconvergence pessimism
                          0.00    4.25   output external delay
                                  4.25   data required time
-----------------------------------------------------------------------------
                                  4.25   data required time
                                 -2.39   data arrival time
-----------------------------------------------------------------------------
                                  1.86   slack (MET)


Startpoint: b[0] (input port clocked by clk)
Endpoint: cout (output port clocked by clk)
Path Group: clk
Path Type: max

Fanout     Cap    Slew   Delay    Time   Description
-----------------------------------------------------------------------------
                  0.00    0.00    0.00   clock clk (rise edge)
                          0.00    0.00   clock network delay (ideal)
                          0.00    0.00 v input external delay
                  0.02    0.01    0.01 v b[0] (in)
     1    0.01                           b[0] (net)
                  0.02    0.00    0.01 v input17/A (sky130_fd_sc_hd__clkbuf_1)
                  0.05    0.10    0.11 v input17/X (sky130_fd_sc_hd__clkbuf_1)
     2    0.01                           net17 (net)
                  0.05    0.00    0.12 v _075_/A (sky130_fd_sc_hd__or2_1)
                  0.07    0.26    0.38 v _075_/X (sky130_fd_sc_hd__or2_1)
     2    0.01                           _034_ (net)
                  0.07    0.00    0.38 v _079_/A2 (sky130_fd_sc_hd__a21bo_1)
                  0.09    0.26    0.64 v _079_/X (sky130_fd_sc_hd__a21bo_1)
     3    0.02                           _037_ (net)
                  0.09    0.00    0.65 v _094_/A1 (sky130_fd_sc_hd__a31o_1)
                  0.10    0.26    0.91 v _094_/X (sky130_fd_sc_hd__a31o_1)
     3    0.02                           _050_ (net)
                  0.10    0.00    0.91 v _116_/A1 (sky130_fd_sc_hd__a21o_2)
                  0.09    0.28    1.19 v _116_/X (sky130_fd_sc_hd__a21o_2)
     3    0.03                           _068_ (net)
                  0.09    0.01    1.20 v _139_/A1 (sky130_fd_sc_hd__a21oi_4)
                  0.23    0.25    1.45 ^ _139_/Y (sky130_fd_sc_hd__a21oi_4)
     3    0.03                           _012_ (net)
                  0.23    0.01    1.46 ^ _152_/A1 (sky130_fd_sc_hd__o31ai_4)
                  0.10    0.13    1.59 v _152_/Y (sky130_fd_sc_hd__o31ai_4)
     3    0.01                           _023_ (net)
                  0.10    0.01    1.60 v _164_/A2 (sky130_fd_sc_hd__a31o_1)
                  0.09    0.29    1.88 v _164_/X (sky130_fd_sc_hd__a31o_1)
     2    0.01                           _033_ (net)
                  0.09    0.00    1.89 v _166_/A2 (sky130_fd_sc_hd__a21o_1)
                  0.04    0.21    2.10 v _166_/X (sky130_fd_sc_hd__a21o_1)
     1    0.01                           net34 (net)
                  0.04    0.00    2.10 v output34/A (sky130_fd_sc_hd__buf_2)
                  0.10    0.19    2.29 v output34/X (sky130_fd_sc_hd__buf_2)
     1    0.03                           cout (net)
                  0.10    0.01    2.30 v cout (out)
                                  2.30   data arrival time

                  0.00    4.50    4.50   clock clk (rise edge)
                          0.00    4.50   clock network delay (ideal)
                         -0.25    4.25   clock uncertainty
                          0.00    4.25   clock reconvergence pessimism
                          0.00    4.25   output external delay
                                  4.25   data required time
-----------------------------------------------------------------------------
                                  4.25   data required time
                                 -2.30   data arrival time
-----------------------------------------------------------------------------
                                  1.95   slack (MET)


Startpoint: b[0] (input port clocked by clk)
Endpoint: sum[10] (output port clocked by clk)
Path Group: clk
Path Type: max

Fanout     Cap    Slew   Delay    Time   Description
-----------------------------------------------------------------------------
                  0.00    0.00    0.00   clock clk (rise edge)
                          0.00    0.00   clock network delay (ideal)
                          0.00    0.00 v input external delay
                  0.02    0.01    0.01 v b[0] (in)
     1    0.01                           b[0] (net)
                  0.02    0.00    0.01 v input17/A (sky130_fd_sc_hd__clkbuf_1)
                  0.05    0.10    0.11 v input17/X (sky130_fd_sc_hd__clkbuf_1)
     2    0.01                           net17 (net)
                  0.05    0.00    0.12 v _075_/A (sky130_fd_sc_hd__or2_1)
                  0.07    0.26    0.38 v _075_/X (sky130_fd_sc_hd__or2_1)
     2    0.01                           _034_ (net)
                  0.07    0.00    0.38 v _079_/A2 (sky130_fd_sc_hd__a21bo_1)
                  0.09    0.26    0.64 v _079_/X (sky130_fd_sc_hd__a21bo_1)
     3    0.02                           _037_ (net)
                  0.09    0.00    0.65 v _094_/A1 (sky130_fd_sc_hd__a31o_1)
                  0.10    0.26    0.91 v _094_/X (sky130_fd_sc_hd__a31o_1)
     3    0.02                           _050_ (net)
                  0.10    0.00    0.91 v _116_/A1 (sky130_fd_sc_hd__a21o_2)
                  0.09    0.28    1.19 v _116_/X (sky130_fd_sc_hd__a21o_2)
     3    0.03                           _068_ (net)
                  0.09    0.01    1.20 v _124_/A1 (sky130_fd_sc_hd__a21oi_2)
                  0.18    0.21    1.41 ^ _124_/Y (sky130_fd_sc_hd__a21oi_2)
     2    0.01                           _000_ (net)
                  0.18    0.01    1.42 ^ _127_/A2 (sky130_fd_sc_hd__o21ba_1)
                  0.12    0.21    1.62 ^ _127_/X (sky130_fd_sc_hd__o21ba_1)
     2    0.01                           _002_ (net)
                  0.12    0.00    1.63 ^ _131_/A2 (sky130_fd_sc_hd__o21ai_1)
                  0.10    0.10    1.73 v _131_/Y (sky130_fd_sc_hd__o21ai_1)
     1    0.01                           _005_ (net)
                  0.10    0.00    1.73 v _132_/B (sky130_fd_sc_hd__xnor2_1)
                  0.22    0.24    1.97 ^ _132_/Y (sky130_fd_sc_hd__xnor2_1)
     1    0.01                           net36 (net)
                  0.22    0.00    1.97 ^ output36/A (sky130_fd_sc_hd__buf_2)
                  0.19    0.27    2.24 ^ output36/X (sky130_fd_sc_hd__buf_2)
     1    0.03                           sum[10] (net)
                  0.19    0.02    2.26 ^ sum[10] (out)
                                  2.26   data arrival time

                  0.00    4.50    4.50   clock clk (rise edge)
                          0.00    4.50   clock network delay (ideal)
                         -0.25    4.25   clock uncertainty
                          0.00    4.25   clock reconvergence pessimism
                          0.00    4.25   output external delay
                                  4.25   data required time
-----------------------------------------------------------------------------
                                  4.25   data required time
                                 -2.26   data arrival time
-----------------------------------------------------------------------------
                                  1.99   slack (MET)


Startpoint: b[0] (input port clocked by clk)
Endpoint: sum[14] (output port clocked by clk)
Path Group: clk
Path Type: max

Fanout     Cap    Slew   Delay    Time   Description
-----------------------------------------------------------------------------
                  0.00    0.00    0.00   clock clk (rise edge)
                          0.00    0.00   clock network delay (ideal)
                          0.00    0.00 v input external delay
                  0.02    0.01    0.01 v b[0] (in)
     1    0.01                           b[0] (net)
                  0.02    0.00    0.01 v input17/A (sky130_fd_sc_hd__clkbuf_1)
                  0.05    0.10    0.11 v input17/X (sky130_fd_sc_hd__clkbuf_1)
     2    0.01                           net17 (net)
                  0.05    0.00    0.12 v _075_/A (sky130_fd_sc_hd__or2_1)
                  0.07    0.26    0.38 v _075_/X (sky130_fd_sc_hd__or2_1)
     2    0.01                           _034_ (net)
                  0.07    0.00    0.38 v _079_/A2 (sky130_fd_sc_hd__a21bo_1)
                  0.09    0.26    0.64 v _079_/X (sky130_fd_sc_hd__a21bo_1)
     3    0.02                           _037_ (net)
                  0.09    0.00    0.65 v _094_/A1 (sky130_fd_sc_hd__a31o_1)
                  0.10    0.26    0.91 v _094_/X (sky130_fd_sc_hd__a31o_1)
     3    0.02                           _050_ (net)
                  0.10    0.00    0.91 v _116_/A1 (sky130_fd_sc_hd__a21o_2)
                  0.09    0.28    1.19 v _116_/X (sky130_fd_sc_hd__a21o_2)
     3    0.03                           _068_ (net)
                  0.09    0.01    1.20 v _139_/A1 (sky130_fd_sc_hd__a21oi_4)
                  0.23    0.25    1.45 ^ _139_/Y (sky130_fd_sc_hd__a21oi_4)
     3    0.03                           _012_ (net)
                  0.23    0.01    1.46 ^ _152_/A1 (sky130_fd_sc_hd__o31ai_4)
                  0.10    0.13    1.59 v _152_/Y (sky130_fd_sc_hd__o31ai_4)
     3    0.01                           _023_ (net)
                  0.10    0.00    1.59 v _157_/A2 (sky130_fd_sc_hd__a21oi_1)
                  0.15    0.21    1.80 ^ _157_/Y (sky130_fd_sc_hd__a21oi_1)
     1    0.01                           _027_ (net)
                  0.15    0.00    1.80 ^ _158_/B (sky130_fd_sc_hd__xnor2_1)
                  0.19    0.17    1.97 ^ _158_/Y (sky130_fd_sc_hd__xnor2_1)
     1    0.01                           net40 (net)
                  0.19    0.00    1.98 ^ output40/A (sky130_fd_sc_hd__buf_2)
                  0.19    0.26    2.24 ^ output40/X (sky130_fd_sc_hd__buf_2)
     1    0.03                           sum[14] (net)
                  0.19    0.01    2.26 ^ sum[14] (out)
                                  2.26   data arrival time

                  0.00    4.50    4.50   clock clk (rise edge)
                          0.00    4.50   clock network delay (ideal)
                         -0.25    4.25   clock uncertainty
                          0.00    4.25   clock reconvergence pessimism
                          0.00    4.25   output external delay
                                  4.25   data required time
-----------------------------------------------------------------------------
                                  4.25   data required time
                                 -2.26   data arrival time
-----------------------------------------------------------------------------
                                  1.99   slack (MET)


Startpoint: b[1] (input port clocked by clk)
Endpoint: sum[13] (output port clocked by clk)
Path Group: clk
Path Type: max

Fanout     Cap    Slew   Delay    Time   Description
-----------------------------------------------------------------------------
                  0.00    0.00    0.00   clock clk (rise edge)
                          0.00    0.00   clock network delay (ideal)
                          0.00    0.00 v input external delay
                  0.01    0.01    0.01 v b[1] (in)
     1    0.01                           b[1] (net)
                  0.01    0.00    0.01 v input24/A (sky130_fd_sc_hd__dlymetal6s2s_1)
                  0.10    0.18    0.19 v input24/X (sky130_fd_sc_hd__dlymetal6s2s_1)
     3    0.02                           net24 (net)
                  0.10    0.01    0.20 v _081_/A (sky130_fd_sc_hd__and2_1)
                  0.06    0.19    0.39 v _081_/X (sky130_fd_sc_hd__and2_1)
     2    0.01                           _039_ (net)
                  0.06    0.00    0.39 v _082_/B (sky130_fd_sc_hd__nor2_2)
                  0.20    0.19    0.58 ^ _082_/Y (sky130_fd_sc_hd__nor2_2)
     3    0.02                           _040_ (net)
                  0.20    0.00    0.58 ^ _094_/A2 (sky130_fd_sc_hd__a31o_1)
                  0.19    0.29    0.87 ^ _094_/X (sky130_fd_sc_hd__a31o_1)
     3    0.02                           _050_ (net)
                  0.19    0.00    0.88 ^ _116_/A1 (sky130_fd_sc_hd__a21o_2)
                  0.15    0.25    1.13 ^ _116_/X (sky130_fd_sc_hd__a21o_2)
     3    0.03                           _068_ (net)
                  0.15    0.01    1.13 ^ _139_/A1 (sky130_fd_sc_hd__a21oi_4)
                  0.08    0.11    1.24 v _139_/Y (sky130_fd_sc_hd__a21oi_4)
     3    0.03                           _012_ (net)
                  0.08    0.01    1.25 v _152_/A1 (sky130_fd_sc_hd__o31ai_4)
                  0.27    0.34    1.59 ^ _152_/Y (sky130_fd_sc_hd__o31ai_4)
     3    0.02                           _023_ (net)
                  0.27    0.01    1.60 ^ _153_/B (sky130_fd_sc_hd__xor2_1)
                  0.24    0.28    1.88 ^ _153_/X (sky130_fd_sc_hd__xor2_1)
     1    0.01                           net39 (net)
                  0.24    0.01    1.88 ^ output39/A (sky130_fd_sc_hd__buf_2)
                  0.19    0.27    2.16 ^ output39/X (sky130_fd_sc_hd__buf_2)
     1    0.03                           sum[13] (net)
                  0.19    0.01    2.17 ^ sum[13] (out)
                                  2.17   data arrival time

                  0.00    4.50    4.50   clock clk (rise edge)
                          0.00    4.50   clock network delay (ideal)
                         -0.25    4.25   clock uncertainty
                          0.00    4.25   clock reconvergence pessimism
                          0.00    4.25   output external delay
                                  4.25   data required time
-----------------------------------------------------------------------------
                                  4.25   data required time
                                 -2.17   data arrival time
-----------------------------------------------------------------------------
                                  2.08   slack (MET)


