
===========================================================================
report_checks -path_delay max (Setup)
============================================================================
Startpoint: b[0] (input port clocked by clk)
Endpoint: sum[15] (output port clocked by clk)
Path Group: clk
Path Type: max

Fanout     Cap    Slew   Delay    Time   Description
-----------------------------------------------------------------------------
                  0.00    0.00    0.00   clock clk (rise edge)
                          0.00    0.00   clock network delay (ideal)
                          0.00    0.00 v input external delay
                  0.01    0.01    0.01 v b[0] (in)
     1    0.00                           b[0] (net)
                  0.01    0.00    0.01 v input17/A (sky130_fd_sc_hd__clkbuf_1)
                  0.04    0.09    0.10 v input17/X (sky130_fd_sc_hd__clkbuf_1)
     2    0.01                           net17 (net)
                  0.04    0.00    0.10 v _075_/A (sky130_fd_sc_hd__or2_1)
                  0.06    0.25    0.35 v _075_/X (sky130_fd_sc_hd__or2_1)
     2    0.01                           _034_ (net)
                  0.06    0.00    0.35 v _079_/A2 (sky130_fd_sc_hd__a21bo_1)
                  0.08    0.26    0.61 v _079_/X (sky130_fd_sc_hd__a21bo_1)
     3    0.02                           _037_ (net)
                  0.08    0.00    0.61 v _094_/A1 (sky130_fd_sc_hd__a31o_1)
                  0.09    0.25    0.87 v _094_/X (sky130_fd_sc_hd__a31o_1)
     3    0.02                           _050_ (net)
                  0.09    0.00    0.87 v _116_/A1 (sky130_fd_sc_hd__a21o_2)
                  0.08    0.27    1.14 v _116_/X (sky130_fd_sc_hd__a21o_2)
     3    0.03                           _068_ (net)
                  0.08    0.00    1.14 v _139_/A1 (sky130_fd_sc_hd__a21oi_4)
                  0.22    0.24    1.38 ^ _139_/Y (sky130_fd_sc_hd__a21oi_4)
     3    0.03                           _012_ (net)
                  0.22    0.00    1.38 ^ _152_/A1 (sky130_fd_sc_hd__o31ai_4)
                  0.09    0.12    1.50 v _152_/Y (sky130_fd_sc_hd__o31ai_4)
     3    0.01                           _023_ (net)
                  0.09    0.00    1.50 v _164_/A2 (sky130_fd_sc_hd__a31o_1)
                  0.08    0.28    1.78 v _164_/X (sky130_fd_sc_hd__a31o_1)
     2    0.01                           _033_ (net)
                  0.08    0.00    1.78 v _165_/B (sky130_fd_sc_hd__xnor2_2)
                  0.18    0.19    1.98 ^ _165_/Y (sky130_fd_sc_hd__xnor2_2)
     1    0.01                           net41 (net)
                  0.18    0.00    1.98 ^ output41/A (sky130_fd_sc_hd__buf_2)
                  0.17    0.25    2.23 ^ output41/X (sky130_fd_sc_hd__buf_2)
     1    0.03                           sum[15] (net)
                  0.17    0.00    2.23 ^ sum[15] (out)
                                  2.23   data arrival time

                  0.00    4.50    4.50   clock clk (rise edge)
                          0.00    4.50   clock network delay (ideal)
                         -0.25    4.25   clock uncertainty
                          0.00    4.25   clock reconvergence pessimism
                          0.00    4.25   output external delay
                                  4.25   data required time
-----------------------------------------------------------------------------
                                  4.25   data required time
                                 -2.23   data arrival time
-----------------------------------------------------------------------------
                                  2.02   slack (MET)


Startpoint: b[0] (input port clocked by clk)
Endpoint: cout (output port clocked by clk)
Path Group: clk
Path Type: max

Fanout     Cap    Slew   Delay    Time   Description
-----------------------------------------------------------------------------
                  0.00    0.00    0.00   clock clk (rise edge)
                          0.00    0.00   clock network delay (ideal)
                          0.00    0.00 v input external delay
                  0.01    0.01    0.01 v b[0] (in)
     1    0.00                           b[0] (net)
                  0.01    0.00    0.01 v input17/A (sky130_fd_sc_hd__clkbuf_1)
                  0.04    0.09    0.10 v input17/X (sky130_fd_sc_hd__clkbuf_1)
     2    0.01                           net17 (net)
                  0.04    0.00    0.10 v _075_/A (sky130_fd_sc_hd__or2_1)
                  0.06    0.25    0.35 v _075_/X (sky130_fd_sc_hd__or2_1)
     2    0.01                           _034_ (net)
                  0.06    0.00    0.35 v _079_/A2 (sky130_fd_sc_hd__a21bo_1)
                  0.08    0.26    0.61 v _079_/X (sky130_fd_sc_hd__a21bo_1)
     3    0.02                           _037_ (net)
                  0.08    0.00    0.61 v _094_/A1 (sky130_fd_sc_hd__a31o_1)
                  0.09    0.25    0.87 v _094_/X (sky130_fd_sc_hd__a31o_1)
     3    0.02                           _050_ (net)
                  0.09    0.00    0.87 v _116_/A1 (sky130_fd_sc_hd__a21o_2)
                  0.08    0.27    1.14 v _116_/X (sky130_fd_sc_hd__a21o_2)
     3    0.03                           _068_ (net)
                  0.08    0.00    1.14 v _139_/A1 (sky130_fd_sc_hd__a21oi_4)
                  0.22    0.24    1.38 ^ _139_/Y (sky130_fd_sc_hd__a21oi_4)
     3    0.03                           _012_ (net)
                  0.22    0.00    1.38 ^ _152_/A1 (sky130_fd_sc_hd__o31ai_4)
                  0.09    0.12    1.50 v _152_/Y (sky130_fd_sc_hd__o31ai_4)
     3    0.01                           _023_ (net)
                  0.09    0.00    1.50 v _164_/A2 (sky130_fd_sc_hd__a31o_1)
                  0.08    0.28    1.78 v _164_/X (sky130_fd_sc_hd__a31o_1)
     2    0.01                           _033_ (net)
                  0.08    0.00    1.78 v _166_/A2 (sky130_fd_sc_hd__a21o_1)
                  0.04    0.20    1.99 v _166_/X (sky130_fd_sc_hd__a21o_1)
     1    0.00                           net34 (net)
                  0.04    0.00    1.99 v output34/A (sky130_fd_sc_hd__buf_2)
                  0.09    0.19    2.17 v output34/X (sky130_fd_sc_hd__buf_2)
     1    0.03                           cout (net)
                  0.09    0.00    2.17 v cout (out)
                                  2.17   data arrival time

                  0.00    4.50    4.50   clock clk (rise edge)
                          0.00    4.50   clock network delay (ideal)
                         -0.25    4.25   clock uncertainty
                          0.00    4.25   clock reconvergence pessimism
                          0.00    4.25   output external delay
                                  4.25   data required time
-----------------------------------------------------------------------------
                                  4.25   data required time
                                 -2.17   data arrival time
-----------------------------------------------------------------------------
                                  2.08   slack (MET)


Startpoint: b[0] (input port clocked by clk)
Endpoint: sum[14] (output port clocked by clk)
Path Group: clk
Path Type: max

Fanout     Cap    Slew   Delay    Time   Description
-----------------------------------------------------------------------------
                  0.00    0.00    0.00   clock clk (rise edge)
                          0.00    0.00   clock network delay (ideal)
                          0.00    0.00 v input external delay
                  0.01    0.01    0.01 v b[0] (in)
     1    0.00                           b[0] (net)
                  0.01    0.00    0.01 v input17/A (sky130_fd_sc_hd__clkbuf_1)
                  0.04    0.09    0.10 v input17/X (sky130_fd_sc_hd__clkbuf_1)
     2    0.01                           net17 (net)
                  0.04    0.00    0.10 v _075_/A (sky130_fd_sc_hd__or2_1)
                  0.06    0.25    0.35 v _075_/X (sky130_fd_sc_hd__or2_1)
     2    0.01                           _034_ (net)
                  0.06    0.00    0.35 v _079_/A2 (sky130_fd_sc_hd__a21bo_1)
                  0.08    0.26    0.61 v _079_/X (sky130_fd_sc_hd__a21bo_1)
     3    0.02                           _037_ (net)
                  0.08    0.00    0.61 v _094_/A1 (sky130_fd_sc_hd__a31o_1)
                  0.09    0.25    0.87 v _094_/X (sky130_fd_sc_hd__a31o_1)
     3    0.02                           _050_ (net)
                  0.09    0.00    0.87 v _116_/A1 (sky130_fd_sc_hd__a21o_2)
                  0.08    0.27    1.14 v _116_/X (sky130_fd_sc_hd__a21o_2)
     3    0.03                           _068_ (net)
                  0.08    0.00    1.14 v _139_/A1 (sky130_fd_sc_hd__a21oi_4)
                  0.22    0.24    1.38 ^ _139_/Y (sky130_fd_sc_hd__a21oi_4)
     3    0.03                           _012_ (net)
                  0.22    0.00    1.38 ^ _152_/A1 (sky130_fd_sc_hd__o31ai_4)
                  0.09    0.12    1.50 v _152_/Y (sky130_fd_sc_hd__o31ai_4)
     3    0.01                           _023_ (net)
                  0.09    0.00    1.50 v _157_/A2 (sky130_fd_sc_hd__a21oi_1)
                  0.15    0.20    1.70 ^ _157_/Y (sky130_fd_sc_hd__a21oi_1)
     1    0.01                           _027_ (net)
                  0.15    0.00    1.70 ^ _158_/B (sky130_fd_sc_hd__xnor2_1)
                  0.16    0.16    1.86 ^ _158_/Y (sky130_fd_sc_hd__xnor2_1)
     1    0.01                           net40 (net)
                  0.16    0.00    1.86 ^ output40/A (sky130_fd_sc_hd__buf_2)
                  0.17    0.25    2.11 ^ output40/X (sky130_fd_sc_hd__buf_2)
     1    0.03                           sum[14] (net)
                  0.17    0.00    2.11 ^ sum[14] (out)
                                  2.11   data arrival time

                  0.00    4.50    4.50   clock clk (rise edge)
                          0.00    4.50   clock network delay (ideal)
                         -0.25    4.25   clock uncertainty
                          0.00    4.25   clock reconvergence pessimism
                          0.00    4.25   output external delay
                                  4.25   data required time
-----------------------------------------------------------------------------
                                  4.25   data required time
                                 -2.11   data arrival time
-----------------------------------------------------------------------------
                                  2.14   slack (MET)


Startpoint: b[0] (input port clocked by clk)
Endpoint: sum[10] (output port clocked by clk)
Path Group: clk
Path Type: max

Fanout     Cap    Slew   Delay    Time   Description
-----------------------------------------------------------------------------
                  0.00    0.00    0.00   clock clk (rise edge)
                          0.00    0.00   clock network delay (ideal)
                          0.00    0.00 v input external delay
                  0.01    0.01    0.01 v b[0] (in)
     1    0.00                           b[0] (net)
                  0.01    0.00    0.01 v input17/A (sky130_fd_sc_hd__clkbuf_1)
                  0.04    0.09    0.10 v input17/X (sky130_fd_sc_hd__clkbuf_1)
     2    0.01                           net17 (net)
                  0.04    0.00    0.10 v _075_/A (sky130_fd_sc_hd__or2_1)
                  0.06    0.25    0.35 v _075_/X (sky130_fd_sc_hd__or2_1)
     2    0.01                           _034_ (net)
                  0.06    0.00    0.35 v _079_/A2 (sky130_fd_sc_hd__a21bo_1)
                  0.08    0.26    0.61 v _079_/X (sky130_fd_sc_hd__a21bo_1)
     3    0.02                           _037_ (net)
                  0.08    0.00    0.61 v _094_/A1 (sky130_fd_sc_hd__a31o_1)
                  0.09    0.25    0.87 v _094_/X (sky130_fd_sc_hd__a31o_1)
     3    0.02                           _050_ (net)
                  0.09    0.00    0.87 v _116_/A1 (sky130_fd_sc_hd__a21o_2)
                  0.08    0.27    1.14 v _116_/X (sky130_fd_sc_hd__a21o_2)
     3    0.03                           _068_ (net)
                  0.09    0.00    1.14 v _124_/A1 (sky130_fd_sc_hd__a21oi_2)
                  0.17    0.21    1.35 ^ _124_/Y (sky130_fd_sc_hd__a21oi_2)
     2    0.01                           _000_ (net)
                  0.17    0.00    1.35 ^ _127_/A2 (sky130_fd_sc_hd__o21ba_1)
                  0.10    0.19    1.54 ^ _127_/X (sky130_fd_sc_hd__o21ba_1)
     2    0.01                           _002_ (net)
                  0.10    0.00    1.54 ^ _131_/A2 (sky130_fd_sc_hd__o21ai_1)
                  0.09    0.09    1.63 v _131_/Y (sky130_fd_sc_hd__o21ai_1)
     1    0.01                           _005_ (net)
                  0.09    0.00    1.64 v _132_/B (sky130_fd_sc_hd__xnor2_1)
                  0.18    0.20    1.84 ^ _132_/Y (sky130_fd_sc_hd__xnor2_1)
     1    0.01                           net36 (net)
                  0.18    0.00    1.84 ^ output36/A (sky130_fd_sc_hd__buf_2)
                  0.17    0.25    2.09 ^ output36/X (sky130_fd_sc_hd__buf_2)
     1    0.03                           sum[10] (net)
                  0.17    0.00    2.09 ^ sum[10] (out)
                                  2.09   data arrival time

                  0.00    4.50    4.50   clock clk (rise edge)
                          0.00    4.50   clock network delay (ideal)
                         -0.25    4.25   clock uncertainty
                          0.00    4.25   clock reconvergence pessimism
                          0.00    4.25   output external delay
                                  4.25   data required time
-----------------------------------------------------------------------------
                                  4.25   data required time
                                 -2.09   data arrival time
-----------------------------------------------------------------------------
                                  2.16   slack (MET)


Startpoint: b[0] (input port clocked by clk)
Endpoint: sum[9] (output port clocked by clk)
Path Group: clk
Path Type: max

Fanout     Cap    Slew   Delay    Time   Description
-----------------------------------------------------------------------------
                  0.00    0.00    0.00   clock clk (rise edge)
                          0.00    0.00   clock network delay (ideal)
                          0.00    0.00 v input external delay
                  0.01    0.01    0.01 v b[0] (in)
     1    0.00                           b[0] (net)
                  0.01    0.00    0.01 v input17/A (sky130_fd_sc_hd__clkbuf_1)
                  0.04    0.09    0.10 v input17/X (sky130_fd_sc_hd__clkbuf_1)
     2    0.01                           net17 (net)
                  0.04    0.00    0.10 v _075_/A (sky130_fd_sc_hd__or2_1)
                  0.06    0.25    0.35 v _075_/X (sky130_fd_sc_hd__or2_1)
     2    0.01                           _034_ (net)
                  0.06    0.00    0.35 v _079_/A2 (sky130_fd_sc_hd__a21bo_1)
                  0.08    0.26    0.61 v _079_/X (sky130_fd_sc_hd__a21bo_1)
     3    0.02                           _037_ (net)
                  0.08    0.00    0.61 v _094_/A1 (sky130_fd_sc_hd__a31o_1)
                  0.09    0.25    0.87 v _094_/X (sky130_fd_sc_hd__a31o_1)
     3    0.02                           _050_ (net)
                  0.09    0.00    0.87 v _116_/A1 (sky130_fd_sc_hd__a21o_2)
                  0.08    0.27    1.14 v _116_/X (sky130_fd_sc_hd__a21o_2)
     3    0.03                           _068_ (net)
                  0.09    0.00    1.14 v _124_/A1 (sky130_fd_sc_hd__a21oi_2)
                  0.17    0.21    1.35 ^ _124_/Y (sky130_fd_sc_hd__a21oi_2)
     2    0.01                           _000_ (net)
                  0.17    0.00    1.35 ^ _127_/A2 (sky130_fd_sc_hd__o21ba_1)
                  0.10    0.19    1.54 ^ _127_/X (sky130_fd_sc_hd__o21ba_1)
     2    0.01                           _002_ (net)
                  0.10    0.00    1.54 ^ _128_/B (sky130_fd_sc_hd__xor2_1)
                  0.19    0.22    1.76 ^ _128_/X (sky130_fd_sc_hd__xor2_1)
     1    0.01                           net50 (net)
                  0.19    0.00    1.76 ^ output50/A (sky130_fd_sc_hd__buf_2)
                  0.17    0.26    2.02 ^ output50/X (sky130_fd_sc_hd__buf_2)
     1    0.03                           sum[9] (net)
                  0.17    0.00    2.02 ^ sum[9] (out)
                                  2.02   data arrival time

                  0.00    4.50    4.50   clock clk (rise edge)
                          0.00    4.50   clock network delay (ideal)
                         -0.25    4.25   clock uncertainty
                          0.00    4.25   clock reconvergence pessimism
                          0.00    4.25   output external delay
                                  4.25   data required time
-----------------------------------------------------------------------------
                                  4.25   data required time
                                 -2.02   data arrival time
-----------------------------------------------------------------------------
                                  2.23   slack (MET)


