
===========================================================================
report_checks -unconstrained
============================================================================

======================= Slowest Corner ===================================

Startpoint: b[0] (input port clocked by clk)
Endpoint: sum[15] (output port clocked by clk)
Path Group: clk
Path Type: max
Corner: ss

Fanout     Cap    Slew   Delay    Time   Description
-----------------------------------------------------------------------------
                  0.00    0.00    0.00   clock clk (rise edge)
                          0.00    0.00   clock network delay (ideal)
                          0.00    0.00 v input external delay
                  0.02    0.01    0.01 v b[0] (in)
     1    0.00                           b[0] (net)
                  0.02    0.00    0.01 v input17/A (sky130_fd_sc_hd__clkbuf_1)
                  0.08    0.18    0.19 v input17/X (sky130_fd_sc_hd__clkbuf_1)
     2    0.01                           net17 (net)
                  0.08    0.00    0.19 v _075_/A (sky130_fd_sc_hd__or2_1)
                  0.13    0.57    0.76 v _075_/X (sky130_fd_sc_hd__or2_1)
     2    0.01                           _034_ (net)
                  0.13    0.00    0.76 v _079_/A2 (sky130_fd_sc_hd__a21bo_1)
                  0.16    0.48    1.24 v _079_/X (sky130_fd_sc_hd__a21bo_1)
     3    0.02                           _037_ (net)
                  0.16    0.00    1.24 v _094_/A1 (sky130_fd_sc_hd__a31o_1)
                  0.17    0.49    1.73 v _094_/X (sky130_fd_sc_hd__a31o_1)
     3    0.02                           _050_ (net)
                  0.17    0.00    1.73 v _116_/A1 (sky130_fd_sc_hd__a21o_2)
                  0.15    0.52    2.25 v _116_/X (sky130_fd_sc_hd__a21o_2)
     3    0.03                           _068_ (net)
                  0.15    0.00    2.25 v _139_/A1 (sky130_fd_sc_hd__a21oi_4)
                  0.34    0.40    2.65 ^ _139_/Y (sky130_fd_sc_hd__a21oi_4)
     3    0.03                           _012_ (net)
                  0.34    0.00    2.65 ^ _152_/A1 (sky130_fd_sc_hd__o31ai_4)
                  0.15    0.27    2.92 v _152_/Y (sky130_fd_sc_hd__o31ai_4)
     3    0.01                           _023_ (net)
                  0.15    0.00    2.92 v _164_/A2 (sky130_fd_sc_hd__a31o_1)
                  0.15    0.52    3.44 v _164_/X (sky130_fd_sc_hd__a31o_1)
     2    0.01                           _033_ (net)
                  0.15    0.00    3.44 v _165_/B (sky130_fd_sc_hd__xnor2_2)
                  0.28    0.32    3.76 ^ _165_/Y (sky130_fd_sc_hd__xnor2_2)
     1    0.01                           net41 (net)
                  0.28    0.00    3.76 ^ output41/A (sky130_fd_sc_hd__buf_2)
                  0.28    0.46    4.22 ^ output41/X (sky130_fd_sc_hd__buf_2)
     1    0.03                           sum[15] (net)
                  0.28    0.00    4.22 ^ sum[15] (out)
                                  4.22   data arrival time

                  0.00    4.50    4.50   clock clk (rise edge)
                          0.00    4.50   clock network delay (ideal)
                         -0.25    4.25   clock uncertainty
                          0.00    4.25   clock reconvergence pessimism
                          0.00    4.25   output external delay
                                  4.25   data required time
-----------------------------------------------------------------------------
                                  4.25   data required time
                                 -4.22   data arrival time
-----------------------------------------------------------------------------
                                  0.03   slack (MET)



======================= Typical Corner ===================================

Startpoint: b[0] (input port clocked by clk)
Endpoint: sum[15] (output port clocked by clk)
Path Group: clk
Path Type: max
Corner: tt

Fanout     Cap    Slew   Delay    Time   Description
-----------------------------------------------------------------------------
                  0.00    0.00    0.00   clock clk (rise edge)
                          0.00    0.00   clock network delay (ideal)
                          0.00    0.00 v input external delay
                  0.01    0.01    0.01 v b[0] (in)
     1    0.00                           b[0] (net)
                  0.01    0.00    0.01 v input17/A (sky130_fd_sc_hd__clkbuf_1)
                  0.04    0.09    0.10 v input17/X (sky130_fd_sc_hd__clkbuf_1)
     2    0.01                           net17 (net)
                  0.04    0.00    0.10 v _075_/A (sky130_fd_sc_hd__or2_1)
                  0.06    0.25    0.35 v _075_/X (sky130_fd_sc_hd__or2_1)
     2    0.01                           _034_ (net)
                  0.06    0.00    0.35 v _079_/A2 (sky130_fd_sc_hd__a21bo_1)
                  0.08    0.26    0.61 v _079_/X (sky130_fd_sc_hd__a21bo_1)
     3    0.02                           _037_ (net)
                  0.08    0.00    0.61 v _094_/A1 (sky130_fd_sc_hd__a31o_1)
                  0.09    0.25    0.87 v _094_/X (sky130_fd_sc_hd__a31o_1)
     3    0.02                           _050_ (net)
                  0.09    0.00    0.87 v _116_/A1 (sky130_fd_sc_hd__a21o_2)
                  0.08    0.27    1.14 v _116_/X (sky130_fd_sc_hd__a21o_2)
     3    0.03                           _068_ (net)
                  0.08    0.00    1.14 v _139_/A1 (sky130_fd_sc_hd__a21oi_4)
                  0.22    0.24    1.38 ^ _139_/Y (sky130_fd_sc_hd__a21oi_4)
     3    0.03                           _012_ (net)
                  0.22    0.00    1.38 ^ _152_/A1 (sky130_fd_sc_hd__o31ai_4)
                  0.09    0.12    1.50 v _152_/Y (sky130_fd_sc_hd__o31ai_4)
     3    0.01                           _023_ (net)
                  0.09    0.00    1.50 v _164_/A2 (sky130_fd_sc_hd__a31o_1)
                  0.08    0.28    1.78 v _164_/X (sky130_fd_sc_hd__a31o_1)
     2    0.01                           _033_ (net)
                  0.08    0.00    1.78 v _165_/B (sky130_fd_sc_hd__xnor2_2)
                  0.18    0.19    1.98 ^ _165_/Y (sky130_fd_sc_hd__xnor2_2)
     1    0.01                           net41 (net)
                  0.18    0.00    1.98 ^ output41/A (sky130_fd_sc_hd__buf_2)
                  0.17    0.25    2.23 ^ output41/X (sky130_fd_sc_hd__buf_2)
     1    0.03                           sum[15] (net)
                  0.17    0.00    2.23 ^ sum[15] (out)
                                  2.23   data arrival time

                  0.00    4.50    4.50   clock clk (rise edge)
                          0.00    4.50   clock network delay (ideal)
                         -0.25    4.25   clock uncertainty
                          0.00    4.25   clock reconvergence pessimism
                          0.00    4.25   output external delay
                                  4.25   data required time
-----------------------------------------------------------------------------
                                  4.25   data required time
                                 -2.23   data arrival time
-----------------------------------------------------------------------------
                                  2.02   slack (MET)



======================= Fastest Corner ===================================

Startpoint: b[0] (input port clocked by clk)
Endpoint: sum[15] (output port clocked by clk)
Path Group: clk
Path Type: max
Corner: ff

Fanout     Cap    Slew   Delay    Time   Description
-----------------------------------------------------------------------------
                  0.00    0.00    0.00   clock clk (rise edge)
                          0.00    0.00   clock network delay (ideal)
                          0.00    0.00 v input external delay
                  0.01    0.00    0.00 v b[0] (in)
     1    0.00                           b[0] (net)
                  0.01    0.00    0.00 v input17/A (sky130_fd_sc_hd__clkbuf_1)
                  0.03    0.06    0.07 v input17/X (sky130_fd_sc_hd__clkbuf_1)
     2    0.01                           net17 (net)
                  0.03    0.00    0.07 v _075_/A (sky130_fd_sc_hd__or2_1)
                  0.04    0.15    0.22 v _075_/X (sky130_fd_sc_hd__or2_1)
     2    0.01                           _034_ (net)
                  0.04    0.00    0.22 v _079_/A2 (sky130_fd_sc_hd__a21bo_1)
                  0.06    0.17    0.39 v _079_/X (sky130_fd_sc_hd__a21bo_1)
     3    0.02                           _037_ (net)
                  0.06    0.00    0.39 v _094_/A1 (sky130_fd_sc_hd__a31o_1)
                  0.07    0.17    0.55 v _094_/X (sky130_fd_sc_hd__a31o_1)
     3    0.02                           _050_ (net)
                  0.07    0.00    0.55 v _116_/A1 (sky130_fd_sc_hd__a21o_2)
                  0.06    0.18    0.73 v _116_/X (sky130_fd_sc_hd__a21o_2)
     3    0.03                           _068_ (net)
                  0.06    0.00    0.73 v _139_/A1 (sky130_fd_sc_hd__a21oi_4)
                  0.16    0.17    0.90 ^ _139_/Y (sky130_fd_sc_hd__a21oi_4)
     3    0.03                           _012_ (net)
                  0.16    0.00    0.90 ^ _152_/A1 (sky130_fd_sc_hd__o31ai_4)
                  0.06    0.07    0.96 v _152_/Y (sky130_fd_sc_hd__o31ai_4)
     3    0.01                           _023_ (net)
                  0.06    0.00    0.97 v _164_/A2 (sky130_fd_sc_hd__a31o_1)
                  0.06    0.18    1.15 v _164_/X (sky130_fd_sc_hd__a31o_1)
     2    0.01                           _033_ (net)
                  0.06    0.00    1.15 v _165_/B (sky130_fd_sc_hd__xnor2_2)
                  0.14    0.14    1.28 ^ _165_/Y (sky130_fd_sc_hd__xnor2_2)
     1    0.01                           net41 (net)
                  0.14    0.00    1.28 ^ output41/A (sky130_fd_sc_hd__buf_2)
                  0.13    0.17    1.45 ^ output41/X (sky130_fd_sc_hd__buf_2)
     1    0.03                           sum[15] (net)
                  0.13    0.00    1.46 ^ sum[15] (out)
                                  1.46   data arrival time

                  0.00    4.50    4.50   clock clk (rise edge)
                          0.00    4.50   clock network delay (ideal)
                         -0.25    4.25   clock uncertainty
                          0.00    4.25   clock reconvergence pessimism
                          0.00    4.25   output external delay
                                  4.25   data required time
-----------------------------------------------------------------------------
                                  4.25   data required time
                                 -1.46   data arrival time
-----------------------------------------------------------------------------
                                  2.79   slack (MET)



===========================================================================
report_checks --slack_max -0.01
============================================================================

======================= Slowest Corner ===================================

No paths found.

======================= Typical Corner ===================================

No paths found.

======================= Fastest Corner ===================================

No paths found.
