
===========================================================================
report_checks -path_delay max (Setup)
============================================================================
Startpoint: a[0] (input port clocked by clk)
Endpoint: sum[7] (output port clocked by clk)
Path Group: clk
Path Type: max

Fanout     Cap    Slew   Delay    Time   Description
-----------------------------------------------------------------------------
                  0.00    0.00    0.00   clock clk (rise edge)
                          0.00    0.00   clock network delay (ideal)
                          0.00    0.00 ^ input external delay
                  0.02    0.01    0.01 ^ a[0] (in)
     1    0.00                           a[0] (net)
                  0.02    0.00    0.01 ^ input1/A (sky130_fd_sc_hd__clkbuf_1)
                  0.13    0.14    0.15 ^ input1/X (sky130_fd_sc_hd__clkbuf_1)
     2    0.01                           net1 (net)
                  0.13    0.00    0.15 ^ _40_/B (sky130_fd_sc_hd__nand2_1)
                  0.06    0.09    0.24 v _40_/Y (sky130_fd_sc_hd__nand2_1)
     2    0.01                           _06_ (net)
                  0.06    0.00    0.24 v _41_/B1_N (sky130_fd_sc_hd__a21bo_1)
                  0.06    0.21    0.45 ^ _41_/X (sky130_fd_sc_hd__a21bo_1)
     2    0.01                           _07_ (net)
                  0.06    0.00    0.45 ^ _42_/B (sky130_fd_sc_hd__and2_1)
                  0.20    0.25    0.70 ^ _42_/X (sky130_fd_sc_hd__and2_1)
     4    0.02                           _08_ (net)
                  0.20    0.00    0.70 ^ _47_/B1 (sky130_fd_sc_hd__o221ai_4)
                  0.10    0.16    0.86 v _47_/Y (sky130_fd_sc_hd__o221ai_4)
     3    0.01                           _13_ (net)
                  0.10    0.00    0.86 v _59_/A2 (sky130_fd_sc_hd__a311o_1)
                  0.08    0.37    1.23 v _59_/X (sky130_fd_sc_hd__a311o_1)
     2    0.01                           _23_ (net)
                  0.08    0.00    1.23 v _65_/A2 (sky130_fd_sc_hd__a31o_1)
                  0.06    0.25    1.48 v _65_/X (sky130_fd_sc_hd__a31o_1)
     2    0.01                           _28_ (net)
                  0.06    0.00    1.48 v _66_/B (sky130_fd_sc_hd__xnor2_1)
                  0.20    0.21    1.69 ^ _66_/Y (sky130_fd_sc_hd__xnor2_1)
     1    0.01                           net26 (net)
                  0.20    0.00    1.69 ^ output26/A (sky130_fd_sc_hd__buf_2)
                  0.17    0.26    1.96 ^ output26/X (sky130_fd_sc_hd__buf_2)
     1    0.03                           sum[7] (net)
                  0.17    0.00    1.96 ^ sum[7] (out)
                                  1.96   data arrival time

                  0.00    3.50    3.50   clock clk (rise edge)
                          0.00    3.50   clock network delay (ideal)
                         -0.25    3.25   clock uncertainty
                          0.00    3.25   clock reconvergence pessimism
                          0.00    3.25   output external delay
                                  3.25   data required time
-----------------------------------------------------------------------------
                                  3.25   data required time
                                 -1.96   data arrival time
-----------------------------------------------------------------------------
                                  1.29   slack (MET)


Startpoint: a[0] (input port clocked by clk)
Endpoint: cout (output port clocked by clk)
Path Group: clk
Path Type: max

Fanout     Cap    Slew   Delay    Time   Description
-----------------------------------------------------------------------------
                  0.00    0.00    0.00   clock clk (rise edge)
                          0.00    0.00   clock network delay (ideal)
                          0.00    0.00 ^ input external delay
                  0.02    0.01    0.01 ^ a[0] (in)
     1    0.00                           a[0] (net)
                  0.02    0.00    0.01 ^ input1/A (sky130_fd_sc_hd__clkbuf_1)
                  0.13    0.14    0.15 ^ input1/X (sky130_fd_sc_hd__clkbuf_1)
     2    0.01                           net1 (net)
                  0.13    0.00    0.15 ^ _40_/B (sky130_fd_sc_hd__nand2_1)
                  0.06    0.09    0.24 v _40_/Y (sky130_fd_sc_hd__nand2_1)
     2    0.01                           _06_ (net)
                  0.06    0.00    0.24 v _41_/B1_N (sky130_fd_sc_hd__a21bo_1)
                  0.06    0.21    0.45 ^ _41_/X (sky130_fd_sc_hd__a21bo_1)
     2    0.01                           _07_ (net)
                  0.06    0.00    0.45 ^ _42_/B (sky130_fd_sc_hd__and2_1)
                  0.20    0.25    0.70 ^ _42_/X (sky130_fd_sc_hd__and2_1)
     4    0.02                           _08_ (net)
                  0.20    0.00    0.70 ^ _47_/B1 (sky130_fd_sc_hd__o221ai_4)
                  0.10    0.16    0.86 v _47_/Y (sky130_fd_sc_hd__o221ai_4)
     3    0.01                           _13_ (net)
                  0.10    0.00    0.86 v _59_/A2 (sky130_fd_sc_hd__a311o_1)
                  0.08    0.37    1.23 v _59_/X (sky130_fd_sc_hd__a311o_1)
     2    0.01                           _23_ (net)
                  0.08    0.00    1.23 v _65_/A2 (sky130_fd_sc_hd__a31o_1)
                  0.06    0.25    1.48 v _65_/X (sky130_fd_sc_hd__a31o_1)
     2    0.01                           _28_ (net)
                  0.06    0.00    1.48 v _67_/A2 (sky130_fd_sc_hd__o21ai_1)
                  0.15    0.16    1.64 ^ _67_/Y (sky130_fd_sc_hd__o21ai_1)
     1    0.01                           net18 (net)
                  0.15    0.00    1.64 ^ output18/A (sky130_fd_sc_hd__buf_2)
                  0.18    0.25    1.89 ^ output18/X (sky130_fd_sc_hd__buf_2)
     1    0.03                           cout (net)
                  0.18    0.00    1.89 ^ cout (out)
                                  1.89   data arrival time

                  0.00    3.50    3.50   clock clk (rise edge)
                          0.00    3.50   clock network delay (ideal)
                         -0.25    3.25   clock uncertainty
                          0.00    3.25   clock reconvergence pessimism
                          0.00    3.25   output external delay
                                  3.25   data required time
-----------------------------------------------------------------------------
                                  3.25   data required time
                                 -1.89   data arrival time
-----------------------------------------------------------------------------
                                  1.36   slack (MET)


Startpoint: b[0] (input port clocked by clk)
Endpoint: sum[6] (output port clocked by clk)
Path Group: clk
Path Type: max

Fanout     Cap    Slew   Delay    Time   Description
-----------------------------------------------------------------------------
                  0.00    0.00    0.00   clock clk (rise edge)
                          0.00    0.00   clock network delay (ideal)
                          0.00    0.00 v input external delay
                  0.01    0.01    0.01 v b[0] (in)
     1    0.00                           b[0] (net)
                  0.01    0.00    0.01 v input9/A (sky130_fd_sc_hd__clkbuf_1)
                  0.06    0.11    0.12 v input9/X (sky130_fd_sc_hd__clkbuf_1)
     2    0.01                           net9 (net)
                  0.06    0.00    0.12 v _39_/A (sky130_fd_sc_hd__or2_1)
                  0.07    0.26    0.38 v _39_/X (sky130_fd_sc_hd__or2_1)
     2    0.01                           _05_ (net)
                  0.07    0.00    0.38 v _41_/A2 (sky130_fd_sc_hd__a21bo_1)
                  0.05    0.22    0.60 v _41_/X (sky130_fd_sc_hd__a21bo_1)
     2    0.01                           _07_ (net)
                  0.05    0.00    0.60 v _42_/B (sky130_fd_sc_hd__and2_1)
                  0.10    0.23    0.83 v _42_/X (sky130_fd_sc_hd__and2_1)
     4    0.02                           _08_ (net)
                  0.10    0.00    0.83 v _47_/B1 (sky130_fd_sc_hd__o221ai_4)
                  0.20    0.22    1.04 ^ _47_/Y (sky130_fd_sc_hd__o221ai_4)
     3    0.01                           _13_ (net)
                  0.20    0.00    1.04 ^ _59_/A2 (sky130_fd_sc_hd__a311o_1)
                  0.10    0.24    1.29 ^ _59_/X (sky130_fd_sc_hd__a311o_1)
     2    0.01                           _23_ (net)
                  0.10    0.00    1.29 ^ _60_/B (sky130_fd_sc_hd__nand2_1)
                  0.06    0.08    1.37 v _60_/Y (sky130_fd_sc_hd__nand2_1)
     1    0.01                           _24_ (net)
                  0.06    0.00    1.37 v _61_/B (sky130_fd_sc_hd__xnor2_1)
                  0.13    0.15    1.53 ^ _61_/Y (sky130_fd_sc_hd__xnor2_1)
     1    0.00                           net25 (net)
                  0.13    0.00    1.53 ^ output25/A (sky130_fd_sc_hd__buf_2)
                  0.18    0.25    1.77 ^ output25/X (sky130_fd_sc_hd__buf_2)
     1    0.03                           sum[6] (net)
                  0.18    0.00    1.77 ^ sum[6] (out)
                                  1.77   data arrival time

                  0.00    3.50    3.50   clock clk (rise edge)
                          0.00    3.50   clock network delay (ideal)
                         -0.25    3.25   clock uncertainty
                          0.00    3.25   clock reconvergence pessimism
                          0.00    3.25   output external delay
                                  3.25   data required time
-----------------------------------------------------------------------------
                                  3.25   data required time
                                 -1.77   data arrival time
-----------------------------------------------------------------------------
                                  1.48   slack (MET)


Startpoint: b[0] (input port clocked by clk)
Endpoint: sum[5] (output port clocked by clk)
Path Group: clk
Path Type: max

Fanout     Cap    Slew   Delay    Time   Description
-----------------------------------------------------------------------------
                  0.00    0.00    0.00   clock clk (rise edge)
                          0.00    0.00   clock network delay (ideal)
                          0.00    0.00 v input external delay
                  0.01    0.01    0.01 v b[0] (in)
     1    0.00                           b[0] (net)
                  0.01    0.00    0.01 v input9/A (sky130_fd_sc_hd__clkbuf_1)
                  0.06    0.11    0.12 v input9/X (sky130_fd_sc_hd__clkbuf_1)
     2    0.01                           net9 (net)
                  0.06    0.00    0.12 v _39_/A (sky130_fd_sc_hd__or2_1)
                  0.07    0.26    0.38 v _39_/X (sky130_fd_sc_hd__or2_1)
     2    0.01                           _05_ (net)
                  0.07    0.00    0.38 v _41_/A2 (sky130_fd_sc_hd__a21bo_1)
                  0.05    0.22    0.60 v _41_/X (sky130_fd_sc_hd__a21bo_1)
     2    0.01                           _07_ (net)
                  0.05    0.00    0.60 v _42_/B (sky130_fd_sc_hd__and2_1)
                  0.10    0.23    0.83 v _42_/X (sky130_fd_sc_hd__and2_1)
     4    0.02                           _08_ (net)
                  0.10    0.00    0.83 v _47_/B1 (sky130_fd_sc_hd__o221ai_4)
                  0.20    0.22    1.04 ^ _47_/Y (sky130_fd_sc_hd__o221ai_4)
     3    0.01                           _13_ (net)
                  0.20    0.00    1.04 ^ _53_/A2 (sky130_fd_sc_hd__a31o_1)
                  0.08    0.20    1.25 ^ _53_/X (sky130_fd_sc_hd__a31o_1)
     1    0.01                           _18_ (net)
                  0.08    0.00    1.25 ^ _54_/B (sky130_fd_sc_hd__xnor2_1)
                  0.14    0.13    1.38 ^ _54_/Y (sky130_fd_sc_hd__xnor2_1)
     1    0.00                           net24 (net)
                  0.14    0.00    1.38 ^ output24/A (sky130_fd_sc_hd__buf_2)
                  0.17    0.24    1.62 ^ output24/X (sky130_fd_sc_hd__buf_2)
     1    0.03                           sum[5] (net)
                  0.17    0.00    1.62 ^ sum[5] (out)
                                  1.62   data arrival time

                  0.00    3.50    3.50   clock clk (rise edge)
                          0.00    3.50   clock network delay (ideal)
                         -0.25    3.25   clock uncertainty
                          0.00    3.25   clock reconvergence pessimism
                          0.00    3.25   output external delay
                                  3.25   data required time
-----------------------------------------------------------------------------
                                  3.25   data required time
                                 -1.62   data arrival time
-----------------------------------------------------------------------------
                                  1.63   slack (MET)


Startpoint: b[0] (input port clocked by clk)
Endpoint: sum[4] (output port clocked by clk)
Path Group: clk
Path Type: max

Fanout     Cap    Slew   Delay    Time   Description
-----------------------------------------------------------------------------
                  0.00    0.00    0.00   clock clk (rise edge)
                          0.00    0.00   clock network delay (ideal)
                          0.00    0.00 v input external delay
                  0.01    0.01    0.01 v b[0] (in)
     1    0.00                           b[0] (net)
                  0.01    0.00    0.01 v input9/A (sky130_fd_sc_hd__clkbuf_1)
                  0.06    0.11    0.12 v input9/X (sky130_fd_sc_hd__clkbuf_1)
     2    0.01                           net9 (net)
                  0.06    0.00    0.12 v _39_/A (sky130_fd_sc_hd__or2_1)
                  0.07    0.26    0.38 v _39_/X (sky130_fd_sc_hd__or2_1)
     2    0.01                           _05_ (net)
                  0.07    0.00    0.38 v _41_/A2 (sky130_fd_sc_hd__a21bo_1)
                  0.05    0.22    0.60 v _41_/X (sky130_fd_sc_hd__a21bo_1)
     2    0.01                           _07_ (net)
                  0.05    0.00    0.60 v _42_/B (sky130_fd_sc_hd__and2_1)
                  0.10    0.23    0.83 v _42_/X (sky130_fd_sc_hd__and2_1)
     4    0.02                           _08_ (net)
                  0.10    0.00    0.83 v _47_/B1 (sky130_fd_sc_hd__o221ai_4)
                  0.20    0.22    1.04 ^ _47_/Y (sky130_fd_sc_hd__o221ai_4)
     3    0.01                           _13_ (net)
                  0.20    0.00    1.04 ^ _48_/B (sky130_fd_sc_hd__nand2_1)
                  0.06    0.10    1.15 v _48_/Y (sky130_fd_sc_hd__nand2_1)
     1    0.01                           _14_ (net)
                  0.06    0.00    1.15 v _49_/B (sky130_fd_sc_hd__xnor2_1)
                  0.13    0.15    1.30 ^ _49_/Y (sky130_fd_sc_hd__xnor2_1)
     1    0.00                           net23 (net)
                  0.13    0.00    1.30 ^ output23/A (sky130_fd_sc_hd__buf_2)
                  0.17    0.24    1.54 ^ output23/X (sky130_fd_sc_hd__buf_2)
     1    0.03                           sum[4] (net)
                  0.17    0.00    1.54 ^ sum[4] (out)
                                  1.54   data arrival time

                  0.00    3.50    3.50   clock clk (rise edge)
                          0.00    3.50   clock network delay (ideal)
                         -0.25    3.25   clock uncertainty
                          0.00    3.25   clock reconvergence pessimism
                          0.00    3.25   output external delay
                                  3.25   data required time
-----------------------------------------------------------------------------
                                  3.25   data required time
                                 -1.54   data arrival time
-----------------------------------------------------------------------------
                                  1.71   slack (MET)


