
===========================================================================
report_checks -unconstrained
============================================================================
Startpoint: a[23] (input port clocked by clk)
Endpoint: sum[31] (output port clocked by clk)
Path Group: clk
Path Type: max

Fanout     Cap    Slew   Delay    Time   Description
-----------------------------------------------------------------------------
                  0.00    0.00    0.00   clock clk (rise edge)
                          0.00    0.00   clock network delay (ideal)
                          0.00    0.00 ^ input external delay
                  0.18    0.13    0.13 ^ a[23] (in)
     4    0.04                           a[23] (net)
                  0.18    0.00    0.13 ^ _332_/B (sky130_fd_sc_hd__xor2_2)
                  0.22    0.25    0.38 ^ _332_/X (sky130_fd_sc_hd__xor2_2)
     2    0.01                           _122_ (net)
                  0.22    0.00    0.38 ^ _350_/A (sky130_fd_sc_hd__nand2_2)
                  0.07    0.09    0.47 v _350_/Y (sky130_fd_sc_hd__nand2_2)
     3    0.01                           _138_ (net)
                  0.07    0.00    0.47 v _359_/C (sky130_fd_sc_hd__or3_2)
                  0.08    0.44    0.92 v _359_/X (sky130_fd_sc_hd__or3_2)
     2    0.00                           _146_ (net)
                  0.08    0.00    0.92 v _366_/B (sky130_fd_sc_hd__or2_2)
                  0.06    0.31    1.22 v _366_/X (sky130_fd_sc_hd__or2_2)
     2    0.01                           _152_ (net)
                  0.06    0.00    1.22 v _389_/B (sky130_fd_sc_hd__or3_2)
                  0.09    0.49    1.72 v _389_/X (sky130_fd_sc_hd__or3_2)
     2    0.01                           _172_ (net)
                  0.09    0.00    1.72 v _398_/A2 (sky130_fd_sc_hd__o21ba_2)
                  0.04    0.22    1.94 v _398_/X (sky130_fd_sc_hd__o21ba_2)
     1    0.00                           _180_ (net)
                  0.04    0.00    1.94 v _402_/A3 (sky130_fd_sc_hd__o32a_2)
                  0.09    0.40    2.34 v _402_/X (sky130_fd_sc_hd__o32a_2)
     2    0.02                           _184_ (net)
                  0.09    0.00    2.34 v _403_/B (sky130_fd_sc_hd__xnor2_2)
                  0.58    0.51    2.85 ^ _403_/Y (sky130_fd_sc_hd__xnor2_2)
     1    0.03                           sum[31] (net)
                  0.58    0.00    2.85 ^ sum[31] (out)
                                  2.85   data arrival time

                  0.00    5.50    5.50   clock clk (rise edge)
                          0.00    5.50   clock network delay (ideal)
                         -0.25    5.25   clock uncertainty
                          0.00    5.25   clock reconvergence pessimism
                          0.00    5.25   output external delay
                                  5.25   data required time
-----------------------------------------------------------------------------
                                  5.25   data required time
                                 -2.85   data arrival time
-----------------------------------------------------------------------------
                                  2.40   slack (MET)



===========================================================================
report_checks --slack_max -0.01
============================================================================
No paths found.
